Log file open, 03/08/22 16:24:34
LogWindows: Failed to load 'aqProf.dll' (GetLastError=126)
LogWindows: File 'aqProf.dll' does not exist
LogWindows: Failed to load 'VtuneApi.dll' (GetLastError=126)
LogWindows: File 'VtuneApi.dll' does not exist
LogWindows: Failed to load 'VtuneApi32e.dll' (GetLastError=126)
LogWindows: File 'VtuneApi32e.dll' does not exist
LogConsoleResponse: Display: Failed to find resolution value strings in scalability ini. Falling back to default.
LogConsoleResponse: Display: Failed to find resolution value strings in scalability ini. Falling back to default.
LogInit: Display: Running engine for game: ChattingClient
LogPlatformFile: Not using cached read wrapper
LogTaskGraph: Started task graph with 5 named threads and 35 total threads with 3 sets of task threads.
LogStats: Stats thread started at 0.473244
LogICUInternationalization: ICU TimeZone Detection - Raw Offset: +9:00, Platform Override: ''
LogInit: Display: Loading text-based GConfig....
LogPluginManager: Mounting plugin MeshPainting
LogPluginManager: Mounting plugin XGEController
LogPluginManager: Mounting plugin Paper2D
LogPluginManager: Mounting plugin LiveLink
LogPluginManager: Mounting plugin AISupport
LogPluginManager: Mounting plugin EnvironmentQueryEditor
LogPluginManager: Mounting plugin CameraShakePreviewer
LogPluginManager: Mounting plugin GameplayCameras
LogPluginManager: Mounting plugin LightPropagationVolume
LogPluginManager: Mounting plugin OodleData
LogPluginManager: Mounting plugin OodleNetwork
LogPluginManager: Mounting plugin CLionSourceCodeAccess
LogPluginManager: Mounting plugin AnimationSharing
LogPluginManager: Mounting plugin GitSourceControl
LogPluginManager: Mounting plugin NullSourceCodeAccess
LogPluginManager: Mounting plugin CodeLiteSourceCodeAccess
LogPluginManager: Mounting plugin KDevelopSourceCodeAccess
LogPluginManager: Mounting plugin PerforceSourceControl
LogPluginManager: Mounting plugin PixWinPlugin
LogPluginManager: Mounting plugin PlasticSourceControl
LogPluginManager: Mounting plugin PluginUtils
LogPluginManager: Mounting plugin PropertyAccessNode
LogPluginManager: Mounting plugin RiderSourceCodeAccess
LogPluginManager: Mounting plugin TextureFormatOodle
LogPluginManager: Mounting plugin SubversionSourceControl
LogPluginManager: Mounting plugin UObjectPlugin
LogPluginManager: Mounting plugin VisualStudioCodeSourceCodeAccess
LogPluginManager: Mounting plugin VisualStudioSourceCodeAccess
LogPluginManager: Mounting plugin DatasmithContent
LogPluginManager: Mounting plugin XCodeSourceCodeAccess
LogPluginManager: Mounting plugin VariantManagerContent
LogPluginManager: Mounting plugin Niagara
LogPluginManager: Mounting plugin LuminPlatformFeatures
LogPluginManager: Mounting plugin MagicLeap
LogPluginManager: Mounting plugin MagicLeapLightEstimation
LogPluginManager: Mounting plugin MagicLeapMedia
LogPluginManager: Mounting plugin MagicLeapPassableWorld
LogPluginManager: Mounting plugin MLSDK
LogPluginManager: Mounting plugin AndroidMedia
LogPluginManager: Mounting plugin AvfMedia
LogPluginManager: Mounting plugin ImgMedia
LogPluginManager: Mounting plugin MediaCompositing
LogPluginManager: Mounting plugin WmfMedia
LogPluginManager: Mounting plugin ActorSequence
LogPluginManager: Mounting plugin TcpMessaging
LogPluginManager: Mounting plugin LevelSequenceEditor
LogPluginManager: Mounting plugin MediaPlayerEditor
LogPluginManager: Mounting plugin MatineeToLevelSequence
LogPluginManager: Mounting plugin UdpMessaging
LogPluginManager: Mounting plugin TemplateSequence
LogPluginManager: Mounting plugin OnlineSubsystem
LogPluginManager: Mounting plugin WebMMedia
LogPluginManager: Mounting plugin OnlineSubsystemNull
LogPluginManager: Mounting plugin LauncherChunkInstaller
LogPluginManager: Mounting plugin OnlineSubsystemUtils
LogPluginManager: Mounting plugin ActorLayerUtilities
LogPluginManager: Mounting plugin AndroidMoviePlayer
LogPluginManager: Mounting plugin AndroidDeviceProfileSelector
LogPluginManager: Mounting plugin AndroidPermission
LogPluginManager: Mounting plugin AppleImageUtils
LogPluginManager: Mounting plugin AppleMoviePlayer
LogPluginManager: Mounting plugin ArchVisCharacter
LogPluginManager: Mounting plugin AssetTags
LogPluginManager: Mounting plugin AudioCapture
LogPluginManager: Mounting plugin AudioSynesthesia
LogPluginManager: Mounting plugin CableComponent
LogPluginManager: Mounting plugin ChunkDownloader
LogPluginManager: Mounting plugin CustomMeshComponent
LogPluginManager: Mounting plugin EditableMesh
LogPluginManager: Mounting plugin ExampleDeviceProfileSelector
LogPluginManager: Mounting plugin GoogleCloudMessaging
LogPluginManager: Mounting plugin GooglePAD
LogPluginManager: Mounting plugin IOSDeviceProfileSelector
LogPluginManager: Mounting plugin LinuxDeviceProfileSelector
LogPluginManager: Mounting plugin LocationServicesBPLibrary
LogPluginManager: Mounting plugin MobilePatchingUtils
LogPluginManager: Mounting plugin ScreenshotTools
LogPluginManager: Mounting plugin OpenXR
LogPluginManager: Mounting plugin OpenXREyeTracker
LogPluginManager: Mounting plugin OpenXRHandTracking
LogPluginManager: Mounting plugin PhysXVehicles
LogPluginManager: Mounting plugin PostSplashScreen
LogPluginManager: Mounting plugin ProceduralMeshComponent
LogPluginManager: Mounting plugin PropertyAccessEditor
LogPluginManager: Mounting plugin RuntimePhysXCooking
LogPluginManager: Mounting plugin SignificanceManager
LogPluginManager: Mounting plugin SoundFields
LogPluginManager: Mounting plugin Takes
LogPluginManager: Mounting plugin Synthesis
LogPluginManager: Mounting plugin WebMMoviePlayer
LogPluginManager: Mounting plugin WindowsMoviePlayer
LogPluginManager: Mounting plugin AssetManagerEditor
LogPluginManager: Mounting plugin CryptoKeys
LogPluginManager: Mounting plugin CurveEditorTools
LogPluginManager: Mounting plugin DataValidation
LogPluginManager: Mounting plugin FacialAnimation
LogPluginManager: Mounting plugin GameplayTagsEditor
LogPluginManager: Mounting plugin MacGraphicsSwitching
LogPluginManager: Mounting plugin MaterialAnalyzer
LogPluginManager: Mounting plugin PluginBrowser
LogPluginManager: Mounting plugin SpeedTreeImporter
LogPluginManager: Mounting plugin GeometryMode
LogPluginManager: Mounting plugin MobileLauncherProfileWizard
LogPluginManager: Mounting plugin AutomationUtils
LogPluginManager: Mounting plugin BackChannel
LogPluginManager: Mounting plugin ChaosCloth
LogPluginManager: Mounting plugin ChaosClothEditor
LogPluginManager: Mounting plugin ChaosEditor
LogPluginManager: Mounting plugin ChaosNiagara
LogPluginManager: Mounting plugin ChaosSolverPlugin
LogPluginManager: Mounting plugin AlembicImporter
LogPluginManager: Mounting plugin CharacterAI
LogPluginManager: Mounting plugin GeometryCollectionPlugin
LogPluginManager: Mounting plugin GeometryProcessing
LogPluginManager: Mounting plugin GeometryCache
LogPluginManager: Mounting plugin MotoSynth
LogPluginManager: Mounting plugin OpenImageDenoise
LogPluginManager: Mounting plugin PlanarCut
LogPluginManager: Mounting plugin PlatformCrypto
LogPluginManager: Mounting plugin ProxyLODPlugin
LogPluginManager: Mounting plugin PythonScriptPlugin
LogPluginManager: Mounting plugin SkeletalReduction
LogPluginManager: Mounting plugin OnlineSubsystemGooglePlay
LogPluginManager: Mounting plugin OnlineSubsystemIOS
LogPluginManager: Mounting plugin OculusVR
LogPluginManager: Mounting plugin SteamVR
LogPluginManager: Mounting plugin ContentBrowserAssetDataSource
LogPluginManager: Mounting plugin ContentBrowserFileDataSource
LogPluginManager: Mounting plugin ContentBrowserClassDataSource
PixWinPlugin: PIX capture plugin failed to initialize! Check that the process is launched from PIX.
LogInit: Using libcurl 7.55.1-DEV
LogInit:  - built for x86_64-pc-win32
LogInit:  - supports SSL with OpenSSL/1.1.1
LogInit:  - supports HTTP deflate (compression) using libz 1.2.8
LogInit:  - other features:
LogInit:      CURL_VERSION_SSL
LogInit:      CURL_VERSION_LIBZ
LogInit:      CURL_VERSION_IPV6
LogInit:      CURL_VERSION_ASYNCHDNS
LogInit:      CURL_VERSION_LARGEFILE
LogInit:      CURL_VERSION_IDN
LogInit:  CurlRequestOptions (configurable via config and command line):
LogInit:  - bVerifyPeer = true  - Libcurl will verify peer certificate
LogInit:  - bUseHttpProxy = false  - Libcurl will NOT use HTTP proxy
LogInit:  - bDontReuseConnections = false  - Libcurl will reuse connections
LogInit:  - MaxHostConnections = 16  - Libcurl will limit the number of connections to a host
LogInit:  - LocalHostAddr = Default
LogInit:  - BufferSize = 65536
LogOnline: OSS: Creating online subsystem instance for: NULL
LogInit: WinSock: version 1.1 (2.2), MaxSocks=32767, MaxUdp=65467
LogOnline: OSS: TryLoadSubsystemAndSetDefault: Loaded subsystem for module [NULL]
LogOculusPluginWrapper: OculusPlugin initialized successfully
LogHMD: Failed initializing OVRPlugin 1.59.0
LogInit: Build: ++UE4+Release-4.27-CL-18319896
LogInit: Engine Version: 4.27.2-18319896+++UE4+Release-4.27
LogInit: Compatible Engine Version: 4.27.0-17155196+++UE4+Release-4.27
LogInit: Net CL: 17155196
LogInit: OS: Windows 10 (Release 2009) (), CPU: Intel(R) Core(TM) i7-9750HF CPU @ 2.60GHz, GPU: NVIDIA GeForce GTX 1660 Ti
LogInit: Compiled (64-bit): Nov 30 2021 07:12:08
LogInit: Compiled with Visual C++: 19.24.28315.00
LogInit: Build Configuration: Development
LogInit: Branch Name: ++UE4+Release-4.27
LogInit: Command Line:  -skipcompile
LogInit: Base Directory: C:/EpicGames/UE_4.27/Engine/Binaries/Win64/
LogInit: Allocator: TBB
LogInit: Installed Engine Build: 1
LogDevObjectVersion: Number of dev versions registered: 29
LogDevObjectVersion:   Dev-Blueprints (B0D832E4-1F89-4F0D-ACCF-7EB736FD4AA2): 10
LogDevObjectVersion:   Dev-Build (E1C64328-A22C-4D53-A36C-8E866417BD8C): 0
LogDevObjectVersion:   Dev-Core (375EC13C-06E4-48FB-B500-84F0262A717E): 4
LogDevObjectVersion:   Dev-Editor (E4B068ED-F494-42E9-A231-DA0B2E46BB41): 40
LogDevObjectVersion:   Dev-Framework (CFFC743F-43B0-4480-9391-14DF171D2073): 37
LogDevObjectVersion:   Dev-Mobile (B02B49B5-BB20-44E9-A304-32B752E40360): 3
LogDevObjectVersion:   Dev-Networking (A4E4105C-59A1-49B5-A7C5-40C4547EDFEE): 0
LogDevObjectVersion:   Dev-Online (39C831C9-5AE6-47DC-9A44-9C173E1C8E7C): 0
LogDevObjectVersion:   Dev-Physics (78F01B33-EBEA-4F98-B9B4-84EACCB95AA2): 14
LogDevObjectVersion:   Dev-Platform (6631380F-2D4D-43E0-8009-CF276956A95A): 0
LogDevObjectVersion:   Dev-Rendering (12F88B9F-8875-4AFC-A67C-D90C383ABD29): 45
LogDevObjectVersion:   Dev-Sequencer (7B5AE74C-D270-4C10-A958-57980B212A5A): 13
LogDevObjectVersion:   Dev-VR (D7296918-1DD6-4BDD-9DE2-64A83CC13884): 3
LogDevObjectVersion:   Dev-LoadTimes (C2A15278-BFE7-4AFE-6C17-90FF531DF755): 1
LogDevObjectVersion:   Private-Geometry (6EACA3D4-40EC-4CC1-B786-8BED09428FC5): 3
LogDevObjectVersion:   Dev-AnimPhys (29E575DD-E0A3-4627-9D10-D276232CDCEA): 17
LogDevObjectVersion:   Dev-Anim (AF43A65D-7FD3-4947-9873-3E8ED9C1BB05): 15
LogDevObjectVersion:   Dev-ReflectionCapture (6B266CEC-1EC7-4B8F-A30B-E4D90942FC07): 1
LogDevObjectVersion:   Dev-Automation (0DF73D61-A23F-47EA-B727-89E90C41499A): 1
LogDevObjectVersion:   FortniteMain (601D1886-AC64-4F84-AA16-D3DE0DEAC7D6): 47
LogDevObjectVersion:   FortniteRelease (E7086368-6B23-4C58-8439-1B7016265E91): 1
LogDevObjectVersion:   Dev-Enterprise (9DFFBCD6-494F-0158-E221-12823C92A888): 10
LogDevObjectVersion:   Dev-Niagara (F2AED0AC-9AFE-416F-8664-AA7FFA26D6FC): 1
LogDevObjectVersion:   Dev-Destruction (174F1F0B-B4C6-45A5-B13F-2EE8D0FB917D): 10
LogDevObjectVersion:   Dev-Physics-Ext (35F94A83-E258-406C-A318-09F59610247C): 41
LogDevObjectVersion:   Dev-PhysicsMaterial-Chaos (B68FC16E-8B1B-42E2-B453-215C058844FE): 1
LogDevObjectVersion:   Dev-CineCamera (B2E18506-4273-CFC2-A54E-F4BB758BBA07): 1
LogDevObjectVersion:   Dev-VirtualProduction (64F58936-FD1B-42BA-BA96-7289D5D0FA4E): 1
LogDevObjectVersion:   Dev-MediaFramework (6F0ED827-A609-4895-9C91-998D90180EA4): 2
LogInit: Presizing for max 25165824 objects, including 0 objects not considered by GC, pre-allocating 0 bytes for permanent pool.
LogConfig: Applying CVar settings from Section [/Script/Engine.StreamingSettings] File [C:/EpicGames/ChattingClient/ChattingClient/Saved/Config/Windows/Engine.ini]
LogConfig: Setting CVar [[s.MinBulkDataSizeForAsyncLoading:131072]]
LogConfig: Setting CVar [[s.AsyncLoadingThreadEnabled:0]]
LogConfig: Setting CVar [[s.EventDrivenLoaderEnabled:1]]
LogConfig: Setting CVar [[s.WarnIfTimeLimitExceeded:0]]
LogConfig: Setting CVar [[s.TimeLimitExceededMultiplier:1.5]]
LogConfig: Setting CVar [[s.TimeLimitExceededMinTime:0.005]]
LogConfig: Setting CVar [[s.UseBackgroundLevelStreaming:1]]
LogConfig: Setting CVar [[s.PriorityAsyncLoadingExtraTime:15.0]]
LogConfig: Setting CVar [[s.LevelStreamingActorsUpdateTimeLimit:5.0]]
LogConfig: Setting CVar [[s.PriorityLevelStreamingActorsUpdateExtraTime:5.0]]
LogConfig: Setting CVar [[s.LevelStreamingComponentsRegistrationGranularity:10]]
LogConfig: Setting CVar [[s.UnregisterComponentsTimeLimit:1.0]]
LogConfig: Setting CVar [[s.LevelStreamingComponentsUnregistrationGranularity:5]]
LogConfig: Setting CVar [[s.FlushStreamingOnExit:1]]
LogInit: Object subsystem initialized
LogConfig: Setting CVar [[con.DebugEarlyDefault:1]]
LogConfig: Setting CVar [[r.setres:1280x720]]
[2022.03.08-07.24.35:837][  0]LogConfig: Setting CVar [[r.VSync:0]]
[2022.03.08-07.24.35:837][  0]LogConfig: Setting CVar [[r.RHICmdBypass:0]]
[2022.03.08-07.24.35:837][  0]LogConfig: Applying CVar settings from Section [/Script/Engine.RendererSettings] File [C:/EpicGames/ChattingClient/ChattingClient/Saved/Config/Windows/Engine.ini]
[2022.03.08-07.24.35:837][  0]LogConfig: Setting CVar [[r.GPUCrashDebugging:0]]
[2022.03.08-07.24.35:838][  0]LogConfig: Applying CVar settings from Section [/Script/Engine.RendererOverrideSettings] File [C:/EpicGames/ChattingClient/ChattingClient/Saved/Config/Windows/Engine.ini]
[2022.03.08-07.24.35:838][  0]LogConfig: Applying CVar settings from Section [/Script/Engine.StreamingSettings] File [C:/EpicGames/ChattingClient/ChattingClient/Saved/Config/Windows/Engine.ini]
[2022.03.08-07.24.35:838][  0]LogConfig: Setting CVar [[s.MinBulkDataSizeForAsyncLoading:131072]]
[2022.03.08-07.24.35:838][  0]LogConfig: Setting CVar [[s.AsyncLoadingThreadEnabled:0]]
[2022.03.08-07.24.35:838][  0]LogConfig: Setting CVar [[s.EventDrivenLoaderEnabled:1]]
[2022.03.08-07.24.35:838][  0]LogConfig: Setting CVar [[s.WarnIfTimeLimitExceeded:0]]
[2022.03.08-07.24.35:838][  0]LogConfig: Setting CVar [[s.TimeLimitExceededMultiplier:1.5]]
[2022.03.08-07.24.35:838][  0]LogConfig: Setting CVar [[s.TimeLimitExceededMinTime:0.005]]
[2022.03.08-07.24.35:838][  0]LogConfig: Setting CVar [[s.UseBackgroundLevelStreaming:1]]
[2022.03.08-07.24.35:838][  0]LogConfig: Setting CVar [[s.PriorityAsyncLoadingExtraTime:15.0]]
[2022.03.08-07.24.35:838][  0]LogConfig: Setting CVar [[s.LevelStreamingActorsUpdateTimeLimit:5.0]]
[2022.03.08-07.24.35:838][  0]LogConfig: Setting CVar [[s.PriorityLevelStreamingActorsUpdateExtraTime:5.0]]
[2022.03.08-07.24.35:838][  0]LogConfig: Setting CVar [[s.LevelStreamingComponentsRegistrationGranularity:10]]
[2022.03.08-07.24.35:839][  0]LogConfig: Setting CVar [[s.UnregisterComponentsTimeLimit:1.0]]
[2022.03.08-07.24.35:839][  0]LogConfig: Setting CVar [[s.LevelStreamingComponentsUnregistrationGranularity:5]]
[2022.03.08-07.24.35:839][  0]LogConfig: Setting CVar [[s.FlushStreamingOnExit:1]]
[2022.03.08-07.24.35:839][  0]LogConfig: Applying CVar settings from Section [/Script/Engine.GarbageCollectionSettings] File [C:/EpicGames/ChattingClient/ChattingClient/Saved/Config/Windows/Engine.ini]
[2022.03.08-07.24.35:839][  0]LogConfig: Setting CVar [[gc.MaxObjectsNotConsideredByGC:1]]
[2022.03.08-07.24.35:839][  0]LogConfig: Setting CVar [[gc.SizeOfPermanentObjectPool:0]]
[2022.03.08-07.24.35:839][  0]LogConfig: Setting CVar [[gc.FlushStreamingOnGC:0]]
[2022.03.08-07.24.35:839][  0]LogConfig: Setting CVar [[gc.NumRetriesBeforeForcingGC:10]]
[2022.03.08-07.24.35:839][  0]LogConfig: Setting CVar [[gc.AllowParallelGC:1]]
[2022.03.08-07.24.35:839][  0]LogConfig: Setting CVar [[gc.TimeBetweenPurgingPendingKillObjects:61.1]]
[2022.03.08-07.24.35:839][  0]LogConfig: Setting CVar [[gc.MaxObjectsInEditor:25165824]]
[2022.03.08-07.24.35:839][  0]LogConfig: Setting CVar [[gc.IncrementalBeginDestroyEnabled:1]]
[2022.03.08-07.24.35:839][  0]LogConfig: Setting CVar [[gc.CreateGCClusters:1]]
[2022.03.08-07.24.35:839][  0]LogConfig: Setting CVar [[gc.MinGCClusterSize:5]]
[2022.03.08-07.24.35:839][  0]LogConfig: Setting CVar [[gc.ActorClusteringEnabled:0]]
[2022.03.08-07.24.35:839][  0]LogConfig: Setting CVar [[gc.BlueprintClusteringEnabled:0]]
[2022.03.08-07.24.35:839][  0]LogConfig: Setting CVar [[gc.UseDisregardForGCOnDedicatedServers:0]]
[2022.03.08-07.24.35:839][  0]LogConfig: Setting CVar [[gc.MultithreadedDestructionEnabled:1]]
[2022.03.08-07.24.35:840][  0]LogConfig: Applying CVar settings from Section [/Script/Engine.NetworkSettings] File [C:/EpicGames/ChattingClient/ChattingClient/Saved/Config/Windows/Engine.ini]
[2022.03.08-07.24.35:840][  0]LogConfig: Applying CVar settings from Section [/Script/UnrealEd.CookerSettings] File [C:/EpicGames/ChattingClient/ChattingClient/Saved/Config/Windows/Engine.ini]
[2022.03.08-07.24.35:864][  0]LogConfig: Applying CVar settings from Section [ViewDistanceQuality@3] File [C:/EpicGames/ChattingClient/ChattingClient/Saved/Config/Windows/Scalability.ini]
[2022.03.08-07.24.35:864][  0]LogConfig: Setting CVar [[r.SkeletalMeshLODBias:0]]
[2022.03.08-07.24.35:864][  0]LogConfig: Setting CVar [[r.ViewDistanceScale:1.0]]
[2022.03.08-07.24.35:864][  0]LogConfig: Applying CVar settings from Section [AntiAliasingQuality@3] File [C:/EpicGames/ChattingClient/ChattingClient/Saved/Config/Windows/Scalability.ini]
[2022.03.08-07.24.35:864][  0]LogConfig: Setting CVar [[r.PostProcessAAQuality:4]]
[2022.03.08-07.24.35:864][  0]LogConfig: Applying CVar settings from Section [ShadowQuality@3] File [C:/EpicGames/ChattingClient/ChattingClient/Saved/Config/Windows/Scalability.ini]
[2022.03.08-07.24.35:864][  0]LogConfig: Setting CVar [[r.LightFunctionQuality:1]]
[2022.03.08-07.24.35:865][  0]LogConfig: Setting CVar [[r.ShadowQuality:5]]
[2022.03.08-07.24.35:865][  0]LogConfig: Setting CVar [[r.Shadow.CSM.MaxCascades:10]]
[2022.03.08-07.24.35:865][  0]LogConfig: Setting CVar [[r.Shadow.MaxResolution:2048]]
[2022.03.08-07.24.35:865][  0]LogConfig: Setting CVar [[r.Shadow.MaxCSMResolution:2048]]
[2022.03.08-07.24.35:865][  0]LogConfig: Setting CVar [[r.Shadow.RadiusThreshold:0.01]]
[2022.03.08-07.24.35:865][  0]LogConfig: Setting CVar [[r.Shadow.DistanceScale:1.0]]
[2022.03.08-07.24.35:865][  0]LogConfig: Setting CVar [[r.Shadow.CSM.TransitionScale:1.0]]
[2022.03.08-07.24.35:865][  0]LogConfig: Setting CVar [[r.Shadow.PreShadowResolutionFactor:1.0]]
[2022.03.08-07.24.35:865][  0]LogConfig: Setting CVar [[r.DistanceFieldShadowing:1]]
[2022.03.08-07.24.35:865][  0]LogConfig: Setting CVar [[r.DistanceFieldAO:1]]
[2022.03.08-07.24.35:865][  0]LogConfig: Setting CVar [[r.AOQuality:2]]
[2022.03.08-07.24.35:865][  0]LogConfig: Setting CVar [[r.VolumetricFog:1]]
[2022.03.08-07.24.35:865][  0]LogConfig: Setting CVar [[r.VolumetricFog.GridPixelSize:8]]
[2022.03.08-07.24.35:865][  0]LogConfig: Setting CVar [[r.VolumetricFog.GridSizeZ:128]]
[2022.03.08-07.24.35:865][  0]LogConfig: Setting CVar [[r.VolumetricFog.HistoryMissSupersampleCount:4]]
[2022.03.08-07.24.35:865][  0]LogConfig: Setting CVar [[r.LightMaxDrawDistanceScale:1]]
[2022.03.08-07.24.35:865][  0]LogConfig: Setting CVar [[r.CapsuleShadows:1]]
[2022.03.08-07.24.35:865][  0]LogConfig: Applying CVar settings from Section [PostProcessQuality@3] File [C:/EpicGames/ChattingClient/ChattingClient/Saved/Config/Windows/Scalability.ini]
[2022.03.08-07.24.35:866][  0]LogConfig: Setting CVar [[r.MotionBlurQuality:4]]
[2022.03.08-07.24.35:866][  0]LogConfig: Setting CVar [[r.AmbientOcclusionMipLevelFactor:0.4]]
[2022.03.08-07.24.35:866][  0]LogConfig: Setting CVar [[r.AmbientOcclusionMaxQuality:100]]
[2022.03.08-07.24.35:866][  0]LogConfig: Setting CVar [[r.AmbientOcclusionLevels:-1]]
[2022.03.08-07.24.35:866][  0]LogConfig: Setting CVar [[r.AmbientOcclusionRadiusScale:1.0]]
[2022.03.08-07.24.35:866][  0]LogConfig: Setting CVar [[r.DepthOfFieldQuality:2]]
[2022.03.08-07.24.35:866][  0]LogConfig: Setting CVar [[r.RenderTargetPoolMin:400]]
[2022.03.08-07.24.35:866][  0]LogConfig: Setting CVar [[r.LensFlareQuality:2]]
[2022.03.08-07.24.35:866][  0]LogConfig: Setting CVar [[r.SceneColorFringeQuality:1]]
[2022.03.08-07.24.35:866][  0]LogConfig: Setting CVar [[r.EyeAdaptationQuality:2]]
[2022.03.08-07.24.35:866][  0]LogConfig: Setting CVar [[r.BloomQuality:5]]
[2022.03.08-07.24.35:866][  0]LogConfig: Setting CVar [[r.FastBlurThreshold:100]]
[2022.03.08-07.24.35:866][  0]LogConfig: Setting CVar [[r.Upscale.Quality:3]]
[2022.03.08-07.24.35:866][  0]LogConfig: Setting CVar [[r.Tonemapper.GrainQuantization:1]]
[2022.03.08-07.24.35:866][  0]LogConfig: Setting CVar [[r.LightShaftQuality:1]]
[2022.03.08-07.24.35:866][  0]LogConfig: Setting CVar [[r.Filter.SizeScale:1]]
[2022.03.08-07.24.35:866][  0]LogConfig: Setting CVar [[r.Tonemapper.Quality:5]]
[2022.03.08-07.24.35:867][  0]LogConfig: Setting CVar [[r.DOF.Gather.AccumulatorQuality:1        ; higher gathering accumulator quality]]
[2022.03.08-07.24.35:867][  0]LogConfig: Setting CVar [[r.DOF.Gather.PostfilterMethod:1          ; Median3x3 postfilering method]]
[2022.03.08-07.24.35:867][  0]LogConfig: Setting CVar [[r.DOF.Gather.EnableBokehSettings:0       ; no bokeh simulation when gathering]]
[2022.03.08-07.24.35:867][  0]LogConfig: Setting CVar [[r.DOF.Gather.RingCount:4                 ; medium number of samples when gathering]]
[2022.03.08-07.24.35:867][  0]LogConfig: Setting CVar [[r.DOF.Scatter.ForegroundCompositing:1    ; additive foreground scattering]]
[2022.03.08-07.24.35:867][  0]LogConfig: Setting CVar [[r.DOF.Scatter.BackgroundCompositing:2    ; additive background scattering]]
[2022.03.08-07.24.35:867][  0]LogConfig: Setting CVar [[r.DOF.Scatter.EnableBokehSettings:1      ; bokeh simulation when scattering]]
[2022.03.08-07.24.35:867][  0]LogConfig: Setting CVar [[r.DOF.Scatter.MaxSpriteRatio:0.1         ; only a maximum of 10% of scattered bokeh]]
[2022.03.08-07.24.35:867][  0]LogConfig: Setting CVar [[r.DOF.Recombine.Quality:1                ; cheap slight out of focus]]
[2022.03.08-07.24.35:867][  0]LogConfig: Setting CVar [[r.DOF.Recombine.EnableBokehSettings:0    ; no bokeh simulation on slight out of focus]]
[2022.03.08-07.24.35:867][  0]LogConfig: Setting CVar [[r.DOF.TemporalAAQuality:1                ; more stable temporal accumulation]]
[2022.03.08-07.24.35:867][  0]LogConfig: Setting CVar [[r.DOF.Kernel.MaxForegroundRadius:0.025]]
[2022.03.08-07.24.35:867][  0]LogConfig: Setting CVar [[r.DOF.Kernel.MaxBackgroundRadius:0.025]]
[2022.03.08-07.24.35:867][  0]LogConfig: Applying CVar settings from Section [TextureQuality@3] File [C:/EpicGames/ChattingClient/ChattingClient/Saved/Config/Windows/Scalability.ini]
[2022.03.08-07.24.35:867][  0]LogConfig: Setting CVar [[r.Streaming.MipBias:0]]
[2022.03.08-07.24.35:867][  0]LogConfig: Setting CVar [[r.Streaming.AmortizeCPUToGPUCopy:0]]
[2022.03.08-07.24.35:867][  0]LogConfig: Setting CVar [[r.Streaming.MaxNumTexturesToStreamPerFrame:0]]
[2022.03.08-07.24.35:868][  0]LogConfig: Setting CVar [[r.Streaming.Boost:1]]
[2022.03.08-07.24.35:868][  0]LogConfig: Setting CVar [[r.MaxAnisotropy:8]]
[2022.03.08-07.24.35:868][  0]LogConfig: Setting CVar [[r.VT.MaxAnisotropy:8]]
[2022.03.08-07.24.35:868][  0]LogConfig: Setting CVar [[r.Streaming.LimitPoolSizeToVRAM:0]]
[2022.03.08-07.24.35:868][  0]LogConfig: Setting CVar [[r.Streaming.PoolSize:1000]]
[2022.03.08-07.24.35:868][  0]LogConfig: Setting CVar [[r.Streaming.MaxEffectiveScreenSize:0]]
[2022.03.08-07.24.35:868][  0]LogConfig: Applying CVar settings from Section [EffectsQuality@3] File [C:/EpicGames/ChattingClient/ChattingClient/Saved/Config/Windows/Scalability.ini]
[2022.03.08-07.24.35:868][  0]LogConfig: Setting CVar [[r.TranslucencyLightingVolumeDim:64]]
[2022.03.08-07.24.35:868][  0]LogConfig: Setting CVar [[r.RefractionQuality:2]]
[2022.03.08-07.24.35:868][  0]LogConfig: Setting CVar [[r.SSR.Quality:3]]
[2022.03.08-07.24.35:868][  0]LogConfig: Setting CVar [[r.SSR.HalfResSceneColor:0]]
[2022.03.08-07.24.35:868][  0]LogConfig: Setting CVar [[r.SceneColorFormat:4]]
[2022.03.08-07.24.35:868][  0]LogConfig: Setting CVar [[r.DetailMode:2]]
[2022.03.08-07.24.35:868][  0]LogConfig: Setting CVar [[r.TranslucencyVolumeBlur:1]]
[2022.03.08-07.24.35:868][  0]LogConfig: Setting CVar [[r.MaterialQualityLevel:1 ; High quality]]
[2022.03.08-07.24.35:868][  0]LogConfig: Setting CVar [[r.AnisotropicMaterials:1]]
[2022.03.08-07.24.35:868][  0]LogConfig: Setting CVar [[r.SSS.Scale:1]]
[2022.03.08-07.24.35:868][  0]LogConfig: Setting CVar [[r.SSS.SampleSet:2]]
[2022.03.08-07.24.35:868][  0]LogConfig: Setting CVar [[r.SSS.Quality:1]]
[2022.03.08-07.24.35:868][  0]LogConfig: Setting CVar [[r.SSS.HalfRes:0]]
[2022.03.08-07.24.35:868][  0]LogConfig: Setting CVar [[r.SSGI.Quality:3]]
[2022.03.08-07.24.35:868][  0]LogConfig: Setting CVar [[r.EmitterSpawnRateScale:1.0]]
[2022.03.08-07.24.35:869][  0]LogConfig: Setting CVar [[r.ParticleLightQuality:2]]
[2022.03.08-07.24.35:869][  0]LogConfig: Setting CVar [[r.SkyAtmosphere.AerialPerspectiveLUT.FastApplyOnOpaque:1 ; Always have FastSkyLUT 1 in this case to avoid wrong sky]]
[2022.03.08-07.24.35:869][  0]LogConfig: Setting CVar [[r.SkyAtmosphere.AerialPerspectiveLUT.SampleCountMaxPerSlice:4]]
[2022.03.08-07.24.35:869][  0]LogConfig: Setting CVar [[r.SkyAtmosphere.AerialPerspectiveLUT.DepthResolution:16.0]]
[2022.03.08-07.24.35:869][  0]LogConfig: Setting CVar [[r.SkyAtmosphere.FastSkyLUT:1]]
[2022.03.08-07.24.35:869][  0]LogConfig: Setting CVar [[r.SkyAtmosphere.FastSkyLUT.SampleCountMin:4.0]]
[2022.03.08-07.24.35:869][  0]LogConfig: Setting CVar [[r.SkyAtmosphere.FastSkyLUT.SampleCountMax:128.0]]
[2022.03.08-07.24.35:869][  0]LogConfig: Setting CVar [[r.SkyAtmosphere.SampleCountMin:4.0]]
[2022.03.08-07.24.35:869][  0]LogConfig: Setting CVar [[r.SkyAtmosphere.SampleCountMax:128.0]]
[2022.03.08-07.24.35:869][  0]LogConfig: Setting CVar [[r.SkyAtmosphere.TransmittanceLUT.UseSmallFormat:0]]
[2022.03.08-07.24.35:869][  0]LogConfig: Setting CVar [[r.SkyAtmosphere.TransmittanceLUT.SampleCount:10.0]]
[2022.03.08-07.24.35:869][  0]LogConfig: Setting CVar [[r.SkyAtmosphere.MultiScatteringLUT.SampleCount:15.0]]
[2022.03.08-07.24.35:869][  0]LogConfig: Setting CVar [[r.SkyLight.RealTimeReflectionCapture:1]]
[2022.03.08-07.24.35:869][  0]LogConfig: Applying CVar settings from Section [FoliageQuality@3] File [C:/EpicGames/ChattingClient/ChattingClient/Saved/Config/Windows/Scalability.ini]
[2022.03.08-07.24.35:869][  0]LogConfig: Setting CVar [[foliage.DensityScale:1.0]]
[2022.03.08-07.24.35:869][  0]LogConfig: Setting CVar [[grass.DensityScale:1.0]]
[2022.03.08-07.24.35:869][  0]LogConfig: Applying CVar settings from Section [ShadingQuality@3] File [C:/EpicGames/ChattingClient/ChattingClient/Saved/Config/Windows/Scalability.ini]
[2022.03.08-07.24.35:869][  0]LogConfig: Setting CVar [[r.HairStrands.SkyLighting.IntegrationType:2]]
[2022.03.08-07.24.35:870][  0]LogConfig: Setting CVar [[r.HairStrands.SkyAO.SampleCount:4]]
[2022.03.08-07.24.35:870][  0]LogConfig: Setting CVar [[r.HairStrands.Visibility.MSAA.SamplePerPixel:4]]
[2022.03.08-07.24.35:870][  0]LogInit: Selected Device Profile: [Windows]
[2022.03.08-07.24.35:870][  0]LogInit: Applying CVar settings loaded from the selected device profile: [Windows]
[2022.03.08-07.24.35:870][  0]LogHAL: Display: Platform has ~ 16 GB [17096134656 / 17179869184 / 16], which maps to Larger [LargestMinGB=32, LargerMinGB=12, DefaultMinGB=8, SmallerMinGB=6, SmallestMinGB=0)
[2022.03.08-07.24.35:870][  0]LogInit: Going up to parent DeviceProfile []
[2022.03.08-07.24.35:870][  0]LogConfig: Applying CVar settings from Section [ViewDistanceQuality@3] File [C:/EpicGames/ChattingClient/ChattingClient/Saved/Config/Windows/Scalability.ini]
[2022.03.08-07.24.35:870][  0]LogConfig: Setting CVar [[r.SkeletalMeshLODBias:0]]
[2022.03.08-07.24.35:870][  0]LogConfig: Setting CVar [[r.ViewDistanceScale:1.0]]
[2022.03.08-07.24.35:870][  0]LogConfig: Applying CVar settings from Section [AntiAliasingQuality@3] File [C:/EpicGames/ChattingClient/ChattingClient/Saved/Config/Windows/Scalability.ini]
[2022.03.08-07.24.35:870][  0]LogConfig: Setting CVar [[r.PostProcessAAQuality:4]]
[2022.03.08-07.24.35:870][  0]LogConfig: Applying CVar settings from Section [ShadowQuality@3] File [C:/EpicGames/ChattingClient/ChattingClient/Saved/Config/Windows/Scalability.ini]
[2022.03.08-07.24.35:870][  0]LogConfig: Setting CVar [[r.LightFunctionQuality:1]]
[2022.03.08-07.24.35:870][  0]LogConfig: Setting CVar [[r.ShadowQuality:5]]
[2022.03.08-07.24.35:870][  0]LogConfig: Setting CVar [[r.Shadow.CSM.MaxCascades:10]]
[2022.03.08-07.24.35:871][  0]LogConfig: Setting CVar [[r.Shadow.MaxResolution:2048]]
[2022.03.08-07.24.35:871][  0]LogConfig: Setting CVar [[r.Shadow.MaxCSMResolution:2048]]
[2022.03.08-07.24.35:871][  0]LogConfig: Setting CVar [[r.Shadow.RadiusThreshold:0.01]]
[2022.03.08-07.24.35:871][  0]LogConfig: Setting CVar [[r.Shadow.DistanceScale:1.0]]
[2022.03.08-07.24.35:871][  0]LogConfig: Setting CVar [[r.Shadow.CSM.TransitionScale:1.0]]
[2022.03.08-07.24.35:871][  0]LogConfig: Setting CVar [[r.Shadow.PreShadowResolutionFactor:1.0]]
[2022.03.08-07.24.35:871][  0]LogConfig: Setting CVar [[r.DistanceFieldShadowing:1]]
[2022.03.08-07.24.35:871][  0]LogConfig: Setting CVar [[r.DistanceFieldAO:1]]
[2022.03.08-07.24.35:871][  0]LogConfig: Setting CVar [[r.AOQuality:2]]
[2022.03.08-07.24.35:871][  0]LogConfig: Setting CVar [[r.VolumetricFog:1]]
[2022.03.08-07.24.35:871][  0]LogConfig: Setting CVar [[r.VolumetricFog.GridPixelSize:8]]
[2022.03.08-07.24.35:871][  0]LogConfig: Setting CVar [[r.VolumetricFog.GridSizeZ:128]]
[2022.03.08-07.24.35:871][  0]LogConfig: Setting CVar [[r.VolumetricFog.HistoryMissSupersampleCount:4]]
[2022.03.08-07.24.35:871][  0]LogConfig: Setting CVar [[r.LightMaxDrawDistanceScale:1]]
[2022.03.08-07.24.35:871][  0]LogConfig: Setting CVar [[r.CapsuleShadows:1]]
[2022.03.08-07.24.35:871][  0]LogConfig: Applying CVar settings from Section [PostProcessQuality@3] File [C:/EpicGames/ChattingClient/ChattingClient/Saved/Config/Windows/Scalability.ini]
[2022.03.08-07.24.35:871][  0]LogConfig: Setting CVar [[r.MotionBlurQuality:4]]
[2022.03.08-07.24.35:871][  0]LogConfig: Setting CVar [[r.AmbientOcclusionMipLevelFactor:0.4]]
[2022.03.08-07.24.35:871][  0]LogConfig: Setting CVar [[r.AmbientOcclusionMaxQuality:100]]
[2022.03.08-07.24.35:871][  0]LogConfig: Setting CVar [[r.AmbientOcclusionLevels:-1]]
[2022.03.08-07.24.35:872][  0]LogConfig: Setting CVar [[r.AmbientOcclusionRadiusScale:1.0]]
[2022.03.08-07.24.35:872][  0]LogConfig: Setting CVar [[r.DepthOfFieldQuality:2]]
[2022.03.08-07.24.35:872][  0]LogConfig: Setting CVar [[r.RenderTargetPoolMin:400]]
[2022.03.08-07.24.35:872][  0]LogConfig: Setting CVar [[r.LensFlareQuality:2]]
[2022.03.08-07.24.35:872][  0]LogConfig: Setting CVar [[r.SceneColorFringeQuality:1]]
[2022.03.08-07.24.35:872][  0]LogConfig: Setting CVar [[r.EyeAdaptationQuality:2]]
[2022.03.08-07.24.35:872][  0]LogConfig: Setting CVar [[r.BloomQuality:5]]
[2022.03.08-07.24.35:872][  0]LogConfig: Setting CVar [[r.FastBlurThreshold:100]]
[2022.03.08-07.24.35:872][  0]LogConfig: Setting CVar [[r.Upscale.Quality:3]]
[2022.03.08-07.24.35:872][  0]LogConfig: Setting CVar [[r.Tonemapper.GrainQuantization:1]]
[2022.03.08-07.24.35:872][  0]LogConfig: Setting CVar [[r.LightShaftQuality:1]]
[2022.03.08-07.24.35:872][  0]LogConfig: Setting CVar [[r.Filter.SizeScale:1]]
[2022.03.08-07.24.35:872][  0]LogConfig: Setting CVar [[r.Tonemapper.Quality:5]]
[2022.03.08-07.24.35:872][  0]LogConfig: Setting CVar [[r.DOF.Gather.AccumulatorQuality:1        ; higher gathering accumulator quality]]
[2022.03.08-07.24.35:872][  0]LogConfig: Setting CVar [[r.DOF.Gather.PostfilterMethod:1          ; Median3x3 postfilering method]]
[2022.03.08-07.24.35:872][  0]LogConfig: Setting CVar [[r.DOF.Gather.EnableBokehSettings:0       ; no bokeh simulation when gathering]]
[2022.03.08-07.24.35:872][  0]LogConfig: Setting CVar [[r.DOF.Gather.RingCount:4                 ; medium number of samples when gathering]]
[2022.03.08-07.24.35:872][  0]LogConfig: Setting CVar [[r.DOF.Scatter.ForegroundCompositing:1    ; additive foreground scattering]]
[2022.03.08-07.24.35:872][  0]LogConfig: Setting CVar [[r.DOF.Scatter.BackgroundCompositing:2    ; additive background scattering]]
[2022.03.08-07.24.35:872][  0]LogConfig: Setting CVar [[r.DOF.Scatter.EnableBokehSettings:1      ; bokeh simulation when scattering]]
[2022.03.08-07.24.35:872][  0]LogConfig: Setting CVar [[r.DOF.Scatter.MaxSpriteRatio:0.1         ; only a maximum of 10% of scattered bokeh]]
[2022.03.08-07.24.35:873][  0]LogConfig: Setting CVar [[r.DOF.Recombine.Quality:1                ; cheap slight out of focus]]
[2022.03.08-07.24.35:873][  0]LogConfig: Setting CVar [[r.DOF.Recombine.EnableBokehSettings:0    ; no bokeh simulation on slight out of focus]]
[2022.03.08-07.24.35:873][  0]LogConfig: Setting CVar [[r.DOF.TemporalAAQuality:1                ; more stable temporal accumulation]]
[2022.03.08-07.24.35:873][  0]LogConfig: Setting CVar [[r.DOF.Kernel.MaxForegroundRadius:0.025]]
[2022.03.08-07.24.35:873][  0]LogConfig: Setting CVar [[r.DOF.Kernel.MaxBackgroundRadius:0.025]]
[2022.03.08-07.24.35:873][  0]LogConfig: Applying CVar settings from Section [TextureQuality@3] File [C:/EpicGames/ChattingClient/ChattingClient/Saved/Config/Windows/Scalability.ini]
[2022.03.08-07.24.35:873][  0]LogConfig: Setting CVar [[r.Streaming.MipBias:0]]
[2022.03.08-07.24.35:873][  0]LogConfig: Setting CVar [[r.Streaming.AmortizeCPUToGPUCopy:0]]
[2022.03.08-07.24.35:873][  0]LogConfig: Setting CVar [[r.Streaming.MaxNumTexturesToStreamPerFrame:0]]
[2022.03.08-07.24.35:873][  0]LogConfig: Setting CVar [[r.Streaming.Boost:1]]
[2022.03.08-07.24.35:873][  0]LogConfig: Setting CVar [[r.MaxAnisotropy:8]]
[2022.03.08-07.24.35:873][  0]LogConfig: Setting CVar [[r.VT.MaxAnisotropy:8]]
[2022.03.08-07.24.35:873][  0]LogConfig: Setting CVar [[r.Streaming.LimitPoolSizeToVRAM:0]]
[2022.03.08-07.24.35:873][  0]LogConfig: Setting CVar [[r.Streaming.PoolSize:1000]]
[2022.03.08-07.24.35:873][  0]LogConfig: Setting CVar [[r.Streaming.MaxEffectiveScreenSize:0]]
[2022.03.08-07.24.35:873][  0]LogConfig: Applying CVar settings from Section [EffectsQuality@3] File [C:/EpicGames/ChattingClient/ChattingClient/Saved/Config/Windows/Scalability.ini]
[2022.03.08-07.24.35:873][  0]LogConfig: Setting CVar [[r.TranslucencyLightingVolumeDim:64]]
[2022.03.08-07.24.35:873][  0]LogConfig: Setting CVar [[r.RefractionQuality:2]]
[2022.03.08-07.24.35:873][  0]LogConfig: Setting CVar [[r.SSR.Quality:3]]
[2022.03.08-07.24.35:873][  0]LogConfig: Setting CVar [[r.SSR.HalfResSceneColor:0]]
[2022.03.08-07.24.35:874][  0]LogConfig: Setting CVar [[r.SceneColorFormat:4]]
[2022.03.08-07.24.35:874][  0]LogConfig: Setting CVar [[r.DetailMode:2]]
[2022.03.08-07.24.35:874][  0]LogConfig: Setting CVar [[r.TranslucencyVolumeBlur:1]]
[2022.03.08-07.24.35:874][  0]LogConfig: Setting CVar [[r.MaterialQualityLevel:1 ; High quality]]
[2022.03.08-07.24.35:874][  0]LogConfig: Setting CVar [[r.AnisotropicMaterials:1]]
[2022.03.08-07.24.35:874][  0]LogConfig: Setting CVar [[r.SSS.Scale:1]]
[2022.03.08-07.24.35:874][  0]LogConfig: Setting CVar [[r.SSS.SampleSet:2]]
[2022.03.08-07.24.35:874][  0]LogConfig: Setting CVar [[r.SSS.Quality:1]]
[2022.03.08-07.24.35:874][  0]LogConfig: Setting CVar [[r.SSS.HalfRes:0]]
[2022.03.08-07.24.35:874][  0]LogConfig: Setting CVar [[r.SSGI.Quality:3]]
[2022.03.08-07.24.35:874][  0]LogConfig: Setting CVar [[r.EmitterSpawnRateScale:1.0]]
[2022.03.08-07.24.35:874][  0]LogConfig: Setting CVar [[r.ParticleLightQuality:2]]
[2022.03.08-07.24.35:874][  0]LogConfig: Setting CVar [[r.SkyAtmosphere.AerialPerspectiveLUT.FastApplyOnOpaque:1 ; Always have FastSkyLUT 1 in this case to avoid wrong sky]]
[2022.03.08-07.24.35:874][  0]LogConfig: Setting CVar [[r.SkyAtmosphere.AerialPerspectiveLUT.SampleCountMaxPerSlice:4]]
[2022.03.08-07.24.35:874][  0]LogConfig: Setting CVar [[r.SkyAtmosphere.AerialPerspectiveLUT.DepthResolution:16.0]]
[2022.03.08-07.24.35:874][  0]LogConfig: Setting CVar [[r.SkyAtmosphere.FastSkyLUT:1]]
[2022.03.08-07.24.35:874][  0]LogConfig: Setting CVar [[r.SkyAtmosphere.FastSkyLUT.SampleCountMin:4.0]]
[2022.03.08-07.24.35:874][  0]LogConfig: Setting CVar [[r.SkyAtmosphere.FastSkyLUT.SampleCountMax:128.0]]
[2022.03.08-07.24.35:874][  0]LogConfig: Setting CVar [[r.SkyAtmosphere.SampleCountMin:4.0]]
[2022.03.08-07.24.35:874][  0]LogConfig: Setting CVar [[r.SkyAtmosphere.SampleCountMax:128.0]]
[2022.03.08-07.24.35:874][  0]LogConfig: Setting CVar [[r.SkyAtmosphere.TransmittanceLUT.UseSmallFormat:0]]
[2022.03.08-07.24.35:875][  0]LogConfig: Setting CVar [[r.SkyAtmosphere.TransmittanceLUT.SampleCount:10.0]]
[2022.03.08-07.24.35:875][  0]LogConfig: Setting CVar [[r.SkyAtmosphere.MultiScatteringLUT.SampleCount:15.0]]
[2022.03.08-07.24.35:875][  0]LogConfig: Setting CVar [[r.SkyLight.RealTimeReflectionCapture:1]]
[2022.03.08-07.24.35:875][  0]LogConfig: Applying CVar settings from Section [FoliageQuality@3] File [C:/EpicGames/ChattingClient/ChattingClient/Saved/Config/Windows/Scalability.ini]
[2022.03.08-07.24.35:875][  0]LogConfig: Setting CVar [[foliage.DensityScale:1.0]]
[2022.03.08-07.24.35:875][  0]LogConfig: Setting CVar [[grass.DensityScale:1.0]]
[2022.03.08-07.24.35:875][  0]LogConfig: Applying CVar settings from Section [ShadingQuality@3] File [C:/EpicGames/ChattingClient/ChattingClient/Saved/Config/Windows/Scalability.ini]
[2022.03.08-07.24.35:875][  0]LogConfig: Setting CVar [[r.HairStrands.SkyLighting.IntegrationType:2]]
[2022.03.08-07.24.35:875][  0]LogConfig: Setting CVar [[r.HairStrands.SkyAO.SampleCount:4]]
[2022.03.08-07.24.35:875][  0]LogConfig: Setting CVar [[r.HairStrands.Visibility.MSAA.SamplePerPixel:4]]
[2022.03.08-07.24.35:875][  0]LogConfig: Applying CVar settings from Section [Startup] File [../../../Engine/Config/ConsoleVariables.ini]
[2022.03.08-07.24.35:876][  0]LogConfig: Setting CVar [[net.UseAdaptiveNetUpdateFrequency:0]]
[2022.03.08-07.24.35:876][  0]LogConfig: Setting CVar [[p.chaos.AllowCreatePhysxBodies:1]]
[2022.03.08-07.24.35:876][  0]LogConfig: Setting CVar [[fx.SkipVectorVMBackendOptimizations:1]]
[2022.03.08-07.24.35:876][  0]LogConfig: Applying CVar settings from Section [ConsoleVariables] File [C:/EpicGames/ChattingClient/ChattingClient/Saved/Config/Windows/Engine.ini]
[2022.03.08-07.24.35:876][  0]LogConfig: Applying CVar settings from Section [ConsoleVariables] File [C:/EpicGames/ChattingClient/ChattingClient/Saved/Config/Windows/Editor.ini]
[2022.03.08-07.24.35:876][  0]LogInit: Computer: DESKTOP-JG03A40
[2022.03.08-07.24.35:876][  0]LogInit: User: lenovo
[2022.03.08-07.24.35:876][  0]LogInit: CPU Page size=4096, Cores=6
[2022.03.08-07.24.35:876][  0]LogInit: High frequency timer resolution =10.000000 MHz
[2022.03.08-07.24.35:876][  0]LogMemory: Memory total: Physical=15.9GB (16GB approx)
[2022.03.08-07.24.35:876][  0]LogMemory: Platform Memory Stats for Windows
[2022.03.08-07.24.35:876][  0]LogMemory: Process Physical Memory: 149.14 MB used, 149.14 MB peak
[2022.03.08-07.24.35:876][  0]LogMemory: Process Virtual Memory: 128.54 MB used, 128.54 MB peak
[2022.03.08-07.24.35:876][  0]LogMemory: Physical Memory: 11419.77 MB used,  4884.38 MB free, 16304.14 MB total
[2022.03.08-07.24.35:877][  0]LogMemory: Virtual Memory: 134212400.00 MB used,  5325.02 MB free, 134217728.00 MB total
[2022.03.08-07.24.35:905][  0]LogWindows: WindowsPlatformFeatures enabled
[2022.03.08-07.24.36:182][  0]LogInit: Physics initialised using underlying interface: PhysX
[2022.03.08-07.24.36:186][  0]LogInit: Using OS detected language (ko-KR).
[2022.03.08-07.24.36:186][  0]LogInit: Using OS detected locale (ko-KR).
[2022.03.08-07.24.36:192][  0]LogTextLocalizationManager: No specific localization for 'ko-KR' exists, so the 'ko' localization will be used.
[2022.03.08-07.24.36:400][  0]LogInit: Setting process to per monitor DPI aware
[2022.03.08-07.24.36:507][  0]LogWindowsTextInputMethodSystem: Display: IME system deactivated.
[2022.03.08-07.24.36:536][  0]LogSlate: New Slate User Created.  User Index 0, Is Virtual User: 0
[2022.03.08-07.24.36:536][  0]LogSlate: Slate User Registered.  User Index 0, Is Virtual User: 0
[2022.03.08-07.24.36:887][  0]LogD3D11RHI: Loaded GFSDK_Aftermath_Lib.x64.dll
[2022.03.08-07.24.36:895][  0]LogHMD: Failed to initialize OpenVR with code 110
[2022.03.08-07.24.36:895][  0]LogD3D11RHI: D3D11 min allowed feature level: 11_0
[2022.03.08-07.24.36:895][  0]LogD3D11RHI: D3D11 max allowed feature level: 11_0
[2022.03.08-07.24.36:895][  0]LogD3D11RHI: D3D11 adapters:
[2022.03.08-07.24.37:075][  0]LogD3D11RHI:    0. 'NVIDIA GeForce GTX 1660 Ti' (Feature Level 11_0)
[2022.03.08-07.24.37:075][  0]LogD3D11RHI:       5991/0/8152 MB DedicatedVideo/DedicatedSystem/SharedSystem, Outputs:1, VendorId:0x10de
[2022.03.08-07.24.37:084][  0]LogD3D11RHI:    1. 'Microsoft Basic Render Driver' (Feature Level 11_0)
[2022.03.08-07.24.37:084][  0]LogD3D11RHI:       0/0/8152 MB DedicatedVideo/DedicatedSystem/SharedSystem, Outputs:0, VendorId:0x1414
[2022.03.08-07.24.37:084][  0]LogD3D11RHI: Chosen D3D11 Adapter:
[2022.03.08-07.24.37:084][  0]LogD3D11RHI:     Description : NVIDIA GeForce GTX 1660 Ti
[2022.03.08-07.24.37:085][  0]LogD3D11RHI:     VendorId    : 10de
[2022.03.08-07.24.37:085][  0]LogD3D11RHI:     DeviceId    : 2191
[2022.03.08-07.24.37:085][  0]LogD3D11RHI:     SubSysId    : 3ffc17aa
[2022.03.08-07.24.37:085][  0]LogD3D11RHI:     Revision    : 00a1
[2022.03.08-07.24.37:085][  0]LogD3D11RHI:     DedicatedVideoMemory : 6282018816 bytes
[2022.03.08-07.24.37:085][  0]LogD3D11RHI:     DedicatedSystemMemory : 0 bytes
[2022.03.08-07.24.37:085][  0]LogD3D11RHI:     SharedSystemMemory : 8548067328 bytes
[2022.03.08-07.24.37:085][  0]LogD3D11RHI:     AdapterLuid : 0 76549
[2022.03.08-07.24.37:095][  0]LogD3D11RHI: Creating new Direct3DDevice
[2022.03.08-07.24.37:095][  0]LogD3D11RHI:     GPU DeviceId: 0x2191 (for the marketing name, search the web for "GPU Device Id")
[2022.03.08-07.24.37:095][  0]LogWindows: EnumDisplayDevices:
[2022.03.08-07.24.37:096][  0]LogWindows:    0. 'NVIDIA GeForce GTX 1660 Ti' (P:1 D:1)
[2022.03.08-07.24.37:096][  0]LogWindows:    1. 'NVIDIA GeForce GTX 1660 Ti' (P:0 D:0)
[2022.03.08-07.24.37:097][  0]LogWindows:    2. 'NVIDIA GeForce GTX 1660 Ti' (P:0 D:0)
[2022.03.08-07.24.37:098][  0]LogWindows:    3. 'NVIDIA GeForce GTX 1660 Ti' (P:0 D:0)
[2022.03.08-07.24.37:099][  0]LogWindows: DebugString: FoundDriverCount:4 
[2022.03.08-07.24.37:099][  0]LogD3D11RHI:     Adapter Name: NVIDIA GeForce GTX 1660 Ti
[2022.03.08-07.24.37:099][  0]LogD3D11RHI:   Driver Version: 471.41 (internal:30.0.14.7141, unified:471.41)
[2022.03.08-07.24.37:099][  0]LogD3D11RHI:      Driver Date: 7-12-2021
[2022.03.08-07.24.37:099][  0]LogRHI: Texture pool is 4193 MB (70% of 5991 MB)
[2022.03.08-07.24.37:099][  0]LogD3D11RHI: Creating D3DDevice using adapter:
[2022.03.08-07.24.37:100][  0]LogD3D11RHI:     Description : NVIDIA GeForce GTX 1660 Ti
[2022.03.08-07.24.37:100][  0]LogD3D11RHI:     VendorId    : 10de
[2022.03.08-07.24.37:100][  0]LogD3D11RHI:     DeviceId    : 2191
[2022.03.08-07.24.37:100][  0]LogD3D11RHI:     SubSysId    : 3ffc17aa
[2022.03.08-07.24.37:100][  0]LogD3D11RHI:     Revision    : 00a1
[2022.03.08-07.24.37:100][  0]LogD3D11RHI:     DedicatedVideoMemory : 6282018816 bytes
[2022.03.08-07.24.37:100][  0]LogD3D11RHI:     DedicatedSystemMemory : 0 bytes
[2022.03.08-07.24.37:100][  0]LogD3D11RHI:     SharedSystemMemory : 8548067328 bytes
[2022.03.08-07.24.37:100][  0]LogD3D11RHI:     AdapterLuid : 0 76549
[2022.03.08-07.24.37:198][  0]LogD3D11RHI: RHI has support for 64 bit atomics
[2022.03.08-07.24.37:198][  0]LogD3D11RHI: Async texture creation enabled
[2022.03.08-07.24.37:199][  0]LogD3D11RHI: Array index from any shader is supported
[2022.03.08-07.24.37:225][  0]LogD3D11RHI: GPU Timing Frequency: 1000.000000 (Debug: 2 1)
[2022.03.08-07.24.37:331][  0]LogRHI: GeForceNow SDK initialized: 1
[2022.03.08-07.24.37:786][  0]LogTargetPlatformManager: Display: Loaded TargetPlatform 'AllDesktop'
[2022.03.08-07.24.37:811][  0]LogTargetPlatformManager: Display: Loaded TargetPlatform 'Android'
[2022.03.08-07.24.37:811][  0]LogTargetPlatformManager: Display: Loaded TargetPlatform 'Android_ASTC'
[2022.03.08-07.24.37:812][  0]LogTargetPlatformManager: Display: Loaded TargetPlatform 'Android_DXT'
[2022.03.08-07.24.37:812][  0]LogTargetPlatformManager: Display: Loaded TargetPlatform 'Android_ETC2'
[2022.03.08-07.24.37:812][  0]LogTargetPlatformManager: Display: Loaded TargetPlatform 'AndroidClient'
[2022.03.08-07.24.37:812][  0]LogTargetPlatformManager: Display: Loaded TargetPlatform 'Android_ASTCClient'
[2022.03.08-07.24.37:812][  0]LogTargetPlatformManager: Display: Loaded TargetPlatform 'Android_DXTClient'
[2022.03.08-07.24.37:812][  0]LogTargetPlatformManager: Display: Loaded TargetPlatform 'Android_ETC2Client'
[2022.03.08-07.24.37:812][  0]LogTargetPlatformManager: Display: Loaded TargetPlatform 'Android_Multi'
[2022.03.08-07.24.37:813][  0]LogTargetPlatformManager: Display: Loaded TargetPlatform 'Android_MultiClient'
[2022.03.08-07.24.37:849][  0]LogTargetPlatformManager: Display: Loaded TargetPlatform 'IOSClient'
[2022.03.08-07.24.37:849][  0]LogTargetPlatformManager: Display: Loaded TargetPlatform 'IOS'
[2022.03.08-07.24.37:864][  0]LogTargetPlatformManager: Display: Loaded TargetPlatform 'Linux'
[2022.03.08-07.24.37:873][  0]LogTargetPlatformManager: Display: Loaded TargetPlatform 'LinuxNoEditor'
[2022.03.08-07.24.37:882][  0]LogTargetPlatformManager: Display: Loaded TargetPlatform 'LinuxClient'
[2022.03.08-07.24.37:893][  0]LogTargetPlatformManager: Display: Loaded TargetPlatform 'LinuxServer'
[2022.03.08-07.24.37:908][  0]LogTargetPlatformManager: Display: Loaded TargetPlatform 'LinuxAArch64NoEditor'
[2022.03.08-07.24.37:919][  0]LogTargetPlatformManager: Display: Loaded TargetPlatform 'LinuxAArch64Client'
[2022.03.08-07.24.37:929][  0]LogTargetPlatformManager: Display: Loaded TargetPlatform 'LinuxAArch64Server'
[2022.03.08-07.24.37:960][  0]LogTargetPlatformManager: Display: Loaded TargetPlatform 'Lumin'
[2022.03.08-07.24.37:960][  0]LogTargetPlatformManager: Display: Loaded TargetPlatform 'LuminClient'
[2022.03.08-07.24.37:973][  0]LogTargetPlatformManager: Display: Loaded TargetPlatform 'MacNoEditor'
[2022.03.08-07.24.37:983][  0]LogTargetPlatformManager: Display: Loaded TargetPlatform 'Mac'
[2022.03.08-07.24.37:994][  0]LogTargetPlatformManager: Display: Loaded TargetPlatform 'MacClient'
[2022.03.08-07.24.38:002][  0]LogTargetPlatformManager: Display: Loaded TargetPlatform 'MacServer'
[2022.03.08-07.24.38:016][  0]LogTargetPlatformManager: Display: Loaded TargetPlatform 'TVOSClient'
[2022.03.08-07.24.38:016][  0]LogTargetPlatformManager: Display: Loaded TargetPlatform 'TVOS'
[2022.03.08-07.24.38:030][  0]LogTargetPlatformManager: Display: Loaded TargetPlatform 'WindowsNoEditor'
[2022.03.08-07.24.38:039][  0]LogTargetPlatformManager: Display: Loaded TargetPlatform 'Windows'
[2022.03.08-07.24.38:048][  0]LogTargetPlatformManager: Display: Loaded TargetPlatform 'WindowsClient'
[2022.03.08-07.24.38:058][  0]LogTargetPlatformManager: Display: Loaded TargetPlatform 'WindowsServer'
[2022.03.08-07.24.38:058][  0]LogTargetPlatformManager: Display: Building Assets For Windows
[2022.03.08-07.24.38:082][  0]LogAudioDebug: Display: Lib vorbis DLL was dynamically loaded.
[2022.03.08-07.24.38:172][  0]LogTextureFormatOodle: Display: Oodle Texture 2.9.0 init RDO Off
[2022.03.08-07.24.38:276][  0]LogRendererCore: Ray tracing is disabled. Reason: r.RayTracing=0.
[2022.03.08-07.24.38:276][  0]LogShaderCompilers: Guid format shader working directory is 5 characters bigger than the processId version (../../../../ChattingClient/ChattingClient/Intermediate/Shaders/WorkingDirectory/13140/).
[2022.03.08-07.24.38:276][  0]LogShaderCompilers: Cleaned the shader compiler working directory 'C:/Users/lenovo/AppData/Local/Temp/UnrealShaderWorkingDir/C2220F84431D29CC6F37B8BBBDF051F1/'.
[2022.03.08-07.24.38:276][  0]LogXGEController: Cannot use XGE Controller as Incredibuild is not installed on this machine.
[2022.03.08-07.24.38:276][  0]LogShaderCompilers: Cannot use XGE Shader Compiler as Incredibuild is not installed on this machine.
[2022.03.08-07.24.38:276][  0]LogShaderCompilers: Display: Using Local Shader Compiler.
[2022.03.08-07.24.39:160][  0]LogDerivedDataCache: Display: Max Cache Size: 512 MB
[2022.03.08-07.24.39:256][  0]LogDerivedDataCache: Loaded boot cache 0.10s 96MB C:/Users/lenovo/AppData/Local/UnrealEngine/4.27/DerivedDataCache/Boot.ddc.
[2022.03.08-07.24.39:256][  0]LogDerivedDataCache: Display: Loaded Boot cache: C:/Users/lenovo/AppData/Local/UnrealEngine/4.27/DerivedDataCache/Boot.ddc
[2022.03.08-07.24.39:256][  0]LogDerivedDataCache: FDerivedDataBackendGraph:  Pak pak cache file ../../../../ChattingClient/ChattingClient/DerivedDataCache/DDC.ddp not found, will not use a pak cache.
[2022.03.08-07.24.39:256][  0]LogDerivedDataCache: Unable to find inner node Pak for hierarchical cache Hierarchy.
[2022.03.08-07.24.39:256][  0]LogDerivedDataCache: FDerivedDataBackendGraph:  CompressedPak pak cache file ../../../../ChattingClient/ChattingClient/DerivedDataCache/Compressed.ddp not found, will not use a pak cache.
[2022.03.08-07.24.39:257][  0]LogDerivedDataCache: Unable to find inner node CompressedPak for hierarchical cache Hierarchy.
[2022.03.08-07.24.39:273][  0]LogDerivedDataCache: Display: Pak cache opened for reading ../../../Engine/DerivedDataCache/Compressed.ddp.
[2022.03.08-07.24.39:274][  0]LogDerivedDataCache: FDerivedDataBackendGraph:  EnterprisePak pak cache file ../../../Enterprise/DerivedDataCache/Compressed.ddp not found, will not use a pak cache.
[2022.03.08-07.24.39:274][  0]LogDerivedDataCache: Unable to find inner node EnterprisePak for hierarchical cache Hierarchy.
[2022.03.08-07.24.39:298][  0]LogDerivedDataCache: Speed tests for C:/Users/lenovo/AppData/Local/UnrealEngine/Common/DerivedDataCache took 0.02 seconds
[2022.03.08-07.24.39:299][  0]LogDerivedDataCache: Display: Performance to C:/Users/lenovo/AppData/Local/UnrealEngine/Common/DerivedDataCache: Latency=0.19ms. RandomReadSpeed=117.08MBs, RandomWriteSpeed=66.72MBs. Assigned SpeedClass 'Local'
[2022.03.08-07.24.39:301][  0]LogDerivedDataCache: Using Local data cache path C:/Users/lenovo/AppData/Local/UnrealEngine/Common/DerivedDataCache: Writable
[2022.03.08-07.24.39:301][  0]LogDerivedDataCache: Shared data cache path not found in *engine.ini, will not use an Shared cache.
[2022.03.08-07.24.39:301][  0]LogDerivedDataCache: Unable to find inner node Shared for hierarchical cache Hierarchy.
[2022.03.08-07.24.39:344][  0]LogSlate: Using FreeType 2.10.0
[2022.03.08-07.24.39:345][  0]LogSlate: SlateFontServices - WITH_FREETYPE: 1, WITH_HARFBUZZ: 1
[2022.03.08-07.24.39:381][  0]LogAssetRegistry: FAssetRegistry took 0.0057 seconds to start up
[2022.03.08-07.24.39:590][  0]LogInit: Selected Device Profile: [Windows]
[2022.03.08-07.24.39:590][  0]LogInit: Active device profile: [000001E4020C4E00][000001E401EB88C0 49] Windows
[2022.03.08-07.24.39:591][  0]LogInit: Profiles: [000001E4020C4E00][000001E401EB88C0 49] Windows, [000001E40208A400][000001E401EBCA40 49] WindowsNoEditor, [000001E4020C5D00][000001E401EC0BC0 49] WindowsServer, [000001E40208B200][000001E401EC4D40 49] WindowsClient, [000001E4020C6A00][000001E401EC8EC0 49] IOS, [000001E40208B800][000001E401ECD040 49] iPadAir, [000001E4020C5500][000001E401ED11C0 49] iPadAir2, [000001E402041200][000001E401ED9480 49] IPadPro, [000001E402041300][000001E401ED54C0 49] iPadAir3, [000001E402088C00][000001E401EDD640 49] iPadAir4, [000001E402041F00][000001E401EE17C0 49] iPadMini2, [000001E40208B000][000001E401EE5940 49] iPadMini3, [000001E402042900][000001E401EE9AC0 49] iPadMini4, [000001E402088F00][000001E401EEC0C0 49] iPadMini5, [000001E402078C00][000001E401EF4380 49] iPhone6, [000001E402078D00][000001E401EF03C0 49] iPodTouch6, [000001E4020C6700][000001E47F95A640 49] iPhone7, [000001E4020C6900][000001E401EF8680 49] iPodTouch7, [000001E402041100][000001E401EFC7C0 49] iPhone5S, [000001E4020C6C00][000001E401F00900 49] iPhone6Plus, [000001E402043F00][000001E401F08A80 49] iPhone6S, [000001E402040100][000001E401F0CC00 49] iPhone6SPlus, [000001E402078B00][000001E401F10D80 49] iPhone7Plus, [000001E402042100][000001E401F14F00 49] iPhoneSE, [000001E40207A900][000001E401F19080 49] iPhone8, [000001E402042200][000001E401F1D200 49] iPhone8Plus, [000001E40207BB00][000001E401F21380 49] iPhoneX, [000001E402042300][000001E401F25500 49] iPhoneXS, [000001E402078F00][000001E401F29680 49] iPhoneXSMax, [000001E4020C6F00][000001E401F2D800 49] iPhoneXR, [000001E402079700][000001E401F31980 49] iPhone11, [000001E4020C6E00][000001E401F35B00 49] iPhone11Pro, [000001E402079900][000001E401F38100 49] iPhone11ProMax, [000001E4020C5200][000001E401F3C280 49] iPhoneSE2, [000001E40207BD00][000001E401F40400 49] iPhone12Mini, [000001E4020C4B00][000001E401F44580 49] iPhone12, [000001E402079D00][000001E401F48700 49] iPhone12Pro, [000001E4020C5400][000001E401F04840 49] iPhone12ProMax, [000001E40207B700][000001E401F4C980 49] iPadPro105, [000001E4020C5B00][000001E401F50AC0 49] iPadPro129, [000001E402078700][000001E401F58C40 49] iPadPro97, [000001E4020C5300][000001E401F5CDC0 49] iPadPro2_129, [000001E402079200][000001E401F60F40 49] iPad5, [000001E4020C7F00][000001E401F650C0 49] iPad6, [000001E40207BA00][000001E401F69240 49] iPad7, [000001E4020C5900][000001E401F6D3C0 49] iPad8, [000001E402079400][000001E401F71540 49] iPadPro11, [000001E4020C7500][000001E401F756C0 49] iPadPro2_11, [000001E40207A300][000001E401F79840 49] iPadPro3_129, [000001E4020C4F00][000001E401F7D9C0 49] iPadPro4_129, [000001E402079100][000001E401F81B40 49] AppleTV, [000001E4020C7600][000001E401F84140 49] AppleTV4K, [000001E402078600][000001E401F882C0 49] TVOS, [000001E4020C7900][000001E401F8C440 49] Mac, [000001E40207B200][000001E401F905C0 49] MacClient, [000001E4020C7B00][000001E401F94740 49] MacNoEditor, [000001E402079300][000001E401F988C0 49] MacServer, [000001E4020C6400][000001E401F54A00 49] Linux, [000001E40207A000][000001E401F9CB40 49] LinuxAArch64, [000001E4020C7E00][000001E401FA0C80 49] LinuxNoEditor, [000001E40207B100][000001E401FA4DC0 49] LinuxAArch64NoEditor, [000001E4020C7200][000001E401FACF40 49] LinuxClient, [000001E40207A800][000001E401FB10C0 49] LinuxAArch64Client, [000001E4020C4400][000001E401FB5240 49] LinuxServer, [000001E402078400][000001E401FB93C0 49] LinuxAArch64Server, [000001E4020C5100][000001E401FBD540 49] Android, [000001E40207A700][000001E401FC16C0 49] Android_Low, [000001E4020C4800][000001E401FC5840 49] Android_Mid, [000001E402078300][000001E401FC99C0 49] Android_High, [000001E4020C5C00][000001E401FCDB40 49] Android_Default, [000001E40207B600][000001E401FD0140 49] Android_Adreno4xx, [000001E4020C6100][000001E401FD42C0 49] Android_Adreno5xx_Low, [000001E402078900][000001E401FD8440 49] Android_Adreno5xx, [000001E4020C5F00][000001E401FDC5C0 49] Android_Adreno6xx, [000001E402079B00][000001E401FE0740 49] Android_Adreno6xx_Vulkan, [000001E4020C6B00][000001E401FE48C0 49] Android_Mali_T6xx, [000001E402041900][000001E401FE8A40 49] Android_Mali_T7xx, [000001E40208B100][000001E401FA8B80 49] Android_Mali_T8xx, [000001E402043C00][000001E401FECCC0 49] Android_Mali_G71, [000001E40208BC00][000001E401FF0E00 49] Android_Mali_G72, [000001E402043900][000001E401FF4F40 49] Android_Mali_G72_Vulkan, [000001E40208A200][000001E401FFD0C0 49] Android_Mali_G76, [000001E402041A00][000001E403011240 49] Android_Mali_G76_Vulkan, [000001E402088400][000001E4030153C0 49] Android_Mali_G77, [000001E402043500][000001E403019540 49] Android_Mali_G77_Vulkan, [000001E40208A000][000001E40301D6C0 49] Android_Mali_G78, [000001E402041000][000001E403021840 49] Android_Mali_G78_Vulkan, [000001E40208A300][000001E4030259C0 49] Android_Mali_G710, [000001E402041500][000001E403029B40 49] Android_Mali_G710_Vulkan, [000001E40208B500][000001E40302C140 49] Android_Vulkan_SM5, [000001E402041800][000001E4030302C0 49] Android_PowerVR_G6xxx, [000001E40208AF00][000001E403034440 49] Android_PowerVR_GT7xxx, [000001E402041B00][000001E4030385C0 49] Android_PowerVR_GE8xxx, [000001E40208BA00][000001E40303C740 49] Android_PowerVR_GM9xxx, [000001E402041E00][000001E4030408C0 49] Android_PowerVR_GM9xxx_Vulkan, [000001E402089600][000001E403044A40 49] Android_TegraK1, [000001E402043B00][000001E403048BC0 49] Android_Unknown_Vulkan, [000001E402089100][000001E40304CD40 49] Lumin, [000001E402040600][000001E401FF8E80 49] Lumin_Desktop, [000001E40207A200][000001E403050FC0 49] HoloLens, 
[2022.03.08-07.24.39:782][  0]LogMeshReduction: Using QuadricMeshReduction for automatic static mesh reduction
[2022.03.08-07.24.39:783][  0]LogMeshReduction: Using SimplygonMeshReduction for automatic skeletal mesh reduction
[2022.03.08-07.24.39:783][  0]LogMeshReduction: Using ProxyLODMeshReduction for automatic mesh merging
[2022.03.08-07.24.39:783][  0]LogMeshReduction: No distributed automatic mesh merging module available
[2022.03.08-07.24.39:783][  0]LogMeshMerging: No distributed automatic mesh merging module available
[2022.03.08-07.24.39:809][  0]LogNetVersion: ChattingClient 1.0.0, NetCL: 17155196, EngineNetVer: 17, GameNetVer: 0 (Checksum: 1007274363)
[2022.03.08-07.24.40:281][  0]LogTexture: Default maximum texture size for cubemaps generated from long-lat sources has been changed from 512 to unlimited. In order to preserve old behaiour for '/Engine/MapTemplates/Sky/DaylightAmbientCubemap.DaylightAmbientCubemap', its maximum texture size has been explicitly set to 512.
[2022.03.08-07.24.40:336][  0]LogHMD: PokeAHoleMaterial loaded successfully
[2022.03.08-07.24.40:341][  0]LogUObjectArray: 17178 objects as part of root set at end of initial load.
[2022.03.08-07.24.40:341][  0]LogUObjectAllocator: 4302048 out of 0 bytes used by permanent object pool.
[2022.03.08-07.24.40:341][  0]LogUObjectArray: CloseDisregardForGC: 0/0 objects in disregard for GC pool
[2022.03.08-07.24.40:720][  0]LogNiagaraDebuggerClient: Niagara Debugger Client Initialized | Session: 0F45816D4CD4F69094D852922518B939 | Instance: 0EB55DAC453903131E3BDD9E9F4D6914 (DESKTOP-JG03A40-13140).
[2022.03.08-07.24.40:944][  0]LogTcpMessaging: Initializing TcpMessaging bridge
[2022.03.08-07.24.40:956][  0]LogUdpMessaging: Initializing bridge on interface 0.0.0.0:0 to multicast group 230.0.0.1:6666.
[2022.03.08-07.24.41:240][  0]LogPython: Using Python 3.7.7
[2022.03.08-07.24.42:070][  0]SourceControl: 소스 컨트롤이 꺼졌습니다.
[2022.03.08-07.24.42:070][  0]SourceControl: 소스 컨트롤이 꺼졌습니다.
[2022.03.08-07.24.42:079][  0]SourceControl: 소스 컨트롤이 꺼졌습니다.
[2022.03.08-07.24.42:085][  0]SourceControl: 소스 컨트롤이 꺼졌습니다.
[2022.03.08-07.24.42:110][  0]SourceControl: 소스 컨트롤이 꺼졌습니다.
[2022.03.08-07.24.42:126][  0]LogUProjectInfo: Found projects:
[2022.03.08-07.24.42:275][  0]LogAndroidPermission: UAndroidPermissionCallbackProxy::GetInstance
[2022.03.08-07.24.42:321][  0]LogAudioCaptureCore: Display: No Audio Capture implementations found. Audio input will be silent.
[2022.03.08-07.24.42:321][  0]LogAudioCaptureCore: Display: No Audio Capture implementations found. Audio input will be silent.
[2022.03.08-07.24.42:865][  0]LogOpenImageDenoise: OIDN starting up
[2022.03.08-07.24.42:893][  0]LogOcInput: OculusInput pre-init called
[2022.03.08-07.24.43:152][  0]LogCollectionManager: Loaded 0 collections in 0.001492 seconds
[2022.03.08-07.24.43:248][  0]LogFileCache: Scanning file cache for directory 'C:/EpicGames/ChattingClient/ChattingClient/Saved/Collections/' took 0.00s
[2022.03.08-07.24.43:248][  0]LogFileCache: Scanning file cache for directory 'C:/EpicGames/ChattingClient/ChattingClient/Content/Developers/lenovo/Collections/' took 0.00s
[2022.03.08-07.24.43:248][  0]LogFileCache: Scanning file cache for directory 'C:/EpicGames/ChattingClient/ChattingClient/Content/Collections/' took 0.00s
[2022.03.08-07.24.43:248][  0]LogClass: Display: UInt32Property FSendBuffer::LeftPos is not initialized properly. Module:ChattingClient File:Public/SocketComponent.h
[2022.03.08-07.24.43:248][  0]LogClass: Display: UInt32Property FSendBuffer::RightPos is not initialized properly. Module:ChattingClient File:Public/SocketComponent.h
[2022.03.08-07.24.43:249][  0]LogClass: Display: 2 Uninitialized script struct members found including 0 object properties
[2022.03.08-07.24.43:250][  0]LogEngine: Initializing Engine...
[2022.03.08-07.24.43:254][  0]LogHMD: Failed to enumerate extensions. Please check that you have a valid OpenXR runtime installed.
[2022.03.08-07.24.43:255][  0]LogHMD: Failed to initialize OpenVR with code 110
[2022.03.08-07.24.43:255][  0]LogMagicLeap: Warning: VR disabled because ZI is not enabled.  To enable, in the editor, Edit -> Project Settings -> Plugins -> Magic Leap Plugin -> Enable Zero Iteration
[2022.03.08-07.24.43:256][  0]LogStats: UGameplayTagsManager::InitializeManager -  0.000 s
[2022.03.08-07.24.43:388][  0]LogInit: Initializing FReadOnlyCVARCache
[2022.03.08-07.24.43:401][  0]LogAIModule: Creating AISystem for world Untitled
[2022.03.08-07.24.43:402][  0]LogAudio: Display: Initializing Audio Device Manager...
[2022.03.08-07.24.43:412][  0]LogAudio: Display: Loading Default Audio Settings Objects...
[2022.03.08-07.24.43:413][  0]LogAudio: Display: No default SoundConcurrencyObject specified (or failed to load).
[2022.03.08-07.24.43:414][  0]LogAudio: Display: Audio Device Manager Initialized
[2022.03.08-07.24.43:415][  0]LogAudio: Display: Creating Audio Device:                 Id: 1, Scope: Shared, Realtime: True
[2022.03.08-07.24.43:415][  0]LogAudioMixer: Display: Audio Mixer Platform Settings:
[2022.03.08-07.24.43:415][  0]LogAudioMixer: Display: 	Sample Rate:						  48000
[2022.03.08-07.24.43:415][  0]LogAudioMixer: Display: 	Callback Buffer Frame Size Requested: 1024
[2022.03.08-07.24.43:415][  0]LogAudioMixer: Display: 	Callback Buffer Frame Size To Use:	  1024
[2022.03.08-07.24.43:415][  0]LogAudioMixer: Display: 	Number of buffers to queue:			  2
[2022.03.08-07.24.43:415][  0]LogAudioMixer: Display: 	Max Channels (voices):				  32
[2022.03.08-07.24.43:415][  0]LogAudioMixer: Display: 	Number of Async Source Workers:		  0
[2022.03.08-07.24.43:416][  0]LogAudio: Display: AudioDevice MaxSources: 32
[2022.03.08-07.24.43:416][  0]LogAudio: Display: Audio Spatialization Plugin: None (built-in).
[2022.03.08-07.24.43:416][  0]LogAudio: Display: Audio Reverb Plugin: None (built-in).
[2022.03.08-07.24.43:416][  0]LogAudio: Display: Audio Occlusion Plugin: None (built-in).
[2022.03.08-07.24.43:416][  0]LogAudioMixer: Display: Initializing audio mixer.
[2022.03.08-07.24.43:453][  0]LogAudioMixer: Display: 0: FrontLeft
[2022.03.08-07.24.43:453][  0]LogAudioMixer: Display: 1: FrontRight
[2022.03.08-07.24.43:709][  0]LogAudioMixer: Display: Using Audio Device 스피커(Realtek(R) Audio)
[2022.03.08-07.24.43:714][  0]LogAudioMixer: Display: Initializing Sound Submixes...
[2022.03.08-07.24.43:718][  0]LogAudioMixer: Display: Creating Master Submix 'MasterSubmixDefault'
[2022.03.08-07.24.43:718][  0]LogAudioMixer: Display: Creating Master Submix 'MasterReverbSubmixDefault'
[2022.03.08-07.24.43:719][  0]LogAudioMixer: Display: Creating Master Submix 'MasterEQSubmixDefault'
[2022.03.08-07.24.43:719][  0]LogAudioMixer: FMixerPlatformXAudio2::StartAudioStream() called
[2022.03.08-07.24.43:719][  0]LogAudioMixer: Display: Output buffers initialized: Frames=1024, Channels=2, Samples=2048
[2022.03.08-07.24.43:721][  0]LogAudioMixer: Display: Starting AudioMixerPlatformInterface::RunInternal()
[2022.03.08-07.24.43:722][  0]LogAudioMixer: Display: FMixerPlatformXAudio2::SubmitBuffer() called for the first time
[2022.03.08-07.24.43:722][  0]LogInit: FAudioDevice initialized.
[2022.03.08-07.24.43:722][  0]LogAudio: Display: Audio Device (ID: 1) registered with world 'Untitled'.
[2022.03.08-07.24.43:722][  0]LogNetVersion: Set ProjectVersion to 1.0.0.0. Version Checksum will be recalculated on next use.
[2022.03.08-07.24.43:793][  0]LogDerivedDataCache: Saved boot cache 0.07s 96MB C:/Users/lenovo/AppData/Local/UnrealEngine/4.27/DerivedDataCache/Boot.ddc.
[2022.03.08-07.24.43:796][  0]LogInit: Texture streaming: Enabled
[2022.03.08-07.24.43:822][  0]LogAnalytics: Display: [UEEditor.Rocket.Release] APIServer = https://datarouter.ol.epicgames.com/. AppVersion = 4.27.2-18319896+++UE4+Release-4.27
[2022.03.08-07.24.43:833][  0]LogEngineSessionManager: EngineSessionManager initialized
[2022.03.08-07.24.43:834][  0]LogEngineSessionManager: EngineSessionManager sent abnormal shutdown report. Type=Debugger, SessionId={5F48A846-4B22-F31D-FAE0-9D84FF7DF300}
[2022.03.08-07.24.43:834][  0]LogEditorSessionSummary: Verbose: Initializing EditorSessionSummaryWriter for editor session tracking
[2022.03.08-07.24.43:840][  0]LogEditorSessionSummary: EditorSessionSummaryWriter initialized
[2022.03.08-07.24.43:873][  0]LogInit: Transaction tracking system initialized
[2022.03.08-07.24.43:926][  0]BlueprintLog: New page: 에디터 로드
[2022.03.08-07.24.44:061][  0]LocalizationService: 현지화 서비스가 비활성화되었습니다.
[2022.03.08-07.24.44:112][  0]TimingProfiler: Initialize
[2022.03.08-07.24.44:112][  0]TimingProfiler: OnSessionChanged
[2022.03.08-07.24.44:112][  0]LoadingProfiler: Initialize
[2022.03.08-07.24.44:112][  0]LoadingProfiler: OnSessionChanged
[2022.03.08-07.24.44:113][  0]NetworkingProfiler: Initialize
[2022.03.08-07.24.44:113][  0]NetworkingProfiler: OnSessionChanged
[2022.03.08-07.24.44:113][  0]MemoryProfiler: Initialize
[2022.03.08-07.24.44:113][  0]MemoryProfiler: OnSessionChanged
[2022.03.08-07.24.44:340][  0]LogCook: Display: CookSettings for Memory: MemoryMaxUsedVirtual 0MiB, MemoryMaxUsedPhysical 16384MiB, MemoryMinFreeVirtual 0MiB, MemoryMinFreePhysical 1024MiB
[2022.03.08-07.24.44:340][  0]LogCook: Display: Mobile HDR setting 1
[2022.03.08-07.24.44:681][  0]LogFileCache: Scanning file cache for directory 'C:/EpicGames/ChattingClient/ChattingClient/Content/' took 0.00s
[2022.03.08-07.24.44:913][  0]LogInit: Display: Engine is initialized. Leaving FEngineLoop::Init()
[2022.03.08-07.24.44:920][  0]SourceControl: 소스 컨트롤이 꺼졌습니다.
[2022.03.08-07.24.44:920][  0]LogUnrealEdMisc: Loading editor; pre map load, took 11.390
[2022.03.08-07.24.44:920][  0]Cmd: MAP LOAD FILE="../../../../ChattingClient/ChattingClient/Content/MainLevel.umap" TEMPLATE=0 SHOWPROGRESS=1 FEATURELEVEL=3
[2022.03.08-07.24.44:921][  0]LightingResults: New page: 라이팅 빌드
[2022.03.08-07.24.44:923][  0]LogWorld: UWorld::CleanupWorld for Untitled, bSessionEnded=true, bCleanupResources=true
[2022.03.08-07.24.44:923][  0]LogSlate: InvalidateAllWidgets triggered.  All widgets were invalidated
[2022.03.08-07.24.44:923][  0]MapCheck: New page: 맵 체크
[2022.03.08-07.24.44:923][  0]LightingResults: New page: 라이팅 빌드
[2022.03.08-07.24.44:928][  0]LogAudio: Display: Audio Device unregistered from world 'None'.
[2022.03.08-07.24.44:933][  0]LogUObjectHash: Compacting FUObjectHashTables data took   0.83ms
[2022.03.08-07.24.44:941][  0]LogAudio: Display: Audio Device (ID: 1) registered with world 'MainLevel'.
[2022.03.08-07.24.44:942][  0]LogAIModule: Creating AISystem for world MainLevel
[2022.03.08-07.24.44:943][  0]LogEditorServer: Finished looking for orphan Actors (0.000 secs)
[2022.03.08-07.24.44:953][  0]LogUObjectHash: Compacting FUObjectHashTables data took   0.54ms
[2022.03.08-07.24.44:954][  0]Cmd: MAP CHECKDEP NOCLEARLOG
[2022.03.08-07.24.44:954][  0]MapCheck: 맵 체크 완료: 오류 0 회, 경고 0 회, 소요 시간 0.203ms.
[2022.03.08-07.24.44:954][  0]LogFileHelpers: Loading map 'MainLevel' took 0.034
[2022.03.08-07.24.44:957][  0]LogUnrealEdMisc: Total Editor Startup Time, took 11.428
[2022.03.08-07.24.45:108][  0]LogSlate: Updating window title bar state: overlay mode, drag disabled, window buttons hidden, title bar hidden
[2022.03.08-07.24.45:114][  0]LogSlate: Updating window title bar state: overlay mode, drag disabled, window buttons hidden, title bar hidden
[2022.03.08-07.24.45:119][  0]LogSlate: Updating window title bar state: overlay mode, drag disabled, window buttons hidden, title bar hidden
[2022.03.08-07.24.45:125][  0]LogSlate: Updating window title bar state: overlay mode, drag disabled, window buttons hidden, title bar hidden
[2022.03.08-07.24.45:141][  0]LogNativeClassHierarchy: Verbose: Native class hierarchy populated in 0.0085 seconds. Added 3833 classes and 931 folders.
[2022.03.08-07.24.45:144][  0]LogNativeClassHierarchy: Verbose: Native class hierarchy updated for 'WidgetCarousel' in 0.0003 seconds. Added 0 classes and 0 folders.
[2022.03.08-07.24.45:147][  0]LogPakFile: PakFile PrimaryIndexSize=187
[2022.03.08-07.24.45:147][  0]LogPakFile: PakFile PathHashIndexSize=101
[2022.03.08-07.24.45:147][  0]LogPakFile: PakFile FullDirectoryIndexSize=148
[2022.03.08-07.24.45:148][  0]LogShaderLibrary: Display: ShaderCodeLibraryPakFileMountedCallback: PakFile 'C:/EpicGames/UE_4.27/FeaturePacks/FP_FirstPerson.upack' (chunk index -1, root 'root:/') mounted
[2022.03.08-07.24.45:148][  0]LogShaderLibrary: Display: ShaderCodeLibraryPakFileMountedCallback: pending pak file info (ChunkID:-1 Root:root:/ File:C:/EpicGames/UE_4.27/FeaturePacks/FP_FirstPerson.upack)
[2022.03.08-07.24.45:148][  0]LogPakFile: OnPakFileMounted2Time == 0.000305
[2022.03.08-07.24.45:149][  0]LogPakFile: PakFile PrimaryIndexSize=189
[2022.03.08-07.24.45:149][  0]LogPakFile: PakFile PathHashIndexSize=101
[2022.03.08-07.24.45:149][  0]LogPakFile: PakFile FullDirectoryIndexSize=152
[2022.03.08-07.24.45:149][  0]LogShaderLibrary: Display: ShaderCodeLibraryPakFileMountedCallback: PakFile 'C:/EpicGames/UE_4.27/FeaturePacks/FP_FirstPersonBP.upack' (chunk index -1, root 'root:/') mounted
[2022.03.08-07.24.45:149][  0]LogShaderLibrary: Display: ShaderCodeLibraryPakFileMountedCallback: pending pak file info (ChunkID:-1 Root:root:/ File:C:/EpicGames/UE_4.27/FeaturePacks/FP_FirstPersonBP.upack)
[2022.03.08-07.24.45:150][  0]LogPakFile: OnPakFileMounted2Time == 0.000216
[2022.03.08-07.24.45:152][  0]LogPakFile: PakFile PrimaryIndexSize=191
[2022.03.08-07.24.45:152][  0]LogPakFile: PakFile PathHashIndexSize=101
[2022.03.08-07.24.45:152][  0]LogPakFile: PakFile FullDirectoryIndexSize=160
[2022.03.08-07.24.45:152][  0]LogShaderLibrary: Display: ShaderCodeLibraryPakFileMountedCallback: PakFile 'C:/EpicGames/UE_4.27/FeaturePacks/MobileStarterContent.upack' (chunk index -1, root 'root:/') mounted
[2022.03.08-07.24.45:152][  0]LogShaderLibrary: Display: ShaderCodeLibraryPakFileMountedCallback: pending pak file info (ChunkID:-1 Root:root:/ File:C:/EpicGames/UE_4.27/FeaturePacks/MobileStarterContent.upack)
[2022.03.08-07.24.45:152][  0]LogPakFile: OnPakFileMounted2Time == 0.000138
[2022.03.08-07.24.45:153][  0]LogPakFile: PakFile PrimaryIndexSize=185
[2022.03.08-07.24.45:154][  0]LogPakFile: PakFile PathHashIndexSize=101
[2022.03.08-07.24.45:154][  0]LogPakFile: PakFile FullDirectoryIndexSize=148
[2022.03.08-07.24.45:154][  0]LogShaderLibrary: Display: ShaderCodeLibraryPakFileMountedCallback: PakFile 'C:/EpicGames/UE_4.27/FeaturePacks/StarterContent.upack' (chunk index -1, root 'root:/') mounted
[2022.03.08-07.24.45:154][  0]LogShaderLibrary: Display: ShaderCodeLibraryPakFileMountedCallback: pending pak file info (ChunkID:-1 Root:root:/ File:C:/EpicGames/UE_4.27/FeaturePacks/StarterContent.upack)
[2022.03.08-07.24.45:154][  0]LogPakFile: OnPakFileMounted2Time == 0.000132
[2022.03.08-07.24.45:155][  0]LogPakFile: PakFile PrimaryIndexSize=190
[2022.03.08-07.24.45:155][  0]LogPakFile: PakFile PathHashIndexSize=101
[2022.03.08-07.24.45:155][  0]LogPakFile: PakFile FullDirectoryIndexSize=154
[2022.03.08-07.24.45:155][  0]LogShaderLibrary: Display: ShaderCodeLibraryPakFileMountedCallback: PakFile 'C:/EpicGames/UE_4.27/FeaturePacks/TP_2DSideScroller.upack' (chunk index -1, root 'root:/') mounted
[2022.03.08-07.24.45:155][  0]LogShaderLibrary: Display: ShaderCodeLibraryPakFileMountedCallback: pending pak file info (ChunkID:-1 Root:root:/ File:C:/EpicGames/UE_4.27/FeaturePacks/TP_2DSideScroller.upack)
[2022.03.08-07.24.45:155][  0]LogPakFile: OnPakFileMounted2Time == 0.000130
[2022.03.08-07.24.45:157][  0]LogPakFile: PakFile PrimaryIndexSize=192
[2022.03.08-07.24.45:157][  0]LogPakFile: PakFile PathHashIndexSize=101
[2022.03.08-07.24.45:157][  0]LogPakFile: PakFile FullDirectoryIndexSize=158
[2022.03.08-07.24.45:157][  0]LogShaderLibrary: Display: ShaderCodeLibraryPakFileMountedCallback: PakFile 'C:/EpicGames/UE_4.27/FeaturePacks/TP_2DSideScrollerBP.upack' (chunk index -1, root 'root:/') mounted
[2022.03.08-07.24.45:157][  0]LogShaderLibrary: Display: ShaderCodeLibraryPakFileMountedCallback: pending pak file info (ChunkID:-1 Root:root:/ File:C:/EpicGames/UE_4.27/FeaturePacks/TP_2DSideScrollerBP.upack)
[2022.03.08-07.24.45:157][  0]LogPakFile: OnPakFileMounted2Time == 0.000137
[2022.03.08-07.24.45:158][  0]LogPakFile: PakFile PrimaryIndexSize=182
[2022.03.08-07.24.45:158][  0]LogPakFile: PakFile PathHashIndexSize=101
[2022.03.08-07.24.45:159][  0]LogPakFile: PakFile FullDirectoryIndexSize=138
[2022.03.08-07.24.45:159][  0]LogShaderLibrary: Display: ShaderCodeLibraryPakFileMountedCallback: PakFile 'C:/EpicGames/UE_4.27/FeaturePacks/TP_Flying.upack' (chunk index -1, root 'root:/') mounted
[2022.03.08-07.24.45:159][  0]LogShaderLibrary: Display: ShaderCodeLibraryPakFileMountedCallback: pending pak file info (ChunkID:-1 Root:root:/ File:C:/EpicGames/UE_4.27/FeaturePacks/TP_Flying.upack)
[2022.03.08-07.24.45:159][  0]LogPakFile: OnPakFileMounted2Time == 0.000130
[2022.03.08-07.24.45:160][  0]LogPakFile: PakFile PrimaryIndexSize=184
[2022.03.08-07.24.45:160][  0]LogPakFile: PakFile PathHashIndexSize=101
[2022.03.08-07.24.45:160][  0]LogPakFile: PakFile FullDirectoryIndexSize=142
[2022.03.08-07.24.45:160][  0]LogShaderLibrary: Display: ShaderCodeLibraryPakFileMountedCallback: PakFile 'C:/EpicGames/UE_4.27/FeaturePacks/TP_FlyingBP.upack' (chunk index -1, root 'root:/') mounted
[2022.03.08-07.24.45:160][  0]LogShaderLibrary: Display: ShaderCodeLibraryPakFileMountedCallback: pending pak file info (ChunkID:-1 Root:root:/ File:C:/EpicGames/UE_4.27/FeaturePacks/TP_FlyingBP.upack)
[2022.03.08-07.24.45:160][  0]LogPakFile: OnPakFileMounted2Time == 0.000132
[2022.03.08-07.24.45:162][  0]LogPakFile: PakFile PrimaryIndexSize=188
[2022.03.08-07.24.45:162][  0]LogPakFile: PakFile PathHashIndexSize=101
[2022.03.08-07.24.45:162][  0]LogPakFile: PakFile FullDirectoryIndexSize=150
[2022.03.08-07.24.45:162][  0]LogShaderLibrary: Display: ShaderCodeLibraryPakFileMountedCallback: PakFile 'C:/EpicGames/UE_4.27/FeaturePacks/TP_HandheldARBP.upack' (chunk index -1, root 'root:/') mounted
[2022.03.08-07.24.45:162][  0]LogShaderLibrary: Display: ShaderCodeLibraryPakFileMountedCallback: pending pak file info (ChunkID:-1 Root:root:/ File:C:/EpicGames/UE_4.27/FeaturePacks/TP_HandheldARBP.upack)
[2022.03.08-07.24.45:162][  0]LogPakFile: OnPakFileMounted2Time == 0.000128
[2022.03.08-07.24.45:164][  0]LogPakFile: PakFile PrimaryIndexSize=182
[2022.03.08-07.24.45:164][  0]LogPakFile: PakFile PathHashIndexSize=101
[2022.03.08-07.24.45:164][  0]LogPakFile: PakFile FullDirectoryIndexSize=138
[2022.03.08-07.24.45:164][  0]LogShaderLibrary: Display: ShaderCodeLibraryPakFileMountedCallback: PakFile 'C:/EpicGames/UE_4.27/FeaturePacks/TP_Puzzle.upack' (chunk index -1, root 'root:/') mounted
[2022.03.08-07.24.45:164][  0]LogShaderLibrary: Display: ShaderCodeLibraryPakFileMountedCallback: pending pak file info (ChunkID:-1 Root:root:/ File:C:/EpicGames/UE_4.27/FeaturePacks/TP_Puzzle.upack)
[2022.03.08-07.24.45:164][  0]LogPakFile: OnPakFileMounted2Time == 0.000134
[2022.03.08-07.24.45:165][  0]LogPakFile: PakFile PrimaryIndexSize=184
[2022.03.08-07.24.45:165][  0]LogPakFile: PakFile PathHashIndexSize=101
[2022.03.08-07.24.45:165][  0]LogPakFile: PakFile FullDirectoryIndexSize=142
[2022.03.08-07.24.45:165][  0]LogShaderLibrary: Display: ShaderCodeLibraryPakFileMountedCallback: PakFile 'C:/EpicGames/UE_4.27/FeaturePacks/TP_PuzzleBP.upack' (chunk index -1, root 'root:/') mounted
[2022.03.08-07.24.45:166][  0]LogShaderLibrary: Display: ShaderCodeLibraryPakFileMountedCallback: pending pak file info (ChunkID:-1 Root:root:/ File:C:/EpicGames/UE_4.27/FeaturePacks/TP_PuzzleBP.upack)
[2022.03.08-07.24.45:166][  0]LogPakFile: OnPakFileMounted2Time == 0.000150
[2022.03.08-07.24.45:167][  0]LogPakFile: PakFile PrimaryIndexSize=183
[2022.03.08-07.24.45:167][  0]LogPakFile: PakFile PathHashIndexSize=101
[2022.03.08-07.24.45:167][  0]LogPakFile: PakFile FullDirectoryIndexSize=140
[2022.03.08-07.24.45:167][  0]LogShaderLibrary: Display: ShaderCodeLibraryPakFileMountedCallback: PakFile 'C:/EpicGames/UE_4.27/FeaturePacks/TP_Rolling.upack' (chunk index -1, root 'root:/') mounted
[2022.03.08-07.24.45:167][  0]LogShaderLibrary: Display: ShaderCodeLibraryPakFileMountedCallback: pending pak file info (ChunkID:-1 Root:root:/ File:C:/EpicGames/UE_4.27/FeaturePacks/TP_Rolling.upack)
[2022.03.08-07.24.45:167][  0]LogPakFile: OnPakFileMounted2Time == 0.000130
[2022.03.08-07.24.45:168][  0]LogPakFile: PakFile PrimaryIndexSize=185
[2022.03.08-07.24.45:168][  0]LogPakFile: PakFile PathHashIndexSize=101
[2022.03.08-07.24.45:168][  0]LogPakFile: PakFile FullDirectoryIndexSize=144
[2022.03.08-07.24.45:168][  0]LogShaderLibrary: Display: ShaderCodeLibraryPakFileMountedCallback: PakFile 'C:/EpicGames/UE_4.27/FeaturePacks/TP_RollingBP.upack' (chunk index -1, root 'root:/') mounted
[2022.03.08-07.24.45:168][  0]LogShaderLibrary: Display: ShaderCodeLibraryPakFileMountedCallback: pending pak file info (ChunkID:-1 Root:root:/ File:C:/EpicGames/UE_4.27/FeaturePacks/TP_RollingBP.upack)
[2022.03.08-07.24.45:168][  0]LogPakFile: OnPakFileMounted2Time == 0.000129
[2022.03.08-07.24.45:170][  0]LogPakFile: PakFile PrimaryIndexSize=188
[2022.03.08-07.24.45:170][  0]LogPakFile: PakFile PathHashIndexSize=101
[2022.03.08-07.24.45:170][  0]LogPakFile: PakFile FullDirectoryIndexSize=150
[2022.03.08-07.24.45:170][  0]LogShaderLibrary: Display: ShaderCodeLibraryPakFileMountedCallback: PakFile 'C:/EpicGames/UE_4.27/FeaturePacks/TP_SideScroller.upack' (chunk index -1, root 'root:/') mounted
[2022.03.08-07.24.45:170][  0]LogShaderLibrary: Display: ShaderCodeLibraryPakFileMountedCallback: pending pak file info (ChunkID:-1 Root:root:/ File:C:/EpicGames/UE_4.27/FeaturePacks/TP_SideScroller.upack)
[2022.03.08-07.24.45:170][  0]LogPakFile: OnPakFileMounted2Time == 0.000133
[2022.03.08-07.24.45:171][  0]LogPakFile: PakFile PrimaryIndexSize=190
[2022.03.08-07.24.45:171][  0]LogPakFile: PakFile PathHashIndexSize=101
[2022.03.08-07.24.45:171][  0]LogPakFile: PakFile FullDirectoryIndexSize=154
[2022.03.08-07.24.45:171][  0]LogShaderLibrary: Display: ShaderCodeLibraryPakFileMountedCallback: PakFile 'C:/EpicGames/UE_4.27/FeaturePacks/TP_SideScrollerBP.upack' (chunk index -1, root 'root:/') mounted
[2022.03.08-07.24.45:171][  0]LogShaderLibrary: Display: ShaderCodeLibraryPakFileMountedCallback: pending pak file info (ChunkID:-1 Root:root:/ File:C:/EpicGames/UE_4.27/FeaturePacks/TP_SideScrollerBP.upack)
[2022.03.08-07.24.45:171][  0]LogPakFile: OnPakFileMounted2Time == 0.000147
[2022.03.08-07.24.45:173][  0]LogPakFile: PakFile PrimaryIndexSize=187
[2022.03.08-07.24.45:173][  0]LogPakFile: PakFile PathHashIndexSize=101
[2022.03.08-07.24.45:173][  0]LogPakFile: PakFile FullDirectoryIndexSize=148
[2022.03.08-07.24.45:173][  0]LogShaderLibrary: Display: ShaderCodeLibraryPakFileMountedCallback: PakFile 'C:/EpicGames/UE_4.27/FeaturePacks/TP_ThirdPerson.upack' (chunk index -1, root 'root:/') mounted
[2022.03.08-07.24.45:173][  0]LogShaderLibrary: Display: ShaderCodeLibraryPakFileMountedCallback: pending pak file info (ChunkID:-1 Root:root:/ File:C:/EpicGames/UE_4.27/FeaturePacks/TP_ThirdPerson.upack)
[2022.03.08-07.24.45:173][  0]LogPakFile: OnPakFileMounted2Time == 0.000142
[2022.03.08-07.24.45:174][  0]LogPakFile: PakFile PrimaryIndexSize=189
[2022.03.08-07.24.45:174][  0]LogPakFile: PakFile PathHashIndexSize=101
[2022.03.08-07.24.45:174][  0]LogPakFile: PakFile FullDirectoryIndexSize=152
[2022.03.08-07.24.45:175][  0]LogShaderLibrary: Display: ShaderCodeLibraryPakFileMountedCallback: PakFile 'C:/EpicGames/UE_4.27/FeaturePacks/TP_ThirdPersonBP.upack' (chunk index -1, root 'root:/') mounted
[2022.03.08-07.24.45:175][  0]LogShaderLibrary: Display: ShaderCodeLibraryPakFileMountedCallback: pending pak file info (ChunkID:-1 Root:root:/ File:C:/EpicGames/UE_4.27/FeaturePacks/TP_ThirdPersonBP.upack)
[2022.03.08-07.24.45:175][  0]LogPakFile: OnPakFileMounted2Time == 0.000158
[2022.03.08-07.24.45:176][  0]LogPakFile: PakFile PrimaryIndexSize=183
[2022.03.08-07.24.45:176][  0]LogPakFile: PakFile PathHashIndexSize=101
[2022.03.08-07.24.45:176][  0]LogPakFile: PakFile FullDirectoryIndexSize=140
[2022.03.08-07.24.45:176][  0]LogShaderLibrary: Display: ShaderCodeLibraryPakFileMountedCallback: PakFile 'C:/EpicGames/UE_4.27/FeaturePacks/TP_TopDown.upack' (chunk index -1, root 'root:/') mounted
[2022.03.08-07.24.45:176][  0]LogShaderLibrary: Display: ShaderCodeLibraryPakFileMountedCallback: pending pak file info (ChunkID:-1 Root:root:/ File:C:/EpicGames/UE_4.27/FeaturePacks/TP_TopDown.upack)
[2022.03.08-07.24.45:176][  0]LogPakFile: OnPakFileMounted2Time == 0.000153
[2022.03.08-07.24.45:177][  0]LogPakFile: PakFile PrimaryIndexSize=185
[2022.03.08-07.24.45:177][  0]LogPakFile: PakFile PathHashIndexSize=101
[2022.03.08-07.24.45:177][  0]LogPakFile: PakFile FullDirectoryIndexSize=144
[2022.03.08-07.24.45:177][  0]LogShaderLibrary: Display: ShaderCodeLibraryPakFileMountedCallback: PakFile 'C:/EpicGames/UE_4.27/FeaturePacks/TP_TopDownBP.upack' (chunk index -1, root 'root:/') mounted
[2022.03.08-07.24.45:177][  0]LogShaderLibrary: Display: ShaderCodeLibraryPakFileMountedCallback: pending pak file info (ChunkID:-1 Root:root:/ File:C:/EpicGames/UE_4.27/FeaturePacks/TP_TopDownBP.upack)
[2022.03.08-07.24.45:178][  0]LogPakFile: OnPakFileMounted2Time == 0.000156
[2022.03.08-07.24.45:179][  0]LogPakFile: PakFile PrimaryIndexSize=185
[2022.03.08-07.24.45:179][  0]LogPakFile: PakFile PathHashIndexSize=101
[2022.03.08-07.24.45:179][  0]LogPakFile: PakFile FullDirectoryIndexSize=144
[2022.03.08-07.24.45:179][  0]LogShaderLibrary: Display: ShaderCodeLibraryPakFileMountedCallback: PakFile 'C:/EpicGames/UE_4.27/FeaturePacks/TP_TwinStick.upack' (chunk index -1, root 'root:/') mounted
[2022.03.08-07.24.45:179][  0]LogShaderLibrary: Display: ShaderCodeLibraryPakFileMountedCallback: pending pak file info (ChunkID:-1 Root:root:/ File:C:/EpicGames/UE_4.27/FeaturePacks/TP_TwinStick.upack)
[2022.03.08-07.24.45:179][  0]LogPakFile: OnPakFileMounted2Time == 0.000181
[2022.03.08-07.24.45:180][  0]LogPakFile: PakFile PrimaryIndexSize=187
[2022.03.08-07.24.45:181][  0]LogPakFile: PakFile PathHashIndexSize=101
[2022.03.08-07.24.45:181][  0]LogPakFile: PakFile FullDirectoryIndexSize=148
[2022.03.08-07.24.45:181][  0]LogShaderLibrary: Display: ShaderCodeLibraryPakFileMountedCallback: PakFile 'C:/EpicGames/UE_4.27/FeaturePacks/TP_TwinStickBP.upack' (chunk index -1, root 'root:/') mounted
[2022.03.08-07.24.45:181][  0]LogShaderLibrary: Display: ShaderCodeLibraryPakFileMountedCallback: pending pak file info (ChunkID:-1 Root:root:/ File:C:/EpicGames/UE_4.27/FeaturePacks/TP_TwinStickBP.upack)
[2022.03.08-07.24.45:181][  0]LogPakFile: OnPakFileMounted2Time == 0.000171
[2022.03.08-07.24.45:182][  0]LogPakFile: PakFile PrimaryIndexSize=183
[2022.03.08-07.24.45:182][  0]LogPakFile: PakFile PathHashIndexSize=101
[2022.03.08-07.24.45:182][  0]LogPakFile: PakFile FullDirectoryIndexSize=140
[2022.03.08-07.24.45:182][  0]LogShaderLibrary: Display: ShaderCodeLibraryPakFileMountedCallback: PakFile 'C:/EpicGames/UE_4.27/FeaturePacks/TP_Vehicle.upack' (chunk index -1, root 'root:/') mounted
[2022.03.08-07.24.45:182][  0]LogShaderLibrary: Display: ShaderCodeLibraryPakFileMountedCallback: pending pak file info (ChunkID:-1 Root:root:/ File:C:/EpicGames/UE_4.27/FeaturePacks/TP_Vehicle.upack)
[2022.03.08-07.24.45:182][  0]LogPakFile: OnPakFileMounted2Time == 0.000150
[2022.03.08-07.24.45:184][  0]LogPakFile: PakFile PrimaryIndexSize=186
[2022.03.08-07.24.45:184][  0]LogPakFile: PakFile PathHashIndexSize=101
[2022.03.08-07.24.45:184][  0]LogPakFile: PakFile FullDirectoryIndexSize=146
[2022.03.08-07.24.45:184][  0]LogShaderLibrary: Display: ShaderCodeLibraryPakFileMountedCallback: PakFile 'C:/EpicGames/UE_4.27/FeaturePacks/TP_VehicleAdv.upack' (chunk index -1, root 'root:/') mounted
[2022.03.08-07.24.45:184][  0]LogShaderLibrary: Display: ShaderCodeLibraryPakFileMountedCallback: pending pak file info (ChunkID:-1 Root:root:/ File:C:/EpicGames/UE_4.27/FeaturePacks/TP_VehicleAdv.upack)
[2022.03.08-07.24.45:184][  0]LogPakFile: OnPakFileMounted2Time == 0.000146
[2022.03.08-07.24.45:185][  0]LogPakFile: PakFile PrimaryIndexSize=188
[2022.03.08-07.24.45:186][  0]LogPakFile: PakFile PathHashIndexSize=101
[2022.03.08-07.24.45:186][  0]LogPakFile: PakFile FullDirectoryIndexSize=150
[2022.03.08-07.24.45:186][  0]LogShaderLibrary: Display: ShaderCodeLibraryPakFileMountedCallback: PakFile 'C:/EpicGames/UE_4.27/FeaturePacks/TP_VehicleAdvBP.upack' (chunk index -1, root 'root:/') mounted
[2022.03.08-07.24.45:186][  0]LogShaderLibrary: Display: ShaderCodeLibraryPakFileMountedCallback: pending pak file info (ChunkID:-1 Root:root:/ File:C:/EpicGames/UE_4.27/FeaturePacks/TP_VehicleAdvBP.upack)
[2022.03.08-07.24.45:186][  0]LogPakFile: OnPakFileMounted2Time == 0.000161
[2022.03.08-07.24.45:187][  0]LogPakFile: PakFile PrimaryIndexSize=185
[2022.03.08-07.24.45:187][  0]LogPakFile: PakFile PathHashIndexSize=101
[2022.03.08-07.24.45:187][  0]LogPakFile: PakFile FullDirectoryIndexSize=144
[2022.03.08-07.24.45:187][  0]LogShaderLibrary: Display: ShaderCodeLibraryPakFileMountedCallback: PakFile 'C:/EpicGames/UE_4.27/FeaturePacks/TP_VehicleBP.upack' (chunk index -1, root 'root:/') mounted
[2022.03.08-07.24.45:188][  0]LogShaderLibrary: Display: ShaderCodeLibraryPakFileMountedCallback: pending pak file info (ChunkID:-1 Root:root:/ File:C:/EpicGames/UE_4.27/FeaturePacks/TP_VehicleBP.upack)
[2022.03.08-07.24.45:188][  0]LogPakFile: OnPakFileMounted2Time == 0.000156
[2022.03.08-07.24.45:190][  0]LogPakFile: PakFile PrimaryIndexSize=192
[2022.03.08-07.24.45:190][  0]LogPakFile: PakFile PathHashIndexSize=101
[2022.03.08-07.24.45:190][  0]LogPakFile: PakFile FullDirectoryIndexSize=158
[2022.03.08-07.24.45:190][  0]LogShaderLibrary: Display: ShaderCodeLibraryPakFileMountedCallback: PakFile 'C:/EpicGames/UE_4.27/FeaturePacks/TP_VirtualRealityBP.upack' (chunk index -1, root 'root:/') mounted
[2022.03.08-07.24.45:190][  0]LogShaderLibrary: Display: ShaderCodeLibraryPakFileMountedCallback: pending pak file info (ChunkID:-1 Root:root:/ File:C:/EpicGames/UE_4.27/FeaturePacks/TP_VirtualRealityBP.upack)
[2022.03.08-07.24.45:190][  0]LogPakFile: OnPakFileMounted2Time == 0.000152
[2022.03.08-07.24.45:296][  0]LogNativeClassHierarchy: Verbose: Native class hierarchy updated for 'AddContentDialog' in 0.0002 seconds. Added 0 classes and 0 folders.
[2022.03.08-07.24.45:300][  0]LogNativeClassHierarchy: Verbose: Native class hierarchy updated for 'SceneOutliner' in 0.0002 seconds. Added 2 classes and 0 folders.
[2022.03.08-07.24.45:663][  0]LogSlate: Only BGRA pngs, bmps or icos are supported in by External Image Picker
[2022.03.08-07.24.45:750][  0]LogSlate: Took 0.001259 seconds to synchronously load lazily loaded font '../../../Engine/Content/Slate/Fonts/Roboto-Regular.ttf' (155K)
[2022.03.08-07.24.45:755][  0]LogSlate: Took 0.004469 seconds to synchronously load lazily loaded font '../../../Engine/Content/Editor/Slate/Fonts/NanumGothic.ttf' (4243K)
[2022.03.08-07.24.45:756][  0]LogSlate: Took 0.000942 seconds to synchronously load lazily loaded font '../../../Engine/Content/Editor/Slate/Fonts/FontAwesome.ttf' (139K)
[2022.03.08-07.24.45:761][  0]LogSlate: Took 0.003997 seconds to synchronously load lazily loaded font '../../../Engine/Content/Editor/Slate/Fonts/NanumGothicBold.ttf' (4188K)
[2022.03.08-07.24.45:762][  0]LogSlate: Took 0.000782 seconds to synchronously load lazily loaded font '../../../Engine/Content/Slate/Fonts/Roboto-Bold.ttf' (160K)
[2022.03.08-07.24.45:845][  0]LogRenderer: Reallocating scene render targets to support 940x400 Format 10 NumSamples 1 (Frame:1).
[2022.03.08-07.24.45:878][  0]LogSlate: Took 0.000233 seconds to synchronously load lazily loaded font '../../../Engine/Content/Slate/Fonts/Roboto-Light.ttf' (167K)
[2022.03.08-07.24.45:966][  0]LogNativeClassHierarchy: Verbose: Native class hierarchy updated for 'HierarchicalLODOutliner' in 0.0003 seconds. Added 0 classes and 0 folders.
[2022.03.08-07.24.45:967][  0]LogLoad: (Engine Initialization) Total time: 12.44 seconds
[2022.03.08-07.24.45:967][  0]LogLoad: (Engine Initialization) Total Blueprint compile time: 0.00 seconds
[2022.03.08-07.24.46:102][  0]LogAssetRegistry: Asset discovery search completed in 6.7248 seconds
[2022.03.08-07.24.46:112][  0]LogCollectionManager: Fixed up redirectors for 0 collections in 0.000003 seconds (updated 0 objects)
[2022.03.08-07.24.46:113][  0]LogContentStreaming: Texture pool size now 1000 MB
[2022.03.08-07.24.46:149][  1]LogRenderer: Reallocating scene render targets to support 940x416 Format 10 NumSamples 1 (Frame:3).
[2022.03.08-07.24.52:901][114]LogTemp: Repeating last play command: 선택된 뷰포트
[2022.03.08-07.24.52:908][114]LogPlayLevel: PlayLevel: No blueprints needed recompiling
[2022.03.08-07.24.52:908][114]PIE: New page: PIE 세션: MainLevel (2022. 3. 9. 오전 1:24:52)
[2022.03.08-07.24.52:911][114]LogOnline: OSS: Creating online subsystem instance for: NULL
[2022.03.08-07.24.52:914][114]LogOnline: OSS: TryLoadSubsystemAndSetDefault: Loaded subsystem for module [NULL]
[2022.03.08-07.24.52:914][114]LogPlayLevel: Creating play world package: /Game/UEDPIE_0_MainLevel
[2022.03.08-07.24.52:915][114]LogPlayLevel: PIE: StaticDuplicateObject took: (0.000958s)
[2022.03.08-07.24.52:916][114]LogAIModule: Creating AISystem for world MainLevel
[2022.03.08-07.24.52:916][114]LogPlayLevel: PIE: World Init took: (0.001045s)
[2022.03.08-07.24.52:916][114]LogPlayLevel: PIE: Created PIE world by copying editor world from /Game/MainLevel.MainLevel to /Game/UEDPIE_0_MainLevel.MainLevel (0.002603s)
[2022.03.08-07.24.52:921][114]LogUObjectHash: Compacting FUObjectHashTables data took   0.53ms
[2022.03.08-07.24.52:926][114]LogAudio: Display: Creating Audio Device:                 Id: 2, Scope: Unique, Realtime: True
[2022.03.08-07.24.52:926][114]LogAudioMixer: Display: Audio Mixer Platform Settings:
[2022.03.08-07.24.52:928][114]LogAudioMixer: Display: 	Sample Rate:						  48000
[2022.03.08-07.24.52:928][114]LogAudioMixer: Display: 	Callback Buffer Frame Size Requested: 1024
[2022.03.08-07.24.52:928][114]LogAudioMixer: Display: 	Callback Buffer Frame Size To Use:	  1024
[2022.03.08-07.24.52:928][114]LogAudioMixer: Display: 	Number of buffers to queue:			  2
[2022.03.08-07.24.52:928][114]LogAudioMixer: Display: 	Max Channels (voices):				  32
[2022.03.08-07.24.52:928][114]LogAudioMixer: Display: 	Number of Async Source Workers:		  0
[2022.03.08-07.24.52:928][114]LogAudio: Display: AudioDevice MaxSources: 32
[2022.03.08-07.24.52:929][114]LogAudio: Display: Audio Spatialization Plugin: None (built-in).
[2022.03.08-07.24.52:929][114]LogAudio: Display: Audio Reverb Plugin: None (built-in).
[2022.03.08-07.24.52:929][114]LogAudio: Display: Audio Occlusion Plugin: None (built-in).
[2022.03.08-07.24.52:929][114]LogAudioMixer: Display: Initializing audio mixer.
[2022.03.08-07.24.52:940][114]LogAudioMixer: Display: 0: FrontLeft
[2022.03.08-07.24.52:940][114]LogAudioMixer: Display: 1: FrontRight
[2022.03.08-07.24.52:971][114]LogAudioMixer: Display: Using Audio Device 스피커(Realtek(R) Audio)
[2022.03.08-07.24.52:972][114]LogAudioMixer: Display: Initializing Sound Submixes...
[2022.03.08-07.24.52:972][114]LogAudioMixer: Display: Creating Master Submix 'MasterSubmixDefault'
[2022.03.08-07.24.52:972][114]LogAudioMixer: Display: Creating Master Submix 'MasterReverbSubmixDefault'
[2022.03.08-07.24.52:973][114]LogAudioMixer: Display: Creating Master Submix 'MasterEQSubmixDefault'
[2022.03.08-07.24.52:973][114]LogAudioMixer: FMixerPlatformXAudio2::StartAudioStream() called
[2022.03.08-07.24.52:973][114]LogAudioMixer: Display: Output buffers initialized: Frames=1024, Channels=2, Samples=2048
[2022.03.08-07.24.52:976][114]LogAudioMixer: Display: Starting AudioMixerPlatformInterface::RunInternal()
[2022.03.08-07.24.52:976][114]LogAudioMixer: Display: FMixerPlatformXAudio2::SubmitBuffer() called for the first time
[2022.03.08-07.24.52:976][114]LogInit: FAudioDevice initialized.
[2022.03.08-07.24.52:976][114]LogAudio: Display: Audio Device (ID: 2) registered with world 'MainLevel'.
[2022.03.08-07.24.52:993][114]LogLoad: Game class is 'GameModeBase'
[2022.03.08-07.24.52:994][114]LogWorld: Bringing World /Game/UEDPIE_0_MainLevel.MainLevel up for play (max tick rate 60) at 2022.03.08-16.24.52
[2022.03.08-07.24.52:994][114]LogWorld: Bringing up level for play took: 0.000375
[2022.03.08-07.24.52:995][114]LogOnline: OSS: Creating online subsystem instance for: :Context_2
[2022.03.08-07.24.53:001][114]LogNativeClassHierarchy: Verbose: Native class hierarchy updated for 'MovieSceneCapture' in 0.0003 seconds. Added 20 classes and 0 folders.
[2022.03.08-07.24.53:004][114]LogViewport: Display: Viewport MouseLockMode Changed, LockOnCapture -> LockInFullscreen
[2022.03.08-07.24.53:004][114]LogViewport: Display: Viewport MouseCaptureMode Changed, CapturePermanently_IncludingInitialMouseDown -> NoCapture
[2022.03.08-07.24.53:004][114]LogViewport: Display: Player bShowMouseCursor Changed, False -> True
[2022.03.08-07.24.53:005][114]PIE: 서버가 로그인했습니다.
[2022.03.08-07.24.53:006][114]PIE: 에디터에서 플레이 총 시작 시간 0.101초입니다.
[2022.03.08-07.24.53:009][114]LogTemp: From Server: Welcome to chatting server!
Please login using Login [Username] command
[2022.03.08-07.24.53:009][114]LogTemp: not Find UserInfo inst
[2022.03.08-07.24.55:331][252]LogTemp: SendMsg: login qwer
[2022.03.08-07.24.55:334][252]LogTemp: Send: login qwer

[2022.03.08-07.24.55:348][253]LogTemp: From Server: Now you will be called: [qwer]
Please Checking Command list using h or H
[2022.03.08-07.24.55:349][253]LogTemp: not Find UserInfo inst
[2022.03.08-07.24.56:181][303]LogTemp: SendMsg: us
[2022.03.08-07.24.56:183][303]LogTemp: Send: us

[2022.03.08-07.24.56:198][304]LogTemp: From Server: 
--------------------------UserList--------------------------
qwer 127.0.0.1:58383
[2022.03.08-07.25.08:375][304]LogTemp: Find UserInfo inst
[2022.03.08-07.25.10:188][356]LogTemp: SendMsg: us
[2022.03.08-07.25.10:190][356]LogTemp: Send: us

[2022.03.08-07.25.10:205][357]LogTemp: From Server: 
--------------------------UserList--------------------------
qwer 127.0.0.1:58383
[2022.03.08-07.25.23:851][357]LogTemp: Find UserInfo inst
