Log file open, 03/09/22 13:00:30
LogWindows: Failed to load 'aqProf.dll' (GetLastError=126)
LogWindows: File 'aqProf.dll' does not exist
LogWindows: Failed to load 'VtuneApi.dll' (GetLastError=126)
LogWindows: File 'VtuneApi.dll' does not exist
LogWindows: Failed to load 'VtuneApi32e.dll' (GetLastError=126)
LogWindows: File 'VtuneApi32e.dll' does not exist
LogConsoleResponse: Display: Failed to find resolution value strings in scalability ini. Falling back to default.
LogConsoleResponse: Display: Failed to find resolution value strings in scalability ini. Falling back to default.
LogInit: Display: Running engine for game: ChattingClient
LogPlatformFile: Not using cached read wrapper
LogTaskGraph: Started task graph with 5 named threads and 35 total threads with 3 sets of task threads.
LogStats: Stats thread started at 0.469107
LogICUInternationalization: ICU TimeZone Detection - Raw Offset: +9:00, Platform Override: ''
LogInit: Display: Loading text-based GConfig....
LogPluginManager: Mounting plugin MeshPainting
LogPluginManager: Mounting plugin XGEController
LogPluginManager: Mounting plugin AISupport
LogPluginManager: Mounting plugin Paper2D
LogPluginManager: Mounting plugin EnvironmentQueryEditor
LogPluginManager: Mounting plugin LightPropagationVolume
LogPluginManager: Mounting plugin LiveLink
LogPluginManager: Mounting plugin CameraShakePreviewer
LogPluginManager: Mounting plugin GameplayCameras
LogPluginManager: Mounting plugin OodleData
LogPluginManager: Mounting plugin OodleNetwork
LogPluginManager: Mounting plugin AnimationSharing
LogPluginManager: Mounting plugin CLionSourceCodeAccess
LogPluginManager: Mounting plugin CodeLiteSourceCodeAccess
LogPluginManager: Mounting plugin GitSourceControl
LogPluginManager: Mounting plugin KDevelopSourceCodeAccess
LogPluginManager: Mounting plugin NullSourceCodeAccess
LogPluginManager: Mounting plugin PerforceSourceControl
LogPluginManager: Mounting plugin PixWinPlugin
LogPluginManager: Mounting plugin PlasticSourceControl
LogPluginManager: Mounting plugin PluginUtils
LogPluginManager: Mounting plugin PropertyAccessNode
LogPluginManager: Mounting plugin TextureFormatOodle
LogPluginManager: Mounting plugin SubversionSourceControl
LogPluginManager: Mounting plugin RiderSourceCodeAccess
LogPluginManager: Mounting plugin UObjectPlugin
LogPluginManager: Mounting plugin VisualStudioCodeSourceCodeAccess
LogPluginManager: Mounting plugin XCodeSourceCodeAccess
LogPluginManager: Mounting plugin Niagara
LogPluginManager: Mounting plugin AlembicImporter
LogPluginManager: Mounting plugin VisualStudioSourceCodeAccess
LogPluginManager: Mounting plugin AutomationUtils
LogPluginManager: Mounting plugin BackChannel
LogPluginManager: Mounting plugin ChaosCloth
LogPluginManager: Mounting plugin ChaosClothEditor
LogPluginManager: Mounting plugin ChaosEditor
LogPluginManager: Mounting plugin ChaosNiagara
LogPluginManager: Mounting plugin ChaosSolverPlugin
LogPluginManager: Mounting plugin CharacterAI
LogPluginManager: Mounting plugin GeometryCache
LogPluginManager: Mounting plugin GeometryCollectionPlugin
LogPluginManager: Mounting plugin DatasmithContent
LogPluginManager: Mounting plugin GeometryProcessing
LogPluginManager: Mounting plugin LuminPlatformFeatures
LogPluginManager: Mounting plugin MagicLeap
LogPluginManager: Mounting plugin MagicLeapLightEstimation
LogPluginManager: Mounting plugin MagicLeapMedia
LogPluginManager: Mounting plugin MotoSynth
LogPluginManager: Mounting plugin OpenImageDenoise
LogPluginManager: Mounting plugin MagicLeapPassableWorld
LogPluginManager: Mounting plugin PlanarCut
LogPluginManager: Mounting plugin PlatformCrypto
LogPluginManager: Mounting plugin ProxyLODPlugin
LogPluginManager: Mounting plugin MLSDK
LogPluginManager: Mounting plugin VariantManagerContent
LogPluginManager: Mounting plugin PythonScriptPlugin
LogPluginManager: Mounting plugin SkeletalReduction
LogPluginManager: Mounting plugin AvfMedia
LogPluginManager: Mounting plugin AndroidMedia
LogPluginManager: Mounting plugin ImgMedia
LogPluginManager: Mounting plugin MediaCompositing
LogPluginManager: Mounting plugin MediaPlayerEditor
LogPluginManager: Mounting plugin WebMMedia
LogPluginManager: Mounting plugin WmfMedia
LogPluginManager: Mounting plugin TcpMessaging
LogPluginManager: Mounting plugin UdpMessaging
LogPluginManager: Mounting plugin OnlineSubsystem
LogPluginManager: Mounting plugin OnlineSubsystemNull
LogPluginManager: Mounting plugin OnlineSubsystemUtils
LogPluginManager: Mounting plugin LauncherChunkInstaller
LogPluginManager: Mounting plugin ActorLayerUtilities
LogPluginManager: Mounting plugin AndroidDeviceProfileSelector
LogPluginManager: Mounting plugin AndroidMoviePlayer
LogPluginManager: Mounting plugin AndroidPermission
LogPluginManager: Mounting plugin AppleImageUtils
LogPluginManager: Mounting plugin AppleMoviePlayer
LogPluginManager: Mounting plugin ArchVisCharacter
LogPluginManager: Mounting plugin AssetTags
LogPluginManager: Mounting plugin AudioCapture
LogPluginManager: Mounting plugin AudioSynesthesia
LogPluginManager: Mounting plugin CableComponent
LogPluginManager: Mounting plugin ChunkDownloader
LogPluginManager: Mounting plugin CustomMeshComponent
LogPluginManager: Mounting plugin EditableMesh
LogPluginManager: Mounting plugin ExampleDeviceProfileSelector
LogPluginManager: Mounting plugin GoogleCloudMessaging
LogPluginManager: Mounting plugin GooglePAD
LogPluginManager: Mounting plugin ScreenshotTools
LogPluginManager: Mounting plugin ActorSequence
LogPluginManager: Mounting plugin IOSDeviceProfileSelector
LogPluginManager: Mounting plugin LinuxDeviceProfileSelector
LogPluginManager: Mounting plugin LevelSequenceEditor
LogPluginManager: Mounting plugin LocationServicesBPLibrary
LogPluginManager: Mounting plugin MobilePatchingUtils
LogPluginManager: Mounting plugin TemplateSequence
LogPluginManager: Mounting plugin OpenXR
LogPluginManager: Mounting plugin OpenXREyeTracker
LogPluginManager: Mounting plugin OpenXRHandTracking
LogPluginManager: Mounting plugin MatineeToLevelSequence
LogPluginManager: Mounting plugin PhysXVehicles
LogPluginManager: Mounting plugin Takes
LogPluginManager: Mounting plugin ProceduralMeshComponent
LogPluginManager: Mounting plugin PostSplashScreen
LogPluginManager: Mounting plugin PropertyAccessEditor
LogPluginManager: Mounting plugin SignificanceManager
LogPluginManager: Mounting plugin SoundFields
LogPluginManager: Mounting plugin RuntimePhysXCooking
LogPluginManager: Mounting plugin Synthesis
LogPluginManager: Mounting plugin WebMMoviePlayer
LogPluginManager: Mounting plugin WindowsMoviePlayer
LogPluginManager: Mounting plugin AssetManagerEditor
LogPluginManager: Mounting plugin CryptoKeys
LogPluginManager: Mounting plugin CurveEditorTools
LogPluginManager: Mounting plugin DataValidation
LogPluginManager: Mounting plugin FacialAnimation
LogPluginManager: Mounting plugin GameplayTagsEditor
LogPluginManager: Mounting plugin GeometryMode
LogPluginManager: Mounting plugin MacGraphicsSwitching
LogPluginManager: Mounting plugin MaterialAnalyzer
LogPluginManager: Mounting plugin MobileLauncherProfileWizard
LogPluginManager: Mounting plugin SpeedTreeImporter
LogPluginManager: Mounting plugin PluginBrowser
LogPluginManager: Mounting plugin OnlineSubsystemGooglePlay
LogPluginManager: Mounting plugin OnlineSubsystemIOS
LogPluginManager: Mounting plugin OculusVR
LogPluginManager: Mounting plugin SteamVR
LogPluginManager: Mounting plugin ContentBrowserAssetDataSource
LogPluginManager: Mounting plugin ContentBrowserClassDataSource
LogPluginManager: Mounting plugin ContentBrowserFileDataSource
PixWinPlugin: PIX capture plugin failed to initialize! Check that the process is launched from PIX.
LogInit: Using libcurl 7.55.1-DEV
LogInit:  - built for x86_64-pc-win32
LogInit:  - supports SSL with OpenSSL/1.1.1
LogInit:  - supports HTTP deflate (compression) using libz 1.2.8
LogInit:  - other features:
LogInit:      CURL_VERSION_SSL
LogInit:      CURL_VERSION_LIBZ
LogInit:      CURL_VERSION_IPV6
LogInit:      CURL_VERSION_ASYNCHDNS
LogInit:      CURL_VERSION_LARGEFILE
LogInit:      CURL_VERSION_IDN
LogInit:  CurlRequestOptions (configurable via config and command line):
LogInit:  - bVerifyPeer = true  - Libcurl will verify peer certificate
LogInit:  - bUseHttpProxy = false  - Libcurl will NOT use HTTP proxy
LogInit:  - bDontReuseConnections = false  - Libcurl will reuse connections
LogInit:  - MaxHostConnections = 16  - Libcurl will limit the number of connections to a host
LogInit:  - LocalHostAddr = Default
LogInit:  - BufferSize = 65536
LogOnline: OSS: Creating online subsystem instance for: NULL
LogInit: WinSock: version 1.1 (2.2), MaxSocks=32767, MaxUdp=65467
LogOnline: OSS: TryLoadSubsystemAndSetDefault: Loaded subsystem for module [NULL]
LogOculusPluginWrapper: OculusPlugin initialized successfully
LogHMD: Failed initializing OVRPlugin 1.59.0
LogInit: Build: ++UE4+Release-4.27-CL-18319896
LogInit: Engine Version: 4.27.2-18319896+++UE4+Release-4.27
LogInit: Compatible Engine Version: 4.27.0-17155196+++UE4+Release-4.27
LogInit: Net CL: 17155196
LogInit: OS: Windows 10 (Release 2009) (), CPU: Intel(R) Core(TM) i7-9750HF CPU @ 2.60GHz, GPU: NVIDIA GeForce GTX 1660 Ti
LogInit: Compiled (64-bit): Nov 30 2021 07:12:08
LogInit: Compiled with Visual C++: 19.24.28315.00
LogInit: Build Configuration: Development
LogInit: Branch Name: ++UE4+Release-4.27
LogInit: Command Line:  -skipcompile
LogInit: Base Directory: C:/EpicGames/UE_4.27/Engine/Binaries/Win64/
LogInit: Allocator: TBB
LogInit: Installed Engine Build: 1
LogDevObjectVersion: Number of dev versions registered: 29
LogDevObjectVersion:   Dev-Blueprints (B0D832E4-1F89-4F0D-ACCF-7EB736FD4AA2): 10
LogDevObjectVersion:   Dev-Build (E1C64328-A22C-4D53-A36C-8E866417BD8C): 0
LogDevObjectVersion:   Dev-Core (375EC13C-06E4-48FB-B500-84F0262A717E): 4
LogDevObjectVersion:   Dev-Editor (E4B068ED-F494-42E9-A231-DA0B2E46BB41): 40
LogDevObjectVersion:   Dev-Framework (CFFC743F-43B0-4480-9391-14DF171D2073): 37
LogDevObjectVersion:   Dev-Mobile (B02B49B5-BB20-44E9-A304-32B752E40360): 3
LogDevObjectVersion:   Dev-Networking (A4E4105C-59A1-49B5-A7C5-40C4547EDFEE): 0
LogDevObjectVersion:   Dev-Online (39C831C9-5AE6-47DC-9A44-9C173E1C8E7C): 0
LogDevObjectVersion:   Dev-Physics (78F01B33-EBEA-4F98-B9B4-84EACCB95AA2): 14
LogDevObjectVersion:   Dev-Platform (6631380F-2D4D-43E0-8009-CF276956A95A): 0
LogDevObjectVersion:   Dev-Rendering (12F88B9F-8875-4AFC-A67C-D90C383ABD29): 45
LogDevObjectVersion:   Dev-Sequencer (7B5AE74C-D270-4C10-A958-57980B212A5A): 13
LogDevObjectVersion:   Dev-VR (D7296918-1DD6-4BDD-9DE2-64A83CC13884): 3
LogDevObjectVersion:   Dev-LoadTimes (C2A15278-BFE7-4AFE-6C17-90FF531DF755): 1
LogDevObjectVersion:   Private-Geometry (6EACA3D4-40EC-4CC1-B786-8BED09428FC5): 3
LogDevObjectVersion:   Dev-AnimPhys (29E575DD-E0A3-4627-9D10-D276232CDCEA): 17
LogDevObjectVersion:   Dev-Anim (AF43A65D-7FD3-4947-9873-3E8ED9C1BB05): 15
LogDevObjectVersion:   Dev-ReflectionCapture (6B266CEC-1EC7-4B8F-A30B-E4D90942FC07): 1
LogDevObjectVersion:   Dev-Automation (0DF73D61-A23F-47EA-B727-89E90C41499A): 1
LogDevObjectVersion:   FortniteMain (601D1886-AC64-4F84-AA16-D3DE0DEAC7D6): 47
LogDevObjectVersion:   FortniteRelease (E7086368-6B23-4C58-8439-1B7016265E91): 1
LogDevObjectVersion:   Dev-Enterprise (9DFFBCD6-494F-0158-E221-12823C92A888): 10
LogDevObjectVersion:   Dev-Niagara (F2AED0AC-9AFE-416F-8664-AA7FFA26D6FC): 1
LogDevObjectVersion:   Dev-Destruction (174F1F0B-B4C6-45A5-B13F-2EE8D0FB917D): 10
LogDevObjectVersion:   Dev-Physics-Ext (35F94A83-E258-406C-A318-09F59610247C): 41
LogDevObjectVersion:   Dev-PhysicsMaterial-Chaos (B68FC16E-8B1B-42E2-B453-215C058844FE): 1
LogDevObjectVersion:   Dev-CineCamera (B2E18506-4273-CFC2-A54E-F4BB758BBA07): 1
LogDevObjectVersion:   Dev-VirtualProduction (64F58936-FD1B-42BA-BA96-7289D5D0FA4E): 1
LogDevObjectVersion:   Dev-MediaFramework (6F0ED827-A609-4895-9C91-998D90180EA4): 2
LogInit: Presizing for max 25165824 objects, including 0 objects not considered by GC, pre-allocating 0 bytes for permanent pool.
LogConfig: Applying CVar settings from Section [/Script/Engine.StreamingSettings] File [C:/EpicGames/ChattingClient/ChattingClient/Saved/Config/Windows/Engine.ini]
LogConfig: Setting CVar [[s.MinBulkDataSizeForAsyncLoading:131072]]
LogConfig: Setting CVar [[s.AsyncLoadingThreadEnabled:0]]
LogConfig: Setting CVar [[s.EventDrivenLoaderEnabled:1]]
LogConfig: Setting CVar [[s.WarnIfTimeLimitExceeded:0]]
LogConfig: Setting CVar [[s.TimeLimitExceededMultiplier:1.5]]
LogConfig: Setting CVar [[s.TimeLimitExceededMinTime:0.005]]
LogConfig: Setting CVar [[s.UseBackgroundLevelStreaming:1]]
LogConfig: Setting CVar [[s.PriorityAsyncLoadingExtraTime:15.0]]
LogConfig: Setting CVar [[s.LevelStreamingActorsUpdateTimeLimit:5.0]]
LogConfig: Setting CVar [[s.PriorityLevelStreamingActorsUpdateExtraTime:5.0]]
LogConfig: Setting CVar [[s.LevelStreamingComponentsRegistrationGranularity:10]]
LogConfig: Setting CVar [[s.UnregisterComponentsTimeLimit:1.0]]
LogConfig: Setting CVar [[s.LevelStreamingComponentsUnregistrationGranularity:5]]
LogConfig: Setting CVar [[s.FlushStreamingOnExit:1]]
LogInit: Object subsystem initialized
LogConfig: Setting CVar [[con.DebugEarlyDefault:1]]
LogConfig: Setting CVar [[r.setres:1280x720]]
[2022.03.09-04.00.31:809][  0]LogConfig: Setting CVar [[r.VSync:0]]
[2022.03.09-04.00.31:809][  0]LogConfig: Setting CVar [[r.RHICmdBypass:0]]
[2022.03.09-04.00.31:809][  0]LogConfig: Applying CVar settings from Section [/Script/Engine.RendererSettings] File [C:/EpicGames/ChattingClient/ChattingClient/Saved/Config/Windows/Engine.ini]
[2022.03.09-04.00.31:809][  0]LogConfig: Setting CVar [[r.GPUCrashDebugging:0]]
[2022.03.09-04.00.31:809][  0]LogConfig: Applying CVar settings from Section [/Script/Engine.RendererOverrideSettings] File [C:/EpicGames/ChattingClient/ChattingClient/Saved/Config/Windows/Engine.ini]
[2022.03.09-04.00.31:809][  0]LogConfig: Applying CVar settings from Section [/Script/Engine.StreamingSettings] File [C:/EpicGames/ChattingClient/ChattingClient/Saved/Config/Windows/Engine.ini]
[2022.03.09-04.00.31:810][  0]LogConfig: Setting CVar [[s.MinBulkDataSizeForAsyncLoading:131072]]
[2022.03.09-04.00.31:810][  0]LogConfig: Setting CVar [[s.AsyncLoadingThreadEnabled:0]]
[2022.03.09-04.00.31:810][  0]LogConfig: Setting CVar [[s.EventDrivenLoaderEnabled:1]]
[2022.03.09-04.00.31:810][  0]LogConfig: Setting CVar [[s.WarnIfTimeLimitExceeded:0]]
[2022.03.09-04.00.31:810][  0]LogConfig: Setting CVar [[s.TimeLimitExceededMultiplier:1.5]]
[2022.03.09-04.00.31:810][  0]LogConfig: Setting CVar [[s.TimeLimitExceededMinTime:0.005]]
[2022.03.09-04.00.31:810][  0]LogConfig: Setting CVar [[s.UseBackgroundLevelStreaming:1]]
[2022.03.09-04.00.31:810][  0]LogConfig: Setting CVar [[s.PriorityAsyncLoadingExtraTime:15.0]]
[2022.03.09-04.00.31:810][  0]LogConfig: Setting CVar [[s.LevelStreamingActorsUpdateTimeLimit:5.0]]
[2022.03.09-04.00.31:810][  0]LogConfig: Setting CVar [[s.PriorityLevelStreamingActorsUpdateExtraTime:5.0]]
[2022.03.09-04.00.31:810][  0]LogConfig: Setting CVar [[s.LevelStreamingComponentsRegistrationGranularity:10]]
[2022.03.09-04.00.31:810][  0]LogConfig: Setting CVar [[s.UnregisterComponentsTimeLimit:1.0]]
[2022.03.09-04.00.31:810][  0]LogConfig: Setting CVar [[s.LevelStreamingComponentsUnregistrationGranularity:5]]
[2022.03.09-04.00.31:810][  0]LogConfig: Setting CVar [[s.FlushStreamingOnExit:1]]
[2022.03.09-04.00.31:810][  0]LogConfig: Applying CVar settings from Section [/Script/Engine.GarbageCollectionSettings] File [C:/EpicGames/ChattingClient/ChattingClient/Saved/Config/Windows/Engine.ini]
[2022.03.09-04.00.31:810][  0]LogConfig: Setting CVar [[gc.MaxObjectsNotConsideredByGC:1]]
[2022.03.09-04.00.31:810][  0]LogConfig: Setting CVar [[gc.SizeOfPermanentObjectPool:0]]
[2022.03.09-04.00.31:811][  0]LogConfig: Setting CVar [[gc.FlushStreamingOnGC:0]]
[2022.03.09-04.00.31:811][  0]LogConfig: Setting CVar [[gc.NumRetriesBeforeForcingGC:10]]
[2022.03.09-04.00.31:811][  0]LogConfig: Setting CVar [[gc.AllowParallelGC:1]]
[2022.03.09-04.00.31:811][  0]LogConfig: Setting CVar [[gc.TimeBetweenPurgingPendingKillObjects:61.1]]
[2022.03.09-04.00.31:811][  0]LogConfig: Setting CVar [[gc.MaxObjectsInEditor:25165824]]
[2022.03.09-04.00.31:811][  0]LogConfig: Setting CVar [[gc.IncrementalBeginDestroyEnabled:1]]
[2022.03.09-04.00.31:811][  0]LogConfig: Setting CVar [[gc.CreateGCClusters:1]]
[2022.03.09-04.00.31:811][  0]LogConfig: Setting CVar [[gc.MinGCClusterSize:5]]
[2022.03.09-04.00.31:811][  0]LogConfig: Setting CVar [[gc.ActorClusteringEnabled:0]]
[2022.03.09-04.00.31:811][  0]LogConfig: Setting CVar [[gc.BlueprintClusteringEnabled:0]]
[2022.03.09-04.00.31:811][  0]LogConfig: Setting CVar [[gc.UseDisregardForGCOnDedicatedServers:0]]
[2022.03.09-04.00.31:811][  0]LogConfig: Setting CVar [[gc.MultithreadedDestructionEnabled:1]]
[2022.03.09-04.00.31:811][  0]LogConfig: Applying CVar settings from Section [/Script/Engine.NetworkSettings] File [C:/EpicGames/ChattingClient/ChattingClient/Saved/Config/Windows/Engine.ini]
[2022.03.09-04.00.31:811][  0]LogConfig: Applying CVar settings from Section [/Script/UnrealEd.CookerSettings] File [C:/EpicGames/ChattingClient/ChattingClient/Saved/Config/Windows/Engine.ini]
[2022.03.09-04.00.31:836][  0]LogConfig: Applying CVar settings from Section [ViewDistanceQuality@3] File [C:/EpicGames/ChattingClient/ChattingClient/Saved/Config/Windows/Scalability.ini]
[2022.03.09-04.00.31:836][  0]LogConfig: Setting CVar [[r.SkeletalMeshLODBias:0]]
[2022.03.09-04.00.31:836][  0]LogConfig: Setting CVar [[r.ViewDistanceScale:1.0]]
[2022.03.09-04.00.31:836][  0]LogConfig: Applying CVar settings from Section [AntiAliasingQuality@3] File [C:/EpicGames/ChattingClient/ChattingClient/Saved/Config/Windows/Scalability.ini]
[2022.03.09-04.00.31:836][  0]LogConfig: Setting CVar [[r.PostProcessAAQuality:4]]
[2022.03.09-04.00.31:836][  0]LogConfig: Applying CVar settings from Section [ShadowQuality@3] File [C:/EpicGames/ChattingClient/ChattingClient/Saved/Config/Windows/Scalability.ini]
[2022.03.09-04.00.31:836][  0]LogConfig: Setting CVar [[r.LightFunctionQuality:1]]
[2022.03.09-04.00.31:836][  0]LogConfig: Setting CVar [[r.ShadowQuality:5]]
[2022.03.09-04.00.31:836][  0]LogConfig: Setting CVar [[r.Shadow.CSM.MaxCascades:10]]
[2022.03.09-04.00.31:836][  0]LogConfig: Setting CVar [[r.Shadow.MaxResolution:2048]]
[2022.03.09-04.00.31:837][  0]LogConfig: Setting CVar [[r.Shadow.MaxCSMResolution:2048]]
[2022.03.09-04.00.31:837][  0]LogConfig: Setting CVar [[r.Shadow.RadiusThreshold:0.01]]
[2022.03.09-04.00.31:837][  0]LogConfig: Setting CVar [[r.Shadow.DistanceScale:1.0]]
[2022.03.09-04.00.31:837][  0]LogConfig: Setting CVar [[r.Shadow.CSM.TransitionScale:1.0]]
[2022.03.09-04.00.31:837][  0]LogConfig: Setting CVar [[r.Shadow.PreShadowResolutionFactor:1.0]]
[2022.03.09-04.00.31:837][  0]LogConfig: Setting CVar [[r.DistanceFieldShadowing:1]]
[2022.03.09-04.00.31:837][  0]LogConfig: Setting CVar [[r.DistanceFieldAO:1]]
[2022.03.09-04.00.31:837][  0]LogConfig: Setting CVar [[r.AOQuality:2]]
[2022.03.09-04.00.31:837][  0]LogConfig: Setting CVar [[r.VolumetricFog:1]]
[2022.03.09-04.00.31:837][  0]LogConfig: Setting CVar [[r.VolumetricFog.GridPixelSize:8]]
[2022.03.09-04.00.31:837][  0]LogConfig: Setting CVar [[r.VolumetricFog.GridSizeZ:128]]
[2022.03.09-04.00.31:837][  0]LogConfig: Setting CVar [[r.VolumetricFog.HistoryMissSupersampleCount:4]]
[2022.03.09-04.00.31:837][  0]LogConfig: Setting CVar [[r.LightMaxDrawDistanceScale:1]]
[2022.03.09-04.00.31:837][  0]LogConfig: Setting CVar [[r.CapsuleShadows:1]]
[2022.03.09-04.00.31:837][  0]LogConfig: Applying CVar settings from Section [PostProcessQuality@3] File [C:/EpicGames/ChattingClient/ChattingClient/Saved/Config/Windows/Scalability.ini]
[2022.03.09-04.00.31:837][  0]LogConfig: Setting CVar [[r.MotionBlurQuality:4]]
[2022.03.09-04.00.31:837][  0]LogConfig: Setting CVar [[r.AmbientOcclusionMipLevelFactor:0.4]]
[2022.03.09-04.00.31:837][  0]LogConfig: Setting CVar [[r.AmbientOcclusionMaxQuality:100]]
[2022.03.09-04.00.31:837][  0]LogConfig: Setting CVar [[r.AmbientOcclusionLevels:-1]]
[2022.03.09-04.00.31:838][  0]LogConfig: Setting CVar [[r.AmbientOcclusionRadiusScale:1.0]]
[2022.03.09-04.00.31:838][  0]LogConfig: Setting CVar [[r.DepthOfFieldQuality:2]]
[2022.03.09-04.00.31:838][  0]LogConfig: Setting CVar [[r.RenderTargetPoolMin:400]]
[2022.03.09-04.00.31:838][  0]LogConfig: Setting CVar [[r.LensFlareQuality:2]]
[2022.03.09-04.00.31:838][  0]LogConfig: Setting CVar [[r.SceneColorFringeQuality:1]]
[2022.03.09-04.00.31:838][  0]LogConfig: Setting CVar [[r.EyeAdaptationQuality:2]]
[2022.03.09-04.00.31:838][  0]LogConfig: Setting CVar [[r.BloomQuality:5]]
[2022.03.09-04.00.31:838][  0]LogConfig: Setting CVar [[r.FastBlurThreshold:100]]
[2022.03.09-04.00.31:838][  0]LogConfig: Setting CVar [[r.Upscale.Quality:3]]
[2022.03.09-04.00.31:838][  0]LogConfig: Setting CVar [[r.Tonemapper.GrainQuantization:1]]
[2022.03.09-04.00.31:838][  0]LogConfig: Setting CVar [[r.LightShaftQuality:1]]
[2022.03.09-04.00.31:838][  0]LogConfig: Setting CVar [[r.Filter.SizeScale:1]]
[2022.03.09-04.00.31:838][  0]LogConfig: Setting CVar [[r.Tonemapper.Quality:5]]
[2022.03.09-04.00.31:838][  0]LogConfig: Setting CVar [[r.DOF.Gather.AccumulatorQuality:1        ; higher gathering accumulator quality]]
[2022.03.09-04.00.31:838][  0]LogConfig: Setting CVar [[r.DOF.Gather.PostfilterMethod:1          ; Median3x3 postfilering method]]
[2022.03.09-04.00.31:838][  0]LogConfig: Setting CVar [[r.DOF.Gather.EnableBokehSettings:0       ; no bokeh simulation when gathering]]
[2022.03.09-04.00.31:838][  0]LogConfig: Setting CVar [[r.DOF.Gather.RingCount:4                 ; medium number of samples when gathering]]
[2022.03.09-04.00.31:838][  0]LogConfig: Setting CVar [[r.DOF.Scatter.ForegroundCompositing:1    ; additive foreground scattering]]
[2022.03.09-04.00.31:838][  0]LogConfig: Setting CVar [[r.DOF.Scatter.BackgroundCompositing:2    ; additive background scattering]]
[2022.03.09-04.00.31:839][  0]LogConfig: Setting CVar [[r.DOF.Scatter.EnableBokehSettings:1      ; bokeh simulation when scattering]]
[2022.03.09-04.00.31:839][  0]LogConfig: Setting CVar [[r.DOF.Scatter.MaxSpriteRatio:0.1         ; only a maximum of 10% of scattered bokeh]]
[2022.03.09-04.00.31:839][  0]LogConfig: Setting CVar [[r.DOF.Recombine.Quality:1                ; cheap slight out of focus]]
[2022.03.09-04.00.31:839][  0]LogConfig: Setting CVar [[r.DOF.Recombine.EnableBokehSettings:0    ; no bokeh simulation on slight out of focus]]
[2022.03.09-04.00.31:839][  0]LogConfig: Setting CVar [[r.DOF.TemporalAAQuality:1                ; more stable temporal accumulation]]
[2022.03.09-04.00.31:839][  0]LogConfig: Setting CVar [[r.DOF.Kernel.MaxForegroundRadius:0.025]]
[2022.03.09-04.00.31:839][  0]LogConfig: Setting CVar [[r.DOF.Kernel.MaxBackgroundRadius:0.025]]
[2022.03.09-04.00.31:839][  0]LogConfig: Applying CVar settings from Section [TextureQuality@3] File [C:/EpicGames/ChattingClient/ChattingClient/Saved/Config/Windows/Scalability.ini]
[2022.03.09-04.00.31:839][  0]LogConfig: Setting CVar [[r.Streaming.MipBias:0]]
[2022.03.09-04.00.31:839][  0]LogConfig: Setting CVar [[r.Streaming.AmortizeCPUToGPUCopy:0]]
[2022.03.09-04.00.31:839][  0]LogConfig: Setting CVar [[r.Streaming.MaxNumTexturesToStreamPerFrame:0]]
[2022.03.09-04.00.31:839][  0]LogConfig: Setting CVar [[r.Streaming.Boost:1]]
[2022.03.09-04.00.31:839][  0]LogConfig: Setting CVar [[r.MaxAnisotropy:8]]
[2022.03.09-04.00.31:839][  0]LogConfig: Setting CVar [[r.VT.MaxAnisotropy:8]]
[2022.03.09-04.00.31:840][  0]LogConfig: Setting CVar [[r.Streaming.LimitPoolSizeToVRAM:0]]
[2022.03.09-04.00.31:840][  0]LogConfig: Setting CVar [[r.Streaming.PoolSize:1000]]
[2022.03.09-04.00.31:840][  0]LogConfig: Setting CVar [[r.Streaming.MaxEffectiveScreenSize:0]]
[2022.03.09-04.00.31:840][  0]LogConfig: Applying CVar settings from Section [EffectsQuality@3] File [C:/EpicGames/ChattingClient/ChattingClient/Saved/Config/Windows/Scalability.ini]
[2022.03.09-04.00.31:840][  0]LogConfig: Setting CVar [[r.TranslucencyLightingVolumeDim:64]]
[2022.03.09-04.00.31:840][  0]LogConfig: Setting CVar [[r.RefractionQuality:2]]
[2022.03.09-04.00.31:840][  0]LogConfig: Setting CVar [[r.SSR.Quality:3]]
[2022.03.09-04.00.31:840][  0]LogConfig: Setting CVar [[r.SSR.HalfResSceneColor:0]]
[2022.03.09-04.00.31:840][  0]LogConfig: Setting CVar [[r.SceneColorFormat:4]]
[2022.03.09-04.00.31:840][  0]LogConfig: Setting CVar [[r.DetailMode:2]]
[2022.03.09-04.00.31:840][  0]LogConfig: Setting CVar [[r.TranslucencyVolumeBlur:1]]
[2022.03.09-04.00.31:840][  0]LogConfig: Setting CVar [[r.MaterialQualityLevel:1 ; High quality]]
[2022.03.09-04.00.31:840][  0]LogConfig: Setting CVar [[r.AnisotropicMaterials:1]]
[2022.03.09-04.00.31:840][  0]LogConfig: Setting CVar [[r.SSS.Scale:1]]
[2022.03.09-04.00.31:840][  0]LogConfig: Setting CVar [[r.SSS.SampleSet:2]]
[2022.03.09-04.00.31:840][  0]LogConfig: Setting CVar [[r.SSS.Quality:1]]
[2022.03.09-04.00.31:840][  0]LogConfig: Setting CVar [[r.SSS.HalfRes:0]]
[2022.03.09-04.00.31:840][  0]LogConfig: Setting CVar [[r.SSGI.Quality:3]]
[2022.03.09-04.00.31:840][  0]LogConfig: Setting CVar [[r.EmitterSpawnRateScale:1.0]]
[2022.03.09-04.00.31:841][  0]LogConfig: Setting CVar [[r.ParticleLightQuality:2]]
[2022.03.09-04.00.31:841][  0]LogConfig: Setting CVar [[r.SkyAtmosphere.AerialPerspectiveLUT.FastApplyOnOpaque:1 ; Always have FastSkyLUT 1 in this case to avoid wrong sky]]
[2022.03.09-04.00.31:841][  0]LogConfig: Setting CVar [[r.SkyAtmosphere.AerialPerspectiveLUT.SampleCountMaxPerSlice:4]]
[2022.03.09-04.00.31:841][  0]LogConfig: Setting CVar [[r.SkyAtmosphere.AerialPerspectiveLUT.DepthResolution:16.0]]
[2022.03.09-04.00.31:841][  0]LogConfig: Setting CVar [[r.SkyAtmosphere.FastSkyLUT:1]]
[2022.03.09-04.00.31:841][  0]LogConfig: Setting CVar [[r.SkyAtmosphere.FastSkyLUT.SampleCountMin:4.0]]
[2022.03.09-04.00.31:841][  0]LogConfig: Setting CVar [[r.SkyAtmosphere.FastSkyLUT.SampleCountMax:128.0]]
[2022.03.09-04.00.31:841][  0]LogConfig: Setting CVar [[r.SkyAtmosphere.SampleCountMin:4.0]]
[2022.03.09-04.00.31:841][  0]LogConfig: Setting CVar [[r.SkyAtmosphere.SampleCountMax:128.0]]
[2022.03.09-04.00.31:841][  0]LogConfig: Setting CVar [[r.SkyAtmosphere.TransmittanceLUT.UseSmallFormat:0]]
[2022.03.09-04.00.31:841][  0]LogConfig: Setting CVar [[r.SkyAtmosphere.TransmittanceLUT.SampleCount:10.0]]
[2022.03.09-04.00.31:841][  0]LogConfig: Setting CVar [[r.SkyAtmosphere.MultiScatteringLUT.SampleCount:15.0]]
[2022.03.09-04.00.31:841][  0]LogConfig: Setting CVar [[r.SkyLight.RealTimeReflectionCapture:1]]
[2022.03.09-04.00.31:841][  0]LogConfig: Applying CVar settings from Section [FoliageQuality@3] File [C:/EpicGames/ChattingClient/ChattingClient/Saved/Config/Windows/Scalability.ini]
[2022.03.09-04.00.31:841][  0]LogConfig: Setting CVar [[foliage.DensityScale:1.0]]
[2022.03.09-04.00.31:842][  0]LogConfig: Setting CVar [[grass.DensityScale:1.0]]
[2022.03.09-04.00.31:842][  0]LogConfig: Applying CVar settings from Section [ShadingQuality@3] File [C:/EpicGames/ChattingClient/ChattingClient/Saved/Config/Windows/Scalability.ini]
[2022.03.09-04.00.31:842][  0]LogConfig: Setting CVar [[r.HairStrands.SkyLighting.IntegrationType:2]]
[2022.03.09-04.00.31:842][  0]LogConfig: Setting CVar [[r.HairStrands.SkyAO.SampleCount:4]]
[2022.03.09-04.00.31:842][  0]LogConfig: Setting CVar [[r.HairStrands.Visibility.MSAA.SamplePerPixel:4]]
[2022.03.09-04.00.31:842][  0]LogInit: Selected Device Profile: [Windows]
[2022.03.09-04.00.31:842][  0]LogInit: Applying CVar settings loaded from the selected device profile: [Windows]
[2022.03.09-04.00.31:842][  0]LogHAL: Display: Platform has ~ 16 GB [17096134656 / 17179869184 / 16], which maps to Larger [LargestMinGB=32, LargerMinGB=12, DefaultMinGB=8, SmallerMinGB=6, SmallestMinGB=0)
[2022.03.09-04.00.31:842][  0]LogInit: Going up to parent DeviceProfile []
[2022.03.09-04.00.31:842][  0]LogConfig: Applying CVar settings from Section [ViewDistanceQuality@3] File [C:/EpicGames/ChattingClient/ChattingClient/Saved/Config/Windows/Scalability.ini]
[2022.03.09-04.00.31:842][  0]LogConfig: Setting CVar [[r.SkeletalMeshLODBias:0]]
[2022.03.09-04.00.31:842][  0]LogConfig: Setting CVar [[r.ViewDistanceScale:1.0]]
[2022.03.09-04.00.31:842][  0]LogConfig: Applying CVar settings from Section [AntiAliasingQuality@3] File [C:/EpicGames/ChattingClient/ChattingClient/Saved/Config/Windows/Scalability.ini]
[2022.03.09-04.00.31:843][  0]LogConfig: Setting CVar [[r.PostProcessAAQuality:4]]
[2022.03.09-04.00.31:843][  0]LogConfig: Applying CVar settings from Section [ShadowQuality@3] File [C:/EpicGames/ChattingClient/ChattingClient/Saved/Config/Windows/Scalability.ini]
[2022.03.09-04.00.31:843][  0]LogConfig: Setting CVar [[r.LightFunctionQuality:1]]
[2022.03.09-04.00.31:843][  0]LogConfig: Setting CVar [[r.ShadowQuality:5]]
[2022.03.09-04.00.31:843][  0]LogConfig: Setting CVar [[r.Shadow.CSM.MaxCascades:10]]
[2022.03.09-04.00.31:843][  0]LogConfig: Setting CVar [[r.Shadow.MaxResolution:2048]]
[2022.03.09-04.00.31:843][  0]LogConfig: Setting CVar [[r.Shadow.MaxCSMResolution:2048]]
[2022.03.09-04.00.31:843][  0]LogConfig: Setting CVar [[r.Shadow.RadiusThreshold:0.01]]
[2022.03.09-04.00.31:843][  0]LogConfig: Setting CVar [[r.Shadow.DistanceScale:1.0]]
[2022.03.09-04.00.31:843][  0]LogConfig: Setting CVar [[r.Shadow.CSM.TransitionScale:1.0]]
[2022.03.09-04.00.31:843][  0]LogConfig: Setting CVar [[r.Shadow.PreShadowResolutionFactor:1.0]]
[2022.03.09-04.00.31:843][  0]LogConfig: Setting CVar [[r.DistanceFieldShadowing:1]]
[2022.03.09-04.00.31:843][  0]LogConfig: Setting CVar [[r.DistanceFieldAO:1]]
[2022.03.09-04.00.31:843][  0]LogConfig: Setting CVar [[r.AOQuality:2]]
[2022.03.09-04.00.31:843][  0]LogConfig: Setting CVar [[r.VolumetricFog:1]]
[2022.03.09-04.00.31:843][  0]LogConfig: Setting CVar [[r.VolumetricFog.GridPixelSize:8]]
[2022.03.09-04.00.31:843][  0]LogConfig: Setting CVar [[r.VolumetricFog.GridSizeZ:128]]
[2022.03.09-04.00.31:844][  0]LogConfig: Setting CVar [[r.VolumetricFog.HistoryMissSupersampleCount:4]]
[2022.03.09-04.00.31:844][  0]LogConfig: Setting CVar [[r.LightMaxDrawDistanceScale:1]]
[2022.03.09-04.00.31:844][  0]LogConfig: Setting CVar [[r.CapsuleShadows:1]]
[2022.03.09-04.00.31:844][  0]LogConfig: Applying CVar settings from Section [PostProcessQuality@3] File [C:/EpicGames/ChattingClient/ChattingClient/Saved/Config/Windows/Scalability.ini]
[2022.03.09-04.00.31:844][  0]LogConfig: Setting CVar [[r.MotionBlurQuality:4]]
[2022.03.09-04.00.31:844][  0]LogConfig: Setting CVar [[r.AmbientOcclusionMipLevelFactor:0.4]]
[2022.03.09-04.00.31:844][  0]LogConfig: Setting CVar [[r.AmbientOcclusionMaxQuality:100]]
[2022.03.09-04.00.31:844][  0]LogConfig: Setting CVar [[r.AmbientOcclusionLevels:-1]]
[2022.03.09-04.00.31:844][  0]LogConfig: Setting CVar [[r.AmbientOcclusionRadiusScale:1.0]]
[2022.03.09-04.00.31:844][  0]LogConfig: Setting CVar [[r.DepthOfFieldQuality:2]]
[2022.03.09-04.00.31:844][  0]LogConfig: Setting CVar [[r.RenderTargetPoolMin:400]]
[2022.03.09-04.00.31:844][  0]LogConfig: Setting CVar [[r.LensFlareQuality:2]]
[2022.03.09-04.00.31:844][  0]LogConfig: Setting CVar [[r.SceneColorFringeQuality:1]]
[2022.03.09-04.00.31:844][  0]LogConfig: Setting CVar [[r.EyeAdaptationQuality:2]]
[2022.03.09-04.00.31:844][  0]LogConfig: Setting CVar [[r.BloomQuality:5]]
[2022.03.09-04.00.31:844][  0]LogConfig: Setting CVar [[r.FastBlurThreshold:100]]
[2022.03.09-04.00.31:845][  0]LogConfig: Setting CVar [[r.Upscale.Quality:3]]
[2022.03.09-04.00.31:845][  0]LogConfig: Setting CVar [[r.Tonemapper.GrainQuantization:1]]
[2022.03.09-04.00.31:845][  0]LogConfig: Setting CVar [[r.LightShaftQuality:1]]
[2022.03.09-04.00.31:845][  0]LogConfig: Setting CVar [[r.Filter.SizeScale:1]]
[2022.03.09-04.00.31:845][  0]LogConfig: Setting CVar [[r.Tonemapper.Quality:5]]
[2022.03.09-04.00.31:845][  0]LogConfig: Setting CVar [[r.DOF.Gather.AccumulatorQuality:1        ; higher gathering accumulator quality]]
[2022.03.09-04.00.31:845][  0]LogConfig: Setting CVar [[r.DOF.Gather.PostfilterMethod:1          ; Median3x3 postfilering method]]
[2022.03.09-04.00.31:845][  0]LogConfig: Setting CVar [[r.DOF.Gather.EnableBokehSettings:0       ; no bokeh simulation when gathering]]
[2022.03.09-04.00.31:845][  0]LogConfig: Setting CVar [[r.DOF.Gather.RingCount:4                 ; medium number of samples when gathering]]
[2022.03.09-04.00.31:845][  0]LogConfig: Setting CVar [[r.DOF.Scatter.ForegroundCompositing:1    ; additive foreground scattering]]
[2022.03.09-04.00.31:845][  0]LogConfig: Setting CVar [[r.DOF.Scatter.BackgroundCompositing:2    ; additive background scattering]]
[2022.03.09-04.00.31:845][  0]LogConfig: Setting CVar [[r.DOF.Scatter.EnableBokehSettings:1      ; bokeh simulation when scattering]]
[2022.03.09-04.00.31:845][  0]LogConfig: Setting CVar [[r.DOF.Scatter.MaxSpriteRatio:0.1         ; only a maximum of 10% of scattered bokeh]]
[2022.03.09-04.00.31:845][  0]LogConfig: Setting CVar [[r.DOF.Recombine.Quality:1                ; cheap slight out of focus]]
[2022.03.09-04.00.31:845][  0]LogConfig: Setting CVar [[r.DOF.Recombine.EnableBokehSettings:0    ; no bokeh simulation on slight out of focus]]
[2022.03.09-04.00.31:846][  0]LogConfig: Setting CVar [[r.DOF.TemporalAAQuality:1                ; more stable temporal accumulation]]
[2022.03.09-04.00.31:846][  0]LogConfig: Setting CVar [[r.DOF.Kernel.MaxForegroundRadius:0.025]]
[2022.03.09-04.00.31:846][  0]LogConfig: Setting CVar [[r.DOF.Kernel.MaxBackgroundRadius:0.025]]
[2022.03.09-04.00.31:846][  0]LogConfig: Applying CVar settings from Section [TextureQuality@3] File [C:/EpicGames/ChattingClient/ChattingClient/Saved/Config/Windows/Scalability.ini]
[2022.03.09-04.00.31:846][  0]LogConfig: Setting CVar [[r.Streaming.MipBias:0]]
[2022.03.09-04.00.31:846][  0]LogConfig: Setting CVar [[r.Streaming.AmortizeCPUToGPUCopy:0]]
[2022.03.09-04.00.31:846][  0]LogConfig: Setting CVar [[r.Streaming.MaxNumTexturesToStreamPerFrame:0]]
[2022.03.09-04.00.31:846][  0]LogConfig: Setting CVar [[r.Streaming.Boost:1]]
[2022.03.09-04.00.31:846][  0]LogConfig: Setting CVar [[r.MaxAnisotropy:8]]
[2022.03.09-04.00.31:846][  0]LogConfig: Setting CVar [[r.VT.MaxAnisotropy:8]]
[2022.03.09-04.00.31:846][  0]LogConfig: Setting CVar [[r.Streaming.LimitPoolSizeToVRAM:0]]
[2022.03.09-04.00.31:846][  0]LogConfig: Setting CVar [[r.Streaming.PoolSize:1000]]
[2022.03.09-04.00.31:846][  0]LogConfig: Setting CVar [[r.Streaming.MaxEffectiveScreenSize:0]]
[2022.03.09-04.00.31:846][  0]LogConfig: Applying CVar settings from Section [EffectsQuality@3] File [C:/EpicGames/ChattingClient/ChattingClient/Saved/Config/Windows/Scalability.ini]
[2022.03.09-04.00.31:846][  0]LogConfig: Setting CVar [[r.TranslucencyLightingVolumeDim:64]]
[2022.03.09-04.00.31:846][  0]LogConfig: Setting CVar [[r.RefractionQuality:2]]
[2022.03.09-04.00.31:847][  0]LogConfig: Setting CVar [[r.SSR.Quality:3]]
[2022.03.09-04.00.31:847][  0]LogConfig: Setting CVar [[r.SSR.HalfResSceneColor:0]]
[2022.03.09-04.00.31:847][  0]LogConfig: Setting CVar [[r.SceneColorFormat:4]]
[2022.03.09-04.00.31:847][  0]LogConfig: Setting CVar [[r.DetailMode:2]]
[2022.03.09-04.00.31:847][  0]LogConfig: Setting CVar [[r.TranslucencyVolumeBlur:1]]
[2022.03.09-04.00.31:847][  0]LogConfig: Setting CVar [[r.MaterialQualityLevel:1 ; High quality]]
[2022.03.09-04.00.31:847][  0]LogConfig: Setting CVar [[r.AnisotropicMaterials:1]]
[2022.03.09-04.00.31:847][  0]LogConfig: Setting CVar [[r.SSS.Scale:1]]
[2022.03.09-04.00.31:847][  0]LogConfig: Setting CVar [[r.SSS.SampleSet:2]]
[2022.03.09-04.00.31:847][  0]LogConfig: Setting CVar [[r.SSS.Quality:1]]
[2022.03.09-04.00.31:847][  0]LogConfig: Setting CVar [[r.SSS.HalfRes:0]]
[2022.03.09-04.00.31:847][  0]LogConfig: Setting CVar [[r.SSGI.Quality:3]]
[2022.03.09-04.00.31:847][  0]LogConfig: Setting CVar [[r.EmitterSpawnRateScale:1.0]]
[2022.03.09-04.00.31:847][  0]LogConfig: Setting CVar [[r.ParticleLightQuality:2]]
[2022.03.09-04.00.31:847][  0]LogConfig: Setting CVar [[r.SkyAtmosphere.AerialPerspectiveLUT.FastApplyOnOpaque:1 ; Always have FastSkyLUT 1 in this case to avoid wrong sky]]
[2022.03.09-04.00.31:847][  0]LogConfig: Setting CVar [[r.SkyAtmosphere.AerialPerspectiveLUT.SampleCountMaxPerSlice:4]]
[2022.03.09-04.00.31:848][  0]LogConfig: Setting CVar [[r.SkyAtmosphere.AerialPerspectiveLUT.DepthResolution:16.0]]
[2022.03.09-04.00.31:848][  0]LogConfig: Setting CVar [[r.SkyAtmosphere.FastSkyLUT:1]]
[2022.03.09-04.00.31:848][  0]LogConfig: Setting CVar [[r.SkyAtmosphere.FastSkyLUT.SampleCountMin:4.0]]
[2022.03.09-04.00.31:848][  0]LogConfig: Setting CVar [[r.SkyAtmosphere.FastSkyLUT.SampleCountMax:128.0]]
[2022.03.09-04.00.31:848][  0]LogConfig: Setting CVar [[r.SkyAtmosphere.SampleCountMin:4.0]]
[2022.03.09-04.00.31:848][  0]LogConfig: Setting CVar [[r.SkyAtmosphere.SampleCountMax:128.0]]
[2022.03.09-04.00.31:848][  0]LogConfig: Setting CVar [[r.SkyAtmosphere.TransmittanceLUT.UseSmallFormat:0]]
[2022.03.09-04.00.31:848][  0]LogConfig: Setting CVar [[r.SkyAtmosphere.TransmittanceLUT.SampleCount:10.0]]
[2022.03.09-04.00.31:848][  0]LogConfig: Setting CVar [[r.SkyAtmosphere.MultiScatteringLUT.SampleCount:15.0]]
[2022.03.09-04.00.31:848][  0]LogConfig: Setting CVar [[r.SkyLight.RealTimeReflectionCapture:1]]
[2022.03.09-04.00.31:848][  0]LogConfig: Applying CVar settings from Section [FoliageQuality@3] File [C:/EpicGames/ChattingClient/ChattingClient/Saved/Config/Windows/Scalability.ini]
[2022.03.09-04.00.31:848][  0]LogConfig: Setting CVar [[foliage.DensityScale:1.0]]
[2022.03.09-04.00.31:848][  0]LogConfig: Setting CVar [[grass.DensityScale:1.0]]
[2022.03.09-04.00.31:848][  0]LogConfig: Applying CVar settings from Section [ShadingQuality@3] File [C:/EpicGames/ChattingClient/ChattingClient/Saved/Config/Windows/Scalability.ini]
[2022.03.09-04.00.31:848][  0]LogConfig: Setting CVar [[r.HairStrands.SkyLighting.IntegrationType:2]]
[2022.03.09-04.00.31:848][  0]LogConfig: Setting CVar [[r.HairStrands.SkyAO.SampleCount:4]]
[2022.03.09-04.00.31:849][  0]LogConfig: Setting CVar [[r.HairStrands.Visibility.MSAA.SamplePerPixel:4]]
[2022.03.09-04.00.31:849][  0]LogConfig: Applying CVar settings from Section [Startup] File [../../../Engine/Config/ConsoleVariables.ini]
[2022.03.09-04.00.31:849][  0]LogConfig: Setting CVar [[net.UseAdaptiveNetUpdateFrequency:0]]
[2022.03.09-04.00.31:849][  0]LogConfig: Setting CVar [[p.chaos.AllowCreatePhysxBodies:1]]
[2022.03.09-04.00.31:849][  0]LogConfig: Setting CVar [[fx.SkipVectorVMBackendOptimizations:1]]
[2022.03.09-04.00.31:849][  0]LogConfig: Applying CVar settings from Section [ConsoleVariables] File [C:/EpicGames/ChattingClient/ChattingClient/Saved/Config/Windows/Engine.ini]
[2022.03.09-04.00.31:849][  0]LogConfig: Applying CVar settings from Section [ConsoleVariables] File [C:/EpicGames/ChattingClient/ChattingClient/Saved/Config/Windows/Editor.ini]
[2022.03.09-04.00.31:849][  0]LogInit: Computer: DESKTOP-JG03A40
[2022.03.09-04.00.31:849][  0]LogInit: User: lenovo
[2022.03.09-04.00.31:850][  0]LogInit: CPU Page size=4096, Cores=6
[2022.03.09-04.00.31:850][  0]LogInit: High frequency timer resolution =10.000000 MHz
[2022.03.09-04.00.31:850][  0]LogMemory: Memory total: Physical=15.9GB (16GB approx)
[2022.03.09-04.00.31:850][  0]LogMemory: Platform Memory Stats for Windows
[2022.03.09-04.00.31:850][  0]LogMemory: Process Physical Memory: 147.65 MB used, 147.66 MB peak
[2022.03.09-04.00.31:850][  0]LogMemory: Process Virtual Memory: 126.37 MB used, 126.37 MB peak
[2022.03.09-04.00.31:850][  0]LogMemory: Physical Memory: 8686.92 MB used,  7617.22 MB free, 16304.14 MB total
[2022.03.09-04.00.31:850][  0]LogMemory: Virtual Memory: 134207720.00 MB used,  10004.50 MB free, 134217728.00 MB total
[2022.03.09-04.00.31:886][  0]LogWindows: WindowsPlatformFeatures enabled
[2022.03.09-04.00.32:135][  0]LogInit: Physics initialised using underlying interface: PhysX
[2022.03.09-04.00.32:136][  0]LogInit: Using OS detected language (ko-KR).
[2022.03.09-04.00.32:136][  0]LogInit: Using OS detected locale (ko-KR).
[2022.03.09-04.00.32:156][  0]LogTextLocalizationManager: No specific localization for 'ko-KR' exists, so the 'ko' localization will be used.
[2022.03.09-04.00.32:355][  0]LogInit: Setting process to per monitor DPI aware
[2022.03.09-04.00.32:447][  0]LogWindowsTextInputMethodSystem: Display: IME system deactivated.
[2022.03.09-04.00.32:469][  0]LogSlate: New Slate User Created.  User Index 0, Is Virtual User: 0
[2022.03.09-04.00.32:470][  0]LogSlate: Slate User Registered.  User Index 0, Is Virtual User: 0
[2022.03.09-04.00.32:838][  0]LogD3D11RHI: Loaded GFSDK_Aftermath_Lib.x64.dll
[2022.03.09-04.00.32:848][  0]LogHMD: Failed to initialize OpenVR with code 110
[2022.03.09-04.00.32:848][  0]LogD3D11RHI: D3D11 min allowed feature level: 11_0
[2022.03.09-04.00.32:848][  0]LogD3D11RHI: D3D11 max allowed feature level: 11_0
[2022.03.09-04.00.32:848][  0]LogD3D11RHI: D3D11 adapters:
[2022.03.09-04.00.33:044][  0]LogD3D11RHI:    0. 'NVIDIA GeForce GTX 1660 Ti' (Feature Level 11_0)
[2022.03.09-04.00.33:044][  0]LogD3D11RHI:       5991/0/8152 MB DedicatedVideo/DedicatedSystem/SharedSystem, Outputs:1, VendorId:0x10de
[2022.03.09-04.00.33:051][  0]LogD3D11RHI:    1. 'Microsoft Basic Render Driver' (Feature Level 11_0)
[2022.03.09-04.00.33:051][  0]LogD3D11RHI:       0/0/8152 MB DedicatedVideo/DedicatedSystem/SharedSystem, Outputs:0, VendorId:0x1414
[2022.03.09-04.00.33:051][  0]LogD3D11RHI: Chosen D3D11 Adapter:
[2022.03.09-04.00.33:051][  0]LogD3D11RHI:     Description : NVIDIA GeForce GTX 1660 Ti
[2022.03.09-04.00.33:052][  0]LogD3D11RHI:     VendorId    : 10de
[2022.03.09-04.00.33:052][  0]LogD3D11RHI:     DeviceId    : 2191
[2022.03.09-04.00.33:052][  0]LogD3D11RHI:     SubSysId    : 3ffc17aa
[2022.03.09-04.00.33:052][  0]LogD3D11RHI:     Revision    : 00a1
[2022.03.09-04.00.33:052][  0]LogD3D11RHI:     DedicatedVideoMemory : 6282018816 bytes
[2022.03.09-04.00.33:052][  0]LogD3D11RHI:     DedicatedSystemMemory : 0 bytes
[2022.03.09-04.00.33:052][  0]LogD3D11RHI:     SharedSystemMemory : 8548067328 bytes
[2022.03.09-04.00.33:052][  0]LogD3D11RHI:     AdapterLuid : 0 77498
[2022.03.09-04.00.33:060][  0]LogD3D11RHI: Creating new Direct3DDevice
[2022.03.09-04.00.33:060][  0]LogD3D11RHI:     GPU DeviceId: 0x2191 (for the marketing name, search the web for "GPU Device Id")
[2022.03.09-04.00.33:061][  0]LogWindows: EnumDisplayDevices:
[2022.03.09-04.00.33:061][  0]LogWindows:    0. 'NVIDIA GeForce GTX 1660 Ti' (P:1 D:1)
[2022.03.09-04.00.33:062][  0]LogWindows:    1. 'NVIDIA GeForce GTX 1660 Ti' (P:0 D:0)
[2022.03.09-04.00.33:063][  0]LogWindows:    2. 'NVIDIA GeForce GTX 1660 Ti' (P:0 D:0)
[2022.03.09-04.00.33:064][  0]LogWindows:    3. 'NVIDIA GeForce GTX 1660 Ti' (P:0 D:0)
[2022.03.09-04.00.33:064][  0]LogWindows: DebugString: FoundDriverCount:4 
[2022.03.09-04.00.33:065][  0]LogD3D11RHI:     Adapter Name: NVIDIA GeForce GTX 1660 Ti
[2022.03.09-04.00.33:065][  0]LogD3D11RHI:   Driver Version: 471.41 (internal:30.0.14.7141, unified:471.41)
[2022.03.09-04.00.33:065][  0]LogD3D11RHI:      Driver Date: 7-12-2021
[2022.03.09-04.00.33:065][  0]LogRHI: Texture pool is 4193 MB (70% of 5991 MB)
[2022.03.09-04.00.33:065][  0]LogD3D11RHI: Creating D3DDevice using adapter:
[2022.03.09-04.00.33:065][  0]LogD3D11RHI:     Description : NVIDIA GeForce GTX 1660 Ti
[2022.03.09-04.00.33:065][  0]LogD3D11RHI:     VendorId    : 10de
[2022.03.09-04.00.33:065][  0]LogD3D11RHI:     DeviceId    : 2191
[2022.03.09-04.00.33:065][  0]LogD3D11RHI:     SubSysId    : 3ffc17aa
[2022.03.09-04.00.33:065][  0]LogD3D11RHI:     Revision    : 00a1
[2022.03.09-04.00.33:065][  0]LogD3D11RHI:     DedicatedVideoMemory : 6282018816 bytes
[2022.03.09-04.00.33:065][  0]LogD3D11RHI:     DedicatedSystemMemory : 0 bytes
[2022.03.09-04.00.33:066][  0]LogD3D11RHI:     SharedSystemMemory : 8548067328 bytes
[2022.03.09-04.00.33:066][  0]LogD3D11RHI:     AdapterLuid : 0 77498
[2022.03.09-04.00.33:166][  0]LogD3D11RHI: RHI has support for 64 bit atomics
[2022.03.09-04.00.33:166][  0]LogD3D11RHI: Async texture creation enabled
[2022.03.09-04.00.33:166][  0]LogD3D11RHI: Array index from any shader is supported
[2022.03.09-04.00.33:192][  0]LogD3D11RHI: GPU Timing Frequency: 1000.000000 (Debug: 2 1)
[2022.03.09-04.00.33:302][  0]LogRHI: GeForceNow SDK initialized: 1
[2022.03.09-04.00.33:746][  0]LogTargetPlatformManager: Display: Loaded TargetPlatform 'AllDesktop'
[2022.03.09-04.00.33:772][  0]LogTargetPlatformManager: Display: Loaded TargetPlatform 'Android'
[2022.03.09-04.00.33:772][  0]LogTargetPlatformManager: Display: Loaded TargetPlatform 'Android_ASTC'
[2022.03.09-04.00.33:772][  0]LogTargetPlatformManager: Display: Loaded TargetPlatform 'Android_DXT'
[2022.03.09-04.00.33:772][  0]LogTargetPlatformManager: Display: Loaded TargetPlatform 'Android_ETC2'
[2022.03.09-04.00.33:772][  0]LogTargetPlatformManager: Display: Loaded TargetPlatform 'AndroidClient'
[2022.03.09-04.00.33:772][  0]LogTargetPlatformManager: Display: Loaded TargetPlatform 'Android_ASTCClient'
[2022.03.09-04.00.33:773][  0]LogTargetPlatformManager: Display: Loaded TargetPlatform 'Android_DXTClient'
[2022.03.09-04.00.33:773][  0]LogTargetPlatformManager: Display: Loaded TargetPlatform 'Android_ETC2Client'
[2022.03.09-04.00.33:773][  0]LogTargetPlatformManager: Display: Loaded TargetPlatform 'Android_Multi'
[2022.03.09-04.00.33:773][  0]LogTargetPlatformManager: Display: Loaded TargetPlatform 'Android_MultiClient'
[2022.03.09-04.00.33:807][  0]LogTargetPlatformManager: Display: Loaded TargetPlatform 'IOSClient'
[2022.03.09-04.00.33:807][  0]LogTargetPlatformManager: Display: Loaded TargetPlatform 'IOS'
[2022.03.09-04.00.33:823][  0]LogTargetPlatformManager: Display: Loaded TargetPlatform 'Linux'
[2022.03.09-04.00.33:832][  0]LogTargetPlatformManager: Display: Loaded TargetPlatform 'LinuxNoEditor'
[2022.03.09-04.00.33:839][  0]LogTargetPlatformManager: Display: Loaded TargetPlatform 'LinuxClient'
[2022.03.09-04.00.33:849][  0]LogTargetPlatformManager: Display: Loaded TargetPlatform 'LinuxServer'
[2022.03.09-04.00.33:862][  0]LogTargetPlatformManager: Display: Loaded TargetPlatform 'LinuxAArch64NoEditor'
[2022.03.09-04.00.33:870][  0]LogTargetPlatformManager: Display: Loaded TargetPlatform 'LinuxAArch64Client'
[2022.03.09-04.00.33:878][  0]LogTargetPlatformManager: Display: Loaded TargetPlatform 'LinuxAArch64Server'
[2022.03.09-04.00.33:907][  0]LogTargetPlatformManager: Display: Loaded TargetPlatform 'Lumin'
[2022.03.09-04.00.33:907][  0]LogTargetPlatformManager: Display: Loaded TargetPlatform 'LuminClient'
[2022.03.09-04.00.33:920][  0]LogTargetPlatformManager: Display: Loaded TargetPlatform 'MacNoEditor'
[2022.03.09-04.00.33:928][  0]LogTargetPlatformManager: Display: Loaded TargetPlatform 'Mac'
[2022.03.09-04.00.33:936][  0]LogTargetPlatformManager: Display: Loaded TargetPlatform 'MacClient'
[2022.03.09-04.00.33:945][  0]LogTargetPlatformManager: Display: Loaded TargetPlatform 'MacServer'
[2022.03.09-04.00.33:963][  0]LogTargetPlatformManager: Display: Loaded TargetPlatform 'TVOSClient'
[2022.03.09-04.00.33:964][  0]LogTargetPlatformManager: Display: Loaded TargetPlatform 'TVOS'
[2022.03.09-04.00.33:976][  0]LogTargetPlatformManager: Display: Loaded TargetPlatform 'WindowsNoEditor'
[2022.03.09-04.00.33:985][  0]LogTargetPlatformManager: Display: Loaded TargetPlatform 'Windows'
[2022.03.09-04.00.33:992][  0]LogTargetPlatformManager: Display: Loaded TargetPlatform 'WindowsClient'
[2022.03.09-04.00.34:000][  0]LogTargetPlatformManager: Display: Loaded TargetPlatform 'WindowsServer'
[2022.03.09-04.00.34:001][  0]LogTargetPlatformManager: Display: Building Assets For Windows
[2022.03.09-04.00.34:024][  0]LogAudioDebug: Display: Lib vorbis DLL was dynamically loaded.
[2022.03.09-04.00.34:112][  0]LogTextureFormatOodle: Display: Oodle Texture 2.9.0 init RDO Off
[2022.03.09-04.00.34:203][  0]LogRendererCore: Ray tracing is disabled. Reason: r.RayTracing=0.
[2022.03.09-04.00.34:203][  0]LogShaderCompilers: Guid format shader working directory is 5 characters bigger than the processId version (../../../../ChattingClient/ChattingClient/Intermediate/Shaders/WorkingDirectory/20792/).
[2022.03.09-04.00.34:204][  0]LogShaderCompilers: Cleaned the shader compiler working directory 'C:/Users/lenovo/AppData/Local/Temp/UnrealShaderWorkingDir/88BA09DC4E981726B64CE087548A4779/'.
[2022.03.09-04.00.34:204][  0]LogXGEController: Cannot use XGE Controller as Incredibuild is not installed on this machine.
[2022.03.09-04.00.34:204][  0]LogShaderCompilers: Cannot use XGE Shader Compiler as Incredibuild is not installed on this machine.
[2022.03.09-04.00.34:204][  0]LogShaderCompilers: Display: Using Local Shader Compiler.
[2022.03.09-04.00.35:157][  0]LogDerivedDataCache: Display: Max Cache Size: 512 MB
[2022.03.09-04.00.35:253][  0]LogDerivedDataCache: Loaded boot cache 0.09s 96MB C:/Users/lenovo/AppData/Local/UnrealEngine/4.27/DerivedDataCache/Boot.ddc.
[2022.03.09-04.00.35:253][  0]LogDerivedDataCache: Display: Loaded Boot cache: C:/Users/lenovo/AppData/Local/UnrealEngine/4.27/DerivedDataCache/Boot.ddc
[2022.03.09-04.00.35:253][  0]LogDerivedDataCache: FDerivedDataBackendGraph:  Pak pak cache file ../../../../ChattingClient/ChattingClient/DerivedDataCache/DDC.ddp not found, will not use a pak cache.
[2022.03.09-04.00.35:254][  0]LogDerivedDataCache: Unable to find inner node Pak for hierarchical cache Hierarchy.
[2022.03.09-04.00.35:254][  0]LogDerivedDataCache: FDerivedDataBackendGraph:  CompressedPak pak cache file ../../../../ChattingClient/ChattingClient/DerivedDataCache/Compressed.ddp not found, will not use a pak cache.
[2022.03.09-04.00.35:254][  0]LogDerivedDataCache: Unable to find inner node CompressedPak for hierarchical cache Hierarchy.
[2022.03.09-04.00.35:273][  0]LogDerivedDataCache: Display: Pak cache opened for reading ../../../Engine/DerivedDataCache/Compressed.ddp.
[2022.03.09-04.00.35:274][  0]LogDerivedDataCache: FDerivedDataBackendGraph:  EnterprisePak pak cache file ../../../Enterprise/DerivedDataCache/Compressed.ddp not found, will not use a pak cache.
[2022.03.09-04.00.35:274][  0]LogDerivedDataCache: Unable to find inner node EnterprisePak for hierarchical cache Hierarchy.
[2022.03.09-04.00.35:299][  0]LogDerivedDataCache: Speed tests for C:/Users/lenovo/AppData/Local/UnrealEngine/Common/DerivedDataCache took 0.02 seconds
[2022.03.09-04.00.35:299][  0]LogDerivedDataCache: Display: Performance to C:/Users/lenovo/AppData/Local/UnrealEngine/Common/DerivedDataCache: Latency=0.26ms. RandomReadSpeed=85.67MBs, RandomWriteSpeed=85.09MBs. Assigned SpeedClass 'Local'
[2022.03.09-04.00.35:302][  0]LogDerivedDataCache: Using Local data cache path C:/Users/lenovo/AppData/Local/UnrealEngine/Common/DerivedDataCache: Writable
[2022.03.09-04.00.35:303][  0]LogDerivedDataCache: Shared data cache path not found in *engine.ini, will not use an Shared cache.
[2022.03.09-04.00.35:303][  0]LogDerivedDataCache: Unable to find inner node Shared for hierarchical cache Hierarchy.
[2022.03.09-04.00.35:362][  0]LogSlate: Using FreeType 2.10.0
[2022.03.09-04.00.35:363][  0]LogSlate: SlateFontServices - WITH_FREETYPE: 1, WITH_HARFBUZZ: 1
[2022.03.09-04.00.35:396][  0]LogAssetRegistry: FAssetRegistry took 0.0061 seconds to start up
[2022.03.09-04.00.35:614][  0]LogInit: Selected Device Profile: [Windows]
[2022.03.09-04.00.35:615][  0]LogInit: Active device profile: [00000195CDDB4E00][00000195C9A4C9C0 49] Windows
[2022.03.09-04.00.35:615][  0]LogInit: Profiles: [00000195CDDB4E00][00000195C9A4C9C0 49] Windows, [00000195CDD82500][00000195CE27CB40 49] WindowsNoEditor, [00000195CDDB5D00][00000195C3106CC0 49] WindowsServer, [00000195CDD83300][00000195C310AE40 49] WindowsClient, [00000195CDDB6A00][00000195C310EFC0 49] IOS, [00000195CDD83900][00000195C2567140 49] iPadAir, [00000195CDDB5500][00000195C256B2C0 49] iPadAir2, [00000195CDD01200][00000195CE227580 49] IPadPro, [00000195CDD01300][00000195C24F95C0 49] iPadAir3, [00000195CDD80C00][00000195CE247740 49] iPadAir4, [00000195CDD01F00][00000195C8C758C0 49] iPadMini2, [00000195CDD83100][00000195C8C79A40 49] iPadMini3, [00000195CDD02900][00000195C8C7DBC0 49] iPadMini4, [00000195CDD80F00][00000195CEA981C0 49] iPadMini5, [00000195CDD08C00][00000195C8C88480 49] iPhone6, [00000195CDD08D00][00000195CEA9C4C0 49] iPodTouch6, [00000195CDDB6700][00000195C8C8C700 49] iPhone7, [00000195CDDB6900][00000195CE68A740 49] iPodTouch7, [00000195CDD01100][00000195C2550880 49] iPhone5S, [00000195CDDB6C00][00000195C24E29C0 49] iPhone6Plus, [00000195CDD03F00][00000195C24E6B40 49] iPhone6S, [00000195CDD00100][00000195CDF0ACC0 49] iPhone6SPlus, [00000195CDD08B00][00000195CDF0EE40 49] iPhone7Plus, [00000195CDD02100][00000195CE24AFC0 49] iPhoneSE, [00000195CDD0A900][00000195C8C85140 49] iPhone8, [00000195CDD02200][00000195CDF132C0 49] iPhone8Plus, [00000195CDD0BB00][00000195C2555440 49] iPhoneX, [00000195CDD02300][00000195C25595C0 49] iPhoneXS, [00000195CDD08F00][00000195C255D740 49] iPhoneXSMax, [00000195CDDB6F00][00000195C25618C0 49] iPhoneXR, [00000195CDD09700][00000195C309FA40 49] iPhone11, [00000195CDDB6E00][00000195C30A3BC0 49] iPhone11Pro, [00000195CDD09900][00000195C30A61C0 49] iPhone11ProMax, [00000195CDDB5200][00000195C30AA340 49] iPhoneSE2, [00000195CDD0BD00][00000195C30AE4C0 49] iPhone12Mini, [00000195CDDB4B00][00000195C30B2640 49] iPhone12, [00000195CDD09D00][00000195C8C80780 49] iPhone12Pro, [00000195CDDB5400][00000195C30B68C0 49] iPhone12ProMax, [00000195CDD0B700][00000195C30BAA00 49] iPadPro105, [00000195CDDB5B00][00000195C30BEB40 49] iPadPro129, [00000195CDD08700][00000195C30C6CC0 49] iPadPro97, [00000195CDDB5300][00000195C30CAE40 49] iPadPro2_129, [00000195CDD09200][00000195C30CEFC0 49] iPad5, [00000195CDDB7F00][00000195C30D3140 49] iPad6, [00000195CDD0BA00][00000195C30D72C0 49] iPad7, [00000195CDDB5900][00000195CE291440 49] iPad8, [00000195CDD09400][00000195CE2955C0 49] iPadPro11, [00000195CDDB7500][00000195CE299740 49] iPadPro2_11, [00000195CDD0A300][00000195CE29D8C0 49] iPadPro3_129, [00000195CDDB4F00][00000195CE2A1A40 49] iPadPro4_129, [00000195CDD09100][00000195CE2A5BC0 49] AppleTV, [00000195CDDB7600][00000195CE2A81C0 49] AppleTV4K, [00000195CDD08600][00000195CE2AC340 49] TVOS, [00000195CDDB7900][00000195CE2B04C0 49] Mac, [00000195CDD0B200][00000195CE2B4640 49] MacClient, [00000195CDDB7B00][00000195CE2B87C0 49] MacNoEditor, [00000195CDD09300][00000195CE2BC940 49] MacServer, [00000195CDDB6400][00000195C30C2A80 49] Linux, [00000195CDD0A000][00000195CE2C0BC0 49] LinuxAArch64, [00000195CDDB7E00][00000195CE2C4D00 49] LinuxNoEditor, [00000195CDD0B100][00000195CE2CCE80 49] LinuxAArch64NoEditor, [00000195CDDB7200][00000195CE2D1000 49] LinuxClient, [00000195CDD0A800][00000195CE2D5180 49] LinuxAArch64Client, [00000195CDDB4400][00000195CE2D9300 49] LinuxServer, [00000195CDD08400][00000195CE2DD480 49] LinuxAArch64Server, [00000195CDDB5100][00000195CE2E1600 49] Android, [00000195CDD0A700][00000195CE2E5780 49] Android_Low, [00000195CDDB4800][00000195CE2E9900 49] Android_Mid, [00000195CDD08300][00000195CE2EDA80 49] Android_High, [00000195CDDB5C00][00000195CE2F1C00 49] Android_Default, [00000195CDD0B600][00000195CE2F4200 49] Android_Adreno4xx, [00000195CDDB6100][00000195CE2F8380 49] Android_Adreno5xx_Low, [00000195CDD08900][00000195CE2FC500 49] Android_Adreno5xx, [00000195CDDB5F00][00000195CE300680 49] Android_Adreno6xx, [00000195CDD09B00][00000195CE304800 49] Android_Adreno6xx_Vulkan, [00000195CDDB6B00][00000195CE308980 49] Android_Mali_T6xx, [00000195CDD01900][00000195CE30CB00 49] Android_Mali_T7xx, [00000195CDD83200][00000195CE2C8C40 49] Android_Mali_T8xx, [00000195CDD03C00][00000195CE310D80 49] Android_Mali_G71, [00000195CDD83D00][00000195CE314EC0 49] Android_Mali_G72, [00000195CDD03900][00000195CE31D040 49] Android_Mali_G72_Vulkan, [00000195CDD82300][00000195CE3211C0 49] Android_Mali_G76, [00000195CDD01A00][00000195CE325340 49] Android_Mali_G76_Vulkan, [00000195CDD80400][00000195CE3294C0 49] Android_Mali_G77, [00000195CDD03500][00000195CE32D640 49] Android_Mali_G77_Vulkan, [00000195CDD82100][00000195CE3317C0 49] Android_Mali_G78, [00000195CDD01000][00000195CE335940 49] Android_Mali_G78_Vulkan, [00000195CDD82400][00000195CE339AC0 49] Android_Mali_G710, [00000195CDD01500][00000195CE33C0C0 49] Android_Mali_G710_Vulkan, [00000195CDD83600][00000195CE340240 49] Android_Vulkan_SM5, [00000195CDD01800][00000195CE3443C0 49] Android_PowerVR_G6xxx, [00000195CDD83000][00000195CE348540 49] Android_PowerVR_GT7xxx, [00000195CDD01B00][00000195CE34C6C0 49] Android_PowerVR_GE8xxx, [00000195CDD83B00][00000195CDF9A840 49] Android_PowerVR_GM9xxx, [00000195CDD01E00][00000195CDF9E9C0 49] Android_PowerVR_GM9xxx_Vulkan, [00000195CDD81700][00000195CDFA2B40 49] Android_TegraK1, [00000195CDD03B00][00000195CDFA6CC0 49] Android_Unknown_Vulkan, [00000195CDD81100][00000195CE318E00 49] Lumin, [00000195CDD00600][00000195CDFAAF40 49] Lumin_Desktop, [00000195CDD0A200][00000195CDFAF080 49] HoloLens, 
[2022.03.09-04.00.35:831][  0]LogMeshReduction: Using QuadricMeshReduction for automatic static mesh reduction
[2022.03.09-04.00.35:832][  0]LogMeshReduction: Using SimplygonMeshReduction for automatic skeletal mesh reduction
[2022.03.09-04.00.35:832][  0]LogMeshReduction: Using ProxyLODMeshReduction for automatic mesh merging
[2022.03.09-04.00.35:832][  0]LogMeshReduction: No distributed automatic mesh merging module available
[2022.03.09-04.00.35:832][  0]LogMeshMerging: No distributed automatic mesh merging module available
[2022.03.09-04.00.35:855][  0]LogNetVersion: ChattingClient 1.0.0, NetCL: 17155196, EngineNetVer: 17, GameNetVer: 0 (Checksum: 1007274363)
[2022.03.09-04.00.36:365][  0]LogTexture: Default maximum texture size for cubemaps generated from long-lat sources has been changed from 512 to unlimited. In order to preserve old behaiour for '/Engine/MapTemplates/Sky/DaylightAmbientCubemap.DaylightAmbientCubemap', its maximum texture size has been explicitly set to 512.
[2022.03.09-04.00.36:418][  0]LogHMD: PokeAHoleMaterial loaded successfully
[2022.03.09-04.00.36:424][  0]LogUObjectArray: 17178 objects as part of root set at end of initial load.
[2022.03.09-04.00.36:424][  0]LogUObjectAllocator: 4302048 out of 0 bytes used by permanent object pool.
[2022.03.09-04.00.36:424][  0]LogUObjectArray: CloseDisregardForGC: 0/0 objects in disregard for GC pool
[2022.03.09-04.00.36:782][  0]LogNiagaraDebuggerClient: Niagara Debugger Client Initialized | Session: 6C6EE64045AE7B911FF262A3B8FD2118 | Instance: 8B87EECD444F951B9D96AEBAF70D918F (DESKTOP-JG03A40-20792).
[2022.03.09-04.00.36:982][  0]LogPython: Using Python 3.7.7
[2022.03.09-04.00.37:556][  0]LogTcpMessaging: Initializing TcpMessaging bridge
[2022.03.09-04.00.37:569][  0]LogUdpMessaging: Initializing bridge on interface 0.0.0.0:0 to multicast group 230.0.0.1:6666.
[2022.03.09-04.00.38:185][  0]SourceControl: 소스 컨트롤이 꺼졌습니다.
[2022.03.09-04.00.38:186][  0]SourceControl: 소스 컨트롤이 꺼졌습니다.
[2022.03.09-04.00.38:194][  0]SourceControl: 소스 컨트롤이 꺼졌습니다.
[2022.03.09-04.00.38:201][  0]SourceControl: 소스 컨트롤이 꺼졌습니다.
[2022.03.09-04.00.38:216][  0]SourceControl: 소스 컨트롤이 꺼졌습니다.
[2022.03.09-04.00.38:242][  0]LogUProjectInfo: Found projects:
[2022.03.09-04.00.38:536][  0]LogOpenImageDenoise: OIDN starting up
[2022.03.09-04.00.38:613][  0]LogAndroidPermission: UAndroidPermissionCallbackProxy::GetInstance
[2022.03.09-04.00.38:660][  0]LogAudioCaptureCore: Display: No Audio Capture implementations found. Audio input will be silent.
[2022.03.09-04.00.38:660][  0]LogAudioCaptureCore: Display: No Audio Capture implementations found. Audio input will be silent.
[2022.03.09-04.00.38:953][  0]LogOcInput: OculusInput pre-init called
[2022.03.09-04.00.39:206][  0]LogCollectionManager: Loaded 0 collections in 0.001530 seconds
[2022.03.09-04.00.39:297][  0]LogFileCache: Scanning file cache for directory 'C:/EpicGames/ChattingClient/ChattingClient/Saved/Collections/' took 0.00s
[2022.03.09-04.00.39:298][  0]LogFileCache: Scanning file cache for directory 'C:/EpicGames/ChattingClient/ChattingClient/Content/Developers/lenovo/Collections/' took 0.00s
[2022.03.09-04.00.39:298][  0]LogFileCache: Scanning file cache for directory 'C:/EpicGames/ChattingClient/ChattingClient/Content/Collections/' took 0.00s
[2022.03.09-04.00.39:298][  0]LogClass: Display: UInt32Property FSendBuffer::LeftPos is not initialized properly. Module:ChattingClient File:Public/SocketComponent.h
[2022.03.09-04.00.39:298][  0]LogClass: Display: UInt32Property FSendBuffer::RightPos is not initialized properly. Module:ChattingClient File:Public/SocketComponent.h
[2022.03.09-04.00.39:298][  0]LogClass: Display: 2 Uninitialized script struct members found including 0 object properties
[2022.03.09-04.00.39:299][  0]LogEngine: Initializing Engine...
[2022.03.09-04.00.39:303][  0]LogHMD: Failed to enumerate extensions. Please check that you have a valid OpenXR runtime installed.
[2022.03.09-04.00.39:304][  0]LogHMD: Failed to initialize OpenVR with code 110
[2022.03.09-04.00.39:304][  0]LogMagicLeap: Warning: VR disabled because ZI is not enabled.  To enable, in the editor, Edit -> Project Settings -> Plugins -> Magic Leap Plugin -> Enable Zero Iteration
[2022.03.09-04.00.39:305][  0]LogStats: UGameplayTagsManager::InitializeManager -  0.000 s
[2022.03.09-04.00.39:429][  0]LogInit: Initializing FReadOnlyCVARCache
[2022.03.09-04.00.39:445][  0]LogAIModule: Creating AISystem for world Untitled
[2022.03.09-04.00.39:446][  0]LogAudio: Display: Initializing Audio Device Manager...
[2022.03.09-04.00.39:453][  0]LogAudio: Display: Loading Default Audio Settings Objects...
[2022.03.09-04.00.39:454][  0]LogAudio: Display: No default SoundConcurrencyObject specified (or failed to load).
[2022.03.09-04.00.39:455][  0]LogAudio: Display: Audio Device Manager Initialized
[2022.03.09-04.00.39:455][  0]LogAudio: Display: Creating Audio Device:                 Id: 1, Scope: Shared, Realtime: True
[2022.03.09-04.00.39:455][  0]LogAudioMixer: Display: Audio Mixer Platform Settings:
[2022.03.09-04.00.39:455][  0]LogAudioMixer: Display: 	Sample Rate:						  48000
[2022.03.09-04.00.39:455][  0]LogAudioMixer: Display: 	Callback Buffer Frame Size Requested: 1024
[2022.03.09-04.00.39:456][  0]LogAudioMixer: Display: 	Callback Buffer Frame Size To Use:	  1024
[2022.03.09-04.00.39:456][  0]LogAudioMixer: Display: 	Number of buffers to queue:			  2
[2022.03.09-04.00.39:456][  0]LogAudioMixer: Display: 	Max Channels (voices):				  32
[2022.03.09-04.00.39:456][  0]LogAudioMixer: Display: 	Number of Async Source Workers:		  0
[2022.03.09-04.00.39:456][  0]LogAudio: Display: AudioDevice MaxSources: 32
[2022.03.09-04.00.39:457][  0]LogAudio: Display: Audio Spatialization Plugin: None (built-in).
[2022.03.09-04.00.39:457][  0]LogAudio: Display: Audio Reverb Plugin: None (built-in).
[2022.03.09-04.00.39:457][  0]LogAudio: Display: Audio Occlusion Plugin: None (built-in).
[2022.03.09-04.00.39:457][  0]LogAudioMixer: Display: Initializing audio mixer.
[2022.03.09-04.00.39:488][  0]LogAudioMixer: Display: 0: FrontLeft
[2022.03.09-04.00.39:489][  0]LogAudioMixer: Display: 1: FrontRight
[2022.03.09-04.00.39:741][  0]LogAudioMixer: Display: Using Audio Device 스피커(Realtek(R) Audio)
[2022.03.09-04.00.39:744][  0]LogAudioMixer: Display: Initializing Sound Submixes...
[2022.03.09-04.00.39:748][  0]LogAudioMixer: Display: Creating Master Submix 'MasterSubmixDefault'
[2022.03.09-04.00.39:749][  0]LogAudioMixer: Display: Creating Master Submix 'MasterReverbSubmixDefault'
[2022.03.09-04.00.39:749][  0]LogAudioMixer: Display: Creating Master Submix 'MasterEQSubmixDefault'
[2022.03.09-04.00.39:750][  0]LogAudioMixer: FMixerPlatformXAudio2::StartAudioStream() called
[2022.03.09-04.00.39:750][  0]LogAudioMixer: Display: Output buffers initialized: Frames=1024, Channels=2, Samples=2048
[2022.03.09-04.00.39:753][  0]LogAudioMixer: Display: Starting AudioMixerPlatformInterface::RunInternal()
[2022.03.09-04.00.39:753][  0]LogAudioMixer: Display: FMixerPlatformXAudio2::SubmitBuffer() called for the first time
[2022.03.09-04.00.39:753][  0]LogInit: FAudioDevice initialized.
[2022.03.09-04.00.39:754][  0]LogAudio: Display: Audio Device (ID: 1) registered with world 'Untitled'.
[2022.03.09-04.00.39:754][  0]LogNetVersion: Set ProjectVersion to 1.0.0.0. Version Checksum will be recalculated on next use.
[2022.03.09-04.00.39:829][  0]LogDerivedDataCache: Saved boot cache 0.08s 96MB C:/Users/lenovo/AppData/Local/UnrealEngine/4.27/DerivedDataCache/Boot.ddc.
[2022.03.09-04.00.39:830][  0]LogInit: Texture streaming: Enabled
[2022.03.09-04.00.39:854][  0]LogAnalytics: Display: [UEEditor.Rocket.Release] APIServer = https://datarouter.ol.epicgames.com/. AppVersion = 4.27.2-18319896+++UE4+Release-4.27
[2022.03.09-04.00.39:865][  0]LogEngineSessionManager: EngineSessionManager initialized
[2022.03.09-04.00.39:865][  0]LogEngineSessionManager: EngineSessionManager sent abnormal shutdown report. Type=Crashed, SessionId={B98A870C-48B5-B3A3-4C1A-0CB16167112C}
[2022.03.09-04.00.39:865][  0]LogEditorSessionSummary: Verbose: Initializing EditorSessionSummaryWriter for editor session tracking
[2022.03.09-04.00.39:872][  0]LogEditorSessionSummary: EditorSessionSummaryWriter initialized
[2022.03.09-04.00.39:909][  0]LogInit: Transaction tracking system initialized
[2022.03.09-04.00.39:959][  0]BlueprintLog: New page: 에디터 로드
[2022.03.09-04.00.40:092][  0]LocalizationService: 현지화 서비스가 비활성화되었습니다.
[2022.03.09-04.00.40:142][  0]TimingProfiler: Initialize
[2022.03.09-04.00.40:142][  0]TimingProfiler: OnSessionChanged
[2022.03.09-04.00.40:142][  0]LoadingProfiler: Initialize
[2022.03.09-04.00.40:142][  0]LoadingProfiler: OnSessionChanged
[2022.03.09-04.00.40:142][  0]NetworkingProfiler: Initialize
[2022.03.09-04.00.40:142][  0]NetworkingProfiler: OnSessionChanged
[2022.03.09-04.00.40:142][  0]MemoryProfiler: Initialize
[2022.03.09-04.00.40:142][  0]MemoryProfiler: OnSessionChanged
[2022.03.09-04.00.40:369][  0]LogCook: Display: CookSettings for Memory: MemoryMaxUsedVirtual 0MiB, MemoryMaxUsedPhysical 16384MiB, MemoryMinFreeVirtual 0MiB, MemoryMinFreePhysical 1024MiB
[2022.03.09-04.00.40:370][  0]LogCook: Display: Mobile HDR setting 1
[2022.03.09-04.00.40:697][  0]LogFileCache: Scanning file cache for directory 'C:/EpicGames/ChattingClient/ChattingClient/Content/' took 0.00s
[2022.03.09-04.00.40:919][  0]LogInit: Display: Engine is initialized. Leaving FEngineLoop::Init()
[2022.03.09-04.00.40:925][  0]SourceControl: 소스 컨트롤이 꺼졌습니다.
[2022.03.09-04.00.40:926][  0]LogUnrealEdMisc: Loading editor; pre map load, took 11.288
[2022.03.09-04.00.40:926][  0]Cmd: MAP LOAD FILE="../../../../ChattingClient/ChattingClient/Content/MainLevel.umap" TEMPLATE=0 SHOWPROGRESS=1 FEATURELEVEL=3
[2022.03.09-04.00.40:927][  0]LightingResults: New page: 라이팅 빌드
[2022.03.09-04.00.40:928][  0]LogWorld: UWorld::CleanupWorld for Untitled, bSessionEnded=true, bCleanupResources=true
[2022.03.09-04.00.40:929][  0]LogSlate: InvalidateAllWidgets triggered.  All widgets were invalidated
[2022.03.09-04.00.40:929][  0]MapCheck: New page: 맵 체크
[2022.03.09-04.00.40:929][  0]LightingResults: New page: 라이팅 빌드
[2022.03.09-04.00.40:932][  0]LogAudio: Display: Audio Device unregistered from world 'None'.
[2022.03.09-04.00.40:936][  0]LogUObjectHash: Compacting FUObjectHashTables data took   0.75ms
[2022.03.09-04.00.40:946][  0]LogAudio: Display: Audio Device (ID: 1) registered with world 'MainLevel'.
[2022.03.09-04.00.40:947][  0]LogAIModule: Creating AISystem for world MainLevel
[2022.03.09-04.00.40:948][  0]LogEditorServer: Finished looking for orphan Actors (0.000 secs)
[2022.03.09-04.00.40:960][  0]LogUObjectHash: Compacting FUObjectHashTables data took   0.70ms
[2022.03.09-04.00.40:961][  0]Cmd: MAP CHECKDEP NOCLEARLOG
[2022.03.09-04.00.40:961][  0]MapCheck: 맵 체크 완료: 오류 0 회, 경고 0 회, 소요 시간 0.287ms.
[2022.03.09-04.00.40:961][  0]LogFileHelpers: Loading map 'MainLevel' took 0.036
[2022.03.09-04.00.40:965][  0]LogUnrealEdMisc: Total Editor Startup Time, took 11.328
[2022.03.09-04.00.41:384][  0]LogSlate: Only BGRA pngs, bmps or icos are supported in by External Image Picker
[2022.03.09-04.00.41:477][  0]LogSlate: Updating window title bar state: overlay mode, drag disabled, window buttons hidden, title bar hidden
[2022.03.09-04.00.41:483][  0]LogSlate: Updating window title bar state: overlay mode, drag disabled, window buttons hidden, title bar hidden
[2022.03.09-04.00.41:488][  0]LogSlate: Updating window title bar state: overlay mode, drag disabled, window buttons hidden, title bar hidden
[2022.03.09-04.00.41:494][  0]LogSlate: Updating window title bar state: overlay mode, drag disabled, window buttons hidden, title bar hidden
[2022.03.09-04.00.41:510][  0]LogNativeClassHierarchy: Verbose: Native class hierarchy populated in 0.0081 seconds. Added 3836 classes and 931 folders.
[2022.03.09-04.00.41:513][  0]LogNativeClassHierarchy: Verbose: Native class hierarchy updated for 'WidgetCarousel' in 0.0002 seconds. Added 0 classes and 0 folders.
[2022.03.09-04.00.41:516][  0]LogPakFile: PakFile PrimaryIndexSize=187
[2022.03.09-04.00.41:516][  0]LogPakFile: PakFile PathHashIndexSize=101
[2022.03.09-04.00.41:516][  0]LogPakFile: PakFile FullDirectoryIndexSize=148
[2022.03.09-04.00.41:516][  0]LogShaderLibrary: Display: ShaderCodeLibraryPakFileMountedCallback: PakFile 'C:/EpicGames/UE_4.27/FeaturePacks/FP_FirstPerson.upack' (chunk index -1, root 'root:/') mounted
[2022.03.09-04.00.41:517][  0]LogShaderLibrary: Display: ShaderCodeLibraryPakFileMountedCallback: pending pak file info (ChunkID:-1 Root:root:/ File:C:/EpicGames/UE_4.27/FeaturePacks/FP_FirstPerson.upack)
[2022.03.09-04.00.41:517][  0]LogPakFile: OnPakFileMounted2Time == 0.000389
[2022.03.09-04.00.41:518][  0]LogPakFile: PakFile PrimaryIndexSize=189
[2022.03.09-04.00.41:519][  0]LogPakFile: PakFile PathHashIndexSize=101
[2022.03.09-04.00.41:519][  0]LogPakFile: PakFile FullDirectoryIndexSize=152
[2022.03.09-04.00.41:520][  0]LogShaderLibrary: Display: ShaderCodeLibraryPakFileMountedCallback: PakFile 'C:/EpicGames/UE_4.27/FeaturePacks/FP_FirstPersonBP.upack' (chunk index -1, root 'root:/') mounted
[2022.03.09-04.00.41:520][  0]LogShaderLibrary: Display: ShaderCodeLibraryPakFileMountedCallback: pending pak file info (ChunkID:-1 Root:root:/ File:C:/EpicGames/UE_4.27/FeaturePacks/FP_FirstPersonBP.upack)
[2022.03.09-04.00.41:520][  0]LogPakFile: OnPakFileMounted2Time == 0.000213
[2022.03.09-04.00.41:521][  0]LogPakFile: PakFile PrimaryIndexSize=191
[2022.03.09-04.00.41:522][  0]LogPakFile: PakFile PathHashIndexSize=101
[2022.03.09-04.00.41:522][  0]LogPakFile: PakFile FullDirectoryIndexSize=160
[2022.03.09-04.00.41:522][  0]LogShaderLibrary: Display: ShaderCodeLibraryPakFileMountedCallback: PakFile 'C:/EpicGames/UE_4.27/FeaturePacks/MobileStarterContent.upack' (chunk index -1, root 'root:/') mounted
[2022.03.09-04.00.41:522][  0]LogShaderLibrary: Display: ShaderCodeLibraryPakFileMountedCallback: pending pak file info (ChunkID:-1 Root:root:/ File:C:/EpicGames/UE_4.27/FeaturePacks/MobileStarterContent.upack)
[2022.03.09-04.00.41:522][  0]LogPakFile: OnPakFileMounted2Time == 0.000187
[2022.03.09-04.00.41:522][  0]LogPakFile: PakFile PrimaryIndexSize=185
[2022.03.09-04.00.41:523][  0]LogPakFile: PakFile PathHashIndexSize=101
[2022.03.09-04.00.41:523][  0]LogPakFile: PakFile FullDirectoryIndexSize=148
[2022.03.09-04.00.41:524][  0]LogShaderLibrary: Display: ShaderCodeLibraryPakFileMountedCallback: PakFile 'C:/EpicGames/UE_4.27/FeaturePacks/StarterContent.upack' (chunk index -1, root 'root:/') mounted
[2022.03.09-04.00.41:524][  0]LogShaderLibrary: Display: ShaderCodeLibraryPakFileMountedCallback: pending pak file info (ChunkID:-1 Root:root:/ File:C:/EpicGames/UE_4.27/FeaturePacks/StarterContent.upack)
[2022.03.09-04.00.41:524][  0]LogPakFile: OnPakFileMounted2Time == 0.000174
[2022.03.09-04.00.41:525][  0]LogPakFile: PakFile PrimaryIndexSize=190
[2022.03.09-04.00.41:525][  0]LogPakFile: PakFile PathHashIndexSize=101
[2022.03.09-04.00.41:525][  0]LogPakFile: PakFile FullDirectoryIndexSize=154
[2022.03.09-04.00.41:525][  0]LogShaderLibrary: Display: ShaderCodeLibraryPakFileMountedCallback: PakFile 'C:/EpicGames/UE_4.27/FeaturePacks/TP_2DSideScroller.upack' (chunk index -1, root 'root:/') mounted
[2022.03.09-04.00.41:525][  0]LogShaderLibrary: Display: ShaderCodeLibraryPakFileMountedCallback: pending pak file info (ChunkID:-1 Root:root:/ File:C:/EpicGames/UE_4.27/FeaturePacks/TP_2DSideScroller.upack)
[2022.03.09-04.00.41:525][  0]LogPakFile: OnPakFileMounted2Time == 0.000153
[2022.03.09-04.00.41:526][  0]LogPakFile: PakFile PrimaryIndexSize=192
[2022.03.09-04.00.41:527][  0]LogPakFile: PakFile PathHashIndexSize=101
[2022.03.09-04.00.41:527][  0]LogPakFile: PakFile FullDirectoryIndexSize=158
[2022.03.09-04.00.41:527][  0]LogShaderLibrary: Display: ShaderCodeLibraryPakFileMountedCallback: PakFile 'C:/EpicGames/UE_4.27/FeaturePacks/TP_2DSideScrollerBP.upack' (chunk index -1, root 'root:/') mounted
[2022.03.09-04.00.41:527][  0]LogShaderLibrary: Display: ShaderCodeLibraryPakFileMountedCallback: pending pak file info (ChunkID:-1 Root:root:/ File:C:/EpicGames/UE_4.27/FeaturePacks/TP_2DSideScrollerBP.upack)
[2022.03.09-04.00.41:527][  0]LogPakFile: OnPakFileMounted2Time == 0.000169
[2022.03.09-04.00.41:528][  0]LogPakFile: PakFile PrimaryIndexSize=182
[2022.03.09-04.00.41:528][  0]LogPakFile: PakFile PathHashIndexSize=101
[2022.03.09-04.00.41:528][  0]LogPakFile: PakFile FullDirectoryIndexSize=138
[2022.03.09-04.00.41:528][  0]LogShaderLibrary: Display: ShaderCodeLibraryPakFileMountedCallback: PakFile 'C:/EpicGames/UE_4.27/FeaturePacks/TP_Flying.upack' (chunk index -1, root 'root:/') mounted
[2022.03.09-04.00.41:528][  0]LogShaderLibrary: Display: ShaderCodeLibraryPakFileMountedCallback: pending pak file info (ChunkID:-1 Root:root:/ File:C:/EpicGames/UE_4.27/FeaturePacks/TP_Flying.upack)
[2022.03.09-04.00.41:528][  0]LogPakFile: OnPakFileMounted2Time == 0.000158
[2022.03.09-04.00.41:529][  0]LogPakFile: PakFile PrimaryIndexSize=184
[2022.03.09-04.00.41:530][  0]LogPakFile: PakFile PathHashIndexSize=101
[2022.03.09-04.00.41:530][  0]LogPakFile: PakFile FullDirectoryIndexSize=142
[2022.03.09-04.00.41:530][  0]LogShaderLibrary: Display: ShaderCodeLibraryPakFileMountedCallback: PakFile 'C:/EpicGames/UE_4.27/FeaturePacks/TP_FlyingBP.upack' (chunk index -1, root 'root:/') mounted
[2022.03.09-04.00.41:530][  0]LogShaderLibrary: Display: ShaderCodeLibraryPakFileMountedCallback: pending pak file info (ChunkID:-1 Root:root:/ File:C:/EpicGames/UE_4.27/FeaturePacks/TP_FlyingBP.upack)
[2022.03.09-04.00.41:530][  0]LogPakFile: OnPakFileMounted2Time == 0.000163
[2022.03.09-04.00.41:531][  0]LogPakFile: PakFile PrimaryIndexSize=188
[2022.03.09-04.00.41:531][  0]LogPakFile: PakFile PathHashIndexSize=101
[2022.03.09-04.00.41:532][  0]LogPakFile: PakFile FullDirectoryIndexSize=150
[2022.03.09-04.00.41:532][  0]LogShaderLibrary: Display: ShaderCodeLibraryPakFileMountedCallback: PakFile 'C:/EpicGames/UE_4.27/FeaturePacks/TP_HandheldARBP.upack' (chunk index -1, root 'root:/') mounted
[2022.03.09-04.00.41:532][  0]LogShaderLibrary: Display: ShaderCodeLibraryPakFileMountedCallback: pending pak file info (ChunkID:-1 Root:root:/ File:C:/EpicGames/UE_4.27/FeaturePacks/TP_HandheldARBP.upack)
[2022.03.09-04.00.41:532][  0]LogPakFile: OnPakFileMounted2Time == 0.000150
[2022.03.09-04.00.41:534][  0]LogPakFile: PakFile PrimaryIndexSize=182
[2022.03.09-04.00.41:534][  0]LogPakFile: PakFile PathHashIndexSize=101
[2022.03.09-04.00.41:534][  0]LogPakFile: PakFile FullDirectoryIndexSize=138
[2022.03.09-04.00.41:534][  0]LogShaderLibrary: Display: ShaderCodeLibraryPakFileMountedCallback: PakFile 'C:/EpicGames/UE_4.27/FeaturePacks/TP_Puzzle.upack' (chunk index -1, root 'root:/') mounted
[2022.03.09-04.00.41:534][  0]LogShaderLibrary: Display: ShaderCodeLibraryPakFileMountedCallback: pending pak file info (ChunkID:-1 Root:root:/ File:C:/EpicGames/UE_4.27/FeaturePacks/TP_Puzzle.upack)
[2022.03.09-04.00.41:534][  0]LogPakFile: OnPakFileMounted2Time == 0.000189
[2022.03.09-04.00.41:535][  0]LogPakFile: PakFile PrimaryIndexSize=184
[2022.03.09-04.00.41:536][  0]LogPakFile: PakFile PathHashIndexSize=101
[2022.03.09-04.00.41:536][  0]LogPakFile: PakFile FullDirectoryIndexSize=142
[2022.03.09-04.00.41:536][  0]LogShaderLibrary: Display: ShaderCodeLibraryPakFileMountedCallback: PakFile 'C:/EpicGames/UE_4.27/FeaturePacks/TP_PuzzleBP.upack' (chunk index -1, root 'root:/') mounted
[2022.03.09-04.00.41:536][  0]LogShaderLibrary: Display: ShaderCodeLibraryPakFileMountedCallback: pending pak file info (ChunkID:-1 Root:root:/ File:C:/EpicGames/UE_4.27/FeaturePacks/TP_PuzzleBP.upack)
[2022.03.09-04.00.41:536][  0]LogPakFile: OnPakFileMounted2Time == 0.000142
[2022.03.09-04.00.41:537][  0]LogPakFile: PakFile PrimaryIndexSize=183
[2022.03.09-04.00.41:537][  0]LogPakFile: PakFile PathHashIndexSize=101
[2022.03.09-04.00.41:537][  0]LogPakFile: PakFile FullDirectoryIndexSize=140
[2022.03.09-04.00.41:538][  0]LogShaderLibrary: Display: ShaderCodeLibraryPakFileMountedCallback: PakFile 'C:/EpicGames/UE_4.27/FeaturePacks/TP_Rolling.upack' (chunk index -1, root 'root:/') mounted
[2022.03.09-04.00.41:538][  0]LogShaderLibrary: Display: ShaderCodeLibraryPakFileMountedCallback: pending pak file info (ChunkID:-1 Root:root:/ File:C:/EpicGames/UE_4.27/FeaturePacks/TP_Rolling.upack)
[2022.03.09-04.00.41:538][  0]LogPakFile: OnPakFileMounted2Time == 0.000149
[2022.03.09-04.00.41:539][  0]LogPakFile: PakFile PrimaryIndexSize=185
[2022.03.09-04.00.41:539][  0]LogPakFile: PakFile PathHashIndexSize=101
[2022.03.09-04.00.41:539][  0]LogPakFile: PakFile FullDirectoryIndexSize=144
[2022.03.09-04.00.41:539][  0]LogShaderLibrary: Display: ShaderCodeLibraryPakFileMountedCallback: PakFile 'C:/EpicGames/UE_4.27/FeaturePacks/TP_RollingBP.upack' (chunk index -1, root 'root:/') mounted
[2022.03.09-04.00.41:539][  0]LogShaderLibrary: Display: ShaderCodeLibraryPakFileMountedCallback: pending pak file info (ChunkID:-1 Root:root:/ File:C:/EpicGames/UE_4.27/FeaturePacks/TP_RollingBP.upack)
[2022.03.09-04.00.41:539][  0]LogPakFile: OnPakFileMounted2Time == 0.000160
[2022.03.09-04.00.41:540][  0]LogPakFile: PakFile PrimaryIndexSize=188
[2022.03.09-04.00.41:540][  0]LogPakFile: PakFile PathHashIndexSize=101
[2022.03.09-04.00.41:540][  0]LogPakFile: PakFile FullDirectoryIndexSize=150
[2022.03.09-04.00.41:540][  0]LogShaderLibrary: Display: ShaderCodeLibraryPakFileMountedCallback: PakFile 'C:/EpicGames/UE_4.27/FeaturePacks/TP_SideScroller.upack' (chunk index -1, root 'root:/') mounted
[2022.03.09-04.00.41:540][  0]LogShaderLibrary: Display: ShaderCodeLibraryPakFileMountedCallback: pending pak file info (ChunkID:-1 Root:root:/ File:C:/EpicGames/UE_4.27/FeaturePacks/TP_SideScroller.upack)
[2022.03.09-04.00.41:540][  0]LogPakFile: OnPakFileMounted2Time == 0.000148
[2022.03.09-04.00.41:541][  0]LogPakFile: PakFile PrimaryIndexSize=190
[2022.03.09-04.00.41:542][  0]LogPakFile: PakFile PathHashIndexSize=101
[2022.03.09-04.00.41:542][  0]LogPakFile: PakFile FullDirectoryIndexSize=154
[2022.03.09-04.00.41:542][  0]LogShaderLibrary: Display: ShaderCodeLibraryPakFileMountedCallback: PakFile 'C:/EpicGames/UE_4.27/FeaturePacks/TP_SideScrollerBP.upack' (chunk index -1, root 'root:/') mounted
[2022.03.09-04.00.41:542][  0]LogShaderLibrary: Display: ShaderCodeLibraryPakFileMountedCallback: pending pak file info (ChunkID:-1 Root:root:/ File:C:/EpicGames/UE_4.27/FeaturePacks/TP_SideScrollerBP.upack)
[2022.03.09-04.00.41:542][  0]LogPakFile: OnPakFileMounted2Time == 0.000153
[2022.03.09-04.00.41:543][  0]LogPakFile: PakFile PrimaryIndexSize=187
[2022.03.09-04.00.41:543][  0]LogPakFile: PakFile PathHashIndexSize=101
[2022.03.09-04.00.41:544][  0]LogPakFile: PakFile FullDirectoryIndexSize=148
[2022.03.09-04.00.41:544][  0]LogShaderLibrary: Display: ShaderCodeLibraryPakFileMountedCallback: PakFile 'C:/EpicGames/UE_4.27/FeaturePacks/TP_ThirdPerson.upack' (chunk index -1, root 'root:/') mounted
[2022.03.09-04.00.41:544][  0]LogShaderLibrary: Display: ShaderCodeLibraryPakFileMountedCallback: pending pak file info (ChunkID:-1 Root:root:/ File:C:/EpicGames/UE_4.27/FeaturePacks/TP_ThirdPerson.upack)
[2022.03.09-04.00.41:544][  0]LogPakFile: OnPakFileMounted2Time == 0.000160
[2022.03.09-04.00.41:544][  0]LogPakFile: PakFile PrimaryIndexSize=189
[2022.03.09-04.00.41:544][  0]LogPakFile: PakFile PathHashIndexSize=101
[2022.03.09-04.00.41:545][  0]LogPakFile: PakFile FullDirectoryIndexSize=152
[2022.03.09-04.00.41:545][  0]LogShaderLibrary: Display: ShaderCodeLibraryPakFileMountedCallback: PakFile 'C:/EpicGames/UE_4.27/FeaturePacks/TP_ThirdPersonBP.upack' (chunk index -1, root 'root:/') mounted
[2022.03.09-04.00.41:545][  0]LogShaderLibrary: Display: ShaderCodeLibraryPakFileMountedCallback: pending pak file info (ChunkID:-1 Root:root:/ File:C:/EpicGames/UE_4.27/FeaturePacks/TP_ThirdPersonBP.upack)
[2022.03.09-04.00.41:545][  0]LogPakFile: OnPakFileMounted2Time == 0.000155
[2022.03.09-04.00.41:546][  0]LogPakFile: PakFile PrimaryIndexSize=183
[2022.03.09-04.00.41:546][  0]LogPakFile: PakFile PathHashIndexSize=101
[2022.03.09-04.00.41:547][  0]LogPakFile: PakFile FullDirectoryIndexSize=140
[2022.03.09-04.00.41:547][  0]LogShaderLibrary: Display: ShaderCodeLibraryPakFileMountedCallback: PakFile 'C:/EpicGames/UE_4.27/FeaturePacks/TP_TopDown.upack' (chunk index -1, root 'root:/') mounted
[2022.03.09-04.00.41:547][  0]LogShaderLibrary: Display: ShaderCodeLibraryPakFileMountedCallback: pending pak file info (ChunkID:-1 Root:root:/ File:C:/EpicGames/UE_4.27/FeaturePacks/TP_TopDown.upack)
[2022.03.09-04.00.41:547][  0]LogPakFile: OnPakFileMounted2Time == 0.000184
[2022.03.09-04.00.41:548][  0]LogPakFile: PakFile PrimaryIndexSize=185
[2022.03.09-04.00.41:548][  0]LogPakFile: PakFile PathHashIndexSize=101
[2022.03.09-04.00.41:548][  0]LogPakFile: PakFile FullDirectoryIndexSize=144
[2022.03.09-04.00.41:548][  0]LogShaderLibrary: Display: ShaderCodeLibraryPakFileMountedCallback: PakFile 'C:/EpicGames/UE_4.27/FeaturePacks/TP_TopDownBP.upack' (chunk index -1, root 'root:/') mounted
[2022.03.09-04.00.41:548][  0]LogShaderLibrary: Display: ShaderCodeLibraryPakFileMountedCallback: pending pak file info (ChunkID:-1 Root:root:/ File:C:/EpicGames/UE_4.27/FeaturePacks/TP_TopDownBP.upack)
[2022.03.09-04.00.41:548][  0]LogPakFile: OnPakFileMounted2Time == 0.000163
[2022.03.09-04.00.41:549][  0]LogPakFile: PakFile PrimaryIndexSize=185
[2022.03.09-04.00.41:549][  0]LogPakFile: PakFile PathHashIndexSize=101
[2022.03.09-04.00.41:549][  0]LogPakFile: PakFile FullDirectoryIndexSize=144
[2022.03.09-04.00.41:549][  0]LogShaderLibrary: Display: ShaderCodeLibraryPakFileMountedCallback: PakFile 'C:/EpicGames/UE_4.27/FeaturePacks/TP_TwinStick.upack' (chunk index -1, root 'root:/') mounted
[2022.03.09-04.00.41:549][  0]LogShaderLibrary: Display: ShaderCodeLibraryPakFileMountedCallback: pending pak file info (ChunkID:-1 Root:root:/ File:C:/EpicGames/UE_4.27/FeaturePacks/TP_TwinStick.upack)
[2022.03.09-04.00.41:549][  0]LogPakFile: OnPakFileMounted2Time == 0.000147
[2022.03.09-04.00.41:551][  0]LogPakFile: PakFile PrimaryIndexSize=187
[2022.03.09-04.00.41:551][  0]LogPakFile: PakFile PathHashIndexSize=101
[2022.03.09-04.00.41:551][  0]LogPakFile: PakFile FullDirectoryIndexSize=148
[2022.03.09-04.00.41:551][  0]LogShaderLibrary: Display: ShaderCodeLibraryPakFileMountedCallback: PakFile 'C:/EpicGames/UE_4.27/FeaturePacks/TP_TwinStickBP.upack' (chunk index -1, root 'root:/') mounted
[2022.03.09-04.00.41:551][  0]LogShaderLibrary: Display: ShaderCodeLibraryPakFileMountedCallback: pending pak file info (ChunkID:-1 Root:root:/ File:C:/EpicGames/UE_4.27/FeaturePacks/TP_TwinStickBP.upack)
[2022.03.09-04.00.41:551][  0]LogPakFile: OnPakFileMounted2Time == 0.000169
[2022.03.09-04.00.41:552][  0]LogPakFile: PakFile PrimaryIndexSize=183
[2022.03.09-04.00.41:553][  0]LogPakFile: PakFile PathHashIndexSize=101
[2022.03.09-04.00.41:553][  0]LogPakFile: PakFile FullDirectoryIndexSize=140
[2022.03.09-04.00.41:553][  0]LogShaderLibrary: Display: ShaderCodeLibraryPakFileMountedCallback: PakFile 'C:/EpicGames/UE_4.27/FeaturePacks/TP_Vehicle.upack' (chunk index -1, root 'root:/') mounted
[2022.03.09-04.00.41:553][  0]LogShaderLibrary: Display: ShaderCodeLibraryPakFileMountedCallback: pending pak file info (ChunkID:-1 Root:root:/ File:C:/EpicGames/UE_4.27/FeaturePacks/TP_Vehicle.upack)
[2022.03.09-04.00.41:553][  0]LogPakFile: OnPakFileMounted2Time == 0.000158
[2022.03.09-04.00.41:554][  0]LogPakFile: PakFile PrimaryIndexSize=186
[2022.03.09-04.00.41:554][  0]LogPakFile: PakFile PathHashIndexSize=101
[2022.03.09-04.00.41:554][  0]LogPakFile: PakFile FullDirectoryIndexSize=146
[2022.03.09-04.00.41:554][  0]LogShaderLibrary: Display: ShaderCodeLibraryPakFileMountedCallback: PakFile 'C:/EpicGames/UE_4.27/FeaturePacks/TP_VehicleAdv.upack' (chunk index -1, root 'root:/') mounted
[2022.03.09-04.00.41:554][  0]LogShaderLibrary: Display: ShaderCodeLibraryPakFileMountedCallback: pending pak file info (ChunkID:-1 Root:root:/ File:C:/EpicGames/UE_4.27/FeaturePacks/TP_VehicleAdv.upack)
[2022.03.09-04.00.41:554][  0]LogPakFile: OnPakFileMounted2Time == 0.000153
[2022.03.09-04.00.41:555][  0]LogPakFile: PakFile PrimaryIndexSize=188
[2022.03.09-04.00.41:555][  0]LogPakFile: PakFile PathHashIndexSize=101
[2022.03.09-04.00.41:555][  0]LogPakFile: PakFile FullDirectoryIndexSize=150
[2022.03.09-04.00.41:555][  0]LogShaderLibrary: Display: ShaderCodeLibraryPakFileMountedCallback: PakFile 'C:/EpicGames/UE_4.27/FeaturePacks/TP_VehicleAdvBP.upack' (chunk index -1, root 'root:/') mounted
[2022.03.09-04.00.41:556][  0]LogShaderLibrary: Display: ShaderCodeLibraryPakFileMountedCallback: pending pak file info (ChunkID:-1 Root:root:/ File:C:/EpicGames/UE_4.27/FeaturePacks/TP_VehicleAdvBP.upack)
[2022.03.09-04.00.41:556][  0]LogPakFile: OnPakFileMounted2Time == 0.000148
[2022.03.09-04.00.41:557][  0]LogPakFile: PakFile PrimaryIndexSize=185
[2022.03.09-04.00.41:557][  0]LogPakFile: PakFile PathHashIndexSize=101
[2022.03.09-04.00.41:558][  0]LogPakFile: PakFile FullDirectoryIndexSize=144
[2022.03.09-04.00.41:558][  0]LogShaderLibrary: Display: ShaderCodeLibraryPakFileMountedCallback: PakFile 'C:/EpicGames/UE_4.27/FeaturePacks/TP_VehicleBP.upack' (chunk index -1, root 'root:/') mounted
[2022.03.09-04.00.41:558][  0]LogShaderLibrary: Display: ShaderCodeLibraryPakFileMountedCallback: pending pak file info (ChunkID:-1 Root:root:/ File:C:/EpicGames/UE_4.27/FeaturePacks/TP_VehicleBP.upack)
[2022.03.09-04.00.41:558][  0]LogPakFile: OnPakFileMounted2Time == 0.000151
[2022.03.09-04.00.41:558][  0]LogPakFile: PakFile PrimaryIndexSize=192
[2022.03.09-04.00.41:558][  0]LogPakFile: PakFile PathHashIndexSize=101
[2022.03.09-04.00.41:559][  0]LogPakFile: PakFile FullDirectoryIndexSize=158
[2022.03.09-04.00.41:559][  0]LogShaderLibrary: Display: ShaderCodeLibraryPakFileMountedCallback: PakFile 'C:/EpicGames/UE_4.27/FeaturePacks/TP_VirtualRealityBP.upack' (chunk index -1, root 'root:/') mounted
[2022.03.09-04.00.41:559][  0]LogShaderLibrary: Display: ShaderCodeLibraryPakFileMountedCallback: pending pak file info (ChunkID:-1 Root:root:/ File:C:/EpicGames/UE_4.27/FeaturePacks/TP_VirtualRealityBP.upack)
[2022.03.09-04.00.41:559][  0]LogPakFile: OnPakFileMounted2Time == 0.000155
[2022.03.09-04.00.41:640][  0]LogNativeClassHierarchy: Verbose: Native class hierarchy updated for 'AddContentDialog' in 0.0003 seconds. Added 0 classes and 0 folders.
[2022.03.09-04.00.41:644][  0]LogNativeClassHierarchy: Verbose: Native class hierarchy updated for 'SceneOutliner' in 0.0002 seconds. Added 2 classes and 0 folders.
[2022.03.09-04.00.41:752][  0]LogSlate: Took 0.000196 seconds to synchronously load lazily loaded font '../../../Engine/Content/Slate/Fonts/Roboto-Regular.ttf' (155K)
[2022.03.09-04.00.41:757][  0]LogSlate: Took 0.004273 seconds to synchronously load lazily loaded font '../../../Engine/Content/Editor/Slate/Fonts/NanumGothic.ttf' (4243K)
[2022.03.09-04.00.41:759][  0]LogSlate: Took 0.000780 seconds to synchronously load lazily loaded font '../../../Engine/Content/Editor/Slate/Fonts/FontAwesome.ttf' (139K)
[2022.03.09-04.00.41:763][  0]LogSlate: Took 0.004239 seconds to synchronously load lazily loaded font '../../../Engine/Content/Editor/Slate/Fonts/NanumGothicBold.ttf' (4188K)
[2022.03.09-04.00.41:764][  0]LogSlate: Took 0.000196 seconds to synchronously load lazily loaded font '../../../Engine/Content/Slate/Fonts/Roboto-Bold.ttf' (160K)
[2022.03.09-04.00.41:850][  0]LogRenderer: Reallocating scene render targets to support 940x400 Format 10 NumSamples 1 (Frame:1).
[2022.03.09-04.00.41:886][  0]LogSlate: Took 0.000835 seconds to synchronously load lazily loaded font '../../../Engine/Content/Slate/Fonts/Roboto-Light.ttf' (167K)
[2022.03.09-04.00.41:937][  0]LogNativeClassHierarchy: Verbose: Native class hierarchy updated for 'HierarchicalLODOutliner' in 0.0002 seconds. Added 0 classes and 0 folders.
[2022.03.09-04.00.41:939][  0]LogLoad: (Engine Initialization) Total time: 12.30 seconds
[2022.03.09-04.00.41:939][  0]LogLoad: (Engine Initialization) Total Blueprint compile time: 0.00 seconds
[2022.03.09-04.00.42:148][  0]LogAssetRegistry: Asset discovery search completed in 6.7558 seconds
[2022.03.09-04.00.42:155][  0]LogCollectionManager: Fixed up redirectors for 0 collections in 0.000001 seconds (updated 0 objects)
[2022.03.09-04.00.42:156][  0]LogContentStreaming: Texture pool size now 1000 MB
[2022.03.09-04.00.42:197][  1]LogRenderer: Reallocating scene render targets to support 940x416 Format 10 NumSamples 1 (Frame:3).
[2022.03.09-04.00.42:982][ 44]LogSlate: Took 0.000196 seconds to synchronously load lazily loaded font '../../../Engine/Content/Slate/Fonts/Roboto-Light.ttf' (167K)
[2022.03.09-04.00.54:639][118]LogTemp: Repeating last play command: 선택된 뷰포트
[2022.03.09-04.00.54:646][118]LogPlayLevel: PlayLevel: No blueprints needed recompiling
[2022.03.09-04.00.54:647][118]PIE: New page: PIE 세션: MainLevel (2022. 3. 9. 오후 10:00:54)
[2022.03.09-04.00.54:649][118]LogOnline: OSS: Creating online subsystem instance for: NULL
[2022.03.09-04.00.54:652][118]LogOnline: OSS: TryLoadSubsystemAndSetDefault: Loaded subsystem for module [NULL]
[2022.03.09-04.00.54:653][118]LogPlayLevel: Creating play world package: /Game/UEDPIE_0_MainLevel
[2022.03.09-04.00.54:654][118]LogPlayLevel: PIE: StaticDuplicateObject took: (0.001499s)
[2022.03.09-04.00.54:656][118]LogAIModule: Creating AISystem for world MainLevel
[2022.03.09-04.00.54:656][118]LogPlayLevel: PIE: World Init took: (0.001627s)
[2022.03.09-04.00.54:656][118]LogPlayLevel: PIE: Created PIE world by copying editor world from /Game/MainLevel.MainLevel to /Game/UEDPIE_0_MainLevel.MainLevel (0.003623s)
[2022.03.09-04.00.54:662][118]LogUObjectHash: Compacting FUObjectHashTables data took   0.53ms
[2022.03.09-04.00.54:666][118]LogAudio: Display: Creating Audio Device:                 Id: 2, Scope: Unique, Realtime: True
[2022.03.09-04.00.54:666][118]LogAudioMixer: Display: Audio Mixer Platform Settings:
[2022.03.09-04.00.54:667][118]LogAudioMixer: Display: 	Sample Rate:						  48000
[2022.03.09-04.00.54:667][118]LogAudioMixer: Display: 	Callback Buffer Frame Size Requested: 1024
[2022.03.09-04.00.54:667][118]LogAudioMixer: Display: 	Callback Buffer Frame Size To Use:	  1024
[2022.03.09-04.00.54:667][118]LogAudioMixer: Display: 	Number of buffers to queue:			  2
[2022.03.09-04.00.54:667][118]LogAudioMixer: Display: 	Max Channels (voices):				  32
[2022.03.09-04.00.54:667][118]LogAudioMixer: Display: 	Number of Async Source Workers:		  0
[2022.03.09-04.00.54:667][118]LogAudio: Display: AudioDevice MaxSources: 32
[2022.03.09-04.00.54:668][118]LogAudio: Display: Audio Spatialization Plugin: None (built-in).
[2022.03.09-04.00.54:668][118]LogAudio: Display: Audio Reverb Plugin: None (built-in).
[2022.03.09-04.00.54:668][118]LogAudio: Display: Audio Occlusion Plugin: None (built-in).
[2022.03.09-04.00.54:668][118]LogAudioMixer: Display: Initializing audio mixer.
[2022.03.09-04.00.54:682][118]LogAudioMixer: Display: 0: FrontLeft
[2022.03.09-04.00.54:682][118]LogAudioMixer: Display: 1: FrontRight
[2022.03.09-04.00.54:718][118]LogAudioMixer: Display: Using Audio Device 스피커(Realtek(R) Audio)
[2022.03.09-04.00.54:718][118]LogAudioMixer: Display: Initializing Sound Submixes...
[2022.03.09-04.00.54:719][118]LogAudioMixer: Display: Creating Master Submix 'MasterSubmixDefault'
[2022.03.09-04.00.54:719][118]LogAudioMixer: Display: Creating Master Submix 'MasterReverbSubmixDefault'
[2022.03.09-04.00.54:719][118]LogAudioMixer: Display: Creating Master Submix 'MasterEQSubmixDefault'
[2022.03.09-04.00.54:719][118]LogAudioMixer: FMixerPlatformXAudio2::StartAudioStream() called
[2022.03.09-04.00.54:719][118]LogAudioMixer: Display: Output buffers initialized: Frames=1024, Channels=2, Samples=2048
[2022.03.09-04.00.54:722][118]LogAudioMixer: Display: Starting AudioMixerPlatformInterface::RunInternal()
[2022.03.09-04.00.54:722][118]LogAudioMixer: Display: FMixerPlatformXAudio2::SubmitBuffer() called for the first time
[2022.03.09-04.00.54:722][118]LogInit: FAudioDevice initialized.
[2022.03.09-04.00.54:723][118]LogAudio: Display: Audio Device (ID: 2) registered with world 'MainLevel'.
[2022.03.09-04.00.54:735][118]LogLoad: Game class is 'GameModeBase'
[2022.03.09-04.00.54:737][118]LogWorld: Bringing World /Game/UEDPIE_0_MainLevel.MainLevel up for play (max tick rate 60) at 2022.03.09-13.00.54
[2022.03.09-04.00.54:738][118]LogWorld: Bringing up level for play took: 0.000365
[2022.03.09-04.00.54:738][118]LogOnline: OSS: Creating online subsystem instance for: :Context_2
[2022.03.09-04.00.54:750][118]LogNativeClassHierarchy: Verbose: Native class hierarchy updated for 'MovieSceneCapture' in 0.0003 seconds. Added 20 classes and 0 folders.
[2022.03.09-04.00.54:752][118]LogViewport: Display: Viewport MouseLockMode Changed, LockOnCapture -> LockInFullscreen
[2022.03.09-04.00.54:752][118]LogViewport: Display: Viewport MouseCaptureMode Changed, CapturePermanently_IncludingInitialMouseDown -> NoCapture
[2022.03.09-04.00.54:753][118]LogViewport: Display: Player bShowMouseCursor Changed, False -> True
[2022.03.09-04.00.54:753][118]PIE: 서버가 로그인했습니다.
[2022.03.09-04.00.54:755][118]PIE: 에디터에서 플레이 총 시작 시간 0.111초입니다.
[2022.03.09-04.00.54:757][118]LogTemp: From Server: Welcome to chatting server!
Please login using Login [Username] command
[2022.03.09-04.00.56:438][219]LogTemp: SendMsg: login qwer
[2022.03.09-04.00.56:444][219]LogTemp: Send: login qwer

[2022.03.09-04.00.56:454][220]LogTemp: From Server: Now you will be called: [qwer]
Please Checking Command list using h or H
[2022.03.09-04.00.57:837][303]LogTemp: SendMsg: lt
[2022.03.09-04.00.57:841][303]LogTemp: Send: lt

[2022.03.09-04.00.57:855][304]LogTemp: From Server: --------------------------RoomList--------------------------
[0] aaa 13:0
[2022.03.09-04.00.57:856][304]LogTemp: Find RoomList inst
[2022.03.09-04.00.58:437][339]LogTemp: SendMsg: j 0
[2022.03.09-04.00.58:439][339]LogTemp: Send: j 0

[2022.03.09-04.01.02:761][386]LogTemp: From Server: abcd: hihihi
	
[2022.03.09-04.01.22:743][386]LogTemp: Find RoomInfo inst
