Log file open, 03/08/22 22:38:37
LogWindows: Failed to load 'aqProf.dll' (GetLastError=126)
LogWindows: File 'aqProf.dll' does not exist
LogWindows: Failed to load 'VtuneApi.dll' (GetLastError=126)
LogWindows: File 'VtuneApi.dll' does not exist
LogWindows: Failed to load 'VtuneApi32e.dll' (GetLastError=126)
LogWindows: File 'VtuneApi32e.dll' does not exist
LogConsoleResponse: Display: Failed to find resolution value strings in scalability ini. Falling back to default.
LogConsoleResponse: Display: Failed to find resolution value strings in scalability ini. Falling back to default.
LogInit: Display: Running engine for game: ChattingClient
LogPlatformFile: Not using cached read wrapper
LogTaskGraph: Started task graph with 5 named threads and 35 total threads with 3 sets of task threads.
LogStats: Stats thread started at 0.436932
LogICUInternationalization: ICU TimeZone Detection - Raw Offset: +9:00, Platform Override: ''
LogInit: Display: Loading text-based GConfig....
LogPluginManager: Mounting plugin MeshPainting
LogPluginManager: Mounting plugin XGEController
LogPluginManager: Mounting plugin Paper2D
LogPluginManager: Mounting plugin EnvironmentQueryEditor
LogPluginManager: Mounting plugin AISupport
LogPluginManager: Mounting plugin LightPropagationVolume
LogPluginManager: Mounting plugin LiveLink
LogPluginManager: Mounting plugin CameraShakePreviewer
LogPluginManager: Mounting plugin GameplayCameras
LogPluginManager: Mounting plugin OodleNetwork
LogPluginManager: Mounting plugin AnimationSharing
LogPluginManager: Mounting plugin CodeLiteSourceCodeAccess
LogPluginManager: Mounting plugin OodleData
LogPluginManager: Mounting plugin CLionSourceCodeAccess
LogPluginManager: Mounting plugin GitSourceControl
LogPluginManager: Mounting plugin PixWinPlugin
LogPluginManager: Mounting plugin PerforceSourceControl
LogPluginManager: Mounting plugin PlasticSourceControl
LogPluginManager: Mounting plugin PluginUtils
LogPluginManager: Mounting plugin PropertyAccessNode
LogPluginManager: Mounting plugin KDevelopSourceCodeAccess
LogPluginManager: Mounting plugin NullSourceCodeAccess
LogPluginManager: Mounting plugin RiderSourceCodeAccess
LogPluginManager: Mounting plugin SubversionSourceControl
LogPluginManager: Mounting plugin TextureFormatOodle
LogPluginManager: Mounting plugin UObjectPlugin
LogPluginManager: Mounting plugin VisualStudioCodeSourceCodeAccess
LogPluginManager: Mounting plugin VisualStudioSourceCodeAccess
LogPluginManager: Mounting plugin XCodeSourceCodeAccess
LogPluginManager: Mounting plugin DatasmithContent
LogPluginManager: Mounting plugin AssetManagerEditor
LogPluginManager: Mounting plugin VariantManagerContent
LogPluginManager: Mounting plugin CryptoKeys
LogPluginManager: Mounting plugin CurveEditorTools
LogPluginManager: Mounting plugin DataValidation
LogPluginManager: Mounting plugin FacialAnimation
LogPluginManager: Mounting plugin GeometryMode
LogPluginManager: Mounting plugin MacGraphicsSwitching
LogPluginManager: Mounting plugin MaterialAnalyzer
LogPluginManager: Mounting plugin MobileLauncherProfileWizard
LogPluginManager: Mounting plugin PluginBrowser
LogPluginManager: Mounting plugin GameplayTagsEditor
LogPluginManager: Mounting plugin SpeedTreeImporter
LogPluginManager: Mounting plugin AlembicImporter
LogPluginManager: Mounting plugin AutomationUtils
LogPluginManager: Mounting plugin BackChannel
LogPluginManager: Mounting plugin ChaosCloth
LogPluginManager: Mounting plugin ChaosClothEditor
LogPluginManager: Mounting plugin ChaosEditor
LogPluginManager: Mounting plugin ChaosSolverPlugin
LogPluginManager: Mounting plugin ChaosNiagara
LogPluginManager: Mounting plugin CharacterAI
LogPluginManager: Mounting plugin GeometryCache
LogPluginManager: Mounting plugin GeometryCollectionPlugin
LogPluginManager: Mounting plugin LuminPlatformFeatures
LogPluginManager: Mounting plugin MagicLeapLightEstimation
LogPluginManager: Mounting plugin MagicLeapMedia
LogPluginManager: Mounting plugin MagicLeapPassableWorld
LogPluginManager: Mounting plugin MagicLeap
LogPluginManager: Mounting plugin MLSDK
LogPluginManager: Mounting plugin Niagara
LogPluginManager: Mounting plugin AndroidMedia
LogPluginManager: Mounting plugin AvfMedia
LogPluginManager: Mounting plugin ImgMedia
LogPluginManager: Mounting plugin GeometryProcessing
LogPluginManager: Mounting plugin MediaCompositing
LogPluginManager: Mounting plugin MediaPlayerEditor
LogPluginManager: Mounting plugin WebMMedia
LogPluginManager: Mounting plugin WmfMedia
LogPluginManager: Mounting plugin PlatformCrypto
LogPluginManager: Mounting plugin ProxyLODPlugin
LogPluginManager: Mounting plugin PlanarCut
LogPluginManager: Mounting plugin PythonScriptPlugin
LogPluginManager: Mounting plugin MotoSynth
LogPluginManager: Mounting plugin SkeletalReduction
LogPluginManager: Mounting plugin OpenImageDenoise
LogPluginManager: Mounting plugin TcpMessaging
LogPluginManager: Mounting plugin UdpMessaging
LogPluginManager: Mounting plugin ActorSequence
LogPluginManager: Mounting plugin LevelSequenceEditor
LogPluginManager: Mounting plugin MatineeToLevelSequence
LogPluginManager: Mounting plugin TemplateSequence
LogPluginManager: Mounting plugin OnlineSubsystem
LogPluginManager: Mounting plugin OnlineSubsystemNull
LogPluginManager: Mounting plugin LauncherChunkInstaller
LogPluginManager: Mounting plugin ActorLayerUtilities
LogPluginManager: Mounting plugin OnlineSubsystemUtils
LogPluginManager: Mounting plugin AndroidDeviceProfileSelector
LogPluginManager: Mounting plugin AndroidPermission
LogPluginManager: Mounting plugin AppleMoviePlayer
LogPluginManager: Mounting plugin AppleImageUtils
LogPluginManager: Mounting plugin AssetTags
LogPluginManager: Mounting plugin ArchVisCharacter
LogPluginManager: Mounting plugin AndroidMoviePlayer
LogPluginManager: Mounting plugin AudioCapture
LogPluginManager: Mounting plugin AudioSynesthesia
LogPluginManager: Mounting plugin ChunkDownloader
LogPluginManager: Mounting plugin CableComponent
LogPluginManager: Mounting plugin CustomMeshComponent
LogPluginManager: Mounting plugin EditableMesh
LogPluginManager: Mounting plugin ScreenshotTools
LogPluginManager: Mounting plugin ExampleDeviceProfileSelector
LogPluginManager: Mounting plugin GoogleCloudMessaging
LogPluginManager: Mounting plugin GooglePAD
LogPluginManager: Mounting plugin IOSDeviceProfileSelector
LogPluginManager: Mounting plugin LinuxDeviceProfileSelector
LogPluginManager: Mounting plugin Takes
LogPluginManager: Mounting plugin LocationServicesBPLibrary
LogPluginManager: Mounting plugin MobilePatchingUtils
LogPluginManager: Mounting plugin OpenXRHandTracking
LogPluginManager: Mounting plugin OpenXREyeTracker
LogPluginManager: Mounting plugin OpenXR
LogPluginManager: Mounting plugin PhysXVehicles
LogPluginManager: Mounting plugin PostSplashScreen
LogPluginManager: Mounting plugin ProceduralMeshComponent
LogPluginManager: Mounting plugin PropertyAccessEditor
LogPluginManager: Mounting plugin RuntimePhysXCooking
LogPluginManager: Mounting plugin SignificanceManager
LogPluginManager: Mounting plugin SoundFields
LogPluginManager: Mounting plugin Synthesis
LogPluginManager: Mounting plugin WebMMoviePlayer
LogPluginManager: Mounting plugin WindowsMoviePlayer
LogPluginManager: Mounting plugin ContentBrowserAssetDataSource
LogPluginManager: Mounting plugin ContentBrowserClassDataSource
LogPluginManager: Mounting plugin ContentBrowserFileDataSource
LogPluginManager: Mounting plugin OnlineSubsystemGooglePlay
LogPluginManager: Mounting plugin OnlineSubsystemIOS
LogPluginManager: Mounting plugin OculusVR
LogPluginManager: Mounting plugin SteamVR
PixWinPlugin: PIX capture plugin failed to initialize! Check that the process is launched from PIX.
LogInit: Using libcurl 7.55.1-DEV
LogInit:  - built for x86_64-pc-win32
LogInit:  - supports SSL with OpenSSL/1.1.1
LogInit:  - supports HTTP deflate (compression) using libz 1.2.8
LogInit:  - other features:
LogInit:      CURL_VERSION_SSL
LogInit:      CURL_VERSION_LIBZ
LogInit:      CURL_VERSION_IPV6
LogInit:      CURL_VERSION_ASYNCHDNS
LogInit:      CURL_VERSION_LARGEFILE
LogInit:      CURL_VERSION_IDN
LogInit:  CurlRequestOptions (configurable via config and command line):
LogInit:  - bVerifyPeer = true  - Libcurl will verify peer certificate
LogInit:  - bUseHttpProxy = false  - Libcurl will NOT use HTTP proxy
LogInit:  - bDontReuseConnections = false  - Libcurl will reuse connections
LogInit:  - MaxHostConnections = 16  - Libcurl will limit the number of connections to a host
LogInit:  - LocalHostAddr = Default
LogInit:  - BufferSize = 65536
LogOnline: OSS: Creating online subsystem instance for: NULL
LogInit: WinSock: version 1.1 (2.2), MaxSocks=32767, MaxUdp=65467
LogOnline: OSS: TryLoadSubsystemAndSetDefault: Loaded subsystem for module [NULL]
LogOculusPluginWrapper: OculusPlugin initialized successfully
LogHMD: Failed initializing OVRPlugin 1.59.0
LogInit: Build: ++UE4+Release-4.27-CL-18319896
LogInit: Engine Version: 4.27.2-18319896+++UE4+Release-4.27
LogInit: Compatible Engine Version: 4.27.0-17155196+++UE4+Release-4.27
LogInit: Net CL: 17155196
LogInit: OS: Windows 10 (Release 2009) (), CPU: Intel(R) Core(TM) i7-9750HF CPU @ 2.60GHz, GPU: NVIDIA GeForce GTX 1660 Ti
LogInit: Compiled (64-bit): Nov 30 2021 07:12:08
LogInit: Compiled with Visual C++: 19.24.28315.00
LogInit: Build Configuration: Development
LogInit: Branch Name: ++UE4+Release-4.27
LogInit: Command Line:  -skipcompile
LogInit: Base Directory: C:/EpicGames/UE_4.27/Engine/Binaries/Win64/
LogInit: Allocator: TBB
LogInit: Installed Engine Build: 1
LogDevObjectVersion: Number of dev versions registered: 29
LogDevObjectVersion:   Dev-Blueprints (B0D832E4-1F89-4F0D-ACCF-7EB736FD4AA2): 10
LogDevObjectVersion:   Dev-Build (E1C64328-A22C-4D53-A36C-8E866417BD8C): 0
LogDevObjectVersion:   Dev-Core (375EC13C-06E4-48FB-B500-84F0262A717E): 4
LogDevObjectVersion:   Dev-Editor (E4B068ED-F494-42E9-A231-DA0B2E46BB41): 40
LogDevObjectVersion:   Dev-Framework (CFFC743F-43B0-4480-9391-14DF171D2073): 37
LogDevObjectVersion:   Dev-Mobile (B02B49B5-BB20-44E9-A304-32B752E40360): 3
LogDevObjectVersion:   Dev-Networking (A4E4105C-59A1-49B5-A7C5-40C4547EDFEE): 0
LogDevObjectVersion:   Dev-Online (39C831C9-5AE6-47DC-9A44-9C173E1C8E7C): 0
LogDevObjectVersion:   Dev-Physics (78F01B33-EBEA-4F98-B9B4-84EACCB95AA2): 14
LogDevObjectVersion:   Dev-Platform (6631380F-2D4D-43E0-8009-CF276956A95A): 0
LogDevObjectVersion:   Dev-Rendering (12F88B9F-8875-4AFC-A67C-D90C383ABD29): 45
LogDevObjectVersion:   Dev-Sequencer (7B5AE74C-D270-4C10-A958-57980B212A5A): 13
LogDevObjectVersion:   Dev-VR (D7296918-1DD6-4BDD-9DE2-64A83CC13884): 3
LogDevObjectVersion:   Dev-LoadTimes (C2A15278-BFE7-4AFE-6C17-90FF531DF755): 1
LogDevObjectVersion:   Private-Geometry (6EACA3D4-40EC-4CC1-B786-8BED09428FC5): 3
LogDevObjectVersion:   Dev-AnimPhys (29E575DD-E0A3-4627-9D10-D276232CDCEA): 17
LogDevObjectVersion:   Dev-Anim (AF43A65D-7FD3-4947-9873-3E8ED9C1BB05): 15
LogDevObjectVersion:   Dev-ReflectionCapture (6B266CEC-1EC7-4B8F-A30B-E4D90942FC07): 1
LogDevObjectVersion:   Dev-Automation (0DF73D61-A23F-47EA-B727-89E90C41499A): 1
LogDevObjectVersion:   FortniteMain (601D1886-AC64-4F84-AA16-D3DE0DEAC7D6): 47
LogDevObjectVersion:   FortniteRelease (E7086368-6B23-4C58-8439-1B7016265E91): 1
LogDevObjectVersion:   Dev-Enterprise (9DFFBCD6-494F-0158-E221-12823C92A888): 10
LogDevObjectVersion:   Dev-Niagara (F2AED0AC-9AFE-416F-8664-AA7FFA26D6FC): 1
LogDevObjectVersion:   Dev-Destruction (174F1F0B-B4C6-45A5-B13F-2EE8D0FB917D): 10
LogDevObjectVersion:   Dev-Physics-Ext (35F94A83-E258-406C-A318-09F59610247C): 41
LogDevObjectVersion:   Dev-PhysicsMaterial-Chaos (B68FC16E-8B1B-42E2-B453-215C058844FE): 1
LogDevObjectVersion:   Dev-CineCamera (B2E18506-4273-CFC2-A54E-F4BB758BBA07): 1
LogDevObjectVersion:   Dev-VirtualProduction (64F58936-FD1B-42BA-BA96-7289D5D0FA4E): 1
LogDevObjectVersion:   Dev-MediaFramework (6F0ED827-A609-4895-9C91-998D90180EA4): 2
LogInit: Presizing for max 25165824 objects, including 0 objects not considered by GC, pre-allocating 0 bytes for permanent pool.
LogConfig: Applying CVar settings from Section [/Script/Engine.StreamingSettings] File [C:/EpicGames/ChattingClient/ChattingClient/Saved/Config/Windows/Engine.ini]
LogConfig: Setting CVar [[s.MinBulkDataSizeForAsyncLoading:131072]]
LogConfig: Setting CVar [[s.AsyncLoadingThreadEnabled:0]]
LogConfig: Setting CVar [[s.EventDrivenLoaderEnabled:1]]
LogConfig: Setting CVar [[s.WarnIfTimeLimitExceeded:0]]
LogConfig: Setting CVar [[s.TimeLimitExceededMultiplier:1.5]]
LogConfig: Setting CVar [[s.TimeLimitExceededMinTime:0.005]]
LogConfig: Setting CVar [[s.UseBackgroundLevelStreaming:1]]
LogConfig: Setting CVar [[s.PriorityAsyncLoadingExtraTime:15.0]]
LogConfig: Setting CVar [[s.LevelStreamingActorsUpdateTimeLimit:5.0]]
LogConfig: Setting CVar [[s.PriorityLevelStreamingActorsUpdateExtraTime:5.0]]
LogConfig: Setting CVar [[s.LevelStreamingComponentsRegistrationGranularity:10]]
LogConfig: Setting CVar [[s.UnregisterComponentsTimeLimit:1.0]]
LogConfig: Setting CVar [[s.LevelStreamingComponentsUnregistrationGranularity:5]]
LogConfig: Setting CVar [[s.FlushStreamingOnExit:1]]
LogInit: Object subsystem initialized
LogConfig: Setting CVar [[con.DebugEarlyDefault:1]]
LogConfig: Setting CVar [[r.setres:1280x720]]
[2022.03.08-13.38.38:423][  0]LogConfig: Setting CVar [[r.VSync:0]]
[2022.03.08-13.38.38:423][  0]LogConfig: Setting CVar [[r.RHICmdBypass:0]]
[2022.03.08-13.38.38:423][  0]LogConfig: Applying CVar settings from Section [/Script/Engine.RendererSettings] File [C:/EpicGames/ChattingClient/ChattingClient/Saved/Config/Windows/Engine.ini]
[2022.03.08-13.38.38:423][  0]LogConfig: Setting CVar [[r.GPUCrashDebugging:0]]
[2022.03.08-13.38.38:423][  0]LogConfig: Applying CVar settings from Section [/Script/Engine.RendererOverrideSettings] File [C:/EpicGames/ChattingClient/ChattingClient/Saved/Config/Windows/Engine.ini]
[2022.03.08-13.38.38:423][  0]LogConfig: Applying CVar settings from Section [/Script/Engine.StreamingSettings] File [C:/EpicGames/ChattingClient/ChattingClient/Saved/Config/Windows/Engine.ini]
[2022.03.08-13.38.38:423][  0]LogConfig: Setting CVar [[s.MinBulkDataSizeForAsyncLoading:131072]]
[2022.03.08-13.38.38:423][  0]LogConfig: Setting CVar [[s.AsyncLoadingThreadEnabled:0]]
[2022.03.08-13.38.38:423][  0]LogConfig: Setting CVar [[s.EventDrivenLoaderEnabled:1]]
[2022.03.08-13.38.38:423][  0]LogConfig: Setting CVar [[s.WarnIfTimeLimitExceeded:0]]
[2022.03.08-13.38.38:423][  0]LogConfig: Setting CVar [[s.TimeLimitExceededMultiplier:1.5]]
[2022.03.08-13.38.38:423][  0]LogConfig: Setting CVar [[s.TimeLimitExceededMinTime:0.005]]
[2022.03.08-13.38.38:424][  0]LogConfig: Setting CVar [[s.UseBackgroundLevelStreaming:1]]
[2022.03.08-13.38.38:424][  0]LogConfig: Setting CVar [[s.PriorityAsyncLoadingExtraTime:15.0]]
[2022.03.08-13.38.38:424][  0]LogConfig: Setting CVar [[s.LevelStreamingActorsUpdateTimeLimit:5.0]]
[2022.03.08-13.38.38:424][  0]LogConfig: Setting CVar [[s.PriorityLevelStreamingActorsUpdateExtraTime:5.0]]
[2022.03.08-13.38.38:424][  0]LogConfig: Setting CVar [[s.LevelStreamingComponentsRegistrationGranularity:10]]
[2022.03.08-13.38.38:424][  0]LogConfig: Setting CVar [[s.UnregisterComponentsTimeLimit:1.0]]
[2022.03.08-13.38.38:424][  0]LogConfig: Setting CVar [[s.LevelStreamingComponentsUnregistrationGranularity:5]]
[2022.03.08-13.38.38:424][  0]LogConfig: Setting CVar [[s.FlushStreamingOnExit:1]]
[2022.03.08-13.38.38:424][  0]LogConfig: Applying CVar settings from Section [/Script/Engine.GarbageCollectionSettings] File [C:/EpicGames/ChattingClient/ChattingClient/Saved/Config/Windows/Engine.ini]
[2022.03.08-13.38.38:424][  0]LogConfig: Setting CVar [[gc.MaxObjectsNotConsideredByGC:1]]
[2022.03.08-13.38.38:424][  0]LogConfig: Setting CVar [[gc.SizeOfPermanentObjectPool:0]]
[2022.03.08-13.38.38:424][  0]LogConfig: Setting CVar [[gc.FlushStreamingOnGC:0]]
[2022.03.08-13.38.38:424][  0]LogConfig: Setting CVar [[gc.NumRetriesBeforeForcingGC:10]]
[2022.03.08-13.38.38:424][  0]LogConfig: Setting CVar [[gc.AllowParallelGC:1]]
[2022.03.08-13.38.38:424][  0]LogConfig: Setting CVar [[gc.TimeBetweenPurgingPendingKillObjects:61.1]]
[2022.03.08-13.38.38:424][  0]LogConfig: Setting CVar [[gc.MaxObjectsInEditor:25165824]]
[2022.03.08-13.38.38:425][  0]LogConfig: Setting CVar [[gc.IncrementalBeginDestroyEnabled:1]]
[2022.03.08-13.38.38:425][  0]LogConfig: Setting CVar [[gc.CreateGCClusters:1]]
[2022.03.08-13.38.38:425][  0]LogConfig: Setting CVar [[gc.MinGCClusterSize:5]]
[2022.03.08-13.38.38:425][  0]LogConfig: Setting CVar [[gc.ActorClusteringEnabled:0]]
[2022.03.08-13.38.38:425][  0]LogConfig: Setting CVar [[gc.BlueprintClusteringEnabled:0]]
[2022.03.08-13.38.38:425][  0]LogConfig: Setting CVar [[gc.UseDisregardForGCOnDedicatedServers:0]]
[2022.03.08-13.38.38:425][  0]LogConfig: Setting CVar [[gc.MultithreadedDestructionEnabled:1]]
[2022.03.08-13.38.38:425][  0]LogConfig: Applying CVar settings from Section [/Script/Engine.NetworkSettings] File [C:/EpicGames/ChattingClient/ChattingClient/Saved/Config/Windows/Engine.ini]
[2022.03.08-13.38.38:425][  0]LogConfig: Applying CVar settings from Section [/Script/UnrealEd.CookerSettings] File [C:/EpicGames/ChattingClient/ChattingClient/Saved/Config/Windows/Engine.ini]
[2022.03.08-13.38.38:445][  0]LogConfig: Applying CVar settings from Section [ViewDistanceQuality@3] File [C:/EpicGames/ChattingClient/ChattingClient/Saved/Config/Windows/Scalability.ini]
[2022.03.08-13.38.38:445][  0]LogConfig: Setting CVar [[r.SkeletalMeshLODBias:0]]
[2022.03.08-13.38.38:445][  0]LogConfig: Setting CVar [[r.ViewDistanceScale:1.0]]
[2022.03.08-13.38.38:445][  0]LogConfig: Applying CVar settings from Section [AntiAliasingQuality@3] File [C:/EpicGames/ChattingClient/ChattingClient/Saved/Config/Windows/Scalability.ini]
[2022.03.08-13.38.38:445][  0]LogConfig: Setting CVar [[r.PostProcessAAQuality:4]]
[2022.03.08-13.38.38:445][  0]LogConfig: Applying CVar settings from Section [ShadowQuality@3] File [C:/EpicGames/ChattingClient/ChattingClient/Saved/Config/Windows/Scalability.ini]
[2022.03.08-13.38.38:445][  0]LogConfig: Setting CVar [[r.LightFunctionQuality:1]]
[2022.03.08-13.38.38:445][  0]LogConfig: Setting CVar [[r.ShadowQuality:5]]
[2022.03.08-13.38.38:445][  0]LogConfig: Setting CVar [[r.Shadow.CSM.MaxCascades:10]]
[2022.03.08-13.38.38:445][  0]LogConfig: Setting CVar [[r.Shadow.MaxResolution:2048]]
[2022.03.08-13.38.38:445][  0]LogConfig: Setting CVar [[r.Shadow.MaxCSMResolution:2048]]
[2022.03.08-13.38.38:446][  0]LogConfig: Setting CVar [[r.Shadow.RadiusThreshold:0.01]]
[2022.03.08-13.38.38:446][  0]LogConfig: Setting CVar [[r.Shadow.DistanceScale:1.0]]
[2022.03.08-13.38.38:446][  0]LogConfig: Setting CVar [[r.Shadow.CSM.TransitionScale:1.0]]
[2022.03.08-13.38.38:446][  0]LogConfig: Setting CVar [[r.Shadow.PreShadowResolutionFactor:1.0]]
[2022.03.08-13.38.38:446][  0]LogConfig: Setting CVar [[r.DistanceFieldShadowing:1]]
[2022.03.08-13.38.38:446][  0]LogConfig: Setting CVar [[r.DistanceFieldAO:1]]
[2022.03.08-13.38.38:446][  0]LogConfig: Setting CVar [[r.AOQuality:2]]
[2022.03.08-13.38.38:446][  0]LogConfig: Setting CVar [[r.VolumetricFog:1]]
[2022.03.08-13.38.38:446][  0]LogConfig: Setting CVar [[r.VolumetricFog.GridPixelSize:8]]
[2022.03.08-13.38.38:446][  0]LogConfig: Setting CVar [[r.VolumetricFog.GridSizeZ:128]]
[2022.03.08-13.38.38:446][  0]LogConfig: Setting CVar [[r.VolumetricFog.HistoryMissSupersampleCount:4]]
[2022.03.08-13.38.38:446][  0]LogConfig: Setting CVar [[r.LightMaxDrawDistanceScale:1]]
[2022.03.08-13.38.38:446][  0]LogConfig: Setting CVar [[r.CapsuleShadows:1]]
[2022.03.08-13.38.38:446][  0]LogConfig: Applying CVar settings from Section [PostProcessQuality@3] File [C:/EpicGames/ChattingClient/ChattingClient/Saved/Config/Windows/Scalability.ini]
[2022.03.08-13.38.38:446][  0]LogConfig: Setting CVar [[r.MotionBlurQuality:4]]
[2022.03.08-13.38.38:446][  0]LogConfig: Setting CVar [[r.AmbientOcclusionMipLevelFactor:0.4]]
[2022.03.08-13.38.38:446][  0]LogConfig: Setting CVar [[r.AmbientOcclusionMaxQuality:100]]
[2022.03.08-13.38.38:447][  0]LogConfig: Setting CVar [[r.AmbientOcclusionLevels:-1]]
[2022.03.08-13.38.38:447][  0]LogConfig: Setting CVar [[r.AmbientOcclusionRadiusScale:1.0]]
[2022.03.08-13.38.38:447][  0]LogConfig: Setting CVar [[r.DepthOfFieldQuality:2]]
[2022.03.08-13.38.38:447][  0]LogConfig: Setting CVar [[r.RenderTargetPoolMin:400]]
[2022.03.08-13.38.38:447][  0]LogConfig: Setting CVar [[r.LensFlareQuality:2]]
[2022.03.08-13.38.38:447][  0]LogConfig: Setting CVar [[r.SceneColorFringeQuality:1]]
[2022.03.08-13.38.38:447][  0]LogConfig: Setting CVar [[r.EyeAdaptationQuality:2]]
[2022.03.08-13.38.38:447][  0]LogConfig: Setting CVar [[r.BloomQuality:5]]
[2022.03.08-13.38.38:447][  0]LogConfig: Setting CVar [[r.FastBlurThreshold:100]]
[2022.03.08-13.38.38:447][  0]LogConfig: Setting CVar [[r.Upscale.Quality:3]]
[2022.03.08-13.38.38:447][  0]LogConfig: Setting CVar [[r.Tonemapper.GrainQuantization:1]]
[2022.03.08-13.38.38:447][  0]LogConfig: Setting CVar [[r.LightShaftQuality:1]]
[2022.03.08-13.38.38:447][  0]LogConfig: Setting CVar [[r.Filter.SizeScale:1]]
[2022.03.08-13.38.38:447][  0]LogConfig: Setting CVar [[r.Tonemapper.Quality:5]]
[2022.03.08-13.38.38:447][  0]LogConfig: Setting CVar [[r.DOF.Gather.AccumulatorQuality:1        ; higher gathering accumulator quality]]
[2022.03.08-13.38.38:447][  0]LogConfig: Setting CVar [[r.DOF.Gather.PostfilterMethod:1          ; Median3x3 postfilering method]]
[2022.03.08-13.38.38:447][  0]LogConfig: Setting CVar [[r.DOF.Gather.EnableBokehSettings:0       ; no bokeh simulation when gathering]]
[2022.03.08-13.38.38:447][  0]LogConfig: Setting CVar [[r.DOF.Gather.RingCount:4                 ; medium number of samples when gathering]]
[2022.03.08-13.38.38:447][  0]LogConfig: Setting CVar [[r.DOF.Scatter.ForegroundCompositing:1    ; additive foreground scattering]]
[2022.03.08-13.38.38:448][  0]LogConfig: Setting CVar [[r.DOF.Scatter.BackgroundCompositing:2    ; additive background scattering]]
[2022.03.08-13.38.38:448][  0]LogConfig: Setting CVar [[r.DOF.Scatter.EnableBokehSettings:1      ; bokeh simulation when scattering]]
[2022.03.08-13.38.38:448][  0]LogConfig: Setting CVar [[r.DOF.Scatter.MaxSpriteRatio:0.1         ; only a maximum of 10% of scattered bokeh]]
[2022.03.08-13.38.38:448][  0]LogConfig: Setting CVar [[r.DOF.Recombine.Quality:1                ; cheap slight out of focus]]
[2022.03.08-13.38.38:448][  0]LogConfig: Setting CVar [[r.DOF.Recombine.EnableBokehSettings:0    ; no bokeh simulation on slight out of focus]]
[2022.03.08-13.38.38:448][  0]LogConfig: Setting CVar [[r.DOF.TemporalAAQuality:1                ; more stable temporal accumulation]]
[2022.03.08-13.38.38:448][  0]LogConfig: Setting CVar [[r.DOF.Kernel.MaxForegroundRadius:0.025]]
[2022.03.08-13.38.38:448][  0]LogConfig: Setting CVar [[r.DOF.Kernel.MaxBackgroundRadius:0.025]]
[2022.03.08-13.38.38:448][  0]LogConfig: Applying CVar settings from Section [TextureQuality@3] File [C:/EpicGames/ChattingClient/ChattingClient/Saved/Config/Windows/Scalability.ini]
[2022.03.08-13.38.38:448][  0]LogConfig: Setting CVar [[r.Streaming.MipBias:0]]
[2022.03.08-13.38.38:448][  0]LogConfig: Setting CVar [[r.Streaming.AmortizeCPUToGPUCopy:0]]
[2022.03.08-13.38.38:448][  0]LogConfig: Setting CVar [[r.Streaming.MaxNumTexturesToStreamPerFrame:0]]
[2022.03.08-13.38.38:448][  0]LogConfig: Setting CVar [[r.Streaming.Boost:1]]
[2022.03.08-13.38.38:448][  0]LogConfig: Setting CVar [[r.MaxAnisotropy:8]]
[2022.03.08-13.38.38:448][  0]LogConfig: Setting CVar [[r.VT.MaxAnisotropy:8]]
[2022.03.08-13.38.38:448][  0]LogConfig: Setting CVar [[r.Streaming.LimitPoolSizeToVRAM:0]]
[2022.03.08-13.38.38:448][  0]LogConfig: Setting CVar [[r.Streaming.PoolSize:1000]]
[2022.03.08-13.38.38:448][  0]LogConfig: Setting CVar [[r.Streaming.MaxEffectiveScreenSize:0]]
[2022.03.08-13.38.38:449][  0]LogConfig: Applying CVar settings from Section [EffectsQuality@3] File [C:/EpicGames/ChattingClient/ChattingClient/Saved/Config/Windows/Scalability.ini]
[2022.03.08-13.38.38:449][  0]LogConfig: Setting CVar [[r.TranslucencyLightingVolumeDim:64]]
[2022.03.08-13.38.38:449][  0]LogConfig: Setting CVar [[r.RefractionQuality:2]]
[2022.03.08-13.38.38:449][  0]LogConfig: Setting CVar [[r.SSR.Quality:3]]
[2022.03.08-13.38.38:449][  0]LogConfig: Setting CVar [[r.SSR.HalfResSceneColor:0]]
[2022.03.08-13.38.38:449][  0]LogConfig: Setting CVar [[r.SceneColorFormat:4]]
[2022.03.08-13.38.38:449][  0]LogConfig: Setting CVar [[r.DetailMode:2]]
[2022.03.08-13.38.38:449][  0]LogConfig: Setting CVar [[r.TranslucencyVolumeBlur:1]]
[2022.03.08-13.38.38:449][  0]LogConfig: Setting CVar [[r.MaterialQualityLevel:1 ; High quality]]
[2022.03.08-13.38.38:449][  0]LogConfig: Setting CVar [[r.AnisotropicMaterials:1]]
[2022.03.08-13.38.38:449][  0]LogConfig: Setting CVar [[r.SSS.Scale:1]]
[2022.03.08-13.38.38:449][  0]LogConfig: Setting CVar [[r.SSS.SampleSet:2]]
[2022.03.08-13.38.38:449][  0]LogConfig: Setting CVar [[r.SSS.Quality:1]]
[2022.03.08-13.38.38:449][  0]LogConfig: Setting CVar [[r.SSS.HalfRes:0]]
[2022.03.08-13.38.38:449][  0]LogConfig: Setting CVar [[r.SSGI.Quality:3]]
[2022.03.08-13.38.38:449][  0]LogConfig: Setting CVar [[r.EmitterSpawnRateScale:1.0]]
[2022.03.08-13.38.38:449][  0]LogConfig: Setting CVar [[r.ParticleLightQuality:2]]
[2022.03.08-13.38.38:449][  0]LogConfig: Setting CVar [[r.SkyAtmosphere.AerialPerspectiveLUT.FastApplyOnOpaque:1 ; Always have FastSkyLUT 1 in this case to avoid wrong sky]]
[2022.03.08-13.38.38:450][  0]LogConfig: Setting CVar [[r.SkyAtmosphere.AerialPerspectiveLUT.SampleCountMaxPerSlice:4]]
[2022.03.08-13.38.38:450][  0]LogConfig: Setting CVar [[r.SkyAtmosphere.AerialPerspectiveLUT.DepthResolution:16.0]]
[2022.03.08-13.38.38:450][  0]LogConfig: Setting CVar [[r.SkyAtmosphere.FastSkyLUT:1]]
[2022.03.08-13.38.38:450][  0]LogConfig: Setting CVar [[r.SkyAtmosphere.FastSkyLUT.SampleCountMin:4.0]]
[2022.03.08-13.38.38:450][  0]LogConfig: Setting CVar [[r.SkyAtmosphere.FastSkyLUT.SampleCountMax:128.0]]
[2022.03.08-13.38.38:450][  0]LogConfig: Setting CVar [[r.SkyAtmosphere.SampleCountMin:4.0]]
[2022.03.08-13.38.38:450][  0]LogConfig: Setting CVar [[r.SkyAtmosphere.SampleCountMax:128.0]]
[2022.03.08-13.38.38:450][  0]LogConfig: Setting CVar [[r.SkyAtmosphere.TransmittanceLUT.UseSmallFormat:0]]
[2022.03.08-13.38.38:450][  0]LogConfig: Setting CVar [[r.SkyAtmosphere.TransmittanceLUT.SampleCount:10.0]]
[2022.03.08-13.38.38:450][  0]LogConfig: Setting CVar [[r.SkyAtmosphere.MultiScatteringLUT.SampleCount:15.0]]
[2022.03.08-13.38.38:450][  0]LogConfig: Setting CVar [[r.SkyLight.RealTimeReflectionCapture:1]]
[2022.03.08-13.38.38:450][  0]LogConfig: Applying CVar settings from Section [FoliageQuality@3] File [C:/EpicGames/ChattingClient/ChattingClient/Saved/Config/Windows/Scalability.ini]
[2022.03.08-13.38.38:450][  0]LogConfig: Setting CVar [[foliage.DensityScale:1.0]]
[2022.03.08-13.38.38:450][  0]LogConfig: Setting CVar [[grass.DensityScale:1.0]]
[2022.03.08-13.38.38:450][  0]LogConfig: Applying CVar settings from Section [ShadingQuality@3] File [C:/EpicGames/ChattingClient/ChattingClient/Saved/Config/Windows/Scalability.ini]
[2022.03.08-13.38.38:450][  0]LogConfig: Setting CVar [[r.HairStrands.SkyLighting.IntegrationType:2]]
[2022.03.08-13.38.38:450][  0]LogConfig: Setting CVar [[r.HairStrands.SkyAO.SampleCount:4]]
[2022.03.08-13.38.38:451][  0]LogConfig: Setting CVar [[r.HairStrands.Visibility.MSAA.SamplePerPixel:4]]
[2022.03.08-13.38.38:451][  0]LogInit: Selected Device Profile: [Windows]
[2022.03.08-13.38.38:451][  0]LogInit: Applying CVar settings loaded from the selected device profile: [Windows]
[2022.03.08-13.38.38:451][  0]LogHAL: Display: Platform has ~ 16 GB [17096134656 / 17179869184 / 16], which maps to Larger [LargestMinGB=32, LargerMinGB=12, DefaultMinGB=8, SmallerMinGB=6, SmallestMinGB=0)
[2022.03.08-13.38.38:451][  0]LogInit: Going up to parent DeviceProfile []
[2022.03.08-13.38.38:451][  0]LogConfig: Applying CVar settings from Section [ViewDistanceQuality@3] File [C:/EpicGames/ChattingClient/ChattingClient/Saved/Config/Windows/Scalability.ini]
[2022.03.08-13.38.38:451][  0]LogConfig: Setting CVar [[r.SkeletalMeshLODBias:0]]
[2022.03.08-13.38.38:451][  0]LogConfig: Setting CVar [[r.ViewDistanceScale:1.0]]
[2022.03.08-13.38.38:451][  0]LogConfig: Applying CVar settings from Section [AntiAliasingQuality@3] File [C:/EpicGames/ChattingClient/ChattingClient/Saved/Config/Windows/Scalability.ini]
[2022.03.08-13.38.38:451][  0]LogConfig: Setting CVar [[r.PostProcessAAQuality:4]]
[2022.03.08-13.38.38:451][  0]LogConfig: Applying CVar settings from Section [ShadowQuality@3] File [C:/EpicGames/ChattingClient/ChattingClient/Saved/Config/Windows/Scalability.ini]
[2022.03.08-13.38.38:451][  0]LogConfig: Setting CVar [[r.LightFunctionQuality:1]]
[2022.03.08-13.38.38:451][  0]LogConfig: Setting CVar [[r.ShadowQuality:5]]
[2022.03.08-13.38.38:451][  0]LogConfig: Setting CVar [[r.Shadow.CSM.MaxCascades:10]]
[2022.03.08-13.38.38:452][  0]LogConfig: Setting CVar [[r.Shadow.MaxResolution:2048]]
[2022.03.08-13.38.38:452][  0]LogConfig: Setting CVar [[r.Shadow.MaxCSMResolution:2048]]
[2022.03.08-13.38.38:452][  0]LogConfig: Setting CVar [[r.Shadow.RadiusThreshold:0.01]]
[2022.03.08-13.38.38:452][  0]LogConfig: Setting CVar [[r.Shadow.DistanceScale:1.0]]
[2022.03.08-13.38.38:452][  0]LogConfig: Setting CVar [[r.Shadow.CSM.TransitionScale:1.0]]
[2022.03.08-13.38.38:452][  0]LogConfig: Setting CVar [[r.Shadow.PreShadowResolutionFactor:1.0]]
[2022.03.08-13.38.38:452][  0]LogConfig: Setting CVar [[r.DistanceFieldShadowing:1]]
[2022.03.08-13.38.38:452][  0]LogConfig: Setting CVar [[r.DistanceFieldAO:1]]
[2022.03.08-13.38.38:452][  0]LogConfig: Setting CVar [[r.AOQuality:2]]
[2022.03.08-13.38.38:452][  0]LogConfig: Setting CVar [[r.VolumetricFog:1]]
[2022.03.08-13.38.38:452][  0]LogConfig: Setting CVar [[r.VolumetricFog.GridPixelSize:8]]
[2022.03.08-13.38.38:452][  0]LogConfig: Setting CVar [[r.VolumetricFog.GridSizeZ:128]]
[2022.03.08-13.38.38:452][  0]LogConfig: Setting CVar [[r.VolumetricFog.HistoryMissSupersampleCount:4]]
[2022.03.08-13.38.38:452][  0]LogConfig: Setting CVar [[r.LightMaxDrawDistanceScale:1]]
[2022.03.08-13.38.38:452][  0]LogConfig: Setting CVar [[r.CapsuleShadows:1]]
[2022.03.08-13.38.38:452][  0]LogConfig: Applying CVar settings from Section [PostProcessQuality@3] File [C:/EpicGames/ChattingClient/ChattingClient/Saved/Config/Windows/Scalability.ini]
[2022.03.08-13.38.38:452][  0]LogConfig: Setting CVar [[r.MotionBlurQuality:4]]
[2022.03.08-13.38.38:452][  0]LogConfig: Setting CVar [[r.AmbientOcclusionMipLevelFactor:0.4]]
[2022.03.08-13.38.38:452][  0]LogConfig: Setting CVar [[r.AmbientOcclusionMaxQuality:100]]
[2022.03.08-13.38.38:453][  0]LogConfig: Setting CVar [[r.AmbientOcclusionLevels:-1]]
[2022.03.08-13.38.38:453][  0]LogConfig: Setting CVar [[r.AmbientOcclusionRadiusScale:1.0]]
[2022.03.08-13.38.38:453][  0]LogConfig: Setting CVar [[r.DepthOfFieldQuality:2]]
[2022.03.08-13.38.38:453][  0]LogConfig: Setting CVar [[r.RenderTargetPoolMin:400]]
[2022.03.08-13.38.38:453][  0]LogConfig: Setting CVar [[r.LensFlareQuality:2]]
[2022.03.08-13.38.38:453][  0]LogConfig: Setting CVar [[r.SceneColorFringeQuality:1]]
[2022.03.08-13.38.38:453][  0]LogConfig: Setting CVar [[r.EyeAdaptationQuality:2]]
[2022.03.08-13.38.38:453][  0]LogConfig: Setting CVar [[r.BloomQuality:5]]
[2022.03.08-13.38.38:453][  0]LogConfig: Setting CVar [[r.FastBlurThreshold:100]]
[2022.03.08-13.38.38:453][  0]LogConfig: Setting CVar [[r.Upscale.Quality:3]]
[2022.03.08-13.38.38:453][  0]LogConfig: Setting CVar [[r.Tonemapper.GrainQuantization:1]]
[2022.03.08-13.38.38:453][  0]LogConfig: Setting CVar [[r.LightShaftQuality:1]]
[2022.03.08-13.38.38:453][  0]LogConfig: Setting CVar [[r.Filter.SizeScale:1]]
[2022.03.08-13.38.38:453][  0]LogConfig: Setting CVar [[r.Tonemapper.Quality:5]]
[2022.03.08-13.38.38:453][  0]LogConfig: Setting CVar [[r.DOF.Gather.AccumulatorQuality:1        ; higher gathering accumulator quality]]
[2022.03.08-13.38.38:453][  0]LogConfig: Setting CVar [[r.DOF.Gather.PostfilterMethod:1          ; Median3x3 postfilering method]]
[2022.03.08-13.38.38:453][  0]LogConfig: Setting CVar [[r.DOF.Gather.EnableBokehSettings:0       ; no bokeh simulation when gathering]]
[2022.03.08-13.38.38:454][  0]LogConfig: Setting CVar [[r.DOF.Gather.RingCount:4                 ; medium number of samples when gathering]]
[2022.03.08-13.38.38:454][  0]LogConfig: Setting CVar [[r.DOF.Scatter.ForegroundCompositing:1    ; additive foreground scattering]]
[2022.03.08-13.38.38:454][  0]LogConfig: Setting CVar [[r.DOF.Scatter.BackgroundCompositing:2    ; additive background scattering]]
[2022.03.08-13.38.38:454][  0]LogConfig: Setting CVar [[r.DOF.Scatter.EnableBokehSettings:1      ; bokeh simulation when scattering]]
[2022.03.08-13.38.38:454][  0]LogConfig: Setting CVar [[r.DOF.Scatter.MaxSpriteRatio:0.1         ; only a maximum of 10% of scattered bokeh]]
[2022.03.08-13.38.38:454][  0]LogConfig: Setting CVar [[r.DOF.Recombine.Quality:1                ; cheap slight out of focus]]
[2022.03.08-13.38.38:454][  0]LogConfig: Setting CVar [[r.DOF.Recombine.EnableBokehSettings:0    ; no bokeh simulation on slight out of focus]]
[2022.03.08-13.38.38:454][  0]LogConfig: Setting CVar [[r.DOF.TemporalAAQuality:1                ; more stable temporal accumulation]]
[2022.03.08-13.38.38:454][  0]LogConfig: Setting CVar [[r.DOF.Kernel.MaxForegroundRadius:0.025]]
[2022.03.08-13.38.38:454][  0]LogConfig: Setting CVar [[r.DOF.Kernel.MaxBackgroundRadius:0.025]]
[2022.03.08-13.38.38:454][  0]LogConfig: Applying CVar settings from Section [TextureQuality@3] File [C:/EpicGames/ChattingClient/ChattingClient/Saved/Config/Windows/Scalability.ini]
[2022.03.08-13.38.38:454][  0]LogConfig: Setting CVar [[r.Streaming.MipBias:0]]
[2022.03.08-13.38.38:454][  0]LogConfig: Setting CVar [[r.Streaming.AmortizeCPUToGPUCopy:0]]
[2022.03.08-13.38.38:454][  0]LogConfig: Setting CVar [[r.Streaming.MaxNumTexturesToStreamPerFrame:0]]
[2022.03.08-13.38.38:454][  0]LogConfig: Setting CVar [[r.Streaming.Boost:1]]
[2022.03.08-13.38.38:454][  0]LogConfig: Setting CVar [[r.MaxAnisotropy:8]]
[2022.03.08-13.38.38:454][  0]LogConfig: Setting CVar [[r.VT.MaxAnisotropy:8]]
[2022.03.08-13.38.38:455][  0]LogConfig: Setting CVar [[r.Streaming.LimitPoolSizeToVRAM:0]]
[2022.03.08-13.38.38:455][  0]LogConfig: Setting CVar [[r.Streaming.PoolSize:1000]]
[2022.03.08-13.38.38:455][  0]LogConfig: Setting CVar [[r.Streaming.MaxEffectiveScreenSize:0]]
[2022.03.08-13.38.38:455][  0]LogConfig: Applying CVar settings from Section [EffectsQuality@3] File [C:/EpicGames/ChattingClient/ChattingClient/Saved/Config/Windows/Scalability.ini]
[2022.03.08-13.38.38:455][  0]LogConfig: Setting CVar [[r.TranslucencyLightingVolumeDim:64]]
[2022.03.08-13.38.38:455][  0]LogConfig: Setting CVar [[r.RefractionQuality:2]]
[2022.03.08-13.38.38:455][  0]LogConfig: Setting CVar [[r.SSR.Quality:3]]
[2022.03.08-13.38.38:455][  0]LogConfig: Setting CVar [[r.SSR.HalfResSceneColor:0]]
[2022.03.08-13.38.38:455][  0]LogConfig: Setting CVar [[r.SceneColorFormat:4]]
[2022.03.08-13.38.38:455][  0]LogConfig: Setting CVar [[r.DetailMode:2]]
[2022.03.08-13.38.38:455][  0]LogConfig: Setting CVar [[r.TranslucencyVolumeBlur:1]]
[2022.03.08-13.38.38:455][  0]LogConfig: Setting CVar [[r.MaterialQualityLevel:1 ; High quality]]
[2022.03.08-13.38.38:455][  0]LogConfig: Setting CVar [[r.AnisotropicMaterials:1]]
[2022.03.08-13.38.38:455][  0]LogConfig: Setting CVar [[r.SSS.Scale:1]]
[2022.03.08-13.38.38:455][  0]LogConfig: Setting CVar [[r.SSS.SampleSet:2]]
[2022.03.08-13.38.38:455][  0]LogConfig: Setting CVar [[r.SSS.Quality:1]]
[2022.03.08-13.38.38:455][  0]LogConfig: Setting CVar [[r.SSS.HalfRes:0]]
[2022.03.08-13.38.38:455][  0]LogConfig: Setting CVar [[r.SSGI.Quality:3]]
[2022.03.08-13.38.38:455][  0]LogConfig: Setting CVar [[r.EmitterSpawnRateScale:1.0]]
[2022.03.08-13.38.38:456][  0]LogConfig: Setting CVar [[r.ParticleLightQuality:2]]
[2022.03.08-13.38.38:456][  0]LogConfig: Setting CVar [[r.SkyAtmosphere.AerialPerspectiveLUT.FastApplyOnOpaque:1 ; Always have FastSkyLUT 1 in this case to avoid wrong sky]]
[2022.03.08-13.38.38:456][  0]LogConfig: Setting CVar [[r.SkyAtmosphere.AerialPerspectiveLUT.SampleCountMaxPerSlice:4]]
[2022.03.08-13.38.38:456][  0]LogConfig: Setting CVar [[r.SkyAtmosphere.AerialPerspectiveLUT.DepthResolution:16.0]]
[2022.03.08-13.38.38:456][  0]LogConfig: Setting CVar [[r.SkyAtmosphere.FastSkyLUT:1]]
[2022.03.08-13.38.38:456][  0]LogConfig: Setting CVar [[r.SkyAtmosphere.FastSkyLUT.SampleCountMin:4.0]]
[2022.03.08-13.38.38:456][  0]LogConfig: Setting CVar [[r.SkyAtmosphere.FastSkyLUT.SampleCountMax:128.0]]
[2022.03.08-13.38.38:456][  0]LogConfig: Setting CVar [[r.SkyAtmosphere.SampleCountMin:4.0]]
[2022.03.08-13.38.38:456][  0]LogConfig: Setting CVar [[r.SkyAtmosphere.SampleCountMax:128.0]]
[2022.03.08-13.38.38:456][  0]LogConfig: Setting CVar [[r.SkyAtmosphere.TransmittanceLUT.UseSmallFormat:0]]
[2022.03.08-13.38.38:456][  0]LogConfig: Setting CVar [[r.SkyAtmosphere.TransmittanceLUT.SampleCount:10.0]]
[2022.03.08-13.38.38:456][  0]LogConfig: Setting CVar [[r.SkyAtmosphere.MultiScatteringLUT.SampleCount:15.0]]
[2022.03.08-13.38.38:456][  0]LogConfig: Setting CVar [[r.SkyLight.RealTimeReflectionCapture:1]]
[2022.03.08-13.38.38:457][  0]LogConfig: Applying CVar settings from Section [FoliageQuality@3] File [C:/EpicGames/ChattingClient/ChattingClient/Saved/Config/Windows/Scalability.ini]
[2022.03.08-13.38.38:457][  0]LogConfig: Setting CVar [[foliage.DensityScale:1.0]]
[2022.03.08-13.38.38:457][  0]LogConfig: Setting CVar [[grass.DensityScale:1.0]]
[2022.03.08-13.38.38:457][  0]LogConfig: Applying CVar settings from Section [ShadingQuality@3] File [C:/EpicGames/ChattingClient/ChattingClient/Saved/Config/Windows/Scalability.ini]
[2022.03.08-13.38.38:457][  0]LogConfig: Setting CVar [[r.HairStrands.SkyLighting.IntegrationType:2]]
[2022.03.08-13.38.38:457][  0]LogConfig: Setting CVar [[r.HairStrands.SkyAO.SampleCount:4]]
[2022.03.08-13.38.38:457][  0]LogConfig: Setting CVar [[r.HairStrands.Visibility.MSAA.SamplePerPixel:4]]
[2022.03.08-13.38.38:457][  0]LogConfig: Applying CVar settings from Section [Startup] File [../../../Engine/Config/ConsoleVariables.ini]
[2022.03.08-13.38.38:458][  0]LogConfig: Setting CVar [[net.UseAdaptiveNetUpdateFrequency:0]]
[2022.03.08-13.38.38:458][  0]LogConfig: Setting CVar [[p.chaos.AllowCreatePhysxBodies:1]]
[2022.03.08-13.38.38:458][  0]LogConfig: Setting CVar [[fx.SkipVectorVMBackendOptimizations:1]]
[2022.03.08-13.38.38:458][  0]LogConfig: Applying CVar settings from Section [ConsoleVariables] File [C:/EpicGames/ChattingClient/ChattingClient/Saved/Config/Windows/Engine.ini]
[2022.03.08-13.38.38:458][  0]LogConfig: Applying CVar settings from Section [ConsoleVariables] File [C:/EpicGames/ChattingClient/ChattingClient/Saved/Config/Windows/Editor.ini]
[2022.03.08-13.38.38:458][  0]LogInit: Computer: DESKTOP-JG03A40
[2022.03.08-13.38.38:458][  0]LogInit: User: lenovo
[2022.03.08-13.38.38:458][  0]LogInit: CPU Page size=4096, Cores=6
[2022.03.08-13.38.38:458][  0]LogInit: High frequency timer resolution =10.000000 MHz
[2022.03.08-13.38.38:458][  0]LogMemory: Memory total: Physical=15.9GB (16GB approx)
[2022.03.08-13.38.38:458][  0]LogMemory: Platform Memory Stats for Windows
[2022.03.08-13.38.38:458][  0]LogMemory: Process Physical Memory: 148.78 MB used, 148.78 MB peak
[2022.03.08-13.38.38:458][  0]LogMemory: Process Virtual Memory: 126.32 MB used, 126.32 MB peak
[2022.03.08-13.38.38:459][  0]LogMemory: Physical Memory: 12187.04 MB used,  4117.10 MB free, 16304.14 MB total
[2022.03.08-13.38.38:459][  0]LogMemory: Virtual Memory: 134208208.00 MB used,  9519.06 MB free, 134217728.00 MB total
[2022.03.08-13.38.38:486][  0]LogWindows: WindowsPlatformFeatures enabled
[2022.03.08-13.38.38:754][  0]LogInit: Physics initialised using underlying interface: PhysX
[2022.03.08-13.38.38:755][  0]LogInit: Using OS detected language (ko-KR).
[2022.03.08-13.38.38:755][  0]LogInit: Using OS detected locale (ko-KR).
[2022.03.08-13.38.38:760][  0]LogTextLocalizationManager: No specific localization for 'ko-KR' exists, so the 'ko' localization will be used.
[2022.03.08-13.38.38:863][  0]LogInit: Setting process to per monitor DPI aware
[2022.03.08-13.38.38:945][  0]LogWindowsTextInputMethodSystem: Display: IME system deactivated.
[2022.03.08-13.38.38:972][  0]LogSlate: New Slate User Created.  User Index 0, Is Virtual User: 0
[2022.03.08-13.38.38:972][  0]LogSlate: Slate User Registered.  User Index 0, Is Virtual User: 0
[2022.03.08-13.38.39:177][  0]LogD3D11RHI: Loaded GFSDK_Aftermath_Lib.x64.dll
[2022.03.08-13.38.39:186][  0]LogHMD: Failed to initialize OpenVR with code 110
[2022.03.08-13.38.39:186][  0]LogD3D11RHI: D3D11 min allowed feature level: 11_0
[2022.03.08-13.38.39:186][  0]LogD3D11RHI: D3D11 max allowed feature level: 11_0
[2022.03.08-13.38.39:186][  0]LogD3D11RHI: D3D11 adapters:
[2022.03.08-13.38.39:343][  0]LogD3D11RHI:    0. 'NVIDIA GeForce GTX 1660 Ti' (Feature Level 11_0)
[2022.03.08-13.38.39:343][  0]LogD3D11RHI:       5991/0/8152 MB DedicatedVideo/DedicatedSystem/SharedSystem, Outputs:1, VendorId:0x10de
[2022.03.08-13.38.39:351][  0]LogD3D11RHI:    1. 'Microsoft Basic Render Driver' (Feature Level 11_0)
[2022.03.08-13.38.39:351][  0]LogD3D11RHI:       0/0/8152 MB DedicatedVideo/DedicatedSystem/SharedSystem, Outputs:0, VendorId:0x1414
[2022.03.08-13.38.39:351][  0]LogD3D11RHI: Chosen D3D11 Adapter:
[2022.03.08-13.38.39:351][  0]LogD3D11RHI:     Description : NVIDIA GeForce GTX 1660 Ti
[2022.03.08-13.38.39:351][  0]LogD3D11RHI:     VendorId    : 10de
[2022.03.08-13.38.39:351][  0]LogD3D11RHI:     DeviceId    : 2191
[2022.03.08-13.38.39:351][  0]LogD3D11RHI:     SubSysId    : 3ffc17aa
[2022.03.08-13.38.39:351][  0]LogD3D11RHI:     Revision    : 00a1
[2022.03.08-13.38.39:351][  0]LogD3D11RHI:     DedicatedVideoMemory : 6282018816 bytes
[2022.03.08-13.38.39:352][  0]LogD3D11RHI:     DedicatedSystemMemory : 0 bytes
[2022.03.08-13.38.39:352][  0]LogD3D11RHI:     SharedSystemMemory : 8548067328 bytes
[2022.03.08-13.38.39:352][  0]LogD3D11RHI:     AdapterLuid : 0 76549
[2022.03.08-13.38.39:361][  0]LogD3D11RHI: Creating new Direct3DDevice
[2022.03.08-13.38.39:361][  0]LogD3D11RHI:     GPU DeviceId: 0x2191 (for the marketing name, search the web for "GPU Device Id")
[2022.03.08-13.38.39:361][  0]LogWindows: EnumDisplayDevices:
[2022.03.08-13.38.39:362][  0]LogWindows:    0. 'NVIDIA GeForce GTX 1660 Ti' (P:1 D:1)
[2022.03.08-13.38.39:363][  0]LogWindows:    1. 'NVIDIA GeForce GTX 1660 Ti' (P:0 D:0)
[2022.03.08-13.38.39:363][  0]LogWindows:    2. 'NVIDIA GeForce GTX 1660 Ti' (P:0 D:0)
[2022.03.08-13.38.39:364][  0]LogWindows:    3. 'NVIDIA GeForce GTX 1660 Ti' (P:0 D:0)
[2022.03.08-13.38.39:365][  0]LogWindows: DebugString: FoundDriverCount:4 
[2022.03.08-13.38.39:365][  0]LogD3D11RHI:     Adapter Name: NVIDIA GeForce GTX 1660 Ti
[2022.03.08-13.38.39:365][  0]LogD3D11RHI:   Driver Version: 471.41 (internal:30.0.14.7141, unified:471.41)
[2022.03.08-13.38.39:365][  0]LogD3D11RHI:      Driver Date: 7-12-2021
[2022.03.08-13.38.39:366][  0]LogRHI: Texture pool is 4193 MB (70% of 5991 MB)
[2022.03.08-13.38.39:366][  0]LogD3D11RHI: Creating D3DDevice using adapter:
[2022.03.08-13.38.39:366][  0]LogD3D11RHI:     Description : NVIDIA GeForce GTX 1660 Ti
[2022.03.08-13.38.39:366][  0]LogD3D11RHI:     VendorId    : 10de
[2022.03.08-13.38.39:366][  0]LogD3D11RHI:     DeviceId    : 2191
[2022.03.08-13.38.39:366][  0]LogD3D11RHI:     SubSysId    : 3ffc17aa
[2022.03.08-13.38.39:366][  0]LogD3D11RHI:     Revision    : 00a1
[2022.03.08-13.38.39:366][  0]LogD3D11RHI:     DedicatedVideoMemory : 6282018816 bytes
[2022.03.08-13.38.39:366][  0]LogD3D11RHI:     DedicatedSystemMemory : 0 bytes
[2022.03.08-13.38.39:366][  0]LogD3D11RHI:     SharedSystemMemory : 8548067328 bytes
[2022.03.08-13.38.39:367][  0]LogD3D11RHI:     AdapterLuid : 0 76549
[2022.03.08-13.38.39:463][  0]LogD3D11RHI: RHI has support for 64 bit atomics
[2022.03.08-13.38.39:463][  0]LogD3D11RHI: Async texture creation enabled
[2022.03.08-13.38.39:463][  0]LogD3D11RHI: Array index from any shader is supported
[2022.03.08-13.38.39:499][  0]LogD3D11RHI: GPU Timing Frequency: 1000.000000 (Debug: 2 1)
[2022.03.08-13.38.39:607][  0]LogRHI: GeForceNow SDK initialized: 1
[2022.03.08-13.38.40:063][  0]LogTargetPlatformManager: Display: Loaded TargetPlatform 'AllDesktop'
[2022.03.08-13.38.40:093][  0]LogTargetPlatformManager: Display: Loaded TargetPlatform 'Android'
[2022.03.08-13.38.40:093][  0]LogTargetPlatformManager: Display: Loaded TargetPlatform 'Android_ASTC'
[2022.03.08-13.38.40:093][  0]LogTargetPlatformManager: Display: Loaded TargetPlatform 'Android_DXT'
[2022.03.08-13.38.40:093][  0]LogTargetPlatformManager: Display: Loaded TargetPlatform 'Android_ETC2'
[2022.03.08-13.38.40:094][  0]LogTargetPlatformManager: Display: Loaded TargetPlatform 'AndroidClient'
[2022.03.08-13.38.40:094][  0]LogTargetPlatformManager: Display: Loaded TargetPlatform 'Android_ASTCClient'
[2022.03.08-13.38.40:094][  0]LogTargetPlatformManager: Display: Loaded TargetPlatform 'Android_DXTClient'
[2022.03.08-13.38.40:094][  0]LogTargetPlatformManager: Display: Loaded TargetPlatform 'Android_ETC2Client'
[2022.03.08-13.38.40:094][  0]LogTargetPlatformManager: Display: Loaded TargetPlatform 'Android_Multi'
[2022.03.08-13.38.40:094][  0]LogTargetPlatformManager: Display: Loaded TargetPlatform 'Android_MultiClient'
[2022.03.08-13.38.40:133][  0]LogTargetPlatformManager: Display: Loaded TargetPlatform 'IOSClient'
[2022.03.08-13.38.40:133][  0]LogTargetPlatformManager: Display: Loaded TargetPlatform 'IOS'
[2022.03.08-13.38.40:148][  0]LogTargetPlatformManager: Display: Loaded TargetPlatform 'Linux'
[2022.03.08-13.38.40:158][  0]LogTargetPlatformManager: Display: Loaded TargetPlatform 'LinuxNoEditor'
[2022.03.08-13.38.40:166][  0]LogTargetPlatformManager: Display: Loaded TargetPlatform 'LinuxClient'
[2022.03.08-13.38.40:175][  0]LogTargetPlatformManager: Display: Loaded TargetPlatform 'LinuxServer'
[2022.03.08-13.38.40:188][  0]LogTargetPlatformManager: Display: Loaded TargetPlatform 'LinuxAArch64NoEditor'
[2022.03.08-13.38.40:197][  0]LogTargetPlatformManager: Display: Loaded TargetPlatform 'LinuxAArch64Client'
[2022.03.08-13.38.40:205][  0]LogTargetPlatformManager: Display: Loaded TargetPlatform 'LinuxAArch64Server'
[2022.03.08-13.38.40:242][  0]LogTargetPlatformManager: Display: Loaded TargetPlatform 'Lumin'
[2022.03.08-13.38.40:242][  0]LogTargetPlatformManager: Display: Loaded TargetPlatform 'LuminClient'
[2022.03.08-13.38.40:255][  0]LogTargetPlatformManager: Display: Loaded TargetPlatform 'MacNoEditor'
[2022.03.08-13.38.40:265][  0]LogTargetPlatformManager: Display: Loaded TargetPlatform 'Mac'
[2022.03.08-13.38.40:273][  0]LogTargetPlatformManager: Display: Loaded TargetPlatform 'MacClient'
[2022.03.08-13.38.40:281][  0]LogTargetPlatformManager: Display: Loaded TargetPlatform 'MacServer'
[2022.03.08-13.38.40:294][  0]LogTargetPlatformManager: Display: Loaded TargetPlatform 'TVOSClient'
[2022.03.08-13.38.40:294][  0]LogTargetPlatformManager: Display: Loaded TargetPlatform 'TVOS'
[2022.03.08-13.38.40:308][  0]LogTargetPlatformManager: Display: Loaded TargetPlatform 'WindowsNoEditor'
[2022.03.08-13.38.40:316][  0]LogTargetPlatformManager: Display: Loaded TargetPlatform 'Windows'
[2022.03.08-13.38.40:326][  0]LogTargetPlatformManager: Display: Loaded TargetPlatform 'WindowsClient'
[2022.03.08-13.38.40:334][  0]LogTargetPlatformManager: Display: Loaded TargetPlatform 'WindowsServer'
[2022.03.08-13.38.40:334][  0]LogTargetPlatformManager: Display: Building Assets For Windows
[2022.03.08-13.38.40:355][  0]LogAudioDebug: Display: Lib vorbis DLL was dynamically loaded.
[2022.03.08-13.38.40:453][  0]LogTextureFormatOodle: Display: Oodle Texture 2.9.0 init RDO Off
[2022.03.08-13.38.40:553][  0]LogRendererCore: Ray tracing is disabled. Reason: r.RayTracing=0.
[2022.03.08-13.38.40:554][  0]LogShaderCompilers: Guid format shader working directory is 6 characters bigger than the processId version (../../../../ChattingClient/ChattingClient/Intermediate/Shaders/WorkingDirectory/9136/).
[2022.03.08-13.38.40:554][  0]LogShaderCompilers: Cleaned the shader compiler working directory 'C:/Users/lenovo/AppData/Local/Temp/UnrealShaderWorkingDir/FC94B10D470E4A3126128B9E8892D8EE/'.
[2022.03.08-13.38.40:554][  0]LogXGEController: Cannot use XGE Controller as Incredibuild is not installed on this machine.
[2022.03.08-13.38.40:554][  0]LogShaderCompilers: Cannot use XGE Shader Compiler as Incredibuild is not installed on this machine.
[2022.03.08-13.38.40:554][  0]LogShaderCompilers: Display: Using Local Shader Compiler.
[2022.03.08-13.38.41:321][  0]LogDerivedDataCache: Display: Max Cache Size: 512 MB
[2022.03.08-13.38.41:371][  0]LogDerivedDataCache: Loaded boot cache 0.05s 96MB C:/Users/lenovo/AppData/Local/UnrealEngine/4.27/DerivedDataCache/Boot.ddc.
[2022.03.08-13.38.41:371][  0]LogDerivedDataCache: Display: Loaded Boot cache: C:/Users/lenovo/AppData/Local/UnrealEngine/4.27/DerivedDataCache/Boot.ddc
[2022.03.08-13.38.41:371][  0]LogDerivedDataCache: FDerivedDataBackendGraph:  Pak pak cache file ../../../../ChattingClient/ChattingClient/DerivedDataCache/DDC.ddp not found, will not use a pak cache.
[2022.03.08-13.38.41:371][  0]LogDerivedDataCache: Unable to find inner node Pak for hierarchical cache Hierarchy.
[2022.03.08-13.38.41:372][  0]LogDerivedDataCache: FDerivedDataBackendGraph:  CompressedPak pak cache file ../../../../ChattingClient/ChattingClient/DerivedDataCache/Compressed.ddp not found, will not use a pak cache.
[2022.03.08-13.38.41:372][  0]LogDerivedDataCache: Unable to find inner node CompressedPak for hierarchical cache Hierarchy.
[2022.03.08-13.38.41:387][  0]LogDerivedDataCache: Display: Pak cache opened for reading ../../../Engine/DerivedDataCache/Compressed.ddp.
[2022.03.08-13.38.41:388][  0]LogDerivedDataCache: FDerivedDataBackendGraph:  EnterprisePak pak cache file ../../../Enterprise/DerivedDataCache/Compressed.ddp not found, will not use a pak cache.
[2022.03.08-13.38.41:388][  0]LogDerivedDataCache: Unable to find inner node EnterprisePak for hierarchical cache Hierarchy.
[2022.03.08-13.38.41:397][  0]LogDerivedDataCache: Speed tests for C:/Users/lenovo/AppData/Local/UnrealEngine/Common/DerivedDataCache took 0.01 seconds
[2022.03.08-13.38.41:398][  0]LogDerivedDataCache: Display: Performance to C:/Users/lenovo/AppData/Local/UnrealEngine/Common/DerivedDataCache: Latency=0.05ms. RandomReadSpeed=711.64MBs, RandomWriteSpeed=122.88MBs. Assigned SpeedClass 'Local'
[2022.03.08-13.38.41:400][  0]LogDerivedDataCache: Using Local data cache path C:/Users/lenovo/AppData/Local/UnrealEngine/Common/DerivedDataCache: Writable
[2022.03.08-13.38.41:401][  0]LogDerivedDataCache: Shared data cache path not found in *engine.ini, will not use an Shared cache.
[2022.03.08-13.38.41:401][  0]LogDerivedDataCache: Unable to find inner node Shared for hierarchical cache Hierarchy.
[2022.03.08-13.38.41:459][  0]LogSlate: Using FreeType 2.10.0
[2022.03.08-13.38.41:459][  0]LogSlate: SlateFontServices - WITH_FREETYPE: 1, WITH_HARFBUZZ: 1
[2022.03.08-13.38.41:495][  0]LogAssetRegistry: FAssetRegistry took 0.0047 seconds to start up
[2022.03.08-13.38.41:715][  0]LogInit: Selected Device Profile: [Windows]
[2022.03.08-13.38.41:715][  0]LogInit: Active device profile: [000001DA143C8E00][000001DA0FF025C0 49] Windows
[2022.03.08-13.38.41:715][  0]LogInit: Profiles: [000001DA143C8E00][000001DA0FF025C0 49] Windows, [000001DA1438E500][000001DA1240A700 49] WindowsNoEditor, [000001DA143C9D00][000001DA1240E880 49] WindowsServer, [000001DA1438F300][000001DA0C944A00 49] WindowsClient, [000001DA143CAA00][000001DA0C948B80 49] IOS, [000001DA1438F900][000001DA0C94CD00 49] iPadAir, [000001DA143C9500][000001DA0C950E80 49] iPadAir2, [000001DA142FD200][000001DA0C8D9140 49] IPadPro, [000001DA142FD300][000001DA0C95D180 49] iPadAir3, [000001DA1438CC00][000001DA7A5F5300 49] iPadAir4, [000001DA142FDF00][000001DA7A5F9480 49] iPadMini2, [000001DA1438F100][000001DA0C917600 49] iPadMini3, [000001DA142FE900][000001DA0C91B780 49] iPadMini4, [000001DA1438CF00][000001DA7A601900 49] iPadMini5, [000001DA14304C00][000001DA7A609BC0 49] iPhone6, [000001DA14304D00][000001DA7A605C00 49] iPodTouch6, [000001DA143CA700][000001DA7A61A340 49] iPhone7, [000001DA143CA900][000001DA7A60C380 49] iPodTouch7, [000001DA142FD100][000001DA7A61E500 49] iPhone5S, [000001DA143CAC00][000001DA122BA640 49] iPhone6Plus, [000001DA142FFF00][000001DA0C8D4780 49] iPhone6S, [000001DA142FC100][000001DA0C91E8C0 49] iPhone6SPlus, [000001DA14304B00][000001DA7A622A40 49] iPhone7Plus, [000001DA142FE100][000001DA0C936BC0 49] iPhoneSE, [000001DA14306900][000001DA0C93AD40 49] iPhone8, [000001DA142FE200][000001DA0C93EEC0 49] iPhone8Plus, [000001DA14307B00][000001DA0A7A7040 49] iPhoneX, [000001DA142FE300][000001DA0A7AB1C0 49] iPhoneXS, [000001DA14304F00][000001DA0A7AF340 49] iPhoneXSMax, [000001DA143CAF00][000001DA0A7B34C0 49] iPhoneXR, [000001DA14305700][000001DA0A7B7640 49] iPhone11, [000001DA143CAE00][000001DA0A7BB7C0 49] iPhone11Pro, [000001DA14305900][000001DA0A7BF940 49] iPhone11ProMax, [000001DA143C9200][000001DA0A7C3AC0 49] iPhoneSE2, [000001DA14307D00][000001DA0584C0C0 49] iPhone12Mini, [000001DA143C8B00][000001DA05850240 49] iPhone12, [000001DA14305D00][000001DA058543C0 49] iPhone12Pro, [000001DA143C9400][000001DA05858540 49] iPhone12ProMax, [000001DA14307700][000001DA0585C6C0 49] iPadPro105, [000001DA143C9B00][000001DA7A5FC800 49] iPadPro129, [000001DA14304700][000001DA05860940 49] iPadPro97, [000001DA143C9300][000001DA05864A80 49] iPadPro2_129, [000001DA14305200][000001DA05868BC0 49] iPad5, [000001DA143CBF00][000001DA05870D40 49] iPad6, [000001DA14307A00][000001DA0B2EEEC0 49] iPad7, [000001DA143C9900][000001DA0B2F3040 49] iPad8, [000001DA14305400][000001DA0B2F71C0 49] iPadPro11, [000001DA143CB500][000001DA0B2FB340 49] iPadPro2_11, [000001DA14306300][000001DA0B2FF4C0 49] iPadPro3_129, [000001DA143C8F00][000001DA0B303640 49] iPadPro4_129, [000001DA14305100][000001DA0B3077C0 49] AppleTV, [000001DA143CB600][000001DA0B30B940 49] AppleTV4K, [000001DA14304600][000001DA0B30FAC0 49] TVOS, [000001DA143CB900][000001DA0B3120C0 49] Mac, [000001DA14307200][000001DA146D4240 49] MacClient, [000001DA143CBB00][000001DA146D83C0 49] MacNoEditor, [000001DA14305300][000001DA146DC540 49] MacServer, [000001DA143CA400][000001DA146E06C0 49] Linux, [000001DA14306000][000001DA146E4840 49] LinuxAArch64, [000001DA143CBE00][000001DA0586C980 49] LinuxNoEditor, [000001DA14307100][000001DA146E8AC0 49] LinuxAArch64NoEditor, [000001DA143CB200][000001DA146ECC00 49] LinuxClient, [000001DA14306800][000001DA146F0D40 49] LinuxAArch64Client, [000001DA143C8400][000001DA146F8EC0 49] LinuxServer, [000001DA14304400][000001DA146FD040 49] LinuxAArch64Server, [000001DA143C9100][000001DA147011C0 49] Android, [000001DA14306700][000001DA1482D340 49] Android_Low, [000001DA143C8800][000001DA148314C0 49] Android_Mid, [000001DA14304300][000001DA14835640 49] Android_High, [000001DA143C9C00][000001DA148397C0 49] Android_Default, [000001DA14307600][000001DA1483D940 49] Android_Adreno4xx, [000001DA143CA100][000001DA14841AC0 49] Android_Adreno5xx_Low, [000001DA14304900][000001DA148440C0 49] Android_Adreno5xx, [000001DA143C9F00][000001DA14848240 49] Android_Adreno6xx, [000001DA14305B00][000001DA1484C3C0 49] Android_Adreno6xx_Vulkan, [000001DA143CAB00][000001DA14850540 49] Android_Mali_T6xx, [000001DA142FD900][000001DA148546C0 49] Android_Mali_T7xx, [000001DA1438F200][000001DA14858840 49] Android_Mali_T8xx, [000001DA142FFC00][000001DA0B28E9C0 49] Android_Mali_G71, [000001DA1438FD00][000001DA0B292B40 49] Android_Mali_G72, [000001DA142FF900][000001DA146F4C80 49] Android_Mali_G72_Vulkan, [000001DA1438E300][000001DA0B296DC0 49] Android_Mali_G76, [000001DA142FDA00][000001DA0B29AF00 49] Android_Mali_G76_Vulkan, [000001DA1438C400][000001DA0B2A3080 49] Android_Mali_G77, [000001DA142FF500][000001DA0B2A7200 49] Android_Mali_G77_Vulkan, [000001DA1438E100][000001DA0B2AB380 49] Android_Mali_G78, [000001DA142FD000][000001DA0B2AF500 49] Android_Mali_G78_Vulkan, [000001DA1438E400][000001DA0B2B3680 49] Android_Mali_G710, [000001DA142FD500][000001DA0B2B7800 49] Android_Mali_G710_Vulkan, [000001DA1438F600][000001DA0B2BB980 49] Android_Vulkan_SM5, [000001DA142FD800][000001DA0B2BFB00 49] Android_PowerVR_G6xxx, [000001DA1438F000][000001DA0B2C2100 49] Android_PowerVR_GT7xxx, [000001DA142FDB00][000001DA0B2C6280 49] Android_PowerVR_GE8xxx, [000001DA1438FB00][000001DA12398400 49] Android_PowerVR_GM9xxx, [000001DA142FDE00][000001DA1239C580 49] Android_PowerVR_GM9xxx_Vulkan, [000001DA1438D700][000001DA123A0700 49] Android_TegraK1, [000001DA142FFB00][000001DA123A4880 49] Android_Unknown_Vulkan, [000001DA1438D100][000001DA123A8A00 49] Lumin, [000001DA142FC600][000001DA123ACB80 49] Lumin_Desktop, [000001DA14306200][000001DA123B0D00 49] HoloLens, 
[2022.03.08-13.38.41:894][  0]LogMeshReduction: Using QuadricMeshReduction for automatic static mesh reduction
[2022.03.08-13.38.41:894][  0]LogMeshReduction: Using SimplygonMeshReduction for automatic skeletal mesh reduction
[2022.03.08-13.38.41:894][  0]LogMeshReduction: Using ProxyLODMeshReduction for automatic mesh merging
[2022.03.08-13.38.41:894][  0]LogMeshReduction: No distributed automatic mesh merging module available
[2022.03.08-13.38.41:894][  0]LogMeshMerging: No distributed automatic mesh merging module available
[2022.03.08-13.38.41:920][  0]LogNetVersion: ChattingClient 1.0.0, NetCL: 17155196, EngineNetVer: 17, GameNetVer: 0 (Checksum: 1007274363)
[2022.03.08-13.38.42:329][  0]LogTexture: Default maximum texture size for cubemaps generated from long-lat sources has been changed from 512 to unlimited. In order to preserve old behaiour for '/Engine/MapTemplates/Sky/DaylightAmbientCubemap.DaylightAmbientCubemap', its maximum texture size has been explicitly set to 512.
[2022.03.08-13.38.42:377][  0]LogHMD: PokeAHoleMaterial loaded successfully
[2022.03.08-13.38.42:382][  0]LogUObjectArray: 17178 objects as part of root set at end of initial load.
[2022.03.08-13.38.42:382][  0]LogUObjectAllocator: 4302048 out of 0 bytes used by permanent object pool.
[2022.03.08-13.38.42:382][  0]LogUObjectArray: CloseDisregardForGC: 0/0 objects in disregard for GC pool
[2022.03.08-13.38.43:045][  0]LogNiagaraDebuggerClient: Niagara Debugger Client Initialized | Session: 59D435534B6447B4262EDDB50A23305F | Instance: 31300CA54EA878B2760B11BB9F5E545F (DESKTOP-JG03A40-9136).
[2022.03.08-13.38.43:109][  0]LogPython: Using Python 3.7.7
[2022.03.08-13.38.43:646][  0]LogTcpMessaging: Initializing TcpMessaging bridge
[2022.03.08-13.38.43:657][  0]LogUdpMessaging: Initializing bridge on interface 0.0.0.0:0 to multicast group 230.0.0.1:6666.
[2022.03.08-13.38.44:072][  0]SourceControl: 소스 컨트롤이 꺼졌습니다.
[2022.03.08-13.38.44:072][  0]SourceControl: 소스 컨트롤이 꺼졌습니다.
[2022.03.08-13.38.44:078][  0]SourceControl: 소스 컨트롤이 꺼졌습니다.
[2022.03.08-13.38.44:085][  0]SourceControl: 소스 컨트롤이 꺼졌습니다.
[2022.03.08-13.38.44:108][  0]SourceControl: 소스 컨트롤이 꺼졌습니다.
[2022.03.08-13.38.44:121][  0]LogUProjectInfo: Found projects:
[2022.03.08-13.38.44:553][  0]LogOpenImageDenoise: OIDN starting up
[2022.03.08-13.38.44:580][  0]LogAndroidPermission: UAndroidPermissionCallbackProxy::GetInstance
[2022.03.08-13.38.44:626][  0]LogAudioCaptureCore: Display: No Audio Capture implementations found. Audio input will be silent.
[2022.03.08-13.38.44:626][  0]LogAudioCaptureCore: Display: No Audio Capture implementations found. Audio input will be silent.
[2022.03.08-13.38.44:799][  0]LogCollectionManager: Loaded 0 collections in 0.001476 seconds
[2022.03.08-13.38.44:840][  0]LogFileCache: Scanning file cache for directory 'C:/EpicGames/ChattingClient/ChattingClient/Saved/Collections/' took 0.00s
[2022.03.08-13.38.44:840][  0]LogFileCache: Scanning file cache for directory 'C:/EpicGames/ChattingClient/ChattingClient/Content/Developers/lenovo/Collections/' took 0.00s
[2022.03.08-13.38.44:840][  0]LogFileCache: Scanning file cache for directory 'C:/EpicGames/ChattingClient/ChattingClient/Content/Collections/' took 0.00s
[2022.03.08-13.38.44:841][  0]LogOcInput: OculusInput pre-init called
[2022.03.08-13.38.45:158][  0]LogClass: Display: UInt32Property FSendBuffer::LeftPos is not initialized properly. Module:ChattingClient File:Public/SocketComponent.h
[2022.03.08-13.38.45:158][  0]LogClass: Display: UInt32Property FSendBuffer::RightPos is not initialized properly. Module:ChattingClient File:Public/SocketComponent.h
[2022.03.08-13.38.45:158][  0]LogClass: Display: 2 Uninitialized script struct members found including 0 object properties
[2022.03.08-13.38.45:159][  0]LogEngine: Initializing Engine...
[2022.03.08-13.38.45:163][  0]LogHMD: Failed to enumerate extensions. Please check that you have a valid OpenXR runtime installed.
[2022.03.08-13.38.45:164][  0]LogHMD: Failed to initialize OpenVR with code 110
[2022.03.08-13.38.45:164][  0]LogMagicLeap: Warning: VR disabled because ZI is not enabled.  To enable, in the editor, Edit -> Project Settings -> Plugins -> Magic Leap Plugin -> Enable Zero Iteration
[2022.03.08-13.38.45:165][  0]LogStats: UGameplayTagsManager::InitializeManager -  0.000 s
[2022.03.08-13.38.45:288][  0]LogInit: Initializing FReadOnlyCVARCache
[2022.03.08-13.38.45:299][  0]LogAIModule: Creating AISystem for world Untitled
[2022.03.08-13.38.45:299][  0]LogAudio: Display: Initializing Audio Device Manager...
[2022.03.08-13.38.45:306][  0]LogAudio: Display: Loading Default Audio Settings Objects...
[2022.03.08-13.38.45:307][  0]LogAudio: Display: No default SoundConcurrencyObject specified (or failed to load).
[2022.03.08-13.38.45:307][  0]LogAudio: Display: Audio Device Manager Initialized
[2022.03.08-13.38.45:307][  0]LogAudio: Display: Creating Audio Device:                 Id: 1, Scope: Shared, Realtime: True
[2022.03.08-13.38.45:308][  0]LogAudioMixer: Display: Audio Mixer Platform Settings:
[2022.03.08-13.38.45:308][  0]LogAudioMixer: Display: 	Sample Rate:						  48000
[2022.03.08-13.38.45:308][  0]LogAudioMixer: Display: 	Callback Buffer Frame Size Requested: 1024
[2022.03.08-13.38.45:308][  0]LogAudioMixer: Display: 	Callback Buffer Frame Size To Use:	  1024
[2022.03.08-13.38.45:308][  0]LogAudioMixer: Display: 	Number of buffers to queue:			  2
[2022.03.08-13.38.45:308][  0]LogAudioMixer: Display: 	Max Channels (voices):				  32
[2022.03.08-13.38.45:308][  0]LogAudioMixer: Display: 	Number of Async Source Workers:		  0
[2022.03.08-13.38.45:308][  0]LogAudio: Display: AudioDevice MaxSources: 32
[2022.03.08-13.38.45:308][  0]LogAudio: Display: Audio Spatialization Plugin: None (built-in).
[2022.03.08-13.38.45:308][  0]LogAudio: Display: Audio Reverb Plugin: None (built-in).
[2022.03.08-13.38.45:308][  0]LogAudio: Display: Audio Occlusion Plugin: None (built-in).
[2022.03.08-13.38.45:308][  0]LogAudioMixer: Display: Initializing audio mixer.
[2022.03.08-13.38.45:337][  0]LogAudioMixer: Display: 0: FrontLeft
[2022.03.08-13.38.45:337][  0]LogAudioMixer: Display: 1: FrontRight
[2022.03.08-13.38.45:395][  0]LogAudioMixer: Display: Using Audio Device 스피커(Realtek(R) Audio)
[2022.03.08-13.38.45:400][  0]LogAudioMixer: Display: Initializing Sound Submixes...
[2022.03.08-13.38.45:403][  0]LogAudioMixer: Display: Creating Master Submix 'MasterSubmixDefault'
[2022.03.08-13.38.45:403][  0]LogAudioMixer: Display: Creating Master Submix 'MasterReverbSubmixDefault'
[2022.03.08-13.38.45:404][  0]LogAudioMixer: Display: Creating Master Submix 'MasterEQSubmixDefault'
[2022.03.08-13.38.45:404][  0]LogAudioMixer: FMixerPlatformXAudio2::StartAudioStream() called
[2022.03.08-13.38.45:404][  0]LogAudioMixer: Display: Output buffers initialized: Frames=1024, Channels=2, Samples=2048
[2022.03.08-13.38.45:407][  0]LogAudioMixer: Display: Starting AudioMixerPlatformInterface::RunInternal()
[2022.03.08-13.38.45:407][  0]LogAudioMixer: Display: FMixerPlatformXAudio2::SubmitBuffer() called for the first time
[2022.03.08-13.38.45:407][  0]LogInit: FAudioDevice initialized.
[2022.03.08-13.38.45:407][  0]LogAudio: Display: Audio Device (ID: 1) registered with world 'Untitled'.
[2022.03.08-13.38.45:407][  0]LogNetVersion: Set ProjectVersion to 1.0.0.0. Version Checksum will be recalculated on next use.
[2022.03.08-13.38.45:472][  0]LogDerivedDataCache: Saved boot cache 0.06s 96MB C:/Users/lenovo/AppData/Local/UnrealEngine/4.27/DerivedDataCache/Boot.ddc.
[2022.03.08-13.38.45:473][  0]LogInit: Texture streaming: Enabled
[2022.03.08-13.38.45:495][  0]LogAnalytics: Display: [UEEditor.Rocket.Release] APIServer = https://datarouter.ol.epicgames.com/. AppVersion = 4.27.2-18319896+++UE4+Release-4.27
[2022.03.08-13.38.45:506][  0]LogEngineSessionManager: EngineSessionManager initialized
[2022.03.08-13.38.45:506][  0]LogEngineSessionManager: EngineSessionManager sent abnormal shutdown report. Type=Crashed, SessionId={D319956A-4DF3-E2EA-DBBE-6AB588BC8783}
[2022.03.08-13.38.45:506][  0]LogEditorSessionSummary: Verbose: Initializing EditorSessionSummaryWriter for editor session tracking
[2022.03.08-13.38.45:512][  0]LogEditorSessionSummary: EditorSessionSummaryWriter initialized
[2022.03.08-13.38.45:543][  0]LogInit: Transaction tracking system initialized
[2022.03.08-13.38.45:585][  0]BlueprintLog: New page: 에디터 로드
[2022.03.08-13.38.45:700][  0]LocalizationService: 현지화 서비스가 비활성화되었습니다.
[2022.03.08-13.38.45:744][  0]TimingProfiler: Initialize
[2022.03.08-13.38.45:744][  0]TimingProfiler: OnSessionChanged
[2022.03.08-13.38.45:744][  0]LoadingProfiler: Initialize
[2022.03.08-13.38.45:744][  0]LoadingProfiler: OnSessionChanged
[2022.03.08-13.38.45:745][  0]NetworkingProfiler: Initialize
[2022.03.08-13.38.45:745][  0]NetworkingProfiler: OnSessionChanged
[2022.03.08-13.38.45:745][  0]MemoryProfiler: Initialize
[2022.03.08-13.38.45:745][  0]MemoryProfiler: OnSessionChanged
[2022.03.08-13.38.45:942][  0]LogCook: Display: CookSettings for Memory: MemoryMaxUsedVirtual 0MiB, MemoryMaxUsedPhysical 16384MiB, MemoryMinFreeVirtual 0MiB, MemoryMinFreePhysical 1024MiB
[2022.03.08-13.38.45:943][  0]LogCook: Display: Mobile HDR setting 1
[2022.03.08-13.38.46:263][  0]LogFileCache: Scanning file cache for directory 'C:/EpicGames/ChattingClient/ChattingClient/Content/' took 0.00s
[2022.03.08-13.38.46:493][  0]LogInit: Display: Engine is initialized. Leaving FEngineLoop::Init()
[2022.03.08-13.38.46:498][  0]SourceControl: 소스 컨트롤이 꺼졌습니다.
[2022.03.08-13.38.46:498][  0]LogUnrealEdMisc: Loading editor; pre map load, took 10.182
[2022.03.08-13.38.46:499][  0]Cmd: MAP LOAD FILE="../../../../ChattingClient/ChattingClient/Content/MainLevel.umap" TEMPLATE=0 SHOWPROGRESS=1 FEATURELEVEL=3
[2022.03.08-13.38.46:500][  0]LightingResults: New page: 라이팅 빌드
[2022.03.08-13.38.46:502][  0]LogWorld: UWorld::CleanupWorld for Untitled, bSessionEnded=true, bCleanupResources=true
[2022.03.08-13.38.46:502][  0]LogSlate: InvalidateAllWidgets triggered.  All widgets were invalidated
[2022.03.08-13.38.46:502][  0]MapCheck: New page: 맵 체크
[2022.03.08-13.38.46:502][  0]LightingResults: New page: 라이팅 빌드
[2022.03.08-13.38.46:507][  0]LogAudio: Display: Audio Device unregistered from world 'None'.
[2022.03.08-13.38.46:511][  0]LogUObjectHash: Compacting FUObjectHashTables data took   0.75ms
[2022.03.08-13.38.46:516][  0]LogAudio: Display: Audio Device (ID: 1) registered with world 'MainLevel'.
[2022.03.08-13.38.46:517][  0]LogAIModule: Creating AISystem for world MainLevel
[2022.03.08-13.38.46:518][  0]LogEditorServer: Finished looking for orphan Actors (0.000 secs)
[2022.03.08-13.38.46:524][  0]LogUObjectHash: Compacting FUObjectHashTables data took   0.56ms
[2022.03.08-13.38.46:524][  0]Cmd: MAP CHECKDEP NOCLEARLOG
[2022.03.08-13.38.46:525][  0]MapCheck: 맵 체크 완료: 오류 0 회, 경고 0 회, 소요 시간 0.225ms.
[2022.03.08-13.38.46:525][  0]LogFileHelpers: Loading map 'MainLevel' took 0.026
[2022.03.08-13.38.46:532][  0]LogUnrealEdMisc: Total Editor Startup Time, took 10.216
[2022.03.08-13.38.46:676][  0]LogSlate: Updating window title bar state: overlay mode, drag disabled, window buttons hidden, title bar hidden
[2022.03.08-13.38.46:682][  0]LogSlate: Updating window title bar state: overlay mode, drag disabled, window buttons hidden, title bar hidden
[2022.03.08-13.38.46:688][  0]LogSlate: Updating window title bar state: overlay mode, drag disabled, window buttons hidden, title bar hidden
[2022.03.08-13.38.46:693][  0]LogSlate: Updating window title bar state: overlay mode, drag disabled, window buttons hidden, title bar hidden
[2022.03.08-13.38.46:708][  0]LogNativeClassHierarchy: Verbose: Native class hierarchy populated in 0.0084 seconds. Added 3835 classes and 931 folders.
[2022.03.08-13.38.46:711][  0]LogNativeClassHierarchy: Verbose: Native class hierarchy updated for 'WidgetCarousel' in 0.0003 seconds. Added 0 classes and 0 folders.
[2022.03.08-13.38.46:712][  0]LogPakFile: PakFile PrimaryIndexSize=187
[2022.03.08-13.38.46:713][  0]LogPakFile: PakFile PathHashIndexSize=101
[2022.03.08-13.38.46:713][  0]LogPakFile: PakFile FullDirectoryIndexSize=148
[2022.03.08-13.38.46:713][  0]LogShaderLibrary: Display: ShaderCodeLibraryPakFileMountedCallback: PakFile 'C:/EpicGames/UE_4.27/FeaturePacks/FP_FirstPerson.upack' (chunk index -1, root 'root:/') mounted
[2022.03.08-13.38.46:713][  0]LogShaderLibrary: Display: ShaderCodeLibraryPakFileMountedCallback: pending pak file info (ChunkID:-1 Root:root:/ File:C:/EpicGames/UE_4.27/FeaturePacks/FP_FirstPerson.upack)
[2022.03.08-13.38.46:713][  0]LogPakFile: OnPakFileMounted2Time == 0.000182
[2022.03.08-13.38.46:714][  0]LogPakFile: PakFile PrimaryIndexSize=189
[2022.03.08-13.38.46:714][  0]LogPakFile: PakFile PathHashIndexSize=101
[2022.03.08-13.38.46:714][  0]LogPakFile: PakFile FullDirectoryIndexSize=152
[2022.03.08-13.38.46:714][  0]LogShaderLibrary: Display: ShaderCodeLibraryPakFileMountedCallback: PakFile 'C:/EpicGames/UE_4.27/FeaturePacks/FP_FirstPersonBP.upack' (chunk index -1, root 'root:/') mounted
[2022.03.08-13.38.46:714][  0]LogShaderLibrary: Display: ShaderCodeLibraryPakFileMountedCallback: pending pak file info (ChunkID:-1 Root:root:/ File:C:/EpicGames/UE_4.27/FeaturePacks/FP_FirstPersonBP.upack)
[2022.03.08-13.38.46:714][  0]LogPakFile: OnPakFileMounted2Time == 0.000163
[2022.03.08-13.38.46:715][  0]LogPakFile: PakFile PrimaryIndexSize=191
[2022.03.08-13.38.46:715][  0]LogPakFile: PakFile PathHashIndexSize=101
[2022.03.08-13.38.46:715][  0]LogPakFile: PakFile FullDirectoryIndexSize=160
[2022.03.08-13.38.46:715][  0]LogShaderLibrary: Display: ShaderCodeLibraryPakFileMountedCallback: PakFile 'C:/EpicGames/UE_4.27/FeaturePacks/MobileStarterContent.upack' (chunk index -1, root 'root:/') mounted
[2022.03.08-13.38.46:715][  0]LogShaderLibrary: Display: ShaderCodeLibraryPakFileMountedCallback: pending pak file info (ChunkID:-1 Root:root:/ File:C:/EpicGames/UE_4.27/FeaturePacks/MobileStarterContent.upack)
[2022.03.08-13.38.46:715][  0]LogPakFile: OnPakFileMounted2Time == 0.000153
[2022.03.08-13.38.46:716][  0]LogPakFile: PakFile PrimaryIndexSize=185
[2022.03.08-13.38.46:716][  0]LogPakFile: PakFile PathHashIndexSize=101
[2022.03.08-13.38.46:716][  0]LogPakFile: PakFile FullDirectoryIndexSize=148
[2022.03.08-13.38.46:716][  0]LogShaderLibrary: Display: ShaderCodeLibraryPakFileMountedCallback: PakFile 'C:/EpicGames/UE_4.27/FeaturePacks/StarterContent.upack' (chunk index -1, root 'root:/') mounted
[2022.03.08-13.38.46:716][  0]LogShaderLibrary: Display: ShaderCodeLibraryPakFileMountedCallback: pending pak file info (ChunkID:-1 Root:root:/ File:C:/EpicGames/UE_4.27/FeaturePacks/StarterContent.upack)
[2022.03.08-13.38.46:716][  0]LogPakFile: OnPakFileMounted2Time == 0.000169
[2022.03.08-13.38.46:717][  0]LogPakFile: PakFile PrimaryIndexSize=190
[2022.03.08-13.38.46:717][  0]LogPakFile: PakFile PathHashIndexSize=101
[2022.03.08-13.38.46:717][  0]LogPakFile: PakFile FullDirectoryIndexSize=154
[2022.03.08-13.38.46:717][  0]LogShaderLibrary: Display: ShaderCodeLibraryPakFileMountedCallback: PakFile 'C:/EpicGames/UE_4.27/FeaturePacks/TP_2DSideScroller.upack' (chunk index -1, root 'root:/') mounted
[2022.03.08-13.38.46:718][  0]LogShaderLibrary: Display: ShaderCodeLibraryPakFileMountedCallback: pending pak file info (ChunkID:-1 Root:root:/ File:C:/EpicGames/UE_4.27/FeaturePacks/TP_2DSideScroller.upack)
[2022.03.08-13.38.46:718][  0]LogPakFile: OnPakFileMounted2Time == 0.000260
[2022.03.08-13.38.46:718][  0]LogPakFile: PakFile PrimaryIndexSize=192
[2022.03.08-13.38.46:718][  0]LogPakFile: PakFile PathHashIndexSize=101
[2022.03.08-13.38.46:718][  0]LogPakFile: PakFile FullDirectoryIndexSize=158
[2022.03.08-13.38.46:719][  0]LogShaderLibrary: Display: ShaderCodeLibraryPakFileMountedCallback: PakFile 'C:/EpicGames/UE_4.27/FeaturePacks/TP_2DSideScrollerBP.upack' (chunk index -1, root 'root:/') mounted
[2022.03.08-13.38.46:719][  0]LogShaderLibrary: Display: ShaderCodeLibraryPakFileMountedCallback: pending pak file info (ChunkID:-1 Root:root:/ File:C:/EpicGames/UE_4.27/FeaturePacks/TP_2DSideScrollerBP.upack)
[2022.03.08-13.38.46:719][  0]LogPakFile: OnPakFileMounted2Time == 0.000144
[2022.03.08-13.38.46:720][  0]LogPakFile: PakFile PrimaryIndexSize=182
[2022.03.08-13.38.46:720][  0]LogPakFile: PakFile PathHashIndexSize=101
[2022.03.08-13.38.46:720][  0]LogPakFile: PakFile FullDirectoryIndexSize=138
[2022.03.08-13.38.46:720][  0]LogShaderLibrary: Display: ShaderCodeLibraryPakFileMountedCallback: PakFile 'C:/EpicGames/UE_4.27/FeaturePacks/TP_Flying.upack' (chunk index -1, root 'root:/') mounted
[2022.03.08-13.38.46:720][  0]LogShaderLibrary: Display: ShaderCodeLibraryPakFileMountedCallback: pending pak file info (ChunkID:-1 Root:root:/ File:C:/EpicGames/UE_4.27/FeaturePacks/TP_Flying.upack)
[2022.03.08-13.38.46:720][  0]LogPakFile: OnPakFileMounted2Time == 0.000149
[2022.03.08-13.38.46:721][  0]LogPakFile: PakFile PrimaryIndexSize=184
[2022.03.08-13.38.46:721][  0]LogPakFile: PakFile PathHashIndexSize=101
[2022.03.08-13.38.46:721][  0]LogPakFile: PakFile FullDirectoryIndexSize=142
[2022.03.08-13.38.46:721][  0]LogShaderLibrary: Display: ShaderCodeLibraryPakFileMountedCallback: PakFile 'C:/EpicGames/UE_4.27/FeaturePacks/TP_FlyingBP.upack' (chunk index -1, root 'root:/') mounted
[2022.03.08-13.38.46:721][  0]LogShaderLibrary: Display: ShaderCodeLibraryPakFileMountedCallback: pending pak file info (ChunkID:-1 Root:root:/ File:C:/EpicGames/UE_4.27/FeaturePacks/TP_FlyingBP.upack)
[2022.03.08-13.38.46:721][  0]LogPakFile: OnPakFileMounted2Time == 0.000135
[2022.03.08-13.38.46:722][  0]LogPakFile: PakFile PrimaryIndexSize=188
[2022.03.08-13.38.46:722][  0]LogPakFile: PakFile PathHashIndexSize=101
[2022.03.08-13.38.46:722][  0]LogPakFile: PakFile FullDirectoryIndexSize=150
[2022.03.08-13.38.46:722][  0]LogShaderLibrary: Display: ShaderCodeLibraryPakFileMountedCallback: PakFile 'C:/EpicGames/UE_4.27/FeaturePacks/TP_HandheldARBP.upack' (chunk index -1, root 'root:/') mounted
[2022.03.08-13.38.46:722][  0]LogShaderLibrary: Display: ShaderCodeLibraryPakFileMountedCallback: pending pak file info (ChunkID:-1 Root:root:/ File:C:/EpicGames/UE_4.27/FeaturePacks/TP_HandheldARBP.upack)
[2022.03.08-13.38.46:722][  0]LogPakFile: OnPakFileMounted2Time == 0.000151
[2022.03.08-13.38.46:723][  0]LogPakFile: PakFile PrimaryIndexSize=182
[2022.03.08-13.38.46:723][  0]LogPakFile: PakFile PathHashIndexSize=101
[2022.03.08-13.38.46:723][  0]LogPakFile: PakFile FullDirectoryIndexSize=138
[2022.03.08-13.38.46:723][  0]LogShaderLibrary: Display: ShaderCodeLibraryPakFileMountedCallback: PakFile 'C:/EpicGames/UE_4.27/FeaturePacks/TP_Puzzle.upack' (chunk index -1, root 'root:/') mounted
[2022.03.08-13.38.46:723][  0]LogShaderLibrary: Display: ShaderCodeLibraryPakFileMountedCallback: pending pak file info (ChunkID:-1 Root:root:/ File:C:/EpicGames/UE_4.27/FeaturePacks/TP_Puzzle.upack)
[2022.03.08-13.38.46:723][  0]LogPakFile: OnPakFileMounted2Time == 0.000144
[2022.03.08-13.38.46:724][  0]LogPakFile: PakFile PrimaryIndexSize=184
[2022.03.08-13.38.46:724][  0]LogPakFile: PakFile PathHashIndexSize=101
[2022.03.08-13.38.46:724][  0]LogPakFile: PakFile FullDirectoryIndexSize=142
[2022.03.08-13.38.46:724][  0]LogShaderLibrary: Display: ShaderCodeLibraryPakFileMountedCallback: PakFile 'C:/EpicGames/UE_4.27/FeaturePacks/TP_PuzzleBP.upack' (chunk index -1, root 'root:/') mounted
[2022.03.08-13.38.46:724][  0]LogShaderLibrary: Display: ShaderCodeLibraryPakFileMountedCallback: pending pak file info (ChunkID:-1 Root:root:/ File:C:/EpicGames/UE_4.27/FeaturePacks/TP_PuzzleBP.upack)
[2022.03.08-13.38.46:725][  0]LogPakFile: OnPakFileMounted2Time == 0.000209
[2022.03.08-13.38.46:725][  0]LogPakFile: PakFile PrimaryIndexSize=183
[2022.03.08-13.38.46:725][  0]LogPakFile: PakFile PathHashIndexSize=101
[2022.03.08-13.38.46:725][  0]LogPakFile: PakFile FullDirectoryIndexSize=140
[2022.03.08-13.38.46:725][  0]LogShaderLibrary: Display: ShaderCodeLibraryPakFileMountedCallback: PakFile 'C:/EpicGames/UE_4.27/FeaturePacks/TP_Rolling.upack' (chunk index -1, root 'root:/') mounted
[2022.03.08-13.38.46:726][  0]LogShaderLibrary: Display: ShaderCodeLibraryPakFileMountedCallback: pending pak file info (ChunkID:-1 Root:root:/ File:C:/EpicGames/UE_4.27/FeaturePacks/TP_Rolling.upack)
[2022.03.08-13.38.46:726][  0]LogPakFile: OnPakFileMounted2Time == 0.000207
[2022.03.08-13.38.46:726][  0]LogPakFile: PakFile PrimaryIndexSize=185
[2022.03.08-13.38.46:726][  0]LogPakFile: PakFile PathHashIndexSize=101
[2022.03.08-13.38.46:726][  0]LogPakFile: PakFile FullDirectoryIndexSize=144
[2022.03.08-13.38.46:727][  0]LogShaderLibrary: Display: ShaderCodeLibraryPakFileMountedCallback: PakFile 'C:/EpicGames/UE_4.27/FeaturePacks/TP_RollingBP.upack' (chunk index -1, root 'root:/') mounted
[2022.03.08-13.38.46:727][  0]LogShaderLibrary: Display: ShaderCodeLibraryPakFileMountedCallback: pending pak file info (ChunkID:-1 Root:root:/ File:C:/EpicGames/UE_4.27/FeaturePacks/TP_RollingBP.upack)
[2022.03.08-13.38.46:727][  0]LogPakFile: OnPakFileMounted2Time == 0.000206
[2022.03.08-13.38.46:727][  0]LogPakFile: PakFile PrimaryIndexSize=188
[2022.03.08-13.38.46:728][  0]LogPakFile: PakFile PathHashIndexSize=101
[2022.03.08-13.38.46:728][  0]LogPakFile: PakFile FullDirectoryIndexSize=150
[2022.03.08-13.38.46:728][  0]LogShaderLibrary: Display: ShaderCodeLibraryPakFileMountedCallback: PakFile 'C:/EpicGames/UE_4.27/FeaturePacks/TP_SideScroller.upack' (chunk index -1, root 'root:/') mounted
[2022.03.08-13.38.46:728][  0]LogShaderLibrary: Display: ShaderCodeLibraryPakFileMountedCallback: pending pak file info (ChunkID:-1 Root:root:/ File:C:/EpicGames/UE_4.27/FeaturePacks/TP_SideScroller.upack)
[2022.03.08-13.38.46:728][  0]LogPakFile: OnPakFileMounted2Time == 0.000130
[2022.03.08-13.38.46:728][  0]LogPakFile: PakFile PrimaryIndexSize=190
[2022.03.08-13.38.46:728][  0]LogPakFile: PakFile PathHashIndexSize=101
[2022.03.08-13.38.46:729][  0]LogPakFile: PakFile FullDirectoryIndexSize=154
[2022.03.08-13.38.46:729][  0]LogShaderLibrary: Display: ShaderCodeLibraryPakFileMountedCallback: PakFile 'C:/EpicGames/UE_4.27/FeaturePacks/TP_SideScrollerBP.upack' (chunk index -1, root 'root:/') mounted
[2022.03.08-13.38.46:729][  0]LogShaderLibrary: Display: ShaderCodeLibraryPakFileMountedCallback: pending pak file info (ChunkID:-1 Root:root:/ File:C:/EpicGames/UE_4.27/FeaturePacks/TP_SideScrollerBP.upack)
[2022.03.08-13.38.46:729][  0]LogPakFile: OnPakFileMounted2Time == 0.000150
[2022.03.08-13.38.46:729][  0]LogPakFile: PakFile PrimaryIndexSize=187
[2022.03.08-13.38.46:730][  0]LogPakFile: PakFile PathHashIndexSize=101
[2022.03.08-13.38.46:730][  0]LogPakFile: PakFile FullDirectoryIndexSize=148
[2022.03.08-13.38.46:730][  0]LogShaderLibrary: Display: ShaderCodeLibraryPakFileMountedCallback: PakFile 'C:/EpicGames/UE_4.27/FeaturePacks/TP_ThirdPerson.upack' (chunk index -1, root 'root:/') mounted
[2022.03.08-13.38.46:730][  0]LogShaderLibrary: Display: ShaderCodeLibraryPakFileMountedCallback: pending pak file info (ChunkID:-1 Root:root:/ File:C:/EpicGames/UE_4.27/FeaturePacks/TP_ThirdPerson.upack)
[2022.03.08-13.38.46:730][  0]LogPakFile: OnPakFileMounted2Time == 0.000163
[2022.03.08-13.38.46:731][  0]LogPakFile: PakFile PrimaryIndexSize=189
[2022.03.08-13.38.46:731][  0]LogPakFile: PakFile PathHashIndexSize=101
[2022.03.08-13.38.46:731][  0]LogPakFile: PakFile FullDirectoryIndexSize=152
[2022.03.08-13.38.46:731][  0]LogShaderLibrary: Display: ShaderCodeLibraryPakFileMountedCallback: PakFile 'C:/EpicGames/UE_4.27/FeaturePacks/TP_ThirdPersonBP.upack' (chunk index -1, root 'root:/') mounted
[2022.03.08-13.38.46:731][  0]LogShaderLibrary: Display: ShaderCodeLibraryPakFileMountedCallback: pending pak file info (ChunkID:-1 Root:root:/ File:C:/EpicGames/UE_4.27/FeaturePacks/TP_ThirdPersonBP.upack)
[2022.03.08-13.38.46:731][  0]LogPakFile: OnPakFileMounted2Time == 0.000163
[2022.03.08-13.38.46:732][  0]LogPakFile: PakFile PrimaryIndexSize=183
[2022.03.08-13.38.46:732][  0]LogPakFile: PakFile PathHashIndexSize=101
[2022.03.08-13.38.46:732][  0]LogPakFile: PakFile FullDirectoryIndexSize=140
[2022.03.08-13.38.46:732][  0]LogShaderLibrary: Display: ShaderCodeLibraryPakFileMountedCallback: PakFile 'C:/EpicGames/UE_4.27/FeaturePacks/TP_TopDown.upack' (chunk index -1, root 'root:/') mounted
[2022.03.08-13.38.46:732][  0]LogShaderLibrary: Display: ShaderCodeLibraryPakFileMountedCallback: pending pak file info (ChunkID:-1 Root:root:/ File:C:/EpicGames/UE_4.27/FeaturePacks/TP_TopDown.upack)
[2022.03.08-13.38.46:732][  0]LogPakFile: OnPakFileMounted2Time == 0.000138
[2022.03.08-13.38.46:733][  0]LogPakFile: PakFile PrimaryIndexSize=185
[2022.03.08-13.38.46:733][  0]LogPakFile: PakFile PathHashIndexSize=101
[2022.03.08-13.38.46:733][  0]LogPakFile: PakFile FullDirectoryIndexSize=144
[2022.03.08-13.38.46:733][  0]LogShaderLibrary: Display: ShaderCodeLibraryPakFileMountedCallback: PakFile 'C:/EpicGames/UE_4.27/FeaturePacks/TP_TopDownBP.upack' (chunk index -1, root 'root:/') mounted
[2022.03.08-13.38.46:733][  0]LogShaderLibrary: Display: ShaderCodeLibraryPakFileMountedCallback: pending pak file info (ChunkID:-1 Root:root:/ File:C:/EpicGames/UE_4.27/FeaturePacks/TP_TopDownBP.upack)
[2022.03.08-13.38.46:733][  0]LogPakFile: OnPakFileMounted2Time == 0.000139
[2022.03.08-13.38.46:734][  0]LogPakFile: PakFile PrimaryIndexSize=185
[2022.03.08-13.38.46:734][  0]LogPakFile: PakFile PathHashIndexSize=101
[2022.03.08-13.38.46:734][  0]LogPakFile: PakFile FullDirectoryIndexSize=144
[2022.03.08-13.38.46:734][  0]LogShaderLibrary: Display: ShaderCodeLibraryPakFileMountedCallback: PakFile 'C:/EpicGames/UE_4.27/FeaturePacks/TP_TwinStick.upack' (chunk index -1, root 'root:/') mounted
[2022.03.08-13.38.46:734][  0]LogShaderLibrary: Display: ShaderCodeLibraryPakFileMountedCallback: pending pak file info (ChunkID:-1 Root:root:/ File:C:/EpicGames/UE_4.27/FeaturePacks/TP_TwinStick.upack)
[2022.03.08-13.38.46:734][  0]LogPakFile: OnPakFileMounted2Time == 0.000145
[2022.03.08-13.38.46:735][  0]LogPakFile: PakFile PrimaryIndexSize=187
[2022.03.08-13.38.46:735][  0]LogPakFile: PakFile PathHashIndexSize=101
[2022.03.08-13.38.46:735][  0]LogPakFile: PakFile FullDirectoryIndexSize=148
[2022.03.08-13.38.46:735][  0]LogShaderLibrary: Display: ShaderCodeLibraryPakFileMountedCallback: PakFile 'C:/EpicGames/UE_4.27/FeaturePacks/TP_TwinStickBP.upack' (chunk index -1, root 'root:/') mounted
[2022.03.08-13.38.46:735][  0]LogShaderLibrary: Display: ShaderCodeLibraryPakFileMountedCallback: pending pak file info (ChunkID:-1 Root:root:/ File:C:/EpicGames/UE_4.27/FeaturePacks/TP_TwinStickBP.upack)
[2022.03.08-13.38.46:735][  0]LogPakFile: OnPakFileMounted2Time == 0.000141
[2022.03.08-13.38.46:736][  0]LogPakFile: PakFile PrimaryIndexSize=183
[2022.03.08-13.38.46:736][  0]LogPakFile: PakFile PathHashIndexSize=101
[2022.03.08-13.38.46:736][  0]LogPakFile: PakFile FullDirectoryIndexSize=140
[2022.03.08-13.38.46:736][  0]LogShaderLibrary: Display: ShaderCodeLibraryPakFileMountedCallback: PakFile 'C:/EpicGames/UE_4.27/FeaturePacks/TP_Vehicle.upack' (chunk index -1, root 'root:/') mounted
[2022.03.08-13.38.46:736][  0]LogShaderLibrary: Display: ShaderCodeLibraryPakFileMountedCallback: pending pak file info (ChunkID:-1 Root:root:/ File:C:/EpicGames/UE_4.27/FeaturePacks/TP_Vehicle.upack)
[2022.03.08-13.38.46:736][  0]LogPakFile: OnPakFileMounted2Time == 0.000134
[2022.03.08-13.38.46:737][  0]LogPakFile: PakFile PrimaryIndexSize=186
[2022.03.08-13.38.46:737][  0]LogPakFile: PakFile PathHashIndexSize=101
[2022.03.08-13.38.46:737][  0]LogPakFile: PakFile FullDirectoryIndexSize=146
[2022.03.08-13.38.46:737][  0]LogShaderLibrary: Display: ShaderCodeLibraryPakFileMountedCallback: PakFile 'C:/EpicGames/UE_4.27/FeaturePacks/TP_VehicleAdv.upack' (chunk index -1, root 'root:/') mounted
[2022.03.08-13.38.46:737][  0]LogShaderLibrary: Display: ShaderCodeLibraryPakFileMountedCallback: pending pak file info (ChunkID:-1 Root:root:/ File:C:/EpicGames/UE_4.27/FeaturePacks/TP_VehicleAdv.upack)
[2022.03.08-13.38.46:737][  0]LogPakFile: OnPakFileMounted2Time == 0.000144
[2022.03.08-13.38.46:738][  0]LogPakFile: PakFile PrimaryIndexSize=188
[2022.03.08-13.38.46:738][  0]LogPakFile: PakFile PathHashIndexSize=101
[2022.03.08-13.38.46:738][  0]LogPakFile: PakFile FullDirectoryIndexSize=150
[2022.03.08-13.38.46:738][  0]LogShaderLibrary: Display: ShaderCodeLibraryPakFileMountedCallback: PakFile 'C:/EpicGames/UE_4.27/FeaturePacks/TP_VehicleAdvBP.upack' (chunk index -1, root 'root:/') mounted
[2022.03.08-13.38.46:738][  0]LogShaderLibrary: Display: ShaderCodeLibraryPakFileMountedCallback: pending pak file info (ChunkID:-1 Root:root:/ File:C:/EpicGames/UE_4.27/FeaturePacks/TP_VehicleAdvBP.upack)
[2022.03.08-13.38.46:738][  0]LogPakFile: OnPakFileMounted2Time == 0.000135
[2022.03.08-13.38.46:739][  0]LogPakFile: PakFile PrimaryIndexSize=185
[2022.03.08-13.38.46:739][  0]LogPakFile: PakFile PathHashIndexSize=101
[2022.03.08-13.38.46:739][  0]LogPakFile: PakFile FullDirectoryIndexSize=144
[2022.03.08-13.38.46:739][  0]LogShaderLibrary: Display: ShaderCodeLibraryPakFileMountedCallback: PakFile 'C:/EpicGames/UE_4.27/FeaturePacks/TP_VehicleBP.upack' (chunk index -1, root 'root:/') mounted
[2022.03.08-13.38.46:740][  0]LogShaderLibrary: Display: ShaderCodeLibraryPakFileMountedCallback: pending pak file info (ChunkID:-1 Root:root:/ File:C:/EpicGames/UE_4.27/FeaturePacks/TP_VehicleBP.upack)
[2022.03.08-13.38.46:740][  0]LogPakFile: OnPakFileMounted2Time == 0.000201
[2022.03.08-13.38.46:740][  0]LogPakFile: PakFile PrimaryIndexSize=192
[2022.03.08-13.38.46:740][  0]LogPakFile: PakFile PathHashIndexSize=101
[2022.03.08-13.38.46:740][  0]LogPakFile: PakFile FullDirectoryIndexSize=158
[2022.03.08-13.38.46:741][  0]LogShaderLibrary: Display: ShaderCodeLibraryPakFileMountedCallback: PakFile 'C:/EpicGames/UE_4.27/FeaturePacks/TP_VirtualRealityBP.upack' (chunk index -1, root 'root:/') mounted
[2022.03.08-13.38.46:741][  0]LogShaderLibrary: Display: ShaderCodeLibraryPakFileMountedCallback: pending pak file info (ChunkID:-1 Root:root:/ File:C:/EpicGames/UE_4.27/FeaturePacks/TP_VirtualRealityBP.upack)
[2022.03.08-13.38.46:741][  0]LogPakFile: OnPakFileMounted2Time == 0.000156
[2022.03.08-13.38.46:795][  0]LogNativeClassHierarchy: Verbose: Native class hierarchy updated for 'AddContentDialog' in 0.0003 seconds. Added 0 classes and 0 folders.
[2022.03.08-13.38.46:799][  0]LogNativeClassHierarchy: Verbose: Native class hierarchy updated for 'SceneOutliner' in 0.0002 seconds. Added 2 classes and 0 folders.
[2022.03.08-13.38.47:149][  0]LogSlate: Only BGRA pngs, bmps or icos are supported in by External Image Picker
[2022.03.08-13.38.47:237][  0]LogSlate: Took 0.000437 seconds to synchronously load lazily loaded font '../../../Engine/Content/Slate/Fonts/Roboto-Regular.ttf' (155K)
[2022.03.08-13.38.47:240][  0]LogSlate: Took 0.002178 seconds to synchronously load lazily loaded font '../../../Engine/Content/Editor/Slate/Fonts/NanumGothic.ttf' (4243K)
[2022.03.08-13.38.47:242][  0]LogSlate: Took 0.000488 seconds to synchronously load lazily loaded font '../../../Engine/Content/Editor/Slate/Fonts/FontAwesome.ttf' (139K)
[2022.03.08-13.38.47:244][  0]LogSlate: Took 0.001938 seconds to synchronously load lazily loaded font '../../../Engine/Content/Editor/Slate/Fonts/NanumGothicBold.ttf' (4188K)
[2022.03.08-13.38.47:245][  0]LogSlate: Took 0.000376 seconds to synchronously load lazily loaded font '../../../Engine/Content/Slate/Fonts/Roboto-Bold.ttf' (160K)
[2022.03.08-13.38.47:331][  0]LogRenderer: Reallocating scene render targets to support 940x400 Format 10 NumSamples 1 (Frame:1).
[2022.03.08-13.38.47:366][  0]LogSlate: Took 0.000201 seconds to synchronously load lazily loaded font '../../../Engine/Content/Slate/Fonts/Roboto-Light.ttf' (167K)
[2022.03.08-13.38.47:416][  0]LogNativeClassHierarchy: Verbose: Native class hierarchy updated for 'HierarchicalLODOutliner' in 0.0002 seconds. Added 0 classes and 0 folders.
[2022.03.08-13.38.47:417][  0]LogLoad: (Engine Initialization) Total time: 11.10 seconds
[2022.03.08-13.38.47:417][  0]LogLoad: (Engine Initialization) Total Blueprint compile time: 0.00 seconds
[2022.03.08-13.38.47:556][  0]LogAssetRegistry: Asset discovery search completed in 6.0641 seconds
[2022.03.08-13.38.47:562][  0]LogCollectionManager: Fixed up redirectors for 0 collections in 0.000003 seconds (updated 0 objects)
[2022.03.08-13.38.47:562][  0]LogContentStreaming: Texture pool size now 1000 MB
[2022.03.08-13.38.47:603][  1]LogRenderer: Reallocating scene render targets to support 940x416 Format 10 NumSamples 1 (Frame:2).
[2022.03.08-13.38.48:909][ 74]LogTemp: Repeating last play command: 선택된 뷰포트
[2022.03.08-13.38.48:916][ 74]LogPlayLevel: PlayLevel: No blueprints needed recompiling
