Log file open, 03/07/22 22:06:04
LogWindows: Failed to load 'aqProf.dll' (GetLastError=126)
LogWindows: File 'aqProf.dll' does not exist
LogWindows: Failed to load 'VtuneApi.dll' (GetLastError=126)
LogWindows: File 'VtuneApi.dll' does not exist
LogWindows: Failed to load 'VtuneApi32e.dll' (GetLastError=126)
LogWindows: File 'VtuneApi32e.dll' does not exist
LogConsoleResponse: Display: Failed to find resolution value strings in scalability ini. Falling back to default.
LogConsoleResponse: Display: Failed to find resolution value strings in scalability ini. Falling back to default.
LogInit: Display: Running engine for game: ChattingClient
LogPlatformFile: Not using cached read wrapper
LogTaskGraph: Started task graph with 5 named threads and 35 total threads with 3 sets of task threads.
LogStats: Stats thread started at 0.436886
LogICUInternationalization: ICU TimeZone Detection - Raw Offset: +9:00, Platform Override: ''
LogInit: Display: Loading text-based GConfig....
LogPluginManager: Mounting plugin MeshPainting
LogPluginManager: Mounting plugin XGEController
LogPluginManager: Mounting plugin Paper2D
LogPluginManager: Mounting plugin LightPropagationVolume
LogPluginManager: Mounting plugin AISupport
LogPluginManager: Mounting plugin EnvironmentQueryEditor
LogPluginManager: Mounting plugin LiveLink
LogPluginManager: Mounting plugin CameraShakePreviewer
LogPluginManager: Mounting plugin AnimationSharing
LogPluginManager: Mounting plugin GameplayCameras
LogPluginManager: Mounting plugin CLionSourceCodeAccess
LogPluginManager: Mounting plugin CodeLiteSourceCodeAccess
LogPluginManager: Mounting plugin GitSourceControl
LogPluginManager: Mounting plugin KDevelopSourceCodeAccess
LogPluginManager: Mounting plugin NullSourceCodeAccess
LogPluginManager: Mounting plugin PixWinPlugin
LogPluginManager: Mounting plugin PerforceSourceControl
LogPluginManager: Mounting plugin PluginUtils
LogPluginManager: Mounting plugin PropertyAccessNode
LogPluginManager: Mounting plugin PlasticSourceControl
LogPluginManager: Mounting plugin RiderSourceCodeAccess
LogPluginManager: Mounting plugin SubversionSourceControl
LogPluginManager: Mounting plugin TextureFormatOodle
LogPluginManager: Mounting plugin UObjectPlugin
LogPluginManager: Mounting plugin OodleData
LogPluginManager: Mounting plugin VisualStudioCodeSourceCodeAccess
LogPluginManager: Mounting plugin VisualStudioSourceCodeAccess
LogPluginManager: Mounting plugin XCodeSourceCodeAccess
LogPluginManager: Mounting plugin OodleNetwork
LogPluginManager: Mounting plugin DatasmithContent
LogPluginManager: Mounting plugin VariantManagerContent
LogPluginManager: Mounting plugin AssetManagerEditor
LogPluginManager: Mounting plugin CurveEditorTools
LogPluginManager: Mounting plugin CryptoKeys
LogPluginManager: Mounting plugin GameplayTagsEditor
LogPluginManager: Mounting plugin FacialAnimation
LogPluginManager: Mounting plugin GeometryMode
LogPluginManager: Mounting plugin MacGraphicsSwitching
LogPluginManager: Mounting plugin MaterialAnalyzer
LogPluginManager: Mounting plugin PluginBrowser
LogPluginManager: Mounting plugin MobileLauncherProfileWizard
LogPluginManager: Mounting plugin DataValidation
LogPluginManager: Mounting plugin SpeedTreeImporter
LogPluginManager: Mounting plugin Niagara
LogPluginManager: Mounting plugin AlembicImporter
LogPluginManager: Mounting plugin AutomationUtils
LogPluginManager: Mounting plugin BackChannel
LogPluginManager: Mounting plugin ChaosCloth
LogPluginManager: Mounting plugin ChaosClothEditor
LogPluginManager: Mounting plugin ChaosEditor
LogPluginManager: Mounting plugin ChaosNiagara
LogPluginManager: Mounting plugin ChaosSolverPlugin
LogPluginManager: Mounting plugin CharacterAI
LogPluginManager: Mounting plugin GeometryCache
LogPluginManager: Mounting plugin GeometryCollectionPlugin
LogPluginManager: Mounting plugin LuminPlatformFeatures
LogPluginManager: Mounting plugin MagicLeap
LogPluginManager: Mounting plugin MagicLeapLightEstimation
LogPluginManager: Mounting plugin MagicLeapMedia
LogPluginManager: Mounting plugin MagicLeapPassableWorld
LogPluginManager: Mounting plugin AndroidMedia
LogPluginManager: Mounting plugin MLSDK
LogPluginManager: Mounting plugin AvfMedia
LogPluginManager: Mounting plugin ImgMedia
LogPluginManager: Mounting plugin MediaCompositing
LogPluginManager: Mounting plugin MediaPlayerEditor
LogPluginManager: Mounting plugin ActorSequence
LogPluginManager: Mounting plugin WebMMedia
LogPluginManager: Mounting plugin LevelSequenceEditor
LogPluginManager: Mounting plugin MatineeToLevelSequence
LogPluginManager: Mounting plugin WmfMedia
LogPluginManager: Mounting plugin GeometryProcessing
LogPluginManager: Mounting plugin TemplateSequence
LogPluginManager: Mounting plugin OpenImageDenoise
LogPluginManager: Mounting plugin MotoSynth
LogPluginManager: Mounting plugin PlanarCut
LogPluginManager: Mounting plugin PlatformCrypto
LogPluginManager: Mounting plugin ProxyLODPlugin
LogPluginManager: Mounting plugin PythonScriptPlugin
LogPluginManager: Mounting plugin SkeletalReduction
LogPluginManager: Mounting plugin TcpMessaging
LogPluginManager: Mounting plugin UdpMessaging
LogPluginManager: Mounting plugin OnlineSubsystem
LogPluginManager: Mounting plugin OnlineSubsystemNull
LogPluginManager: Mounting plugin OnlineSubsystemUtils
LogPluginManager: Mounting plugin LauncherChunkInstaller
LogPluginManager: Mounting plugin ActorLayerUtilities
LogPluginManager: Mounting plugin AndroidDeviceProfileSelector
LogPluginManager: Mounting plugin AndroidMoviePlayer
LogPluginManager: Mounting plugin AndroidPermission
LogPluginManager: Mounting plugin AppleImageUtils
LogPluginManager: Mounting plugin AppleMoviePlayer
LogPluginManager: Mounting plugin ArchVisCharacter
LogPluginManager: Mounting plugin AssetTags
LogPluginManager: Mounting plugin AudioCapture
LogPluginManager: Mounting plugin AudioSynesthesia
LogPluginManager: Mounting plugin CableComponent
LogPluginManager: Mounting plugin ChunkDownloader
LogPluginManager: Mounting plugin CustomMeshComponent
LogPluginManager: Mounting plugin EditableMesh
LogPluginManager: Mounting plugin ExampleDeviceProfileSelector
LogPluginManager: Mounting plugin GoogleCloudMessaging
LogPluginManager: Mounting plugin GooglePAD
LogPluginManager: Mounting plugin IOSDeviceProfileSelector
LogPluginManager: Mounting plugin LinuxDeviceProfileSelector
LogPluginManager: Mounting plugin LocationServicesBPLibrary
LogPluginManager: Mounting plugin MobilePatchingUtils
LogPluginManager: Mounting plugin OpenXR
LogPluginManager: Mounting plugin OpenXREyeTracker
LogPluginManager: Mounting plugin OpenXRHandTracking
LogPluginManager: Mounting plugin ScreenshotTools
LogPluginManager: Mounting plugin PhysXVehicles
LogPluginManager: Mounting plugin PostSplashScreen
LogPluginManager: Mounting plugin ProceduralMeshComponent
LogPluginManager: Mounting plugin PropertyAccessEditor
LogPluginManager: Mounting plugin RuntimePhysXCooking
LogPluginManager: Mounting plugin SignificanceManager
LogPluginManager: Mounting plugin SoundFields
LogPluginManager: Mounting plugin Synthesis
LogPluginManager: Mounting plugin WebMMoviePlayer
LogPluginManager: Mounting plugin WindowsMoviePlayer
LogPluginManager: Mounting plugin Takes
LogPluginManager: Mounting plugin ContentBrowserAssetDataSource
LogPluginManager: Mounting plugin ContentBrowserClassDataSource
LogPluginManager: Mounting plugin ContentBrowserFileDataSource
LogPluginManager: Mounting plugin OnlineSubsystemGooglePlay
LogPluginManager: Mounting plugin OnlineSubsystemIOS
LogPluginManager: Mounting plugin OculusVR
LogPluginManager: Mounting plugin SteamVR
PixWinPlugin: PIX capture plugin failed to initialize! Check that the process is launched from PIX.
LogInit: Using libcurl 7.55.1-DEV
LogInit:  - built for x86_64-pc-win32
LogInit:  - supports SSL with OpenSSL/1.1.1
LogInit:  - supports HTTP deflate (compression) using libz 1.2.8
LogInit:  - other features:
LogInit:      CURL_VERSION_SSL
LogInit:      CURL_VERSION_LIBZ
LogInit:      CURL_VERSION_IPV6
LogInit:      CURL_VERSION_ASYNCHDNS
LogInit:      CURL_VERSION_LARGEFILE
LogInit:      CURL_VERSION_IDN
LogInit:  CurlRequestOptions (configurable via config and command line):
LogInit:  - bVerifyPeer = true  - Libcurl will verify peer certificate
LogInit:  - bUseHttpProxy = false  - Libcurl will NOT use HTTP proxy
LogInit:  - bDontReuseConnections = false  - Libcurl will reuse connections
LogInit:  - MaxHostConnections = 16  - Libcurl will limit the number of connections to a host
LogInit:  - LocalHostAddr = Default
LogInit:  - BufferSize = 65536
LogOnline: OSS: Creating online subsystem instance for: NULL
LogInit: WinSock: version 1.1 (2.2), MaxSocks=32767, MaxUdp=65467
LogOnline: OSS: TryLoadSubsystemAndSetDefault: Loaded subsystem for module [NULL]
LogOculusPluginWrapper: OculusPlugin initialized successfully
LogHMD: Failed initializing OVRPlugin 1.59.0
LogInit: Build: ++UE4+Release-4.27-CL-18319896
LogInit: Engine Version: 4.27.2-18319896+++UE4+Release-4.27
LogInit: Compatible Engine Version: 4.27.0-17155196+++UE4+Release-4.27
LogInit: Net CL: 17155196
LogInit: OS: Windows 10 (Release 2009) (), CPU: Intel(R) Core(TM) i7-9750HF CPU @ 2.60GHz, GPU: NVIDIA GeForce GTX 1660 Ti
LogInit: Compiled (64-bit): Nov 30 2021 07:12:08
LogInit: Compiled with Visual C++: 19.24.28315.00
LogInit: Build Configuration: Development
LogInit: Branch Name: ++UE4+Release-4.27
LogInit: Command Line: 
LogInit: Base Directory: C:/EpicGames/UE_4.27/Engine/Binaries/Win64/
LogInit: Allocator: TBB
LogInit: Installed Engine Build: 1
LogDevObjectVersion: Number of dev versions registered: 29
LogDevObjectVersion:   Dev-Blueprints (B0D832E4-1F89-4F0D-ACCF-7EB736FD4AA2): 10
LogDevObjectVersion:   Dev-Build (E1C64328-A22C-4D53-A36C-8E866417BD8C): 0
LogDevObjectVersion:   Dev-Core (375EC13C-06E4-48FB-B500-84F0262A717E): 4
LogDevObjectVersion:   Dev-Editor (E4B068ED-F494-42E9-A231-DA0B2E46BB41): 40
LogDevObjectVersion:   Dev-Framework (CFFC743F-43B0-4480-9391-14DF171D2073): 37
LogDevObjectVersion:   Dev-Mobile (B02B49B5-BB20-44E9-A304-32B752E40360): 3
LogDevObjectVersion:   Dev-Networking (A4E4105C-59A1-49B5-A7C5-40C4547EDFEE): 0
LogDevObjectVersion:   Dev-Online (39C831C9-5AE6-47DC-9A44-9C173E1C8E7C): 0
LogDevObjectVersion:   Dev-Physics (78F01B33-EBEA-4F98-B9B4-84EACCB95AA2): 14
LogDevObjectVersion:   Dev-Platform (6631380F-2D4D-43E0-8009-CF276956A95A): 0
LogDevObjectVersion:   Dev-Rendering (12F88B9F-8875-4AFC-A67C-D90C383ABD29): 45
LogDevObjectVersion:   Dev-Sequencer (7B5AE74C-D270-4C10-A958-57980B212A5A): 13
LogDevObjectVersion:   Dev-VR (D7296918-1DD6-4BDD-9DE2-64A83CC13884): 3
LogDevObjectVersion:   Dev-LoadTimes (C2A15278-BFE7-4AFE-6C17-90FF531DF755): 1
LogDevObjectVersion:   Private-Geometry (6EACA3D4-40EC-4CC1-B786-8BED09428FC5): 3
LogDevObjectVersion:   Dev-AnimPhys (29E575DD-E0A3-4627-9D10-D276232CDCEA): 17
LogDevObjectVersion:   Dev-Anim (AF43A65D-7FD3-4947-9873-3E8ED9C1BB05): 15
LogDevObjectVersion:   Dev-ReflectionCapture (6B266CEC-1EC7-4B8F-A30B-E4D90942FC07): 1
LogDevObjectVersion:   Dev-Automation (0DF73D61-A23F-47EA-B727-89E90C41499A): 1
LogDevObjectVersion:   FortniteMain (601D1886-AC64-4F84-AA16-D3DE0DEAC7D6): 47
LogDevObjectVersion:   FortniteRelease (E7086368-6B23-4C58-8439-1B7016265E91): 1
LogDevObjectVersion:   Dev-Enterprise (9DFFBCD6-494F-0158-E221-12823C92A888): 10
LogDevObjectVersion:   Dev-Niagara (F2AED0AC-9AFE-416F-8664-AA7FFA26D6FC): 1
LogDevObjectVersion:   Dev-Destruction (174F1F0B-B4C6-45A5-B13F-2EE8D0FB917D): 10
LogDevObjectVersion:   Dev-Physics-Ext (35F94A83-E258-406C-A318-09F59610247C): 41
LogDevObjectVersion:   Dev-PhysicsMaterial-Chaos (B68FC16E-8B1B-42E2-B453-215C058844FE): 1
LogDevObjectVersion:   Dev-CineCamera (B2E18506-4273-CFC2-A54E-F4BB758BBA07): 1
LogDevObjectVersion:   Dev-VirtualProduction (64F58936-FD1B-42BA-BA96-7289D5D0FA4E): 1
LogDevObjectVersion:   Dev-MediaFramework (6F0ED827-A609-4895-9C91-998D90180EA4): 2
LogInit: Presizing for max 25165824 objects, including 0 objects not considered by GC, pre-allocating 0 bytes for permanent pool.
LogConfig: Applying CVar settings from Section [/Script/Engine.StreamingSettings] File [D:/Study/ChattingClient/ChattingClient/Saved/Config/Windows/Engine.ini]
LogConfig: Setting CVar [[s.MinBulkDataSizeForAsyncLoading:131072]]
LogConfig: Setting CVar [[s.AsyncLoadingThreadEnabled:0]]
LogConfig: Setting CVar [[s.EventDrivenLoaderEnabled:1]]
LogConfig: Setting CVar [[s.WarnIfTimeLimitExceeded:0]]
LogConfig: Setting CVar [[s.TimeLimitExceededMultiplier:1.5]]
LogConfig: Setting CVar [[s.TimeLimitExceededMinTime:0.005]]
LogConfig: Setting CVar [[s.UseBackgroundLevelStreaming:1]]
LogConfig: Setting CVar [[s.PriorityAsyncLoadingExtraTime:15.0]]
LogConfig: Setting CVar [[s.LevelStreamingActorsUpdateTimeLimit:5.0]]
LogConfig: Setting CVar [[s.PriorityLevelStreamingActorsUpdateExtraTime:5.0]]
LogConfig: Setting CVar [[s.LevelStreamingComponentsRegistrationGranularity:10]]
LogConfig: Setting CVar [[s.UnregisterComponentsTimeLimit:1.0]]
LogConfig: Setting CVar [[s.LevelStreamingComponentsUnregistrationGranularity:5]]
LogConfig: Setting CVar [[s.FlushStreamingOnExit:1]]
LogInit: Object subsystem initialized
LogConfig: Setting CVar [[con.DebugEarlyDefault:1]]
LogConfig: Setting CVar [[r.setres:1280x720]]
[2022.03.07-13.06.05:875][  0]LogConfig: Setting CVar [[r.VSync:0]]
[2022.03.07-13.06.05:875][  0]LogConfig: Setting CVar [[r.RHICmdBypass:0]]
[2022.03.07-13.06.05:875][  0]LogConfig: Applying CVar settings from Section [/Script/Engine.RendererSettings] File [D:/Study/ChattingClient/ChattingClient/Saved/Config/Windows/Engine.ini]
[2022.03.07-13.06.05:875][  0]LogConfig: Setting CVar [[r.GPUCrashDebugging:0]]
[2022.03.07-13.06.05:875][  0]LogConfig: Applying CVar settings from Section [/Script/Engine.RendererOverrideSettings] File [D:/Study/ChattingClient/ChattingClient/Saved/Config/Windows/Engine.ini]
[2022.03.07-13.06.05:875][  0]LogConfig: Applying CVar settings from Section [/Script/Engine.StreamingSettings] File [D:/Study/ChattingClient/ChattingClient/Saved/Config/Windows/Engine.ini]
[2022.03.07-13.06.05:875][  0]LogConfig: Setting CVar [[s.MinBulkDataSizeForAsyncLoading:131072]]
[2022.03.07-13.06.05:875][  0]LogConfig: Setting CVar [[s.AsyncLoadingThreadEnabled:0]]
[2022.03.07-13.06.05:875][  0]LogConfig: Setting CVar [[s.EventDrivenLoaderEnabled:1]]
[2022.03.07-13.06.05:875][  0]LogConfig: Setting CVar [[s.WarnIfTimeLimitExceeded:0]]
[2022.03.07-13.06.05:875][  0]LogConfig: Setting CVar [[s.TimeLimitExceededMultiplier:1.5]]
[2022.03.07-13.06.05:875][  0]LogConfig: Setting CVar [[s.TimeLimitExceededMinTime:0.005]]
[2022.03.07-13.06.05:875][  0]LogConfig: Setting CVar [[s.UseBackgroundLevelStreaming:1]]
[2022.03.07-13.06.05:875][  0]LogConfig: Setting CVar [[s.PriorityAsyncLoadingExtraTime:15.0]]
[2022.03.07-13.06.05:875][  0]LogConfig: Setting CVar [[s.LevelStreamingActorsUpdateTimeLimit:5.0]]
[2022.03.07-13.06.05:875][  0]LogConfig: Setting CVar [[s.PriorityLevelStreamingActorsUpdateExtraTime:5.0]]
[2022.03.07-13.06.05:875][  0]LogConfig: Setting CVar [[s.LevelStreamingComponentsRegistrationGranularity:10]]
[2022.03.07-13.06.05:875][  0]LogConfig: Setting CVar [[s.UnregisterComponentsTimeLimit:1.0]]
[2022.03.07-13.06.05:875][  0]LogConfig: Setting CVar [[s.LevelStreamingComponentsUnregistrationGranularity:5]]
[2022.03.07-13.06.05:875][  0]LogConfig: Setting CVar [[s.FlushStreamingOnExit:1]]
[2022.03.07-13.06.05:875][  0]LogConfig: Applying CVar settings from Section [/Script/Engine.GarbageCollectionSettings] File [D:/Study/ChattingClient/ChattingClient/Saved/Config/Windows/Engine.ini]
[2022.03.07-13.06.05:875][  0]LogConfig: Setting CVar [[gc.MaxObjectsNotConsideredByGC:1]]
[2022.03.07-13.06.05:875][  0]LogConfig: Setting CVar [[gc.SizeOfPermanentObjectPool:0]]
[2022.03.07-13.06.05:875][  0]LogConfig: Setting CVar [[gc.FlushStreamingOnGC:0]]
[2022.03.07-13.06.05:875][  0]LogConfig: Setting CVar [[gc.NumRetriesBeforeForcingGC:10]]
[2022.03.07-13.06.05:875][  0]LogConfig: Setting CVar [[gc.AllowParallelGC:1]]
[2022.03.07-13.06.05:875][  0]LogConfig: Setting CVar [[gc.TimeBetweenPurgingPendingKillObjects:61.1]]
[2022.03.07-13.06.05:875][  0]LogConfig: Setting CVar [[gc.MaxObjectsInEditor:25165824]]
[2022.03.07-13.06.05:875][  0]LogConfig: Setting CVar [[gc.IncrementalBeginDestroyEnabled:1]]
[2022.03.07-13.06.05:875][  0]LogConfig: Setting CVar [[gc.CreateGCClusters:1]]
[2022.03.07-13.06.05:875][  0]LogConfig: Setting CVar [[gc.MinGCClusterSize:5]]
[2022.03.07-13.06.05:875][  0]LogConfig: Setting CVar [[gc.ActorClusteringEnabled:0]]
[2022.03.07-13.06.05:875][  0]LogConfig: Setting CVar [[gc.BlueprintClusteringEnabled:0]]
[2022.03.07-13.06.05:875][  0]LogConfig: Setting CVar [[gc.UseDisregardForGCOnDedicatedServers:0]]
[2022.03.07-13.06.05:875][  0]LogConfig: Setting CVar [[gc.MultithreadedDestructionEnabled:1]]
[2022.03.07-13.06.05:875][  0]LogConfig: Applying CVar settings from Section [/Script/Engine.NetworkSettings] File [D:/Study/ChattingClient/ChattingClient/Saved/Config/Windows/Engine.ini]
[2022.03.07-13.06.05:875][  0]LogConfig: Applying CVar settings from Section [/Script/UnrealEd.CookerSettings] File [D:/Study/ChattingClient/ChattingClient/Saved/Config/Windows/Engine.ini]
[2022.03.07-13.06.05:889][  0]LogConfig: Applying CVar settings from Section [ViewDistanceQuality@3] File [D:/Study/ChattingClient/ChattingClient/Saved/Config/Windows/Scalability.ini]
[2022.03.07-13.06.05:889][  0]LogConfig: Setting CVar [[r.SkeletalMeshLODBias:0]]
[2022.03.07-13.06.05:889][  0]LogConfig: Setting CVar [[r.ViewDistanceScale:1.0]]
[2022.03.07-13.06.05:889][  0]LogConfig: Applying CVar settings from Section [AntiAliasingQuality@3] File [D:/Study/ChattingClient/ChattingClient/Saved/Config/Windows/Scalability.ini]
[2022.03.07-13.06.05:889][  0]LogConfig: Setting CVar [[r.PostProcessAAQuality:4]]
[2022.03.07-13.06.05:889][  0]LogConfig: Applying CVar settings from Section [ShadowQuality@3] File [D:/Study/ChattingClient/ChattingClient/Saved/Config/Windows/Scalability.ini]
[2022.03.07-13.06.05:889][  0]LogConfig: Setting CVar [[r.LightFunctionQuality:1]]
[2022.03.07-13.06.05:889][  0]LogConfig: Setting CVar [[r.ShadowQuality:5]]
[2022.03.07-13.06.05:889][  0]LogConfig: Setting CVar [[r.Shadow.CSM.MaxCascades:10]]
[2022.03.07-13.06.05:889][  0]LogConfig: Setting CVar [[r.Shadow.MaxResolution:2048]]
[2022.03.07-13.06.05:889][  0]LogConfig: Setting CVar [[r.Shadow.MaxCSMResolution:2048]]
[2022.03.07-13.06.05:889][  0]LogConfig: Setting CVar [[r.Shadow.RadiusThreshold:0.01]]
[2022.03.07-13.06.05:889][  0]LogConfig: Setting CVar [[r.Shadow.DistanceScale:1.0]]
[2022.03.07-13.06.05:889][  0]LogConfig: Setting CVar [[r.Shadow.CSM.TransitionScale:1.0]]
[2022.03.07-13.06.05:889][  0]LogConfig: Setting CVar [[r.Shadow.PreShadowResolutionFactor:1.0]]
[2022.03.07-13.06.05:889][  0]LogConfig: Setting CVar [[r.DistanceFieldShadowing:1]]
[2022.03.07-13.06.05:889][  0]LogConfig: Setting CVar [[r.DistanceFieldAO:1]]
[2022.03.07-13.06.05:889][  0]LogConfig: Setting CVar [[r.AOQuality:2]]
[2022.03.07-13.06.05:889][  0]LogConfig: Setting CVar [[r.VolumetricFog:1]]
[2022.03.07-13.06.05:889][  0]LogConfig: Setting CVar [[r.VolumetricFog.GridPixelSize:8]]
[2022.03.07-13.06.05:889][  0]LogConfig: Setting CVar [[r.VolumetricFog.GridSizeZ:128]]
[2022.03.07-13.06.05:889][  0]LogConfig: Setting CVar [[r.VolumetricFog.HistoryMissSupersampleCount:4]]
[2022.03.07-13.06.05:889][  0]LogConfig: Setting CVar [[r.LightMaxDrawDistanceScale:1]]
[2022.03.07-13.06.05:889][  0]LogConfig: Setting CVar [[r.CapsuleShadows:1]]
[2022.03.07-13.06.05:889][  0]LogConfig: Applying CVar settings from Section [PostProcessQuality@3] File [D:/Study/ChattingClient/ChattingClient/Saved/Config/Windows/Scalability.ini]
[2022.03.07-13.06.05:889][  0]LogConfig: Setting CVar [[r.MotionBlurQuality:4]]
[2022.03.07-13.06.05:889][  0]LogConfig: Setting CVar [[r.AmbientOcclusionMipLevelFactor:0.4]]
[2022.03.07-13.06.05:890][  0]LogConfig: Setting CVar [[r.AmbientOcclusionMaxQuality:100]]
[2022.03.07-13.06.05:890][  0]LogConfig: Setting CVar [[r.AmbientOcclusionLevels:-1]]
[2022.03.07-13.06.05:890][  0]LogConfig: Setting CVar [[r.AmbientOcclusionRadiusScale:1.0]]
[2022.03.07-13.06.05:890][  0]LogConfig: Setting CVar [[r.DepthOfFieldQuality:2]]
[2022.03.07-13.06.05:890][  0]LogConfig: Setting CVar [[r.RenderTargetPoolMin:400]]
[2022.03.07-13.06.05:890][  0]LogConfig: Setting CVar [[r.LensFlareQuality:2]]
[2022.03.07-13.06.05:890][  0]LogConfig: Setting CVar [[r.SceneColorFringeQuality:1]]
[2022.03.07-13.06.05:890][  0]LogConfig: Setting CVar [[r.EyeAdaptationQuality:2]]
[2022.03.07-13.06.05:890][  0]LogConfig: Setting CVar [[r.BloomQuality:5]]
[2022.03.07-13.06.05:890][  0]LogConfig: Setting CVar [[r.FastBlurThreshold:100]]
[2022.03.07-13.06.05:890][  0]LogConfig: Setting CVar [[r.Upscale.Quality:3]]
[2022.03.07-13.06.05:890][  0]LogConfig: Setting CVar [[r.Tonemapper.GrainQuantization:1]]
[2022.03.07-13.06.05:890][  0]LogConfig: Setting CVar [[r.LightShaftQuality:1]]
[2022.03.07-13.06.05:890][  0]LogConfig: Setting CVar [[r.Filter.SizeScale:1]]
[2022.03.07-13.06.05:890][  0]LogConfig: Setting CVar [[r.Tonemapper.Quality:5]]
[2022.03.07-13.06.05:890][  0]LogConfig: Setting CVar [[r.DOF.Gather.AccumulatorQuality:1        ; higher gathering accumulator quality]]
[2022.03.07-13.06.05:890][  0]LogConfig: Setting CVar [[r.DOF.Gather.PostfilterMethod:1          ; Median3x3 postfilering method]]
[2022.03.07-13.06.05:890][  0]LogConfig: Setting CVar [[r.DOF.Gather.EnableBokehSettings:0       ; no bokeh simulation when gathering]]
[2022.03.07-13.06.05:890][  0]LogConfig: Setting CVar [[r.DOF.Gather.RingCount:4                 ; medium number of samples when gathering]]
[2022.03.07-13.06.05:890][  0]LogConfig: Setting CVar [[r.DOF.Scatter.ForegroundCompositing:1    ; additive foreground scattering]]
[2022.03.07-13.06.05:890][  0]LogConfig: Setting CVar [[r.DOF.Scatter.BackgroundCompositing:2    ; additive background scattering]]
[2022.03.07-13.06.05:890][  0]LogConfig: Setting CVar [[r.DOF.Scatter.EnableBokehSettings:1      ; bokeh simulation when scattering]]
[2022.03.07-13.06.05:890][  0]LogConfig: Setting CVar [[r.DOF.Scatter.MaxSpriteRatio:0.1         ; only a maximum of 10% of scattered bokeh]]
[2022.03.07-13.06.05:890][  0]LogConfig: Setting CVar [[r.DOF.Recombine.Quality:1                ; cheap slight out of focus]]
[2022.03.07-13.06.05:890][  0]LogConfig: Setting CVar [[r.DOF.Recombine.EnableBokehSettings:0    ; no bokeh simulation on slight out of focus]]
[2022.03.07-13.06.05:890][  0]LogConfig: Setting CVar [[r.DOF.TemporalAAQuality:1                ; more stable temporal accumulation]]
[2022.03.07-13.06.05:890][  0]LogConfig: Setting CVar [[r.DOF.Kernel.MaxForegroundRadius:0.025]]
[2022.03.07-13.06.05:890][  0]LogConfig: Setting CVar [[r.DOF.Kernel.MaxBackgroundRadius:0.025]]
[2022.03.07-13.06.05:890][  0]LogConfig: Applying CVar settings from Section [TextureQuality@3] File [D:/Study/ChattingClient/ChattingClient/Saved/Config/Windows/Scalability.ini]
[2022.03.07-13.06.05:890][  0]LogConfig: Setting CVar [[r.Streaming.MipBias:0]]
[2022.03.07-13.06.05:890][  0]LogConfig: Setting CVar [[r.Streaming.AmortizeCPUToGPUCopy:0]]
[2022.03.07-13.06.05:890][  0]LogConfig: Setting CVar [[r.Streaming.MaxNumTexturesToStreamPerFrame:0]]
[2022.03.07-13.06.05:890][  0]LogConfig: Setting CVar [[r.Streaming.Boost:1]]
[2022.03.07-13.06.05:890][  0]LogConfig: Setting CVar [[r.MaxAnisotropy:8]]
[2022.03.07-13.06.05:890][  0]LogConfig: Setting CVar [[r.VT.MaxAnisotropy:8]]
[2022.03.07-13.06.05:890][  0]LogConfig: Setting CVar [[r.Streaming.LimitPoolSizeToVRAM:0]]
[2022.03.07-13.06.05:890][  0]LogConfig: Setting CVar [[r.Streaming.PoolSize:1000]]
[2022.03.07-13.06.05:890][  0]LogConfig: Setting CVar [[r.Streaming.MaxEffectiveScreenSize:0]]
[2022.03.07-13.06.05:890][  0]LogConfig: Applying CVar settings from Section [EffectsQuality@3] File [D:/Study/ChattingClient/ChattingClient/Saved/Config/Windows/Scalability.ini]
[2022.03.07-13.06.05:890][  0]LogConfig: Setting CVar [[r.TranslucencyLightingVolumeDim:64]]
[2022.03.07-13.06.05:890][  0]LogConfig: Setting CVar [[r.RefractionQuality:2]]
[2022.03.07-13.06.05:890][  0]LogConfig: Setting CVar [[r.SSR.Quality:3]]
[2022.03.07-13.06.05:890][  0]LogConfig: Setting CVar [[r.SSR.HalfResSceneColor:0]]
[2022.03.07-13.06.05:890][  0]LogConfig: Setting CVar [[r.SceneColorFormat:4]]
[2022.03.07-13.06.05:890][  0]LogConfig: Setting CVar [[r.DetailMode:2]]
[2022.03.07-13.06.05:890][  0]LogConfig: Setting CVar [[r.TranslucencyVolumeBlur:1]]
[2022.03.07-13.06.05:890][  0]LogConfig: Setting CVar [[r.MaterialQualityLevel:1 ; High quality]]
[2022.03.07-13.06.05:890][  0]LogConfig: Setting CVar [[r.AnisotropicMaterials:1]]
[2022.03.07-13.06.05:890][  0]LogConfig: Setting CVar [[r.SSS.Scale:1]]
[2022.03.07-13.06.05:890][  0]LogConfig: Setting CVar [[r.SSS.SampleSet:2]]
[2022.03.07-13.06.05:890][  0]LogConfig: Setting CVar [[r.SSS.Quality:1]]
[2022.03.07-13.06.05:890][  0]LogConfig: Setting CVar [[r.SSS.HalfRes:0]]
[2022.03.07-13.06.05:890][  0]LogConfig: Setting CVar [[r.SSGI.Quality:3]]
[2022.03.07-13.06.05:890][  0]LogConfig: Setting CVar [[r.EmitterSpawnRateScale:1.0]]
[2022.03.07-13.06.05:890][  0]LogConfig: Setting CVar [[r.ParticleLightQuality:2]]
[2022.03.07-13.06.05:890][  0]LogConfig: Setting CVar [[r.SkyAtmosphere.AerialPerspectiveLUT.FastApplyOnOpaque:1 ; Always have FastSkyLUT 1 in this case to avoid wrong sky]]
[2022.03.07-13.06.05:890][  0]LogConfig: Setting CVar [[r.SkyAtmosphere.AerialPerspectiveLUT.SampleCountMaxPerSlice:4]]
[2022.03.07-13.06.05:890][  0]LogConfig: Setting CVar [[r.SkyAtmosphere.AerialPerspectiveLUT.DepthResolution:16.0]]
[2022.03.07-13.06.05:890][  0]LogConfig: Setting CVar [[r.SkyAtmosphere.FastSkyLUT:1]]
[2022.03.07-13.06.05:890][  0]LogConfig: Setting CVar [[r.SkyAtmosphere.FastSkyLUT.SampleCountMin:4.0]]
[2022.03.07-13.06.05:890][  0]LogConfig: Setting CVar [[r.SkyAtmosphere.FastSkyLUT.SampleCountMax:128.0]]
[2022.03.07-13.06.05:890][  0]LogConfig: Setting CVar [[r.SkyAtmosphere.SampleCountMin:4.0]]
[2022.03.07-13.06.05:890][  0]LogConfig: Setting CVar [[r.SkyAtmosphere.SampleCountMax:128.0]]
[2022.03.07-13.06.05:890][  0]LogConfig: Setting CVar [[r.SkyAtmosphere.TransmittanceLUT.UseSmallFormat:0]]
[2022.03.07-13.06.05:890][  0]LogConfig: Setting CVar [[r.SkyAtmosphere.TransmittanceLUT.SampleCount:10.0]]
[2022.03.07-13.06.05:890][  0]LogConfig: Setting CVar [[r.SkyAtmosphere.MultiScatteringLUT.SampleCount:15.0]]
[2022.03.07-13.06.05:890][  0]LogConfig: Setting CVar [[r.SkyLight.RealTimeReflectionCapture:1]]
[2022.03.07-13.06.05:890][  0]LogConfig: Applying CVar settings from Section [FoliageQuality@3] File [D:/Study/ChattingClient/ChattingClient/Saved/Config/Windows/Scalability.ini]
[2022.03.07-13.06.05:890][  0]LogConfig: Setting CVar [[foliage.DensityScale:1.0]]
[2022.03.07-13.06.05:890][  0]LogConfig: Setting CVar [[grass.DensityScale:1.0]]
[2022.03.07-13.06.05:890][  0]LogConfig: Applying CVar settings from Section [ShadingQuality@3] File [D:/Study/ChattingClient/ChattingClient/Saved/Config/Windows/Scalability.ini]
[2022.03.07-13.06.05:890][  0]LogConfig: Setting CVar [[r.HairStrands.SkyLighting.IntegrationType:2]]
[2022.03.07-13.06.05:890][  0]LogConfig: Setting CVar [[r.HairStrands.SkyAO.SampleCount:4]]
[2022.03.07-13.06.05:890][  0]LogConfig: Setting CVar [[r.HairStrands.Visibility.MSAA.SamplePerPixel:4]]
[2022.03.07-13.06.05:890][  0]LogInit: Selected Device Profile: [Windows]
[2022.03.07-13.06.05:890][  0]LogInit: Applying CVar settings loaded from the selected device profile: [Windows]
[2022.03.07-13.06.05:891][  0]LogHAL: Display: Platform has ~ 16 GB [17096134656 / 17179869184 / 16], which maps to Larger [LargestMinGB=32, LargerMinGB=12, DefaultMinGB=8, SmallerMinGB=6, SmallestMinGB=0)
[2022.03.07-13.06.05:891][  0]LogInit: Going up to parent DeviceProfile []
[2022.03.07-13.06.05:891][  0]LogConfig: Applying CVar settings from Section [ViewDistanceQuality@3] File [D:/Study/ChattingClient/ChattingClient/Saved/Config/Windows/Scalability.ini]
[2022.03.07-13.06.05:891][  0]LogConfig: Setting CVar [[r.SkeletalMeshLODBias:0]]
[2022.03.07-13.06.05:891][  0]LogConfig: Setting CVar [[r.ViewDistanceScale:1.0]]
[2022.03.07-13.06.05:891][  0]LogConfig: Applying CVar settings from Section [AntiAliasingQuality@3] File [D:/Study/ChattingClient/ChattingClient/Saved/Config/Windows/Scalability.ini]
[2022.03.07-13.06.05:891][  0]LogConfig: Setting CVar [[r.PostProcessAAQuality:4]]
[2022.03.07-13.06.05:891][  0]LogConfig: Applying CVar settings from Section [ShadowQuality@3] File [D:/Study/ChattingClient/ChattingClient/Saved/Config/Windows/Scalability.ini]
[2022.03.07-13.06.05:891][  0]LogConfig: Setting CVar [[r.LightFunctionQuality:1]]
[2022.03.07-13.06.05:891][  0]LogConfig: Setting CVar [[r.ShadowQuality:5]]
[2022.03.07-13.06.05:891][  0]LogConfig: Setting CVar [[r.Shadow.CSM.MaxCascades:10]]
[2022.03.07-13.06.05:891][  0]LogConfig: Setting CVar [[r.Shadow.MaxResolution:2048]]
[2022.03.07-13.06.05:891][  0]LogConfig: Setting CVar [[r.Shadow.MaxCSMResolution:2048]]
[2022.03.07-13.06.05:891][  0]LogConfig: Setting CVar [[r.Shadow.RadiusThreshold:0.01]]
[2022.03.07-13.06.05:891][  0]LogConfig: Setting CVar [[r.Shadow.DistanceScale:1.0]]
[2022.03.07-13.06.05:891][  0]LogConfig: Setting CVar [[r.Shadow.CSM.TransitionScale:1.0]]
[2022.03.07-13.06.05:891][  0]LogConfig: Setting CVar [[r.Shadow.PreShadowResolutionFactor:1.0]]
[2022.03.07-13.06.05:891][  0]LogConfig: Setting CVar [[r.DistanceFieldShadowing:1]]
[2022.03.07-13.06.05:891][  0]LogConfig: Setting CVar [[r.DistanceFieldAO:1]]
[2022.03.07-13.06.05:891][  0]LogConfig: Setting CVar [[r.AOQuality:2]]
[2022.03.07-13.06.05:891][  0]LogConfig: Setting CVar [[r.VolumetricFog:1]]
[2022.03.07-13.06.05:891][  0]LogConfig: Setting CVar [[r.VolumetricFog.GridPixelSize:8]]
[2022.03.07-13.06.05:891][  0]LogConfig: Setting CVar [[r.VolumetricFog.GridSizeZ:128]]
[2022.03.07-13.06.05:891][  0]LogConfig: Setting CVar [[r.VolumetricFog.HistoryMissSupersampleCount:4]]
[2022.03.07-13.06.05:891][  0]LogConfig: Setting CVar [[r.LightMaxDrawDistanceScale:1]]
[2022.03.07-13.06.05:891][  0]LogConfig: Setting CVar [[r.CapsuleShadows:1]]
[2022.03.07-13.06.05:891][  0]LogConfig: Applying CVar settings from Section [PostProcessQuality@3] File [D:/Study/ChattingClient/ChattingClient/Saved/Config/Windows/Scalability.ini]
[2022.03.07-13.06.05:891][  0]LogConfig: Setting CVar [[r.MotionBlurQuality:4]]
[2022.03.07-13.06.05:891][  0]LogConfig: Setting CVar [[r.AmbientOcclusionMipLevelFactor:0.4]]
[2022.03.07-13.06.05:891][  0]LogConfig: Setting CVar [[r.AmbientOcclusionMaxQuality:100]]
[2022.03.07-13.06.05:891][  0]LogConfig: Setting CVar [[r.AmbientOcclusionLevels:-1]]
[2022.03.07-13.06.05:891][  0]LogConfig: Setting CVar [[r.AmbientOcclusionRadiusScale:1.0]]
[2022.03.07-13.06.05:891][  0]LogConfig: Setting CVar [[r.DepthOfFieldQuality:2]]
[2022.03.07-13.06.05:891][  0]LogConfig: Setting CVar [[r.RenderTargetPoolMin:400]]
[2022.03.07-13.06.05:891][  0]LogConfig: Setting CVar [[r.LensFlareQuality:2]]
[2022.03.07-13.06.05:891][  0]LogConfig: Setting CVar [[r.SceneColorFringeQuality:1]]
[2022.03.07-13.06.05:891][  0]LogConfig: Setting CVar [[r.EyeAdaptationQuality:2]]
[2022.03.07-13.06.05:891][  0]LogConfig: Setting CVar [[r.BloomQuality:5]]
[2022.03.07-13.06.05:891][  0]LogConfig: Setting CVar [[r.FastBlurThreshold:100]]
[2022.03.07-13.06.05:891][  0]LogConfig: Setting CVar [[r.Upscale.Quality:3]]
[2022.03.07-13.06.05:891][  0]LogConfig: Setting CVar [[r.Tonemapper.GrainQuantization:1]]
[2022.03.07-13.06.05:891][  0]LogConfig: Setting CVar [[r.LightShaftQuality:1]]
[2022.03.07-13.06.05:891][  0]LogConfig: Setting CVar [[r.Filter.SizeScale:1]]
[2022.03.07-13.06.05:891][  0]LogConfig: Setting CVar [[r.Tonemapper.Quality:5]]
[2022.03.07-13.06.05:891][  0]LogConfig: Setting CVar [[r.DOF.Gather.AccumulatorQuality:1        ; higher gathering accumulator quality]]
[2022.03.07-13.06.05:891][  0]LogConfig: Setting CVar [[r.DOF.Gather.PostfilterMethod:1          ; Median3x3 postfilering method]]
[2022.03.07-13.06.05:891][  0]LogConfig: Setting CVar [[r.DOF.Gather.EnableBokehSettings:0       ; no bokeh simulation when gathering]]
[2022.03.07-13.06.05:891][  0]LogConfig: Setting CVar [[r.DOF.Gather.RingCount:4                 ; medium number of samples when gathering]]
[2022.03.07-13.06.05:891][  0]LogConfig: Setting CVar [[r.DOF.Scatter.ForegroundCompositing:1    ; additive foreground scattering]]
[2022.03.07-13.06.05:891][  0]LogConfig: Setting CVar [[r.DOF.Scatter.BackgroundCompositing:2    ; additive background scattering]]
[2022.03.07-13.06.05:891][  0]LogConfig: Setting CVar [[r.DOF.Scatter.EnableBokehSettings:1      ; bokeh simulation when scattering]]
[2022.03.07-13.06.05:891][  0]LogConfig: Setting CVar [[r.DOF.Scatter.MaxSpriteRatio:0.1         ; only a maximum of 10% of scattered bokeh]]
[2022.03.07-13.06.05:891][  0]LogConfig: Setting CVar [[r.DOF.Recombine.Quality:1                ; cheap slight out of focus]]
[2022.03.07-13.06.05:891][  0]LogConfig: Setting CVar [[r.DOF.Recombine.EnableBokehSettings:0    ; no bokeh simulation on slight out of focus]]
[2022.03.07-13.06.05:891][  0]LogConfig: Setting CVar [[r.DOF.TemporalAAQuality:1                ; more stable temporal accumulation]]
[2022.03.07-13.06.05:891][  0]LogConfig: Setting CVar [[r.DOF.Kernel.MaxForegroundRadius:0.025]]
[2022.03.07-13.06.05:891][  0]LogConfig: Setting CVar [[r.DOF.Kernel.MaxBackgroundRadius:0.025]]
[2022.03.07-13.06.05:891][  0]LogConfig: Applying CVar settings from Section [TextureQuality@3] File [D:/Study/ChattingClient/ChattingClient/Saved/Config/Windows/Scalability.ini]
[2022.03.07-13.06.05:891][  0]LogConfig: Setting CVar [[r.Streaming.MipBias:0]]
[2022.03.07-13.06.05:891][  0]LogConfig: Setting CVar [[r.Streaming.AmortizeCPUToGPUCopy:0]]
[2022.03.07-13.06.05:891][  0]LogConfig: Setting CVar [[r.Streaming.MaxNumTexturesToStreamPerFrame:0]]
[2022.03.07-13.06.05:891][  0]LogConfig: Setting CVar [[r.Streaming.Boost:1]]
[2022.03.07-13.06.05:891][  0]LogConfig: Setting CVar [[r.MaxAnisotropy:8]]
[2022.03.07-13.06.05:891][  0]LogConfig: Setting CVar [[r.VT.MaxAnisotropy:8]]
[2022.03.07-13.06.05:891][  0]LogConfig: Setting CVar [[r.Streaming.LimitPoolSizeToVRAM:0]]
[2022.03.07-13.06.05:891][  0]LogConfig: Setting CVar [[r.Streaming.PoolSize:1000]]
[2022.03.07-13.06.05:891][  0]LogConfig: Setting CVar [[r.Streaming.MaxEffectiveScreenSize:0]]
[2022.03.07-13.06.05:892][  0]LogConfig: Applying CVar settings from Section [EffectsQuality@3] File [D:/Study/ChattingClient/ChattingClient/Saved/Config/Windows/Scalability.ini]
[2022.03.07-13.06.05:892][  0]LogConfig: Setting CVar [[r.TranslucencyLightingVolumeDim:64]]
[2022.03.07-13.06.05:892][  0]LogConfig: Setting CVar [[r.RefractionQuality:2]]
[2022.03.07-13.06.05:892][  0]LogConfig: Setting CVar [[r.SSR.Quality:3]]
[2022.03.07-13.06.05:892][  0]LogConfig: Setting CVar [[r.SSR.HalfResSceneColor:0]]
[2022.03.07-13.06.05:892][  0]LogConfig: Setting CVar [[r.SceneColorFormat:4]]
[2022.03.07-13.06.05:892][  0]LogConfig: Setting CVar [[r.DetailMode:2]]
[2022.03.07-13.06.05:892][  0]LogConfig: Setting CVar [[r.TranslucencyVolumeBlur:1]]
[2022.03.07-13.06.05:892][  0]LogConfig: Setting CVar [[r.MaterialQualityLevel:1 ; High quality]]
[2022.03.07-13.06.05:892][  0]LogConfig: Setting CVar [[r.AnisotropicMaterials:1]]
[2022.03.07-13.06.05:892][  0]LogConfig: Setting CVar [[r.SSS.Scale:1]]
[2022.03.07-13.06.05:892][  0]LogConfig: Setting CVar [[r.SSS.SampleSet:2]]
[2022.03.07-13.06.05:892][  0]LogConfig: Setting CVar [[r.SSS.Quality:1]]
[2022.03.07-13.06.05:892][  0]LogConfig: Setting CVar [[r.SSS.HalfRes:0]]
[2022.03.07-13.06.05:892][  0]LogConfig: Setting CVar [[r.SSGI.Quality:3]]
[2022.03.07-13.06.05:892][  0]LogConfig: Setting CVar [[r.EmitterSpawnRateScale:1.0]]
[2022.03.07-13.06.05:892][  0]LogConfig: Setting CVar [[r.ParticleLightQuality:2]]
[2022.03.07-13.06.05:892][  0]LogConfig: Setting CVar [[r.SkyAtmosphere.AerialPerspectiveLUT.FastApplyOnOpaque:1 ; Always have FastSkyLUT 1 in this case to avoid wrong sky]]
[2022.03.07-13.06.05:892][  0]LogConfig: Setting CVar [[r.SkyAtmosphere.AerialPerspectiveLUT.SampleCountMaxPerSlice:4]]
[2022.03.07-13.06.05:892][  0]LogConfig: Setting CVar [[r.SkyAtmosphere.AerialPerspectiveLUT.DepthResolution:16.0]]
[2022.03.07-13.06.05:892][  0]LogConfig: Setting CVar [[r.SkyAtmosphere.FastSkyLUT:1]]
[2022.03.07-13.06.05:892][  0]LogConfig: Setting CVar [[r.SkyAtmosphere.FastSkyLUT.SampleCountMin:4.0]]
[2022.03.07-13.06.05:892][  0]LogConfig: Setting CVar [[r.SkyAtmosphere.FastSkyLUT.SampleCountMax:128.0]]
[2022.03.07-13.06.05:892][  0]LogConfig: Setting CVar [[r.SkyAtmosphere.SampleCountMin:4.0]]
[2022.03.07-13.06.05:892][  0]LogConfig: Setting CVar [[r.SkyAtmosphere.SampleCountMax:128.0]]
[2022.03.07-13.06.05:892][  0]LogConfig: Setting CVar [[r.SkyAtmosphere.TransmittanceLUT.UseSmallFormat:0]]
[2022.03.07-13.06.05:892][  0]LogConfig: Setting CVar [[r.SkyAtmosphere.TransmittanceLUT.SampleCount:10.0]]
[2022.03.07-13.06.05:892][  0]LogConfig: Setting CVar [[r.SkyAtmosphere.MultiScatteringLUT.SampleCount:15.0]]
[2022.03.07-13.06.05:892][  0]LogConfig: Setting CVar [[r.SkyLight.RealTimeReflectionCapture:1]]
[2022.03.07-13.06.05:892][  0]LogConfig: Applying CVar settings from Section [FoliageQuality@3] File [D:/Study/ChattingClient/ChattingClient/Saved/Config/Windows/Scalability.ini]
[2022.03.07-13.06.05:892][  0]LogConfig: Setting CVar [[foliage.DensityScale:1.0]]
[2022.03.07-13.06.05:892][  0]LogConfig: Setting CVar [[grass.DensityScale:1.0]]
[2022.03.07-13.06.05:892][  0]LogConfig: Applying CVar settings from Section [ShadingQuality@3] File [D:/Study/ChattingClient/ChattingClient/Saved/Config/Windows/Scalability.ini]
[2022.03.07-13.06.05:892][  0]LogConfig: Setting CVar [[r.HairStrands.SkyLighting.IntegrationType:2]]
[2022.03.07-13.06.05:892][  0]LogConfig: Setting CVar [[r.HairStrands.SkyAO.SampleCount:4]]
[2022.03.07-13.06.05:892][  0]LogConfig: Setting CVar [[r.HairStrands.Visibility.MSAA.SamplePerPixel:4]]
[2022.03.07-13.06.05:892][  0]LogConfig: Applying CVar settings from Section [Startup] File [../../../Engine/Config/ConsoleVariables.ini]
[2022.03.07-13.06.05:892][  0]LogConfig: Setting CVar [[net.UseAdaptiveNetUpdateFrequency:0]]
[2022.03.07-13.06.05:892][  0]LogConfig: Setting CVar [[p.chaos.AllowCreatePhysxBodies:1]]
[2022.03.07-13.06.05:892][  0]LogConfig: Setting CVar [[fx.SkipVectorVMBackendOptimizations:1]]
[2022.03.07-13.06.05:892][  0]LogConfig: Applying CVar settings from Section [ConsoleVariables] File [D:/Study/ChattingClient/ChattingClient/Saved/Config/Windows/Engine.ini]
[2022.03.07-13.06.05:892][  0]LogConfig: Applying CVar settings from Section [ConsoleVariables] File [D:/Study/ChattingClient/ChattingClient/Saved/Config/Windows/Editor.ini]
[2022.03.07-13.06.05:892][  0]LogInit: Computer: DESKTOP-JG03A40
[2022.03.07-13.06.05:892][  0]LogInit: User: lenovo
[2022.03.07-13.06.05:892][  0]LogInit: CPU Page size=4096, Cores=6
[2022.03.07-13.06.05:892][  0]LogInit: High frequency timer resolution =10.000000 MHz
[2022.03.07-13.06.05:892][  0]LogMemory: Memory total: Physical=15.9GB (16GB approx)
[2022.03.07-13.06.05:892][  0]LogMemory: Platform Memory Stats for Windows
[2022.03.07-13.06.05:892][  0]LogMemory: Process Physical Memory: 148.79 MB used, 148.79 MB peak
[2022.03.07-13.06.05:892][  0]LogMemory: Process Virtual Memory: 126.39 MB used, 126.39 MB peak
[2022.03.07-13.06.05:892][  0]LogMemory: Physical Memory: 11735.18 MB used,  4568.96 MB free, 16304.14 MB total
[2022.03.07-13.06.05:892][  0]LogMemory: Virtual Memory: 134206576.00 MB used,  11153.10 MB free, 134217728.00 MB total
[2022.03.07-13.06.05:904][  0]LogWindows: WindowsPlatformFeatures enabled
[2022.03.07-13.06.06:050][  0]LogInit: Physics initialised using underlying interface: PhysX
[2022.03.07-13.06.06:052][  0]LogInit: Using OS detected language (ko-KR).
[2022.03.07-13.06.06:052][  0]LogInit: Using OS detected locale (ko-KR).
[2022.03.07-13.06.06:071][  0]LogTextLocalizationManager: No specific localization for 'ko-KR' exists, so the 'ko' localization will be used.
[2022.03.07-13.06.06:343][  0]LogInit: Setting process to per monitor DPI aware
[2022.03.07-13.06.06:382][  0]LogWindowsTextInputMethodSystem: Display: IME system deactivated.
[2022.03.07-13.06.06:447][  0]LogSlate: New Slate User Created.  User Index 0, Is Virtual User: 0
[2022.03.07-13.06.06:447][  0]LogSlate: Slate User Registered.  User Index 0, Is Virtual User: 0
[2022.03.07-13.06.08:587][  0]LogD3D11RHI: Loaded GFSDK_Aftermath_Lib.x64.dll
[2022.03.07-13.06.08:592][  0]LogHMD: Failed to initialize OpenVR with code 110
[2022.03.07-13.06.08:592][  0]LogD3D11RHI: D3D11 min allowed feature level: 11_0
[2022.03.07-13.06.08:592][  0]LogD3D11RHI: D3D11 max allowed feature level: 11_0
[2022.03.07-13.06.08:592][  0]LogD3D11RHI: D3D11 adapters:
[2022.03.07-13.06.08:717][  0]LogD3D11RHI:    0. 'NVIDIA GeForce GTX 1660 Ti' (Feature Level 11_0)
[2022.03.07-13.06.08:718][  0]LogD3D11RHI:       5991/0/8152 MB DedicatedVideo/DedicatedSystem/SharedSystem, Outputs:1, VendorId:0x10de
[2022.03.07-13.06.08:722][  0]LogD3D11RHI:    1. 'Microsoft Basic Render Driver' (Feature Level 11_0)
[2022.03.07-13.06.08:722][  0]LogD3D11RHI:       0/0/8152 MB DedicatedVideo/DedicatedSystem/SharedSystem, Outputs:0, VendorId:0x1414
[2022.03.07-13.06.08:722][  0]LogD3D11RHI: Chosen D3D11 Adapter:
[2022.03.07-13.06.08:722][  0]LogD3D11RHI:     Description : NVIDIA GeForce GTX 1660 Ti
[2022.03.07-13.06.08:722][  0]LogD3D11RHI:     VendorId    : 10de
[2022.03.07-13.06.08:722][  0]LogD3D11RHI:     DeviceId    : 2191
[2022.03.07-13.06.08:722][  0]LogD3D11RHI:     SubSysId    : 3ffc17aa
[2022.03.07-13.06.08:722][  0]LogD3D11RHI:     Revision    : 00a1
[2022.03.07-13.06.08:722][  0]LogD3D11RHI:     DedicatedVideoMemory : 6282018816 bytes
[2022.03.07-13.06.08:722][  0]LogD3D11RHI:     DedicatedSystemMemory : 0 bytes
[2022.03.07-13.06.08:722][  0]LogD3D11RHI:     SharedSystemMemory : 8548067328 bytes
[2022.03.07-13.06.08:722][  0]LogD3D11RHI:     AdapterLuid : 0 73101
[2022.03.07-13.06.08:727][  0]LogD3D11RHI: Creating new Direct3DDevice
[2022.03.07-13.06.08:727][  0]LogD3D11RHI:     GPU DeviceId: 0x2191 (for the marketing name, search the web for "GPU Device Id")
[2022.03.07-13.06.08:727][  0]LogWindows: EnumDisplayDevices:
[2022.03.07-13.06.08:728][  0]LogWindows:    0. 'NVIDIA GeForce GTX 1660 Ti' (P:1 D:1)
[2022.03.07-13.06.08:729][  0]LogWindows:    1. 'NVIDIA GeForce GTX 1660 Ti' (P:0 D:0)
[2022.03.07-13.06.08:729][  0]LogWindows:    2. 'NVIDIA GeForce GTX 1660 Ti' (P:0 D:0)
[2022.03.07-13.06.08:730][  0]LogWindows:    3. 'NVIDIA GeForce GTX 1660 Ti' (P:0 D:0)
[2022.03.07-13.06.08:731][  0]LogWindows: DebugString: FoundDriverCount:4 
[2022.03.07-13.06.08:731][  0]LogD3D11RHI:     Adapter Name: NVIDIA GeForce GTX 1660 Ti
[2022.03.07-13.06.08:731][  0]LogD3D11RHI:   Driver Version: 471.41 (internal:30.0.14.7141, unified:471.41)
[2022.03.07-13.06.08:731][  0]LogD3D11RHI:      Driver Date: 7-12-2021
[2022.03.07-13.06.08:731][  0]LogRHI: Texture pool is 4193 MB (70% of 5991 MB)
[2022.03.07-13.06.08:731][  0]LogD3D11RHI: Creating D3DDevice using adapter:
[2022.03.07-13.06.08:731][  0]LogD3D11RHI:     Description : NVIDIA GeForce GTX 1660 Ti
[2022.03.07-13.06.08:731][  0]LogD3D11RHI:     VendorId    : 10de
[2022.03.07-13.06.08:731][  0]LogD3D11RHI:     DeviceId    : 2191
[2022.03.07-13.06.08:731][  0]LogD3D11RHI:     SubSysId    : 3ffc17aa
[2022.03.07-13.06.08:731][  0]LogD3D11RHI:     Revision    : 00a1
[2022.03.07-13.06.08:731][  0]LogD3D11RHI:     DedicatedVideoMemory : 6282018816 bytes
[2022.03.07-13.06.08:731][  0]LogD3D11RHI:     DedicatedSystemMemory : 0 bytes
[2022.03.07-13.06.08:731][  0]LogD3D11RHI:     SharedSystemMemory : 8548067328 bytes
[2022.03.07-13.06.08:731][  0]LogD3D11RHI:     AdapterLuid : 0 73101
[2022.03.07-13.06.08:810][  0]LogD3D11RHI: RHI has support for 64 bit atomics
[2022.03.07-13.06.08:810][  0]LogD3D11RHI: Async texture creation enabled
[2022.03.07-13.06.08:810][  0]LogD3D11RHI: Array index from any shader is supported
[2022.03.07-13.06.08:848][  0]LogD3D11RHI: GPU Timing Frequency: 1000.000000 (Debug: 2 1)
[2022.03.07-13.06.08:940][  0]LogRHI: GeForceNow SDK initialized: 1
[2022.03.07-13.06.09:385][  0]LogTargetPlatformManager: Display: Loaded TargetPlatform 'AllDesktop'
[2022.03.07-13.06.09:405][  0]LogTargetPlatformManager: Display: Loaded TargetPlatform 'Android'
[2022.03.07-13.06.09:405][  0]LogTargetPlatformManager: Display: Loaded TargetPlatform 'Android_ASTC'
[2022.03.07-13.06.09:405][  0]LogTargetPlatformManager: Display: Loaded TargetPlatform 'Android_DXT'
[2022.03.07-13.06.09:405][  0]LogTargetPlatformManager: Display: Loaded TargetPlatform 'Android_ETC2'
[2022.03.07-13.06.09:405][  0]LogTargetPlatformManager: Display: Loaded TargetPlatform 'AndroidClient'
[2022.03.07-13.06.09:405][  0]LogTargetPlatformManager: Display: Loaded TargetPlatform 'Android_ASTCClient'
[2022.03.07-13.06.09:405][  0]LogTargetPlatformManager: Display: Loaded TargetPlatform 'Android_DXTClient'
[2022.03.07-13.06.09:405][  0]LogTargetPlatformManager: Display: Loaded TargetPlatform 'Android_ETC2Client'
[2022.03.07-13.06.09:405][  0]LogTargetPlatformManager: Display: Loaded TargetPlatform 'Android_Multi'
[2022.03.07-13.06.09:405][  0]LogTargetPlatformManager: Display: Loaded TargetPlatform 'Android_MultiClient'
[2022.03.07-13.06.09:429][  0]LogTargetPlatformManager: Display: Loaded TargetPlatform 'IOSClient'
[2022.03.07-13.06.09:429][  0]LogTargetPlatformManager: Display: Loaded TargetPlatform 'IOS'
[2022.03.07-13.06.09:446][  0]LogTargetPlatformManager: Display: Loaded TargetPlatform 'Linux'
[2022.03.07-13.06.09:452][  0]LogTargetPlatformManager: Display: Loaded TargetPlatform 'LinuxNoEditor'
[2022.03.07-13.06.09:458][  0]LogTargetPlatformManager: Display: Loaded TargetPlatform 'LinuxClient'
[2022.03.07-13.06.09:463][  0]LogTargetPlatformManager: Display: Loaded TargetPlatform 'LinuxServer'
[2022.03.07-13.06.09:477][  0]LogTargetPlatformManager: Display: Loaded TargetPlatform 'LinuxAArch64NoEditor'
[2022.03.07-13.06.09:484][  0]LogTargetPlatformManager: Display: Loaded TargetPlatform 'LinuxAArch64Client'
[2022.03.07-13.06.09:490][  0]LogTargetPlatformManager: Display: Loaded TargetPlatform 'LinuxAArch64Server'
[2022.03.07-13.06.09:517][  0]LogTargetPlatformManager: Display: Loaded TargetPlatform 'Lumin'
[2022.03.07-13.06.09:517][  0]LogTargetPlatformManager: Display: Loaded TargetPlatform 'LuminClient'
[2022.03.07-13.06.09:533][  0]LogTargetPlatformManager: Display: Loaded TargetPlatform 'MacNoEditor'
[2022.03.07-13.06.09:539][  0]LogTargetPlatformManager: Display: Loaded TargetPlatform 'Mac'
[2022.03.07-13.06.09:545][  0]LogTargetPlatformManager: Display: Loaded TargetPlatform 'MacClient'
[2022.03.07-13.06.09:550][  0]LogTargetPlatformManager: Display: Loaded TargetPlatform 'MacServer'
[2022.03.07-13.06.09:561][  0]LogTargetPlatformManager: Display: Loaded TargetPlatform 'TVOSClient'
[2022.03.07-13.06.09:561][  0]LogTargetPlatformManager: Display: Loaded TargetPlatform 'TVOS'
[2022.03.07-13.06.09:571][  0]LogTargetPlatformManager: Display: Loaded TargetPlatform 'WindowsNoEditor'
[2022.03.07-13.06.09:578][  0]LogTargetPlatformManager: Display: Loaded TargetPlatform 'Windows'
[2022.03.07-13.06.09:583][  0]LogTargetPlatformManager: Display: Loaded TargetPlatform 'WindowsClient'
[2022.03.07-13.06.09:591][  0]LogTargetPlatformManager: Display: Loaded TargetPlatform 'WindowsServer'
[2022.03.07-13.06.09:591][  0]LogTargetPlatformManager: Display: Building Assets For Windows
[2022.03.07-13.06.09:604][  0]LogAudioDebug: Display: Lib vorbis DLL was dynamically loaded.
[2022.03.07-13.06.09:664][  0]LogTextureFormatOodle: Display: Oodle Texture 2.9.0 init RDO Off
[2022.03.07-13.06.09:754][  0]LogRendererCore: Ray tracing is disabled. Reason: r.RayTracing=0.
[2022.03.07-13.06.09:755][  0]LogShaderCompilers: Guid format shader working directory is 8 characters bigger than the processId version (D:/Study/ChattingClient/ChattingClient/Intermediate/Shaders/WorkingDirectory/19704/).
[2022.03.07-13.06.09:755][  0]LogShaderCompilers: Cleaned the shader compiler working directory 'C:/Users/lenovo/AppData/Local/Temp/UnrealShaderWorkingDir/E4C0F2FE47073781E9A7EB8D8B3C273C/'.
[2022.03.07-13.06.09:757][  0]LogXGEController: Cannot use XGE Controller as Incredibuild is not installed on this machine.
[2022.03.07-13.06.09:757][  0]LogShaderCompilers: Cannot use XGE Shader Compiler as Incredibuild is not installed on this machine.
[2022.03.07-13.06.09:757][  0]LogShaderCompilers: Display: Using Local Shader Compiler.
[2022.03.07-13.06.12:315][  0]LogDerivedDataCache: Display: Max Cache Size: 512 MB
[2022.03.07-13.06.12:417][  0]LogDerivedDataCache: Loaded boot cache 0.10s 94MB C:/Users/lenovo/AppData/Local/UnrealEngine/4.27/DerivedDataCache/Boot.ddc.
[2022.03.07-13.06.12:417][  0]LogDerivedDataCache: Display: Loaded Boot cache: C:/Users/lenovo/AppData/Local/UnrealEngine/4.27/DerivedDataCache/Boot.ddc
[2022.03.07-13.06.12:417][  0]LogDerivedDataCache: FDerivedDataBackendGraph:  Pak pak cache file D:/Study/ChattingClient/ChattingClient/DerivedDataCache/DDC.ddp not found, will not use a pak cache.
[2022.03.07-13.06.12:417][  0]LogDerivedDataCache: Unable to find inner node Pak for hierarchical cache Hierarchy.
[2022.03.07-13.06.12:417][  0]LogDerivedDataCache: FDerivedDataBackendGraph:  CompressedPak pak cache file D:/Study/ChattingClient/ChattingClient/DerivedDataCache/Compressed.ddp not found, will not use a pak cache.
[2022.03.07-13.06.12:417][  0]LogDerivedDataCache: Unable to find inner node CompressedPak for hierarchical cache Hierarchy.
[2022.03.07-13.06.12:435][  0]LogDerivedDataCache: Display: Pak cache opened for reading ../../../Engine/DerivedDataCache/Compressed.ddp.
[2022.03.07-13.06.12:435][  0]LogDerivedDataCache: FDerivedDataBackendGraph:  EnterprisePak pak cache file ../../../Enterprise/DerivedDataCache/Compressed.ddp not found, will not use a pak cache.
[2022.03.07-13.06.12:435][  0]LogDerivedDataCache: Unable to find inner node EnterprisePak for hierarchical cache Hierarchy.
[2022.03.07-13.06.12:511][  0]LogDerivedDataCache: Speed tests for C:/Users/lenovo/AppData/Local/UnrealEngine/Common/DerivedDataCache took 0.08 seconds
[2022.03.07-13.06.12:511][  0]LogDerivedDataCache: Display: Performance to C:/Users/lenovo/AppData/Local/UnrealEngine/Common/DerivedDataCache: Latency=0.56ms. RandomReadSpeed=16.02MBs, RandomWriteSpeed=89.80MBs. Assigned SpeedClass 'Local'
[2022.03.07-13.06.12:511][  0]LogDerivedDataCache: Using Local data cache path C:/Users/lenovo/AppData/Local/UnrealEngine/Common/DerivedDataCache: Writable
[2022.03.07-13.06.12:511][  0]LogDerivedDataCache: Shared data cache path not found in *engine.ini, will not use an Shared cache.
[2022.03.07-13.06.12:511][  0]LogDerivedDataCache: Unable to find inner node Shared for hierarchical cache Hierarchy.
[2022.03.07-13.06.12:558][  0]LogSlate: Using FreeType 2.10.0
[2022.03.07-13.06.12:559][  0]LogSlate: SlateFontServices - WITH_FREETYPE: 1, WITH_HARFBUZZ: 1
[2022.03.07-13.06.12:600][  0]LogAssetRegistry: FAssetRegistry took 0.0060 seconds to start up
[2022.03.07-13.06.12:843][  0]LogInit: Selected Device Profile: [Windows]
[2022.03.07-13.06.12:843][  0]LogInit: Active device profile: [000002CADE254F00][000002CAD0D033C0 49] Windows
[2022.03.07-13.06.12:843][  0]LogInit: Profiles: [000002CADE254F00][000002CAD0D033C0 49] Windows, [000002CADE232A00][000002CAD5F37540 49] WindowsNoEditor, [000002CADE255F00][000002CAD5F3B6C0 49] WindowsServer, [000002CADE231B00][000002CAD5F3F840 49] WindowsClient, [000002CADE255200][000002CAD5F439C0 49] IOS, [000002CADE231800][000002CAD5F47B40 49] iPadAir, [000002CADE257300][000002CAD5F4A140 49] iPadAir2, [000002CADE1DD300][000002CAD5F52400 49] IPadPro, [000002CADE1DD400][000002CAD5F4E440 49] iPadAir3, [000002CADE230B00][000002CAD0D06580 49] iPadAir4, [000002CADE1DE100][000002CAD5F566C0 49] iPadMini2, [000002CADE233A00][000002CAD5F5A800 49] iPadMini3, [000002CADE1DEC00][000002CAD5F5E940 49] iPadMini4, [000002CADE232C00][000002CADCB6AAC0 49] iPadMini5, [000002CADE21CE00][000002CADCB72D80 49] iPhone6, [000002CADE21CF00][000002CADCB6EDC0 49] iPodTouch6, [000002CADE257700][000002CADCB7B080 49] iPhone7, [000002CADE256800][000002CADCB770C0 49] iPodTouch7, [000002CADE1DD100][000002CADCB7F240 49] iPhone5S, [000002CADE255100][000002CADCB833C0 49] iPhone6Plus, [000002CADE1DEA00][000002CADCB87540 49] iPhone6S, [000002CADE255A00][000002CADCB8B6C0 49] iPhone6SPlus, [000002CADE21C100][000002CADCB8F840 49] iPhone7Plus, [000002CADE1DDD00][000002CADCB939C0 49] iPhoneSE, [000002CADE21CC00][000002CADCB97B40 49] iPhone8, [000002CADE1DC400][000002CADCB9A140 49] iPhone8Plus, [000002CADE21EA00][000002CADCB9E2C0 49] iPhoneX, [000002CADE1DFC00][000002CADCBA2440 49] iPhoneXS, [000002CADE21E900][000002CADCBA65C0 49] iPhoneXSMax, [000002CADE1DCB00][000002CADCBAA740 49] iPhoneXR, [000002CADE257800][000002CADCB66880 49] iPhone11, [000002CADE1DFD00][000002CADCBAE9C0 49] iPhone11Pro, [000002CADE255B00][000002CADCBB2B00 49] iPhone11ProMax, [000002CADE1DD500][000002CADCBBAC80 49] iPhoneSE2, [000002CADE255E00][000002CADCBBEE00 49] iPhone12Mini, [000002CADE1DF100][000002CADCBC2F80 49] iPhone12, [000002CADE257400][000002CADCBC7100 49] iPhone12Pro, [000002CADE1DCD00][000002CADCBCB280 49] iPhone12ProMax, [000002CADE257C00][000002CADCBCF400 49] iPadPro105, [000002CADE1DF700][000002CADCBD3580 49] iPadPro129, [000002CADE256A00][000002CADCBD7700 49] iPadPro97, [000002CADE1DC900][000002CADCBDB880 49] iPadPro2_129, [000002CADE254800][000002CADCBDFA00 49] iPad5, [000002CADE1DD000][000002CADCBE3B80 49] iPad6, [000002CADE254400][000002CADCBE6180 49] iPad7, [000002CADE1DEB00][000002CADCBEA300 49] iPad8, [000002CADE257500][000002CADCBEE480 49] iPadPro11, [000002CADE1DD800][000002CADCBF2600 49] iPadPro2_11, [000002CADE254900][000002CADCBF6780 49] iPadPro3_129, [000002CADE1DE800][000002CADCBFA900 49] iPadPro4_129, [000002CADE256E00][000002CADCBB6A40 49] AppleTV, [000002CADE1DFE00][000002CADEE56B80 49] AppleTV4K, [000002CADE254500][000002CADEE5ACC0 49] TVOS, [000002CADE1DD700][000002CADEE62E40 49] Mac, [000002CADE256300][000002CADEE66FC0 49] MacClient, [000002CADE1DC800][000002CADEE6B140 49] MacNoEditor, [000002CADE255000][000002CADEE6F2C0 49] MacServer, [000002CADE1DC500][000002CADEE73440 49] Linux, [000002CADE256B00][000002CADEE775C0 49] LinuxAArch64, [000002CADE1DD600][000002CADEE7B740 49] LinuxNoEditor, [000002CADE256100][000002CADEE7F8C0 49] LinuxAArch64NoEditor, [000002CADE1DF900][000002CADEE83A40 49] LinuxClient, [000002CADE256600][000002CADEE87BC0 49] LinuxAArch64Client, [000002CADE1DE300][000002CADEE8A1C0 49] LinuxServer, [000002CADE254700][000002CADEE8E340 49] LinuxAArch64Server, [000002CADE1DDA00][000002CADEE924C0 49] Android, [000002CADE256200][000002CADEE96640 49] Android_Low, [000002CADE1DDC00][000002CADEE9A7C0 49] Android_Mid, [000002CADE255300][000002CADEE9E940 49] Android_High, [000002CADE1DCE00][000002CADEEA2AC0 49] Android_Default, [000002CADE257600][000002CADEE5EC00 49] Android_Adreno4xx, [000002CADE1DCF00][000002CADEEA6D40 49] Android_Adreno5xx_Low, [000002CADE257B00][000002CADEEAAE80 49] Android_Adreno5xx, [000002CADE1DFA00][000002CADEEAEFC0 49] Android_Adreno6xx, [000002CADE254B00][000002CADEEB7140 49] Android_Adreno6xx_Vulkan, [000002CADE1DD900][000002CADEEBB2C0 49] Android_Mali_T6xx, [000002CADE254A00][000002CADEEBF440 49] Android_Mali_T7xx, [000002CADE231A00][000002CADEEC35C0 49] Android_Mali_T8xx, [000002CADE21C500][000002CADEEC7740 49] Android_Mali_G71, [000002CADE230600][000002CADEECB8C0 49] Android_Mali_G72, [000002CADE21C300][000002CADEECFA40 49] Android_Mali_G72_Vulkan, [000002CADE233900][000002CADEED3BC0 49] Android_Mali_G76, [000002CADE21D000][000002CADEED61C0 49] Android_Mali_G76_Vulkan, [000002CADE232600][000002CADEEDA340 49] Android_Mali_G77, [000002CADE21EF00][000002CADEEDE4C0 49] Android_Mali_G77_Vulkan, [000002CADE230E00][000002CADEEE2640 49] Android_Mali_G78, [000002CADE21F100][000002CADEEE67C0 49] Android_Mali_G78_Vulkan, [000002CADE230800][000002CADEEEA940 49] Android_Mali_G710, [000002CADE21EC00][000002CADEEEEAC0 49] Android_Mali_G710_Vulkan, [000002CADE233C00][000002CADEEF2C40 49] Android_Vulkan_SM5, [000002CADE21F500][000002CADEEB2D80 49] Android_PowerVR_G6xxx, [000002CADE231F00][000002CADEEF6EC0 49] Android_PowerVR_GT7xxx, [000002CADE21DD00][000002CADEEFB000 49] Android_PowerVR_GE8xxx, [000002CADE233300][000002CADEEFF140 49] Android_PowerVR_GM9xxx, [000002CADE21C800][000002CADEF072C0 49] Android_PowerVR_GM9xxx_Vulkan, [000002CADE233700][000002CADEF0B440 49] Android_TegraK1, [000002CADE21D200][000002CADEF0F5C0 49] Android_Unknown_Vulkan, [000002CADE232900][000002CADEF13740 49] Lumin, [000002CADE21F700][000002CADEF178C0 49] Lumin_Desktop, [000002CADE232E00][000002CADEF1BA40 49] HoloLens, 
[2022.03.07-13.06.13:010][  0]LogMeshReduction: Using QuadricMeshReduction for automatic static mesh reduction
[2022.03.07-13.06.13:010][  0]LogMeshReduction: Using SimplygonMeshReduction for automatic skeletal mesh reduction
[2022.03.07-13.06.13:010][  0]LogMeshReduction: Using ProxyLODMeshReduction for automatic mesh merging
[2022.03.07-13.06.13:010][  0]LogMeshReduction: No distributed automatic mesh merging module available
[2022.03.07-13.06.13:011][  0]LogMeshMerging: No distributed automatic mesh merging module available
[2022.03.07-13.06.13:037][  0]LogNetVersion: ChattingClient 1.0.0, NetCL: 17155196, EngineNetVer: 17, GameNetVer: 0 (Checksum: 1007274363)
[2022.03.07-13.06.13:613][  0]LogTexture: Default maximum texture size for cubemaps generated from long-lat sources has been changed from 512 to unlimited. In order to preserve old behaiour for '/Engine/MapTemplates/Sky/DaylightAmbientCubemap.DaylightAmbientCubemap', its maximum texture size has been explicitly set to 512.
[2022.03.07-13.06.13:677][  0]LogHMD: PokeAHoleMaterial loaded successfully
[2022.03.07-13.06.13:683][  0]LogUObjectArray: 17178 objects as part of root set at end of initial load.
[2022.03.07-13.06.13:683][  0]LogUObjectAllocator: 4302048 out of 0 bytes used by permanent object pool.
[2022.03.07-13.06.13:683][  0]LogUObjectArray: CloseDisregardForGC: 0/0 objects in disregard for GC pool
[2022.03.07-13.06.14:288][  0]LogNiagaraDebuggerClient: Niagara Debugger Client Initialized | Session: B261EDFD4261C423615DBFB8C7CB9131 | Instance: 34E234F94AC8A84C60AE8C9284BE129C (DESKTOP-JG03A40-19704).
[2022.03.07-13.06.14:526][  0]LogPython: Using Python 3.7.7
[2022.03.07-13.06.15:253][  0]LogTcpMessaging: Initializing TcpMessaging bridge
[2022.03.07-13.06.15:261][  0]LogUdpMessaging: Initializing bridge on interface 0.0.0.0:0 to multicast group 230.0.0.1:6666.
[2022.03.07-13.06.15:809][  0]SourceControl: 소스 컨트롤이 꺼졌습니다.
[2022.03.07-13.06.15:809][  0]SourceControl: 소스 컨트롤이 꺼졌습니다.
[2022.03.07-13.06.15:822][  0]SourceControl: 소스 컨트롤이 꺼졌습니다.
[2022.03.07-13.06.15:833][  0]SourceControl: 소스 컨트롤이 꺼졌습니다.
[2022.03.07-13.06.15:851][  0]SourceControl: 소스 컨트롤이 꺼졌습니다.
[2022.03.07-13.06.15:861][  0]LogUProjectInfo: Found projects:
[2022.03.07-13.06.16:307][  0]LogOpenImageDenoise: OIDN starting up
[2022.03.07-13.06.16:339][  0]LogAndroidPermission: UAndroidPermissionCallbackProxy::GetInstance
[2022.03.07-13.06.16:373][  0]LogAudioCaptureCore: Display: No Audio Capture implementations found. Audio input will be silent.
[2022.03.07-13.06.16:373][  0]LogAudioCaptureCore: Display: No Audio Capture implementations found. Audio input will be silent.
[2022.03.07-13.06.16:565][  0]LogCollectionManager: Loaded 0 collections in 0.001477 seconds
[2022.03.07-13.06.16:600][  0]LogFileCache: Scanning file cache for directory 'D:/Study/ChattingClient/ChattingClient/Saved/Collections/' took 0.00s
[2022.03.07-13.06.16:600][  0]LogFileCache: Scanning file cache for directory 'D:/Study/ChattingClient/ChattingClient/Content/Developers/lenovo/Collections/' took 0.00s
[2022.03.07-13.06.16:600][  0]LogFileCache: Scanning file cache for directory 'D:/Study/ChattingClient/ChattingClient/Content/Collections/' took 0.00s
[2022.03.07-13.06.16:600][  0]LogOcInput: OculusInput pre-init called
[2022.03.07-13.06.16:938][  0]LogClass: Display: UInt32Property FSendBuffer::LeftPos is not initialized properly. Module:ChattingClient File:Public/SocketComponent.h
[2022.03.07-13.06.16:938][  0]LogClass: Display: UInt32Property FSendBuffer::RightPos is not initialized properly. Module:ChattingClient File:Public/SocketComponent.h
[2022.03.07-13.06.16:939][  0]LogClass: Display: 2 Uninitialized script struct members found including 0 object properties
[2022.03.07-13.06.16:941][  0]LogEngine: Initializing Engine...
[2022.03.07-13.06.16:947][  0]LogHMD: Failed to enumerate extensions. Please check that you have a valid OpenXR runtime installed.
[2022.03.07-13.06.16:947][  0]LogHMD: Failed to initialize OpenVR with code 110
[2022.03.07-13.06.16:947][  0]LogMagicLeap: Warning: VR disabled because ZI is not enabled.  To enable, in the editor, Edit -> Project Settings -> Plugins -> Magic Leap Plugin -> Enable Zero Iteration
[2022.03.07-13.06.16:948][  0]LogStats: UGameplayTagsManager::InitializeManager -  0.000 s
[2022.03.07-13.06.17:067][  0]LogInit: Initializing FReadOnlyCVARCache
[2022.03.07-13.06.17:081][  0]LogAIModule: Creating AISystem for world Untitled
[2022.03.07-13.06.17:082][  0]LogAudio: Display: Initializing Audio Device Manager...
[2022.03.07-13.06.17:089][  0]LogAudio: Display: Loading Default Audio Settings Objects...
[2022.03.07-13.06.17:089][  0]LogAudio: Display: No default SoundConcurrencyObject specified (or failed to load).
[2022.03.07-13.06.17:090][  0]LogAudio: Display: Audio Device Manager Initialized
[2022.03.07-13.06.17:090][  0]LogAudio: Display: Creating Audio Device:                 Id: 1, Scope: Shared, Realtime: True
[2022.03.07-13.06.17:090][  0]LogAudioMixer: Display: Audio Mixer Platform Settings:
[2022.03.07-13.06.17:090][  0]LogAudioMixer: Display: 	Sample Rate:						  48000
[2022.03.07-13.06.17:090][  0]LogAudioMixer: Display: 	Callback Buffer Frame Size Requested: 1024
[2022.03.07-13.06.17:090][  0]LogAudioMixer: Display: 	Callback Buffer Frame Size To Use:	  1024
[2022.03.07-13.06.17:090][  0]LogAudioMixer: Display: 	Number of buffers to queue:			  2
[2022.03.07-13.06.17:090][  0]LogAudioMixer: Display: 	Max Channels (voices):				  32
[2022.03.07-13.06.17:090][  0]LogAudioMixer: Display: 	Number of Async Source Workers:		  0
[2022.03.07-13.06.17:090][  0]LogAudio: Display: AudioDevice MaxSources: 32
[2022.03.07-13.06.17:091][  0]LogAudio: Display: Audio Spatialization Plugin: None (built-in).
[2022.03.07-13.06.17:091][  0]LogAudio: Display: Audio Reverb Plugin: None (built-in).
[2022.03.07-13.06.17:091][  0]LogAudio: Display: Audio Occlusion Plugin: None (built-in).
[2022.03.07-13.06.17:091][  0]LogAudioMixer: Display: Initializing audio mixer.
[2022.03.07-13.06.17:113][  0]LogAudioMixer: Display: 0: FrontLeft
[2022.03.07-13.06.17:113][  0]LogAudioMixer: Display: 1: FrontRight
[2022.03.07-13.06.17:350][  0]LogAudioMixer: Display: Using Audio Device 스피커(Realtek(R) Audio)
[2022.03.07-13.06.17:353][  0]LogAudioMixer: Display: Initializing Sound Submixes...
[2022.03.07-13.06.17:358][  0]LogAudioMixer: Display: Creating Master Submix 'MasterSubmixDefault'
[2022.03.07-13.06.17:358][  0]LogAudioMixer: Display: Creating Master Submix 'MasterReverbSubmixDefault'
[2022.03.07-13.06.17:358][  0]LogAudioMixer: Display: Creating Master Submix 'MasterEQSubmixDefault'
[2022.03.07-13.06.17:358][  0]LogAudioMixer: FMixerPlatformXAudio2::StartAudioStream() called
[2022.03.07-13.06.17:358][  0]LogAudioMixer: Display: Output buffers initialized: Frames=1024, Channels=2, Samples=2048
[2022.03.07-13.06.17:359][  0]LogAudioMixer: Display: Starting AudioMixerPlatformInterface::RunInternal()
[2022.03.07-13.06.17:359][  0]LogAudioMixer: Display: FMixerPlatformXAudio2::SubmitBuffer() called for the first time
[2022.03.07-13.06.17:359][  0]LogInit: FAudioDevice initialized.
[2022.03.07-13.06.17:360][  0]LogAudio: Display: Audio Device (ID: 1) registered with world 'Untitled'.
[2022.03.07-13.06.17:360][  0]LogNetVersion: Set ProjectVersion to 1.0.0.0. Version Checksum will be recalculated on next use.
[2022.03.07-13.06.17:435][  0]LogDerivedDataCache: Saved boot cache 0.08s 96MB C:/Users/lenovo/AppData/Local/UnrealEngine/4.27/DerivedDataCache/Boot.ddc.
[2022.03.07-13.06.17:435][  0]LogInit: Texture streaming: Enabled
[2022.03.07-13.06.17:459][  0]LogAnalytics: Display: [UEEditor.Rocket.Release] APIServer = https://datarouter.ol.epicgames.com/. AppVersion = 4.27.2-18319896+++UE4+Release-4.27
[2022.03.07-13.06.17:471][  0]LogEngineSessionManager: EngineSessionManager initialized
[2022.03.07-13.06.17:471][  0]LogEngineSessionManager: EngineSessionManager sent abnormal shutdown report. Type=Crashed, SessionId={5DDD795A-4B7C-6E88-7640-7C98FB31057B}
[2022.03.07-13.06.17:471][  0]LogEditorSessionSummary: Verbose: Initializing EditorSessionSummaryWriter for editor session tracking
[2022.03.07-13.06.17:478][  0]LogEditorSessionSummary: EditorSessionSummaryWriter initialized
[2022.03.07-13.06.17:522][  0]LogInit: Transaction tracking system initialized
[2022.03.07-13.06.17:570][  0]BlueprintLog: New page: 에디터 로드
[2022.03.07-13.06.17:698][  0]LocalizationService: 현지화 서비스가 비활성화되었습니다.
[2022.03.07-13.06.17:749][  0]TimingProfiler: Initialize
[2022.03.07-13.06.17:750][  0]TimingProfiler: OnSessionChanged
[2022.03.07-13.06.17:750][  0]LoadingProfiler: Initialize
[2022.03.07-13.06.17:751][  0]LoadingProfiler: OnSessionChanged
[2022.03.07-13.06.17:751][  0]NetworkingProfiler: Initialize
[2022.03.07-13.06.17:751][  0]NetworkingProfiler: OnSessionChanged
[2022.03.07-13.06.17:751][  0]MemoryProfiler: Initialize
[2022.03.07-13.06.17:751][  0]MemoryProfiler: OnSessionChanged
[2022.03.07-13.06.17:986][  0]LogFileCache: Scanning file cache for directory 'D:/Study/ChattingClient/ChattingClient/Content/' took 0.00s
[2022.03.07-13.06.17:987][  0]LogCook: Display: CookSettings for Memory: MemoryMaxUsedVirtual 0MiB, MemoryMaxUsedPhysical 16384MiB, MemoryMinFreeVirtual 0MiB, MemoryMinFreePhysical 1024MiB
[2022.03.07-13.06.17:987][  0]LogCook: Display: Mobile HDR setting 1
[2022.03.07-13.06.18:539][  0]LogInit: Display: Engine is initialized. Leaving FEngineLoop::Init()
[2022.03.07-13.06.18:547][  0]SourceControl: 소스 컨트롤이 꺼졌습니다.
[2022.03.07-13.06.18:693][  0]LogSlate: Took 0.008666 seconds to synchronously load lazily loaded font '../../../Engine/Content/Editor/Slate/Fonts/NanumGothic.ttf' (4243K)
[2022.03.07-13.06.18:694][  0]LogSlate: Took 0.000204 seconds to synchronously load lazily loaded font '../../../Engine/Content/Slate/Fonts/Roboto-Regular.ttf' (155K)
[2022.03.07-13.06.22:265][  0]LogSlate: Window '패키지 복원' being destroyed
[2022.03.07-13.06.22:278][  0]LogWindowsTextInputMethodSystem: Display: IME system activated using TSF (Microsoft 입력기).
[2022.03.07-13.06.22:295][  0]LogUnrealEdMisc: Loading editor; pre map load, took 18.313
[2022.03.07-13.06.22:296][  0]Cmd: MAP LOAD FILE="D:/Study/ChattingClient/ChattingClient/Content/MainLevel.umap" TEMPLATE=0 SHOWPROGRESS=1 FEATURELEVEL=3
[2022.03.07-13.06.22:402][  0]LightingResults: New page: 라이팅 빌드
[2022.03.07-13.06.22:404][  0]LogWorld: UWorld::CleanupWorld for Untitled, bSessionEnded=true, bCleanupResources=true
[2022.03.07-13.06.22:404][  0]LogSlate: InvalidateAllWidgets triggered.  All widgets were invalidated
[2022.03.07-13.06.22:405][  0]MapCheck: New page: 맵 체크
[2022.03.07-13.06.22:405][  0]LightingResults: New page: 라이팅 빌드
[2022.03.07-13.06.22:410][  0]LogAudio: Display: Audio Device unregistered from world 'None'.
[2022.03.07-13.06.22:413][  0]LogUObjectHash: Compacting FUObjectHashTables data took   0.90ms
[2022.03.07-13.06.22:532][  0]LogAudio: Display: Audio Device (ID: 1) registered with world 'MainLevel'.
[2022.03.07-13.06.22:532][  0]LogAIModule: Creating AISystem for world MainLevel
[2022.03.07-13.06.22:537][  0]LogEditorServer: Finished looking for orphan Actors (0.000 secs)
[2022.03.07-13.06.22:544][  0]LogUObjectHash: Compacting FUObjectHashTables data took   0.76ms
[2022.03.07-13.06.22:546][  0]Cmd: MAP CHECKDEP NOCLEARLOG
[2022.03.07-13.06.22:546][  0]MapCheck: 맵 체크 완료: 오류 0 회, 경고 0 회, 소요 시간 0.304ms.
[2022.03.07-13.06.22:546][  0]LogFileHelpers: Loading map 'MainLevel' took 0.250
[2022.03.07-13.06.22:549][  0]LogUnrealEdMisc: Total Editor Startup Time, took 18.567
[2022.03.07-13.06.22:599][  0]LogWindowsTextInputMethodSystem: Display: IME system activated using TSF (Microsoft 입력기).
[2022.03.07-13.06.23:031][  0]LogSlate: Only BGRA pngs, bmps or icos are supported in by External Image Picker
[2022.03.07-13.06.23:146][  0]LogSlate: Updating window title bar state: overlay mode, drag disabled, window buttons hidden, title bar hidden
[2022.03.07-13.06.23:153][  0]LogSlate: Updating window title bar state: overlay mode, drag disabled, window buttons hidden, title bar hidden
[2022.03.07-13.06.23:158][  0]LogSlate: Updating window title bar state: overlay mode, drag disabled, window buttons hidden, title bar hidden
[2022.03.07-13.06.23:163][  0]LogSlate: Updating window title bar state: overlay mode, drag disabled, window buttons hidden, title bar hidden
[2022.03.07-13.06.23:192][  0]LogNativeClassHierarchy: Verbose: Native class hierarchy populated in 0.0084 seconds. Added 3831 classes and 931 folders.
[2022.03.07-13.06.23:197][  0]LogNativeClassHierarchy: Verbose: Native class hierarchy updated for 'WidgetCarousel' in 0.0003 seconds. Added 0 classes and 0 folders.
[2022.03.07-13.06.23:209][  0]LogPakFile: PakFile PrimaryIndexSize=187
[2022.03.07-13.06.23:209][  0]LogPakFile: PakFile PathHashIndexSize=101
[2022.03.07-13.06.23:209][  0]LogPakFile: PakFile FullDirectoryIndexSize=148
[2022.03.07-13.06.23:210][  0]LogShaderLibrary: Display: ShaderCodeLibraryPakFileMountedCallback: PakFile 'C:/EpicGames/UE_4.27/FeaturePacks/FP_FirstPerson.upack' (chunk index -1, root 'root:/') mounted
[2022.03.07-13.06.23:210][  0]LogShaderLibrary: Display: ShaderCodeLibraryPakFileMountedCallback: pending pak file info (ChunkID:-1 Root:root:/ File:C:/EpicGames/UE_4.27/FeaturePacks/FP_FirstPerson.upack)
[2022.03.07-13.06.23:210][  0]LogPakFile: OnPakFileMounted2Time == 0.000382
[2022.03.07-13.06.23:217][  0]LogPakFile: PakFile PrimaryIndexSize=189
[2022.03.07-13.06.23:217][  0]LogPakFile: PakFile PathHashIndexSize=101
[2022.03.07-13.06.23:217][  0]LogPakFile: PakFile FullDirectoryIndexSize=152
[2022.03.07-13.06.23:217][  0]LogShaderLibrary: Display: ShaderCodeLibraryPakFileMountedCallback: PakFile 'C:/EpicGames/UE_4.27/FeaturePacks/FP_FirstPersonBP.upack' (chunk index -1, root 'root:/') mounted
[2022.03.07-13.06.23:218][  0]LogShaderLibrary: Display: ShaderCodeLibraryPakFileMountedCallback: pending pak file info (ChunkID:-1 Root:root:/ File:C:/EpicGames/UE_4.27/FeaturePacks/FP_FirstPersonBP.upack)
[2022.03.07-13.06.23:218][  0]LogPakFile: OnPakFileMounted2Time == 0.000791
[2022.03.07-13.06.23:227][  0]LogPakFile: PakFile PrimaryIndexSize=191
[2022.03.07-13.06.23:227][  0]LogPakFile: PakFile PathHashIndexSize=101
[2022.03.07-13.06.23:227][  0]LogPakFile: PakFile FullDirectoryIndexSize=160
[2022.03.07-13.06.23:227][  0]LogShaderLibrary: Display: ShaderCodeLibraryPakFileMountedCallback: PakFile 'C:/EpicGames/UE_4.27/FeaturePacks/MobileStarterContent.upack' (chunk index -1, root 'root:/') mounted
[2022.03.07-13.06.23:227][  0]LogShaderLibrary: Display: ShaderCodeLibraryPakFileMountedCallback: pending pak file info (ChunkID:-1 Root:root:/ File:C:/EpicGames/UE_4.27/FeaturePacks/MobileStarterContent.upack)
[2022.03.07-13.06.23:227][  0]LogPakFile: OnPakFileMounted2Time == 0.000042
[2022.03.07-13.06.23:234][  0]LogPakFile: PakFile PrimaryIndexSize=185
[2022.03.07-13.06.23:234][  0]LogPakFile: PakFile PathHashIndexSize=101
[2022.03.07-13.06.23:234][  0]LogPakFile: PakFile FullDirectoryIndexSize=148
[2022.03.07-13.06.23:234][  0]LogShaderLibrary: Display: ShaderCodeLibraryPakFileMountedCallback: PakFile 'C:/EpicGames/UE_4.27/FeaturePacks/StarterContent.upack' (chunk index -1, root 'root:/') mounted
[2022.03.07-13.06.23:234][  0]LogShaderLibrary: Display: ShaderCodeLibraryPakFileMountedCallback: pending pak file info (ChunkID:-1 Root:root:/ File:C:/EpicGames/UE_4.27/FeaturePacks/StarterContent.upack)
[2022.03.07-13.06.23:234][  0]LogPakFile: OnPakFileMounted2Time == 0.000042
[2022.03.07-13.06.23:242][  0]LogPakFile: PakFile PrimaryIndexSize=190
[2022.03.07-13.06.23:242][  0]LogPakFile: PakFile PathHashIndexSize=101
[2022.03.07-13.06.23:242][  0]LogPakFile: PakFile FullDirectoryIndexSize=154
[2022.03.07-13.06.23:242][  0]LogShaderLibrary: Display: ShaderCodeLibraryPakFileMountedCallback: PakFile 'C:/EpicGames/UE_4.27/FeaturePacks/TP_2DSideScroller.upack' (chunk index -1, root 'root:/') mounted
[2022.03.07-13.06.23:242][  0]LogShaderLibrary: Display: ShaderCodeLibraryPakFileMountedCallback: pending pak file info (ChunkID:-1 Root:root:/ File:C:/EpicGames/UE_4.27/FeaturePacks/TP_2DSideScroller.upack)
[2022.03.07-13.06.23:242][  0]LogPakFile: OnPakFileMounted2Time == 0.000054
[2022.03.07-13.06.23:246][  0]LogPakFile: PakFile PrimaryIndexSize=192
[2022.03.07-13.06.23:246][  0]LogPakFile: PakFile PathHashIndexSize=101
[2022.03.07-13.06.23:246][  0]LogPakFile: PakFile FullDirectoryIndexSize=158
[2022.03.07-13.06.23:246][  0]LogShaderLibrary: Display: ShaderCodeLibraryPakFileMountedCallback: PakFile 'C:/EpicGames/UE_4.27/FeaturePacks/TP_2DSideScrollerBP.upack' (chunk index -1, root 'root:/') mounted
[2022.03.07-13.06.23:246][  0]LogShaderLibrary: Display: ShaderCodeLibraryPakFileMountedCallback: pending pak file info (ChunkID:-1 Root:root:/ File:C:/EpicGames/UE_4.27/FeaturePacks/TP_2DSideScrollerBP.upack)
[2022.03.07-13.06.23:246][  0]LogPakFile: OnPakFileMounted2Time == 0.000038
[2022.03.07-13.06.23:252][  0]LogPakFile: PakFile PrimaryIndexSize=182
[2022.03.07-13.06.23:252][  0]LogPakFile: PakFile PathHashIndexSize=101
[2022.03.07-13.06.23:252][  0]LogPakFile: PakFile FullDirectoryIndexSize=138
[2022.03.07-13.06.23:252][  0]LogShaderLibrary: Display: ShaderCodeLibraryPakFileMountedCallback: PakFile 'C:/EpicGames/UE_4.27/FeaturePacks/TP_Flying.upack' (chunk index -1, root 'root:/') mounted
[2022.03.07-13.06.23:252][  0]LogShaderLibrary: Display: ShaderCodeLibraryPakFileMountedCallback: pending pak file info (ChunkID:-1 Root:root:/ File:C:/EpicGames/UE_4.27/FeaturePacks/TP_Flying.upack)
[2022.03.07-13.06.23:252][  0]LogPakFile: OnPakFileMounted2Time == 0.000053
[2022.03.07-13.06.23:260][  0]LogPakFile: PakFile PrimaryIndexSize=184
[2022.03.07-13.06.23:260][  0]LogPakFile: PakFile PathHashIndexSize=101
[2022.03.07-13.06.23:260][  0]LogPakFile: PakFile FullDirectoryIndexSize=142
[2022.03.07-13.06.23:260][  0]LogShaderLibrary: Display: ShaderCodeLibraryPakFileMountedCallback: PakFile 'C:/EpicGames/UE_4.27/FeaturePacks/TP_FlyingBP.upack' (chunk index -1, root 'root:/') mounted
[2022.03.07-13.06.23:260][  0]LogShaderLibrary: Display: ShaderCodeLibraryPakFileMountedCallback: pending pak file info (ChunkID:-1 Root:root:/ File:C:/EpicGames/UE_4.27/FeaturePacks/TP_FlyingBP.upack)
[2022.03.07-13.06.23:260][  0]LogPakFile: OnPakFileMounted2Time == 0.000040
[2022.03.07-13.06.23:265][  0]LogPakFile: PakFile PrimaryIndexSize=188
[2022.03.07-13.06.23:265][  0]LogPakFile: PakFile PathHashIndexSize=101
[2022.03.07-13.06.23:265][  0]LogPakFile: PakFile FullDirectoryIndexSize=150
[2022.03.07-13.06.23:265][  0]LogShaderLibrary: Display: ShaderCodeLibraryPakFileMountedCallback: PakFile 'C:/EpicGames/UE_4.27/FeaturePacks/TP_HandheldARBP.upack' (chunk index -1, root 'root:/') mounted
[2022.03.07-13.06.23:265][  0]LogShaderLibrary: Display: ShaderCodeLibraryPakFileMountedCallback: pending pak file info (ChunkID:-1 Root:root:/ File:C:/EpicGames/UE_4.27/FeaturePacks/TP_HandheldARBP.upack)
[2022.03.07-13.06.23:265][  0]LogPakFile: OnPakFileMounted2Time == 0.000041
[2022.03.07-13.06.23:274][  0]LogPakFile: PakFile PrimaryIndexSize=182
[2022.03.07-13.06.23:274][  0]LogPakFile: PakFile PathHashIndexSize=101
[2022.03.07-13.06.23:274][  0]LogPakFile: PakFile FullDirectoryIndexSize=138
[2022.03.07-13.06.23:274][  0]LogShaderLibrary: Display: ShaderCodeLibraryPakFileMountedCallback: PakFile 'C:/EpicGames/UE_4.27/FeaturePacks/TP_Puzzle.upack' (chunk index -1, root 'root:/') mounted
[2022.03.07-13.06.23:274][  0]LogShaderLibrary: Display: ShaderCodeLibraryPakFileMountedCallback: pending pak file info (ChunkID:-1 Root:root:/ File:C:/EpicGames/UE_4.27/FeaturePacks/TP_Puzzle.upack)
[2022.03.07-13.06.23:274][  0]LogPakFile: OnPakFileMounted2Time == 0.000042
[2022.03.07-13.06.23:277][  0]LogPakFile: PakFile PrimaryIndexSize=184
[2022.03.07-13.06.23:277][  0]LogPakFile: PakFile PathHashIndexSize=101
[2022.03.07-13.06.23:277][  0]LogPakFile: PakFile FullDirectoryIndexSize=142
[2022.03.07-13.06.23:277][  0]LogShaderLibrary: Display: ShaderCodeLibraryPakFileMountedCallback: PakFile 'C:/EpicGames/UE_4.27/FeaturePacks/TP_PuzzleBP.upack' (chunk index -1, root 'root:/') mounted
[2022.03.07-13.06.23:278][  0]LogShaderLibrary: Display: ShaderCodeLibraryPakFileMountedCallback: pending pak file info (ChunkID:-1 Root:root:/ File:C:/EpicGames/UE_4.27/FeaturePacks/TP_PuzzleBP.upack)
[2022.03.07-13.06.23:278][  0]LogPakFile: OnPakFileMounted2Time == 0.000044
[2022.03.07-13.06.23:284][  0]LogPakFile: PakFile PrimaryIndexSize=183
[2022.03.07-13.06.23:284][  0]LogPakFile: PakFile PathHashIndexSize=101
[2022.03.07-13.06.23:284][  0]LogPakFile: PakFile FullDirectoryIndexSize=140
[2022.03.07-13.06.23:284][  0]LogShaderLibrary: Display: ShaderCodeLibraryPakFileMountedCallback: PakFile 'C:/EpicGames/UE_4.27/FeaturePacks/TP_Rolling.upack' (chunk index -1, root 'root:/') mounted
[2022.03.07-13.06.23:284][  0]LogShaderLibrary: Display: ShaderCodeLibraryPakFileMountedCallback: pending pak file info (ChunkID:-1 Root:root:/ File:C:/EpicGames/UE_4.27/FeaturePacks/TP_Rolling.upack)
[2022.03.07-13.06.23:284][  0]LogPakFile: OnPakFileMounted2Time == 0.000042
[2022.03.07-13.06.23:293][  0]LogPakFile: PakFile PrimaryIndexSize=185
[2022.03.07-13.06.23:294][  0]LogPakFile: PakFile PathHashIndexSize=101
[2022.03.07-13.06.23:294][  0]LogPakFile: PakFile FullDirectoryIndexSize=144
[2022.03.07-13.06.23:294][  0]LogShaderLibrary: Display: ShaderCodeLibraryPakFileMountedCallback: PakFile 'C:/EpicGames/UE_4.27/FeaturePacks/TP_RollingBP.upack' (chunk index -1, root 'root:/') mounted
[2022.03.07-13.06.23:294][  0]LogShaderLibrary: Display: ShaderCodeLibraryPakFileMountedCallback: pending pak file info (ChunkID:-1 Root:root:/ File:C:/EpicGames/UE_4.27/FeaturePacks/TP_RollingBP.upack)
[2022.03.07-13.06.23:294][  0]LogPakFile: OnPakFileMounted2Time == 0.000041
[2022.03.07-13.06.23:316][  0]LogPakFile: PakFile PrimaryIndexSize=188
[2022.03.07-13.06.23:316][  0]LogPakFile: PakFile PathHashIndexSize=101
[2022.03.07-13.06.23:316][  0]LogPakFile: PakFile FullDirectoryIndexSize=150
[2022.03.07-13.06.23:316][  0]LogShaderLibrary: Display: ShaderCodeLibraryPakFileMountedCallback: PakFile 'C:/EpicGames/UE_4.27/FeaturePacks/TP_SideScroller.upack' (chunk index -1, root 'root:/') mounted
[2022.03.07-13.06.23:316][  0]LogShaderLibrary: Display: ShaderCodeLibraryPakFileMountedCallback: pending pak file info (ChunkID:-1 Root:root:/ File:C:/EpicGames/UE_4.27/FeaturePacks/TP_SideScroller.upack)
[2022.03.07-13.06.23:316][  0]LogPakFile: OnPakFileMounted2Time == 0.000046
[2022.03.07-13.06.23:322][  0]LogPakFile: PakFile PrimaryIndexSize=190
[2022.03.07-13.06.23:322][  0]LogPakFile: PakFile PathHashIndexSize=101
[2022.03.07-13.06.23:322][  0]LogPakFile: PakFile FullDirectoryIndexSize=154
[2022.03.07-13.06.23:322][  0]LogShaderLibrary: Display: ShaderCodeLibraryPakFileMountedCallback: PakFile 'C:/EpicGames/UE_4.27/FeaturePacks/TP_SideScrollerBP.upack' (chunk index -1, root 'root:/') mounted
[2022.03.07-13.06.23:322][  0]LogShaderLibrary: Display: ShaderCodeLibraryPakFileMountedCallback: pending pak file info (ChunkID:-1 Root:root:/ File:C:/EpicGames/UE_4.27/FeaturePacks/TP_SideScrollerBP.upack)
[2022.03.07-13.06.23:322][  0]LogPakFile: OnPakFileMounted2Time == 0.000050
[2022.03.07-13.06.23:327][  0]LogPakFile: PakFile PrimaryIndexSize=187
[2022.03.07-13.06.23:327][  0]LogPakFile: PakFile PathHashIndexSize=101
[2022.03.07-13.06.23:327][  0]LogPakFile: PakFile FullDirectoryIndexSize=148
[2022.03.07-13.06.23:327][  0]LogShaderLibrary: Display: ShaderCodeLibraryPakFileMountedCallback: PakFile 'C:/EpicGames/UE_4.27/FeaturePacks/TP_ThirdPerson.upack' (chunk index -1, root 'root:/') mounted
[2022.03.07-13.06.23:327][  0]LogShaderLibrary: Display: ShaderCodeLibraryPakFileMountedCallback: pending pak file info (ChunkID:-1 Root:root:/ File:C:/EpicGames/UE_4.27/FeaturePacks/TP_ThirdPerson.upack)
[2022.03.07-13.06.23:327][  0]LogPakFile: OnPakFileMounted2Time == 0.000040
[2022.03.07-13.06.23:333][  0]LogPakFile: PakFile PrimaryIndexSize=189
[2022.03.07-13.06.23:333][  0]LogPakFile: PakFile PathHashIndexSize=101
[2022.03.07-13.06.23:333][  0]LogPakFile: PakFile FullDirectoryIndexSize=152
[2022.03.07-13.06.23:333][  0]LogShaderLibrary: Display: ShaderCodeLibraryPakFileMountedCallback: PakFile 'C:/EpicGames/UE_4.27/FeaturePacks/TP_ThirdPersonBP.upack' (chunk index -1, root 'root:/') mounted
[2022.03.07-13.06.23:333][  0]LogShaderLibrary: Display: ShaderCodeLibraryPakFileMountedCallback: pending pak file info (ChunkID:-1 Root:root:/ File:C:/EpicGames/UE_4.27/FeaturePacks/TP_ThirdPersonBP.upack)
[2022.03.07-13.06.23:333][  0]LogPakFile: OnPakFileMounted2Time == 0.000040
[2022.03.07-13.06.23:338][  0]LogPakFile: PakFile PrimaryIndexSize=183
[2022.03.07-13.06.23:338][  0]LogPakFile: PakFile PathHashIndexSize=101
[2022.03.07-13.06.23:338][  0]LogPakFile: PakFile FullDirectoryIndexSize=140
[2022.03.07-13.06.23:338][  0]LogShaderLibrary: Display: ShaderCodeLibraryPakFileMountedCallback: PakFile 'C:/EpicGames/UE_4.27/FeaturePacks/TP_TopDown.upack' (chunk index -1, root 'root:/') mounted
[2022.03.07-13.06.23:338][  0]LogShaderLibrary: Display: ShaderCodeLibraryPakFileMountedCallback: pending pak file info (ChunkID:-1 Root:root:/ File:C:/EpicGames/UE_4.27/FeaturePacks/TP_TopDown.upack)
[2022.03.07-13.06.23:338][  0]LogPakFile: OnPakFileMounted2Time == 0.000055
[2022.03.07-13.06.23:343][  0]LogPakFile: PakFile PrimaryIndexSize=185
[2022.03.07-13.06.23:343][  0]LogPakFile: PakFile PathHashIndexSize=101
[2022.03.07-13.06.23:343][  0]LogPakFile: PakFile FullDirectoryIndexSize=144
[2022.03.07-13.06.23:343][  0]LogShaderLibrary: Display: ShaderCodeLibraryPakFileMountedCallback: PakFile 'C:/EpicGames/UE_4.27/FeaturePacks/TP_TopDownBP.upack' (chunk index -1, root 'root:/') mounted
[2022.03.07-13.06.23:343][  0]LogShaderLibrary: Display: ShaderCodeLibraryPakFileMountedCallback: pending pak file info (ChunkID:-1 Root:root:/ File:C:/EpicGames/UE_4.27/FeaturePacks/TP_TopDownBP.upack)
[2022.03.07-13.06.23:343][  0]LogPakFile: OnPakFileMounted2Time == 0.000041
[2022.03.07-13.06.23:353][  0]LogPakFile: PakFile PrimaryIndexSize=185
[2022.03.07-13.06.23:353][  0]LogPakFile: PakFile PathHashIndexSize=101
[2022.03.07-13.06.23:353][  0]LogPakFile: PakFile FullDirectoryIndexSize=144
[2022.03.07-13.06.23:353][  0]LogShaderLibrary: Display: ShaderCodeLibraryPakFileMountedCallback: PakFile 'C:/EpicGames/UE_4.27/FeaturePacks/TP_TwinStick.upack' (chunk index -1, root 'root:/') mounted
[2022.03.07-13.06.23:353][  0]LogShaderLibrary: Display: ShaderCodeLibraryPakFileMountedCallback: pending pak file info (ChunkID:-1 Root:root:/ File:C:/EpicGames/UE_4.27/FeaturePacks/TP_TwinStick.upack)
[2022.03.07-13.06.23:353][  0]LogPakFile: OnPakFileMounted2Time == 0.000041
[2022.03.07-13.06.23:358][  0]LogPakFile: PakFile PrimaryIndexSize=187
[2022.03.07-13.06.23:358][  0]LogPakFile: PakFile PathHashIndexSize=101
[2022.03.07-13.06.23:358][  0]LogPakFile: PakFile FullDirectoryIndexSize=148
[2022.03.07-13.06.23:358][  0]LogShaderLibrary: Display: ShaderCodeLibraryPakFileMountedCallback: PakFile 'C:/EpicGames/UE_4.27/FeaturePacks/TP_TwinStickBP.upack' (chunk index -1, root 'root:/') mounted
[2022.03.07-13.06.23:358][  0]LogShaderLibrary: Display: ShaderCodeLibraryPakFileMountedCallback: pending pak file info (ChunkID:-1 Root:root:/ File:C:/EpicGames/UE_4.27/FeaturePacks/TP_TwinStickBP.upack)
[2022.03.07-13.06.23:358][  0]LogPakFile: OnPakFileMounted2Time == 0.000041
[2022.03.07-13.06.23:364][  0]LogPakFile: PakFile PrimaryIndexSize=183
[2022.03.07-13.06.23:364][  0]LogPakFile: PakFile PathHashIndexSize=101
[2022.03.07-13.06.23:364][  0]LogPakFile: PakFile FullDirectoryIndexSize=140
[2022.03.07-13.06.23:364][  0]LogShaderLibrary: Display: ShaderCodeLibraryPakFileMountedCallback: PakFile 'C:/EpicGames/UE_4.27/FeaturePacks/TP_Vehicle.upack' (chunk index -1, root 'root:/') mounted
[2022.03.07-13.06.23:364][  0]LogShaderLibrary: Display: ShaderCodeLibraryPakFileMountedCallback: pending pak file info (ChunkID:-1 Root:root:/ File:C:/EpicGames/UE_4.27/FeaturePacks/TP_Vehicle.upack)
[2022.03.07-13.06.23:364][  0]LogPakFile: OnPakFileMounted2Time == 0.000039
[2022.03.07-13.06.23:369][  0]LogPakFile: PakFile PrimaryIndexSize=186
[2022.03.07-13.06.23:369][  0]LogPakFile: PakFile PathHashIndexSize=101
[2022.03.07-13.06.23:369][  0]LogPakFile: PakFile FullDirectoryIndexSize=146
[2022.03.07-13.06.23:369][  0]LogShaderLibrary: Display: ShaderCodeLibraryPakFileMountedCallback: PakFile 'C:/EpicGames/UE_4.27/FeaturePacks/TP_VehicleAdv.upack' (chunk index -1, root 'root:/') mounted
[2022.03.07-13.06.23:369][  0]LogShaderLibrary: Display: ShaderCodeLibraryPakFileMountedCallback: pending pak file info (ChunkID:-1 Root:root:/ File:C:/EpicGames/UE_4.27/FeaturePacks/TP_VehicleAdv.upack)
[2022.03.07-13.06.23:369][  0]LogPakFile: OnPakFileMounted2Time == 0.000047
[2022.03.07-13.06.23:375][  0]LogPakFile: PakFile PrimaryIndexSize=188
[2022.03.07-13.06.23:375][  0]LogPakFile: PakFile PathHashIndexSize=101
[2022.03.07-13.06.23:375][  0]LogPakFile: PakFile FullDirectoryIndexSize=150
[2022.03.07-13.06.23:375][  0]LogShaderLibrary: Display: ShaderCodeLibraryPakFileMountedCallback: PakFile 'C:/EpicGames/UE_4.27/FeaturePacks/TP_VehicleAdvBP.upack' (chunk index -1, root 'root:/') mounted
[2022.03.07-13.06.23:375][  0]LogShaderLibrary: Display: ShaderCodeLibraryPakFileMountedCallback: pending pak file info (ChunkID:-1 Root:root:/ File:C:/EpicGames/UE_4.27/FeaturePacks/TP_VehicleAdvBP.upack)
[2022.03.07-13.06.23:375][  0]LogPakFile: OnPakFileMounted2Time == 0.000043
[2022.03.07-13.06.23:381][  0]LogPakFile: PakFile PrimaryIndexSize=185
[2022.03.07-13.06.23:381][  0]LogPakFile: PakFile PathHashIndexSize=101
[2022.03.07-13.06.23:381][  0]LogPakFile: PakFile FullDirectoryIndexSize=144
[2022.03.07-13.06.23:381][  0]LogShaderLibrary: Display: ShaderCodeLibraryPakFileMountedCallback: PakFile 'C:/EpicGames/UE_4.27/FeaturePacks/TP_VehicleBP.upack' (chunk index -1, root 'root:/') mounted
[2022.03.07-13.06.23:381][  0]LogShaderLibrary: Display: ShaderCodeLibraryPakFileMountedCallback: pending pak file info (ChunkID:-1 Root:root:/ File:C:/EpicGames/UE_4.27/FeaturePacks/TP_VehicleBP.upack)
[2022.03.07-13.06.23:381][  0]LogPakFile: OnPakFileMounted2Time == 0.000040
[2022.03.07-13.06.23:386][  0]LogPakFile: PakFile PrimaryIndexSize=192
[2022.03.07-13.06.23:386][  0]LogPakFile: PakFile PathHashIndexSize=101
[2022.03.07-13.06.23:386][  0]LogPakFile: PakFile FullDirectoryIndexSize=158
[2022.03.07-13.06.23:387][  0]LogShaderLibrary: Display: ShaderCodeLibraryPakFileMountedCallback: PakFile 'C:/EpicGames/UE_4.27/FeaturePacks/TP_VirtualRealityBP.upack' (chunk index -1, root 'root:/') mounted
[2022.03.07-13.06.23:387][  0]LogShaderLibrary: Display: ShaderCodeLibraryPakFileMountedCallback: pending pak file info (ChunkID:-1 Root:root:/ File:C:/EpicGames/UE_4.27/FeaturePacks/TP_VirtualRealityBP.upack)
[2022.03.07-13.06.23:387][  0]LogPakFile: OnPakFileMounted2Time == 0.000041
[2022.03.07-13.06.23:633][  0]LogNativeClassHierarchy: Verbose: Native class hierarchy updated for 'AddContentDialog' in 0.0003 seconds. Added 0 classes and 0 folders.
[2022.03.07-13.06.23:637][  0]LogNativeClassHierarchy: Verbose: Native class hierarchy updated for 'SceneOutliner' in 0.0002 seconds. Added 2 classes and 0 folders.
[2022.03.07-13.06.23:752][  0]LogSlate: Took 0.005561 seconds to synchronously load lazily loaded font '../../../Engine/Content/Editor/Slate/Fonts/FontAwesome.ttf' (139K)
[2022.03.07-13.06.23:760][  0]LogSlate: Took 0.007909 seconds to synchronously load lazily loaded font '../../../Engine/Content/Editor/Slate/Fonts/NanumGothicBold.ttf' (4188K)
[2022.03.07-13.06.23:760][  0]LogSlate: Took 0.000161 seconds to synchronously load lazily loaded font '../../../Engine/Content/Slate/Fonts/Roboto-Bold.ttf' (160K)
[2022.03.07-13.06.23:888][  0]LogRenderer: Reallocating scene render targets to support 864x400 Format 10 NumSamples 1 (Frame:1).
[2022.03.07-13.06.23:921][  0]LogSlate: Took 0.006284 seconds to synchronously load lazily loaded font '../../../Engine/Content/Slate/Fonts/Roboto-Light.ttf' (167K)
[2022.03.07-13.06.23:956][  0]LogNativeClassHierarchy: Verbose: Native class hierarchy updated for 'HierarchicalLODOutliner' in 0.0003 seconds. Added 0 classes and 0 folders.
[2022.03.07-13.06.23:956][  0]LogLoad: (Engine Initialization) Total time: 19.98 seconds
[2022.03.07-13.06.23:956][  0]LogLoad: (Engine Initialization) Total Blueprint compile time: 0.00 seconds
[2022.03.07-13.06.24:137][  0]LogAssetRegistry: Asset discovery search completed in 11.5387 seconds
[2022.03.07-13.06.24:146][  0]LogCollectionManager: Fixed up redirectors for 0 collections in 0.000003 seconds (updated 0 objects)
[2022.03.07-13.06.24:147][  0]LogContentStreaming: Texture pool size now 1000 MB
[2022.03.07-13.06.24:180][  1]LogRenderer: Reallocating scene render targets to support 864x416 Format 10 NumSamples 1 (Frame:2).
[2022.03.07-13.06.24:985][ 47]LogSlate: Took 0.000215 seconds to synchronously load lazily loaded font '../../../Engine/Content/Slate/Fonts/Roboto-Light.ttf' (167K)
[2022.03.07-13.06.25:315][ 57]LogEditorViewport: Clicking on Actor (LMB): BP_UITEST_C (BP_UITEST)
[2022.03.07-13.06.26:580][126]Cmd: DELETE
[2022.03.07-13.06.26:580][126]Cmd: ACTOR DELETE
[2022.03.07-13.06.26:581][126]LogEditorActor: Deleted Actor: BP_UITEST_C
[2022.03.07-13.06.26:586][126]LogUObjectHash: Compacting FUObjectHashTables data took   0.61ms
[2022.03.07-13.06.26:590][126]LogEditorActor: Deleted 1 Actors (0.010 secs)
[2022.03.07-13.06.54:938][304]LogUObjectHash: Compacting FUObjectHashTables data took   0.26ms
