Log file open, 03/08/22 22:11:53
LogWindows: Failed to load 'aqProf.dll' (GetLastError=126)
LogWindows: File 'aqProf.dll' does not exist
LogWindows: Failed to load 'VtuneApi.dll' (GetLastError=126)
LogWindows: File 'VtuneApi.dll' does not exist
LogWindows: Failed to load 'VtuneApi32e.dll' (GetLastError=126)
LogWindows: File 'VtuneApi32e.dll' does not exist
LogConsoleResponse: Display: Failed to find resolution value strings in scalability ini. Falling back to default.
LogConsoleResponse: Display: Failed to find resolution value strings in scalability ini. Falling back to default.
LogInit: Display: Running engine for game: ChattingClient
LogPlatformFile: Not using cached read wrapper
LogTaskGraph: Started task graph with 5 named threads and 35 total threads with 3 sets of task threads.
LogStats: Stats thread started at 0.480409
LogICUInternationalization: ICU TimeZone Detection - Raw Offset: +9:00, Platform Override: ''
LogInit: Display: Loading text-based GConfig....
LogPluginManager: Mounting plugin MeshPainting
LogPluginManager: Mounting plugin XGEController
LogPluginManager: Mounting plugin Paper2D
LogPluginManager: Mounting plugin AISupport
LogPluginManager: Mounting plugin EnvironmentQueryEditor
LogPluginManager: Mounting plugin LightPropagationVolume
LogPluginManager: Mounting plugin LiveLink
LogPluginManager: Mounting plugin CameraShakePreviewer
LogPluginManager: Mounting plugin GameplayCameras
LogPluginManager: Mounting plugin DatasmithContent
LogPluginManager: Mounting plugin VariantManagerContent
LogPluginManager: Mounting plugin CLionSourceCodeAccess
LogPluginManager: Mounting plugin AnimationSharing
LogPluginManager: Mounting plugin CryptoKeys
LogPluginManager: Mounting plugin AssetManagerEditor
LogPluginManager: Mounting plugin CurveEditorTools
LogPluginManager: Mounting plugin CodeLiteSourceCodeAccess
LogPluginManager: Mounting plugin GitSourceControl
LogPluginManager: Mounting plugin KDevelopSourceCodeAccess
LogPluginManager: Mounting plugin FacialAnimation
LogPluginManager: Mounting plugin NullSourceCodeAccess
LogPluginManager: Mounting plugin GameplayTagsEditor
LogPluginManager: Mounting plugin GeometryMode
LogPluginManager: Mounting plugin DataValidation
LogPluginManager: Mounting plugin MacGraphicsSwitching
LogPluginManager: Mounting plugin PerforceSourceControl
LogPluginManager: Mounting plugin PixWinPlugin
LogPluginManager: Mounting plugin MaterialAnalyzer
LogPluginManager: Mounting plugin PlasticSourceControl
LogPluginManager: Mounting plugin MobileLauncherProfileWizard
LogPluginManager: Mounting plugin PluginBrowser
LogPluginManager: Mounting plugin PluginUtils
LogPluginManager: Mounting plugin PropertyAccessNode
LogPluginManager: Mounting plugin RiderSourceCodeAccess
LogPluginManager: Mounting plugin SpeedTreeImporter
LogPluginManager: Mounting plugin SubversionSourceControl
LogPluginManager: Mounting plugin TextureFormatOodle
LogPluginManager: Mounting plugin VisualStudioSourceCodeAccess
LogPluginManager: Mounting plugin XCodeSourceCodeAccess
LogPluginManager: Mounting plugin OodleData
LogPluginManager: Mounting plugin UObjectPlugin
LogPluginManager: Mounting plugin OodleNetwork
LogPluginManager: Mounting plugin VisualStudioCodeSourceCodeAccess
LogPluginManager: Mounting plugin Niagara
LogPluginManager: Mounting plugin LuminPlatformFeatures
LogPluginManager: Mounting plugin MagicLeap
LogPluginManager: Mounting plugin MagicLeapLightEstimation
LogPluginManager: Mounting plugin MagicLeapMedia
LogPluginManager: Mounting plugin MagicLeapPassableWorld
LogPluginManager: Mounting plugin MLSDK
LogPluginManager: Mounting plugin AndroidMedia
LogPluginManager: Mounting plugin AvfMedia
LogPluginManager: Mounting plugin UdpMessaging
LogPluginManager: Mounting plugin TcpMessaging
LogPluginManager: Mounting plugin ImgMedia
LogPluginManager: Mounting plugin MediaCompositing
LogPluginManager: Mounting plugin MediaPlayerEditor
LogPluginManager: Mounting plugin ActorSequence
LogPluginManager: Mounting plugin WebMMedia
LogPluginManager: Mounting plugin WmfMedia
LogPluginManager: Mounting plugin MatineeToLevelSequence
LogPluginManager: Mounting plugin LevelSequenceEditor
LogPluginManager: Mounting plugin TemplateSequence
LogPluginManager: Mounting plugin AlembicImporter
LogPluginManager: Mounting plugin AutomationUtils
LogPluginManager: Mounting plugin BackChannel
LogPluginManager: Mounting plugin ChaosCloth
LogPluginManager: Mounting plugin ChaosClothEditor
LogPluginManager: Mounting plugin ChaosNiagara
LogPluginManager: Mounting plugin ChaosSolverPlugin
LogPluginManager: Mounting plugin CharacterAI
LogPluginManager: Mounting plugin GeometryCache
LogPluginManager: Mounting plugin GeometryCollectionPlugin
LogPluginManager: Mounting plugin GeometryProcessing
LogPluginManager: Mounting plugin MotoSynth
LogPluginManager: Mounting plugin OpenImageDenoise
LogPluginManager: Mounting plugin PlanarCut
LogPluginManager: Mounting plugin PlatformCrypto
LogPluginManager: Mounting plugin ProxyLODPlugin
LogPluginManager: Mounting plugin SkeletalReduction
LogPluginManager: Mounting plugin OnlineSubsystem
LogPluginManager: Mounting plugin OnlineSubsystemNull
LogPluginManager: Mounting plugin PythonScriptPlugin
LogPluginManager: Mounting plugin OnlineSubsystemUtils
LogPluginManager: Mounting plugin LauncherChunkInstaller
LogPluginManager: Mounting plugin ActorLayerUtilities
LogPluginManager: Mounting plugin AndroidDeviceProfileSelector
LogPluginManager: Mounting plugin AndroidMoviePlayer
LogPluginManager: Mounting plugin ChaosEditor
LogPluginManager: Mounting plugin AndroidPermission
LogPluginManager: Mounting plugin AppleImageUtils
LogPluginManager: Mounting plugin AppleMoviePlayer
LogPluginManager: Mounting plugin AssetTags
LogPluginManager: Mounting plugin ArchVisCharacter
LogPluginManager: Mounting plugin AudioCapture
LogPluginManager: Mounting plugin AudioSynesthesia
LogPluginManager: Mounting plugin CableComponent
LogPluginManager: Mounting plugin ChunkDownloader
LogPluginManager: Mounting plugin CustomMeshComponent
LogPluginManager: Mounting plugin GoogleCloudMessaging
LogPluginManager: Mounting plugin EditableMesh
LogPluginManager: Mounting plugin IOSDeviceProfileSelector
LogPluginManager: Mounting plugin LinuxDeviceProfileSelector
LogPluginManager: Mounting plugin LocationServicesBPLibrary
LogPluginManager: Mounting plugin MobilePatchingUtils
LogPluginManager: Mounting plugin OpenXR
LogPluginManager: Mounting plugin OpenXREyeTracker
LogPluginManager: Mounting plugin OpenXRHandTracking
LogPluginManager: Mounting plugin PhysXVehicles
LogPluginManager: Mounting plugin PostSplashScreen
LogPluginManager: Mounting plugin ProceduralMeshComponent
LogPluginManager: Mounting plugin PropertyAccessEditor
LogPluginManager: Mounting plugin RuntimePhysXCooking
LogPluginManager: Mounting plugin SignificanceManager
LogPluginManager: Mounting plugin SoundFields
LogPluginManager: Mounting plugin ScreenshotTools
LogPluginManager: Mounting plugin Synthesis
LogPluginManager: Mounting plugin WebMMoviePlayer
LogPluginManager: Mounting plugin GooglePAD
LogPluginManager: Mounting plugin ExampleDeviceProfileSelector
LogPluginManager: Mounting plugin WindowsMoviePlayer
LogPluginManager: Mounting plugin Takes
LogPluginManager: Mounting plugin ContentBrowserAssetDataSource
LogPluginManager: Mounting plugin ContentBrowserClassDataSource
LogPluginManager: Mounting plugin ContentBrowserFileDataSource
LogPluginManager: Mounting plugin OnlineSubsystemGooglePlay
LogPluginManager: Mounting plugin OnlineSubsystemIOS
LogPluginManager: Mounting plugin OculusVR
LogPluginManager: Mounting plugin SteamVR
PixWinPlugin: PIX capture plugin failed to initialize! Check that the process is launched from PIX.
LogInit: Using libcurl 7.55.1-DEV
LogInit:  - built for x86_64-pc-win32
LogInit:  - supports SSL with OpenSSL/1.1.1
LogInit:  - supports HTTP deflate (compression) using libz 1.2.8
LogInit:  - other features:
LogInit:      CURL_VERSION_SSL
LogInit:      CURL_VERSION_LIBZ
LogInit:      CURL_VERSION_IPV6
LogInit:      CURL_VERSION_ASYNCHDNS
LogInit:      CURL_VERSION_LARGEFILE
LogInit:      CURL_VERSION_IDN
LogInit:  CurlRequestOptions (configurable via config and command line):
LogInit:  - bVerifyPeer = true  - Libcurl will verify peer certificate
LogInit:  - bUseHttpProxy = false  - Libcurl will NOT use HTTP proxy
LogInit:  - bDontReuseConnections = false  - Libcurl will reuse connections
LogInit:  - MaxHostConnections = 16  - Libcurl will limit the number of connections to a host
LogInit:  - LocalHostAddr = Default
LogInit:  - BufferSize = 65536
LogOnline: OSS: Creating online subsystem instance for: NULL
LogInit: WinSock: version 1.1 (2.2), MaxSocks=32767, MaxUdp=65467
LogOnline: OSS: TryLoadSubsystemAndSetDefault: Loaded subsystem for module [NULL]
LogOculusPluginWrapper: OculusPlugin initialized successfully
LogHMD: Failed initializing OVRPlugin 1.59.0
LogInit: Build: ++UE4+Release-4.27-CL-18319896
LogInit: Engine Version: 4.27.2-18319896+++UE4+Release-4.27
LogInit: Compatible Engine Version: 4.27.0-17155196+++UE4+Release-4.27
LogInit: Net CL: 17155196
LogInit: OS: Windows 10 (Release 2009) (), CPU: Intel(R) Core(TM) i7-9750HF CPU @ 2.60GHz, GPU: NVIDIA GeForce GTX 1660 Ti
LogInit: Compiled (64-bit): Nov 30 2021 07:12:08
LogInit: Compiled with Visual C++: 19.24.28315.00
LogInit: Build Configuration: Development
LogInit: Branch Name: ++UE4+Release-4.27
LogInit: Command Line:  -skipcompile
LogInit: Base Directory: C:/EpicGames/UE_4.27/Engine/Binaries/Win64/
LogInit: Allocator: TBB
LogInit: Installed Engine Build: 1
LogDevObjectVersion: Number of dev versions registered: 29
LogDevObjectVersion:   Dev-Blueprints (B0D832E4-1F89-4F0D-ACCF-7EB736FD4AA2): 10
LogDevObjectVersion:   Dev-Build (E1C64328-A22C-4D53-A36C-8E866417BD8C): 0
LogDevObjectVersion:   Dev-Core (375EC13C-06E4-48FB-B500-84F0262A717E): 4
LogDevObjectVersion:   Dev-Editor (E4B068ED-F494-42E9-A231-DA0B2E46BB41): 40
LogDevObjectVersion:   Dev-Framework (CFFC743F-43B0-4480-9391-14DF171D2073): 37
LogDevObjectVersion:   Dev-Mobile (B02B49B5-BB20-44E9-A304-32B752E40360): 3
LogDevObjectVersion:   Dev-Networking (A4E4105C-59A1-49B5-A7C5-40C4547EDFEE): 0
LogDevObjectVersion:   Dev-Online (39C831C9-5AE6-47DC-9A44-9C173E1C8E7C): 0
LogDevObjectVersion:   Dev-Physics (78F01B33-EBEA-4F98-B9B4-84EACCB95AA2): 14
LogDevObjectVersion:   Dev-Platform (6631380F-2D4D-43E0-8009-CF276956A95A): 0
LogDevObjectVersion:   Dev-Rendering (12F88B9F-8875-4AFC-A67C-D90C383ABD29): 45
LogDevObjectVersion:   Dev-Sequencer (7B5AE74C-D270-4C10-A958-57980B212A5A): 13
LogDevObjectVersion:   Dev-VR (D7296918-1DD6-4BDD-9DE2-64A83CC13884): 3
LogDevObjectVersion:   Dev-LoadTimes (C2A15278-BFE7-4AFE-6C17-90FF531DF755): 1
LogDevObjectVersion:   Private-Geometry (6EACA3D4-40EC-4CC1-B786-8BED09428FC5): 3
LogDevObjectVersion:   Dev-AnimPhys (29E575DD-E0A3-4627-9D10-D276232CDCEA): 17
LogDevObjectVersion:   Dev-Anim (AF43A65D-7FD3-4947-9873-3E8ED9C1BB05): 15
LogDevObjectVersion:   Dev-ReflectionCapture (6B266CEC-1EC7-4B8F-A30B-E4D90942FC07): 1
LogDevObjectVersion:   Dev-Automation (0DF73D61-A23F-47EA-B727-89E90C41499A): 1
LogDevObjectVersion:   FortniteMain (601D1886-AC64-4F84-AA16-D3DE0DEAC7D6): 47
LogDevObjectVersion:   FortniteRelease (E7086368-6B23-4C58-8439-1B7016265E91): 1
LogDevObjectVersion:   Dev-Enterprise (9DFFBCD6-494F-0158-E221-12823C92A888): 10
LogDevObjectVersion:   Dev-Niagara (F2AED0AC-9AFE-416F-8664-AA7FFA26D6FC): 1
LogDevObjectVersion:   Dev-Destruction (174F1F0B-B4C6-45A5-B13F-2EE8D0FB917D): 10
LogDevObjectVersion:   Dev-Physics-Ext (35F94A83-E258-406C-A318-09F59610247C): 41
LogDevObjectVersion:   Dev-PhysicsMaterial-Chaos (B68FC16E-8B1B-42E2-B453-215C058844FE): 1
LogDevObjectVersion:   Dev-CineCamera (B2E18506-4273-CFC2-A54E-F4BB758BBA07): 1
LogDevObjectVersion:   Dev-VirtualProduction (64F58936-FD1B-42BA-BA96-7289D5D0FA4E): 1
LogDevObjectVersion:   Dev-MediaFramework (6F0ED827-A609-4895-9C91-998D90180EA4): 2
LogInit: Presizing for max 25165824 objects, including 0 objects not considered by GC, pre-allocating 0 bytes for permanent pool.
LogConfig: Applying CVar settings from Section [/Script/Engine.StreamingSettings] File [C:/EpicGames/ChattingClient/ChattingClient/Saved/Config/Windows/Engine.ini]
LogConfig: Setting CVar [[s.MinBulkDataSizeForAsyncLoading:131072]]
LogConfig: Setting CVar [[s.AsyncLoadingThreadEnabled:0]]
LogConfig: Setting CVar [[s.EventDrivenLoaderEnabled:1]]
LogConfig: Setting CVar [[s.WarnIfTimeLimitExceeded:0]]
LogConfig: Setting CVar [[s.TimeLimitExceededMultiplier:1.5]]
LogConfig: Setting CVar [[s.TimeLimitExceededMinTime:0.005]]
LogConfig: Setting CVar [[s.UseBackgroundLevelStreaming:1]]
LogConfig: Setting CVar [[s.PriorityAsyncLoadingExtraTime:15.0]]
LogConfig: Setting CVar [[s.LevelStreamingActorsUpdateTimeLimit:5.0]]
LogConfig: Setting CVar [[s.PriorityLevelStreamingActorsUpdateExtraTime:5.0]]
LogConfig: Setting CVar [[s.LevelStreamingComponentsRegistrationGranularity:10]]
LogConfig: Setting CVar [[s.UnregisterComponentsTimeLimit:1.0]]
LogConfig: Setting CVar [[s.LevelStreamingComponentsUnregistrationGranularity:5]]
LogConfig: Setting CVar [[s.FlushStreamingOnExit:1]]
LogInit: Object subsystem initialized
LogConfig: Setting CVar [[con.DebugEarlyDefault:1]]
LogConfig: Setting CVar [[r.setres:1280x720]]
[2022.03.08-13.11.54:399][  0]LogConfig: Setting CVar [[r.VSync:0]]
[2022.03.08-13.11.54:399][  0]LogConfig: Setting CVar [[r.RHICmdBypass:0]]
[2022.03.08-13.11.54:399][  0]LogConfig: Applying CVar settings from Section [/Script/Engine.RendererSettings] File [C:/EpicGames/ChattingClient/ChattingClient/Saved/Config/Windows/Engine.ini]
[2022.03.08-13.11.54:399][  0]LogConfig: Setting CVar [[r.GPUCrashDebugging:0]]
[2022.03.08-13.11.54:399][  0]LogConfig: Applying CVar settings from Section [/Script/Engine.RendererOverrideSettings] File [C:/EpicGames/ChattingClient/ChattingClient/Saved/Config/Windows/Engine.ini]
[2022.03.08-13.11.54:399][  0]LogConfig: Applying CVar settings from Section [/Script/Engine.StreamingSettings] File [C:/EpicGames/ChattingClient/ChattingClient/Saved/Config/Windows/Engine.ini]
[2022.03.08-13.11.54:399][  0]LogConfig: Setting CVar [[s.MinBulkDataSizeForAsyncLoading:131072]]
[2022.03.08-13.11.54:399][  0]LogConfig: Setting CVar [[s.AsyncLoadingThreadEnabled:0]]
[2022.03.08-13.11.54:399][  0]LogConfig: Setting CVar [[s.EventDrivenLoaderEnabled:1]]
[2022.03.08-13.11.54:399][  0]LogConfig: Setting CVar [[s.WarnIfTimeLimitExceeded:0]]
[2022.03.08-13.11.54:400][  0]LogConfig: Setting CVar [[s.TimeLimitExceededMultiplier:1.5]]
[2022.03.08-13.11.54:400][  0]LogConfig: Setting CVar [[s.TimeLimitExceededMinTime:0.005]]
[2022.03.08-13.11.54:400][  0]LogConfig: Setting CVar [[s.UseBackgroundLevelStreaming:1]]
[2022.03.08-13.11.54:400][  0]LogConfig: Setting CVar [[s.PriorityAsyncLoadingExtraTime:15.0]]
[2022.03.08-13.11.54:400][  0]LogConfig: Setting CVar [[s.LevelStreamingActorsUpdateTimeLimit:5.0]]
[2022.03.08-13.11.54:400][  0]LogConfig: Setting CVar [[s.PriorityLevelStreamingActorsUpdateExtraTime:5.0]]
[2022.03.08-13.11.54:400][  0]LogConfig: Setting CVar [[s.LevelStreamingComponentsRegistrationGranularity:10]]
[2022.03.08-13.11.54:400][  0]LogConfig: Setting CVar [[s.UnregisterComponentsTimeLimit:1.0]]
[2022.03.08-13.11.54:400][  0]LogConfig: Setting CVar [[s.LevelStreamingComponentsUnregistrationGranularity:5]]
[2022.03.08-13.11.54:400][  0]LogConfig: Setting CVar [[s.FlushStreamingOnExit:1]]
[2022.03.08-13.11.54:400][  0]LogConfig: Applying CVar settings from Section [/Script/Engine.GarbageCollectionSettings] File [C:/EpicGames/ChattingClient/ChattingClient/Saved/Config/Windows/Engine.ini]
[2022.03.08-13.11.54:400][  0]LogConfig: Setting CVar [[gc.MaxObjectsNotConsideredByGC:1]]
[2022.03.08-13.11.54:400][  0]LogConfig: Setting CVar [[gc.SizeOfPermanentObjectPool:0]]
[2022.03.08-13.11.54:401][  0]LogConfig: Setting CVar [[gc.FlushStreamingOnGC:0]]
[2022.03.08-13.11.54:401][  0]LogConfig: Setting CVar [[gc.NumRetriesBeforeForcingGC:10]]
[2022.03.08-13.11.54:401][  0]LogConfig: Setting CVar [[gc.AllowParallelGC:1]]
[2022.03.08-13.11.54:401][  0]LogConfig: Setting CVar [[gc.TimeBetweenPurgingPendingKillObjects:61.1]]
[2022.03.08-13.11.54:401][  0]LogConfig: Setting CVar [[gc.MaxObjectsInEditor:25165824]]
[2022.03.08-13.11.54:401][  0]LogConfig: Setting CVar [[gc.IncrementalBeginDestroyEnabled:1]]
[2022.03.08-13.11.54:401][  0]LogConfig: Setting CVar [[gc.CreateGCClusters:1]]
[2022.03.08-13.11.54:401][  0]LogConfig: Setting CVar [[gc.MinGCClusterSize:5]]
[2022.03.08-13.11.54:401][  0]LogConfig: Setting CVar [[gc.ActorClusteringEnabled:0]]
[2022.03.08-13.11.54:401][  0]LogConfig: Setting CVar [[gc.BlueprintClusteringEnabled:0]]
[2022.03.08-13.11.54:401][  0]LogConfig: Setting CVar [[gc.UseDisregardForGCOnDedicatedServers:0]]
[2022.03.08-13.11.54:401][  0]LogConfig: Setting CVar [[gc.MultithreadedDestructionEnabled:1]]
[2022.03.08-13.11.54:401][  0]LogConfig: Applying CVar settings from Section [/Script/Engine.NetworkSettings] File [C:/EpicGames/ChattingClient/ChattingClient/Saved/Config/Windows/Engine.ini]
[2022.03.08-13.11.54:401][  0]LogConfig: Applying CVar settings from Section [/Script/UnrealEd.CookerSettings] File [C:/EpicGames/ChattingClient/ChattingClient/Saved/Config/Windows/Engine.ini]
[2022.03.08-13.11.54:426][  0]LogConfig: Applying CVar settings from Section [ViewDistanceQuality@3] File [C:/EpicGames/ChattingClient/ChattingClient/Saved/Config/Windows/Scalability.ini]
[2022.03.08-13.11.54:426][  0]LogConfig: Setting CVar [[r.SkeletalMeshLODBias:0]]
[2022.03.08-13.11.54:426][  0]LogConfig: Setting CVar [[r.ViewDistanceScale:1.0]]
[2022.03.08-13.11.54:426][  0]LogConfig: Applying CVar settings from Section [AntiAliasingQuality@3] File [C:/EpicGames/ChattingClient/ChattingClient/Saved/Config/Windows/Scalability.ini]
[2022.03.08-13.11.54:426][  0]LogConfig: Setting CVar [[r.PostProcessAAQuality:4]]
[2022.03.08-13.11.54:426][  0]LogConfig: Applying CVar settings from Section [ShadowQuality@3] File [C:/EpicGames/ChattingClient/ChattingClient/Saved/Config/Windows/Scalability.ini]
[2022.03.08-13.11.54:426][  0]LogConfig: Setting CVar [[r.LightFunctionQuality:1]]
[2022.03.08-13.11.54:426][  0]LogConfig: Setting CVar [[r.ShadowQuality:5]]
[2022.03.08-13.11.54:426][  0]LogConfig: Setting CVar [[r.Shadow.CSM.MaxCascades:10]]
[2022.03.08-13.11.54:426][  0]LogConfig: Setting CVar [[r.Shadow.MaxResolution:2048]]
[2022.03.08-13.11.54:426][  0]LogConfig: Setting CVar [[r.Shadow.MaxCSMResolution:2048]]
[2022.03.08-13.11.54:426][  0]LogConfig: Setting CVar [[r.Shadow.RadiusThreshold:0.01]]
[2022.03.08-13.11.54:426][  0]LogConfig: Setting CVar [[r.Shadow.DistanceScale:1.0]]
[2022.03.08-13.11.54:427][  0]LogConfig: Setting CVar [[r.Shadow.CSM.TransitionScale:1.0]]
[2022.03.08-13.11.54:427][  0]LogConfig: Setting CVar [[r.Shadow.PreShadowResolutionFactor:1.0]]
[2022.03.08-13.11.54:427][  0]LogConfig: Setting CVar [[r.DistanceFieldShadowing:1]]
[2022.03.08-13.11.54:427][  0]LogConfig: Setting CVar [[r.DistanceFieldAO:1]]
[2022.03.08-13.11.54:427][  0]LogConfig: Setting CVar [[r.AOQuality:2]]
[2022.03.08-13.11.54:427][  0]LogConfig: Setting CVar [[r.VolumetricFog:1]]
[2022.03.08-13.11.54:427][  0]LogConfig: Setting CVar [[r.VolumetricFog.GridPixelSize:8]]
[2022.03.08-13.11.54:427][  0]LogConfig: Setting CVar [[r.VolumetricFog.GridSizeZ:128]]
[2022.03.08-13.11.54:427][  0]LogConfig: Setting CVar [[r.VolumetricFog.HistoryMissSupersampleCount:4]]
[2022.03.08-13.11.54:427][  0]LogConfig: Setting CVar [[r.LightMaxDrawDistanceScale:1]]
[2022.03.08-13.11.54:427][  0]LogConfig: Setting CVar [[r.CapsuleShadows:1]]
[2022.03.08-13.11.54:427][  0]LogConfig: Applying CVar settings from Section [PostProcessQuality@3] File [C:/EpicGames/ChattingClient/ChattingClient/Saved/Config/Windows/Scalability.ini]
[2022.03.08-13.11.54:427][  0]LogConfig: Setting CVar [[r.MotionBlurQuality:4]]
[2022.03.08-13.11.54:427][  0]LogConfig: Setting CVar [[r.AmbientOcclusionMipLevelFactor:0.4]]
[2022.03.08-13.11.54:427][  0]LogConfig: Setting CVar [[r.AmbientOcclusionMaxQuality:100]]
[2022.03.08-13.11.54:428][  0]LogConfig: Setting CVar [[r.AmbientOcclusionLevels:-1]]
[2022.03.08-13.11.54:428][  0]LogConfig: Setting CVar [[r.AmbientOcclusionRadiusScale:1.0]]
[2022.03.08-13.11.54:428][  0]LogConfig: Setting CVar [[r.DepthOfFieldQuality:2]]
[2022.03.08-13.11.54:428][  0]LogConfig: Setting CVar [[r.RenderTargetPoolMin:400]]
[2022.03.08-13.11.54:428][  0]LogConfig: Setting CVar [[r.LensFlareQuality:2]]
[2022.03.08-13.11.54:428][  0]LogConfig: Setting CVar [[r.SceneColorFringeQuality:1]]
[2022.03.08-13.11.54:428][  0]LogConfig: Setting CVar [[r.EyeAdaptationQuality:2]]
[2022.03.08-13.11.54:428][  0]LogConfig: Setting CVar [[r.BloomQuality:5]]
[2022.03.08-13.11.54:428][  0]LogConfig: Setting CVar [[r.FastBlurThreshold:100]]
[2022.03.08-13.11.54:428][  0]LogConfig: Setting CVar [[r.Upscale.Quality:3]]
[2022.03.08-13.11.54:428][  0]LogConfig: Setting CVar [[r.Tonemapper.GrainQuantization:1]]
[2022.03.08-13.11.54:428][  0]LogConfig: Setting CVar [[r.LightShaftQuality:1]]
[2022.03.08-13.11.54:428][  0]LogConfig: Setting CVar [[r.Filter.SizeScale:1]]
[2022.03.08-13.11.54:428][  0]LogConfig: Setting CVar [[r.Tonemapper.Quality:5]]
[2022.03.08-13.11.54:428][  0]LogConfig: Setting CVar [[r.DOF.Gather.AccumulatorQuality:1        ; higher gathering accumulator quality]]
[2022.03.08-13.11.54:428][  0]LogConfig: Setting CVar [[r.DOF.Gather.PostfilterMethod:1          ; Median3x3 postfilering method]]
[2022.03.08-13.11.54:428][  0]LogConfig: Setting CVar [[r.DOF.Gather.EnableBokehSettings:0       ; no bokeh simulation when gathering]]
[2022.03.08-13.11.54:429][  0]LogConfig: Setting CVar [[r.DOF.Gather.RingCount:4                 ; medium number of samples when gathering]]
[2022.03.08-13.11.54:429][  0]LogConfig: Setting CVar [[r.DOF.Scatter.ForegroundCompositing:1    ; additive foreground scattering]]
[2022.03.08-13.11.54:429][  0]LogConfig: Setting CVar [[r.DOF.Scatter.BackgroundCompositing:2    ; additive background scattering]]
[2022.03.08-13.11.54:429][  0]LogConfig: Setting CVar [[r.DOF.Scatter.EnableBokehSettings:1      ; bokeh simulation when scattering]]
[2022.03.08-13.11.54:429][  0]LogConfig: Setting CVar [[r.DOF.Scatter.MaxSpriteRatio:0.1         ; only a maximum of 10% of scattered bokeh]]
[2022.03.08-13.11.54:429][  0]LogConfig: Setting CVar [[r.DOF.Recombine.Quality:1                ; cheap slight out of focus]]
[2022.03.08-13.11.54:429][  0]LogConfig: Setting CVar [[r.DOF.Recombine.EnableBokehSettings:0    ; no bokeh simulation on slight out of focus]]
[2022.03.08-13.11.54:429][  0]LogConfig: Setting CVar [[r.DOF.TemporalAAQuality:1                ; more stable temporal accumulation]]
[2022.03.08-13.11.54:429][  0]LogConfig: Setting CVar [[r.DOF.Kernel.MaxForegroundRadius:0.025]]
[2022.03.08-13.11.54:429][  0]LogConfig: Setting CVar [[r.DOF.Kernel.MaxBackgroundRadius:0.025]]
[2022.03.08-13.11.54:429][  0]LogConfig: Applying CVar settings from Section [TextureQuality@3] File [C:/EpicGames/ChattingClient/ChattingClient/Saved/Config/Windows/Scalability.ini]
[2022.03.08-13.11.54:429][  0]LogConfig: Setting CVar [[r.Streaming.MipBias:0]]
[2022.03.08-13.11.54:429][  0]LogConfig: Setting CVar [[r.Streaming.AmortizeCPUToGPUCopy:0]]
[2022.03.08-13.11.54:429][  0]LogConfig: Setting CVar [[r.Streaming.MaxNumTexturesToStreamPerFrame:0]]
[2022.03.08-13.11.54:429][  0]LogConfig: Setting CVar [[r.Streaming.Boost:1]]
[2022.03.08-13.11.54:429][  0]LogConfig: Setting CVar [[r.MaxAnisotropy:8]]
[2022.03.08-13.11.54:429][  0]LogConfig: Setting CVar [[r.VT.MaxAnisotropy:8]]
[2022.03.08-13.11.54:430][  0]LogConfig: Setting CVar [[r.Streaming.LimitPoolSizeToVRAM:0]]
[2022.03.08-13.11.54:430][  0]LogConfig: Setting CVar [[r.Streaming.PoolSize:1000]]
[2022.03.08-13.11.54:430][  0]LogConfig: Setting CVar [[r.Streaming.MaxEffectiveScreenSize:0]]
[2022.03.08-13.11.54:430][  0]LogConfig: Applying CVar settings from Section [EffectsQuality@3] File [C:/EpicGames/ChattingClient/ChattingClient/Saved/Config/Windows/Scalability.ini]
[2022.03.08-13.11.54:430][  0]LogConfig: Setting CVar [[r.TranslucencyLightingVolumeDim:64]]
[2022.03.08-13.11.54:430][  0]LogConfig: Setting CVar [[r.RefractionQuality:2]]
[2022.03.08-13.11.54:430][  0]LogConfig: Setting CVar [[r.SSR.Quality:3]]
[2022.03.08-13.11.54:430][  0]LogConfig: Setting CVar [[r.SSR.HalfResSceneColor:0]]
[2022.03.08-13.11.54:430][  0]LogConfig: Setting CVar [[r.SceneColorFormat:4]]
[2022.03.08-13.11.54:430][  0]LogConfig: Setting CVar [[r.DetailMode:2]]
[2022.03.08-13.11.54:430][  0]LogConfig: Setting CVar [[r.TranslucencyVolumeBlur:1]]
[2022.03.08-13.11.54:430][  0]LogConfig: Setting CVar [[r.MaterialQualityLevel:1 ; High quality]]
[2022.03.08-13.11.54:430][  0]LogConfig: Setting CVar [[r.AnisotropicMaterials:1]]
[2022.03.08-13.11.54:430][  0]LogConfig: Setting CVar [[r.SSS.Scale:1]]
[2022.03.08-13.11.54:430][  0]LogConfig: Setting CVar [[r.SSS.SampleSet:2]]
[2022.03.08-13.11.54:430][  0]LogConfig: Setting CVar [[r.SSS.Quality:1]]
[2022.03.08-13.11.54:430][  0]LogConfig: Setting CVar [[r.SSS.HalfRes:0]]
[2022.03.08-13.11.54:431][  0]LogConfig: Setting CVar [[r.SSGI.Quality:3]]
[2022.03.08-13.11.54:431][  0]LogConfig: Setting CVar [[r.EmitterSpawnRateScale:1.0]]
[2022.03.08-13.11.54:431][  0]LogConfig: Setting CVar [[r.ParticleLightQuality:2]]
[2022.03.08-13.11.54:431][  0]LogConfig: Setting CVar [[r.SkyAtmosphere.AerialPerspectiveLUT.FastApplyOnOpaque:1 ; Always have FastSkyLUT 1 in this case to avoid wrong sky]]
[2022.03.08-13.11.54:431][  0]LogConfig: Setting CVar [[r.SkyAtmosphere.AerialPerspectiveLUT.SampleCountMaxPerSlice:4]]
[2022.03.08-13.11.54:431][  0]LogConfig: Setting CVar [[r.SkyAtmosphere.AerialPerspectiveLUT.DepthResolution:16.0]]
[2022.03.08-13.11.54:431][  0]LogConfig: Setting CVar [[r.SkyAtmosphere.FastSkyLUT:1]]
[2022.03.08-13.11.54:431][  0]LogConfig: Setting CVar [[r.SkyAtmosphere.FastSkyLUT.SampleCountMin:4.0]]
[2022.03.08-13.11.54:431][  0]LogConfig: Setting CVar [[r.SkyAtmosphere.FastSkyLUT.SampleCountMax:128.0]]
[2022.03.08-13.11.54:431][  0]LogConfig: Setting CVar [[r.SkyAtmosphere.SampleCountMin:4.0]]
[2022.03.08-13.11.54:431][  0]LogConfig: Setting CVar [[r.SkyAtmosphere.SampleCountMax:128.0]]
[2022.03.08-13.11.54:431][  0]LogConfig: Setting CVar [[r.SkyAtmosphere.TransmittanceLUT.UseSmallFormat:0]]
[2022.03.08-13.11.54:431][  0]LogConfig: Setting CVar [[r.SkyAtmosphere.TransmittanceLUT.SampleCount:10.0]]
[2022.03.08-13.11.54:431][  0]LogConfig: Setting CVar [[r.SkyAtmosphere.MultiScatteringLUT.SampleCount:15.0]]
[2022.03.08-13.11.54:431][  0]LogConfig: Setting CVar [[r.SkyLight.RealTimeReflectionCapture:1]]
[2022.03.08-13.11.54:431][  0]LogConfig: Applying CVar settings from Section [FoliageQuality@3] File [C:/EpicGames/ChattingClient/ChattingClient/Saved/Config/Windows/Scalability.ini]
[2022.03.08-13.11.54:432][  0]LogConfig: Setting CVar [[foliage.DensityScale:1.0]]
[2022.03.08-13.11.54:432][  0]LogConfig: Setting CVar [[grass.DensityScale:1.0]]
[2022.03.08-13.11.54:432][  0]LogConfig: Applying CVar settings from Section [ShadingQuality@3] File [C:/EpicGames/ChattingClient/ChattingClient/Saved/Config/Windows/Scalability.ini]
[2022.03.08-13.11.54:432][  0]LogConfig: Setting CVar [[r.HairStrands.SkyLighting.IntegrationType:2]]
[2022.03.08-13.11.54:432][  0]LogConfig: Setting CVar [[r.HairStrands.SkyAO.SampleCount:4]]
[2022.03.08-13.11.54:432][  0]LogConfig: Setting CVar [[r.HairStrands.Visibility.MSAA.SamplePerPixel:4]]
[2022.03.08-13.11.54:432][  0]LogInit: Selected Device Profile: [Windows]
[2022.03.08-13.11.54:432][  0]LogInit: Applying CVar settings loaded from the selected device profile: [Windows]
[2022.03.08-13.11.54:432][  0]LogHAL: Display: Platform has ~ 16 GB [17096134656 / 17179869184 / 16], which maps to Larger [LargestMinGB=32, LargerMinGB=12, DefaultMinGB=8, SmallerMinGB=6, SmallestMinGB=0)
[2022.03.08-13.11.54:432][  0]LogInit: Going up to parent DeviceProfile []
[2022.03.08-13.11.54:432][  0]LogConfig: Applying CVar settings from Section [ViewDistanceQuality@3] File [C:/EpicGames/ChattingClient/ChattingClient/Saved/Config/Windows/Scalability.ini]
[2022.03.08-13.11.54:432][  0]LogConfig: Setting CVar [[r.SkeletalMeshLODBias:0]]
[2022.03.08-13.11.54:432][  0]LogConfig: Setting CVar [[r.ViewDistanceScale:1.0]]
[2022.03.08-13.11.54:433][  0]LogConfig: Applying CVar settings from Section [AntiAliasingQuality@3] File [C:/EpicGames/ChattingClient/ChattingClient/Saved/Config/Windows/Scalability.ini]
[2022.03.08-13.11.54:433][  0]LogConfig: Setting CVar [[r.PostProcessAAQuality:4]]
[2022.03.08-13.11.54:433][  0]LogConfig: Applying CVar settings from Section [ShadowQuality@3] File [C:/EpicGames/ChattingClient/ChattingClient/Saved/Config/Windows/Scalability.ini]
[2022.03.08-13.11.54:433][  0]LogConfig: Setting CVar [[r.LightFunctionQuality:1]]
[2022.03.08-13.11.54:433][  0]LogConfig: Setting CVar [[r.ShadowQuality:5]]
[2022.03.08-13.11.54:433][  0]LogConfig: Setting CVar [[r.Shadow.CSM.MaxCascades:10]]
[2022.03.08-13.11.54:433][  0]LogConfig: Setting CVar [[r.Shadow.MaxResolution:2048]]
[2022.03.08-13.11.54:433][  0]LogConfig: Setting CVar [[r.Shadow.MaxCSMResolution:2048]]
[2022.03.08-13.11.54:433][  0]LogConfig: Setting CVar [[r.Shadow.RadiusThreshold:0.01]]
[2022.03.08-13.11.54:433][  0]LogConfig: Setting CVar [[r.Shadow.DistanceScale:1.0]]
[2022.03.08-13.11.54:433][  0]LogConfig: Setting CVar [[r.Shadow.CSM.TransitionScale:1.0]]
[2022.03.08-13.11.54:433][  0]LogConfig: Setting CVar [[r.Shadow.PreShadowResolutionFactor:1.0]]
[2022.03.08-13.11.54:433][  0]LogConfig: Setting CVar [[r.DistanceFieldShadowing:1]]
[2022.03.08-13.11.54:433][  0]LogConfig: Setting CVar [[r.DistanceFieldAO:1]]
[2022.03.08-13.11.54:433][  0]LogConfig: Setting CVar [[r.AOQuality:2]]
[2022.03.08-13.11.54:433][  0]LogConfig: Setting CVar [[r.VolumetricFog:1]]
[2022.03.08-13.11.54:433][  0]LogConfig: Setting CVar [[r.VolumetricFog.GridPixelSize:8]]
[2022.03.08-13.11.54:434][  0]LogConfig: Setting CVar [[r.VolumetricFog.GridSizeZ:128]]
[2022.03.08-13.11.54:434][  0]LogConfig: Setting CVar [[r.VolumetricFog.HistoryMissSupersampleCount:4]]
[2022.03.08-13.11.54:434][  0]LogConfig: Setting CVar [[r.LightMaxDrawDistanceScale:1]]
[2022.03.08-13.11.54:434][  0]LogConfig: Setting CVar [[r.CapsuleShadows:1]]
[2022.03.08-13.11.54:434][  0]LogConfig: Applying CVar settings from Section [PostProcessQuality@3] File [C:/EpicGames/ChattingClient/ChattingClient/Saved/Config/Windows/Scalability.ini]
[2022.03.08-13.11.54:434][  0]LogConfig: Setting CVar [[r.MotionBlurQuality:4]]
[2022.03.08-13.11.54:434][  0]LogConfig: Setting CVar [[r.AmbientOcclusionMipLevelFactor:0.4]]
[2022.03.08-13.11.54:434][  0]LogConfig: Setting CVar [[r.AmbientOcclusionMaxQuality:100]]
[2022.03.08-13.11.54:434][  0]LogConfig: Setting CVar [[r.AmbientOcclusionLevels:-1]]
[2022.03.08-13.11.54:434][  0]LogConfig: Setting CVar [[r.AmbientOcclusionRadiusScale:1.0]]
[2022.03.08-13.11.54:434][  0]LogConfig: Setting CVar [[r.DepthOfFieldQuality:2]]
[2022.03.08-13.11.54:434][  0]LogConfig: Setting CVar [[r.RenderTargetPoolMin:400]]
[2022.03.08-13.11.54:434][  0]LogConfig: Setting CVar [[r.LensFlareQuality:2]]
[2022.03.08-13.11.54:434][  0]LogConfig: Setting CVar [[r.SceneColorFringeQuality:1]]
[2022.03.08-13.11.54:434][  0]LogConfig: Setting CVar [[r.EyeAdaptationQuality:2]]
[2022.03.08-13.11.54:434][  0]LogConfig: Setting CVar [[r.BloomQuality:5]]
[2022.03.08-13.11.54:435][  0]LogConfig: Setting CVar [[r.FastBlurThreshold:100]]
[2022.03.08-13.11.54:435][  0]LogConfig: Setting CVar [[r.Upscale.Quality:3]]
[2022.03.08-13.11.54:435][  0]LogConfig: Setting CVar [[r.Tonemapper.GrainQuantization:1]]
[2022.03.08-13.11.54:435][  0]LogConfig: Setting CVar [[r.LightShaftQuality:1]]
[2022.03.08-13.11.54:435][  0]LogConfig: Setting CVar [[r.Filter.SizeScale:1]]
[2022.03.08-13.11.54:435][  0]LogConfig: Setting CVar [[r.Tonemapper.Quality:5]]
[2022.03.08-13.11.54:435][  0]LogConfig: Setting CVar [[r.DOF.Gather.AccumulatorQuality:1        ; higher gathering accumulator quality]]
[2022.03.08-13.11.54:435][  0]LogConfig: Setting CVar [[r.DOF.Gather.PostfilterMethod:1          ; Median3x3 postfilering method]]
[2022.03.08-13.11.54:435][  0]LogConfig: Setting CVar [[r.DOF.Gather.EnableBokehSettings:0       ; no bokeh simulation when gathering]]
[2022.03.08-13.11.54:435][  0]LogConfig: Setting CVar [[r.DOF.Gather.RingCount:4                 ; medium number of samples when gathering]]
[2022.03.08-13.11.54:435][  0]LogConfig: Setting CVar [[r.DOF.Scatter.ForegroundCompositing:1    ; additive foreground scattering]]
[2022.03.08-13.11.54:435][  0]LogConfig: Setting CVar [[r.DOF.Scatter.BackgroundCompositing:2    ; additive background scattering]]
[2022.03.08-13.11.54:435][  0]LogConfig: Setting CVar [[r.DOF.Scatter.EnableBokehSettings:1      ; bokeh simulation when scattering]]
[2022.03.08-13.11.54:435][  0]LogConfig: Setting CVar [[r.DOF.Scatter.MaxSpriteRatio:0.1         ; only a maximum of 10% of scattered bokeh]]
[2022.03.08-13.11.54:435][  0]LogConfig: Setting CVar [[r.DOF.Recombine.Quality:1                ; cheap slight out of focus]]
[2022.03.08-13.11.54:435][  0]LogConfig: Setting CVar [[r.DOF.Recombine.EnableBokehSettings:0    ; no bokeh simulation on slight out of focus]]
[2022.03.08-13.11.54:435][  0]LogConfig: Setting CVar [[r.DOF.TemporalAAQuality:1                ; more stable temporal accumulation]]
[2022.03.08-13.11.54:436][  0]LogConfig: Setting CVar [[r.DOF.Kernel.MaxForegroundRadius:0.025]]
[2022.03.08-13.11.54:436][  0]LogConfig: Setting CVar [[r.DOF.Kernel.MaxBackgroundRadius:0.025]]
[2022.03.08-13.11.54:436][  0]LogConfig: Applying CVar settings from Section [TextureQuality@3] File [C:/EpicGames/ChattingClient/ChattingClient/Saved/Config/Windows/Scalability.ini]
[2022.03.08-13.11.54:436][  0]LogConfig: Setting CVar [[r.Streaming.MipBias:0]]
[2022.03.08-13.11.54:436][  0]LogConfig: Setting CVar [[r.Streaming.AmortizeCPUToGPUCopy:0]]
[2022.03.08-13.11.54:436][  0]LogConfig: Setting CVar [[r.Streaming.MaxNumTexturesToStreamPerFrame:0]]
[2022.03.08-13.11.54:436][  0]LogConfig: Setting CVar [[r.Streaming.Boost:1]]
[2022.03.08-13.11.54:436][  0]LogConfig: Setting CVar [[r.MaxAnisotropy:8]]
[2022.03.08-13.11.54:436][  0]LogConfig: Setting CVar [[r.VT.MaxAnisotropy:8]]
[2022.03.08-13.11.54:436][  0]LogConfig: Setting CVar [[r.Streaming.LimitPoolSizeToVRAM:0]]
[2022.03.08-13.11.54:436][  0]LogConfig: Setting CVar [[r.Streaming.PoolSize:1000]]
[2022.03.08-13.11.54:436][  0]LogConfig: Setting CVar [[r.Streaming.MaxEffectiveScreenSize:0]]
[2022.03.08-13.11.54:436][  0]LogConfig: Applying CVar settings from Section [EffectsQuality@3] File [C:/EpicGames/ChattingClient/ChattingClient/Saved/Config/Windows/Scalability.ini]
[2022.03.08-13.11.54:436][  0]LogConfig: Setting CVar [[r.TranslucencyLightingVolumeDim:64]]
[2022.03.08-13.11.54:436][  0]LogConfig: Setting CVar [[r.RefractionQuality:2]]
[2022.03.08-13.11.54:436][  0]LogConfig: Setting CVar [[r.SSR.Quality:3]]
[2022.03.08-13.11.54:436][  0]LogConfig: Setting CVar [[r.SSR.HalfResSceneColor:0]]
[2022.03.08-13.11.54:437][  0]LogConfig: Setting CVar [[r.SceneColorFormat:4]]
[2022.03.08-13.11.54:437][  0]LogConfig: Setting CVar [[r.DetailMode:2]]
[2022.03.08-13.11.54:437][  0]LogConfig: Setting CVar [[r.TranslucencyVolumeBlur:1]]
[2022.03.08-13.11.54:437][  0]LogConfig: Setting CVar [[r.MaterialQualityLevel:1 ; High quality]]
[2022.03.08-13.11.54:437][  0]LogConfig: Setting CVar [[r.AnisotropicMaterials:1]]
[2022.03.08-13.11.54:437][  0]LogConfig: Setting CVar [[r.SSS.Scale:1]]
[2022.03.08-13.11.54:437][  0]LogConfig: Setting CVar [[r.SSS.SampleSet:2]]
[2022.03.08-13.11.54:437][  0]LogConfig: Setting CVar [[r.SSS.Quality:1]]
[2022.03.08-13.11.54:437][  0]LogConfig: Setting CVar [[r.SSS.HalfRes:0]]
[2022.03.08-13.11.54:437][  0]LogConfig: Setting CVar [[r.SSGI.Quality:3]]
[2022.03.08-13.11.54:437][  0]LogConfig: Setting CVar [[r.EmitterSpawnRateScale:1.0]]
[2022.03.08-13.11.54:437][  0]LogConfig: Setting CVar [[r.ParticleLightQuality:2]]
[2022.03.08-13.11.54:437][  0]LogConfig: Setting CVar [[r.SkyAtmosphere.AerialPerspectiveLUT.FastApplyOnOpaque:1 ; Always have FastSkyLUT 1 in this case to avoid wrong sky]]
[2022.03.08-13.11.54:437][  0]LogConfig: Setting CVar [[r.SkyAtmosphere.AerialPerspectiveLUT.SampleCountMaxPerSlice:4]]
[2022.03.08-13.11.54:437][  0]LogConfig: Setting CVar [[r.SkyAtmosphere.AerialPerspectiveLUT.DepthResolution:16.0]]
[2022.03.08-13.11.54:437][  0]LogConfig: Setting CVar [[r.SkyAtmosphere.FastSkyLUT:1]]
[2022.03.08-13.11.54:437][  0]LogConfig: Setting CVar [[r.SkyAtmosphere.FastSkyLUT.SampleCountMin:4.0]]
[2022.03.08-13.11.54:438][  0]LogConfig: Setting CVar [[r.SkyAtmosphere.FastSkyLUT.SampleCountMax:128.0]]
[2022.03.08-13.11.54:438][  0]LogConfig: Setting CVar [[r.SkyAtmosphere.SampleCountMin:4.0]]
[2022.03.08-13.11.54:438][  0]LogConfig: Setting CVar [[r.SkyAtmosphere.SampleCountMax:128.0]]
[2022.03.08-13.11.54:438][  0]LogConfig: Setting CVar [[r.SkyAtmosphere.TransmittanceLUT.UseSmallFormat:0]]
[2022.03.08-13.11.54:438][  0]LogConfig: Setting CVar [[r.SkyAtmosphere.TransmittanceLUT.SampleCount:10.0]]
[2022.03.08-13.11.54:438][  0]LogConfig: Setting CVar [[r.SkyAtmosphere.MultiScatteringLUT.SampleCount:15.0]]
[2022.03.08-13.11.54:438][  0]LogConfig: Setting CVar [[r.SkyLight.RealTimeReflectionCapture:1]]
[2022.03.08-13.11.54:438][  0]LogConfig: Applying CVar settings from Section [FoliageQuality@3] File [C:/EpicGames/ChattingClient/ChattingClient/Saved/Config/Windows/Scalability.ini]
[2022.03.08-13.11.54:438][  0]LogConfig: Setting CVar [[foliage.DensityScale:1.0]]
[2022.03.08-13.11.54:438][  0]LogConfig: Setting CVar [[grass.DensityScale:1.0]]
[2022.03.08-13.11.54:438][  0]LogConfig: Applying CVar settings from Section [ShadingQuality@3] File [C:/EpicGames/ChattingClient/ChattingClient/Saved/Config/Windows/Scalability.ini]
[2022.03.08-13.11.54:438][  0]LogConfig: Setting CVar [[r.HairStrands.SkyLighting.IntegrationType:2]]
[2022.03.08-13.11.54:438][  0]LogConfig: Setting CVar [[r.HairStrands.SkyAO.SampleCount:4]]
[2022.03.08-13.11.54:438][  0]LogConfig: Setting CVar [[r.HairStrands.Visibility.MSAA.SamplePerPixel:4]]
[2022.03.08-13.11.54:438][  0]LogConfig: Applying CVar settings from Section [Startup] File [../../../Engine/Config/ConsoleVariables.ini]
[2022.03.08-13.11.54:439][  0]LogConfig: Setting CVar [[net.UseAdaptiveNetUpdateFrequency:0]]
[2022.03.08-13.11.54:439][  0]LogConfig: Setting CVar [[p.chaos.AllowCreatePhysxBodies:1]]
[2022.03.08-13.11.54:439][  0]LogConfig: Setting CVar [[fx.SkipVectorVMBackendOptimizations:1]]
[2022.03.08-13.11.54:439][  0]LogConfig: Applying CVar settings from Section [ConsoleVariables] File [C:/EpicGames/ChattingClient/ChattingClient/Saved/Config/Windows/Engine.ini]
[2022.03.08-13.11.54:439][  0]LogConfig: Applying CVar settings from Section [ConsoleVariables] File [C:/EpicGames/ChattingClient/ChattingClient/Saved/Config/Windows/Editor.ini]
[2022.03.08-13.11.54:439][  0]LogInit: Computer: DESKTOP-JG03A40
[2022.03.08-13.11.54:439][  0]LogInit: User: lenovo
[2022.03.08-13.11.54:439][  0]LogInit: CPU Page size=4096, Cores=6
[2022.03.08-13.11.54:439][  0]LogInit: High frequency timer resolution =10.000000 MHz
[2022.03.08-13.11.54:439][  0]LogMemory: Memory total: Physical=15.9GB (16GB approx)
[2022.03.08-13.11.54:439][  0]LogMemory: Platform Memory Stats for Windows
[2022.03.08-13.11.54:440][  0]LogMemory: Process Physical Memory: 148.74 MB used, 148.74 MB peak
[2022.03.08-13.11.54:440][  0]LogMemory: Process Virtual Memory: 128.46 MB used, 128.46 MB peak
[2022.03.08-13.11.54:440][  0]LogMemory: Physical Memory: 11030.79 MB used,  5273.36 MB free, 16304.14 MB total
[2022.03.08-13.11.54:440][  0]LogMemory: Virtual Memory: 134208016.00 MB used,  9711.27 MB free, 134217728.00 MB total
[2022.03.08-13.11.54:474][  0]LogWindows: WindowsPlatformFeatures enabled
[2022.03.08-13.11.54:716][  0]LogInit: Physics initialised using underlying interface: PhysX
[2022.03.08-13.11.54:717][  0]LogInit: Using OS detected language (ko-KR).
[2022.03.08-13.11.54:717][  0]LogInit: Using OS detected locale (ko-KR).
[2022.03.08-13.11.54:722][  0]LogTextLocalizationManager: No specific localization for 'ko-KR' exists, so the 'ko' localization will be used.
[2022.03.08-13.11.54:843][  0]LogInit: Setting process to per monitor DPI aware
[2022.03.08-13.11.54:940][  0]LogWindowsTextInputMethodSystem: Display: IME system deactivated.
[2022.03.08-13.11.54:967][  0]LogSlate: New Slate User Created.  User Index 0, Is Virtual User: 0
[2022.03.08-13.11.54:967][  0]LogSlate: Slate User Registered.  User Index 0, Is Virtual User: 0
[2022.03.08-13.11.55:191][  0]LogD3D11RHI: Loaded GFSDK_Aftermath_Lib.x64.dll
[2022.03.08-13.11.55:201][  0]LogHMD: Failed to initialize OpenVR with code 110
[2022.03.08-13.11.55:201][  0]LogD3D11RHI: D3D11 min allowed feature level: 11_0
[2022.03.08-13.11.55:201][  0]LogD3D11RHI: D3D11 max allowed feature level: 11_0
[2022.03.08-13.11.55:201][  0]LogD3D11RHI: D3D11 adapters:
[2022.03.08-13.11.55:366][  0]LogD3D11RHI:    0. 'NVIDIA GeForce GTX 1660 Ti' (Feature Level 11_0)
[2022.03.08-13.11.55:366][  0]LogD3D11RHI:       5991/0/8152 MB DedicatedVideo/DedicatedSystem/SharedSystem, Outputs:1, VendorId:0x10de
[2022.03.08-13.11.55:374][  0]LogD3D11RHI:    1. 'Microsoft Basic Render Driver' (Feature Level 11_0)
[2022.03.08-13.11.55:374][  0]LogD3D11RHI:       0/0/8152 MB DedicatedVideo/DedicatedSystem/SharedSystem, Outputs:0, VendorId:0x1414
[2022.03.08-13.11.55:374][  0]LogD3D11RHI: Chosen D3D11 Adapter:
[2022.03.08-13.11.55:374][  0]LogD3D11RHI:     Description : NVIDIA GeForce GTX 1660 Ti
[2022.03.08-13.11.55:374][  0]LogD3D11RHI:     VendorId    : 10de
[2022.03.08-13.11.55:374][  0]LogD3D11RHI:     DeviceId    : 2191
[2022.03.08-13.11.55:374][  0]LogD3D11RHI:     SubSysId    : 3ffc17aa
[2022.03.08-13.11.55:374][  0]LogD3D11RHI:     Revision    : 00a1
[2022.03.08-13.11.55:374][  0]LogD3D11RHI:     DedicatedVideoMemory : 6282018816 bytes
[2022.03.08-13.11.55:374][  0]LogD3D11RHI:     DedicatedSystemMemory : 0 bytes
[2022.03.08-13.11.55:374][  0]LogD3D11RHI:     SharedSystemMemory : 8548067328 bytes
[2022.03.08-13.11.55:374][  0]LogD3D11RHI:     AdapterLuid : 0 76549
[2022.03.08-13.11.55:388][  0]LogD3D11RHI: Creating new Direct3DDevice
[2022.03.08-13.11.55:388][  0]LogD3D11RHI:     GPU DeviceId: 0x2191 (for the marketing name, search the web for "GPU Device Id")
[2022.03.08-13.11.55:388][  0]LogWindows: EnumDisplayDevices:
[2022.03.08-13.11.55:389][  0]LogWindows:    0. 'NVIDIA GeForce GTX 1660 Ti' (P:1 D:1)
[2022.03.08-13.11.55:391][  0]LogWindows:    1. 'NVIDIA GeForce GTX 1660 Ti' (P:0 D:0)
[2022.03.08-13.11.55:392][  0]LogWindows:    2. 'NVIDIA GeForce GTX 1660 Ti' (P:0 D:0)
[2022.03.08-13.11.55:394][  0]LogWindows:    3. 'NVIDIA GeForce GTX 1660 Ti' (P:0 D:0)
[2022.03.08-13.11.55:395][  0]LogWindows: DebugString: FoundDriverCount:4 
[2022.03.08-13.11.55:395][  0]LogD3D11RHI:     Adapter Name: NVIDIA GeForce GTX 1660 Ti
[2022.03.08-13.11.55:395][  0]LogD3D11RHI:   Driver Version: 471.41 (internal:30.0.14.7141, unified:471.41)
[2022.03.08-13.11.55:395][  0]LogD3D11RHI:      Driver Date: 7-12-2021
[2022.03.08-13.11.55:395][  0]LogRHI: Texture pool is 4193 MB (70% of 5991 MB)
[2022.03.08-13.11.55:395][  0]LogD3D11RHI: Creating D3DDevice using adapter:
[2022.03.08-13.11.55:395][  0]LogD3D11RHI:     Description : NVIDIA GeForce GTX 1660 Ti
[2022.03.08-13.11.55:395][  0]LogD3D11RHI:     VendorId    : 10de
[2022.03.08-13.11.55:396][  0]LogD3D11RHI:     DeviceId    : 2191
[2022.03.08-13.11.55:396][  0]LogD3D11RHI:     SubSysId    : 3ffc17aa
[2022.03.08-13.11.55:396][  0]LogD3D11RHI:     Revision    : 00a1
[2022.03.08-13.11.55:396][  0]LogD3D11RHI:     DedicatedVideoMemory : 6282018816 bytes
[2022.03.08-13.11.55:396][  0]LogD3D11RHI:     DedicatedSystemMemory : 0 bytes
[2022.03.08-13.11.55:396][  0]LogD3D11RHI:     SharedSystemMemory : 8548067328 bytes
[2022.03.08-13.11.55:396][  0]LogD3D11RHI:     AdapterLuid : 0 76549
[2022.03.08-13.11.55:521][  0]LogD3D11RHI: RHI has support for 64 bit atomics
[2022.03.08-13.11.55:521][  0]LogD3D11RHI: Async texture creation enabled
[2022.03.08-13.11.55:521][  0]LogD3D11RHI: Array index from any shader is supported
[2022.03.08-13.11.55:550][  0]LogD3D11RHI: GPU Timing Frequency: 1000.000000 (Debug: 2 1)
[2022.03.08-13.11.55:663][  0]LogRHI: GeForceNow SDK initialized: 1
[2022.03.08-13.11.56:116][  0]LogTargetPlatformManager: Display: Loaded TargetPlatform 'AllDesktop'
[2022.03.08-13.11.56:140][  0]LogTargetPlatformManager: Display: Loaded TargetPlatform 'Android'
[2022.03.08-13.11.56:141][  0]LogTargetPlatformManager: Display: Loaded TargetPlatform 'Android_ASTC'
[2022.03.08-13.11.56:141][  0]LogTargetPlatformManager: Display: Loaded TargetPlatform 'Android_DXT'
[2022.03.08-13.11.56:141][  0]LogTargetPlatformManager: Display: Loaded TargetPlatform 'Android_ETC2'
[2022.03.08-13.11.56:141][  0]LogTargetPlatformManager: Display: Loaded TargetPlatform 'AndroidClient'
[2022.03.08-13.11.56:141][  0]LogTargetPlatformManager: Display: Loaded TargetPlatform 'Android_ASTCClient'
[2022.03.08-13.11.56:141][  0]LogTargetPlatformManager: Display: Loaded TargetPlatform 'Android_DXTClient'
[2022.03.08-13.11.56:141][  0]LogTargetPlatformManager: Display: Loaded TargetPlatform 'Android_ETC2Client'
[2022.03.08-13.11.56:141][  0]LogTargetPlatformManager: Display: Loaded TargetPlatform 'Android_Multi'
[2022.03.08-13.11.56:142][  0]LogTargetPlatformManager: Display: Loaded TargetPlatform 'Android_MultiClient'
[2022.03.08-13.11.56:174][  0]LogTargetPlatformManager: Display: Loaded TargetPlatform 'IOSClient'
[2022.03.08-13.11.56:174][  0]LogTargetPlatformManager: Display: Loaded TargetPlatform 'IOS'
[2022.03.08-13.11.56:188][  0]LogTargetPlatformManager: Display: Loaded TargetPlatform 'Linux'
[2022.03.08-13.11.56:196][  0]LogTargetPlatformManager: Display: Loaded TargetPlatform 'LinuxNoEditor'
[2022.03.08-13.11.56:204][  0]LogTargetPlatformManager: Display: Loaded TargetPlatform 'LinuxClient'
[2022.03.08-13.11.56:213][  0]LogTargetPlatformManager: Display: Loaded TargetPlatform 'LinuxServer'
[2022.03.08-13.11.56:226][  0]LogTargetPlatformManager: Display: Loaded TargetPlatform 'LinuxAArch64NoEditor'
[2022.03.08-13.11.56:236][  0]LogTargetPlatformManager: Display: Loaded TargetPlatform 'LinuxAArch64Client'
[2022.03.08-13.11.56:244][  0]LogTargetPlatformManager: Display: Loaded TargetPlatform 'LinuxAArch64Server'
[2022.03.08-13.11.56:271][  0]LogTargetPlatformManager: Display: Loaded TargetPlatform 'Lumin'
[2022.03.08-13.11.56:271][  0]LogTargetPlatformManager: Display: Loaded TargetPlatform 'LuminClient'
[2022.03.08-13.11.56:284][  0]LogTargetPlatformManager: Display: Loaded TargetPlatform 'MacNoEditor'
[2022.03.08-13.11.56:292][  0]LogTargetPlatformManager: Display: Loaded TargetPlatform 'Mac'
[2022.03.08-13.11.56:300][  0]LogTargetPlatformManager: Display: Loaded TargetPlatform 'MacClient'
[2022.03.08-13.11.56:309][  0]LogTargetPlatformManager: Display: Loaded TargetPlatform 'MacServer'
[2022.03.08-13.11.56:325][  0]LogTargetPlatformManager: Display: Loaded TargetPlatform 'TVOSClient'
[2022.03.08-13.11.56:325][  0]LogTargetPlatformManager: Display: Loaded TargetPlatform 'TVOS'
[2022.03.08-13.11.56:338][  0]LogTargetPlatformManager: Display: Loaded TargetPlatform 'WindowsNoEditor'
[2022.03.08-13.11.56:347][  0]LogTargetPlatformManager: Display: Loaded TargetPlatform 'Windows'
[2022.03.08-13.11.56:355][  0]LogTargetPlatformManager: Display: Loaded TargetPlatform 'WindowsClient'
[2022.03.08-13.11.56:365][  0]LogTargetPlatformManager: Display: Loaded TargetPlatform 'WindowsServer'
[2022.03.08-13.11.56:365][  0]LogTargetPlatformManager: Display: Building Assets For Windows
[2022.03.08-13.11.56:387][  0]LogAudioDebug: Display: Lib vorbis DLL was dynamically loaded.
[2022.03.08-13.11.56:473][  0]LogTextureFormatOodle: Display: Oodle Texture 2.9.0 init RDO Off
[2022.03.08-13.11.56:581][  0]LogRendererCore: Ray tracing is disabled. Reason: r.RayTracing=0.
[2022.03.08-13.11.56:581][  0]LogShaderCompilers: Guid format shader working directory is 5 characters bigger than the processId version (../../../../ChattingClient/ChattingClient/Intermediate/Shaders/WorkingDirectory/19336/).
[2022.03.08-13.11.56:582][  0]LogShaderCompilers: Cleaned the shader compiler working directory 'C:/Users/lenovo/AppData/Local/Temp/UnrealShaderWorkingDir/6E3FCAD548E79D8B1E9B4BBA5CB41D27/'.
[2022.03.08-13.11.56:582][  0]LogXGEController: Cannot use XGE Controller as Incredibuild is not installed on this machine.
[2022.03.08-13.11.56:582][  0]LogShaderCompilers: Cannot use XGE Shader Compiler as Incredibuild is not installed on this machine.
[2022.03.08-13.11.56:582][  0]LogShaderCompilers: Display: Using Local Shader Compiler.
[2022.03.08-13.11.57:406][  0]LogDerivedDataCache: Display: Max Cache Size: 512 MB
[2022.03.08-13.11.57:462][  0]LogDerivedDataCache: Loaded boot cache 0.06s 96MB C:/Users/lenovo/AppData/Local/UnrealEngine/4.27/DerivedDataCache/Boot.ddc.
[2022.03.08-13.11.57:462][  0]LogDerivedDataCache: Display: Loaded Boot cache: C:/Users/lenovo/AppData/Local/UnrealEngine/4.27/DerivedDataCache/Boot.ddc
[2022.03.08-13.11.57:462][  0]LogDerivedDataCache: FDerivedDataBackendGraph:  Pak pak cache file ../../../../ChattingClient/ChattingClient/DerivedDataCache/DDC.ddp not found, will not use a pak cache.
[2022.03.08-13.11.57:462][  0]LogDerivedDataCache: Unable to find inner node Pak for hierarchical cache Hierarchy.
[2022.03.08-13.11.57:462][  0]LogDerivedDataCache: FDerivedDataBackendGraph:  CompressedPak pak cache file ../../../../ChattingClient/ChattingClient/DerivedDataCache/Compressed.ddp not found, will not use a pak cache.
[2022.03.08-13.11.57:462][  0]LogDerivedDataCache: Unable to find inner node CompressedPak for hierarchical cache Hierarchy.
[2022.03.08-13.11.57:478][  0]LogDerivedDataCache: Display: Pak cache opened for reading ../../../Engine/DerivedDataCache/Compressed.ddp.
[2022.03.08-13.11.57:478][  0]LogDerivedDataCache: FDerivedDataBackendGraph:  EnterprisePak pak cache file ../../../Enterprise/DerivedDataCache/Compressed.ddp not found, will not use a pak cache.
[2022.03.08-13.11.57:478][  0]LogDerivedDataCache: Unable to find inner node EnterprisePak for hierarchical cache Hierarchy.
[2022.03.08-13.11.57:490][  0]LogDerivedDataCache: Speed tests for C:/Users/lenovo/AppData/Local/UnrealEngine/Common/DerivedDataCache took 0.01 seconds
[2022.03.08-13.11.57:490][  0]LogDerivedDataCache: Display: Performance to C:/Users/lenovo/AppData/Local/UnrealEngine/Common/DerivedDataCache: Latency=0.04ms. RandomReadSpeed=613.37MBs, RandomWriteSpeed=102.13MBs. Assigned SpeedClass 'Local'
[2022.03.08-13.11.57:494][  0]LogDerivedDataCache: Using Local data cache path C:/Users/lenovo/AppData/Local/UnrealEngine/Common/DerivedDataCache: Writable
[2022.03.08-13.11.57:494][  0]LogDerivedDataCache: Shared data cache path not found in *engine.ini, will not use an Shared cache.
[2022.03.08-13.11.57:495][  0]LogDerivedDataCache: Unable to find inner node Shared for hierarchical cache Hierarchy.
[2022.03.08-13.11.57:553][  0]LogSlate: Using FreeType 2.10.0
[2022.03.08-13.11.57:554][  0]LogSlate: SlateFontServices - WITH_FREETYPE: 1, WITH_HARFBUZZ: 1
[2022.03.08-13.11.57:587][  0]LogAssetRegistry: FAssetRegistry took 0.0054 seconds to start up
[2022.03.08-13.11.57:850][  0]LogInit: Selected Device Profile: [Windows]
[2022.03.08-13.11.57:851][  0]LogInit: Active device profile: [00000201409D0E00][00000201368E6C40 49] Windows
[2022.03.08-13.11.57:851][  0]LogInit: Profiles: [00000201409D0E00][00000201368E6C40 49] Windows, [0000020140986500][000002013062CDC0 49] WindowsNoEditor, [00000201409D1D00][0000020130630F40 49] WindowsServer, [0000020140987300][000002013E6770C0 49] WindowsClient, [00000201409D2A00][000002013E67B240 49] IOS, [0000020140987900][000002013E67F3C0 49] iPadAir, [00000201409D1500][0000020135943540 49] iPadAir2, [0000020140941200][000002013594B800 49] IPadPro, [0000020140941300][0000020135947840 49] iPadAir3, [0000020140984C00][000002013594F9C0 49] iPadAir4, [0000020140941F00][0000020135953B40 49] iPadMini2, [0000020140987100][0000020135956140 49] iPadMini3, [0000020140942900][000002013595A2C0 49] iPadMini4, [0000020140984F00][000002013595E440 49] iPadMini5, [0000020140944C00][0000020135962680 49] iPhone6, [0000020140944D00][00000201306286C0 49] iPodTouch6, [00000201409D2700][000002013596A900 49] iPhone7, [00000201409D2900][0000020135966940 49] iPodTouch7, [0000020140941100][0000020135972AC0 49] iPhone5S, [00000201409D2C00][0000020135976C40 49] iPhone6Plus, [0000020140943F00][000002013597ADC0 49] iPhone6S, [0000020140940100][000002013597EF40 49] iPhone6SPlus, [0000020140944B00][00000201359830C0 49] iPhone7Plus, [0000020140942100][000002013598D240 49] iPhoneSE, [0000020140946900][00000201359913C0 49] iPhone8, [0000020140942200][0000020135995540 49] iPhone8Plus, [0000020140947B00][00000201359996C0 49] iPhoneX, [0000020140942300][000002013599D840 49] iPhoneXS, [0000020140944F00][00000201359A19C0 49] iPhoneXSMax, [00000201409D2F00][00000201359A5B40 49] iPhoneXR, [0000020140945700][00000201359A8140 49] iPhone11, [00000201409D2E00][00000201359AC2C0 49] iPhone11Pro, [0000020140945900][00000201359B0440 49] iPhone11ProMax, [00000201409D1200][00000201359B45C0 49] iPhoneSE2, [0000020140947D00][00000201359B8740 49] iPhone12Mini, [00000201409D0B00][000002013596E880 49] iPhone12, [0000020140945D00][00000201359BC9C0 49] iPhone12Pro, [00000201409D1400][00000201359C0B00 49] iPhone12ProMax, [0000020140947700][00000201359C8C80 49] iPadPro105, [00000201409D1B00][00000201359CCE00 49] iPadPro129, [0000020140944700][00000201359D0F80 49] iPadPro97, [00000201409D1300][00000201359D5100 49] iPadPro2_129, [0000020140945200][00000201359D9280 49] iPad5, [00000201409D3F00][00000201359DD400 49] iPad6, [0000020140947A00][000002013FBC7580 49] iPad7, [00000201409D1900][000002013FBCB700 49] iPad8, [0000020140945400][000002013FBCF880 49] iPadPro11, [00000201409D3500][000002013FBD3A00 49] iPadPro2_11, [0000020140946300][000002013FBD7B80 49] iPadPro3_129, [00000201409D0F00][000002013FBDA180 49] iPadPro4_129, [0000020140945100][000002013FBDE300 49] AppleTV, [00000201409D3600][000002013FBE2480 49] AppleTV4K, [0000020140944600][000002013FBE6600 49] TVOS, [00000201409D3900][000002013FBEA780 49] Mac, [0000020140947200][000002013FBEE900 49] MacClient, [00000201409D3B00][00000201359C4A40 49] MacNoEditor, [0000020140945300][000002013FBF2B80 49] MacServer, [00000201409D2400][000002013FBF6CC0 49] Linux, [0000020140946000][000002013FBFEE40 49] LinuxAArch64, [00000201409D3E00][000002013FC02FC0 49] LinuxNoEditor, [0000020140947100][000002013FC07140 49] LinuxAArch64NoEditor, [00000201409D3200][000002013FC0B2C0 49] LinuxClient, [0000020140946800][000002013FC0F440 49] LinuxAArch64Client, [00000201409D0400][000002013FC135C0 49] LinuxServer, [0000020140944400][000002013FC17740 49] LinuxAArch64Server, [00000201409D1100][000002013FC1B8C0 49] Android, [0000020140946700][000002013FC1FA40 49] Android_Low, [00000201409D0800][000002013FC23BC0 49] Android_Mid, [0000020140944300][000002013FC261C0 49] Android_High, [00000201409D1C00][000002013FC2A340 49] Android_Default, [0000020140947600][000002013FC2E4C0 49] Android_Adreno4xx, [00000201409D2100][000002013FC36640 49] Android_Adreno5xx_Low, [0000020140944900][000002013FC3A7C0 49] Android_Adreno5xx, [00000201409D1F00][000002013FC3E940 49] Android_Adreno6xx, [0000020140945B00][0000020125E94AC0 49] Android_Adreno6xx_Vulkan, [00000201409D2B00][000002013FBFAC00 49] Android_Mali_T6xx, [0000020140941900][000002013E6F4D40 49] Android_Mali_T7xx, [0000020140987200][000002013FC4AE80 49] Android_Mali_T8xx, [0000020140943C00][0000020141028FC0 49] Android_Mali_G71, [0000020140987D00][0000020141031140 49] Android_Mali_G72, [0000020140943900][00000201410552C0 49] Android_Mali_G72_Vulkan, [0000020140986300][0000020141059440 49] Android_Mali_G76, [0000020140941A00][000002014105D5C0 49] Android_Mali_G76_Vulkan, [0000020140984400][000002013BFAD740 49] Android_Mali_G77, [0000020140943500][000002013BFB18C0 49] Android_Mali_G77_Vulkan, [0000020140986100][000002013BFB5A40 49] Android_Mali_G78, [0000020140941000][000002013BFB9BC0 49] Android_Mali_G78_Vulkan, [0000020140986400][000002013C3AE1C0 49] Android_Mali_G710, [0000020140941500][000002013C3C2340 49] Android_Mali_G710_Vulkan, [0000020140987600][000002013C3C64C0 49] Android_Vulkan_SM5, [0000020140941800][000002013F996640 49] Android_PowerVR_G6xxx, [0000020140987000][000002013F99A7C0 49] Android_PowerVR_GT7xxx, [0000020140941B00][000002013FABC940 49] Android_PowerVR_GE8xxx, [0000020140987B00][000002013FAC0AC0 49] Android_PowerVR_GM9xxx, [0000020140941E00][000002013FACEC40 49] Android_PowerVR_GM9xxx_Vulkan, [0000020140985700][000002014102CD80 49] Android_TegraK1, [0000020140943B00][000002013FAD2EC0 49] Android_Unknown_Vulkan, [0000020140985100][000002013FAD7000 49] Lumin, [0000020140940600][000002013BF31140 49] Lumin_Desktop, [0000020140946200][000002013BF392C0 49] HoloLens, 
[2022.03.08-13.11.58:037][  0]LogMeshReduction: Using QuadricMeshReduction for automatic static mesh reduction
[2022.03.08-13.11.58:037][  0]LogMeshReduction: Using SimplygonMeshReduction for automatic skeletal mesh reduction
[2022.03.08-13.11.58:037][  0]LogMeshReduction: Using ProxyLODMeshReduction for automatic mesh merging
[2022.03.08-13.11.58:037][  0]LogMeshReduction: No distributed automatic mesh merging module available
[2022.03.08-13.11.58:037][  0]LogMeshMerging: No distributed automatic mesh merging module available
[2022.03.08-13.11.58:062][  0]LogNetVersion: ChattingClient 1.0.0, NetCL: 17155196, EngineNetVer: 17, GameNetVer: 0 (Checksum: 1007274363)
[2022.03.08-13.11.58:500][  0]LogTexture: Default maximum texture size for cubemaps generated from long-lat sources has been changed from 512 to unlimited. In order to preserve old behaiour for '/Engine/MapTemplates/Sky/DaylightAmbientCubemap.DaylightAmbientCubemap', its maximum texture size has been explicitly set to 512.
[2022.03.08-13.11.58:563][  0]LogHMD: PokeAHoleMaterial loaded successfully
[2022.03.08-13.11.58:569][  0]LogUObjectArray: 17178 objects as part of root set at end of initial load.
[2022.03.08-13.11.58:569][  0]LogUObjectAllocator: 4302048 out of 0 bytes used by permanent object pool.
[2022.03.08-13.11.58:569][  0]LogUObjectArray: CloseDisregardForGC: 0/0 objects in disregard for GC pool
[2022.03.08-13.11.59:127][  0]LogNiagaraDebuggerClient: Niagara Debugger Client Initialized | Session: 8A910B914096318E80CEAFB3B6F6C433 | Instance: 7CDE70AA41B3002298D545BF23F36A99 (DESKTOP-JG03A40-19336).
[2022.03.08-13.11.59:348][  0]LogUdpMessaging: Initializing bridge on interface 0.0.0.0:0 to multicast group 230.0.0.1:6666.
[2022.03.08-13.11.59:364][  0]LogTcpMessaging: Initializing TcpMessaging bridge
[2022.03.08-13.11.59:400][  0]LogPython: Using Python 3.7.7
[2022.03.08-13.12.00:377][  0]SourceControl: 소스 컨트롤이 꺼졌습니다.
[2022.03.08-13.12.00:377][  0]SourceControl: 소스 컨트롤이 꺼졌습니다.
[2022.03.08-13.12.00:384][  0]SourceControl: 소스 컨트롤이 꺼졌습니다.
[2022.03.08-13.12.00:398][  0]SourceControl: 소스 컨트롤이 꺼졌습니다.
[2022.03.08-13.12.00:471][  0]SourceControl: 소스 컨트롤이 꺼졌습니다.
[2022.03.08-13.12.00:478][  0]LogUProjectInfo: Found projects:
[2022.03.08-13.12.00:795][  0]LogOpenImageDenoise: OIDN starting up
[2022.03.08-13.12.00:840][  0]LogAndroidPermission: UAndroidPermissionCallbackProxy::GetInstance
[2022.03.08-13.12.00:885][  0]LogAudioCaptureCore: Display: No Audio Capture implementations found. Audio input will be silent.
[2022.03.08-13.12.00:885][  0]LogAudioCaptureCore: Display: No Audio Capture implementations found. Audio input will be silent.
[2022.03.08-13.12.01:069][  0]LogCollectionManager: Loaded 0 collections in 0.001549 seconds
[2022.03.08-13.12.01:110][  0]LogFileCache: Scanning file cache for directory 'C:/EpicGames/ChattingClient/ChattingClient/Saved/Collections/' took 0.00s
[2022.03.08-13.12.01:110][  0]LogFileCache: Scanning file cache for directory 'C:/EpicGames/ChattingClient/ChattingClient/Content/Developers/lenovo/Collections/' took 0.00s
[2022.03.08-13.12.01:110][  0]LogFileCache: Scanning file cache for directory 'C:/EpicGames/ChattingClient/ChattingClient/Content/Collections/' took 0.00s
[2022.03.08-13.12.01:110][  0]LogOcInput: OculusInput pre-init called
[2022.03.08-13.12.01:422][  0]LogClass: Display: UInt32Property FSendBuffer::LeftPos is not initialized properly. Module:ChattingClient File:Public/SocketComponent.h
[2022.03.08-13.12.01:422][  0]LogClass: Display: UInt32Property FSendBuffer::RightPos is not initialized properly. Module:ChattingClient File:Public/SocketComponent.h
[2022.03.08-13.12.01:422][  0]LogClass: Display: 2 Uninitialized script struct members found including 0 object properties
[2022.03.08-13.12.01:423][  0]LogEngine: Initializing Engine...
[2022.03.08-13.12.01:427][  0]LogHMD: Failed to enumerate extensions. Please check that you have a valid OpenXR runtime installed.
[2022.03.08-13.12.01:428][  0]LogHMD: Failed to initialize OpenVR with code 110
[2022.03.08-13.12.01:428][  0]LogMagicLeap: Warning: VR disabled because ZI is not enabled.  To enable, in the editor, Edit -> Project Settings -> Plugins -> Magic Leap Plugin -> Enable Zero Iteration
[2022.03.08-13.12.01:429][  0]LogStats: UGameplayTagsManager::InitializeManager -  0.000 s
[2022.03.08-13.12.01:558][  0]LogInit: Initializing FReadOnlyCVARCache
[2022.03.08-13.12.01:571][  0]LogAIModule: Creating AISystem for world Untitled
[2022.03.08-13.12.01:572][  0]LogAudio: Display: Initializing Audio Device Manager...
[2022.03.08-13.12.01:579][  0]LogAudio: Display: Loading Default Audio Settings Objects...
[2022.03.08-13.12.01:580][  0]LogAudio: Display: No default SoundConcurrencyObject specified (or failed to load).
[2022.03.08-13.12.01:581][  0]LogAudio: Display: Audio Device Manager Initialized
[2022.03.08-13.12.01:581][  0]LogAudio: Display: Creating Audio Device:                 Id: 1, Scope: Shared, Realtime: True
[2022.03.08-13.12.01:581][  0]LogAudioMixer: Display: Audio Mixer Platform Settings:
[2022.03.08-13.12.01:581][  0]LogAudioMixer: Display: 	Sample Rate:						  48000
[2022.03.08-13.12.01:581][  0]LogAudioMixer: Display: 	Callback Buffer Frame Size Requested: 1024
[2022.03.08-13.12.01:581][  0]LogAudioMixer: Display: 	Callback Buffer Frame Size To Use:	  1024
[2022.03.08-13.12.01:581][  0]LogAudioMixer: Display: 	Number of buffers to queue:			  2
[2022.03.08-13.12.01:581][  0]LogAudioMixer: Display: 	Max Channels (voices):				  32
[2022.03.08-13.12.01:581][  0]LogAudioMixer: Display: 	Number of Async Source Workers:		  0
[2022.03.08-13.12.01:581][  0]LogAudio: Display: AudioDevice MaxSources: 32
[2022.03.08-13.12.01:582][  0]LogAudio: Display: Audio Spatialization Plugin: None (built-in).
[2022.03.08-13.12.01:582][  0]LogAudio: Display: Audio Reverb Plugin: None (built-in).
[2022.03.08-13.12.01:582][  0]LogAudio: Display: Audio Occlusion Plugin: None (built-in).
[2022.03.08-13.12.01:582][  0]LogAudioMixer: Display: Initializing audio mixer.
[2022.03.08-13.12.01:615][  0]LogAudioMixer: Display: 0: FrontLeft
[2022.03.08-13.12.01:615][  0]LogAudioMixer: Display: 1: FrontRight
[2022.03.08-13.12.01:678][  0]LogAudioMixer: Display: Using Audio Device 스피커(Realtek(R) Audio)
[2022.03.08-13.12.01:681][  0]LogAudioMixer: Display: Initializing Sound Submixes...
[2022.03.08-13.12.01:684][  0]LogAudioMixer: Display: Creating Master Submix 'MasterSubmixDefault'
[2022.03.08-13.12.01:684][  0]LogAudioMixer: Display: Creating Master Submix 'MasterReverbSubmixDefault'
[2022.03.08-13.12.01:685][  0]LogAudioMixer: Display: Creating Master Submix 'MasterEQSubmixDefault'
[2022.03.08-13.12.01:685][  0]LogAudioMixer: FMixerPlatformXAudio2::StartAudioStream() called
[2022.03.08-13.12.01:686][  0]LogAudioMixer: Display: Output buffers initialized: Frames=1024, Channels=2, Samples=2048
[2022.03.08-13.12.01:688][  0]LogAudioMixer: Display: Starting AudioMixerPlatformInterface::RunInternal()
[2022.03.08-13.12.01:688][  0]LogAudioMixer: Display: FMixerPlatformXAudio2::SubmitBuffer() called for the first time
[2022.03.08-13.12.01:689][  0]LogInit: FAudioDevice initialized.
[2022.03.08-13.12.01:689][  0]LogAudio: Display: Audio Device (ID: 1) registered with world 'Untitled'.
[2022.03.08-13.12.01:689][  0]LogNetVersion: Set ProjectVersion to 1.0.0.0. Version Checksum will be recalculated on next use.
[2022.03.08-13.12.01:762][  0]LogDerivedDataCache: Saved boot cache 0.07s 96MB C:/Users/lenovo/AppData/Local/UnrealEngine/4.27/DerivedDataCache/Boot.ddc.
[2022.03.08-13.12.01:763][  0]LogInit: Texture streaming: Enabled
[2022.03.08-13.12.01:790][  0]LogAnalytics: Display: [UEEditor.Rocket.Release] APIServer = https://datarouter.ol.epicgames.com/. AppVersion = 4.27.2-18319896+++UE4+Release-4.27
[2022.03.08-13.12.01:800][  0]LogEngineSessionManager: EngineSessionManager initialized
[2022.03.08-13.12.01:800][  0]LogEditorSessionSummary: Verbose: Initializing EditorSessionSummaryWriter for editor session tracking
[2022.03.08-13.12.01:808][  0]LogEditorSessionSummary: EditorSessionSummaryWriter initialized
[2022.03.08-13.12.01:843][  0]LogInit: Transaction tracking system initialized
[2022.03.08-13.12.01:889][  0]BlueprintLog: New page: 에디터 로드
[2022.03.08-13.12.02:008][  0]LocalizationService: 현지화 서비스가 비활성화되었습니다.
[2022.03.08-13.12.02:054][  0]TimingProfiler: Initialize
[2022.03.08-13.12.02:054][  0]TimingProfiler: OnSessionChanged
[2022.03.08-13.12.02:054][  0]LoadingProfiler: Initialize
[2022.03.08-13.12.02:055][  0]LoadingProfiler: OnSessionChanged
[2022.03.08-13.12.02:055][  0]NetworkingProfiler: Initialize
[2022.03.08-13.12.02:055][  0]NetworkingProfiler: OnSessionChanged
[2022.03.08-13.12.02:055][  0]MemoryProfiler: Initialize
[2022.03.08-13.12.02:055][  0]MemoryProfiler: OnSessionChanged
[2022.03.08-13.12.02:292][  0]LogCook: Display: CookSettings for Memory: MemoryMaxUsedVirtual 0MiB, MemoryMaxUsedPhysical 16384MiB, MemoryMinFreeVirtual 0MiB, MemoryMinFreePhysical 1024MiB
[2022.03.08-13.12.02:292][  0]LogCook: Display: Mobile HDR setting 1
[2022.03.08-13.12.02:642][  0]LogFileCache: Scanning file cache for directory 'C:/EpicGames/ChattingClient/ChattingClient/Content/' took 0.00s
[2022.03.08-13.12.02:875][  0]LogInit: Display: Engine is initialized. Leaving FEngineLoop::Init()
[2022.03.08-13.12.02:881][  0]SourceControl: 소스 컨트롤이 꺼졌습니다.
[2022.03.08-13.12.02:881][  0]LogUnrealEdMisc: Loading editor; pre map load, took 10.813
[2022.03.08-13.12.02:881][  0]Cmd: MAP LOAD FILE="../../../../ChattingClient/ChattingClient/Content/MainLevel.umap" TEMPLATE=0 SHOWPROGRESS=1 FEATURELEVEL=3
[2022.03.08-13.12.02:882][  0]LightingResults: New page: 라이팅 빌드
[2022.03.08-13.12.02:883][  0]LogWorld: UWorld::CleanupWorld for Untitled, bSessionEnded=true, bCleanupResources=true
[2022.03.08-13.12.02:884][  0]LogSlate: InvalidateAllWidgets triggered.  All widgets were invalidated
[2022.03.08-13.12.02:884][  0]MapCheck: New page: 맵 체크
[2022.03.08-13.12.02:884][  0]LightingResults: New page: 라이팅 빌드
[2022.03.08-13.12.02:889][  0]LogAudio: Display: Audio Device unregistered from world 'None'.
[2022.03.08-13.12.02:893][  0]LogUObjectHash: Compacting FUObjectHashTables data took   0.84ms
[2022.03.08-13.12.02:899][  0]LogAudio: Display: Audio Device (ID: 1) registered with world 'MainLevel'.
[2022.03.08-13.12.02:900][  0]LogAIModule: Creating AISystem for world MainLevel
[2022.03.08-13.12.02:901][  0]LogEditorServer: Finished looking for orphan Actors (0.000 secs)
[2022.03.08-13.12.02:907][  0]LogUObjectHash: Compacting FUObjectHashTables data took   0.61ms
[2022.03.08-13.12.02:910][  0]Cmd: MAP CHECKDEP NOCLEARLOG
[2022.03.08-13.12.02:912][  0]MapCheck: 맵 체크 완료: 오류 0 회, 경고 0 회, 소요 시간 1.644ms.
[2022.03.08-13.12.02:912][  0]LogFileHelpers: Loading map 'MainLevel' took 0.031
[2022.03.08-13.12.02:916][  0]LogUnrealEdMisc: Total Editor Startup Time, took 10.847
[2022.03.08-13.12.03:064][  0]LogSlate: Updating window title bar state: overlay mode, drag disabled, window buttons hidden, title bar hidden
[2022.03.08-13.12.03:069][  0]LogSlate: Updating window title bar state: overlay mode, drag disabled, window buttons hidden, title bar hidden
[2022.03.08-13.12.03:076][  0]LogSlate: Updating window title bar state: overlay mode, drag disabled, window buttons hidden, title bar hidden
[2022.03.08-13.12.03:082][  0]LogSlate: Updating window title bar state: overlay mode, drag disabled, window buttons hidden, title bar hidden
[2022.03.08-13.12.03:099][  0]LogNativeClassHierarchy: Verbose: Native class hierarchy populated in 0.0108 seconds. Added 3835 classes and 931 folders.
[2022.03.08-13.12.03:102][  0]LogNativeClassHierarchy: Verbose: Native class hierarchy updated for 'WidgetCarousel' in 0.0002 seconds. Added 0 classes and 0 folders.
[2022.03.08-13.12.03:103][  0]LogPakFile: PakFile PrimaryIndexSize=187
[2022.03.08-13.12.03:104][  0]LogPakFile: PakFile PathHashIndexSize=101
[2022.03.08-13.12.03:104][  0]LogPakFile: PakFile FullDirectoryIndexSize=148
[2022.03.08-13.12.03:104][  0]LogShaderLibrary: Display: ShaderCodeLibraryPakFileMountedCallback: PakFile 'C:/EpicGames/UE_4.27/FeaturePacks/FP_FirstPerson.upack' (chunk index -1, root 'root:/') mounted
[2022.03.08-13.12.03:104][  0]LogShaderLibrary: Display: ShaderCodeLibraryPakFileMountedCallback: pending pak file info (ChunkID:-1 Root:root:/ File:C:/EpicGames/UE_4.27/FeaturePacks/FP_FirstPerson.upack)
[2022.03.08-13.12.03:104][  0]LogPakFile: OnPakFileMounted2Time == 0.000160
[2022.03.08-13.12.03:105][  0]LogPakFile: PakFile PrimaryIndexSize=189
[2022.03.08-13.12.03:105][  0]LogPakFile: PakFile PathHashIndexSize=101
[2022.03.08-13.12.03:105][  0]LogPakFile: PakFile FullDirectoryIndexSize=152
[2022.03.08-13.12.03:105][  0]LogShaderLibrary: Display: ShaderCodeLibraryPakFileMountedCallback: PakFile 'C:/EpicGames/UE_4.27/FeaturePacks/FP_FirstPersonBP.upack' (chunk index -1, root 'root:/') mounted
[2022.03.08-13.12.03:105][  0]LogShaderLibrary: Display: ShaderCodeLibraryPakFileMountedCallback: pending pak file info (ChunkID:-1 Root:root:/ File:C:/EpicGames/UE_4.27/FeaturePacks/FP_FirstPersonBP.upack)
[2022.03.08-13.12.03:105][  0]LogPakFile: OnPakFileMounted2Time == 0.000175
[2022.03.08-13.12.03:106][  0]LogPakFile: PakFile PrimaryIndexSize=191
[2022.03.08-13.12.03:106][  0]LogPakFile: PakFile PathHashIndexSize=101
[2022.03.08-13.12.03:106][  0]LogPakFile: PakFile FullDirectoryIndexSize=160
[2022.03.08-13.12.03:106][  0]LogShaderLibrary: Display: ShaderCodeLibraryPakFileMountedCallback: PakFile 'C:/EpicGames/UE_4.27/FeaturePacks/MobileStarterContent.upack' (chunk index -1, root 'root:/') mounted
[2022.03.08-13.12.03:106][  0]LogShaderLibrary: Display: ShaderCodeLibraryPakFileMountedCallback: pending pak file info (ChunkID:-1 Root:root:/ File:C:/EpicGames/UE_4.27/FeaturePacks/MobileStarterContent.upack)
[2022.03.08-13.12.03:107][  0]LogPakFile: OnPakFileMounted2Time == 0.000233
[2022.03.08-13.12.03:107][  0]LogPakFile: PakFile PrimaryIndexSize=185
[2022.03.08-13.12.03:107][  0]LogPakFile: PakFile PathHashIndexSize=101
[2022.03.08-13.12.03:108][  0]LogPakFile: PakFile FullDirectoryIndexSize=148
[2022.03.08-13.12.03:108][  0]LogShaderLibrary: Display: ShaderCodeLibraryPakFileMountedCallback: PakFile 'C:/EpicGames/UE_4.27/FeaturePacks/StarterContent.upack' (chunk index -1, root 'root:/') mounted
[2022.03.08-13.12.03:108][  0]LogShaderLibrary: Display: ShaderCodeLibraryPakFileMountedCallback: pending pak file info (ChunkID:-1 Root:root:/ File:C:/EpicGames/UE_4.27/FeaturePacks/StarterContent.upack)
[2022.03.08-13.12.03:108][  0]LogPakFile: OnPakFileMounted2Time == 0.000172
[2022.03.08-13.12.03:109][  0]LogPakFile: PakFile PrimaryIndexSize=190
[2022.03.08-13.12.03:109][  0]LogPakFile: PakFile PathHashIndexSize=101
[2022.03.08-13.12.03:109][  0]LogPakFile: PakFile FullDirectoryIndexSize=154
[2022.03.08-13.12.03:109][  0]LogShaderLibrary: Display: ShaderCodeLibraryPakFileMountedCallback: PakFile 'C:/EpicGames/UE_4.27/FeaturePacks/TP_2DSideScroller.upack' (chunk index -1, root 'root:/') mounted
[2022.03.08-13.12.03:109][  0]LogShaderLibrary: Display: ShaderCodeLibraryPakFileMountedCallback: pending pak file info (ChunkID:-1 Root:root:/ File:C:/EpicGames/UE_4.27/FeaturePacks/TP_2DSideScroller.upack)
[2022.03.08-13.12.03:109][  0]LogPakFile: OnPakFileMounted2Time == 0.000160
[2022.03.08-13.12.03:110][  0]LogPakFile: PakFile PrimaryIndexSize=192
[2022.03.08-13.12.03:110][  0]LogPakFile: PakFile PathHashIndexSize=101
[2022.03.08-13.12.03:110][  0]LogPakFile: PakFile FullDirectoryIndexSize=158
[2022.03.08-13.12.03:110][  0]LogShaderLibrary: Display: ShaderCodeLibraryPakFileMountedCallback: PakFile 'C:/EpicGames/UE_4.27/FeaturePacks/TP_2DSideScrollerBP.upack' (chunk index -1, root 'root:/') mounted
[2022.03.08-13.12.03:110][  0]LogShaderLibrary: Display: ShaderCodeLibraryPakFileMountedCallback: pending pak file info (ChunkID:-1 Root:root:/ File:C:/EpicGames/UE_4.27/FeaturePacks/TP_2DSideScrollerBP.upack)
[2022.03.08-13.12.03:110][  0]LogPakFile: OnPakFileMounted2Time == 0.000149
[2022.03.08-13.12.03:111][  0]LogPakFile: PakFile PrimaryIndexSize=182
[2022.03.08-13.12.03:111][  0]LogPakFile: PakFile PathHashIndexSize=101
[2022.03.08-13.12.03:111][  0]LogPakFile: PakFile FullDirectoryIndexSize=138
[2022.03.08-13.12.03:111][  0]LogShaderLibrary: Display: ShaderCodeLibraryPakFileMountedCallback: PakFile 'C:/EpicGames/UE_4.27/FeaturePacks/TP_Flying.upack' (chunk index -1, root 'root:/') mounted
[2022.03.08-13.12.03:111][  0]LogShaderLibrary: Display: ShaderCodeLibraryPakFileMountedCallback: pending pak file info (ChunkID:-1 Root:root:/ File:C:/EpicGames/UE_4.27/FeaturePacks/TP_Flying.upack)
[2022.03.08-13.12.03:111][  0]LogPakFile: OnPakFileMounted2Time == 0.000144
[2022.03.08-13.12.03:112][  0]LogPakFile: PakFile PrimaryIndexSize=184
[2022.03.08-13.12.03:112][  0]LogPakFile: PakFile PathHashIndexSize=101
[2022.03.08-13.12.03:112][  0]LogPakFile: PakFile FullDirectoryIndexSize=142
[2022.03.08-13.12.03:112][  0]LogShaderLibrary: Display: ShaderCodeLibraryPakFileMountedCallback: PakFile 'C:/EpicGames/UE_4.27/FeaturePacks/TP_FlyingBP.upack' (chunk index -1, root 'root:/') mounted
[2022.03.08-13.12.03:112][  0]LogShaderLibrary: Display: ShaderCodeLibraryPakFileMountedCallback: pending pak file info (ChunkID:-1 Root:root:/ File:C:/EpicGames/UE_4.27/FeaturePacks/TP_FlyingBP.upack)
[2022.03.08-13.12.03:112][  0]LogPakFile: OnPakFileMounted2Time == 0.000161
[2022.03.08-13.12.03:113][  0]LogPakFile: PakFile PrimaryIndexSize=188
[2022.03.08-13.12.03:113][  0]LogPakFile: PakFile PathHashIndexSize=101
[2022.03.08-13.12.03:113][  0]LogPakFile: PakFile FullDirectoryIndexSize=150
[2022.03.08-13.12.03:113][  0]LogShaderLibrary: Display: ShaderCodeLibraryPakFileMountedCallback: PakFile 'C:/EpicGames/UE_4.27/FeaturePacks/TP_HandheldARBP.upack' (chunk index -1, root 'root:/') mounted
[2022.03.08-13.12.03:114][  0]LogShaderLibrary: Display: ShaderCodeLibraryPakFileMountedCallback: pending pak file info (ChunkID:-1 Root:root:/ File:C:/EpicGames/UE_4.27/FeaturePacks/TP_HandheldARBP.upack)
[2022.03.08-13.12.03:114][  0]LogPakFile: OnPakFileMounted2Time == 0.000185
[2022.03.08-13.12.03:114][  0]LogPakFile: PakFile PrimaryIndexSize=182
[2022.03.08-13.12.03:115][  0]LogPakFile: PakFile PathHashIndexSize=101
[2022.03.08-13.12.03:115][  0]LogPakFile: PakFile FullDirectoryIndexSize=138
[2022.03.08-13.12.03:115][  0]LogShaderLibrary: Display: ShaderCodeLibraryPakFileMountedCallback: PakFile 'C:/EpicGames/UE_4.27/FeaturePacks/TP_Puzzle.upack' (chunk index -1, root 'root:/') mounted
[2022.03.08-13.12.03:115][  0]LogShaderLibrary: Display: ShaderCodeLibraryPakFileMountedCallback: pending pak file info (ChunkID:-1 Root:root:/ File:C:/EpicGames/UE_4.27/FeaturePacks/TP_Puzzle.upack)
[2022.03.08-13.12.03:115][  0]LogPakFile: OnPakFileMounted2Time == 0.000165
[2022.03.08-13.12.03:116][  0]LogPakFile: PakFile PrimaryIndexSize=184
[2022.03.08-13.12.03:116][  0]LogPakFile: PakFile PathHashIndexSize=101
[2022.03.08-13.12.03:116][  0]LogPakFile: PakFile FullDirectoryIndexSize=142
[2022.03.08-13.12.03:116][  0]LogShaderLibrary: Display: ShaderCodeLibraryPakFileMountedCallback: PakFile 'C:/EpicGames/UE_4.27/FeaturePacks/TP_PuzzleBP.upack' (chunk index -1, root 'root:/') mounted
[2022.03.08-13.12.03:116][  0]LogShaderLibrary: Display: ShaderCodeLibraryPakFileMountedCallback: pending pak file info (ChunkID:-1 Root:root:/ File:C:/EpicGames/UE_4.27/FeaturePacks/TP_PuzzleBP.upack)
[2022.03.08-13.12.03:116][  0]LogPakFile: OnPakFileMounted2Time == 0.000165
[2022.03.08-13.12.03:117][  0]LogPakFile: PakFile PrimaryIndexSize=183
[2022.03.08-13.12.03:117][  0]LogPakFile: PakFile PathHashIndexSize=101
[2022.03.08-13.12.03:117][  0]LogPakFile: PakFile FullDirectoryIndexSize=140
[2022.03.08-13.12.03:117][  0]LogShaderLibrary: Display: ShaderCodeLibraryPakFileMountedCallback: PakFile 'C:/EpicGames/UE_4.27/FeaturePacks/TP_Rolling.upack' (chunk index -1, root 'root:/') mounted
[2022.03.08-13.12.03:117][  0]LogShaderLibrary: Display: ShaderCodeLibraryPakFileMountedCallback: pending pak file info (ChunkID:-1 Root:root:/ File:C:/EpicGames/UE_4.27/FeaturePacks/TP_Rolling.upack)
[2022.03.08-13.12.03:117][  0]LogPakFile: OnPakFileMounted2Time == 0.000149
[2022.03.08-13.12.03:118][  0]LogPakFile: PakFile PrimaryIndexSize=185
[2022.03.08-13.12.03:118][  0]LogPakFile: PakFile PathHashIndexSize=101
[2022.03.08-13.12.03:118][  0]LogPakFile: PakFile FullDirectoryIndexSize=144
[2022.03.08-13.12.03:118][  0]LogShaderLibrary: Display: ShaderCodeLibraryPakFileMountedCallback: PakFile 'C:/EpicGames/UE_4.27/FeaturePacks/TP_RollingBP.upack' (chunk index -1, root 'root:/') mounted
[2022.03.08-13.12.03:118][  0]LogShaderLibrary: Display: ShaderCodeLibraryPakFileMountedCallback: pending pak file info (ChunkID:-1 Root:root:/ File:C:/EpicGames/UE_4.27/FeaturePacks/TP_RollingBP.upack)
[2022.03.08-13.12.03:118][  0]LogPakFile: OnPakFileMounted2Time == 0.000142
[2022.03.08-13.12.03:119][  0]LogPakFile: PakFile PrimaryIndexSize=188
[2022.03.08-13.12.03:119][  0]LogPakFile: PakFile PathHashIndexSize=101
[2022.03.08-13.12.03:119][  0]LogPakFile: PakFile FullDirectoryIndexSize=150
[2022.03.08-13.12.03:119][  0]LogShaderLibrary: Display: ShaderCodeLibraryPakFileMountedCallback: PakFile 'C:/EpicGames/UE_4.27/FeaturePacks/TP_SideScroller.upack' (chunk index -1, root 'root:/') mounted
[2022.03.08-13.12.03:119][  0]LogShaderLibrary: Display: ShaderCodeLibraryPakFileMountedCallback: pending pak file info (ChunkID:-1 Root:root:/ File:C:/EpicGames/UE_4.27/FeaturePacks/TP_SideScroller.upack)
[2022.03.08-13.12.03:119][  0]LogPakFile: OnPakFileMounted2Time == 0.000177
[2022.03.08-13.12.03:120][  0]LogPakFile: PakFile PrimaryIndexSize=190
[2022.03.08-13.12.03:120][  0]LogPakFile: PakFile PathHashIndexSize=101
[2022.03.08-13.12.03:120][  0]LogPakFile: PakFile FullDirectoryIndexSize=154
[2022.03.08-13.12.03:120][  0]LogShaderLibrary: Display: ShaderCodeLibraryPakFileMountedCallback: PakFile 'C:/EpicGames/UE_4.27/FeaturePacks/TP_SideScrollerBP.upack' (chunk index -1, root 'root:/') mounted
[2022.03.08-13.12.03:120][  0]LogShaderLibrary: Display: ShaderCodeLibraryPakFileMountedCallback: pending pak file info (ChunkID:-1 Root:root:/ File:C:/EpicGames/UE_4.27/FeaturePacks/TP_SideScrollerBP.upack)
[2022.03.08-13.12.03:120][  0]LogPakFile: OnPakFileMounted2Time == 0.000143
[2022.03.08-13.12.03:121][  0]LogPakFile: PakFile PrimaryIndexSize=187
[2022.03.08-13.12.03:121][  0]LogPakFile: PakFile PathHashIndexSize=101
[2022.03.08-13.12.03:121][  0]LogPakFile: PakFile FullDirectoryIndexSize=148
[2022.03.08-13.12.03:121][  0]LogShaderLibrary: Display: ShaderCodeLibraryPakFileMountedCallback: PakFile 'C:/EpicGames/UE_4.27/FeaturePacks/TP_ThirdPerson.upack' (chunk index -1, root 'root:/') mounted
[2022.03.08-13.12.03:121][  0]LogShaderLibrary: Display: ShaderCodeLibraryPakFileMountedCallback: pending pak file info (ChunkID:-1 Root:root:/ File:C:/EpicGames/UE_4.27/FeaturePacks/TP_ThirdPerson.upack)
[2022.03.08-13.12.03:122][  0]LogPakFile: OnPakFileMounted2Time == 0.000163
[2022.03.08-13.12.03:122][  0]LogPakFile: PakFile PrimaryIndexSize=189
[2022.03.08-13.12.03:123][  0]LogPakFile: PakFile PathHashIndexSize=101
[2022.03.08-13.12.03:123][  0]LogPakFile: PakFile FullDirectoryIndexSize=152
[2022.03.08-13.12.03:123][  0]LogShaderLibrary: Display: ShaderCodeLibraryPakFileMountedCallback: PakFile 'C:/EpicGames/UE_4.27/FeaturePacks/TP_ThirdPersonBP.upack' (chunk index -1, root 'root:/') mounted
[2022.03.08-13.12.03:123][  0]LogShaderLibrary: Display: ShaderCodeLibraryPakFileMountedCallback: pending pak file info (ChunkID:-1 Root:root:/ File:C:/EpicGames/UE_4.27/FeaturePacks/TP_ThirdPersonBP.upack)
[2022.03.08-13.12.03:123][  0]LogPakFile: OnPakFileMounted2Time == 0.000166
[2022.03.08-13.12.03:124][  0]LogPakFile: PakFile PrimaryIndexSize=183
[2022.03.08-13.12.03:124][  0]LogPakFile: PakFile PathHashIndexSize=101
[2022.03.08-13.12.03:124][  0]LogPakFile: PakFile FullDirectoryIndexSize=140
[2022.03.08-13.12.03:124][  0]LogShaderLibrary: Display: ShaderCodeLibraryPakFileMountedCallback: PakFile 'C:/EpicGames/UE_4.27/FeaturePacks/TP_TopDown.upack' (chunk index -1, root 'root:/') mounted
[2022.03.08-13.12.03:124][  0]LogShaderLibrary: Display: ShaderCodeLibraryPakFileMountedCallback: pending pak file info (ChunkID:-1 Root:root:/ File:C:/EpicGames/UE_4.27/FeaturePacks/TP_TopDown.upack)
[2022.03.08-13.12.03:124][  0]LogPakFile: OnPakFileMounted2Time == 0.000162
[2022.03.08-13.12.03:125][  0]LogPakFile: PakFile PrimaryIndexSize=185
[2022.03.08-13.12.03:125][  0]LogPakFile: PakFile PathHashIndexSize=101
[2022.03.08-13.12.03:125][  0]LogPakFile: PakFile FullDirectoryIndexSize=144
[2022.03.08-13.12.03:125][  0]LogShaderLibrary: Display: ShaderCodeLibraryPakFileMountedCallback: PakFile 'C:/EpicGames/UE_4.27/FeaturePacks/TP_TopDownBP.upack' (chunk index -1, root 'root:/') mounted
[2022.03.08-13.12.03:125][  0]LogShaderLibrary: Display: ShaderCodeLibraryPakFileMountedCallback: pending pak file info (ChunkID:-1 Root:root:/ File:C:/EpicGames/UE_4.27/FeaturePacks/TP_TopDownBP.upack)
[2022.03.08-13.12.03:125][  0]LogPakFile: OnPakFileMounted2Time == 0.000146
[2022.03.08-13.12.03:126][  0]LogPakFile: PakFile PrimaryIndexSize=185
[2022.03.08-13.12.03:126][  0]LogPakFile: PakFile PathHashIndexSize=101
[2022.03.08-13.12.03:126][  0]LogPakFile: PakFile FullDirectoryIndexSize=144
[2022.03.08-13.12.03:126][  0]LogShaderLibrary: Display: ShaderCodeLibraryPakFileMountedCallback: PakFile 'C:/EpicGames/UE_4.27/FeaturePacks/TP_TwinStick.upack' (chunk index -1, root 'root:/') mounted
[2022.03.08-13.12.03:126][  0]LogShaderLibrary: Display: ShaderCodeLibraryPakFileMountedCallback: pending pak file info (ChunkID:-1 Root:root:/ File:C:/EpicGames/UE_4.27/FeaturePacks/TP_TwinStick.upack)
[2022.03.08-13.12.03:126][  0]LogPakFile: OnPakFileMounted2Time == 0.000150
[2022.03.08-13.12.03:127][  0]LogPakFile: PakFile PrimaryIndexSize=187
[2022.03.08-13.12.03:127][  0]LogPakFile: PakFile PathHashIndexSize=101
[2022.03.08-13.12.03:127][  0]LogPakFile: PakFile FullDirectoryIndexSize=148
[2022.03.08-13.12.03:128][  0]LogShaderLibrary: Display: ShaderCodeLibraryPakFileMountedCallback: PakFile 'C:/EpicGames/UE_4.27/FeaturePacks/TP_TwinStickBP.upack' (chunk index -1, root 'root:/') mounted
[2022.03.08-13.12.03:128][  0]LogShaderLibrary: Display: ShaderCodeLibraryPakFileMountedCallback: pending pak file info (ChunkID:-1 Root:root:/ File:C:/EpicGames/UE_4.27/FeaturePacks/TP_TwinStickBP.upack)
[2022.03.08-13.12.03:128][  0]LogPakFile: OnPakFileMounted2Time == 0.000170
[2022.03.08-13.12.03:128][  0]LogPakFile: PakFile PrimaryIndexSize=183
[2022.03.08-13.12.03:128][  0]LogPakFile: PakFile PathHashIndexSize=101
[2022.03.08-13.12.03:129][  0]LogPakFile: PakFile FullDirectoryIndexSize=140
[2022.03.08-13.12.03:129][  0]LogShaderLibrary: Display: ShaderCodeLibraryPakFileMountedCallback: PakFile 'C:/EpicGames/UE_4.27/FeaturePacks/TP_Vehicle.upack' (chunk index -1, root 'root:/') mounted
[2022.03.08-13.12.03:129][  0]LogShaderLibrary: Display: ShaderCodeLibraryPakFileMountedCallback: pending pak file info (ChunkID:-1 Root:root:/ File:C:/EpicGames/UE_4.27/FeaturePacks/TP_Vehicle.upack)
[2022.03.08-13.12.03:129][  0]LogPakFile: OnPakFileMounted2Time == 0.000216
[2022.03.08-13.12.03:130][  0]LogPakFile: PakFile PrimaryIndexSize=186
[2022.03.08-13.12.03:130][  0]LogPakFile: PakFile PathHashIndexSize=101
[2022.03.08-13.12.03:130][  0]LogPakFile: PakFile FullDirectoryIndexSize=146
[2022.03.08-13.12.03:130][  0]LogShaderLibrary: Display: ShaderCodeLibraryPakFileMountedCallback: PakFile 'C:/EpicGames/UE_4.27/FeaturePacks/TP_VehicleAdv.upack' (chunk index -1, root 'root:/') mounted
[2022.03.08-13.12.03:130][  0]LogShaderLibrary: Display: ShaderCodeLibraryPakFileMountedCallback: pending pak file info (ChunkID:-1 Root:root:/ File:C:/EpicGames/UE_4.27/FeaturePacks/TP_VehicleAdv.upack)
[2022.03.08-13.12.03:130][  0]LogPakFile: OnPakFileMounted2Time == 0.000156
[2022.03.08-13.12.03:131][  0]LogPakFile: PakFile PrimaryIndexSize=188
[2022.03.08-13.12.03:131][  0]LogPakFile: PakFile PathHashIndexSize=101
[2022.03.08-13.12.03:131][  0]LogPakFile: PakFile FullDirectoryIndexSize=150
[2022.03.08-13.12.03:131][  0]LogShaderLibrary: Display: ShaderCodeLibraryPakFileMountedCallback: PakFile 'C:/EpicGames/UE_4.27/FeaturePacks/TP_VehicleAdvBP.upack' (chunk index -1, root 'root:/') mounted
[2022.03.08-13.12.03:131][  0]LogShaderLibrary: Display: ShaderCodeLibraryPakFileMountedCallback: pending pak file info (ChunkID:-1 Root:root:/ File:C:/EpicGames/UE_4.27/FeaturePacks/TP_VehicleAdvBP.upack)
[2022.03.08-13.12.03:131][  0]LogPakFile: OnPakFileMounted2Time == 0.000166
[2022.03.08-13.12.03:132][  0]LogPakFile: PakFile PrimaryIndexSize=185
[2022.03.08-13.12.03:132][  0]LogPakFile: PakFile PathHashIndexSize=101
[2022.03.08-13.12.03:132][  0]LogPakFile: PakFile FullDirectoryIndexSize=144
[2022.03.08-13.12.03:132][  0]LogShaderLibrary: Display: ShaderCodeLibraryPakFileMountedCallback: PakFile 'C:/EpicGames/UE_4.27/FeaturePacks/TP_VehicleBP.upack' (chunk index -1, root 'root:/') mounted
[2022.03.08-13.12.03:133][  0]LogShaderLibrary: Display: ShaderCodeLibraryPakFileMountedCallback: pending pak file info (ChunkID:-1 Root:root:/ File:C:/EpicGames/UE_4.27/FeaturePacks/TP_VehicleBP.upack)
[2022.03.08-13.12.03:133][  0]LogPakFile: OnPakFileMounted2Time == 0.000182
[2022.03.08-13.12.03:134][  0]LogPakFile: PakFile PrimaryIndexSize=192
[2022.03.08-13.12.03:134][  0]LogPakFile: PakFile PathHashIndexSize=101
[2022.03.08-13.12.03:134][  0]LogPakFile: PakFile FullDirectoryIndexSize=158
[2022.03.08-13.12.03:134][  0]LogShaderLibrary: Display: ShaderCodeLibraryPakFileMountedCallback: PakFile 'C:/EpicGames/UE_4.27/FeaturePacks/TP_VirtualRealityBP.upack' (chunk index -1, root 'root:/') mounted
[2022.03.08-13.12.03:134][  0]LogShaderLibrary: Display: ShaderCodeLibraryPakFileMountedCallback: pending pak file info (ChunkID:-1 Root:root:/ File:C:/EpicGames/UE_4.27/FeaturePacks/TP_VirtualRealityBP.upack)
[2022.03.08-13.12.03:134][  0]LogPakFile: OnPakFileMounted2Time == 0.000150
[2022.03.08-13.12.03:187][  0]LogNativeClassHierarchy: Verbose: Native class hierarchy updated for 'AddContentDialog' in 0.0002 seconds. Added 0 classes and 0 folders.
[2022.03.08-13.12.03:191][  0]LogNativeClassHierarchy: Verbose: Native class hierarchy updated for 'SceneOutliner' in 0.0003 seconds. Added 2 classes and 0 folders.
[2022.03.08-13.12.03:559][  0]LogSlate: Only BGRA pngs, bmps or icos are supported in by External Image Picker
[2022.03.08-13.12.03:657][  0]LogSlate: Took 0.000480 seconds to synchronously load lazily loaded font '../../../Engine/Content/Slate/Fonts/Roboto-Regular.ttf' (155K)
[2022.03.08-13.12.03:660][  0]LogSlate: Took 0.002508 seconds to synchronously load lazily loaded font '../../../Engine/Content/Editor/Slate/Fonts/NanumGothic.ttf' (4243K)
[2022.03.08-13.12.03:661][  0]LogSlate: Took 0.000347 seconds to synchronously load lazily loaded font '../../../Engine/Content/Editor/Slate/Fonts/FontAwesome.ttf' (139K)
[2022.03.08-13.12.03:664][  0]LogSlate: Took 0.002220 seconds to synchronously load lazily loaded font '../../../Engine/Content/Editor/Slate/Fonts/NanumGothicBold.ttf' (4188K)
[2022.03.08-13.12.03:665][  0]LogSlate: Took 0.000498 seconds to synchronously load lazily loaded font '../../../Engine/Content/Slate/Fonts/Roboto-Bold.ttf' (160K)
[2022.03.08-13.12.03:750][  0]LogRenderer: Reallocating scene render targets to support 940x400 Format 10 NumSamples 1 (Frame:1).
[2022.03.08-13.12.03:790][  0]LogSlate: Took 0.000218 seconds to synchronously load lazily loaded font '../../../Engine/Content/Slate/Fonts/Roboto-Light.ttf' (167K)
[2022.03.08-13.12.03:843][  0]LogNativeClassHierarchy: Verbose: Native class hierarchy updated for 'HierarchicalLODOutliner' in 0.0003 seconds. Added 0 classes and 0 folders.
[2022.03.08-13.12.03:843][  0]LogLoad: (Engine Initialization) Total time: 11.77 seconds
[2022.03.08-13.12.03:843][  0]LogLoad: (Engine Initialization) Total Blueprint compile time: 0.00 seconds
[2022.03.08-13.12.03:863][  0]Cmd: ACTOR HIDE SELECTED
[2022.03.08-13.12.04:030][  0]LogAssetRegistry: Asset discovery search completed in 6.4470 seconds
[2022.03.08-13.12.04:036][  0]LogCollectionManager: Fixed up redirectors for 0 collections in 0.000003 seconds (updated 0 objects)
[2022.03.08-13.12.04:036][  0]LogContentStreaming: Texture pool size now 1000 MB
[2022.03.08-13.12.04:073][  1]LogRenderer: Reallocating scene render targets to support 940x416 Format 10 NumSamples 1 (Frame:2).
[2022.03.08-13.12.04:467][ 18]LogSlate: Took 0.005560 seconds to synchronously load lazily loaded font '../../../Engine/Content/Slate/Fonts/Roboto-Italic.ttf' (157K)
[2022.03.08-13.12.13:509][135]LogTemp: Repeating last play command: 선택된 뷰포트
[2022.03.08-13.12.13:516][135]LogPlayLevel: PlayLevel: No blueprints needed recompiling
[2022.03.08-13.12.13:516][135]PIE: New page: PIE 세션: MainLevel (2022. 3. 9. 오전 7:12:13)
[2022.03.08-13.12.13:520][135]LogOnline: OSS: Creating online subsystem instance for: NULL
[2022.03.08-13.12.13:523][135]LogOnline: OSS: TryLoadSubsystemAndSetDefault: Loaded subsystem for module [NULL]
[2022.03.08-13.12.13:523][135]LogPlayLevel: Creating play world package: /Game/UEDPIE_0_MainLevel
[2022.03.08-13.12.13:524][135]LogPlayLevel: PIE: StaticDuplicateObject took: (0.000975s)
[2022.03.08-13.12.13:525][135]LogAIModule: Creating AISystem for world MainLevel
[2022.03.08-13.12.13:526][135]LogPlayLevel: PIE: World Init took: (0.001225s)
[2022.03.08-13.12.13:526][135]LogPlayLevel: PIE: Created PIE world by copying editor world from /Game/MainLevel.MainLevel to /Game/UEDPIE_0_MainLevel.MainLevel (0.002862s)
[2022.03.08-13.12.13:532][135]LogUObjectHash: Compacting FUObjectHashTables data took   0.97ms
[2022.03.08-13.12.13:537][135]LogAudio: Display: Creating Audio Device:                 Id: 2, Scope: Unique, Realtime: True
[2022.03.08-13.12.13:538][135]LogAudioMixer: Display: Audio Mixer Platform Settings:
[2022.03.08-13.12.13:538][135]LogAudioMixer: Display: 	Sample Rate:						  48000
[2022.03.08-13.12.13:538][135]LogAudioMixer: Display: 	Callback Buffer Frame Size Requested: 1024
[2022.03.08-13.12.13:538][135]LogAudioMixer: Display: 	Callback Buffer Frame Size To Use:	  1024
[2022.03.08-13.12.13:538][135]LogAudioMixer: Display: 	Number of buffers to queue:			  2
[2022.03.08-13.12.13:538][135]LogAudioMixer: Display: 	Max Channels (voices):				  32
[2022.03.08-13.12.13:539][135]LogAudioMixer: Display: 	Number of Async Source Workers:		  0
[2022.03.08-13.12.13:539][135]LogAudio: Display: AudioDevice MaxSources: 32
[2022.03.08-13.12.13:540][135]LogAudio: Display: Audio Spatialization Plugin: None (built-in).
[2022.03.08-13.12.13:540][135]LogAudio: Display: Audio Reverb Plugin: None (built-in).
[2022.03.08-13.12.13:540][135]LogAudio: Display: Audio Occlusion Plugin: None (built-in).
[2022.03.08-13.12.13:540][135]LogAudioMixer: Display: Initializing audio mixer.
[2022.03.08-13.12.13:554][135]LogAudioMixer: Display: 0: FrontLeft
[2022.03.08-13.12.13:554][135]LogAudioMixer: Display: 1: FrontRight
[2022.03.08-13.12.13:587][135]LogAudioMixer: Display: Using Audio Device 스피커(Realtek(R) Audio)
[2022.03.08-13.12.13:587][135]LogAudioMixer: Display: Initializing Sound Submixes...
[2022.03.08-13.12.13:588][135]LogAudioMixer: Display: Creating Master Submix 'MasterSubmixDefault'
[2022.03.08-13.12.13:588][135]LogAudioMixer: Display: Creating Master Submix 'MasterReverbSubmixDefault'
[2022.03.08-13.12.13:588][135]LogAudioMixer: Display: Creating Master Submix 'MasterEQSubmixDefault'
[2022.03.08-13.12.13:588][135]LogAudioMixer: FMixerPlatformXAudio2::StartAudioStream() called
[2022.03.08-13.12.13:588][135]LogAudioMixer: Display: Output buffers initialized: Frames=1024, Channels=2, Samples=2048
[2022.03.08-13.12.13:591][135]LogAudioMixer: Display: Starting AudioMixerPlatformInterface::RunInternal()
[2022.03.08-13.12.13:591][135]LogAudioMixer: Display: FMixerPlatformXAudio2::SubmitBuffer() called for the first time
[2022.03.08-13.12.13:591][135]LogInit: FAudioDevice initialized.
[2022.03.08-13.12.13:591][135]LogAudio: Display: Audio Device (ID: 2) registered with world 'MainLevel'.
[2022.03.08-13.12.13:602][135]LogLoad: Game class is 'GameModeBase'
[2022.03.08-13.12.13:603][135]LogWorld: Bringing World /Game/UEDPIE_0_MainLevel.MainLevel up for play (max tick rate 60) at 2022.03.08-22.12.13
[2022.03.08-13.12.13:603][135]LogWorld: Bringing up level for play took: 0.000384
[2022.03.08-13.12.13:603][135]LogOnline: OSS: Creating online subsystem instance for: :Context_2
[2022.03.08-13.12.13:608][135]LogNativeClassHierarchy: Verbose: Native class hierarchy updated for 'MovieSceneCapture' in 0.0003 seconds. Added 20 classes and 0 folders.
[2022.03.08-13.12.13:610][135]LogViewport: Display: Viewport MouseLockMode Changed, LockOnCapture -> LockInFullscreen
[2022.03.08-13.12.13:610][135]LogViewport: Display: Viewport MouseCaptureMode Changed, CapturePermanently_IncludingInitialMouseDown -> NoCapture
[2022.03.08-13.12.13:611][135]LogViewport: Display: Player bShowMouseCursor Changed, False -> True
[2022.03.08-13.12.13:611][135]PIE: 서버가 로그인했습니다.
[2022.03.08-13.12.13:613][135]PIE: 에디터에서 플레이 총 시작 시간 0.1초입니다.
[2022.03.08-13.12.13:616][135]LogTemp: From Server: Welcome to chatting server!
Please login using Login [Username] command
[2022.03.08-13.12.15:021][219]LogTemp: SendMsg: login qwer
[2022.03.08-13.12.15:024][219]LogTemp: Send: login qwer

[2022.03.08-13.12.15:038][220]LogTemp: From Server: Now you will be called: [qwer]
Please Checking Command list using h or H
[2022.03.08-13.12.16:154][287]LogTemp: SendMsg: lt
[2022.03.08-13.12.16:156][287]LogTemp: Send: lt

[2022.03.08-13.12.16:171][288]LogTemp: From Server: --------------------------RoomList--------------------------
[0] aaa 22:6
[2022.03.08-13.12.16:172][288]LogTemp: Find RoomList inst
[2022.03.08-13.12.25:278][359]LogTemp: SendMsg: lt 0
[2022.03.08-13.12.25:292][359]LogTemp: Send: lt 0

[2022.03.08-13.12.25:304][360]LogTemp: From Server: --------------------------RoomList--------------------------
[0] aaa 22:6
[2022.03.08-13.12.25:305][360]LogTemp: Find RoomList inst
[2022.03.08-13.12.26:816][385]LogSlate: Took 0.007514 seconds to synchronously load lazily loaded font '../../../Engine/Content/Slate/Fonts/DroidSansMono.ttf' (77K)
[2022.03.08-13.12.26:859][385]LogSlate: Took 0.006024 seconds to synchronously load lazily loaded font '../../../Engine/Content/Editor/Slate/Fonts/NanumGothicExtraBold.ttf' (4074K)
[2022.03.08-13.12.48:924][931]LogTemp: SendMsg: lt 0
[2022.03.08-13.12.48:940][931]LogTemp: Send: lt 0

[2022.03.08-13.12.48:953][932]LogTemp: From Server: --------------------------RoomList--------------------------
[0] aaa 22:6
[2022.03.08-13.12.48:954][932]LogTemp: Find RoomList inst
[2022.03.08-13.12.57:276][356]LogSlate: Updating window title bar state: overlay mode, drag disabled, window buttons hidden, title bar hidden
[2022.03.08-13.12.57:276][356]LogWorld: BeginTearingDown for /Game/UEDPIE_0_MainLevel
[2022.03.08-13.12.57:276][356]LogWorld: UWorld::CleanupWorld for MainLevel, bSessionEnded=true, bCleanupResources=true
[2022.03.08-13.12.57:277][356]LogSlate: InvalidateAllWidgets triggered.  All widgets were invalidated
[2022.03.08-13.12.57:291][356]LogPlayLevel: Display: Shutting down PIE online subsystems
[2022.03.08-13.12.57:293][356]LogSlate: InvalidateAllWidgets triggered.  All widgets were invalidated
[2022.03.08-13.12.57:298][356]LogAudio: Display: Audio Device unregistered from world 'None'.
[2022.03.08-13.12.57:298][356]LogAudioMixer: FMixerPlatformXAudio2::StopAudioStream() called
[2022.03.08-13.12.57:300][356]LogAudioMixer: FMixerPlatformXAudio2::StopAudioStream() called
[2022.03.08-13.12.57:313][356]LogSlate: Updating window title bar state: overlay mode, drag disabled, window buttons hidden, title bar hidden
[2022.03.08-13.12.57:314][356]LogUObjectHash: Compacting FUObjectHashTables data took   0.59ms
[2022.03.08-13.12.57:334][357]LogPlayLevel: Display: Destroying online subsystem :Context_2
