Log file open, 03/08/22 15:47:50
LogWindows: Failed to load 'aqProf.dll' (GetLastError=126)
LogWindows: File 'aqProf.dll' does not exist
LogWindows: Failed to load 'VtuneApi.dll' (GetLastError=126)
LogWindows: File 'VtuneApi.dll' does not exist
LogWindows: Failed to load 'VtuneApi32e.dll' (GetLastError=126)
LogWindows: File 'VtuneApi32e.dll' does not exist
LogConsoleResponse: Display: Failed to find resolution value strings in scalability ini. Falling back to default.
LogConsoleResponse: Display: Failed to find resolution value strings in scalability ini. Falling back to default.
LogInit: Display: Running engine for game: ChattingClient
LogPlatformFile: Not using cached read wrapper
LogTaskGraph: Started task graph with 5 named threads and 35 total threads with 3 sets of task threads.
LogStats: Stats thread started at 0.407582
LogICUInternationalization: ICU TimeZone Detection - Raw Offset: +9:00, Platform Override: ''
LogInit: Display: Loading text-based GConfig....
LogPluginManager: Mounting plugin MeshPainting
LogPluginManager: Mounting plugin XGEController
LogPluginManager: Mounting plugin Paper2D
LogPluginManager: Mounting plugin AISupport
LogPluginManager: Mounting plugin EnvironmentQueryEditor
LogPluginManager: Mounting plugin LiveLink
LogPluginManager: Mounting plugin LightPropagationVolume
LogPluginManager: Mounting plugin CameraShakePreviewer
LogPluginManager: Mounting plugin GameplayCameras
LogPluginManager: Mounting plugin OodleData
LogPluginManager: Mounting plugin OodleNetwork
LogPluginManager: Mounting plugin AnimationSharing
LogPluginManager: Mounting plugin CodeLiteSourceCodeAccess
LogPluginManager: Mounting plugin CLionSourceCodeAccess
LogPluginManager: Mounting plugin KDevelopSourceCodeAccess
LogPluginManager: Mounting plugin NullSourceCodeAccess
LogPluginManager: Mounting plugin PerforceSourceControl
LogPluginManager: Mounting plugin GitSourceControl
LogPluginManager: Mounting plugin PixWinPlugin
LogPluginManager: Mounting plugin PlasticSourceControl
LogPluginManager: Mounting plugin PluginUtils
LogPluginManager: Mounting plugin PropertyAccessNode
LogPluginManager: Mounting plugin RiderSourceCodeAccess
LogPluginManager: Mounting plugin SubversionSourceControl
LogPluginManager: Mounting plugin TextureFormatOodle
LogPluginManager: Mounting plugin UObjectPlugin
LogPluginManager: Mounting plugin VisualStudioCodeSourceCodeAccess
LogPluginManager: Mounting plugin VisualStudioSourceCodeAccess
LogPluginManager: Mounting plugin XCodeSourceCodeAccess
LogPluginManager: Mounting plugin DatasmithContent
LogPluginManager: Mounting plugin VariantManagerContent
LogPluginManager: Mounting plugin Niagara
LogPluginManager: Mounting plugin AlembicImporter
LogPluginManager: Mounting plugin AutomationUtils
LogPluginManager: Mounting plugin BackChannel
LogPluginManager: Mounting plugin ChaosCloth
LogPluginManager: Mounting plugin ChaosClothEditor
LogPluginManager: Mounting plugin ChaosNiagara
LogPluginManager: Mounting plugin ChaosEditor
LogPluginManager: Mounting plugin ChaosSolverPlugin
LogPluginManager: Mounting plugin CharacterAI
LogPluginManager: Mounting plugin GeometryCache
LogPluginManager: Mounting plugin GeometryCollectionPlugin
LogPluginManager: Mounting plugin AndroidMedia
LogPluginManager: Mounting plugin AvfMedia
LogPluginManager: Mounting plugin ImgMedia
LogPluginManager: Mounting plugin MediaCompositing
LogPluginManager: Mounting plugin MediaPlayerEditor
LogPluginManager: Mounting plugin WebMMedia
LogPluginManager: Mounting plugin GeometryProcessing
LogPluginManager: Mounting plugin WmfMedia
LogPluginManager: Mounting plugin MotoSynth
LogPluginManager: Mounting plugin OpenImageDenoise
LogPluginManager: Mounting plugin PlanarCut
LogPluginManager: Mounting plugin ProxyLODPlugin
LogPluginManager: Mounting plugin PlatformCrypto
LogPluginManager: Mounting plugin PythonScriptPlugin
LogPluginManager: Mounting plugin SkeletalReduction
LogPluginManager: Mounting plugin LuminPlatformFeatures
LogPluginManager: Mounting plugin MagicLeap
LogPluginManager: Mounting plugin MagicLeapMedia
LogPluginManager: Mounting plugin MagicLeapLightEstimation
LogPluginManager: Mounting plugin MagicLeapPassableWorld
LogPluginManager: Mounting plugin MLSDK
LogPluginManager: Mounting plugin TcpMessaging
LogPluginManager: Mounting plugin UdpMessaging
LogPluginManager: Mounting plugin ActorSequence
LogPluginManager: Mounting plugin LevelSequenceEditor
LogPluginManager: Mounting plugin MatineeToLevelSequence
LogPluginManager: Mounting plugin TemplateSequence
LogPluginManager: Mounting plugin OnlineSubsystem
LogPluginManager: Mounting plugin OnlineSubsystemNull
LogPluginManager: Mounting plugin OnlineSubsystemUtils
LogPluginManager: Mounting plugin ActorLayerUtilities
LogPluginManager: Mounting plugin LauncherChunkInstaller
LogPluginManager: Mounting plugin AndroidPermission
LogPluginManager: Mounting plugin AndroidDeviceProfileSelector
LogPluginManager: Mounting plugin AppleImageUtils
LogPluginManager: Mounting plugin AndroidMoviePlayer
LogPluginManager: Mounting plugin AppleMoviePlayer
LogPluginManager: Mounting plugin AssetTags
LogPluginManager: Mounting plugin CableComponent
LogPluginManager: Mounting plugin AudioCapture
LogPluginManager: Mounting plugin AudioSynesthesia
LogPluginManager: Mounting plugin ChunkDownloader
LogPluginManager: Mounting plugin ArchVisCharacter
LogPluginManager: Mounting plugin CustomMeshComponent
LogPluginManager: Mounting plugin EditableMesh
LogPluginManager: Mounting plugin ExampleDeviceProfileSelector
LogPluginManager: Mounting plugin GoogleCloudMessaging
LogPluginManager: Mounting plugin IOSDeviceProfileSelector
LogPluginManager: Mounting plugin ScreenshotTools
LogPluginManager: Mounting plugin LinuxDeviceProfileSelector
LogPluginManager: Mounting plugin LocationServicesBPLibrary
LogPluginManager: Mounting plugin MobilePatchingUtils
LogPluginManager: Mounting plugin OpenXR
LogPluginManager: Mounting plugin OpenXREyeTracker
LogPluginManager: Mounting plugin OpenXRHandTracking
LogPluginManager: Mounting plugin GooglePAD
LogPluginManager: Mounting plugin PhysXVehicles
LogPluginManager: Mounting plugin PostSplashScreen
LogPluginManager: Mounting plugin Takes
LogPluginManager: Mounting plugin ProceduralMeshComponent
LogPluginManager: Mounting plugin PropertyAccessEditor
LogPluginManager: Mounting plugin SignificanceManager
LogPluginManager: Mounting plugin RuntimePhysXCooking
LogPluginManager: Mounting plugin SoundFields
LogPluginManager: Mounting plugin Synthesis
LogPluginManager: Mounting plugin WebMMoviePlayer
LogPluginManager: Mounting plugin WindowsMoviePlayer
LogPluginManager: Mounting plugin AssetManagerEditor
LogPluginManager: Mounting plugin CryptoKeys
LogPluginManager: Mounting plugin CurveEditorTools
LogPluginManager: Mounting plugin DataValidation
LogPluginManager: Mounting plugin FacialAnimation
LogPluginManager: Mounting plugin GameplayTagsEditor
LogPluginManager: Mounting plugin MacGraphicsSwitching
LogPluginManager: Mounting plugin MaterialAnalyzer
LogPluginManager: Mounting plugin MobileLauncherProfileWizard
LogPluginManager: Mounting plugin GeometryMode
LogPluginManager: Mounting plugin PluginBrowser
LogPluginManager: Mounting plugin SpeedTreeImporter
LogPluginManager: Mounting plugin OnlineSubsystemGooglePlay
LogPluginManager: Mounting plugin OnlineSubsystemIOS
LogPluginManager: Mounting plugin OculusVR
LogPluginManager: Mounting plugin SteamVR
LogPluginManager: Mounting plugin ContentBrowserAssetDataSource
LogPluginManager: Mounting plugin ContentBrowserClassDataSource
LogPluginManager: Mounting plugin ContentBrowserFileDataSource
PixWinPlugin: PIX capture plugin failed to initialize! Check that the process is launched from PIX.
LogInit: Using libcurl 7.55.1-DEV
LogInit:  - built for x86_64-pc-win32
LogInit:  - supports SSL with OpenSSL/1.1.1
LogInit:  - supports HTTP deflate (compression) using libz 1.2.8
LogInit:  - other features:
LogInit:      CURL_VERSION_SSL
LogInit:      CURL_VERSION_LIBZ
LogInit:      CURL_VERSION_IPV6
LogInit:      CURL_VERSION_ASYNCHDNS
LogInit:      CURL_VERSION_LARGEFILE
LogInit:      CURL_VERSION_IDN
LogInit:  CurlRequestOptions (configurable via config and command line):
LogInit:  - bVerifyPeer = true  - Libcurl will verify peer certificate
LogInit:  - bUseHttpProxy = false  - Libcurl will NOT use HTTP proxy
LogInit:  - bDontReuseConnections = false  - Libcurl will reuse connections
LogInit:  - MaxHostConnections = 16  - Libcurl will limit the number of connections to a host
LogInit:  - LocalHostAddr = Default
LogInit:  - BufferSize = 65536
LogOnline: OSS: Creating online subsystem instance for: NULL
LogInit: WinSock: version 1.1 (2.2), MaxSocks=32767, MaxUdp=65467
LogOnline: OSS: TryLoadSubsystemAndSetDefault: Loaded subsystem for module [NULL]
LogOculusPluginWrapper: OculusPlugin initialized successfully
LogHMD: Failed initializing OVRPlugin 1.59.0
LogInit: Build: ++UE4+Release-4.27-CL-18319896
LogInit: Engine Version: 4.27.2-18319896+++UE4+Release-4.27
LogInit: Compatible Engine Version: 4.27.0-17155196+++UE4+Release-4.27
LogInit: Net CL: 17155196
LogInit: OS: Windows 10 (Release 2009) (), CPU: Intel(R) Core(TM) i7-9750HF CPU @ 2.60GHz, GPU: NVIDIA GeForce GTX 1660 Ti
LogInit: Compiled (64-bit): Nov 30 2021 07:12:08
LogInit: Compiled with Visual C++: 19.24.28315.00
LogInit: Build Configuration: Development
LogInit: Branch Name: ++UE4+Release-4.27
LogInit: Command Line:  -skipcompile
LogInit: Base Directory: C:/EpicGames/UE_4.27/Engine/Binaries/Win64/
LogInit: Allocator: TBB
LogInit: Installed Engine Build: 1
LogDevObjectVersion: Number of dev versions registered: 29
LogDevObjectVersion:   Dev-Blueprints (B0D832E4-1F89-4F0D-ACCF-7EB736FD4AA2): 10
LogDevObjectVersion:   Dev-Build (E1C64328-A22C-4D53-A36C-8E866417BD8C): 0
LogDevObjectVersion:   Dev-Core (375EC13C-06E4-48FB-B500-84F0262A717E): 4
LogDevObjectVersion:   Dev-Editor (E4B068ED-F494-42E9-A231-DA0B2E46BB41): 40
LogDevObjectVersion:   Dev-Framework (CFFC743F-43B0-4480-9391-14DF171D2073): 37
LogDevObjectVersion:   Dev-Mobile (B02B49B5-BB20-44E9-A304-32B752E40360): 3
LogDevObjectVersion:   Dev-Networking (A4E4105C-59A1-49B5-A7C5-40C4547EDFEE): 0
LogDevObjectVersion:   Dev-Online (39C831C9-5AE6-47DC-9A44-9C173E1C8E7C): 0
LogDevObjectVersion:   Dev-Physics (78F01B33-EBEA-4F98-B9B4-84EACCB95AA2): 14
LogDevObjectVersion:   Dev-Platform (6631380F-2D4D-43E0-8009-CF276956A95A): 0
LogDevObjectVersion:   Dev-Rendering (12F88B9F-8875-4AFC-A67C-D90C383ABD29): 45
LogDevObjectVersion:   Dev-Sequencer (7B5AE74C-D270-4C10-A958-57980B212A5A): 13
LogDevObjectVersion:   Dev-VR (D7296918-1DD6-4BDD-9DE2-64A83CC13884): 3
LogDevObjectVersion:   Dev-LoadTimes (C2A15278-BFE7-4AFE-6C17-90FF531DF755): 1
LogDevObjectVersion:   Private-Geometry (6EACA3D4-40EC-4CC1-B786-8BED09428FC5): 3
LogDevObjectVersion:   Dev-AnimPhys (29E575DD-E0A3-4627-9D10-D276232CDCEA): 17
LogDevObjectVersion:   Dev-Anim (AF43A65D-7FD3-4947-9873-3E8ED9C1BB05): 15
LogDevObjectVersion:   Dev-ReflectionCapture (6B266CEC-1EC7-4B8F-A30B-E4D90942FC07): 1
LogDevObjectVersion:   Dev-Automation (0DF73D61-A23F-47EA-B727-89E90C41499A): 1
LogDevObjectVersion:   FortniteMain (601D1886-AC64-4F84-AA16-D3DE0DEAC7D6): 47
LogDevObjectVersion:   FortniteRelease (E7086368-6B23-4C58-8439-1B7016265E91): 1
LogDevObjectVersion:   Dev-Enterprise (9DFFBCD6-494F-0158-E221-12823C92A888): 10
LogDevObjectVersion:   Dev-Niagara (F2AED0AC-9AFE-416F-8664-AA7FFA26D6FC): 1
LogDevObjectVersion:   Dev-Destruction (174F1F0B-B4C6-45A5-B13F-2EE8D0FB917D): 10
LogDevObjectVersion:   Dev-Physics-Ext (35F94A83-E258-406C-A318-09F59610247C): 41
LogDevObjectVersion:   Dev-PhysicsMaterial-Chaos (B68FC16E-8B1B-42E2-B453-215C058844FE): 1
LogDevObjectVersion:   Dev-CineCamera (B2E18506-4273-CFC2-A54E-F4BB758BBA07): 1
LogDevObjectVersion:   Dev-VirtualProduction (64F58936-FD1B-42BA-BA96-7289D5D0FA4E): 1
LogDevObjectVersion:   Dev-MediaFramework (6F0ED827-A609-4895-9C91-998D90180EA4): 2
LogInit: Presizing for max 25165824 objects, including 0 objects not considered by GC, pre-allocating 0 bytes for permanent pool.
LogConfig: Applying CVar settings from Section [/Script/Engine.StreamingSettings] File [C:/EpicGames/ChattingClient/ChattingClient/Saved/Config/Windows/Engine.ini]
LogConfig: Setting CVar [[s.MinBulkDataSizeForAsyncLoading:131072]]
LogConfig: Setting CVar [[s.AsyncLoadingThreadEnabled:0]]
LogConfig: Setting CVar [[s.EventDrivenLoaderEnabled:1]]
LogConfig: Setting CVar [[s.WarnIfTimeLimitExceeded:0]]
LogConfig: Setting CVar [[s.TimeLimitExceededMultiplier:1.5]]
LogConfig: Setting CVar [[s.TimeLimitExceededMinTime:0.005]]
LogConfig: Setting CVar [[s.UseBackgroundLevelStreaming:1]]
LogConfig: Setting CVar [[s.PriorityAsyncLoadingExtraTime:15.0]]
LogConfig: Setting CVar [[s.LevelStreamingActorsUpdateTimeLimit:5.0]]
LogConfig: Setting CVar [[s.PriorityLevelStreamingActorsUpdateExtraTime:5.0]]
LogConfig: Setting CVar [[s.LevelStreamingComponentsRegistrationGranularity:10]]
LogConfig: Setting CVar [[s.UnregisterComponentsTimeLimit:1.0]]
LogConfig: Setting CVar [[s.LevelStreamingComponentsUnregistrationGranularity:5]]
LogConfig: Setting CVar [[s.FlushStreamingOnExit:1]]
LogInit: Object subsystem initialized
LogConfig: Setting CVar [[con.DebugEarlyDefault:1]]
LogConfig: Setting CVar [[r.setres:1280x720]]
[2022.03.08-06.47.51:818][  0]LogConfig: Setting CVar [[r.VSync:0]]
[2022.03.08-06.47.51:818][  0]LogConfig: Setting CVar [[r.RHICmdBypass:0]]
[2022.03.08-06.47.51:818][  0]LogConfig: Applying CVar settings from Section [/Script/Engine.RendererSettings] File [C:/EpicGames/ChattingClient/ChattingClient/Saved/Config/Windows/Engine.ini]
[2022.03.08-06.47.51:819][  0]LogConfig: Setting CVar [[r.GPUCrashDebugging:0]]
[2022.03.08-06.47.51:819][  0]LogConfig: Applying CVar settings from Section [/Script/Engine.RendererOverrideSettings] File [C:/EpicGames/ChattingClient/ChattingClient/Saved/Config/Windows/Engine.ini]
[2022.03.08-06.47.51:819][  0]LogConfig: Applying CVar settings from Section [/Script/Engine.StreamingSettings] File [C:/EpicGames/ChattingClient/ChattingClient/Saved/Config/Windows/Engine.ini]
[2022.03.08-06.47.51:819][  0]LogConfig: Setting CVar [[s.MinBulkDataSizeForAsyncLoading:131072]]
[2022.03.08-06.47.51:819][  0]LogConfig: Setting CVar [[s.AsyncLoadingThreadEnabled:0]]
[2022.03.08-06.47.51:819][  0]LogConfig: Setting CVar [[s.EventDrivenLoaderEnabled:1]]
[2022.03.08-06.47.51:819][  0]LogConfig: Setting CVar [[s.WarnIfTimeLimitExceeded:0]]
[2022.03.08-06.47.51:819][  0]LogConfig: Setting CVar [[s.TimeLimitExceededMultiplier:1.5]]
[2022.03.08-06.47.51:819][  0]LogConfig: Setting CVar [[s.TimeLimitExceededMinTime:0.005]]
[2022.03.08-06.47.51:819][  0]LogConfig: Setting CVar [[s.UseBackgroundLevelStreaming:1]]
[2022.03.08-06.47.51:819][  0]LogConfig: Setting CVar [[s.PriorityAsyncLoadingExtraTime:15.0]]
[2022.03.08-06.47.51:819][  0]LogConfig: Setting CVar [[s.LevelStreamingActorsUpdateTimeLimit:5.0]]
[2022.03.08-06.47.51:819][  0]LogConfig: Setting CVar [[s.PriorityLevelStreamingActorsUpdateExtraTime:5.0]]
[2022.03.08-06.47.51:819][  0]LogConfig: Setting CVar [[s.LevelStreamingComponentsRegistrationGranularity:10]]
[2022.03.08-06.47.51:819][  0]LogConfig: Setting CVar [[s.UnregisterComponentsTimeLimit:1.0]]
[2022.03.08-06.47.51:820][  0]LogConfig: Setting CVar [[s.LevelStreamingComponentsUnregistrationGranularity:5]]
[2022.03.08-06.47.51:820][  0]LogConfig: Setting CVar [[s.FlushStreamingOnExit:1]]
[2022.03.08-06.47.51:820][  0]LogConfig: Applying CVar settings from Section [/Script/Engine.GarbageCollectionSettings] File [C:/EpicGames/ChattingClient/ChattingClient/Saved/Config/Windows/Engine.ini]
[2022.03.08-06.47.51:820][  0]LogConfig: Setting CVar [[gc.MaxObjectsNotConsideredByGC:1]]
[2022.03.08-06.47.51:820][  0]LogConfig: Setting CVar [[gc.SizeOfPermanentObjectPool:0]]
[2022.03.08-06.47.51:820][  0]LogConfig: Setting CVar [[gc.FlushStreamingOnGC:0]]
[2022.03.08-06.47.51:820][  0]LogConfig: Setting CVar [[gc.NumRetriesBeforeForcingGC:10]]
[2022.03.08-06.47.51:820][  0]LogConfig: Setting CVar [[gc.AllowParallelGC:1]]
[2022.03.08-06.47.51:820][  0]LogConfig: Setting CVar [[gc.TimeBetweenPurgingPendingKillObjects:61.1]]
[2022.03.08-06.47.51:820][  0]LogConfig: Setting CVar [[gc.MaxObjectsInEditor:25165824]]
[2022.03.08-06.47.51:820][  0]LogConfig: Setting CVar [[gc.IncrementalBeginDestroyEnabled:1]]
[2022.03.08-06.47.51:820][  0]LogConfig: Setting CVar [[gc.CreateGCClusters:1]]
[2022.03.08-06.47.51:820][  0]LogConfig: Setting CVar [[gc.MinGCClusterSize:5]]
[2022.03.08-06.47.51:820][  0]LogConfig: Setting CVar [[gc.ActorClusteringEnabled:0]]
[2022.03.08-06.47.51:820][  0]LogConfig: Setting CVar [[gc.BlueprintClusteringEnabled:0]]
[2022.03.08-06.47.51:820][  0]LogConfig: Setting CVar [[gc.UseDisregardForGCOnDedicatedServers:0]]
[2022.03.08-06.47.51:820][  0]LogConfig: Setting CVar [[gc.MultithreadedDestructionEnabled:1]]
[2022.03.08-06.47.51:820][  0]LogConfig: Applying CVar settings from Section [/Script/Engine.NetworkSettings] File [C:/EpicGames/ChattingClient/ChattingClient/Saved/Config/Windows/Engine.ini]
[2022.03.08-06.47.51:820][  0]LogConfig: Applying CVar settings from Section [/Script/UnrealEd.CookerSettings] File [C:/EpicGames/ChattingClient/ChattingClient/Saved/Config/Windows/Engine.ini]
[2022.03.08-06.47.51:839][  0]LogConfig: Applying CVar settings from Section [ViewDistanceQuality@3] File [C:/EpicGames/ChattingClient/ChattingClient/Saved/Config/Windows/Scalability.ini]
[2022.03.08-06.47.51:839][  0]LogConfig: Setting CVar [[r.SkeletalMeshLODBias:0]]
[2022.03.08-06.47.51:839][  0]LogConfig: Setting CVar [[r.ViewDistanceScale:1.0]]
[2022.03.08-06.47.51:839][  0]LogConfig: Applying CVar settings from Section [AntiAliasingQuality@3] File [C:/EpicGames/ChattingClient/ChattingClient/Saved/Config/Windows/Scalability.ini]
[2022.03.08-06.47.51:839][  0]LogConfig: Setting CVar [[r.PostProcessAAQuality:4]]
[2022.03.08-06.47.51:839][  0]LogConfig: Applying CVar settings from Section [ShadowQuality@3] File [C:/EpicGames/ChattingClient/ChattingClient/Saved/Config/Windows/Scalability.ini]
[2022.03.08-06.47.51:839][  0]LogConfig: Setting CVar [[r.LightFunctionQuality:1]]
[2022.03.08-06.47.51:839][  0]LogConfig: Setting CVar [[r.ShadowQuality:5]]
[2022.03.08-06.47.51:840][  0]LogConfig: Setting CVar [[r.Shadow.CSM.MaxCascades:10]]
[2022.03.08-06.47.51:840][  0]LogConfig: Setting CVar [[r.Shadow.MaxResolution:2048]]
[2022.03.08-06.47.51:840][  0]LogConfig: Setting CVar [[r.Shadow.MaxCSMResolution:2048]]
[2022.03.08-06.47.51:840][  0]LogConfig: Setting CVar [[r.Shadow.RadiusThreshold:0.01]]
[2022.03.08-06.47.51:840][  0]LogConfig: Setting CVar [[r.Shadow.DistanceScale:1.0]]
[2022.03.08-06.47.51:840][  0]LogConfig: Setting CVar [[r.Shadow.CSM.TransitionScale:1.0]]
[2022.03.08-06.47.51:840][  0]LogConfig: Setting CVar [[r.Shadow.PreShadowResolutionFactor:1.0]]
[2022.03.08-06.47.51:840][  0]LogConfig: Setting CVar [[r.DistanceFieldShadowing:1]]
[2022.03.08-06.47.51:840][  0]LogConfig: Setting CVar [[r.DistanceFieldAO:1]]
[2022.03.08-06.47.51:840][  0]LogConfig: Setting CVar [[r.AOQuality:2]]
[2022.03.08-06.47.51:840][  0]LogConfig: Setting CVar [[r.VolumetricFog:1]]
[2022.03.08-06.47.51:840][  0]LogConfig: Setting CVar [[r.VolumetricFog.GridPixelSize:8]]
[2022.03.08-06.47.51:840][  0]LogConfig: Setting CVar [[r.VolumetricFog.GridSizeZ:128]]
[2022.03.08-06.47.51:840][  0]LogConfig: Setting CVar [[r.VolumetricFog.HistoryMissSupersampleCount:4]]
[2022.03.08-06.47.51:840][  0]LogConfig: Setting CVar [[r.LightMaxDrawDistanceScale:1]]
[2022.03.08-06.47.51:840][  0]LogConfig: Setting CVar [[r.CapsuleShadows:1]]
[2022.03.08-06.47.51:840][  0]LogConfig: Applying CVar settings from Section [PostProcessQuality@3] File [C:/EpicGames/ChattingClient/ChattingClient/Saved/Config/Windows/Scalability.ini]
[2022.03.08-06.47.51:840][  0]LogConfig: Setting CVar [[r.MotionBlurQuality:4]]
[2022.03.08-06.47.51:841][  0]LogConfig: Setting CVar [[r.AmbientOcclusionMipLevelFactor:0.4]]
[2022.03.08-06.47.51:841][  0]LogConfig: Setting CVar [[r.AmbientOcclusionMaxQuality:100]]
[2022.03.08-06.47.51:841][  0]LogConfig: Setting CVar [[r.AmbientOcclusionLevels:-1]]
[2022.03.08-06.47.51:841][  0]LogConfig: Setting CVar [[r.AmbientOcclusionRadiusScale:1.0]]
[2022.03.08-06.47.51:841][  0]LogConfig: Setting CVar [[r.DepthOfFieldQuality:2]]
[2022.03.08-06.47.51:841][  0]LogConfig: Setting CVar [[r.RenderTargetPoolMin:400]]
[2022.03.08-06.47.51:841][  0]LogConfig: Setting CVar [[r.LensFlareQuality:2]]
[2022.03.08-06.47.51:841][  0]LogConfig: Setting CVar [[r.SceneColorFringeQuality:1]]
[2022.03.08-06.47.51:841][  0]LogConfig: Setting CVar [[r.EyeAdaptationQuality:2]]
[2022.03.08-06.47.51:841][  0]LogConfig: Setting CVar [[r.BloomQuality:5]]
[2022.03.08-06.47.51:841][  0]LogConfig: Setting CVar [[r.FastBlurThreshold:100]]
[2022.03.08-06.47.51:841][  0]LogConfig: Setting CVar [[r.Upscale.Quality:3]]
[2022.03.08-06.47.51:841][  0]LogConfig: Setting CVar [[r.Tonemapper.GrainQuantization:1]]
[2022.03.08-06.47.51:841][  0]LogConfig: Setting CVar [[r.LightShaftQuality:1]]
[2022.03.08-06.47.51:841][  0]LogConfig: Setting CVar [[r.Filter.SizeScale:1]]
[2022.03.08-06.47.51:841][  0]LogConfig: Setting CVar [[r.Tonemapper.Quality:5]]
[2022.03.08-06.47.51:841][  0]LogConfig: Setting CVar [[r.DOF.Gather.AccumulatorQuality:1        ; higher gathering accumulator quality]]
[2022.03.08-06.47.51:841][  0]LogConfig: Setting CVar [[r.DOF.Gather.PostfilterMethod:1          ; Median3x3 postfilering method]]
[2022.03.08-06.47.51:842][  0]LogConfig: Setting CVar [[r.DOF.Gather.EnableBokehSettings:0       ; no bokeh simulation when gathering]]
[2022.03.08-06.47.51:842][  0]LogConfig: Setting CVar [[r.DOF.Gather.RingCount:4                 ; medium number of samples when gathering]]
[2022.03.08-06.47.51:842][  0]LogConfig: Setting CVar [[r.DOF.Scatter.ForegroundCompositing:1    ; additive foreground scattering]]
[2022.03.08-06.47.51:842][  0]LogConfig: Setting CVar [[r.DOF.Scatter.BackgroundCompositing:2    ; additive background scattering]]
[2022.03.08-06.47.51:842][  0]LogConfig: Setting CVar [[r.DOF.Scatter.EnableBokehSettings:1      ; bokeh simulation when scattering]]
[2022.03.08-06.47.51:842][  0]LogConfig: Setting CVar [[r.DOF.Scatter.MaxSpriteRatio:0.1         ; only a maximum of 10% of scattered bokeh]]
[2022.03.08-06.47.51:842][  0]LogConfig: Setting CVar [[r.DOF.Recombine.Quality:1                ; cheap slight out of focus]]
[2022.03.08-06.47.51:842][  0]LogConfig: Setting CVar [[r.DOF.Recombine.EnableBokehSettings:0    ; no bokeh simulation on slight out of focus]]
[2022.03.08-06.47.51:842][  0]LogConfig: Setting CVar [[r.DOF.TemporalAAQuality:1                ; more stable temporal accumulation]]
[2022.03.08-06.47.51:842][  0]LogConfig: Setting CVar [[r.DOF.Kernel.MaxForegroundRadius:0.025]]
[2022.03.08-06.47.51:842][  0]LogConfig: Setting CVar [[r.DOF.Kernel.MaxBackgroundRadius:0.025]]
[2022.03.08-06.47.51:842][  0]LogConfig: Applying CVar settings from Section [TextureQuality@3] File [C:/EpicGames/ChattingClient/ChattingClient/Saved/Config/Windows/Scalability.ini]
[2022.03.08-06.47.51:842][  0]LogConfig: Setting CVar [[r.Streaming.MipBias:0]]
[2022.03.08-06.47.51:842][  0]LogConfig: Setting CVar [[r.Streaming.AmortizeCPUToGPUCopy:0]]
[2022.03.08-06.47.51:842][  0]LogConfig: Setting CVar [[r.Streaming.MaxNumTexturesToStreamPerFrame:0]]
[2022.03.08-06.47.51:842][  0]LogConfig: Setting CVar [[r.Streaming.Boost:1]]
[2022.03.08-06.47.51:842][  0]LogConfig: Setting CVar [[r.MaxAnisotropy:8]]
[2022.03.08-06.47.51:842][  0]LogConfig: Setting CVar [[r.VT.MaxAnisotropy:8]]
[2022.03.08-06.47.51:843][  0]LogConfig: Setting CVar [[r.Streaming.LimitPoolSizeToVRAM:0]]
[2022.03.08-06.47.51:843][  0]LogConfig: Setting CVar [[r.Streaming.PoolSize:1000]]
[2022.03.08-06.47.51:843][  0]LogConfig: Setting CVar [[r.Streaming.MaxEffectiveScreenSize:0]]
[2022.03.08-06.47.51:843][  0]LogConfig: Applying CVar settings from Section [EffectsQuality@3] File [C:/EpicGames/ChattingClient/ChattingClient/Saved/Config/Windows/Scalability.ini]
[2022.03.08-06.47.51:843][  0]LogConfig: Setting CVar [[r.TranslucencyLightingVolumeDim:64]]
[2022.03.08-06.47.51:843][  0]LogConfig: Setting CVar [[r.RefractionQuality:2]]
[2022.03.08-06.47.51:843][  0]LogConfig: Setting CVar [[r.SSR.Quality:3]]
[2022.03.08-06.47.51:843][  0]LogConfig: Setting CVar [[r.SSR.HalfResSceneColor:0]]
[2022.03.08-06.47.51:843][  0]LogConfig: Setting CVar [[r.SceneColorFormat:4]]
[2022.03.08-06.47.51:843][  0]LogConfig: Setting CVar [[r.DetailMode:2]]
[2022.03.08-06.47.51:843][  0]LogConfig: Setting CVar [[r.TranslucencyVolumeBlur:1]]
[2022.03.08-06.47.51:843][  0]LogConfig: Setting CVar [[r.MaterialQualityLevel:1 ; High quality]]
[2022.03.08-06.47.51:843][  0]LogConfig: Setting CVar [[r.AnisotropicMaterials:1]]
[2022.03.08-06.47.51:843][  0]LogConfig: Setting CVar [[r.SSS.Scale:1]]
[2022.03.08-06.47.51:843][  0]LogConfig: Setting CVar [[r.SSS.SampleSet:2]]
[2022.03.08-06.47.51:843][  0]LogConfig: Setting CVar [[r.SSS.Quality:1]]
[2022.03.08-06.47.51:844][  0]LogConfig: Setting CVar [[r.SSS.HalfRes:0]]
[2022.03.08-06.47.51:844][  0]LogConfig: Setting CVar [[r.SSGI.Quality:3]]
[2022.03.08-06.47.51:844][  0]LogConfig: Setting CVar [[r.EmitterSpawnRateScale:1.0]]
[2022.03.08-06.47.51:844][  0]LogConfig: Setting CVar [[r.ParticleLightQuality:2]]
[2022.03.08-06.47.51:844][  0]LogConfig: Setting CVar [[r.SkyAtmosphere.AerialPerspectiveLUT.FastApplyOnOpaque:1 ; Always have FastSkyLUT 1 in this case to avoid wrong sky]]
[2022.03.08-06.47.51:844][  0]LogConfig: Setting CVar [[r.SkyAtmosphere.AerialPerspectiveLUT.SampleCountMaxPerSlice:4]]
[2022.03.08-06.47.51:844][  0]LogConfig: Setting CVar [[r.SkyAtmosphere.AerialPerspectiveLUT.DepthResolution:16.0]]
[2022.03.08-06.47.51:844][  0]LogConfig: Setting CVar [[r.SkyAtmosphere.FastSkyLUT:1]]
[2022.03.08-06.47.51:844][  0]LogConfig: Setting CVar [[r.SkyAtmosphere.FastSkyLUT.SampleCountMin:4.0]]
[2022.03.08-06.47.51:844][  0]LogConfig: Setting CVar [[r.SkyAtmosphere.FastSkyLUT.SampleCountMax:128.0]]
[2022.03.08-06.47.51:844][  0]LogConfig: Setting CVar [[r.SkyAtmosphere.SampleCountMin:4.0]]
[2022.03.08-06.47.51:844][  0]LogConfig: Setting CVar [[r.SkyAtmosphere.SampleCountMax:128.0]]
[2022.03.08-06.47.51:844][  0]LogConfig: Setting CVar [[r.SkyAtmosphere.TransmittanceLUT.UseSmallFormat:0]]
[2022.03.08-06.47.51:844][  0]LogConfig: Setting CVar [[r.SkyAtmosphere.TransmittanceLUT.SampleCount:10.0]]
[2022.03.08-06.47.51:844][  0]LogConfig: Setting CVar [[r.SkyAtmosphere.MultiScatteringLUT.SampleCount:15.0]]
[2022.03.08-06.47.51:845][  0]LogConfig: Setting CVar [[r.SkyLight.RealTimeReflectionCapture:1]]
[2022.03.08-06.47.51:845][  0]LogConfig: Applying CVar settings from Section [FoliageQuality@3] File [C:/EpicGames/ChattingClient/ChattingClient/Saved/Config/Windows/Scalability.ini]
[2022.03.08-06.47.51:845][  0]LogConfig: Setting CVar [[foliage.DensityScale:1.0]]
[2022.03.08-06.47.51:845][  0]LogConfig: Setting CVar [[grass.DensityScale:1.0]]
[2022.03.08-06.47.51:845][  0]LogConfig: Applying CVar settings from Section [ShadingQuality@3] File [C:/EpicGames/ChattingClient/ChattingClient/Saved/Config/Windows/Scalability.ini]
[2022.03.08-06.47.51:845][  0]LogConfig: Setting CVar [[r.HairStrands.SkyLighting.IntegrationType:2]]
[2022.03.08-06.47.51:845][  0]LogConfig: Setting CVar [[r.HairStrands.SkyAO.SampleCount:4]]
[2022.03.08-06.47.51:845][  0]LogConfig: Setting CVar [[r.HairStrands.Visibility.MSAA.SamplePerPixel:4]]
[2022.03.08-06.47.51:845][  0]LogInit: Selected Device Profile: [Windows]
[2022.03.08-06.47.51:845][  0]LogInit: Applying CVar settings loaded from the selected device profile: [Windows]
[2022.03.08-06.47.51:845][  0]LogHAL: Display: Platform has ~ 16 GB [17096134656 / 17179869184 / 16], which maps to Larger [LargestMinGB=32, LargerMinGB=12, DefaultMinGB=8, SmallerMinGB=6, SmallestMinGB=0)
[2022.03.08-06.47.51:845][  0]LogInit: Going up to parent DeviceProfile []
[2022.03.08-06.47.51:846][  0]LogConfig: Applying CVar settings from Section [ViewDistanceQuality@3] File [C:/EpicGames/ChattingClient/ChattingClient/Saved/Config/Windows/Scalability.ini]
[2022.03.08-06.47.51:846][  0]LogConfig: Setting CVar [[r.SkeletalMeshLODBias:0]]
[2022.03.08-06.47.51:846][  0]LogConfig: Setting CVar [[r.ViewDistanceScale:1.0]]
[2022.03.08-06.47.51:846][  0]LogConfig: Applying CVar settings from Section [AntiAliasingQuality@3] File [C:/EpicGames/ChattingClient/ChattingClient/Saved/Config/Windows/Scalability.ini]
[2022.03.08-06.47.51:846][  0]LogConfig: Setting CVar [[r.PostProcessAAQuality:4]]
[2022.03.08-06.47.51:846][  0]LogConfig: Applying CVar settings from Section [ShadowQuality@3] File [C:/EpicGames/ChattingClient/ChattingClient/Saved/Config/Windows/Scalability.ini]
[2022.03.08-06.47.51:846][  0]LogConfig: Setting CVar [[r.LightFunctionQuality:1]]
[2022.03.08-06.47.51:846][  0]LogConfig: Setting CVar [[r.ShadowQuality:5]]
[2022.03.08-06.47.51:846][  0]LogConfig: Setting CVar [[r.Shadow.CSM.MaxCascades:10]]
[2022.03.08-06.47.51:846][  0]LogConfig: Setting CVar [[r.Shadow.MaxResolution:2048]]
[2022.03.08-06.47.51:846][  0]LogConfig: Setting CVar [[r.Shadow.MaxCSMResolution:2048]]
[2022.03.08-06.47.51:846][  0]LogConfig: Setting CVar [[r.Shadow.RadiusThreshold:0.01]]
[2022.03.08-06.47.51:846][  0]LogConfig: Setting CVar [[r.Shadow.DistanceScale:1.0]]
[2022.03.08-06.47.51:846][  0]LogConfig: Setting CVar [[r.Shadow.CSM.TransitionScale:1.0]]
[2022.03.08-06.47.51:846][  0]LogConfig: Setting CVar [[r.Shadow.PreShadowResolutionFactor:1.0]]
[2022.03.08-06.47.51:846][  0]LogConfig: Setting CVar [[r.DistanceFieldShadowing:1]]
[2022.03.08-06.47.51:847][  0]LogConfig: Setting CVar [[r.DistanceFieldAO:1]]
[2022.03.08-06.47.51:847][  0]LogConfig: Setting CVar [[r.AOQuality:2]]
[2022.03.08-06.47.51:847][  0]LogConfig: Setting CVar [[r.VolumetricFog:1]]
[2022.03.08-06.47.51:847][  0]LogConfig: Setting CVar [[r.VolumetricFog.GridPixelSize:8]]
[2022.03.08-06.47.51:847][  0]LogConfig: Setting CVar [[r.VolumetricFog.GridSizeZ:128]]
[2022.03.08-06.47.51:847][  0]LogConfig: Setting CVar [[r.VolumetricFog.HistoryMissSupersampleCount:4]]
[2022.03.08-06.47.51:847][  0]LogConfig: Setting CVar [[r.LightMaxDrawDistanceScale:1]]
[2022.03.08-06.47.51:847][  0]LogConfig: Setting CVar [[r.CapsuleShadows:1]]
[2022.03.08-06.47.51:847][  0]LogConfig: Applying CVar settings from Section [PostProcessQuality@3] File [C:/EpicGames/ChattingClient/ChattingClient/Saved/Config/Windows/Scalability.ini]
[2022.03.08-06.47.51:847][  0]LogConfig: Setting CVar [[r.MotionBlurQuality:4]]
[2022.03.08-06.47.51:847][  0]LogConfig: Setting CVar [[r.AmbientOcclusionMipLevelFactor:0.4]]
[2022.03.08-06.47.51:847][  0]LogConfig: Setting CVar [[r.AmbientOcclusionMaxQuality:100]]
[2022.03.08-06.47.51:847][  0]LogConfig: Setting CVar [[r.AmbientOcclusionLevels:-1]]
[2022.03.08-06.47.51:847][  0]LogConfig: Setting CVar [[r.AmbientOcclusionRadiusScale:1.0]]
[2022.03.08-06.47.51:847][  0]LogConfig: Setting CVar [[r.DepthOfFieldQuality:2]]
[2022.03.08-06.47.51:848][  0]LogConfig: Setting CVar [[r.RenderTargetPoolMin:400]]
[2022.03.08-06.47.51:848][  0]LogConfig: Setting CVar [[r.LensFlareQuality:2]]
[2022.03.08-06.47.51:848][  0]LogConfig: Setting CVar [[r.SceneColorFringeQuality:1]]
[2022.03.08-06.47.51:848][  0]LogConfig: Setting CVar [[r.EyeAdaptationQuality:2]]
[2022.03.08-06.47.51:848][  0]LogConfig: Setting CVar [[r.BloomQuality:5]]
[2022.03.08-06.47.51:848][  0]LogConfig: Setting CVar [[r.FastBlurThreshold:100]]
[2022.03.08-06.47.51:848][  0]LogConfig: Setting CVar [[r.Upscale.Quality:3]]
[2022.03.08-06.47.51:848][  0]LogConfig: Setting CVar [[r.Tonemapper.GrainQuantization:1]]
[2022.03.08-06.47.51:848][  0]LogConfig: Setting CVar [[r.LightShaftQuality:1]]
[2022.03.08-06.47.51:848][  0]LogConfig: Setting CVar [[r.Filter.SizeScale:1]]
[2022.03.08-06.47.51:848][  0]LogConfig: Setting CVar [[r.Tonemapper.Quality:5]]
[2022.03.08-06.47.51:848][  0]LogConfig: Setting CVar [[r.DOF.Gather.AccumulatorQuality:1        ; higher gathering accumulator quality]]
[2022.03.08-06.47.51:848][  0]LogConfig: Setting CVar [[r.DOF.Gather.PostfilterMethod:1          ; Median3x3 postfilering method]]
[2022.03.08-06.47.51:849][  0]LogConfig: Setting CVar [[r.DOF.Gather.EnableBokehSettings:0       ; no bokeh simulation when gathering]]
[2022.03.08-06.47.51:849][  0]LogConfig: Setting CVar [[r.DOF.Gather.RingCount:4                 ; medium number of samples when gathering]]
[2022.03.08-06.47.51:849][  0]LogConfig: Setting CVar [[r.DOF.Scatter.ForegroundCompositing:1    ; additive foreground scattering]]
[2022.03.08-06.47.51:849][  0]LogConfig: Setting CVar [[r.DOF.Scatter.BackgroundCompositing:2    ; additive background scattering]]
[2022.03.08-06.47.51:849][  0]LogConfig: Setting CVar [[r.DOF.Scatter.EnableBokehSettings:1      ; bokeh simulation when scattering]]
[2022.03.08-06.47.51:849][  0]LogConfig: Setting CVar [[r.DOF.Scatter.MaxSpriteRatio:0.1         ; only a maximum of 10% of scattered bokeh]]
[2022.03.08-06.47.51:849][  0]LogConfig: Setting CVar [[r.DOF.Recombine.Quality:1                ; cheap slight out of focus]]
[2022.03.08-06.47.51:849][  0]LogConfig: Setting CVar [[r.DOF.Recombine.EnableBokehSettings:0    ; no bokeh simulation on slight out of focus]]
[2022.03.08-06.47.51:849][  0]LogConfig: Setting CVar [[r.DOF.TemporalAAQuality:1                ; more stable temporal accumulation]]
[2022.03.08-06.47.51:849][  0]LogConfig: Setting CVar [[r.DOF.Kernel.MaxForegroundRadius:0.025]]
[2022.03.08-06.47.51:849][  0]LogConfig: Setting CVar [[r.DOF.Kernel.MaxBackgroundRadius:0.025]]
[2022.03.08-06.47.51:849][  0]LogConfig: Applying CVar settings from Section [TextureQuality@3] File [C:/EpicGames/ChattingClient/ChattingClient/Saved/Config/Windows/Scalability.ini]
[2022.03.08-06.47.51:849][  0]LogConfig: Setting CVar [[r.Streaming.MipBias:0]]
[2022.03.08-06.47.51:849][  0]LogConfig: Setting CVar [[r.Streaming.AmortizeCPUToGPUCopy:0]]
[2022.03.08-06.47.51:849][  0]LogConfig: Setting CVar [[r.Streaming.MaxNumTexturesToStreamPerFrame:0]]
[2022.03.08-06.47.51:849][  0]LogConfig: Setting CVar [[r.Streaming.Boost:1]]
[2022.03.08-06.47.51:849][  0]LogConfig: Setting CVar [[r.MaxAnisotropy:8]]
[2022.03.08-06.47.51:849][  0]LogConfig: Setting CVar [[r.VT.MaxAnisotropy:8]]
[2022.03.08-06.47.51:850][  0]LogConfig: Setting CVar [[r.Streaming.LimitPoolSizeToVRAM:0]]
[2022.03.08-06.47.51:850][  0]LogConfig: Setting CVar [[r.Streaming.PoolSize:1000]]
[2022.03.08-06.47.51:850][  0]LogConfig: Setting CVar [[r.Streaming.MaxEffectiveScreenSize:0]]
[2022.03.08-06.47.51:850][  0]LogConfig: Applying CVar settings from Section [EffectsQuality@3] File [C:/EpicGames/ChattingClient/ChattingClient/Saved/Config/Windows/Scalability.ini]
[2022.03.08-06.47.51:850][  0]LogConfig: Setting CVar [[r.TranslucencyLightingVolumeDim:64]]
[2022.03.08-06.47.51:850][  0]LogConfig: Setting CVar [[r.RefractionQuality:2]]
[2022.03.08-06.47.51:850][  0]LogConfig: Setting CVar [[r.SSR.Quality:3]]
[2022.03.08-06.47.51:850][  0]LogConfig: Setting CVar [[r.SSR.HalfResSceneColor:0]]
[2022.03.08-06.47.51:850][  0]LogConfig: Setting CVar [[r.SceneColorFormat:4]]
[2022.03.08-06.47.51:850][  0]LogConfig: Setting CVar [[r.DetailMode:2]]
[2022.03.08-06.47.51:850][  0]LogConfig: Setting CVar [[r.TranslucencyVolumeBlur:1]]
[2022.03.08-06.47.51:850][  0]LogConfig: Setting CVar [[r.MaterialQualityLevel:1 ; High quality]]
[2022.03.08-06.47.51:850][  0]LogConfig: Setting CVar [[r.AnisotropicMaterials:1]]
[2022.03.08-06.47.51:850][  0]LogConfig: Setting CVar [[r.SSS.Scale:1]]
[2022.03.08-06.47.51:850][  0]LogConfig: Setting CVar [[r.SSS.SampleSet:2]]
[2022.03.08-06.47.51:850][  0]LogConfig: Setting CVar [[r.SSS.Quality:1]]
[2022.03.08-06.47.51:850][  0]LogConfig: Setting CVar [[r.SSS.HalfRes:0]]
[2022.03.08-06.47.51:850][  0]LogConfig: Setting CVar [[r.SSGI.Quality:3]]
[2022.03.08-06.47.51:850][  0]LogConfig: Setting CVar [[r.EmitterSpawnRateScale:1.0]]
[2022.03.08-06.47.51:851][  0]LogConfig: Setting CVar [[r.ParticleLightQuality:2]]
[2022.03.08-06.47.51:851][  0]LogConfig: Setting CVar [[r.SkyAtmosphere.AerialPerspectiveLUT.FastApplyOnOpaque:1 ; Always have FastSkyLUT 1 in this case to avoid wrong sky]]
[2022.03.08-06.47.51:851][  0]LogConfig: Setting CVar [[r.SkyAtmosphere.AerialPerspectiveLUT.SampleCountMaxPerSlice:4]]
[2022.03.08-06.47.51:851][  0]LogConfig: Setting CVar [[r.SkyAtmosphere.AerialPerspectiveLUT.DepthResolution:16.0]]
[2022.03.08-06.47.51:851][  0]LogConfig: Setting CVar [[r.SkyAtmosphere.FastSkyLUT:1]]
[2022.03.08-06.47.51:851][  0]LogConfig: Setting CVar [[r.SkyAtmosphere.FastSkyLUT.SampleCountMin:4.0]]
[2022.03.08-06.47.51:851][  0]LogConfig: Setting CVar [[r.SkyAtmosphere.FastSkyLUT.SampleCountMax:128.0]]
[2022.03.08-06.47.51:851][  0]LogConfig: Setting CVar [[r.SkyAtmosphere.SampleCountMin:4.0]]
[2022.03.08-06.47.51:851][  0]LogConfig: Setting CVar [[r.SkyAtmosphere.SampleCountMax:128.0]]
[2022.03.08-06.47.51:851][  0]LogConfig: Setting CVar [[r.SkyAtmosphere.TransmittanceLUT.UseSmallFormat:0]]
[2022.03.08-06.47.51:851][  0]LogConfig: Setting CVar [[r.SkyAtmosphere.TransmittanceLUT.SampleCount:10.0]]
[2022.03.08-06.47.51:851][  0]LogConfig: Setting CVar [[r.SkyAtmosphere.MultiScatteringLUT.SampleCount:15.0]]
[2022.03.08-06.47.51:851][  0]LogConfig: Setting CVar [[r.SkyLight.RealTimeReflectionCapture:1]]
[2022.03.08-06.47.51:851][  0]LogConfig: Applying CVar settings from Section [FoliageQuality@3] File [C:/EpicGames/ChattingClient/ChattingClient/Saved/Config/Windows/Scalability.ini]
[2022.03.08-06.47.51:851][  0]LogConfig: Setting CVar [[foliage.DensityScale:1.0]]
[2022.03.08-06.47.51:851][  0]LogConfig: Setting CVar [[grass.DensityScale:1.0]]
[2022.03.08-06.47.51:851][  0]LogConfig: Applying CVar settings from Section [ShadingQuality@3] File [C:/EpicGames/ChattingClient/ChattingClient/Saved/Config/Windows/Scalability.ini]
[2022.03.08-06.47.51:852][  0]LogConfig: Setting CVar [[r.HairStrands.SkyLighting.IntegrationType:2]]
[2022.03.08-06.47.51:852][  0]LogConfig: Setting CVar [[r.HairStrands.SkyAO.SampleCount:4]]
[2022.03.08-06.47.51:852][  0]LogConfig: Setting CVar [[r.HairStrands.Visibility.MSAA.SamplePerPixel:4]]
[2022.03.08-06.47.51:852][  0]LogConfig: Applying CVar settings from Section [Startup] File [../../../Engine/Config/ConsoleVariables.ini]
[2022.03.08-06.47.51:852][  0]LogConfig: Setting CVar [[net.UseAdaptiveNetUpdateFrequency:0]]
[2022.03.08-06.47.51:852][  0]LogConfig: Setting CVar [[p.chaos.AllowCreatePhysxBodies:1]]
[2022.03.08-06.47.51:852][  0]LogConfig: Setting CVar [[fx.SkipVectorVMBackendOptimizations:1]]
[2022.03.08-06.47.51:852][  0]LogConfig: Applying CVar settings from Section [ConsoleVariables] File [C:/EpicGames/ChattingClient/ChattingClient/Saved/Config/Windows/Engine.ini]
[2022.03.08-06.47.51:852][  0]LogConfig: Applying CVar settings from Section [ConsoleVariables] File [C:/EpicGames/ChattingClient/ChattingClient/Saved/Config/Windows/Editor.ini]
[2022.03.08-06.47.51:853][  0]LogInit: Computer: DESKTOP-JG03A40
[2022.03.08-06.47.51:853][  0]LogInit: User: lenovo
[2022.03.08-06.47.51:853][  0]LogInit: CPU Page size=4096, Cores=6
[2022.03.08-06.47.51:853][  0]LogInit: High frequency timer resolution =10.000000 MHz
[2022.03.08-06.47.51:853][  0]LogMemory: Memory total: Physical=15.9GB (16GB approx)
[2022.03.08-06.47.51:853][  0]LogMemory: Platform Memory Stats for Windows
[2022.03.08-06.47.51:853][  0]LogMemory: Process Physical Memory: 148.75 MB used, 148.75 MB peak
[2022.03.08-06.47.51:853][  0]LogMemory: Process Virtual Memory: 122.65 MB used, 122.65 MB peak
[2022.03.08-06.47.51:853][  0]LogMemory: Physical Memory: 11465.98 MB used,  4838.16 MB free, 16304.14 MB total
[2022.03.08-06.47.51:853][  0]LogMemory: Virtual Memory: 134212096.00 MB used,  5632.12 MB free, 134217728.00 MB total
[2022.03.08-06.47.51:886][  0]LogWindows: WindowsPlatformFeatures enabled
[2022.03.08-06.47.52:127][  0]LogInit: Physics initialised using underlying interface: PhysX
[2022.03.08-06.47.52:128][  0]LogInit: Using OS detected language (ko-KR).
[2022.03.08-06.47.52:128][  0]LogInit: Using OS detected locale (ko-KR).
[2022.03.08-06.47.52:134][  0]LogTextLocalizationManager: No specific localization for 'ko-KR' exists, so the 'ko' localization will be used.
[2022.03.08-06.47.52:239][  0]LogInit: Setting process to per monitor DPI aware
[2022.03.08-06.47.52:318][  0]LogWindowsTextInputMethodSystem: Display: IME system deactivated.
[2022.03.08-06.47.52:339][  0]LogSlate: New Slate User Created.  User Index 0, Is Virtual User: 0
[2022.03.08-06.47.52:339][  0]LogSlate: Slate User Registered.  User Index 0, Is Virtual User: 0
[2022.03.08-06.47.52:540][  0]LogD3D11RHI: Loaded GFSDK_Aftermath_Lib.x64.dll
[2022.03.08-06.47.52:548][  0]LogHMD: Failed to initialize OpenVR with code 110
[2022.03.08-06.47.52:548][  0]LogD3D11RHI: D3D11 min allowed feature level: 11_0
[2022.03.08-06.47.52:548][  0]LogD3D11RHI: D3D11 max allowed feature level: 11_0
[2022.03.08-06.47.52:549][  0]LogD3D11RHI: D3D11 adapters:
[2022.03.08-06.47.52:703][  0]LogD3D11RHI:    0. 'NVIDIA GeForce GTX 1660 Ti' (Feature Level 11_0)
[2022.03.08-06.47.52:703][  0]LogD3D11RHI:       5991/0/8152 MB DedicatedVideo/DedicatedSystem/SharedSystem, Outputs:1, VendorId:0x10de
[2022.03.08-06.47.52:709][  0]LogD3D11RHI:    1. 'Microsoft Basic Render Driver' (Feature Level 11_0)
[2022.03.08-06.47.52:709][  0]LogD3D11RHI:       0/0/8152 MB DedicatedVideo/DedicatedSystem/SharedSystem, Outputs:0, VendorId:0x1414
[2022.03.08-06.47.52:709][  0]LogD3D11RHI: Chosen D3D11 Adapter:
[2022.03.08-06.47.52:710][  0]LogD3D11RHI:     Description : NVIDIA GeForce GTX 1660 Ti
[2022.03.08-06.47.52:710][  0]LogD3D11RHI:     VendorId    : 10de
[2022.03.08-06.47.52:710][  0]LogD3D11RHI:     DeviceId    : 2191
[2022.03.08-06.47.52:710][  0]LogD3D11RHI:     SubSysId    : 3ffc17aa
[2022.03.08-06.47.52:710][  0]LogD3D11RHI:     Revision    : 00a1
[2022.03.08-06.47.52:710][  0]LogD3D11RHI:     DedicatedVideoMemory : 6282018816 bytes
[2022.03.08-06.47.52:710][  0]LogD3D11RHI:     DedicatedSystemMemory : 0 bytes
[2022.03.08-06.47.52:710][  0]LogD3D11RHI:     SharedSystemMemory : 8548067328 bytes
[2022.03.08-06.47.52:710][  0]LogD3D11RHI:     AdapterLuid : 0 76549
[2022.03.08-06.47.52:721][  0]LogD3D11RHI: Creating new Direct3DDevice
[2022.03.08-06.47.52:721][  0]LogD3D11RHI:     GPU DeviceId: 0x2191 (for the marketing name, search the web for "GPU Device Id")
[2022.03.08-06.47.52:721][  0]LogWindows: EnumDisplayDevices:
[2022.03.08-06.47.52:722][  0]LogWindows:    0. 'NVIDIA GeForce GTX 1660 Ti' (P:1 D:1)
[2022.03.08-06.47.52:723][  0]LogWindows:    1. 'NVIDIA GeForce GTX 1660 Ti' (P:0 D:0)
[2022.03.08-06.47.52:724][  0]LogWindows:    2. 'NVIDIA GeForce GTX 1660 Ti' (P:0 D:0)
[2022.03.08-06.47.52:725][  0]LogWindows:    3. 'NVIDIA GeForce GTX 1660 Ti' (P:0 D:0)
[2022.03.08-06.47.52:725][  0]LogWindows: DebugString: FoundDriverCount:4 
[2022.03.08-06.47.52:725][  0]LogD3D11RHI:     Adapter Name: NVIDIA GeForce GTX 1660 Ti
[2022.03.08-06.47.52:725][  0]LogD3D11RHI:   Driver Version: 471.41 (internal:30.0.14.7141, unified:471.41)
[2022.03.08-06.47.52:726][  0]LogD3D11RHI:      Driver Date: 7-12-2021
[2022.03.08-06.47.52:726][  0]LogRHI: Texture pool is 4193 MB (70% of 5991 MB)
[2022.03.08-06.47.52:726][  0]LogD3D11RHI: Creating D3DDevice using adapter:
[2022.03.08-06.47.52:726][  0]LogD3D11RHI:     Description : NVIDIA GeForce GTX 1660 Ti
[2022.03.08-06.47.52:726][  0]LogD3D11RHI:     VendorId    : 10de
[2022.03.08-06.47.52:726][  0]LogD3D11RHI:     DeviceId    : 2191
[2022.03.08-06.47.52:726][  0]LogD3D11RHI:     SubSysId    : 3ffc17aa
[2022.03.08-06.47.52:726][  0]LogD3D11RHI:     Revision    : 00a1
[2022.03.08-06.47.52:726][  0]LogD3D11RHI:     DedicatedVideoMemory : 6282018816 bytes
[2022.03.08-06.47.52:726][  0]LogD3D11RHI:     DedicatedSystemMemory : 0 bytes
[2022.03.08-06.47.52:726][  0]LogD3D11RHI:     SharedSystemMemory : 8548067328 bytes
[2022.03.08-06.47.52:726][  0]LogD3D11RHI:     AdapterLuid : 0 76549
[2022.03.08-06.47.52:821][  0]LogD3D11RHI: RHI has support for 64 bit atomics
[2022.03.08-06.47.52:822][  0]LogD3D11RHI: Async texture creation enabled
[2022.03.08-06.47.52:822][  0]LogD3D11RHI: Array index from any shader is supported
[2022.03.08-06.47.52:843][  0]LogD3D11RHI: GPU Timing Frequency: 1000.000000 (Debug: 2 1)
[2022.03.08-06.47.52:941][  0]LogRHI: GeForceNow SDK initialized: 1
[2022.03.08-06.47.53:395][  0]LogTargetPlatformManager: Display: Loaded TargetPlatform 'AllDesktop'
[2022.03.08-06.47.53:418][  0]LogTargetPlatformManager: Display: Loaded TargetPlatform 'Android'
[2022.03.08-06.47.53:418][  0]LogTargetPlatformManager: Display: Loaded TargetPlatform 'Android_ASTC'
[2022.03.08-06.47.53:418][  0]LogTargetPlatformManager: Display: Loaded TargetPlatform 'Android_DXT'
[2022.03.08-06.47.53:419][  0]LogTargetPlatformManager: Display: Loaded TargetPlatform 'Android_ETC2'
[2022.03.08-06.47.53:419][  0]LogTargetPlatformManager: Display: Loaded TargetPlatform 'AndroidClient'
[2022.03.08-06.47.53:419][  0]LogTargetPlatformManager: Display: Loaded TargetPlatform 'Android_ASTCClient'
[2022.03.08-06.47.53:419][  0]LogTargetPlatformManager: Display: Loaded TargetPlatform 'Android_DXTClient'
[2022.03.08-06.47.53:419][  0]LogTargetPlatformManager: Display: Loaded TargetPlatform 'Android_ETC2Client'
[2022.03.08-06.47.53:419][  0]LogTargetPlatformManager: Display: Loaded TargetPlatform 'Android_Multi'
[2022.03.08-06.47.53:419][  0]LogTargetPlatformManager: Display: Loaded TargetPlatform 'Android_MultiClient'
[2022.03.08-06.47.53:452][  0]LogTargetPlatformManager: Display: Loaded TargetPlatform 'IOSClient'
[2022.03.08-06.47.53:452][  0]LogTargetPlatformManager: Display: Loaded TargetPlatform 'IOS'
[2022.03.08-06.47.53:467][  0]LogTargetPlatformManager: Display: Loaded TargetPlatform 'Linux'
[2022.03.08-06.47.53:475][  0]LogTargetPlatformManager: Display: Loaded TargetPlatform 'LinuxNoEditor'
[2022.03.08-06.47.53:483][  0]LogTargetPlatformManager: Display: Loaded TargetPlatform 'LinuxClient'
[2022.03.08-06.47.53:492][  0]LogTargetPlatformManager: Display: Loaded TargetPlatform 'LinuxServer'
[2022.03.08-06.47.53:507][  0]LogTargetPlatformManager: Display: Loaded TargetPlatform 'LinuxAArch64NoEditor'
[2022.03.08-06.47.53:516][  0]LogTargetPlatformManager: Display: Loaded TargetPlatform 'LinuxAArch64Client'
[2022.03.08-06.47.53:525][  0]LogTargetPlatformManager: Display: Loaded TargetPlatform 'LinuxAArch64Server'
[2022.03.08-06.47.53:553][  0]LogTargetPlatformManager: Display: Loaded TargetPlatform 'Lumin'
[2022.03.08-06.47.53:554][  0]LogTargetPlatformManager: Display: Loaded TargetPlatform 'LuminClient'
[2022.03.08-06.47.53:566][  0]LogTargetPlatformManager: Display: Loaded TargetPlatform 'MacNoEditor'
[2022.03.08-06.47.53:574][  0]LogTargetPlatformManager: Display: Loaded TargetPlatform 'Mac'
[2022.03.08-06.47.53:582][  0]LogTargetPlatformManager: Display: Loaded TargetPlatform 'MacClient'
[2022.03.08-06.47.53:590][  0]LogTargetPlatformManager: Display: Loaded TargetPlatform 'MacServer'
[2022.03.08-06.47.53:606][  0]LogTargetPlatformManager: Display: Loaded TargetPlatform 'TVOSClient'
[2022.03.08-06.47.53:606][  0]LogTargetPlatformManager: Display: Loaded TargetPlatform 'TVOS'
[2022.03.08-06.47.53:620][  0]LogTargetPlatformManager: Display: Loaded TargetPlatform 'WindowsNoEditor'
[2022.03.08-06.47.53:630][  0]LogTargetPlatformManager: Display: Loaded TargetPlatform 'Windows'
[2022.03.08-06.47.53:638][  0]LogTargetPlatformManager: Display: Loaded TargetPlatform 'WindowsClient'
[2022.03.08-06.47.53:648][  0]LogTargetPlatformManager: Display: Loaded TargetPlatform 'WindowsServer'
[2022.03.08-06.47.53:648][  0]LogTargetPlatformManager: Display: Building Assets For Windows
[2022.03.08-06.47.53:671][  0]LogAudioDebug: Display: Lib vorbis DLL was dynamically loaded.
[2022.03.08-06.47.53:775][  0]LogTextureFormatOodle: Display: Oodle Texture 2.9.0 init RDO Off
[2022.03.08-06.47.53:860][  0]LogRendererCore: Ray tracing is disabled. Reason: r.RayTracing=0.
[2022.03.08-06.47.53:860][  0]LogShaderCompilers: Guid format shader working directory is 5 characters bigger than the processId version (../../../../ChattingClient/ChattingClient/Intermediate/Shaders/WorkingDirectory/13516/).
[2022.03.08-06.47.53:860][  0]LogShaderCompilers: Cleaned the shader compiler working directory 'C:/Users/lenovo/AppData/Local/Temp/UnrealShaderWorkingDir/FD80DE3245C555596144B89EB5F7CC36/'.
[2022.03.08-06.47.53:860][  0]LogXGEController: Cannot use XGE Controller as Incredibuild is not installed on this machine.
[2022.03.08-06.47.53:860][  0]LogShaderCompilers: Cannot use XGE Shader Compiler as Incredibuild is not installed on this machine.
[2022.03.08-06.47.53:860][  0]LogShaderCompilers: Display: Using Local Shader Compiler.
[2022.03.08-06.47.54:614][  0]LogDerivedDataCache: Display: Max Cache Size: 512 MB
[2022.03.08-06.47.54:668][  0]LogDerivedDataCache: Loaded boot cache 0.05s 96MB C:/Users/lenovo/AppData/Local/UnrealEngine/4.27/DerivedDataCache/Boot.ddc.
[2022.03.08-06.47.54:668][  0]LogDerivedDataCache: Display: Loaded Boot cache: C:/Users/lenovo/AppData/Local/UnrealEngine/4.27/DerivedDataCache/Boot.ddc
[2022.03.08-06.47.54:668][  0]LogDerivedDataCache: FDerivedDataBackendGraph:  Pak pak cache file ../../../../ChattingClient/ChattingClient/DerivedDataCache/DDC.ddp not found, will not use a pak cache.
[2022.03.08-06.47.54:668][  0]LogDerivedDataCache: Unable to find inner node Pak for hierarchical cache Hierarchy.
[2022.03.08-06.47.54:668][  0]LogDerivedDataCache: FDerivedDataBackendGraph:  CompressedPak pak cache file ../../../../ChattingClient/ChattingClient/DerivedDataCache/Compressed.ddp not found, will not use a pak cache.
[2022.03.08-06.47.54:669][  0]LogDerivedDataCache: Unable to find inner node CompressedPak for hierarchical cache Hierarchy.
[2022.03.08-06.47.54:684][  0]LogDerivedDataCache: Display: Pak cache opened for reading ../../../Engine/DerivedDataCache/Compressed.ddp.
[2022.03.08-06.47.54:684][  0]LogDerivedDataCache: FDerivedDataBackendGraph:  EnterprisePak pak cache file ../../../Enterprise/DerivedDataCache/Compressed.ddp not found, will not use a pak cache.
[2022.03.08-06.47.54:684][  0]LogDerivedDataCache: Unable to find inner node EnterprisePak for hierarchical cache Hierarchy.
[2022.03.08-06.47.54:703][  0]LogDerivedDataCache: Speed tests for C:/Users/lenovo/AppData/Local/UnrealEngine/Common/DerivedDataCache took 0.02 seconds
[2022.03.08-06.47.54:703][  0]LogDerivedDataCache: Display: Performance to C:/Users/lenovo/AppData/Local/UnrealEngine/Common/DerivedDataCache: Latency=0.04ms. RandomReadSpeed=575.23MBs, RandomWriteSpeed=56.82MBs. Assigned SpeedClass 'Local'
[2022.03.08-06.47.54:705][  0]LogDerivedDataCache: Using Local data cache path C:/Users/lenovo/AppData/Local/UnrealEngine/Common/DerivedDataCache: Writable
[2022.03.08-06.47.54:705][  0]LogDerivedDataCache: Shared data cache path not found in *engine.ini, will not use an Shared cache.
[2022.03.08-06.47.54:706][  0]LogDerivedDataCache: Unable to find inner node Shared for hierarchical cache Hierarchy.
[2022.03.08-06.47.54:750][  0]LogSlate: Using FreeType 2.10.0
[2022.03.08-06.47.54:751][  0]LogSlate: SlateFontServices - WITH_FREETYPE: 1, WITH_HARFBUZZ: 1
[2022.03.08-06.47.54:782][  0]LogAssetRegistry: FAssetRegistry took 0.0046 seconds to start up
[2022.03.08-06.47.54:998][  0]LogInit: Selected Device Profile: [Windows]
[2022.03.08-06.47.54:998][  0]LogInit: Active device profile: [0000013F1C3B4E00][0000013F1CE149C0 49] Windows
[2022.03.08-06.47.54:998][  0]LogInit: Profiles: [0000013F1C3B4E00][0000013F1CE149C0 49] Windows, [0000013F1C37A500][0000013F12B20B40 49] WindowsNoEditor, [0000013F1C3B5D00][0000013F12B24CC0 49] WindowsServer, [0000013F1C37B300][0000013F12B28E40 49] WindowsClient, [0000013F1C3B6A00][0000013F12794FC0 49] IOS, [0000013F1C37B900][0000013F127C5140 49] iPadAir, [0000013F1C3B5500][0000013F127C92C0 49] iPadAir2, [0000013F1C2E1200][0000013F127D5580 49] IPadPro, [0000013F1C2E1300][0000013F127CD5C0 49] iPadAir3, [0000013F1C378C00][0000013F00E3D740 49] iPadAir4, [0000013F1C2E1F00][0000013F127D98C0 49] iPadMini2, [0000013F1C37B100][0000013F127DDA40 49] iPadMini3, [0000013F1C2E2900][0000013F127E1BC0 49] iPadMini4, [0000013F1C378F00][0000013F12C5E1C0 49] iPadMini5, [0000013F1C2DCC00][0000013F12C70480 49] iPhone6, [0000013F1C2DCD00][0000013F12C624C0 49] iPodTouch6, [0000013F1C3B6700][0000013F00E40700 49] iPhone7, [0000013F1C3B6900][0000013F12B1C740 49] iPodTouch7, [0000013F1C2E1100][0000013F127D0880 49] iPhone5S, [0000013F1C3B6C00][0000013F127C09C0 49] iPhone6Plus, [0000013F1C2E3F00][0000013F12C78B40 49] iPhone6S, [0000013F1C2E0100][0000013F1CF28CC0 49] iPhone6SPlus, [0000013F1C2DCB00][0000013F1CF2CE40 49] iPhone7Plus, [0000013F1C2E2100][0000013F1CF30FC0 49] iPhoneSE, [0000013F1C2DE900][0000013F1CF35140 49] iPhone8, [0000013F1C2E2200][0000013F1CF392C0 49] iPhone8Plus, [0000013F1C2DFB00][0000013F1CF3D440 49] iPhoneX, [0000013F1C2E2300][0000013F1CF415C0 49] iPhoneXS, [0000013F1C2DCF00][0000013F1CF45740 49] iPhoneXSMax, [0000013F1C3B6F00][0000013F12C3D8C0 49] iPhoneXR, [0000013F1C2DD700][0000013F12C41A40 49] iPhone11, [0000013F1C3B6E00][0000013F12C45BC0 49] iPhone11Pro, [0000013F1C2DD900][0000013F12C481C0 49] iPhone11ProMax, [0000013F1C3B5200][0000013F12C4C340 49] iPhoneSE2, [0000013F1C2DFD00][0000013F12C504C0 49] iPhone12Mini, [0000013F1C3B4B00][0000013F12C54640 49] iPhone12, [0000013F1C2DDD00][0000013F12C74780 49] iPhone12Pro, [0000013F1C3B5400][0000013F12C588C0 49] iPhone12ProMax, [0000013F1C2DF700][0000013F12798A00 49] iPadPro105, [0000013F1C3B5B00][0000013F1279CB40 49] iPadPro129, [0000013F1C2DC700][0000013F127A4CC0 49] iPadPro97, [0000013F1C3B5300][0000013F127A8E40 49] iPadPro2_129, [0000013F1C2DD200][0000013F127ACFC0 49] iPad5, [0000013F1C3B7F00][0000013F127B1140 49] iPad6, [0000013F1C2DFA00][0000013F127B52C0 49] iPad7, [0000013F1C3B5900][0000013F127B9440 49] iPad8, [0000013F1C2DD400][0000013F127BD5C0 49] iPadPro11, [0000013F1C3B7500][0000013F00E15740 49] iPadPro2_11, [0000013F1C2DE300][0000013F00E198C0 49] iPadPro3_129, [0000013F1C3B4F00][0000013F00E1DA40 49] iPadPro4_129, [0000013F1C2DD100][0000013F00E21BC0 49] AppleTV, [0000013F1C3B7600][0000013F00E241C0 49] AppleTV4K, [0000013F1C2DC600][0000013F00E28340 49] TVOS, [0000013F1C3B7900][0000013F00E2C4C0 49] Mac, [0000013F1C2DF200][0000013F00E30640 49] MacClient, [0000013F1C3B7B00][0000013F00E347C0 49] MacNoEditor, [0000013F1C2DD300][0000013F00E38940 49] MacServer, [0000013F1C3B6400][0000013F127A0A80 49] Linux, [0000013F1C2DE000][0000013F12BE6BC0 49] LinuxAArch64, [0000013F1C3B7E00][0000013F12BEAD00 49] LinuxNoEditor, [0000013F1C2DF100][0000013F12BF2E80 49] LinuxAArch64NoEditor, [0000013F1C3B7200][0000013F12BF7000 49] LinuxClient, [0000013F1C2DE800][0000013F12BFB180 49] LinuxAArch64Client, [0000013F1C3B4400][0000013F12BFF300 49] LinuxServer, [0000013F1C2DC400][0000013F12C03480 49] LinuxAArch64Server, [0000013F1C3B5100][0000013F12C07600 49] Android, [0000013F1C2DE700][0000013F12C0B780 49] Android_Low, [0000013F1C3B4800][0000013F12C0F900 49] Android_Mid, [0000013F1C2DC300][0000013F12C13A80 49] Android_High, [0000013F1C3B5C00][0000013F1D023C00 49] Android_Default, [0000013F1C2DF600][0000013F1D026200 49] Android_Adreno4xx, [0000013F1C3B6100][0000013F1D02A380 49] Android_Adreno5xx_Low, [0000013F1C2DC900][0000013F1D02E500 49] Android_Adreno5xx, [0000013F1C3B5F00][0000013F1D032680 49] Android_Adreno6xx, [0000013F1C2DDB00][0000013F1D036800 49] Android_Adreno6xx_Vulkan, [0000013F1C3B6B00][0000013F1D03A980 49] Android_Mali_T6xx, [0000013F1C2E1900][0000013F1D03EB00 49] Android_Mali_T7xx, [0000013F1C37B200][0000013F12BEEC40 49] Android_Mali_T8xx, [0000013F1C2E3C00][0000013F1D042D80 49] Android_Mali_G71, [0000013F1C37BD00][0000013F1D046EC0 49] Android_Mali_G72, [0000013F1C2E3900][0000013F1D04F040 49] Android_Mali_G72_Vulkan, [0000013F1C37A300][0000013F1D0531C0 49] Android_Mali_G76, [0000013F1C2E1A00][0000013F1D057340 49] Android_Mali_G76_Vulkan, [0000013F1C378400][0000013F1D05B4C0 49] Android_Mali_G77, [0000013F1C2E3500][0000013F1D05F640 49] Android_Mali_G77_Vulkan, [0000013F1C37A100][0000013F1D0637C0 49] Android_Mali_G78, [0000013F1C2E1000][0000013F1D067940 49] Android_Mali_G78_Vulkan, [0000013F1C37A400][0000013F1D06BAC0 49] Android_Mali_G710, [0000013F1C2E1500][0000013F1D06E0C0 49] Android_Mali_G710_Vulkan, [0000013F1C37B600][0000013F1D072240 49] Android_Vulkan_SM5, [0000013F1C2E1800][0000013F1D0763C0 49] Android_PowerVR_G6xxx, [0000013F1C37B000][0000013F1D07A540 49] Android_PowerVR_GT7xxx, [0000013F1C2E1B00][0000013F1D07E6C0 49] Android_PowerVR_GE8xxx, [0000013F1C37BB00][0000013F1D082840 49] Android_PowerVR_GM9xxx, [0000013F1C2E1E00][0000013F1D0869C0 49] Android_PowerVR_GM9xxx_Vulkan, [0000013F1C379700][0000013F1D08AB40 49] Android_TegraK1, [0000013F1C2E3B00][0000013F1D08ECC0 49] Android_Unknown_Vulkan, [0000013F1C379100][0000013F1D04AE00 49] Lumin, [0000013F1C2E0600][0000013F1D092F40 49] Lumin_Desktop, [0000013F1C2DE200][0000013F1D097080 49] HoloLens, 
[2022.03.08-06.47.55:172][  0]LogMeshReduction: Using QuadricMeshReduction for automatic static mesh reduction
[2022.03.08-06.47.55:172][  0]LogMeshReduction: Using SimplygonMeshReduction for automatic skeletal mesh reduction
[2022.03.08-06.47.55:172][  0]LogMeshReduction: Using ProxyLODMeshReduction for automatic mesh merging
[2022.03.08-06.47.55:172][  0]LogMeshReduction: No distributed automatic mesh merging module available
[2022.03.08-06.47.55:172][  0]LogMeshMerging: No distributed automatic mesh merging module available
[2022.03.08-06.47.55:193][  0]LogNetVersion: ChattingClient 1.0.0, NetCL: 17155196, EngineNetVer: 17, GameNetVer: 0 (Checksum: 1007274363)
[2022.03.08-06.47.55:612][  0]LogTexture: Default maximum texture size for cubemaps generated from long-lat sources has been changed from 512 to unlimited. In order to preserve old behaiour for '/Engine/MapTemplates/Sky/DaylightAmbientCubemap.DaylightAmbientCubemap', its maximum texture size has been explicitly set to 512.
[2022.03.08-06.47.55:663][  0]LogHMD: PokeAHoleMaterial loaded successfully
[2022.03.08-06.47.55:669][  0]LogUObjectArray: 17178 objects as part of root set at end of initial load.
[2022.03.08-06.47.55:669][  0]LogUObjectAllocator: 4302048 out of 0 bytes used by permanent object pool.
[2022.03.08-06.47.55:669][  0]LogUObjectArray: CloseDisregardForGC: 0/0 objects in disregard for GC pool
[2022.03.08-06.47.55:995][  0]LogNiagaraDebuggerClient: Niagara Debugger Client Initialized | Session: 2B8C9938461B16F710148FB4126D4EC8 | Instance: 0D9C483E4FF09794BF075FB0DB38C431 (DESKTOP-JG03A40-13516).
[2022.03.08-06.47.56:062][  0]LogPython: Using Python 3.7.7
[2022.03.08-06.47.56:715][  0]LogTcpMessaging: Initializing TcpMessaging bridge
[2022.03.08-06.47.56:724][  0]LogUdpMessaging: Initializing bridge on interface 0.0.0.0:0 to multicast group 230.0.0.1:6666.
[2022.03.08-06.47.57:252][  0]SourceControl: 소스 컨트롤이 꺼졌습니다.
[2022.03.08-06.47.57:252][  0]SourceControl: 소스 컨트롤이 꺼졌습니다.
[2022.03.08-06.47.57:258][  0]SourceControl: 소스 컨트롤이 꺼졌습니다.
[2022.03.08-06.47.57:265][  0]SourceControl: 소스 컨트롤이 꺼졌습니다.
[2022.03.08-06.47.57:288][  0]SourceControl: 소스 컨트롤이 꺼졌습니다.
[2022.03.08-06.47.57:302][  0]LogUProjectInfo: Found projects:
[2022.03.08-06.47.57:640][  0]LogOpenImageDenoise: OIDN starting up
[2022.03.08-06.47.57:695][  0]LogAndroidPermission: UAndroidPermissionCallbackProxy::GetInstance
[2022.03.08-06.47.57:739][  0]LogAudioCaptureCore: Display: No Audio Capture implementations found. Audio input will be silent.
[2022.03.08-06.47.57:739][  0]LogAudioCaptureCore: Display: No Audio Capture implementations found. Audio input will be silent.
[2022.03.08-06.47.58:021][  0]LogOcInput: OculusInput pre-init called
[2022.03.08-06.47.58:264][  0]LogCollectionManager: Loaded 0 collections in 0.001636 seconds
[2022.03.08-06.47.58:356][  0]LogFileCache: Scanning file cache for directory 'C:/EpicGames/ChattingClient/ChattingClient/Saved/Collections/' took 0.00s
[2022.03.08-06.47.58:356][  0]LogFileCache: Scanning file cache for directory 'C:/EpicGames/ChattingClient/ChattingClient/Content/Developers/lenovo/Collections/' took 0.00s
[2022.03.08-06.47.58:357][  0]LogFileCache: Scanning file cache for directory 'C:/EpicGames/ChattingClient/ChattingClient/Content/Collections/' took 0.00s
[2022.03.08-06.47.58:357][  0]LogClass: Display: UInt32Property FSendBuffer::LeftPos is not initialized properly. Module:ChattingClient File:Public/SocketComponent.h
[2022.03.08-06.47.58:357][  0]LogClass: Display: UInt32Property FSendBuffer::RightPos is not initialized properly. Module:ChattingClient File:Public/SocketComponent.h
[2022.03.08-06.47.58:357][  0]LogClass: Display: 2 Uninitialized script struct members found including 0 object properties
[2022.03.08-06.47.58:358][  0]LogEngine: Initializing Engine...
[2022.03.08-06.47.58:362][  0]LogHMD: Failed to enumerate extensions. Please check that you have a valid OpenXR runtime installed.
[2022.03.08-06.47.58:362][  0]LogHMD: Failed to initialize OpenVR with code 110
[2022.03.08-06.47.58:362][  0]LogMagicLeap: Warning: VR disabled because ZI is not enabled.  To enable, in the editor, Edit -> Project Settings -> Plugins -> Magic Leap Plugin -> Enable Zero Iteration
[2022.03.08-06.47.58:363][  0]LogStats: UGameplayTagsManager::InitializeManager -  0.000 s
[2022.03.08-06.47.58:498][  0]LogInit: Initializing FReadOnlyCVARCache
[2022.03.08-06.47.58:509][  0]LogAIModule: Creating AISystem for world Untitled
[2022.03.08-06.47.58:510][  0]LogAudio: Display: Initializing Audio Device Manager...
[2022.03.08-06.47.58:517][  0]LogAudio: Display: Loading Default Audio Settings Objects...
[2022.03.08-06.47.58:518][  0]LogAudio: Display: No default SoundConcurrencyObject specified (or failed to load).
[2022.03.08-06.47.58:518][  0]LogAudio: Display: Audio Device Manager Initialized
[2022.03.08-06.47.58:519][  0]LogAudio: Display: Creating Audio Device:                 Id: 1, Scope: Shared, Realtime: True
[2022.03.08-06.47.58:519][  0]LogAudioMixer: Display: Audio Mixer Platform Settings:
[2022.03.08-06.47.58:519][  0]LogAudioMixer: Display: 	Sample Rate:						  48000
[2022.03.08-06.47.58:519][  0]LogAudioMixer: Display: 	Callback Buffer Frame Size Requested: 1024
[2022.03.08-06.47.58:519][  0]LogAudioMixer: Display: 	Callback Buffer Frame Size To Use:	  1024
[2022.03.08-06.47.58:519][  0]LogAudioMixer: Display: 	Number of buffers to queue:			  2
[2022.03.08-06.47.58:519][  0]LogAudioMixer: Display: 	Max Channels (voices):				  32
[2022.03.08-06.47.58:520][  0]LogAudioMixer: Display: 	Number of Async Source Workers:		  0
[2022.03.08-06.47.58:520][  0]LogAudio: Display: AudioDevice MaxSources: 32
[2022.03.08-06.47.58:520][  0]LogAudio: Display: Audio Spatialization Plugin: None (built-in).
[2022.03.08-06.47.58:520][  0]LogAudio: Display: Audio Reverb Plugin: None (built-in).
[2022.03.08-06.47.58:520][  0]LogAudio: Display: Audio Occlusion Plugin: None (built-in).
[2022.03.08-06.47.58:520][  0]LogAudioMixer: Display: Initializing audio mixer.
[2022.03.08-06.47.58:551][  0]LogAudioMixer: Display: 0: FrontLeft
[2022.03.08-06.47.58:551][  0]LogAudioMixer: Display: 1: FrontRight
[2022.03.08-06.47.58:781][  0]LogAudioMixer: Display: Using Audio Device 스피커(Realtek(R) Audio)
[2022.03.08-06.47.58:786][  0]LogAudioMixer: Display: Initializing Sound Submixes...
[2022.03.08-06.47.58:788][  0]LogAudioMixer: Display: Creating Master Submix 'MasterSubmixDefault'
[2022.03.08-06.47.58:789][  0]LogAudioMixer: Display: Creating Master Submix 'MasterReverbSubmixDefault'
[2022.03.08-06.47.58:790][  0]LogAudioMixer: Display: Creating Master Submix 'MasterEQSubmixDefault'
[2022.03.08-06.47.58:790][  0]LogAudioMixer: FMixerPlatformXAudio2::StartAudioStream() called
[2022.03.08-06.47.58:790][  0]LogAudioMixer: Display: Output buffers initialized: Frames=1024, Channels=2, Samples=2048
[2022.03.08-06.47.58:792][  0]LogAudioMixer: Display: Starting AudioMixerPlatformInterface::RunInternal()
[2022.03.08-06.47.58:792][  0]LogAudioMixer: Display: FMixerPlatformXAudio2::SubmitBuffer() called for the first time
[2022.03.08-06.47.58:792][  0]LogInit: FAudioDevice initialized.
[2022.03.08-06.47.58:793][  0]LogAudio: Display: Audio Device (ID: 1) registered with world 'Untitled'.
[2022.03.08-06.47.58:793][  0]LogNetVersion: Set ProjectVersion to 1.0.0.0. Version Checksum will be recalculated on next use.
[2022.03.08-06.47.58:841][  0]LogDerivedDataCache: Saved boot cache 0.05s 96MB C:/Users/lenovo/AppData/Local/UnrealEngine/4.27/DerivedDataCache/Boot.ddc.
[2022.03.08-06.47.58:841][  0]LogInit: Texture streaming: Enabled
[2022.03.08-06.47.58:864][  0]LogAnalytics: Display: [UEEditor.Rocket.Release] APIServer = https://datarouter.ol.epicgames.com/. AppVersion = 4.27.2-18319896+++UE4+Release-4.27
[2022.03.08-06.47.58:875][  0]LogEngineSessionManager: EngineSessionManager initialized
[2022.03.08-06.47.58:875][  0]LogEngineSessionManager: EngineSessionManager sent abnormal shutdown report. Type=Debugger, SessionId={7D526003-40DF-6FAD-F845-D69EB1F72CEF}
[2022.03.08-06.47.58:875][  0]LogEditorSessionSummary: Verbose: Initializing EditorSessionSummaryWriter for editor session tracking
[2022.03.08-06.47.58:881][  0]LogEditorSessionSummary: EditorSessionSummaryWriter initialized
[2022.03.08-06.47.58:918][  0]LogInit: Transaction tracking system initialized
[2022.03.08-06.47.58:961][  0]BlueprintLog: New page: 에디터 로드
[2022.03.08-06.47.59:079][  0]LocalizationService: 현지화 서비스가 비활성화되었습니다.
[2022.03.08-06.47.59:123][  0]TimingProfiler: Initialize
[2022.03.08-06.47.59:123][  0]TimingProfiler: OnSessionChanged
[2022.03.08-06.47.59:124][  0]LoadingProfiler: Initialize
[2022.03.08-06.47.59:124][  0]LoadingProfiler: OnSessionChanged
[2022.03.08-06.47.59:124][  0]NetworkingProfiler: Initialize
[2022.03.08-06.47.59:124][  0]NetworkingProfiler: OnSessionChanged
[2022.03.08-06.47.59:124][  0]MemoryProfiler: Initialize
[2022.03.08-06.47.59:124][  0]MemoryProfiler: OnSessionChanged
[2022.03.08-06.47.59:322][  0]LogCook: Display: CookSettings for Memory: MemoryMaxUsedVirtual 0MiB, MemoryMaxUsedPhysical 16384MiB, MemoryMinFreeVirtual 0MiB, MemoryMinFreePhysical 1024MiB
[2022.03.08-06.47.59:322][  0]LogCook: Display: Mobile HDR setting 1
[2022.03.08-06.47.59:393][  0]LogFileCache: Scanning file cache for directory 'C:/EpicGames/ChattingClient/ChattingClient/Content/' took 0.00s
[2022.03.08-06.47.59:880][  0]LogInit: Display: Engine is initialized. Leaving FEngineLoop::Init()
[2022.03.08-06.47.59:886][  0]SourceControl: 소스 컨트롤이 꺼졌습니다.
[2022.03.08-06.47.59:886][  0]LogUnrealEdMisc: Loading editor; pre map load, took 9.965
[2022.03.08-06.47.59:886][  0]Cmd: MAP LOAD FILE="../../../../ChattingClient/ChattingClient/Content/MainLevel.umap" TEMPLATE=0 SHOWPROGRESS=1 FEATURELEVEL=3
[2022.03.08-06.47.59:886][  0]LightingResults: New page: 라이팅 빌드
[2022.03.08-06.47.59:888][  0]LogWorld: UWorld::CleanupWorld for Untitled, bSessionEnded=true, bCleanupResources=true
[2022.03.08-06.47.59:888][  0]LogSlate: InvalidateAllWidgets triggered.  All widgets were invalidated
[2022.03.08-06.47.59:888][  0]MapCheck: New page: 맵 체크
[2022.03.08-06.47.59:888][  0]LightingResults: New page: 라이팅 빌드
[2022.03.08-06.47.59:893][  0]LogAudio: Display: Audio Device unregistered from world 'None'.
[2022.03.08-06.47.59:897][  0]LogUObjectHash: Compacting FUObjectHashTables data took   0.74ms
[2022.03.08-06.47.59:902][  0]LogAudio: Display: Audio Device (ID: 1) registered with world 'MainLevel'.
[2022.03.08-06.47.59:903][  0]LogAIModule: Creating AISystem for world MainLevel
[2022.03.08-06.47.59:904][  0]LogEditorServer: Finished looking for orphan Actors (0.000 secs)
[2022.03.08-06.47.59:914][  0]LogUObjectHash: Compacting FUObjectHashTables data took   2.55ms
[2022.03.08-06.47.59:915][  0]Cmd: MAP CHECKDEP NOCLEARLOG
[2022.03.08-06.47.59:915][  0]MapCheck: 맵 체크 완료: 오류 0 회, 경고 0 회, 소요 시간 0.256ms.
[2022.03.08-06.47.59:915][  0]LogFileHelpers: Loading map 'MainLevel' took 0.029
[2022.03.08-06.47.59:919][  0]LogUnrealEdMisc: Total Editor Startup Time, took 9.998
[2022.03.08-06.48.00:061][  0]LogSlate: Updating window title bar state: overlay mode, drag disabled, window buttons hidden, title bar hidden
[2022.03.08-06.48.00:067][  0]LogSlate: Updating window title bar state: overlay mode, drag disabled, window buttons hidden, title bar hidden
[2022.03.08-06.48.00:073][  0]LogSlate: Updating window title bar state: overlay mode, drag disabled, window buttons hidden, title bar hidden
[2022.03.08-06.48.00:078][  0]LogSlate: Updating window title bar state: overlay mode, drag disabled, window buttons hidden, title bar hidden
[2022.03.08-06.48.00:093][  0]LogNativeClassHierarchy: Verbose: Native class hierarchy populated in 0.0086 seconds. Added 3833 classes and 931 folders.
[2022.03.08-06.48.00:096][  0]LogNativeClassHierarchy: Verbose: Native class hierarchy updated for 'WidgetCarousel' in 0.0002 seconds. Added 0 classes and 0 folders.
[2022.03.08-06.48.00:097][  0]LogPakFile: PakFile PrimaryIndexSize=187
[2022.03.08-06.48.00:097][  0]LogPakFile: PakFile PathHashIndexSize=101
[2022.03.08-06.48.00:098][  0]LogPakFile: PakFile FullDirectoryIndexSize=148
[2022.03.08-06.48.00:098][  0]LogShaderLibrary: Display: ShaderCodeLibraryPakFileMountedCallback: PakFile 'C:/EpicGames/UE_4.27/FeaturePacks/FP_FirstPerson.upack' (chunk index -1, root 'root:/') mounted
[2022.03.08-06.48.00:098][  0]LogShaderLibrary: Display: ShaderCodeLibraryPakFileMountedCallback: pending pak file info (ChunkID:-1 Root:root:/ File:C:/EpicGames/UE_4.27/FeaturePacks/FP_FirstPerson.upack)
[2022.03.08-06.48.00:098][  0]LogPakFile: OnPakFileMounted2Time == 0.000195
[2022.03.08-06.48.00:099][  0]LogPakFile: PakFile PrimaryIndexSize=189
[2022.03.08-06.48.00:099][  0]LogPakFile: PakFile PathHashIndexSize=101
[2022.03.08-06.48.00:099][  0]LogPakFile: PakFile FullDirectoryIndexSize=152
[2022.03.08-06.48.00:099][  0]LogShaderLibrary: Display: ShaderCodeLibraryPakFileMountedCallback: PakFile 'C:/EpicGames/UE_4.27/FeaturePacks/FP_FirstPersonBP.upack' (chunk index -1, root 'root:/') mounted
[2022.03.08-06.48.00:099][  0]LogShaderLibrary: Display: ShaderCodeLibraryPakFileMountedCallback: pending pak file info (ChunkID:-1 Root:root:/ File:C:/EpicGames/UE_4.27/FeaturePacks/FP_FirstPersonBP.upack)
[2022.03.08-06.48.00:099][  0]LogPakFile: OnPakFileMounted2Time == 0.000199
[2022.03.08-06.48.00:100][  0]LogPakFile: PakFile PrimaryIndexSize=191
[2022.03.08-06.48.00:100][  0]LogPakFile: PakFile PathHashIndexSize=101
[2022.03.08-06.48.00:100][  0]LogPakFile: PakFile FullDirectoryIndexSize=160
[2022.03.08-06.48.00:100][  0]LogShaderLibrary: Display: ShaderCodeLibraryPakFileMountedCallback: PakFile 'C:/EpicGames/UE_4.27/FeaturePacks/MobileStarterContent.upack' (chunk index -1, root 'root:/') mounted
[2022.03.08-06.48.00:101][  0]LogShaderLibrary: Display: ShaderCodeLibraryPakFileMountedCallback: pending pak file info (ChunkID:-1 Root:root:/ File:C:/EpicGames/UE_4.27/FeaturePacks/MobileStarterContent.upack)
[2022.03.08-06.48.00:101][  0]LogPakFile: OnPakFileMounted2Time == 0.000169
[2022.03.08-06.48.00:101][  0]LogPakFile: PakFile PrimaryIndexSize=185
[2022.03.08-06.48.00:101][  0]LogPakFile: PakFile PathHashIndexSize=101
[2022.03.08-06.48.00:101][  0]LogPakFile: PakFile FullDirectoryIndexSize=148
[2022.03.08-06.48.00:101][  0]LogShaderLibrary: Display: ShaderCodeLibraryPakFileMountedCallback: PakFile 'C:/EpicGames/UE_4.27/FeaturePacks/StarterContent.upack' (chunk index -1, root 'root:/') mounted
[2022.03.08-06.48.00:102][  0]LogShaderLibrary: Display: ShaderCodeLibraryPakFileMountedCallback: pending pak file info (ChunkID:-1 Root:root:/ File:C:/EpicGames/UE_4.27/FeaturePacks/StarterContent.upack)
[2022.03.08-06.48.00:102][  0]LogPakFile: OnPakFileMounted2Time == 0.000177
[2022.03.08-06.48.00:102][  0]LogPakFile: PakFile PrimaryIndexSize=190
[2022.03.08-06.48.00:102][  0]LogPakFile: PakFile PathHashIndexSize=101
[2022.03.08-06.48.00:102][  0]LogPakFile: PakFile FullDirectoryIndexSize=154
[2022.03.08-06.48.00:103][  0]LogShaderLibrary: Display: ShaderCodeLibraryPakFileMountedCallback: PakFile 'C:/EpicGames/UE_4.27/FeaturePacks/TP_2DSideScroller.upack' (chunk index -1, root 'root:/') mounted
[2022.03.08-06.48.00:103][  0]LogShaderLibrary: Display: ShaderCodeLibraryPakFileMountedCallback: pending pak file info (ChunkID:-1 Root:root:/ File:C:/EpicGames/UE_4.27/FeaturePacks/TP_2DSideScroller.upack)
[2022.03.08-06.48.00:103][  0]LogPakFile: OnPakFileMounted2Time == 0.000147
[2022.03.08-06.48.00:103][  0]LogPakFile: PakFile PrimaryIndexSize=192
[2022.03.08-06.48.00:103][  0]LogPakFile: PakFile PathHashIndexSize=101
[2022.03.08-06.48.00:103][  0]LogPakFile: PakFile FullDirectoryIndexSize=158
[2022.03.08-06.48.00:104][  0]LogShaderLibrary: Display: ShaderCodeLibraryPakFileMountedCallback: PakFile 'C:/EpicGames/UE_4.27/FeaturePacks/TP_2DSideScrollerBP.upack' (chunk index -1, root 'root:/') mounted
[2022.03.08-06.48.00:104][  0]LogShaderLibrary: Display: ShaderCodeLibraryPakFileMountedCallback: pending pak file info (ChunkID:-1 Root:root:/ File:C:/EpicGames/UE_4.27/FeaturePacks/TP_2DSideScrollerBP.upack)
[2022.03.08-06.48.00:104][  0]LogPakFile: OnPakFileMounted2Time == 0.000135
[2022.03.08-06.48.00:104][  0]LogPakFile: PakFile PrimaryIndexSize=182
[2022.03.08-06.48.00:105][  0]LogPakFile: PakFile PathHashIndexSize=101
[2022.03.08-06.48.00:105][  0]LogPakFile: PakFile FullDirectoryIndexSize=138
[2022.03.08-06.48.00:105][  0]LogShaderLibrary: Display: ShaderCodeLibraryPakFileMountedCallback: PakFile 'C:/EpicGames/UE_4.27/FeaturePacks/TP_Flying.upack' (chunk index -1, root 'root:/') mounted
[2022.03.08-06.48.00:105][  0]LogShaderLibrary: Display: ShaderCodeLibraryPakFileMountedCallback: pending pak file info (ChunkID:-1 Root:root:/ File:C:/EpicGames/UE_4.27/FeaturePacks/TP_Flying.upack)
[2022.03.08-06.48.00:105][  0]LogPakFile: OnPakFileMounted2Time == 0.000143
[2022.03.08-06.48.00:106][  0]LogPakFile: PakFile PrimaryIndexSize=184
[2022.03.08-06.48.00:106][  0]LogPakFile: PakFile PathHashIndexSize=101
[2022.03.08-06.48.00:106][  0]LogPakFile: PakFile FullDirectoryIndexSize=142
[2022.03.08-06.48.00:106][  0]LogShaderLibrary: Display: ShaderCodeLibraryPakFileMountedCallback: PakFile 'C:/EpicGames/UE_4.27/FeaturePacks/TP_FlyingBP.upack' (chunk index -1, root 'root:/') mounted
[2022.03.08-06.48.00:106][  0]LogShaderLibrary: Display: ShaderCodeLibraryPakFileMountedCallback: pending pak file info (ChunkID:-1 Root:root:/ File:C:/EpicGames/UE_4.27/FeaturePacks/TP_FlyingBP.upack)
[2022.03.08-06.48.00:106][  0]LogPakFile: OnPakFileMounted2Time == 0.000138
[2022.03.08-06.48.00:107][  0]LogPakFile: PakFile PrimaryIndexSize=188
[2022.03.08-06.48.00:107][  0]LogPakFile: PakFile PathHashIndexSize=101
[2022.03.08-06.48.00:107][  0]LogPakFile: PakFile FullDirectoryIndexSize=150
[2022.03.08-06.48.00:107][  0]LogShaderLibrary: Display: ShaderCodeLibraryPakFileMountedCallback: PakFile 'C:/EpicGames/UE_4.27/FeaturePacks/TP_HandheldARBP.upack' (chunk index -1, root 'root:/') mounted
[2022.03.08-06.48.00:107][  0]LogShaderLibrary: Display: ShaderCodeLibraryPakFileMountedCallback: pending pak file info (ChunkID:-1 Root:root:/ File:C:/EpicGames/UE_4.27/FeaturePacks/TP_HandheldARBP.upack)
[2022.03.08-06.48.00:107][  0]LogPakFile: OnPakFileMounted2Time == 0.000139
[2022.03.08-06.48.00:108][  0]LogPakFile: PakFile PrimaryIndexSize=182
[2022.03.08-06.48.00:108][  0]LogPakFile: PakFile PathHashIndexSize=101
[2022.03.08-06.48.00:108][  0]LogPakFile: PakFile FullDirectoryIndexSize=138
[2022.03.08-06.48.00:108][  0]LogShaderLibrary: Display: ShaderCodeLibraryPakFileMountedCallback: PakFile 'C:/EpicGames/UE_4.27/FeaturePacks/TP_Puzzle.upack' (chunk index -1, root 'root:/') mounted
[2022.03.08-06.48.00:108][  0]LogShaderLibrary: Display: ShaderCodeLibraryPakFileMountedCallback: pending pak file info (ChunkID:-1 Root:root:/ File:C:/EpicGames/UE_4.27/FeaturePacks/TP_Puzzle.upack)
[2022.03.08-06.48.00:108][  0]LogPakFile: OnPakFileMounted2Time == 0.000141
[2022.03.08-06.48.00:109][  0]LogPakFile: PakFile PrimaryIndexSize=184
[2022.03.08-06.48.00:109][  0]LogPakFile: PakFile PathHashIndexSize=101
[2022.03.08-06.48.00:109][  0]LogPakFile: PakFile FullDirectoryIndexSize=142
[2022.03.08-06.48.00:109][  0]LogShaderLibrary: Display: ShaderCodeLibraryPakFileMountedCallback: PakFile 'C:/EpicGames/UE_4.27/FeaturePacks/TP_PuzzleBP.upack' (chunk index -1, root 'root:/') mounted
[2022.03.08-06.48.00:109][  0]LogShaderLibrary: Display: ShaderCodeLibraryPakFileMountedCallback: pending pak file info (ChunkID:-1 Root:root:/ File:C:/EpicGames/UE_4.27/FeaturePacks/TP_PuzzleBP.upack)
[2022.03.08-06.48.00:109][  0]LogPakFile: OnPakFileMounted2Time == 0.000126
[2022.03.08-06.48.00:110][  0]LogPakFile: PakFile PrimaryIndexSize=183
[2022.03.08-06.48.00:110][  0]LogPakFile: PakFile PathHashIndexSize=101
[2022.03.08-06.48.00:110][  0]LogPakFile: PakFile FullDirectoryIndexSize=140
[2022.03.08-06.48.00:110][  0]LogShaderLibrary: Display: ShaderCodeLibraryPakFileMountedCallback: PakFile 'C:/EpicGames/UE_4.27/FeaturePacks/TP_Rolling.upack' (chunk index -1, root 'root:/') mounted
[2022.03.08-06.48.00:110][  0]LogShaderLibrary: Display: ShaderCodeLibraryPakFileMountedCallback: pending pak file info (ChunkID:-1 Root:root:/ File:C:/EpicGames/UE_4.27/FeaturePacks/TP_Rolling.upack)
[2022.03.08-06.48.00:110][  0]LogPakFile: OnPakFileMounted2Time == 0.000129
[2022.03.08-06.48.00:111][  0]LogPakFile: PakFile PrimaryIndexSize=185
[2022.03.08-06.48.00:111][  0]LogPakFile: PakFile PathHashIndexSize=101
[2022.03.08-06.48.00:111][  0]LogPakFile: PakFile FullDirectoryIndexSize=144
[2022.03.08-06.48.00:111][  0]LogShaderLibrary: Display: ShaderCodeLibraryPakFileMountedCallback: PakFile 'C:/EpicGames/UE_4.27/FeaturePacks/TP_RollingBP.upack' (chunk index -1, root 'root:/') mounted
[2022.03.08-06.48.00:111][  0]LogShaderLibrary: Display: ShaderCodeLibraryPakFileMountedCallback: pending pak file info (ChunkID:-1 Root:root:/ File:C:/EpicGames/UE_4.27/FeaturePacks/TP_RollingBP.upack)
[2022.03.08-06.48.00:111][  0]LogPakFile: OnPakFileMounted2Time == 0.000128
[2022.03.08-06.48.00:112][  0]LogPakFile: PakFile PrimaryIndexSize=188
[2022.03.08-06.48.00:112][  0]LogPakFile: PakFile PathHashIndexSize=101
[2022.03.08-06.48.00:112][  0]LogPakFile: PakFile FullDirectoryIndexSize=150
[2022.03.08-06.48.00:112][  0]LogShaderLibrary: Display: ShaderCodeLibraryPakFileMountedCallback: PakFile 'C:/EpicGames/UE_4.27/FeaturePacks/TP_SideScroller.upack' (chunk index -1, root 'root:/') mounted
[2022.03.08-06.48.00:112][  0]LogShaderLibrary: Display: ShaderCodeLibraryPakFileMountedCallback: pending pak file info (ChunkID:-1 Root:root:/ File:C:/EpicGames/UE_4.27/FeaturePacks/TP_SideScroller.upack)
[2022.03.08-06.48.00:112][  0]LogPakFile: OnPakFileMounted2Time == 0.000133
[2022.03.08-06.48.00:113][  0]LogPakFile: PakFile PrimaryIndexSize=190
[2022.03.08-06.48.00:113][  0]LogPakFile: PakFile PathHashIndexSize=101
[2022.03.08-06.48.00:113][  0]LogPakFile: PakFile FullDirectoryIndexSize=154
[2022.03.08-06.48.00:113][  0]LogShaderLibrary: Display: ShaderCodeLibraryPakFileMountedCallback: PakFile 'C:/EpicGames/UE_4.27/FeaturePacks/TP_SideScrollerBP.upack' (chunk index -1, root 'root:/') mounted
[2022.03.08-06.48.00:113][  0]LogShaderLibrary: Display: ShaderCodeLibraryPakFileMountedCallback: pending pak file info (ChunkID:-1 Root:root:/ File:C:/EpicGames/UE_4.27/FeaturePacks/TP_SideScrollerBP.upack)
[2022.03.08-06.48.00:113][  0]LogPakFile: OnPakFileMounted2Time == 0.000139
[2022.03.08-06.48.00:114][  0]LogPakFile: PakFile PrimaryIndexSize=187
[2022.03.08-06.48.00:114][  0]LogPakFile: PakFile PathHashIndexSize=101
[2022.03.08-06.48.00:114][  0]LogPakFile: PakFile FullDirectoryIndexSize=148
[2022.03.08-06.48.00:114][  0]LogShaderLibrary: Display: ShaderCodeLibraryPakFileMountedCallback: PakFile 'C:/EpicGames/UE_4.27/FeaturePacks/TP_ThirdPerson.upack' (chunk index -1, root 'root:/') mounted
[2022.03.08-06.48.00:114][  0]LogShaderLibrary: Display: ShaderCodeLibraryPakFileMountedCallback: pending pak file info (ChunkID:-1 Root:root:/ File:C:/EpicGames/UE_4.27/FeaturePacks/TP_ThirdPerson.upack)
[2022.03.08-06.48.00:114][  0]LogPakFile: OnPakFileMounted2Time == 0.000124
[2022.03.08-06.48.00:115][  0]LogPakFile: PakFile PrimaryIndexSize=189
[2022.03.08-06.48.00:115][  0]LogPakFile: PakFile PathHashIndexSize=101
[2022.03.08-06.48.00:115][  0]LogPakFile: PakFile FullDirectoryIndexSize=152
[2022.03.08-06.48.00:115][  0]LogShaderLibrary: Display: ShaderCodeLibraryPakFileMountedCallback: PakFile 'C:/EpicGames/UE_4.27/FeaturePacks/TP_ThirdPersonBP.upack' (chunk index -1, root 'root:/') mounted
[2022.03.08-06.48.00:115][  0]LogShaderLibrary: Display: ShaderCodeLibraryPakFileMountedCallback: pending pak file info (ChunkID:-1 Root:root:/ File:C:/EpicGames/UE_4.27/FeaturePacks/TP_ThirdPersonBP.upack)
[2022.03.08-06.48.00:115][  0]LogPakFile: OnPakFileMounted2Time == 0.000141
[2022.03.08-06.48.00:116][  0]LogPakFile: PakFile PrimaryIndexSize=183
[2022.03.08-06.48.00:116][  0]LogPakFile: PakFile PathHashIndexSize=101
[2022.03.08-06.48.00:116][  0]LogPakFile: PakFile FullDirectoryIndexSize=140
[2022.03.08-06.48.00:116][  0]LogShaderLibrary: Display: ShaderCodeLibraryPakFileMountedCallback: PakFile 'C:/EpicGames/UE_4.27/FeaturePacks/TP_TopDown.upack' (chunk index -1, root 'root:/') mounted
[2022.03.08-06.48.00:116][  0]LogShaderLibrary: Display: ShaderCodeLibraryPakFileMountedCallback: pending pak file info (ChunkID:-1 Root:root:/ File:C:/EpicGames/UE_4.27/FeaturePacks/TP_TopDown.upack)
[2022.03.08-06.48.00:116][  0]LogPakFile: OnPakFileMounted2Time == 0.000127
[2022.03.08-06.48.00:117][  0]LogPakFile: PakFile PrimaryIndexSize=185
[2022.03.08-06.48.00:117][  0]LogPakFile: PakFile PathHashIndexSize=101
[2022.03.08-06.48.00:117][  0]LogPakFile: PakFile FullDirectoryIndexSize=144
[2022.03.08-06.48.00:117][  0]LogShaderLibrary: Display: ShaderCodeLibraryPakFileMountedCallback: PakFile 'C:/EpicGames/UE_4.27/FeaturePacks/TP_TopDownBP.upack' (chunk index -1, root 'root:/') mounted
[2022.03.08-06.48.00:117][  0]LogShaderLibrary: Display: ShaderCodeLibraryPakFileMountedCallback: pending pak file info (ChunkID:-1 Root:root:/ File:C:/EpicGames/UE_4.27/FeaturePacks/TP_TopDownBP.upack)
[2022.03.08-06.48.00:117][  0]LogPakFile: OnPakFileMounted2Time == 0.000137
[2022.03.08-06.48.00:118][  0]LogPakFile: PakFile PrimaryIndexSize=185
[2022.03.08-06.48.00:118][  0]LogPakFile: PakFile PathHashIndexSize=101
[2022.03.08-06.48.00:118][  0]LogPakFile: PakFile FullDirectoryIndexSize=144
[2022.03.08-06.48.00:118][  0]LogShaderLibrary: Display: ShaderCodeLibraryPakFileMountedCallback: PakFile 'C:/EpicGames/UE_4.27/FeaturePacks/TP_TwinStick.upack' (chunk index -1, root 'root:/') mounted
[2022.03.08-06.48.00:118][  0]LogShaderLibrary: Display: ShaderCodeLibraryPakFileMountedCallback: pending pak file info (ChunkID:-1 Root:root:/ File:C:/EpicGames/UE_4.27/FeaturePacks/TP_TwinStick.upack)
[2022.03.08-06.48.00:118][  0]LogPakFile: OnPakFileMounted2Time == 0.000136
[2022.03.08-06.48.00:119][  0]LogPakFile: PakFile PrimaryIndexSize=187
[2022.03.08-06.48.00:119][  0]LogPakFile: PakFile PathHashIndexSize=101
[2022.03.08-06.48.00:119][  0]LogPakFile: PakFile FullDirectoryIndexSize=148
[2022.03.08-06.48.00:119][  0]LogShaderLibrary: Display: ShaderCodeLibraryPakFileMountedCallback: PakFile 'C:/EpicGames/UE_4.27/FeaturePacks/TP_TwinStickBP.upack' (chunk index -1, root 'root:/') mounted
[2022.03.08-06.48.00:119][  0]LogShaderLibrary: Display: ShaderCodeLibraryPakFileMountedCallback: pending pak file info (ChunkID:-1 Root:root:/ File:C:/EpicGames/UE_4.27/FeaturePacks/TP_TwinStickBP.upack)
[2022.03.08-06.48.00:119][  0]LogPakFile: OnPakFileMounted2Time == 0.000147
[2022.03.08-06.48.00:120][  0]LogPakFile: PakFile PrimaryIndexSize=183
[2022.03.08-06.48.00:120][  0]LogPakFile: PakFile PathHashIndexSize=101
[2022.03.08-06.48.00:120][  0]LogPakFile: PakFile FullDirectoryIndexSize=140
[2022.03.08-06.48.00:120][  0]LogShaderLibrary: Display: ShaderCodeLibraryPakFileMountedCallback: PakFile 'C:/EpicGames/UE_4.27/FeaturePacks/TP_Vehicle.upack' (chunk index -1, root 'root:/') mounted
[2022.03.08-06.48.00:120][  0]LogShaderLibrary: Display: ShaderCodeLibraryPakFileMountedCallback: pending pak file info (ChunkID:-1 Root:root:/ File:C:/EpicGames/UE_4.27/FeaturePacks/TP_Vehicle.upack)
[2022.03.08-06.48.00:120][  0]LogPakFile: OnPakFileMounted2Time == 0.000135
[2022.03.08-06.48.00:121][  0]LogPakFile: PakFile PrimaryIndexSize=186
[2022.03.08-06.48.00:121][  0]LogPakFile: PakFile PathHashIndexSize=101
[2022.03.08-06.48.00:121][  0]LogPakFile: PakFile FullDirectoryIndexSize=146
[2022.03.08-06.48.00:121][  0]LogShaderLibrary: Display: ShaderCodeLibraryPakFileMountedCallback: PakFile 'C:/EpicGames/UE_4.27/FeaturePacks/TP_VehicleAdv.upack' (chunk index -1, root 'root:/') mounted
[2022.03.08-06.48.00:121][  0]LogShaderLibrary: Display: ShaderCodeLibraryPakFileMountedCallback: pending pak file info (ChunkID:-1 Root:root:/ File:C:/EpicGames/UE_4.27/FeaturePacks/TP_VehicleAdv.upack)
[2022.03.08-06.48.00:121][  0]LogPakFile: OnPakFileMounted2Time == 0.000140
[2022.03.08-06.48.00:122][  0]LogPakFile: PakFile PrimaryIndexSize=188
[2022.03.08-06.48.00:122][  0]LogPakFile: PakFile PathHashIndexSize=101
[2022.03.08-06.48.00:122][  0]LogPakFile: PakFile FullDirectoryIndexSize=150
[2022.03.08-06.48.00:122][  0]LogShaderLibrary: Display: ShaderCodeLibraryPakFileMountedCallback: PakFile 'C:/EpicGames/UE_4.27/FeaturePacks/TP_VehicleAdvBP.upack' (chunk index -1, root 'root:/') mounted
[2022.03.08-06.48.00:122][  0]LogShaderLibrary: Display: ShaderCodeLibraryPakFileMountedCallback: pending pak file info (ChunkID:-1 Root:root:/ File:C:/EpicGames/UE_4.27/FeaturePacks/TP_VehicleAdvBP.upack)
[2022.03.08-06.48.00:122][  0]LogPakFile: OnPakFileMounted2Time == 0.000144
[2022.03.08-06.48.00:123][  0]LogPakFile: PakFile PrimaryIndexSize=185
[2022.03.08-06.48.00:123][  0]LogPakFile: PakFile PathHashIndexSize=101
[2022.03.08-06.48.00:123][  0]LogPakFile: PakFile FullDirectoryIndexSize=144
[2022.03.08-06.48.00:123][  0]LogShaderLibrary: Display: ShaderCodeLibraryPakFileMountedCallback: PakFile 'C:/EpicGames/UE_4.27/FeaturePacks/TP_VehicleBP.upack' (chunk index -1, root 'root:/') mounted
[2022.03.08-06.48.00:123][  0]LogShaderLibrary: Display: ShaderCodeLibraryPakFileMountedCallback: pending pak file info (ChunkID:-1 Root:root:/ File:C:/EpicGames/UE_4.27/FeaturePacks/TP_VehicleBP.upack)
[2022.03.08-06.48.00:123][  0]LogPakFile: OnPakFileMounted2Time == 0.000128
[2022.03.08-06.48.00:124][  0]LogPakFile: PakFile PrimaryIndexSize=192
[2022.03.08-06.48.00:124][  0]LogPakFile: PakFile PathHashIndexSize=101
[2022.03.08-06.48.00:124][  0]LogPakFile: PakFile FullDirectoryIndexSize=158
[2022.03.08-06.48.00:124][  0]LogShaderLibrary: Display: ShaderCodeLibraryPakFileMountedCallback: PakFile 'C:/EpicGames/UE_4.27/FeaturePacks/TP_VirtualRealityBP.upack' (chunk index -1, root 'root:/') mounted
[2022.03.08-06.48.00:124][  0]LogShaderLibrary: Display: ShaderCodeLibraryPakFileMountedCallback: pending pak file info (ChunkID:-1 Root:root:/ File:C:/EpicGames/UE_4.27/FeaturePacks/TP_VirtualRealityBP.upack)
[2022.03.08-06.48.00:124][  0]LogPakFile: OnPakFileMounted2Time == 0.000141
[2022.03.08-06.48.00:172][  0]LogNativeClassHierarchy: Verbose: Native class hierarchy updated for 'AddContentDialog' in 0.0002 seconds. Added 0 classes and 0 folders.
[2022.03.08-06.48.00:176][  0]LogNativeClassHierarchy: Verbose: Native class hierarchy updated for 'SceneOutliner' in 0.0002 seconds. Added 2 classes and 0 folders.
[2022.03.08-06.48.00:515][  0]LogSlate: Only BGRA pngs, bmps or icos are supported in by External Image Picker
[2022.03.08-06.48.00:605][  0]LogSlate: Took 0.000307 seconds to synchronously load lazily loaded font '../../../Engine/Content/Slate/Fonts/Roboto-Regular.ttf' (155K)
[2022.03.08-06.48.00:607][  0]LogSlate: Took 0.001645 seconds to synchronously load lazily loaded font '../../../Engine/Content/Editor/Slate/Fonts/NanumGothic.ttf' (4243K)
[2022.03.08-06.48.00:608][  0]LogSlate: Took 0.000226 seconds to synchronously load lazily loaded font '../../../Engine/Content/Editor/Slate/Fonts/FontAwesome.ttf' (139K)
[2022.03.08-06.48.00:610][  0]LogSlate: Took 0.001530 seconds to synchronously load lazily loaded font '../../../Engine/Content/Editor/Slate/Fonts/NanumGothicBold.ttf' (4188K)
[2022.03.08-06.48.00:610][  0]LogSlate: Took 0.000209 seconds to synchronously load lazily loaded font '../../../Engine/Content/Slate/Fonts/Roboto-Bold.ttf' (160K)
[2022.03.08-06.48.00:691][  0]LogRenderer: Reallocating scene render targets to support 940x400 Format 10 NumSamples 1 (Frame:1).
[2022.03.08-06.48.00:726][  0]LogSlate: Took 0.000249 seconds to synchronously load lazily loaded font '../../../Engine/Content/Slate/Fonts/Roboto-Light.ttf' (167K)
[2022.03.08-06.48.00:765][  0]LogNativeClassHierarchy: Verbose: Native class hierarchy updated for 'HierarchicalLODOutliner' in 0.0002 seconds. Added 0 classes and 0 folders.
[2022.03.08-06.48.00:765][  0]LogLoad: (Engine Initialization) Total time: 10.84 seconds
[2022.03.08-06.48.00:765][  0]LogLoad: (Engine Initialization) Total Blueprint compile time: 0.00 seconds
[2022.03.08-06.48.00:896][  0]LogAssetRegistry: Asset discovery search completed in 6.1172 seconds
[2022.03.08-06.48.00:902][  0]LogCollectionManager: Fixed up redirectors for 0 collections in 0.000003 seconds (updated 0 objects)
[2022.03.08-06.48.00:903][  0]LogContentStreaming: Texture pool size now 1000 MB
[2022.03.08-06.48.00:939][  1]LogRenderer: Reallocating scene render targets to support 940x416 Format 10 NumSamples 1 (Frame:2).
[2022.03.08-06.48.03:722][160]LogTemp: Repeating last play command: 선택된 뷰포트
[2022.03.08-06.48.03:729][160]LogPlayLevel: PlayLevel: No blueprints needed recompiling
[2022.03.08-06.48.03:729][160]PIE: New page: PIE 세션: MainLevel (2022. 3. 9. 오전 12:48:03)
[2022.03.08-06.48.03:732][160]LogOnline: OSS: Creating online subsystem instance for: NULL
[2022.03.08-06.48.03:736][160]LogOnline: OSS: TryLoadSubsystemAndSetDefault: Loaded subsystem for module [NULL]
[2022.03.08-06.48.03:736][160]LogPlayLevel: Creating play world package: /Game/UEDPIE_0_MainLevel
[2022.03.08-06.48.03:737][160]LogPlayLevel: PIE: StaticDuplicateObject took: (0.001322s)
[2022.03.08-06.48.03:739][160]LogAIModule: Creating AISystem for world MainLevel
[2022.03.08-06.48.03:740][160]LogPlayLevel: PIE: World Init took: (0.002131s)
[2022.03.08-06.48.03:740][160]LogPlayLevel: PIE: Created PIE world by copying editor world from /Game/MainLevel.MainLevel to /Game/UEDPIE_0_MainLevel.MainLevel (0.003983s)
[2022.03.08-06.48.03:745][160]LogUObjectHash: Compacting FUObjectHashTables data took   0.53ms
[2022.03.08-06.48.03:749][160]LogAudio: Display: Creating Audio Device:                 Id: 2, Scope: Unique, Realtime: True
[2022.03.08-06.48.03:749][160]LogAudioMixer: Display: Audio Mixer Platform Settings:
[2022.03.08-06.48.03:750][160]LogAudioMixer: Display: 	Sample Rate:						  48000
[2022.03.08-06.48.03:750][160]LogAudioMixer: Display: 	Callback Buffer Frame Size Requested: 1024
[2022.03.08-06.48.03:750][160]LogAudioMixer: Display: 	Callback Buffer Frame Size To Use:	  1024
[2022.03.08-06.48.03:750][160]LogAudioMixer: Display: 	Number of buffers to queue:			  2
[2022.03.08-06.48.03:750][160]LogAudioMixer: Display: 	Max Channels (voices):				  32
[2022.03.08-06.48.03:750][160]LogAudioMixer: Display: 	Number of Async Source Workers:		  0
[2022.03.08-06.48.03:751][160]LogAudio: Display: AudioDevice MaxSources: 32
[2022.03.08-06.48.03:751][160]LogAudio: Display: Audio Spatialization Plugin: None (built-in).
[2022.03.08-06.48.03:751][160]LogAudio: Display: Audio Reverb Plugin: None (built-in).
[2022.03.08-06.48.03:751][160]LogAudio: Display: Audio Occlusion Plugin: None (built-in).
[2022.03.08-06.48.03:751][160]LogAudioMixer: Display: Initializing audio mixer.
[2022.03.08-06.48.03:763][160]LogAudioMixer: Display: 0: FrontLeft
[2022.03.08-06.48.03:763][160]LogAudioMixer: Display: 1: FrontRight
[2022.03.08-06.48.03:792][160]LogAudioMixer: Display: Using Audio Device 스피커(Realtek(R) Audio)
[2022.03.08-06.48.03:792][160]LogAudioMixer: Display: Initializing Sound Submixes...
[2022.03.08-06.48.03:792][160]LogAudioMixer: Display: Creating Master Submix 'MasterSubmixDefault'
[2022.03.08-06.48.03:792][160]LogAudioMixer: Display: Creating Master Submix 'MasterReverbSubmixDefault'
[2022.03.08-06.48.03:793][160]LogAudioMixer: Display: Creating Master Submix 'MasterEQSubmixDefault'
[2022.03.08-06.48.03:793][160]LogAudioMixer: FMixerPlatformXAudio2::StartAudioStream() called
[2022.03.08-06.48.03:793][160]LogAudioMixer: Display: Output buffers initialized: Frames=1024, Channels=2, Samples=2048
[2022.03.08-06.48.03:797][160]LogAudioMixer: Display: Starting AudioMixerPlatformInterface::RunInternal()
[2022.03.08-06.48.03:797][160]LogAudioMixer: Display: FMixerPlatformXAudio2::SubmitBuffer() called for the first time
[2022.03.08-06.48.03:797][160]LogInit: FAudioDevice initialized.
[2022.03.08-06.48.03:797][160]LogAudio: Display: Audio Device (ID: 2) registered with world 'MainLevel'.
[2022.03.08-06.48.03:814][160]LogLoad: Game class is 'GameModeBase'
[2022.03.08-06.48.03:815][160]LogWorld: Bringing World /Game/UEDPIE_0_MainLevel.MainLevel up for play (max tick rate 60) at 2022.03.08-15.48.03
[2022.03.08-06.48.03:816][160]LogWorld: Bringing up level for play took: 0.000394
[2022.03.08-06.48.03:816][160]LogOnline: OSS: Creating online subsystem instance for: :Context_2
[2022.03.08-06.48.03:821][160]LogNativeClassHierarchy: Verbose: Native class hierarchy updated for 'MovieSceneCapture' in 0.0003 seconds. Added 20 classes and 0 folders.
[2022.03.08-06.48.03:824][160]LogViewport: Display: Viewport MouseLockMode Changed, LockOnCapture -> LockInFullscreen
[2022.03.08-06.48.03:824][160]LogViewport: Display: Viewport MouseCaptureMode Changed, CapturePermanently_IncludingInitialMouseDown -> NoCapture
[2022.03.08-06.48.03:825][160]LogViewport: Display: Player bShowMouseCursor Changed, False -> True
[2022.03.08-06.48.03:825][160]PIE: 서버가 로그인했습니다.
[2022.03.08-06.48.03:827][160]PIE: 에디터에서 플레이 총 시작 시간 0.101초입니다.
[2022.03.08-06.48.03:829][160]LogTemp: From Server: Welcome to chatting server!
Please login using Login [Username] command
[2022.03.08-06.48.03:829][160]LogTemp: failed Find UserInfo inst
[2022.03.08-06.48.20:952][343]LogTemp: SendMsg: login pp
[2022.03.08-06.48.40:406][344]LogAudioMixer: Display: Audio Buffer Underrun (starvation) detected.
[2022.03.08-06.48.40:407][344]LogAudioMixer: Display: Audio Buffer Underrun (starvation) detected.
[2022.03.08-06.48.53:594][631]LogTemp: SendMsg: login pp
[2022.03.08-06.49.12:741][632]LogAudioMixer: Display: Audio Buffer Underrun (starvation) detected.
[2022.03.08-06.49.15:638][634]LogAudioMixer: Resetting audio stream to device id 
[2022.03.08-06.49.15:649][634]LogAudioMixer: Display: 0: FrontLeft
[2022.03.08-06.49.15:650][634]LogAudioMixer: Display: 1: FrontRight
[2022.03.08-06.49.15:701][634]LogAudioMixer: Resetting audio stream to device id 
[2022.03.08-06.49.15:713][634]LogAudioMixer: Display: 0: FrontLeft
[2022.03.08-06.49.15:713][634]LogAudioMixer: Display: 1: FrontRight
[2022.03.08-06.49.21:920][666]LogTemp: SendMsg: login pp
[2022.03.08-06.49.28:560][667]LogAudioMixer: Display: Audio Buffer Underrun (starvation) detected.
[2022.03.08-06.49.28:560][667]LogAudioMixer: Display: Audio Buffer Underrun (starvation) detected.
[2022.03.08-06.49.37:002][752]LogTemp: SendMsg: login pp
[2022.03.08-06.49.40:713][753]LogAudioMixer: Display: Audio Buffer Underrun (starvation) detected.
[2022.03.08-06.49.43:952][880]LogSlate: Updating window title bar state: overlay mode, drag disabled, window buttons hidden, title bar hidden
[2022.03.08-06.49.43:952][880]LogWorld: BeginTearingDown for /Game/UEDPIE_0_MainLevel
[2022.03.08-06.49.43:953][880]LogWorld: UWorld::CleanupWorld for MainLevel, bSessionEnded=true, bCleanupResources=true
[2022.03.08-06.49.43:953][880]LogSlate: InvalidateAllWidgets triggered.  All widgets were invalidated
[2022.03.08-06.49.43:968][880]LogPlayLevel: Display: Shutting down PIE online subsystems
[2022.03.08-06.49.43:969][880]LogSlate: InvalidateAllWidgets triggered.  All widgets were invalidated
[2022.03.08-06.49.43:974][880]LogSlate: Updating window title bar state: overlay mode, drag disabled, window buttons hidden, title bar hidden
[2022.03.08-06.49.43:974][880]LogAudioMixer: FMixerPlatformXAudio2::StopAudioStream() called
[2022.03.08-06.49.43:976][880]LogAudioMixer: FMixerPlatformXAudio2::StopAudioStream() called
[2022.03.08-06.49.43:982][880]LogUObjectHash: Compacting FUObjectHashTables data took   0.69ms
[2022.03.08-06.49.44:011][882]LogPlayLevel: Display: Destroying online subsystem :Context_2
