Log file open, 03/08/22 22:27:33
LogWindows: Failed to load 'aqProf.dll' (GetLastError=126)
LogWindows: File 'aqProf.dll' does not exist
LogWindows: Failed to load 'VtuneApi.dll' (GetLastError=126)
LogWindows: File 'VtuneApi.dll' does not exist
LogWindows: Failed to load 'VtuneApi32e.dll' (GetLastError=126)
LogWindows: File 'VtuneApi32e.dll' does not exist
LogConsoleResponse: Display: Failed to find resolution value strings in scalability ini. Falling back to default.
LogConsoleResponse: Display: Failed to find resolution value strings in scalability ini. Falling back to default.
LogInit: Display: Running engine for game: ChattingClient
LogPlatformFile: Not using cached read wrapper
LogTaskGraph: Started task graph with 5 named threads and 35 total threads with 3 sets of task threads.
LogStats: Stats thread started at 0.742893
LogICUInternationalization: ICU TimeZone Detection - Raw Offset: +9:00, Platform Override: ''
LogInit: Display: Loading text-based GConfig....
LogPluginManager: Mounting plugin MeshPainting
LogPluginManager: Mounting plugin XGEController
LogPluginManager: Mounting plugin Paper2D
LogPluginManager: Mounting plugin LiveLink
LogPluginManager: Mounting plugin AISupport
LogPluginManager: Mounting plugin EnvironmentQueryEditor
LogPluginManager: Mounting plugin LightPropagationVolume
LogPluginManager: Mounting plugin CameraShakePreviewer
LogPluginManager: Mounting plugin GameplayCameras
LogPluginManager: Mounting plugin AnimationSharing
LogPluginManager: Mounting plugin CLionSourceCodeAccess
LogPluginManager: Mounting plugin CodeLiteSourceCodeAccess
LogPluginManager: Mounting plugin GitSourceControl
LogPluginManager: Mounting plugin KDevelopSourceCodeAccess
LogPluginManager: Mounting plugin NullSourceCodeAccess
LogPluginManager: Mounting plugin PerforceSourceControl
LogPluginManager: Mounting plugin PixWinPlugin
LogPluginManager: Mounting plugin PlasticSourceControl
LogPluginManager: Mounting plugin PluginUtils
LogPluginManager: Mounting plugin PropertyAccessNode
LogPluginManager: Mounting plugin RiderSourceCodeAccess
LogPluginManager: Mounting plugin SubversionSourceControl
LogPluginManager: Mounting plugin TextureFormatOodle
LogPluginManager: Mounting plugin UObjectPlugin
LogPluginManager: Mounting plugin VisualStudioSourceCodeAccess
LogPluginManager: Mounting plugin XCodeSourceCodeAccess
LogPluginManager: Mounting plugin VisualStudioCodeSourceCodeAccess
LogPluginManager: Mounting plugin Niagara
LogPluginManager: Mounting plugin AlembicImporter
LogPluginManager: Mounting plugin BackChannel
LogPluginManager: Mounting plugin AutomationUtils
LogPluginManager: Mounting plugin ChaosCloth
LogPluginManager: Mounting plugin ChaosEditor
LogPluginManager: Mounting plugin ChaosClothEditor
LogPluginManager: Mounting plugin ChaosSolverPlugin
LogPluginManager: Mounting plugin CharacterAI
LogPluginManager: Mounting plugin ChaosNiagara
LogPluginManager: Mounting plugin GeometryCache
LogPluginManager: Mounting plugin AssetManagerEditor
LogPluginManager: Mounting plugin GeometryCollectionPlugin
LogPluginManager: Mounting plugin CryptoKeys
LogPluginManager: Mounting plugin DataValidation
LogPluginManager: Mounting plugin CurveEditorTools
LogPluginManager: Mounting plugin FacialAnimation
LogPluginManager: Mounting plugin GameplayTagsEditor
LogPluginManager: Mounting plugin GeometryMode
LogPluginManager: Mounting plugin MacGraphicsSwitching
LogPluginManager: Mounting plugin MaterialAnalyzer
LogPluginManager: Mounting plugin MobileLauncherProfileWizard
LogPluginManager: Mounting plugin SpeedTreeImporter
LogPluginManager: Mounting plugin PluginBrowser
LogPluginManager: Mounting plugin DatasmithContent
LogPluginManager: Mounting plugin VariantManagerContent
LogPluginManager: Mounting plugin GeometryProcessing
LogPluginManager: Mounting plugin OpenImageDenoise
LogPluginManager: Mounting plugin MotoSynth
LogPluginManager: Mounting plugin PlanarCut
LogPluginManager: Mounting plugin ProxyLODPlugin
LogPluginManager: Mounting plugin PythonScriptPlugin
LogPluginManager: Mounting plugin PlatformCrypto
LogPluginManager: Mounting plugin LuminPlatformFeatures
LogPluginManager: Mounting plugin MagicLeap
LogPluginManager: Mounting plugin SkeletalReduction
LogPluginManager: Mounting plugin MagicLeapMedia
LogPluginManager: Mounting plugin MagicLeapPassableWorld
LogPluginManager: Mounting plugin MLSDK
LogPluginManager: Mounting plugin MagicLeapLightEstimation
LogPluginManager: Mounting plugin AndroidMedia
LogPluginManager: Mounting plugin AvfMedia
LogPluginManager: Mounting plugin MediaCompositing
LogPluginManager: Mounting plugin MediaPlayerEditor
LogPluginManager: Mounting plugin WebMMedia
LogPluginManager: Mounting plugin WmfMedia
LogPluginManager: Mounting plugin ImgMedia
LogPluginManager: Mounting plugin ActorSequence
LogPluginManager: Mounting plugin LevelSequenceEditor
LogPluginManager: Mounting plugin MatineeToLevelSequence
LogPluginManager: Mounting plugin ActorLayerUtilities
LogPluginManager: Mounting plugin LauncherChunkInstaller
LogPluginManager: Mounting plugin AndroidDeviceProfileSelector
LogPluginManager: Mounting plugin AndroidMoviePlayer
LogPluginManager: Mounting plugin AndroidPermission
LogPluginManager: Mounting plugin AppleImageUtils
LogPluginManager: Mounting plugin AppleMoviePlayer
LogPluginManager: Mounting plugin TemplateSequence
LogPluginManager: Mounting plugin ArchVisCharacter
LogPluginManager: Mounting plugin AssetTags
LogPluginManager: Mounting plugin AudioCapture
LogPluginManager: Mounting plugin AudioSynesthesia
LogPluginManager: Mounting plugin CableComponent
LogPluginManager: Mounting plugin ChunkDownloader
LogPluginManager: Mounting plugin CustomMeshComponent
LogPluginManager: Mounting plugin EditableMesh
LogPluginManager: Mounting plugin ExampleDeviceProfileSelector
LogPluginManager: Mounting plugin GoogleCloudMessaging
LogPluginManager: Mounting plugin GooglePAD
LogPluginManager: Mounting plugin IOSDeviceProfileSelector
LogPluginManager: Mounting plugin LinuxDeviceProfileSelector
LogPluginManager: Mounting plugin LocationServicesBPLibrary
LogPluginManager: Mounting plugin MobilePatchingUtils
LogPluginManager: Mounting plugin OpenXR
LogPluginManager: Mounting plugin OpenXREyeTracker
LogPluginManager: Mounting plugin OpenXRHandTracking
LogPluginManager: Mounting plugin PhysXVehicles
LogPluginManager: Mounting plugin TcpMessaging
LogPluginManager: Mounting plugin UdpMessaging
LogPluginManager: Mounting plugin ScreenshotTools
LogPluginManager: Mounting plugin PostSplashScreen
LogPluginManager: Mounting plugin PropertyAccessEditor
LogPluginManager: Mounting plugin ProceduralMeshComponent
LogPluginManager: Mounting plugin RuntimePhysXCooking
LogPluginManager: Mounting plugin SignificanceManager
LogPluginManager: Mounting plugin SoundFields
LogPluginManager: Mounting plugin Synthesis
LogPluginManager: Mounting plugin OnlineSubsystem
LogPluginManager: Mounting plugin WebMMoviePlayer
LogPluginManager: Mounting plugin WindowsMoviePlayer
LogPluginManager: Mounting plugin OnlineSubsystemUtils
LogPluginManager: Mounting plugin OnlineSubsystemNull
LogPluginManager: Mounting plugin Takes
LogPluginManager: Mounting plugin OodleData
LogPluginManager: Mounting plugin OodleNetwork
LogPluginManager: Mounting plugin ContentBrowserClassDataSource
LogPluginManager: Mounting plugin ContentBrowserAssetDataSource
LogPluginManager: Mounting plugin ContentBrowserFileDataSource
LogPluginManager: Mounting plugin OculusVR
LogPluginManager: Mounting plugin SteamVR
LogPluginManager: Mounting plugin OnlineSubsystemGooglePlay
LogPluginManager: Mounting plugin OnlineSubsystemIOS
PixWinPlugin: PIX capture plugin failed to initialize! Check that the process is launched from PIX.
LogInit: Using libcurl 7.55.1-DEV
LogInit:  - built for x86_64-pc-win32
LogInit:  - supports SSL with OpenSSL/1.1.1
LogInit:  - supports HTTP deflate (compression) using libz 1.2.8
LogInit:  - other features:
LogInit:      CURL_VERSION_SSL
LogInit:      CURL_VERSION_LIBZ
LogInit:      CURL_VERSION_IPV6
LogInit:      CURL_VERSION_ASYNCHDNS
LogInit:      CURL_VERSION_LARGEFILE
LogInit:      CURL_VERSION_IDN
LogInit:  CurlRequestOptions (configurable via config and command line):
LogInit:  - bVerifyPeer = true  - Libcurl will verify peer certificate
LogInit:  - bUseHttpProxy = false  - Libcurl will NOT use HTTP proxy
LogInit:  - bDontReuseConnections = false  - Libcurl will reuse connections
LogInit:  - MaxHostConnections = 16  - Libcurl will limit the number of connections to a host
LogInit:  - LocalHostAddr = Default
LogInit:  - BufferSize = 65536
LogOnline: OSS: Creating online subsystem instance for: NULL
LogInit: WinSock: version 1.1 (2.2), MaxSocks=32767, MaxUdp=65467
LogOnline: OSS: TryLoadSubsystemAndSetDefault: Loaded subsystem for module [NULL]
LogOculusPluginWrapper: OculusPlugin initialized successfully
LogHMD: Failed initializing OVRPlugin 1.59.0
LogInit: Build: ++UE4+Release-4.27-CL-18319896
LogInit: Engine Version: 4.27.2-18319896+++UE4+Release-4.27
LogInit: Compatible Engine Version: 4.27.0-17155196+++UE4+Release-4.27
LogInit: Net CL: 17155196
LogInit: OS: Windows 10 (Release 2009) (), CPU: Intel(R) Core(TM) i7-9750HF CPU @ 2.60GHz, GPU: NVIDIA GeForce GTX 1660 Ti
LogInit: Compiled (64-bit): Nov 30 2021 07:12:08
LogInit: Compiled with Visual C++: 19.24.28315.00
LogInit: Build Configuration: Development
LogInit: Branch Name: ++UE4+Release-4.27
LogInit: Command Line: 
LogInit: Base Directory: C:/EpicGames/UE_4.27/Engine/Binaries/Win64/
LogInit: Allocator: TBB
LogInit: Installed Engine Build: 1
LogDevObjectVersion: Number of dev versions registered: 29
LogDevObjectVersion:   Dev-Blueprints (B0D832E4-1F89-4F0D-ACCF-7EB736FD4AA2): 10
LogDevObjectVersion:   Dev-Build (E1C64328-A22C-4D53-A36C-8E866417BD8C): 0
LogDevObjectVersion:   Dev-Core (375EC13C-06E4-48FB-B500-84F0262A717E): 4
LogDevObjectVersion:   Dev-Editor (E4B068ED-F494-42E9-A231-DA0B2E46BB41): 40
LogDevObjectVersion:   Dev-Framework (CFFC743F-43B0-4480-9391-14DF171D2073): 37
LogDevObjectVersion:   Dev-Mobile (B02B49B5-BB20-44E9-A304-32B752E40360): 3
LogDevObjectVersion:   Dev-Networking (A4E4105C-59A1-49B5-A7C5-40C4547EDFEE): 0
LogDevObjectVersion:   Dev-Online (39C831C9-5AE6-47DC-9A44-9C173E1C8E7C): 0
LogDevObjectVersion:   Dev-Physics (78F01B33-EBEA-4F98-B9B4-84EACCB95AA2): 14
LogDevObjectVersion:   Dev-Platform (6631380F-2D4D-43E0-8009-CF276956A95A): 0
LogDevObjectVersion:   Dev-Rendering (12F88B9F-8875-4AFC-A67C-D90C383ABD29): 45
LogDevObjectVersion:   Dev-Sequencer (7B5AE74C-D270-4C10-A958-57980B212A5A): 13
LogDevObjectVersion:   Dev-VR (D7296918-1DD6-4BDD-9DE2-64A83CC13884): 3
LogDevObjectVersion:   Dev-LoadTimes (C2A15278-BFE7-4AFE-6C17-90FF531DF755): 1
LogDevObjectVersion:   Private-Geometry (6EACA3D4-40EC-4CC1-B786-8BED09428FC5): 3
LogDevObjectVersion:   Dev-AnimPhys (29E575DD-E0A3-4627-9D10-D276232CDCEA): 17
LogDevObjectVersion:   Dev-Anim (AF43A65D-7FD3-4947-9873-3E8ED9C1BB05): 15
LogDevObjectVersion:   Dev-ReflectionCapture (6B266CEC-1EC7-4B8F-A30B-E4D90942FC07): 1
LogDevObjectVersion:   Dev-Automation (0DF73D61-A23F-47EA-B727-89E90C41499A): 1
LogDevObjectVersion:   FortniteMain (601D1886-AC64-4F84-AA16-D3DE0DEAC7D6): 47
LogDevObjectVersion:   FortniteRelease (E7086368-6B23-4C58-8439-1B7016265E91): 1
LogDevObjectVersion:   Dev-Enterprise (9DFFBCD6-494F-0158-E221-12823C92A888): 10
LogDevObjectVersion:   Dev-Niagara (F2AED0AC-9AFE-416F-8664-AA7FFA26D6FC): 1
LogDevObjectVersion:   Dev-Destruction (174F1F0B-B4C6-45A5-B13F-2EE8D0FB917D): 10
LogDevObjectVersion:   Dev-Physics-Ext (35F94A83-E258-406C-A318-09F59610247C): 41
LogDevObjectVersion:   Dev-PhysicsMaterial-Chaos (B68FC16E-8B1B-42E2-B453-215C058844FE): 1
LogDevObjectVersion:   Dev-CineCamera (B2E18506-4273-CFC2-A54E-F4BB758BBA07): 1
LogDevObjectVersion:   Dev-VirtualProduction (64F58936-FD1B-42BA-BA96-7289D5D0FA4E): 1
LogDevObjectVersion:   Dev-MediaFramework (6F0ED827-A609-4895-9C91-998D90180EA4): 2
LogInit: Presizing for max 25165824 objects, including 0 objects not considered by GC, pre-allocating 0 bytes for permanent pool.
LogConfig: Applying CVar settings from Section [/Script/Engine.StreamingSettings] File [C:/EpicGames/ChattingClient/ChattingClient/Saved/Config/Windows/Engine.ini]
LogConfig: Setting CVar [[s.MinBulkDataSizeForAsyncLoading:131072]]
LogConfig: Setting CVar [[s.AsyncLoadingThreadEnabled:0]]
LogConfig: Setting CVar [[s.EventDrivenLoaderEnabled:1]]
LogConfig: Setting CVar [[s.WarnIfTimeLimitExceeded:0]]
LogConfig: Setting CVar [[s.TimeLimitExceededMultiplier:1.5]]
LogConfig: Setting CVar [[s.TimeLimitExceededMinTime:0.005]]
LogConfig: Setting CVar [[s.UseBackgroundLevelStreaming:1]]
LogConfig: Setting CVar [[s.PriorityAsyncLoadingExtraTime:15.0]]
LogConfig: Setting CVar [[s.LevelStreamingActorsUpdateTimeLimit:5.0]]
LogConfig: Setting CVar [[s.PriorityLevelStreamingActorsUpdateExtraTime:5.0]]
LogConfig: Setting CVar [[s.LevelStreamingComponentsRegistrationGranularity:10]]
LogConfig: Setting CVar [[s.UnregisterComponentsTimeLimit:1.0]]
LogConfig: Setting CVar [[s.LevelStreamingComponentsUnregistrationGranularity:5]]
LogConfig: Setting CVar [[s.FlushStreamingOnExit:1]]
LogInit: Object subsystem initialized
LogConfig: Setting CVar [[con.DebugEarlyDefault:1]]
LogConfig: Setting CVar [[r.setres:1280x720]]
[2022.03.08-13.27.34:169][  0]LogConfig: Setting CVar [[r.VSync:0]]
[2022.03.08-13.27.34:169][  0]LogConfig: Setting CVar [[r.RHICmdBypass:0]]
[2022.03.08-13.27.34:169][  0]LogConfig: Applying CVar settings from Section [/Script/Engine.RendererSettings] File [C:/EpicGames/ChattingClient/ChattingClient/Saved/Config/Windows/Engine.ini]
[2022.03.08-13.27.34:169][  0]LogConfig: Setting CVar [[r.GPUCrashDebugging:0]]
[2022.03.08-13.27.34:169][  0]LogConfig: Applying CVar settings from Section [/Script/Engine.RendererOverrideSettings] File [C:/EpicGames/ChattingClient/ChattingClient/Saved/Config/Windows/Engine.ini]
[2022.03.08-13.27.34:169][  0]LogConfig: Applying CVar settings from Section [/Script/Engine.StreamingSettings] File [C:/EpicGames/ChattingClient/ChattingClient/Saved/Config/Windows/Engine.ini]
[2022.03.08-13.27.34:169][  0]LogConfig: Setting CVar [[s.MinBulkDataSizeForAsyncLoading:131072]]
[2022.03.08-13.27.34:169][  0]LogConfig: Setting CVar [[s.AsyncLoadingThreadEnabled:0]]
[2022.03.08-13.27.34:169][  0]LogConfig: Setting CVar [[s.EventDrivenLoaderEnabled:1]]
[2022.03.08-13.27.34:169][  0]LogConfig: Setting CVar [[s.WarnIfTimeLimitExceeded:0]]
[2022.03.08-13.27.34:169][  0]LogConfig: Setting CVar [[s.TimeLimitExceededMultiplier:1.5]]
[2022.03.08-13.27.34:169][  0]LogConfig: Setting CVar [[s.TimeLimitExceededMinTime:0.005]]
[2022.03.08-13.27.34:169][  0]LogConfig: Setting CVar [[s.UseBackgroundLevelStreaming:1]]
[2022.03.08-13.27.34:169][  0]LogConfig: Setting CVar [[s.PriorityAsyncLoadingExtraTime:15.0]]
[2022.03.08-13.27.34:169][  0]LogConfig: Setting CVar [[s.LevelStreamingActorsUpdateTimeLimit:5.0]]
[2022.03.08-13.27.34:169][  0]LogConfig: Setting CVar [[s.PriorityLevelStreamingActorsUpdateExtraTime:5.0]]
[2022.03.08-13.27.34:169][  0]LogConfig: Setting CVar [[s.LevelStreamingComponentsRegistrationGranularity:10]]
[2022.03.08-13.27.34:169][  0]LogConfig: Setting CVar [[s.UnregisterComponentsTimeLimit:1.0]]
[2022.03.08-13.27.34:169][  0]LogConfig: Setting CVar [[s.LevelStreamingComponentsUnregistrationGranularity:5]]
[2022.03.08-13.27.34:169][  0]LogConfig: Setting CVar [[s.FlushStreamingOnExit:1]]
[2022.03.08-13.27.34:169][  0]LogConfig: Applying CVar settings from Section [/Script/Engine.GarbageCollectionSettings] File [C:/EpicGames/ChattingClient/ChattingClient/Saved/Config/Windows/Engine.ini]
[2022.03.08-13.27.34:169][  0]LogConfig: Setting CVar [[gc.MaxObjectsNotConsideredByGC:1]]
[2022.03.08-13.27.34:169][  0]LogConfig: Setting CVar [[gc.SizeOfPermanentObjectPool:0]]
[2022.03.08-13.27.34:169][  0]LogConfig: Setting CVar [[gc.FlushStreamingOnGC:0]]
[2022.03.08-13.27.34:169][  0]LogConfig: Setting CVar [[gc.NumRetriesBeforeForcingGC:10]]
[2022.03.08-13.27.34:169][  0]LogConfig: Setting CVar [[gc.AllowParallelGC:1]]
[2022.03.08-13.27.34:169][  0]LogConfig: Setting CVar [[gc.TimeBetweenPurgingPendingKillObjects:61.1]]
[2022.03.08-13.27.34:169][  0]LogConfig: Setting CVar [[gc.MaxObjectsInEditor:25165824]]
[2022.03.08-13.27.34:169][  0]LogConfig: Setting CVar [[gc.IncrementalBeginDestroyEnabled:1]]
[2022.03.08-13.27.34:169][  0]LogConfig: Setting CVar [[gc.CreateGCClusters:1]]
[2022.03.08-13.27.34:169][  0]LogConfig: Setting CVar [[gc.MinGCClusterSize:5]]
[2022.03.08-13.27.34:169][  0]LogConfig: Setting CVar [[gc.ActorClusteringEnabled:0]]
[2022.03.08-13.27.34:169][  0]LogConfig: Setting CVar [[gc.BlueprintClusteringEnabled:0]]
[2022.03.08-13.27.34:169][  0]LogConfig: Setting CVar [[gc.UseDisregardForGCOnDedicatedServers:0]]
[2022.03.08-13.27.34:169][  0]LogConfig: Setting CVar [[gc.MultithreadedDestructionEnabled:1]]
[2022.03.08-13.27.34:169][  0]LogConfig: Applying CVar settings from Section [/Script/Engine.NetworkSettings] File [C:/EpicGames/ChattingClient/ChattingClient/Saved/Config/Windows/Engine.ini]
[2022.03.08-13.27.34:169][  0]LogConfig: Applying CVar settings from Section [/Script/UnrealEd.CookerSettings] File [C:/EpicGames/ChattingClient/ChattingClient/Saved/Config/Windows/Engine.ini]
[2022.03.08-13.27.34:188][  0]LogConfig: Applying CVar settings from Section [ViewDistanceQuality@3] File [C:/EpicGames/ChattingClient/ChattingClient/Saved/Config/Windows/Scalability.ini]
[2022.03.08-13.27.34:188][  0]LogConfig: Setting CVar [[r.SkeletalMeshLODBias:0]]
[2022.03.08-13.27.34:188][  0]LogConfig: Setting CVar [[r.ViewDistanceScale:1.0]]
[2022.03.08-13.27.34:189][  0]LogConfig: Applying CVar settings from Section [AntiAliasingQuality@3] File [C:/EpicGames/ChattingClient/ChattingClient/Saved/Config/Windows/Scalability.ini]
[2022.03.08-13.27.34:189][  0]LogConfig: Setting CVar [[r.PostProcessAAQuality:4]]
[2022.03.08-13.27.34:189][  0]LogConfig: Applying CVar settings from Section [ShadowQuality@3] File [C:/EpicGames/ChattingClient/ChattingClient/Saved/Config/Windows/Scalability.ini]
[2022.03.08-13.27.34:189][  0]LogConfig: Setting CVar [[r.LightFunctionQuality:1]]
[2022.03.08-13.27.34:189][  0]LogConfig: Setting CVar [[r.ShadowQuality:5]]
[2022.03.08-13.27.34:189][  0]LogConfig: Setting CVar [[r.Shadow.CSM.MaxCascades:10]]
[2022.03.08-13.27.34:189][  0]LogConfig: Setting CVar [[r.Shadow.MaxResolution:2048]]
[2022.03.08-13.27.34:189][  0]LogConfig: Setting CVar [[r.Shadow.MaxCSMResolution:2048]]
[2022.03.08-13.27.34:189][  0]LogConfig: Setting CVar [[r.Shadow.RadiusThreshold:0.01]]
[2022.03.08-13.27.34:189][  0]LogConfig: Setting CVar [[r.Shadow.DistanceScale:1.0]]
[2022.03.08-13.27.34:189][  0]LogConfig: Setting CVar [[r.Shadow.CSM.TransitionScale:1.0]]
[2022.03.08-13.27.34:189][  0]LogConfig: Setting CVar [[r.Shadow.PreShadowResolutionFactor:1.0]]
[2022.03.08-13.27.34:189][  0]LogConfig: Setting CVar [[r.DistanceFieldShadowing:1]]
[2022.03.08-13.27.34:189][  0]LogConfig: Setting CVar [[r.DistanceFieldAO:1]]
[2022.03.08-13.27.34:189][  0]LogConfig: Setting CVar [[r.AOQuality:2]]
[2022.03.08-13.27.34:189][  0]LogConfig: Setting CVar [[r.VolumetricFog:1]]
[2022.03.08-13.27.34:189][  0]LogConfig: Setting CVar [[r.VolumetricFog.GridPixelSize:8]]
[2022.03.08-13.27.34:189][  0]LogConfig: Setting CVar [[r.VolumetricFog.GridSizeZ:128]]
[2022.03.08-13.27.34:189][  0]LogConfig: Setting CVar [[r.VolumetricFog.HistoryMissSupersampleCount:4]]
[2022.03.08-13.27.34:189][  0]LogConfig: Setting CVar [[r.LightMaxDrawDistanceScale:1]]
[2022.03.08-13.27.34:189][  0]LogConfig: Setting CVar [[r.CapsuleShadows:1]]
[2022.03.08-13.27.34:189][  0]LogConfig: Applying CVar settings from Section [PostProcessQuality@3] File [C:/EpicGames/ChattingClient/ChattingClient/Saved/Config/Windows/Scalability.ini]
[2022.03.08-13.27.34:189][  0]LogConfig: Setting CVar [[r.MotionBlurQuality:4]]
[2022.03.08-13.27.34:189][  0]LogConfig: Setting CVar [[r.AmbientOcclusionMipLevelFactor:0.4]]
[2022.03.08-13.27.34:189][  0]LogConfig: Setting CVar [[r.AmbientOcclusionMaxQuality:100]]
[2022.03.08-13.27.34:189][  0]LogConfig: Setting CVar [[r.AmbientOcclusionLevels:-1]]
[2022.03.08-13.27.34:189][  0]LogConfig: Setting CVar [[r.AmbientOcclusionRadiusScale:1.0]]
[2022.03.08-13.27.34:189][  0]LogConfig: Setting CVar [[r.DepthOfFieldQuality:2]]
[2022.03.08-13.27.34:189][  0]LogConfig: Setting CVar [[r.RenderTargetPoolMin:400]]
[2022.03.08-13.27.34:189][  0]LogConfig: Setting CVar [[r.LensFlareQuality:2]]
[2022.03.08-13.27.34:189][  0]LogConfig: Setting CVar [[r.SceneColorFringeQuality:1]]
[2022.03.08-13.27.34:189][  0]LogConfig: Setting CVar [[r.EyeAdaptationQuality:2]]
[2022.03.08-13.27.34:189][  0]LogConfig: Setting CVar [[r.BloomQuality:5]]
[2022.03.08-13.27.34:189][  0]LogConfig: Setting CVar [[r.FastBlurThreshold:100]]
[2022.03.08-13.27.34:189][  0]LogConfig: Setting CVar [[r.Upscale.Quality:3]]
[2022.03.08-13.27.34:189][  0]LogConfig: Setting CVar [[r.Tonemapper.GrainQuantization:1]]
[2022.03.08-13.27.34:189][  0]LogConfig: Setting CVar [[r.LightShaftQuality:1]]
[2022.03.08-13.27.34:189][  0]LogConfig: Setting CVar [[r.Filter.SizeScale:1]]
[2022.03.08-13.27.34:189][  0]LogConfig: Setting CVar [[r.Tonemapper.Quality:5]]
[2022.03.08-13.27.34:189][  0]LogConfig: Setting CVar [[r.DOF.Gather.AccumulatorQuality:1        ; higher gathering accumulator quality]]
[2022.03.08-13.27.34:189][  0]LogConfig: Setting CVar [[r.DOF.Gather.PostfilterMethod:1          ; Median3x3 postfilering method]]
[2022.03.08-13.27.34:189][  0]LogConfig: Setting CVar [[r.DOF.Gather.EnableBokehSettings:0       ; no bokeh simulation when gathering]]
[2022.03.08-13.27.34:189][  0]LogConfig: Setting CVar [[r.DOF.Gather.RingCount:4                 ; medium number of samples when gathering]]
[2022.03.08-13.27.34:189][  0]LogConfig: Setting CVar [[r.DOF.Scatter.ForegroundCompositing:1    ; additive foreground scattering]]
[2022.03.08-13.27.34:189][  0]LogConfig: Setting CVar [[r.DOF.Scatter.BackgroundCompositing:2    ; additive background scattering]]
[2022.03.08-13.27.34:189][  0]LogConfig: Setting CVar [[r.DOF.Scatter.EnableBokehSettings:1      ; bokeh simulation when scattering]]
[2022.03.08-13.27.34:189][  0]LogConfig: Setting CVar [[r.DOF.Scatter.MaxSpriteRatio:0.1         ; only a maximum of 10% of scattered bokeh]]
[2022.03.08-13.27.34:189][  0]LogConfig: Setting CVar [[r.DOF.Recombine.Quality:1                ; cheap slight out of focus]]
[2022.03.08-13.27.34:189][  0]LogConfig: Setting CVar [[r.DOF.Recombine.EnableBokehSettings:0    ; no bokeh simulation on slight out of focus]]
[2022.03.08-13.27.34:189][  0]LogConfig: Setting CVar [[r.DOF.TemporalAAQuality:1                ; more stable temporal accumulation]]
[2022.03.08-13.27.34:189][  0]LogConfig: Setting CVar [[r.DOF.Kernel.MaxForegroundRadius:0.025]]
[2022.03.08-13.27.34:189][  0]LogConfig: Setting CVar [[r.DOF.Kernel.MaxBackgroundRadius:0.025]]
[2022.03.08-13.27.34:189][  0]LogConfig: Applying CVar settings from Section [TextureQuality@3] File [C:/EpicGames/ChattingClient/ChattingClient/Saved/Config/Windows/Scalability.ini]
[2022.03.08-13.27.34:189][  0]LogConfig: Setting CVar [[r.Streaming.MipBias:0]]
[2022.03.08-13.27.34:189][  0]LogConfig: Setting CVar [[r.Streaming.AmortizeCPUToGPUCopy:0]]
[2022.03.08-13.27.34:189][  0]LogConfig: Setting CVar [[r.Streaming.MaxNumTexturesToStreamPerFrame:0]]
[2022.03.08-13.27.34:189][  0]LogConfig: Setting CVar [[r.Streaming.Boost:1]]
[2022.03.08-13.27.34:189][  0]LogConfig: Setting CVar [[r.MaxAnisotropy:8]]
[2022.03.08-13.27.34:189][  0]LogConfig: Setting CVar [[r.VT.MaxAnisotropy:8]]
[2022.03.08-13.27.34:189][  0]LogConfig: Setting CVar [[r.Streaming.LimitPoolSizeToVRAM:0]]
[2022.03.08-13.27.34:189][  0]LogConfig: Setting CVar [[r.Streaming.PoolSize:1000]]
[2022.03.08-13.27.34:189][  0]LogConfig: Setting CVar [[r.Streaming.MaxEffectiveScreenSize:0]]
[2022.03.08-13.27.34:189][  0]LogConfig: Applying CVar settings from Section [EffectsQuality@3] File [C:/EpicGames/ChattingClient/ChattingClient/Saved/Config/Windows/Scalability.ini]
[2022.03.08-13.27.34:189][  0]LogConfig: Setting CVar [[r.TranslucencyLightingVolumeDim:64]]
[2022.03.08-13.27.34:189][  0]LogConfig: Setting CVar [[r.RefractionQuality:2]]
[2022.03.08-13.27.34:189][  0]LogConfig: Setting CVar [[r.SSR.Quality:3]]
[2022.03.08-13.27.34:189][  0]LogConfig: Setting CVar [[r.SSR.HalfResSceneColor:0]]
[2022.03.08-13.27.34:189][  0]LogConfig: Setting CVar [[r.SceneColorFormat:4]]
[2022.03.08-13.27.34:189][  0]LogConfig: Setting CVar [[r.DetailMode:2]]
[2022.03.08-13.27.34:189][  0]LogConfig: Setting CVar [[r.TranslucencyVolumeBlur:1]]
[2022.03.08-13.27.34:189][  0]LogConfig: Setting CVar [[r.MaterialQualityLevel:1 ; High quality]]
[2022.03.08-13.27.34:189][  0]LogConfig: Setting CVar [[r.AnisotropicMaterials:1]]
[2022.03.08-13.27.34:189][  0]LogConfig: Setting CVar [[r.SSS.Scale:1]]
[2022.03.08-13.27.34:189][  0]LogConfig: Setting CVar [[r.SSS.SampleSet:2]]
[2022.03.08-13.27.34:189][  0]LogConfig: Setting CVar [[r.SSS.Quality:1]]
[2022.03.08-13.27.34:189][  0]LogConfig: Setting CVar [[r.SSS.HalfRes:0]]
[2022.03.08-13.27.34:189][  0]LogConfig: Setting CVar [[r.SSGI.Quality:3]]
[2022.03.08-13.27.34:189][  0]LogConfig: Setting CVar [[r.EmitterSpawnRateScale:1.0]]
[2022.03.08-13.27.34:189][  0]LogConfig: Setting CVar [[r.ParticleLightQuality:2]]
[2022.03.08-13.27.34:189][  0]LogConfig: Setting CVar [[r.SkyAtmosphere.AerialPerspectiveLUT.FastApplyOnOpaque:1 ; Always have FastSkyLUT 1 in this case to avoid wrong sky]]
[2022.03.08-13.27.34:189][  0]LogConfig: Setting CVar [[r.SkyAtmosphere.AerialPerspectiveLUT.SampleCountMaxPerSlice:4]]
[2022.03.08-13.27.34:189][  0]LogConfig: Setting CVar [[r.SkyAtmosphere.AerialPerspectiveLUT.DepthResolution:16.0]]
[2022.03.08-13.27.34:189][  0]LogConfig: Setting CVar [[r.SkyAtmosphere.FastSkyLUT:1]]
[2022.03.08-13.27.34:190][  0]LogConfig: Setting CVar [[r.SkyAtmosphere.FastSkyLUT.SampleCountMin:4.0]]
[2022.03.08-13.27.34:190][  0]LogConfig: Setting CVar [[r.SkyAtmosphere.FastSkyLUT.SampleCountMax:128.0]]
[2022.03.08-13.27.34:190][  0]LogConfig: Setting CVar [[r.SkyAtmosphere.SampleCountMin:4.0]]
[2022.03.08-13.27.34:190][  0]LogConfig: Setting CVar [[r.SkyAtmosphere.SampleCountMax:128.0]]
[2022.03.08-13.27.34:190][  0]LogConfig: Setting CVar [[r.SkyAtmosphere.TransmittanceLUT.UseSmallFormat:0]]
[2022.03.08-13.27.34:190][  0]LogConfig: Setting CVar [[r.SkyAtmosphere.TransmittanceLUT.SampleCount:10.0]]
[2022.03.08-13.27.34:190][  0]LogConfig: Setting CVar [[r.SkyAtmosphere.MultiScatteringLUT.SampleCount:15.0]]
[2022.03.08-13.27.34:190][  0]LogConfig: Setting CVar [[r.SkyLight.RealTimeReflectionCapture:1]]
[2022.03.08-13.27.34:190][  0]LogConfig: Applying CVar settings from Section [FoliageQuality@3] File [C:/EpicGames/ChattingClient/ChattingClient/Saved/Config/Windows/Scalability.ini]
[2022.03.08-13.27.34:190][  0]LogConfig: Setting CVar [[foliage.DensityScale:1.0]]
[2022.03.08-13.27.34:190][  0]LogConfig: Setting CVar [[grass.DensityScale:1.0]]
[2022.03.08-13.27.34:190][  0]LogConfig: Applying CVar settings from Section [ShadingQuality@3] File [C:/EpicGames/ChattingClient/ChattingClient/Saved/Config/Windows/Scalability.ini]
[2022.03.08-13.27.34:190][  0]LogConfig: Setting CVar [[r.HairStrands.SkyLighting.IntegrationType:2]]
[2022.03.08-13.27.34:190][  0]LogConfig: Setting CVar [[r.HairStrands.SkyAO.SampleCount:4]]
[2022.03.08-13.27.34:190][  0]LogConfig: Setting CVar [[r.HairStrands.Visibility.MSAA.SamplePerPixel:4]]
[2022.03.08-13.27.34:190][  0]LogInit: Selected Device Profile: [Windows]
[2022.03.08-13.27.34:190][  0]LogInit: Applying CVar settings loaded from the selected device profile: [Windows]
[2022.03.08-13.27.34:191][  0]LogHAL: Display: Platform has ~ 16 GB [17096134656 / 17179869184 / 16], which maps to Larger [LargestMinGB=32, LargerMinGB=12, DefaultMinGB=8, SmallerMinGB=6, SmallestMinGB=0)
[2022.03.08-13.27.34:191][  0]LogInit: Going up to parent DeviceProfile []
[2022.03.08-13.27.34:191][  0]LogConfig: Applying CVar settings from Section [ViewDistanceQuality@3] File [C:/EpicGames/ChattingClient/ChattingClient/Saved/Config/Windows/Scalability.ini]
[2022.03.08-13.27.34:191][  0]LogConfig: Setting CVar [[r.SkeletalMeshLODBias:0]]
[2022.03.08-13.27.34:191][  0]LogConfig: Setting CVar [[r.ViewDistanceScale:1.0]]
[2022.03.08-13.27.34:191][  0]LogConfig: Applying CVar settings from Section [AntiAliasingQuality@3] File [C:/EpicGames/ChattingClient/ChattingClient/Saved/Config/Windows/Scalability.ini]
[2022.03.08-13.27.34:191][  0]LogConfig: Setting CVar [[r.PostProcessAAQuality:4]]
[2022.03.08-13.27.34:191][  0]LogConfig: Applying CVar settings from Section [ShadowQuality@3] File [C:/EpicGames/ChattingClient/ChattingClient/Saved/Config/Windows/Scalability.ini]
[2022.03.08-13.27.34:191][  0]LogConfig: Setting CVar [[r.LightFunctionQuality:1]]
[2022.03.08-13.27.34:191][  0]LogConfig: Setting CVar [[r.ShadowQuality:5]]
[2022.03.08-13.27.34:191][  0]LogConfig: Setting CVar [[r.Shadow.CSM.MaxCascades:10]]
[2022.03.08-13.27.34:191][  0]LogConfig: Setting CVar [[r.Shadow.MaxResolution:2048]]
[2022.03.08-13.27.34:191][  0]LogConfig: Setting CVar [[r.Shadow.MaxCSMResolution:2048]]
[2022.03.08-13.27.34:191][  0]LogConfig: Setting CVar [[r.Shadow.RadiusThreshold:0.01]]
[2022.03.08-13.27.34:191][  0]LogConfig: Setting CVar [[r.Shadow.DistanceScale:1.0]]
[2022.03.08-13.27.34:191][  0]LogConfig: Setting CVar [[r.Shadow.CSM.TransitionScale:1.0]]
[2022.03.08-13.27.34:191][  0]LogConfig: Setting CVar [[r.Shadow.PreShadowResolutionFactor:1.0]]
[2022.03.08-13.27.34:191][  0]LogConfig: Setting CVar [[r.DistanceFieldShadowing:1]]
[2022.03.08-13.27.34:191][  0]LogConfig: Setting CVar [[r.DistanceFieldAO:1]]
[2022.03.08-13.27.34:191][  0]LogConfig: Setting CVar [[r.AOQuality:2]]
[2022.03.08-13.27.34:191][  0]LogConfig: Setting CVar [[r.VolumetricFog:1]]
[2022.03.08-13.27.34:191][  0]LogConfig: Setting CVar [[r.VolumetricFog.GridPixelSize:8]]
[2022.03.08-13.27.34:191][  0]LogConfig: Setting CVar [[r.VolumetricFog.GridSizeZ:128]]
[2022.03.08-13.27.34:191][  0]LogConfig: Setting CVar [[r.VolumetricFog.HistoryMissSupersampleCount:4]]
[2022.03.08-13.27.34:191][  0]LogConfig: Setting CVar [[r.LightMaxDrawDistanceScale:1]]
[2022.03.08-13.27.34:191][  0]LogConfig: Setting CVar [[r.CapsuleShadows:1]]
[2022.03.08-13.27.34:191][  0]LogConfig: Applying CVar settings from Section [PostProcessQuality@3] File [C:/EpicGames/ChattingClient/ChattingClient/Saved/Config/Windows/Scalability.ini]
[2022.03.08-13.27.34:191][  0]LogConfig: Setting CVar [[r.MotionBlurQuality:4]]
[2022.03.08-13.27.34:191][  0]LogConfig: Setting CVar [[r.AmbientOcclusionMipLevelFactor:0.4]]
[2022.03.08-13.27.34:191][  0]LogConfig: Setting CVar [[r.AmbientOcclusionMaxQuality:100]]
[2022.03.08-13.27.34:191][  0]LogConfig: Setting CVar [[r.AmbientOcclusionLevels:-1]]
[2022.03.08-13.27.34:192][  0]LogConfig: Setting CVar [[r.AmbientOcclusionRadiusScale:1.0]]
[2022.03.08-13.27.34:192][  0]LogConfig: Setting CVar [[r.DepthOfFieldQuality:2]]
[2022.03.08-13.27.34:192][  0]LogConfig: Setting CVar [[r.RenderTargetPoolMin:400]]
[2022.03.08-13.27.34:192][  0]LogConfig: Setting CVar [[r.LensFlareQuality:2]]
[2022.03.08-13.27.34:192][  0]LogConfig: Setting CVar [[r.SceneColorFringeQuality:1]]
[2022.03.08-13.27.34:192][  0]LogConfig: Setting CVar [[r.EyeAdaptationQuality:2]]
[2022.03.08-13.27.34:192][  0]LogConfig: Setting CVar [[r.BloomQuality:5]]
[2022.03.08-13.27.34:192][  0]LogConfig: Setting CVar [[r.FastBlurThreshold:100]]
[2022.03.08-13.27.34:192][  0]LogConfig: Setting CVar [[r.Upscale.Quality:3]]
[2022.03.08-13.27.34:192][  0]LogConfig: Setting CVar [[r.Tonemapper.GrainQuantization:1]]
[2022.03.08-13.27.34:192][  0]LogConfig: Setting CVar [[r.LightShaftQuality:1]]
[2022.03.08-13.27.34:192][  0]LogConfig: Setting CVar [[r.Filter.SizeScale:1]]
[2022.03.08-13.27.34:192][  0]LogConfig: Setting CVar [[r.Tonemapper.Quality:5]]
[2022.03.08-13.27.34:192][  0]LogConfig: Setting CVar [[r.DOF.Gather.AccumulatorQuality:1        ; higher gathering accumulator quality]]
[2022.03.08-13.27.34:192][  0]LogConfig: Setting CVar [[r.DOF.Gather.PostfilterMethod:1          ; Median3x3 postfilering method]]
[2022.03.08-13.27.34:192][  0]LogConfig: Setting CVar [[r.DOF.Gather.EnableBokehSettings:0       ; no bokeh simulation when gathering]]
[2022.03.08-13.27.34:192][  0]LogConfig: Setting CVar [[r.DOF.Gather.RingCount:4                 ; medium number of samples when gathering]]
[2022.03.08-13.27.34:192][  0]LogConfig: Setting CVar [[r.DOF.Scatter.ForegroundCompositing:1    ; additive foreground scattering]]
[2022.03.08-13.27.34:192][  0]LogConfig: Setting CVar [[r.DOF.Scatter.BackgroundCompositing:2    ; additive background scattering]]
[2022.03.08-13.27.34:192][  0]LogConfig: Setting CVar [[r.DOF.Scatter.EnableBokehSettings:1      ; bokeh simulation when scattering]]
[2022.03.08-13.27.34:192][  0]LogConfig: Setting CVar [[r.DOF.Scatter.MaxSpriteRatio:0.1         ; only a maximum of 10% of scattered bokeh]]
[2022.03.08-13.27.34:192][  0]LogConfig: Setting CVar [[r.DOF.Recombine.Quality:1                ; cheap slight out of focus]]
[2022.03.08-13.27.34:192][  0]LogConfig: Setting CVar [[r.DOF.Recombine.EnableBokehSettings:0    ; no bokeh simulation on slight out of focus]]
[2022.03.08-13.27.34:192][  0]LogConfig: Setting CVar [[r.DOF.TemporalAAQuality:1                ; more stable temporal accumulation]]
[2022.03.08-13.27.34:192][  0]LogConfig: Setting CVar [[r.DOF.Kernel.MaxForegroundRadius:0.025]]
[2022.03.08-13.27.34:192][  0]LogConfig: Setting CVar [[r.DOF.Kernel.MaxBackgroundRadius:0.025]]
[2022.03.08-13.27.34:192][  0]LogConfig: Applying CVar settings from Section [TextureQuality@3] File [C:/EpicGames/ChattingClient/ChattingClient/Saved/Config/Windows/Scalability.ini]
[2022.03.08-13.27.34:192][  0]LogConfig: Setting CVar [[r.Streaming.MipBias:0]]
[2022.03.08-13.27.34:192][  0]LogConfig: Setting CVar [[r.Streaming.AmortizeCPUToGPUCopy:0]]
[2022.03.08-13.27.34:192][  0]LogConfig: Setting CVar [[r.Streaming.MaxNumTexturesToStreamPerFrame:0]]
[2022.03.08-13.27.34:192][  0]LogConfig: Setting CVar [[r.Streaming.Boost:1]]
[2022.03.08-13.27.34:192][  0]LogConfig: Setting CVar [[r.MaxAnisotropy:8]]
[2022.03.08-13.27.34:192][  0]LogConfig: Setting CVar [[r.VT.MaxAnisotropy:8]]
[2022.03.08-13.27.34:192][  0]LogConfig: Setting CVar [[r.Streaming.LimitPoolSizeToVRAM:0]]
[2022.03.08-13.27.34:192][  0]LogConfig: Setting CVar [[r.Streaming.PoolSize:1000]]
[2022.03.08-13.27.34:192][  0]LogConfig: Setting CVar [[r.Streaming.MaxEffectiveScreenSize:0]]
[2022.03.08-13.27.34:192][  0]LogConfig: Applying CVar settings from Section [EffectsQuality@3] File [C:/EpicGames/ChattingClient/ChattingClient/Saved/Config/Windows/Scalability.ini]
[2022.03.08-13.27.34:192][  0]LogConfig: Setting CVar [[r.TranslucencyLightingVolumeDim:64]]
[2022.03.08-13.27.34:192][  0]LogConfig: Setting CVar [[r.RefractionQuality:2]]
[2022.03.08-13.27.34:192][  0]LogConfig: Setting CVar [[r.SSR.Quality:3]]
[2022.03.08-13.27.34:192][  0]LogConfig: Setting CVar [[r.SSR.HalfResSceneColor:0]]
[2022.03.08-13.27.34:192][  0]LogConfig: Setting CVar [[r.SceneColorFormat:4]]
[2022.03.08-13.27.34:192][  0]LogConfig: Setting CVar [[r.DetailMode:2]]
[2022.03.08-13.27.34:192][  0]LogConfig: Setting CVar [[r.TranslucencyVolumeBlur:1]]
[2022.03.08-13.27.34:192][  0]LogConfig: Setting CVar [[r.MaterialQualityLevel:1 ; High quality]]
[2022.03.08-13.27.34:192][  0]LogConfig: Setting CVar [[r.AnisotropicMaterials:1]]
[2022.03.08-13.27.34:192][  0]LogConfig: Setting CVar [[r.SSS.Scale:1]]
[2022.03.08-13.27.34:192][  0]LogConfig: Setting CVar [[r.SSS.SampleSet:2]]
[2022.03.08-13.27.34:192][  0]LogConfig: Setting CVar [[r.SSS.Quality:1]]
[2022.03.08-13.27.34:192][  0]LogConfig: Setting CVar [[r.SSS.HalfRes:0]]
[2022.03.08-13.27.34:192][  0]LogConfig: Setting CVar [[r.SSGI.Quality:3]]
[2022.03.08-13.27.34:192][  0]LogConfig: Setting CVar [[r.EmitterSpawnRateScale:1.0]]
[2022.03.08-13.27.34:192][  0]LogConfig: Setting CVar [[r.ParticleLightQuality:2]]
[2022.03.08-13.27.34:192][  0]LogConfig: Setting CVar [[r.SkyAtmosphere.AerialPerspectiveLUT.FastApplyOnOpaque:1 ; Always have FastSkyLUT 1 in this case to avoid wrong sky]]
[2022.03.08-13.27.34:192][  0]LogConfig: Setting CVar [[r.SkyAtmosphere.AerialPerspectiveLUT.SampleCountMaxPerSlice:4]]
[2022.03.08-13.27.34:192][  0]LogConfig: Setting CVar [[r.SkyAtmosphere.AerialPerspectiveLUT.DepthResolution:16.0]]
[2022.03.08-13.27.34:192][  0]LogConfig: Setting CVar [[r.SkyAtmosphere.FastSkyLUT:1]]
[2022.03.08-13.27.34:192][  0]LogConfig: Setting CVar [[r.SkyAtmosphere.FastSkyLUT.SampleCountMin:4.0]]
[2022.03.08-13.27.34:192][  0]LogConfig: Setting CVar [[r.SkyAtmosphere.FastSkyLUT.SampleCountMax:128.0]]
[2022.03.08-13.27.34:192][  0]LogConfig: Setting CVar [[r.SkyAtmosphere.SampleCountMin:4.0]]
[2022.03.08-13.27.34:192][  0]LogConfig: Setting CVar [[r.SkyAtmosphere.SampleCountMax:128.0]]
[2022.03.08-13.27.34:192][  0]LogConfig: Setting CVar [[r.SkyAtmosphere.TransmittanceLUT.UseSmallFormat:0]]
[2022.03.08-13.27.34:192][  0]LogConfig: Setting CVar [[r.SkyAtmosphere.TransmittanceLUT.SampleCount:10.0]]
[2022.03.08-13.27.34:192][  0]LogConfig: Setting CVar [[r.SkyAtmosphere.MultiScatteringLUT.SampleCount:15.0]]
[2022.03.08-13.27.34:192][  0]LogConfig: Setting CVar [[r.SkyLight.RealTimeReflectionCapture:1]]
[2022.03.08-13.27.34:192][  0]LogConfig: Applying CVar settings from Section [FoliageQuality@3] File [C:/EpicGames/ChattingClient/ChattingClient/Saved/Config/Windows/Scalability.ini]
[2022.03.08-13.27.34:192][  0]LogConfig: Setting CVar [[foliage.DensityScale:1.0]]
[2022.03.08-13.27.34:192][  0]LogConfig: Setting CVar [[grass.DensityScale:1.0]]
[2022.03.08-13.27.34:192][  0]LogConfig: Applying CVar settings from Section [ShadingQuality@3] File [C:/EpicGames/ChattingClient/ChattingClient/Saved/Config/Windows/Scalability.ini]
[2022.03.08-13.27.34:192][  0]LogConfig: Setting CVar [[r.HairStrands.SkyLighting.IntegrationType:2]]
[2022.03.08-13.27.34:192][  0]LogConfig: Setting CVar [[r.HairStrands.SkyAO.SampleCount:4]]
[2022.03.08-13.27.34:192][  0]LogConfig: Setting CVar [[r.HairStrands.Visibility.MSAA.SamplePerPixel:4]]
[2022.03.08-13.27.34:192][  0]LogConfig: Applying CVar settings from Section [Startup] File [../../../Engine/Config/ConsoleVariables.ini]
[2022.03.08-13.27.34:193][  0]LogConfig: Setting CVar [[net.UseAdaptiveNetUpdateFrequency:0]]
[2022.03.08-13.27.34:193][  0]LogConfig: Setting CVar [[p.chaos.AllowCreatePhysxBodies:1]]
[2022.03.08-13.27.34:193][  0]LogConfig: Setting CVar [[fx.SkipVectorVMBackendOptimizations:1]]
[2022.03.08-13.27.34:193][  0]LogConfig: Applying CVar settings from Section [ConsoleVariables] File [C:/EpicGames/ChattingClient/ChattingClient/Saved/Config/Windows/Engine.ini]
[2022.03.08-13.27.34:193][  0]LogConfig: Applying CVar settings from Section [ConsoleVariables] File [C:/EpicGames/ChattingClient/ChattingClient/Saved/Config/Windows/Editor.ini]
[2022.03.08-13.27.34:193][  0]LogInit: Computer: DESKTOP-JG03A40
[2022.03.08-13.27.34:193][  0]LogInit: User: lenovo
[2022.03.08-13.27.34:193][  0]LogInit: CPU Page size=4096, Cores=6
[2022.03.08-13.27.34:193][  0]LogInit: High frequency timer resolution =10.000000 MHz
[2022.03.08-13.27.34:193][  0]LogMemory: Memory total: Physical=15.9GB (16GB approx)
[2022.03.08-13.27.34:193][  0]LogMemory: Platform Memory Stats for Windows
[2022.03.08-13.27.34:193][  0]LogMemory: Process Physical Memory: 148.62 MB used, 148.62 MB peak
[2022.03.08-13.27.34:193][  0]LogMemory: Process Virtual Memory: 126.54 MB used, 126.54 MB peak
[2022.03.08-13.27.34:193][  0]LogMemory: Physical Memory: 10738.54 MB used,  5565.61 MB free, 16304.14 MB total
[2022.03.08-13.27.34:193][  0]LogMemory: Virtual Memory: 134208008.00 MB used,  9723.66 MB free, 134217728.00 MB total
[2022.03.08-13.27.34:208][  0]LogWindows: WindowsPlatformFeatures enabled
[2022.03.08-13.27.34:412][  0]LogInit: Physics initialised using underlying interface: PhysX
[2022.03.08-13.27.34:413][  0]LogInit: Using OS detected language (ko-KR).
[2022.03.08-13.27.34:413][  0]LogInit: Using OS detected locale (ko-KR).
[2022.03.08-13.27.34:433][  0]LogTextLocalizationManager: No specific localization for 'ko-KR' exists, so the 'ko' localization will be used.
[2022.03.08-13.27.34:727][  0]LogInit: Setting process to per monitor DPI aware
[2022.03.08-13.27.34:783][  0]LogWindowsTextInputMethodSystem: Display: IME system deactivated.
[2022.03.08-13.27.34:859][  0]LogSlate: New Slate User Created.  User Index 0, Is Virtual User: 0
[2022.03.08-13.27.34:859][  0]LogSlate: Slate User Registered.  User Index 0, Is Virtual User: 0
[2022.03.08-13.27.36:709][  0]LogD3D11RHI: Loaded GFSDK_Aftermath_Lib.x64.dll
[2022.03.08-13.27.36:715][  0]LogHMD: Failed to initialize OpenVR with code 110
[2022.03.08-13.27.36:715][  0]LogD3D11RHI: D3D11 min allowed feature level: 11_0
[2022.03.08-13.27.36:715][  0]LogD3D11RHI: D3D11 max allowed feature level: 11_0
[2022.03.08-13.27.36:715][  0]LogD3D11RHI: D3D11 adapters:
[2022.03.08-13.27.36:868][  0]LogD3D11RHI:    0. 'NVIDIA GeForce GTX 1660 Ti' (Feature Level 11_0)
[2022.03.08-13.27.36:868][  0]LogD3D11RHI:       5991/0/8152 MB DedicatedVideo/DedicatedSystem/SharedSystem, Outputs:1, VendorId:0x10de
[2022.03.08-13.27.36:873][  0]LogD3D11RHI:    1. 'Microsoft Basic Render Driver' (Feature Level 11_0)
[2022.03.08-13.27.36:873][  0]LogD3D11RHI:       0/0/8152 MB DedicatedVideo/DedicatedSystem/SharedSystem, Outputs:0, VendorId:0x1414
[2022.03.08-13.27.36:873][  0]LogD3D11RHI: Chosen D3D11 Adapter:
[2022.03.08-13.27.36:873][  0]LogD3D11RHI:     Description : NVIDIA GeForce GTX 1660 Ti
[2022.03.08-13.27.36:873][  0]LogD3D11RHI:     VendorId    : 10de
[2022.03.08-13.27.36:873][  0]LogD3D11RHI:     DeviceId    : 2191
[2022.03.08-13.27.36:873][  0]LogD3D11RHI:     SubSysId    : 3ffc17aa
[2022.03.08-13.27.36:873][  0]LogD3D11RHI:     Revision    : 00a1
[2022.03.08-13.27.36:873][  0]LogD3D11RHI:     DedicatedVideoMemory : 6282018816 bytes
[2022.03.08-13.27.36:873][  0]LogD3D11RHI:     DedicatedSystemMemory : 0 bytes
[2022.03.08-13.27.36:873][  0]LogD3D11RHI:     SharedSystemMemory : 8548067328 bytes
[2022.03.08-13.27.36:873][  0]LogD3D11RHI:     AdapterLuid : 0 76549
[2022.03.08-13.27.36:880][  0]LogD3D11RHI: Creating new Direct3DDevice
[2022.03.08-13.27.36:880][  0]LogD3D11RHI:     GPU DeviceId: 0x2191 (for the marketing name, search the web for "GPU Device Id")
[2022.03.08-13.27.36:880][  0]LogWindows: EnumDisplayDevices:
[2022.03.08-13.27.36:880][  0]LogWindows:    0. 'NVIDIA GeForce GTX 1660 Ti' (P:1 D:1)
[2022.03.08-13.27.36:881][  0]LogWindows:    1. 'NVIDIA GeForce GTX 1660 Ti' (P:0 D:0)
[2022.03.08-13.27.36:882][  0]LogWindows:    2. 'NVIDIA GeForce GTX 1660 Ti' (P:0 D:0)
[2022.03.08-13.27.36:883][  0]LogWindows:    3. 'NVIDIA GeForce GTX 1660 Ti' (P:0 D:0)
[2022.03.08-13.27.36:883][  0]LogWindows: DebugString: FoundDriverCount:4 
[2022.03.08-13.27.36:883][  0]LogD3D11RHI:     Adapter Name: NVIDIA GeForce GTX 1660 Ti
[2022.03.08-13.27.36:883][  0]LogD3D11RHI:   Driver Version: 471.41 (internal:30.0.14.7141, unified:471.41)
[2022.03.08-13.27.36:883][  0]LogD3D11RHI:      Driver Date: 7-12-2021
[2022.03.08-13.27.36:884][  0]LogRHI: Texture pool is 4193 MB (70% of 5991 MB)
[2022.03.08-13.27.36:884][  0]LogD3D11RHI: Creating D3DDevice using adapter:
[2022.03.08-13.27.36:884][  0]LogD3D11RHI:     Description : NVIDIA GeForce GTX 1660 Ti
[2022.03.08-13.27.36:884][  0]LogD3D11RHI:     VendorId    : 10de
[2022.03.08-13.27.36:884][  0]LogD3D11RHI:     DeviceId    : 2191
[2022.03.08-13.27.36:884][  0]LogD3D11RHI:     SubSysId    : 3ffc17aa
[2022.03.08-13.27.36:884][  0]LogD3D11RHI:     Revision    : 00a1
[2022.03.08-13.27.36:884][  0]LogD3D11RHI:     DedicatedVideoMemory : 6282018816 bytes
[2022.03.08-13.27.36:884][  0]LogD3D11RHI:     DedicatedSystemMemory : 0 bytes
[2022.03.08-13.27.36:884][  0]LogD3D11RHI:     SharedSystemMemory : 8548067328 bytes
[2022.03.08-13.27.36:884][  0]LogD3D11RHI:     AdapterLuid : 0 76549
[2022.03.08-13.27.36:975][  0]LogD3D11RHI: RHI has support for 64 bit atomics
[2022.03.08-13.27.36:975][  0]LogD3D11RHI: Async texture creation enabled
[2022.03.08-13.27.36:975][  0]LogD3D11RHI: Array index from any shader is supported
[2022.03.08-13.27.37:035][  0]LogD3D11RHI: GPU Timing Frequency: 1000.000000 (Debug: 2 1)
[2022.03.08-13.27.37:142][  0]LogRHI: GeForceNow SDK initialized: 1
[2022.03.08-13.27.37:586][  0]LogTargetPlatformManager: Display: Loaded TargetPlatform 'AllDesktop'
[2022.03.08-13.27.37:609][  0]LogTargetPlatformManager: Display: Loaded TargetPlatform 'Android'
[2022.03.08-13.27.37:609][  0]LogTargetPlatformManager: Display: Loaded TargetPlatform 'Android_ASTC'
[2022.03.08-13.27.37:609][  0]LogTargetPlatformManager: Display: Loaded TargetPlatform 'Android_DXT'
[2022.03.08-13.27.37:609][  0]LogTargetPlatformManager: Display: Loaded TargetPlatform 'Android_ETC2'
[2022.03.08-13.27.37:609][  0]LogTargetPlatformManager: Display: Loaded TargetPlatform 'AndroidClient'
[2022.03.08-13.27.37:609][  0]LogTargetPlatformManager: Display: Loaded TargetPlatform 'Android_ASTCClient'
[2022.03.08-13.27.37:609][  0]LogTargetPlatformManager: Display: Loaded TargetPlatform 'Android_DXTClient'
[2022.03.08-13.27.37:609][  0]LogTargetPlatformManager: Display: Loaded TargetPlatform 'Android_ETC2Client'
[2022.03.08-13.27.37:609][  0]LogTargetPlatformManager: Display: Loaded TargetPlatform 'Android_Multi'
[2022.03.08-13.27.37:609][  0]LogTargetPlatformManager: Display: Loaded TargetPlatform 'Android_MultiClient'
[2022.03.08-13.27.37:636][  0]LogTargetPlatformManager: Display: Loaded TargetPlatform 'IOSClient'
[2022.03.08-13.27.37:636][  0]LogTargetPlatformManager: Display: Loaded TargetPlatform 'IOS'
[2022.03.08-13.27.37:651][  0]LogTargetPlatformManager: Display: Loaded TargetPlatform 'Linux'
[2022.03.08-13.27.37:658][  0]LogTargetPlatformManager: Display: Loaded TargetPlatform 'LinuxNoEditor'
[2022.03.08-13.27.37:666][  0]LogTargetPlatformManager: Display: Loaded TargetPlatform 'LinuxClient'
[2022.03.08-13.27.37:673][  0]LogTargetPlatformManager: Display: Loaded TargetPlatform 'LinuxServer'
[2022.03.08-13.27.37:688][  0]LogTargetPlatformManager: Display: Loaded TargetPlatform 'LinuxAArch64NoEditor'
[2022.03.08-13.27.37:697][  0]LogTargetPlatformManager: Display: Loaded TargetPlatform 'LinuxAArch64Client'
[2022.03.08-13.27.37:705][  0]LogTargetPlatformManager: Display: Loaded TargetPlatform 'LinuxAArch64Server'
[2022.03.08-13.27.37:735][  0]LogTargetPlatformManager: Display: Loaded TargetPlatform 'Lumin'
[2022.03.08-13.27.37:735][  0]LogTargetPlatformManager: Display: Loaded TargetPlatform 'LuminClient'
[2022.03.08-13.27.37:746][  0]LogTargetPlatformManager: Display: Loaded TargetPlatform 'MacNoEditor'
[2022.03.08-13.27.37:753][  0]LogTargetPlatformManager: Display: Loaded TargetPlatform 'Mac'
[2022.03.08-13.27.37:760][  0]LogTargetPlatformManager: Display: Loaded TargetPlatform 'MacClient'
[2022.03.08-13.27.37:767][  0]LogTargetPlatformManager: Display: Loaded TargetPlatform 'MacServer'
[2022.03.08-13.27.37:780][  0]LogTargetPlatformManager: Display: Loaded TargetPlatform 'TVOSClient'
[2022.03.08-13.27.37:780][  0]LogTargetPlatformManager: Display: Loaded TargetPlatform 'TVOS'
[2022.03.08-13.27.37:796][  0]LogTargetPlatformManager: Display: Loaded TargetPlatform 'WindowsNoEditor'
[2022.03.08-13.27.37:806][  0]LogTargetPlatformManager: Display: Loaded TargetPlatform 'Windows'
[2022.03.08-13.27.37:813][  0]LogTargetPlatformManager: Display: Loaded TargetPlatform 'WindowsClient'
[2022.03.08-13.27.37:821][  0]LogTargetPlatformManager: Display: Loaded TargetPlatform 'WindowsServer'
[2022.03.08-13.27.37:821][  0]LogTargetPlatformManager: Display: Building Assets For Windows
[2022.03.08-13.27.37:840][  0]LogAudioDebug: Display: Lib vorbis DLL was dynamically loaded.
[2022.03.08-13.27.37:913][  0]LogTextureFormatOodle: Display: Oodle Texture 2.9.0 init RDO Off
[2022.03.08-13.27.38:022][  0]LogRendererCore: Ray tracing is disabled. Reason: r.RayTracing=0.
[2022.03.08-13.27.38:023][  0]LogShaderCompilers: Guid format shader working directory is 6 characters bigger than the processId version (../../../../ChattingClient/ChattingClient/Intermediate/Shaders/WorkingDirectory/9728/).
[2022.03.08-13.27.38:023][  0]LogShaderCompilers: Cleaned the shader compiler working directory 'C:/Users/lenovo/AppData/Local/Temp/UnrealShaderWorkingDir/4A1A9D6E4E4E222A81FBAFBB52327B9C/'.
[2022.03.08-13.27.38:024][  0]LogXGEController: Cannot use XGE Controller as Incredibuild is not installed on this machine.
[2022.03.08-13.27.38:024][  0]LogShaderCompilers: Cannot use XGE Shader Compiler as Incredibuild is not installed on this machine.
[2022.03.08-13.27.38:024][  0]LogShaderCompilers: Display: Using Local Shader Compiler.
[2022.03.08-13.27.39:010][  0]LogDerivedDataCache: Display: Max Cache Size: 512 MB
[2022.03.08-13.27.39:108][  0]LogDerivedDataCache: Loaded boot cache 0.10s 96MB C:/Users/lenovo/AppData/Local/UnrealEngine/4.27/DerivedDataCache/Boot.ddc.
[2022.03.08-13.27.39:108][  0]LogDerivedDataCache: Display: Loaded Boot cache: C:/Users/lenovo/AppData/Local/UnrealEngine/4.27/DerivedDataCache/Boot.ddc
[2022.03.08-13.27.39:108][  0]LogDerivedDataCache: FDerivedDataBackendGraph:  Pak pak cache file ../../../../ChattingClient/ChattingClient/DerivedDataCache/DDC.ddp not found, will not use a pak cache.
[2022.03.08-13.27.39:108][  0]LogDerivedDataCache: Unable to find inner node Pak for hierarchical cache Hierarchy.
[2022.03.08-13.27.39:108][  0]LogDerivedDataCache: FDerivedDataBackendGraph:  CompressedPak pak cache file ../../../../ChattingClient/ChattingClient/DerivedDataCache/Compressed.ddp not found, will not use a pak cache.
[2022.03.08-13.27.39:108][  0]LogDerivedDataCache: Unable to find inner node CompressedPak for hierarchical cache Hierarchy.
[2022.03.08-13.27.39:126][  0]LogDerivedDataCache: Display: Pak cache opened for reading ../../../Engine/DerivedDataCache/Compressed.ddp.
[2022.03.08-13.27.39:127][  0]LogDerivedDataCache: FDerivedDataBackendGraph:  EnterprisePak pak cache file ../../../Enterprise/DerivedDataCache/Compressed.ddp not found, will not use a pak cache.
[2022.03.08-13.27.39:127][  0]LogDerivedDataCache: Unable to find inner node EnterprisePak for hierarchical cache Hierarchy.
[2022.03.08-13.27.39:147][  0]LogDerivedDataCache: Speed tests for C:/Users/lenovo/AppData/Local/UnrealEngine/Common/DerivedDataCache took 0.02 seconds
[2022.03.08-13.27.39:147][  0]LogDerivedDataCache: Display: Performance to C:/Users/lenovo/AppData/Local/UnrealEngine/Common/DerivedDataCache: Latency=0.27ms. RandomReadSpeed=107.84MBs, RandomWriteSpeed=112.06MBs. Assigned SpeedClass 'Local'
[2022.03.08-13.27.39:148][  0]LogDerivedDataCache: Using Local data cache path C:/Users/lenovo/AppData/Local/UnrealEngine/Common/DerivedDataCache: Writable
[2022.03.08-13.27.39:148][  0]LogDerivedDataCache: Shared data cache path not found in *engine.ini, will not use an Shared cache.
[2022.03.08-13.27.39:148][  0]LogDerivedDataCache: Unable to find inner node Shared for hierarchical cache Hierarchy.
[2022.03.08-13.27.39:207][  0]LogSlate: Using FreeType 2.10.0
[2022.03.08-13.27.39:210][  0]LogSlate: SlateFontServices - WITH_FREETYPE: 1, WITH_HARFBUZZ: 1
[2022.03.08-13.27.39:249][  0]LogAssetRegistry: FAssetRegistry took 0.0061 seconds to start up
[2022.03.08-13.27.39:573][  0]LogInit: Selected Device Profile: [Windows]
[2022.03.08-13.27.39:573][  0]LogInit: Active device profile: [00000207C713CE00][00000207C6216A40 49] Windows
[2022.03.08-13.27.39:573][  0]LogInit: Profiles: [00000207C713CE00][00000207C6216A40 49] Windows, [00000207C7102500][00000207C621EBC0 49] WindowsNoEditor, [00000207C713DD00][00000207C6222D40 49] WindowsServer, [00000207C7103300][00000207C6226EC0 49] WindowsClient, [00000207C713EA00][00000207C622B040 49] IOS, [00000207C7103900][00000207C622F1C0 49] iPadAir, [00000207C713D500][00000207C6233340 49] iPadAir2, [00000207C70B9200][00000207C623B600 49] IPadPro, [00000207C70B9300][00000207C6237640 49] iPadAir3, [00000207C7100C00][00000207C623F7C0 49] iPadAir4, [00000207C70B9F00][00000207C6243940 49] iPadMini2, [00000207C7103100][00000207C6247AC0 49] iPadMini3, [00000207C70BA900][00000207C624A0C0 49] iPadMini4, [00000207C7100F00][00000207C73BE240 49] iPadMini5, [00000207C70ECC00][00000207C73C6500 49] iPhone6, [00000207C70ECD00][00000207C73C2540 49] iPodTouch6, [00000207C713E700][00000207C73CA780 49] iPhone7, [00000207C713E900][00000207C621A7C0 49] iPodTouch7, [00000207C70B9100][00000207C73CE900 49] iPhone5S, [00000207C713EC00][00000207C73D6A80 49] iPhone6Plus, [00000207C70BBF00][00000207C73DAC00 49] iPhone6S, [00000207C70B8100][00000207C73DED80 49] iPhone6SPlus, [00000207C70ECB00][00000207C73E2F00 49] iPhone7Plus, [00000207C70BA100][00000207C73E7080 49] iPhoneSE, [00000207C70EE900][00000207C73EB200 49] iPhone8, [00000207C70BA200][00000207C73EF380 49] iPhone8Plus, [00000207C70EFB00][00000207C73F3500 49] iPhoneX, [00000207C70BA300][00000207C73F7680 49] iPhoneXS, [00000207C70ECF00][00000207C73FB800 49] iPhoneXSMax, [00000207C713EF00][00000207C73FF980 49] iPhoneXR, [00000207C70ED700][00000207C7403B00 49] iPhone11, [00000207C713EE00][00000207C7406100 49] iPhone11Pro, [00000207C70ED900][00000207C740A280 49] iPhone11ProMax, [00000207C713D200][00000207C740E400 49] iPhoneSE2, [00000207C70EFD00][00000207C7412580 49] iPhone12Mini, [00000207C713CB00][00000207C7416700 49] iPhone12, [00000207C70EDD00][00000207C73D2840 49] iPhone12Pro, [00000207C713D400][00000207C741A980 49] iPhone12ProMax, [00000207C70EF700][00000207C741EAC0 49] iPadPro105, [00000207C713DB00][00000207C7426C40 49] iPadPro129, [00000207C70EC700][00000207C742ADC0 49] iPadPro97, [00000207C713D300][00000207C742EF40 49] iPadPro2_129, [00000207C70ED200][00000207C74330C0 49] iPad5, [00000207C713FF00][00000207C7437240 49] iPad6, [00000207C70EFA00][00000207C743B3C0 49] iPad7, [00000207C713D900][00000207C743F540 49] iPad8, [00000207C70ED400][00000207C74436C0 49] iPadPro11, [00000207C713F500][00000207C7447840 49] iPadPro2_11, [00000207C70EE300][00000207C744B9C0 49] iPadPro3_129, [00000207C713CF00][00000207C744FB40 49] iPadPro4_129, [00000207C70ED100][00000207C7452140 49] AppleTV, [00000207C713F600][00000207C74562C0 49] AppleTV4K, [00000207C70EC600][00000207C745A440 49] TVOS, [00000207C713F900][00000207C745E5C0 49] Mac, [00000207C70EF200][00000207C7462740 49] MacClient, [00000207C713FB00][00000207C74668C0 49] MacNoEditor, [00000207C70ED300][00000207C7422A00 49] MacServer, [00000207C713E400][00000207C746AB40 49] Linux, [00000207C70EE000][00000207C746EC80 49] LinuxAArch64, [00000207C713FE00][00000207C7472DC0 49] LinuxNoEditor, [00000207C70EF100][00000207C747AF40 49] LinuxAArch64NoEditor, [00000207C713F200][00000207C747F0C0 49] LinuxClient, [00000207C70EE800][00000207C7483240 49] LinuxAArch64Client, [00000207C713C400][00000207C74873C0 49] LinuxServer, [00000207C70EC400][00000207C748B540 49] LinuxAArch64Server, [00000207C713D100][00000207C748F6C0 49] Android, [00000207C70EE700][00000207C7493840 49] Android_Low, [00000207C713C800][00000207C74979C0 49] Android_Mid, [00000207C70EC300][00000207C749BB40 49] Android_High, [00000207C713DC00][00000207C749E140 49] Android_Default, [00000207C70EF600][00000207C74A22C0 49] Android_Adreno4xx, [00000207C713E100][00000207C74A6440 49] Android_Adreno5xx_Low, [00000207C70EC900][00000207C74AA5C0 49] Android_Adreno5xx, [00000207C713DF00][00000207C74AE740 49] Android_Adreno6xx, [00000207C70EDB00][00000207C74B28C0 49] Android_Adreno6xx_Vulkan, [00000207C713EB00][00000207C74B6A40 49] Android_Mali_T6xx, [00000207C70B9900][00000207C7476B80 49] Android_Mali_T7xx, [00000207C7103200][00000207C74BACC0 49] Android_Mali_T8xx, [00000207C70BBC00][00000207C74BEE00 49] Android_Mali_G71, [00000207C7103D00][00000207C74C2F40 49] Android_Mali_G72, [00000207C70BB900][00000207C74CB0C0 49] Android_Mali_G72_Vulkan, [00000207C7102300][00000207C74CF240 49] Android_Mali_G76, [00000207C70B9A00][00000207C74D33C0 49] Android_Mali_G76_Vulkan, [00000207C7100400][00000207C74D7540 49] Android_Mali_G77, [00000207C70BB500][00000207C74DB6C0 49] Android_Mali_G77_Vulkan, [00000207C7102100][00000207C74DF840 49] Android_Mali_G78, [00000207C70B9000][00000207C74E39C0 49] Android_Mali_G78_Vulkan, [00000207C7102400][00000207C74E7B40 49] Android_Mali_G710, [00000207C70B9500][00000207C74EA140 49] Android_Mali_G710_Vulkan, [00000207C7103600][00000207C74EE2C0 49] Android_Vulkan_SM5, [00000207C70B9800][00000207C74F2440 49] Android_PowerVR_G6xxx, [00000207C7103000][00000207C74F65C0 49] Android_PowerVR_GT7xxx, [00000207C70B9B00][00000207C74FA740 49] Android_PowerVR_GE8xxx, [00000207C7103B00][00000207C74FE8C0 49] Android_PowerVR_GM9xxx, [00000207C70B9E00][00000207C7502A40 49] Android_PowerVR_GM9xxx_Vulkan, [00000207C7101700][00000207C7506BC0 49] Android_TegraK1, [00000207C70BBB00][00000207C750AD40 49] Android_Unknown_Vulkan, [00000207C7101100][00000207C74C6E80 49] Lumin, [00000207C70B8600][00000207C750EFC0 49] Lumin_Desktop, [00000207C70EE200][00000207C7513100 49] HoloLens, 
[2022.03.08-13.27.39:792][  0]LogMeshReduction: Using QuadricMeshReduction for automatic static mesh reduction
[2022.03.08-13.27.39:792][  0]LogMeshReduction: Using SimplygonMeshReduction for automatic skeletal mesh reduction
[2022.03.08-13.27.39:792][  0]LogMeshReduction: Using ProxyLODMeshReduction for automatic mesh merging
[2022.03.08-13.27.39:792][  0]LogMeshReduction: No distributed automatic mesh merging module available
[2022.03.08-13.27.39:792][  0]LogMeshMerging: No distributed automatic mesh merging module available
[2022.03.08-13.27.39:827][  0]LogNetVersion: ChattingClient 1.0.0, NetCL: 17155196, EngineNetVer: 17, GameNetVer: 0 (Checksum: 1007274363)
[2022.03.08-13.27.40:479][  0]LogTexture: Default maximum texture size for cubemaps generated from long-lat sources has been changed from 512 to unlimited. In order to preserve old behaiour for '/Engine/MapTemplates/Sky/DaylightAmbientCubemap.DaylightAmbientCubemap', its maximum texture size has been explicitly set to 512.
[2022.03.08-13.27.40:559][  0]LogHMD: PokeAHoleMaterial loaded successfully
[2022.03.08-13.27.40:568][  0]LogUObjectArray: 17178 objects as part of root set at end of initial load.
[2022.03.08-13.27.40:568][  0]LogUObjectAllocator: 4302048 out of 0 bytes used by permanent object pool.
[2022.03.08-13.27.40:568][  0]LogUObjectArray: CloseDisregardForGC: 0/0 objects in disregard for GC pool
[2022.03.08-13.27.40:975][  0]LogNiagaraDebuggerClient: Niagara Debugger Client Initialized | Session: 06009A5642E2DBEA0E8A9EBB4ACCD128 | Instance: B433913F4D3AB4FC90E90BA585EA1F69 (DESKTOP-JG03A40-9728).
[2022.03.08-13.27.41:286][  0]LogPython: Using Python 3.7.7
[2022.03.08-13.27.42:062][  0]LogTcpMessaging: Initializing TcpMessaging bridge
[2022.03.08-13.27.42:072][  0]LogUdpMessaging: Initializing bridge on interface 0.0.0.0:0 to multicast group 230.0.0.1:6666.
[2022.03.08-13.27.42:826][  0]SourceControl: 소스 컨트롤이 꺼졌습니다.
[2022.03.08-13.27.42:826][  0]SourceControl: 소스 컨트롤이 꺼졌습니다.
[2022.03.08-13.27.42:840][  0]SourceControl: 소스 컨트롤이 꺼졌습니다.
[2022.03.08-13.27.42:849][  0]SourceControl: 소스 컨트롤이 꺼졌습니다.
[2022.03.08-13.27.42:874][  0]SourceControl: 소스 컨트롤이 꺼졌습니다.
[2022.03.08-13.27.42:887][  0]LogUProjectInfo: Found projects:
[2022.03.08-13.27.43:333][  0]LogOpenImageDenoise: OIDN starting up
[2022.03.08-13.27.43:431][  0]LogAndroidPermission: UAndroidPermissionCallbackProxy::GetInstance
[2022.03.08-13.27.43:473][  0]LogAudioCaptureCore: Display: No Audio Capture implementations found. Audio input will be silent.
[2022.03.08-13.27.43:473][  0]LogAudioCaptureCore: Display: No Audio Capture implementations found. Audio input will be silent.
[2022.03.08-13.27.43:699][  0]LogCollectionManager: Loaded 0 collections in 0.001521 seconds
[2022.03.08-13.27.43:747][  0]LogFileCache: Scanning file cache for directory 'C:/EpicGames/ChattingClient/ChattingClient/Saved/Collections/' took 0.00s
[2022.03.08-13.27.43:747][  0]LogFileCache: Scanning file cache for directory 'C:/EpicGames/ChattingClient/ChattingClient/Content/Developers/lenovo/Collections/' took 0.00s
[2022.03.08-13.27.43:747][  0]LogFileCache: Scanning file cache for directory 'C:/EpicGames/ChattingClient/ChattingClient/Content/Collections/' took 0.00s
[2022.03.08-13.27.43:747][  0]LogOcInput: OculusInput pre-init called
[2022.03.08-13.27.44:095][  0]LogClass: Display: UInt32Property FSendBuffer::LeftPos is not initialized properly. Module:ChattingClient File:Public/SocketComponent.h
[2022.03.08-13.27.44:095][  0]LogClass: Display: UInt32Property FSendBuffer::RightPos is not initialized properly. Module:ChattingClient File:Public/SocketComponent.h
[2022.03.08-13.27.44:096][  0]LogClass: Display: 2 Uninitialized script struct members found including 0 object properties
[2022.03.08-13.27.44:100][  0]LogEngine: Initializing Engine...
[2022.03.08-13.27.44:110][  0]LogHMD: Failed to enumerate extensions. Please check that you have a valid OpenXR runtime installed.
[2022.03.08-13.27.44:110][  0]LogHMD: Failed to initialize OpenVR with code 110
[2022.03.08-13.27.44:110][  0]LogMagicLeap: Warning: VR disabled because ZI is not enabled.  To enable, in the editor, Edit -> Project Settings -> Plugins -> Magic Leap Plugin -> Enable Zero Iteration
[2022.03.08-13.27.44:112][  0]LogStats: UGameplayTagsManager::InitializeManager -  0.000 s
[2022.03.08-13.27.44:271][  0]LogInit: Initializing FReadOnlyCVARCache
[2022.03.08-13.27.44:300][  0]LogAIModule: Creating AISystem for world Untitled
[2022.03.08-13.27.44:303][  0]LogAudio: Display: Initializing Audio Device Manager...
[2022.03.08-13.27.44:310][  0]LogAudio: Display: Loading Default Audio Settings Objects...
[2022.03.08-13.27.44:311][  0]LogAudio: Display: No default SoundConcurrencyObject specified (or failed to load).
[2022.03.08-13.27.44:312][  0]LogAudio: Display: Audio Device Manager Initialized
[2022.03.08-13.27.44:312][  0]LogAudio: Display: Creating Audio Device:                 Id: 1, Scope: Shared, Realtime: True
[2022.03.08-13.27.44:312][  0]LogAudioMixer: Display: Audio Mixer Platform Settings:
[2022.03.08-13.27.44:312][  0]LogAudioMixer: Display: 	Sample Rate:						  48000
[2022.03.08-13.27.44:312][  0]LogAudioMixer: Display: 	Callback Buffer Frame Size Requested: 1024
[2022.03.08-13.27.44:312][  0]LogAudioMixer: Display: 	Callback Buffer Frame Size To Use:	  1024
[2022.03.08-13.27.44:312][  0]LogAudioMixer: Display: 	Number of buffers to queue:			  2
[2022.03.08-13.27.44:312][  0]LogAudioMixer: Display: 	Max Channels (voices):				  32
[2022.03.08-13.27.44:312][  0]LogAudioMixer: Display: 	Number of Async Source Workers:		  0
[2022.03.08-13.27.44:312][  0]LogAudio: Display: AudioDevice MaxSources: 32
[2022.03.08-13.27.44:313][  0]LogAudio: Display: Audio Spatialization Plugin: None (built-in).
[2022.03.08-13.27.44:313][  0]LogAudio: Display: Audio Reverb Plugin: None (built-in).
[2022.03.08-13.27.44:313][  0]LogAudio: Display: Audio Occlusion Plugin: None (built-in).
[2022.03.08-13.27.44:313][  0]LogAudioMixer: Display: Initializing audio mixer.
[2022.03.08-13.27.44:347][  0]LogAudioMixer: Display: 0: FrontLeft
[2022.03.08-13.27.44:347][  0]LogAudioMixer: Display: 1: FrontRight
[2022.03.08-13.27.44:415][  0]LogAudioMixer: Display: Using Audio Device 스피커(Realtek(R) Audio)
[2022.03.08-13.27.44:421][  0]LogAudioMixer: Display: Initializing Sound Submixes...
[2022.03.08-13.27.44:425][  0]LogAudioMixer: Display: Creating Master Submix 'MasterSubmixDefault'
[2022.03.08-13.27.44:425][  0]LogAudioMixer: Display: Creating Master Submix 'MasterReverbSubmixDefault'
[2022.03.08-13.27.44:426][  0]LogAudioMixer: Display: Creating Master Submix 'MasterEQSubmixDefault'
[2022.03.08-13.27.44:426][  0]LogAudioMixer: FMixerPlatformXAudio2::StartAudioStream() called
[2022.03.08-13.27.44:426][  0]LogAudioMixer: Display: Output buffers initialized: Frames=1024, Channels=2, Samples=2048
[2022.03.08-13.27.44:427][  0]LogAudioMixer: Display: Starting AudioMixerPlatformInterface::RunInternal()
[2022.03.08-13.27.44:428][  0]LogAudioMixer: Display: FMixerPlatformXAudio2::SubmitBuffer() called for the first time
[2022.03.08-13.27.44:428][  0]LogInit: FAudioDevice initialized.
[2022.03.08-13.27.44:428][  0]LogAudio: Display: Audio Device (ID: 1) registered with world 'Untitled'.
[2022.03.08-13.27.44:428][  0]LogNetVersion: Set ProjectVersion to 1.0.0.0. Version Checksum will be recalculated on next use.
[2022.03.08-13.27.44:506][  0]LogDerivedDataCache: Saved boot cache 0.08s 96MB C:/Users/lenovo/AppData/Local/UnrealEngine/4.27/DerivedDataCache/Boot.ddc.
[2022.03.08-13.27.44:506][  0]LogInit: Texture streaming: Enabled
[2022.03.08-13.27.44:534][  0]LogAnalytics: Display: [UEEditor.Rocket.Release] APIServer = https://datarouter.ol.epicgames.com/. AppVersion = 4.27.2-18319896+++UE4+Release-4.27
[2022.03.08-13.27.44:547][  0]LogEngineSessionManager: EngineSessionManager initialized
[2022.03.08-13.27.44:547][  0]LogEngineSessionManager: EngineSessionManager sent abnormal shutdown report. Type=Debugger, SessionId={8BCC8364-404A-DE05-310C-8981E0F62526}
[2022.03.08-13.27.44:547][  0]LogEngineSessionManager: EngineSessionManager sent abnormal shutdown report. Type=Crashed, SessionId={B1BCD0BE-4292-D681-4AFF-F497C8B22844}
[2022.03.08-13.27.44:547][  0]LogEditorSessionSummary: Verbose: Initializing EditorSessionSummaryWriter for editor session tracking
[2022.03.08-13.27.44:554][  0]LogEditorSessionSummary: EditorSessionSummaryWriter initialized
[2022.03.08-13.27.44:594][  0]LogInit: Transaction tracking system initialized
[2022.03.08-13.27.44:646][  0]BlueprintLog: New page: 에디터 로드
[2022.03.08-13.27.44:808][  0]LocalizationService: 현지화 서비스가 비활성화되었습니다.
[2022.03.08-13.27.44:880][  0]TimingProfiler: Initialize
[2022.03.08-13.27.44:882][  0]TimingProfiler: OnSessionChanged
[2022.03.08-13.27.44:882][  0]LoadingProfiler: Initialize
[2022.03.08-13.27.44:882][  0]LoadingProfiler: OnSessionChanged
[2022.03.08-13.27.44:882][  0]NetworkingProfiler: Initialize
[2022.03.08-13.27.44:882][  0]NetworkingProfiler: OnSessionChanged
[2022.03.08-13.27.44:883][  0]MemoryProfiler: Initialize
[2022.03.08-13.27.44:883][  0]MemoryProfiler: OnSessionChanged
[2022.03.08-13.27.45:154][  0]LogFileCache: Scanning file cache for directory 'C:/EpicGames/ChattingClient/ChattingClient/Content/' took 0.00s
[2022.03.08-13.27.45:154][  0]LogCook: Display: CookSettings for Memory: MemoryMaxUsedVirtual 0MiB, MemoryMaxUsedPhysical 16384MiB, MemoryMinFreeVirtual 0MiB, MemoryMinFreePhysical 1024MiB
[2022.03.08-13.27.45:154][  0]LogCook: Display: Mobile HDR setting 1
[2022.03.08-13.27.45:823][  0]LogInit: Display: Engine is initialized. Leaving FEngineLoop::Init()
[2022.03.08-13.27.45:832][  0]SourceControl: 소스 컨트롤이 꺼졌습니다.
[2022.03.08-13.27.45:832][  0]LogUnrealEdMisc: Loading editor; pre map load, took 14.066
[2022.03.08-13.27.45:833][  0]Cmd: MAP LOAD FILE="../../../../ChattingClient/ChattingClient/Content/MainLevel.umap" TEMPLATE=0 SHOWPROGRESS=1 FEATURELEVEL=3
[2022.03.08-13.27.45:835][  0]LightingResults: New page: 라이팅 빌드
[2022.03.08-13.27.45:839][  0]LogWorld: UWorld::CleanupWorld for Untitled, bSessionEnded=true, bCleanupResources=true
[2022.03.08-13.27.45:839][  0]LogSlate: InvalidateAllWidgets triggered.  All widgets were invalidated
[2022.03.08-13.27.45:840][  0]MapCheck: New page: 맵 체크
[2022.03.08-13.27.45:840][  0]LightingResults: New page: 라이팅 빌드
[2022.03.08-13.27.45:846][  0]LogAudio: Display: Audio Device unregistered from world 'None'.
[2022.03.08-13.27.45:852][  0]LogUObjectHash: Compacting FUObjectHashTables data took   1.22ms
[2022.03.08-13.27.45:865][  0]LogAudio: Display: Audio Device (ID: 1) registered with world 'MainLevel'.
[2022.03.08-13.27.45:866][  0]LogAIModule: Creating AISystem for world MainLevel
[2022.03.08-13.27.45:870][  0]LogEditorServer: Finished looking for orphan Actors (0.000 secs)
[2022.03.08-13.27.45:881][  0]LogUObjectHash: Compacting FUObjectHashTables data took   0.57ms
[2022.03.08-13.27.45:882][  0]Cmd: MAP CHECKDEP NOCLEARLOG
[2022.03.08-13.27.45:882][  0]MapCheck: 맵 체크 완료: 오류 0 회, 경고 0 회, 소요 시간 0.353ms.
[2022.03.08-13.27.45:882][  0]LogFileHelpers: Loading map 'MainLevel' took 0.050
[2022.03.08-13.27.45:896][  0]LogUnrealEdMisc: Total Editor Startup Time, took 14.130
[2022.03.08-13.27.46:086][  0]LogSlate: Updating window title bar state: overlay mode, drag disabled, window buttons hidden, title bar hidden
[2022.03.08-13.27.46:093][  0]LogSlate: Updating window title bar state: overlay mode, drag disabled, window buttons hidden, title bar hidden
[2022.03.08-13.27.46:098][  0]LogSlate: Updating window title bar state: overlay mode, drag disabled, window buttons hidden, title bar hidden
[2022.03.08-13.27.46:103][  0]LogSlate: Updating window title bar state: overlay mode, drag disabled, window buttons hidden, title bar hidden
[2022.03.08-13.27.46:134][  0]LogNativeClassHierarchy: Verbose: Native class hierarchy populated in 0.0090 seconds. Added 3835 classes and 931 folders.
[2022.03.08-13.27.46:140][  0]LogNativeClassHierarchy: Verbose: Native class hierarchy updated for 'WidgetCarousel' in 0.0003 seconds. Added 0 classes and 0 folders.
[2022.03.08-13.27.46:145][  0]LogPakFile: PakFile PrimaryIndexSize=187
[2022.03.08-13.27.46:145][  0]LogPakFile: PakFile PathHashIndexSize=101
[2022.03.08-13.27.46:145][  0]LogPakFile: PakFile FullDirectoryIndexSize=148
[2022.03.08-13.27.46:145][  0]LogShaderLibrary: Display: ShaderCodeLibraryPakFileMountedCallback: PakFile 'C:/EpicGames/UE_4.27/FeaturePacks/FP_FirstPerson.upack' (chunk index -1, root 'root:/') mounted
[2022.03.08-13.27.46:145][  0]LogShaderLibrary: Display: ShaderCodeLibraryPakFileMountedCallback: pending pak file info (ChunkID:-1 Root:root:/ File:C:/EpicGames/UE_4.27/FeaturePacks/FP_FirstPerson.upack)
[2022.03.08-13.27.46:145][  0]LogPakFile: OnPakFileMounted2Time == 0.000052
[2022.03.08-13.27.46:147][  0]LogPakFile: PakFile PrimaryIndexSize=189
[2022.03.08-13.27.46:147][  0]LogPakFile: PakFile PathHashIndexSize=101
[2022.03.08-13.27.46:147][  0]LogPakFile: PakFile FullDirectoryIndexSize=152
[2022.03.08-13.27.46:147][  0]LogShaderLibrary: Display: ShaderCodeLibraryPakFileMountedCallback: PakFile 'C:/EpicGames/UE_4.27/FeaturePacks/FP_FirstPersonBP.upack' (chunk index -1, root 'root:/') mounted
[2022.03.08-13.27.46:147][  0]LogShaderLibrary: Display: ShaderCodeLibraryPakFileMountedCallback: pending pak file info (ChunkID:-1 Root:root:/ File:C:/EpicGames/UE_4.27/FeaturePacks/FP_FirstPersonBP.upack)
[2022.03.08-13.27.46:147][  0]LogPakFile: OnPakFileMounted2Time == 0.000040
[2022.03.08-13.27.46:149][  0]LogPakFile: PakFile PrimaryIndexSize=191
[2022.03.08-13.27.46:149][  0]LogPakFile: PakFile PathHashIndexSize=101
[2022.03.08-13.27.46:149][  0]LogPakFile: PakFile FullDirectoryIndexSize=160
[2022.03.08-13.27.46:149][  0]LogShaderLibrary: Display: ShaderCodeLibraryPakFileMountedCallback: PakFile 'C:/EpicGames/UE_4.27/FeaturePacks/MobileStarterContent.upack' (chunk index -1, root 'root:/') mounted
[2022.03.08-13.27.46:149][  0]LogShaderLibrary: Display: ShaderCodeLibraryPakFileMountedCallback: pending pak file info (ChunkID:-1 Root:root:/ File:C:/EpicGames/UE_4.27/FeaturePacks/MobileStarterContent.upack)
[2022.03.08-13.27.46:149][  0]LogPakFile: OnPakFileMounted2Time == 0.000032
[2022.03.08-13.27.46:150][  0]LogPakFile: PakFile PrimaryIndexSize=185
[2022.03.08-13.27.46:150][  0]LogPakFile: PakFile PathHashIndexSize=101
[2022.03.08-13.27.46:150][  0]LogPakFile: PakFile FullDirectoryIndexSize=148
[2022.03.08-13.27.46:150][  0]LogShaderLibrary: Display: ShaderCodeLibraryPakFileMountedCallback: PakFile 'C:/EpicGames/UE_4.27/FeaturePacks/StarterContent.upack' (chunk index -1, root 'root:/') mounted
[2022.03.08-13.27.46:150][  0]LogShaderLibrary: Display: ShaderCodeLibraryPakFileMountedCallback: pending pak file info (ChunkID:-1 Root:root:/ File:C:/EpicGames/UE_4.27/FeaturePacks/StarterContent.upack)
[2022.03.08-13.27.46:150][  0]LogPakFile: OnPakFileMounted2Time == 0.000043
[2022.03.08-13.27.46:151][  0]LogPakFile: PakFile PrimaryIndexSize=190
[2022.03.08-13.27.46:151][  0]LogPakFile: PakFile PathHashIndexSize=101
[2022.03.08-13.27.46:151][  0]LogPakFile: PakFile FullDirectoryIndexSize=154
[2022.03.08-13.27.46:151][  0]LogShaderLibrary: Display: ShaderCodeLibraryPakFileMountedCallback: PakFile 'C:/EpicGames/UE_4.27/FeaturePacks/TP_2DSideScroller.upack' (chunk index -1, root 'root:/') mounted
[2022.03.08-13.27.46:152][  0]LogShaderLibrary: Display: ShaderCodeLibraryPakFileMountedCallback: pending pak file info (ChunkID:-1 Root:root:/ File:C:/EpicGames/UE_4.27/FeaturePacks/TP_2DSideScroller.upack)
[2022.03.08-13.27.46:152][  0]LogPakFile: OnPakFileMounted2Time == 0.000051
[2022.03.08-13.27.46:153][  0]LogPakFile: PakFile PrimaryIndexSize=192
[2022.03.08-13.27.46:153][  0]LogPakFile: PakFile PathHashIndexSize=101
[2022.03.08-13.27.46:153][  0]LogPakFile: PakFile FullDirectoryIndexSize=158
[2022.03.08-13.27.46:153][  0]LogShaderLibrary: Display: ShaderCodeLibraryPakFileMountedCallback: PakFile 'C:/EpicGames/UE_4.27/FeaturePacks/TP_2DSideScrollerBP.upack' (chunk index -1, root 'root:/') mounted
[2022.03.08-13.27.46:153][  0]LogShaderLibrary: Display: ShaderCodeLibraryPakFileMountedCallback: pending pak file info (ChunkID:-1 Root:root:/ File:C:/EpicGames/UE_4.27/FeaturePacks/TP_2DSideScrollerBP.upack)
[2022.03.08-13.27.46:153][  0]LogPakFile: OnPakFileMounted2Time == 0.000039
[2022.03.08-13.27.46:154][  0]LogPakFile: PakFile PrimaryIndexSize=182
[2022.03.08-13.27.46:154][  0]LogPakFile: PakFile PathHashIndexSize=101
[2022.03.08-13.27.46:154][  0]LogPakFile: PakFile FullDirectoryIndexSize=138
[2022.03.08-13.27.46:154][  0]LogShaderLibrary: Display: ShaderCodeLibraryPakFileMountedCallback: PakFile 'C:/EpicGames/UE_4.27/FeaturePacks/TP_Flying.upack' (chunk index -1, root 'root:/') mounted
[2022.03.08-13.27.46:154][  0]LogShaderLibrary: Display: ShaderCodeLibraryPakFileMountedCallback: pending pak file info (ChunkID:-1 Root:root:/ File:C:/EpicGames/UE_4.27/FeaturePacks/TP_Flying.upack)
[2022.03.08-13.27.46:154][  0]LogPakFile: OnPakFileMounted2Time == 0.000036
[2022.03.08-13.27.46:155][  0]LogPakFile: PakFile PrimaryIndexSize=184
[2022.03.08-13.27.46:155][  0]LogPakFile: PakFile PathHashIndexSize=101
[2022.03.08-13.27.46:155][  0]LogPakFile: PakFile FullDirectoryIndexSize=142
[2022.03.08-13.27.46:155][  0]LogShaderLibrary: Display: ShaderCodeLibraryPakFileMountedCallback: PakFile 'C:/EpicGames/UE_4.27/FeaturePacks/TP_FlyingBP.upack' (chunk index -1, root 'root:/') mounted
[2022.03.08-13.27.46:155][  0]LogShaderLibrary: Display: ShaderCodeLibraryPakFileMountedCallback: pending pak file info (ChunkID:-1 Root:root:/ File:C:/EpicGames/UE_4.27/FeaturePacks/TP_FlyingBP.upack)
[2022.03.08-13.27.46:155][  0]LogPakFile: OnPakFileMounted2Time == 0.000036
[2022.03.08-13.27.46:157][  0]LogPakFile: PakFile PrimaryIndexSize=188
[2022.03.08-13.27.46:157][  0]LogPakFile: PakFile PathHashIndexSize=101
[2022.03.08-13.27.46:157][  0]LogPakFile: PakFile FullDirectoryIndexSize=150
[2022.03.08-13.27.46:157][  0]LogShaderLibrary: Display: ShaderCodeLibraryPakFileMountedCallback: PakFile 'C:/EpicGames/UE_4.27/FeaturePacks/TP_HandheldARBP.upack' (chunk index -1, root 'root:/') mounted
[2022.03.08-13.27.46:157][  0]LogShaderLibrary: Display: ShaderCodeLibraryPakFileMountedCallback: pending pak file info (ChunkID:-1 Root:root:/ File:C:/EpicGames/UE_4.27/FeaturePacks/TP_HandheldARBP.upack)
[2022.03.08-13.27.46:157][  0]LogPakFile: OnPakFileMounted2Time == 0.000031
[2022.03.08-13.27.46:159][  0]LogPakFile: PakFile PrimaryIndexSize=182
[2022.03.08-13.27.46:159][  0]LogPakFile: PakFile PathHashIndexSize=101
[2022.03.08-13.27.46:159][  0]LogPakFile: PakFile FullDirectoryIndexSize=138
[2022.03.08-13.27.46:159][  0]LogShaderLibrary: Display: ShaderCodeLibraryPakFileMountedCallback: PakFile 'C:/EpicGames/UE_4.27/FeaturePacks/TP_Puzzle.upack' (chunk index -1, root 'root:/') mounted
[2022.03.08-13.27.46:159][  0]LogShaderLibrary: Display: ShaderCodeLibraryPakFileMountedCallback: pending pak file info (ChunkID:-1 Root:root:/ File:C:/EpicGames/UE_4.27/FeaturePacks/TP_Puzzle.upack)
[2022.03.08-13.27.46:159][  0]LogPakFile: OnPakFileMounted2Time == 0.000032
[2022.03.08-13.27.46:160][  0]LogPakFile: PakFile PrimaryIndexSize=184
[2022.03.08-13.27.46:160][  0]LogPakFile: PakFile PathHashIndexSize=101
[2022.03.08-13.27.46:160][  0]LogPakFile: PakFile FullDirectoryIndexSize=142
[2022.03.08-13.27.46:160][  0]LogShaderLibrary: Display: ShaderCodeLibraryPakFileMountedCallback: PakFile 'C:/EpicGames/UE_4.27/FeaturePacks/TP_PuzzleBP.upack' (chunk index -1, root 'root:/') mounted
[2022.03.08-13.27.46:160][  0]LogShaderLibrary: Display: ShaderCodeLibraryPakFileMountedCallback: pending pak file info (ChunkID:-1 Root:root:/ File:C:/EpicGames/UE_4.27/FeaturePacks/TP_PuzzleBP.upack)
[2022.03.08-13.27.46:160][  0]LogPakFile: OnPakFileMounted2Time == 0.000032
[2022.03.08-13.27.46:161][  0]LogPakFile: PakFile PrimaryIndexSize=183
[2022.03.08-13.27.46:161][  0]LogPakFile: PakFile PathHashIndexSize=101
[2022.03.08-13.27.46:161][  0]LogPakFile: PakFile FullDirectoryIndexSize=140
[2022.03.08-13.27.46:161][  0]LogShaderLibrary: Display: ShaderCodeLibraryPakFileMountedCallback: PakFile 'C:/EpicGames/UE_4.27/FeaturePacks/TP_Rolling.upack' (chunk index -1, root 'root:/') mounted
[2022.03.08-13.27.46:161][  0]LogShaderLibrary: Display: ShaderCodeLibraryPakFileMountedCallback: pending pak file info (ChunkID:-1 Root:root:/ File:C:/EpicGames/UE_4.27/FeaturePacks/TP_Rolling.upack)
[2022.03.08-13.27.46:161][  0]LogPakFile: OnPakFileMounted2Time == 0.000033
[2022.03.08-13.27.46:162][  0]LogPakFile: PakFile PrimaryIndexSize=185
[2022.03.08-13.27.46:162][  0]LogPakFile: PakFile PathHashIndexSize=101
[2022.03.08-13.27.46:163][  0]LogPakFile: PakFile FullDirectoryIndexSize=144
[2022.03.08-13.27.46:163][  0]LogShaderLibrary: Display: ShaderCodeLibraryPakFileMountedCallback: PakFile 'C:/EpicGames/UE_4.27/FeaturePacks/TP_RollingBP.upack' (chunk index -1, root 'root:/') mounted
[2022.03.08-13.27.46:163][  0]LogShaderLibrary: Display: ShaderCodeLibraryPakFileMountedCallback: pending pak file info (ChunkID:-1 Root:root:/ File:C:/EpicGames/UE_4.27/FeaturePacks/TP_RollingBP.upack)
[2022.03.08-13.27.46:163][  0]LogPakFile: OnPakFileMounted2Time == 0.000031
[2022.03.08-13.27.46:164][  0]LogPakFile: PakFile PrimaryIndexSize=188
[2022.03.08-13.27.46:164][  0]LogPakFile: PakFile PathHashIndexSize=101
[2022.03.08-13.27.46:164][  0]LogPakFile: PakFile FullDirectoryIndexSize=150
[2022.03.08-13.27.46:164][  0]LogShaderLibrary: Display: ShaderCodeLibraryPakFileMountedCallback: PakFile 'C:/EpicGames/UE_4.27/FeaturePacks/TP_SideScroller.upack' (chunk index -1, root 'root:/') mounted
[2022.03.08-13.27.46:164][  0]LogShaderLibrary: Display: ShaderCodeLibraryPakFileMountedCallback: pending pak file info (ChunkID:-1 Root:root:/ File:C:/EpicGames/UE_4.27/FeaturePacks/TP_SideScroller.upack)
[2022.03.08-13.27.46:164][  0]LogPakFile: OnPakFileMounted2Time == 0.000032
[2022.03.08-13.27.46:165][  0]LogPakFile: PakFile PrimaryIndexSize=190
[2022.03.08-13.27.46:165][  0]LogPakFile: PakFile PathHashIndexSize=101
[2022.03.08-13.27.46:165][  0]LogPakFile: PakFile FullDirectoryIndexSize=154
[2022.03.08-13.27.46:165][  0]LogShaderLibrary: Display: ShaderCodeLibraryPakFileMountedCallback: PakFile 'C:/EpicGames/UE_4.27/FeaturePacks/TP_SideScrollerBP.upack' (chunk index -1, root 'root:/') mounted
[2022.03.08-13.27.46:165][  0]LogShaderLibrary: Display: ShaderCodeLibraryPakFileMountedCallback: pending pak file info (ChunkID:-1 Root:root:/ File:C:/EpicGames/UE_4.27/FeaturePacks/TP_SideScrollerBP.upack)
[2022.03.08-13.27.46:165][  0]LogPakFile: OnPakFileMounted2Time == 0.000039
[2022.03.08-13.27.46:166][  0]LogPakFile: PakFile PrimaryIndexSize=187
[2022.03.08-13.27.46:166][  0]LogPakFile: PakFile PathHashIndexSize=101
[2022.03.08-13.27.46:166][  0]LogPakFile: PakFile FullDirectoryIndexSize=148
[2022.03.08-13.27.46:166][  0]LogShaderLibrary: Display: ShaderCodeLibraryPakFileMountedCallback: PakFile 'C:/EpicGames/UE_4.27/FeaturePacks/TP_ThirdPerson.upack' (chunk index -1, root 'root:/') mounted
[2022.03.08-13.27.46:166][  0]LogShaderLibrary: Display: ShaderCodeLibraryPakFileMountedCallback: pending pak file info (ChunkID:-1 Root:root:/ File:C:/EpicGames/UE_4.27/FeaturePacks/TP_ThirdPerson.upack)
[2022.03.08-13.27.46:166][  0]LogPakFile: OnPakFileMounted2Time == 0.000054
[2022.03.08-13.27.46:168][  0]LogPakFile: PakFile PrimaryIndexSize=189
[2022.03.08-13.27.46:168][  0]LogPakFile: PakFile PathHashIndexSize=101
[2022.03.08-13.27.46:168][  0]LogPakFile: PakFile FullDirectoryIndexSize=152
[2022.03.08-13.27.46:168][  0]LogShaderLibrary: Display: ShaderCodeLibraryPakFileMountedCallback: PakFile 'C:/EpicGames/UE_4.27/FeaturePacks/TP_ThirdPersonBP.upack' (chunk index -1, root 'root:/') mounted
[2022.03.08-13.27.46:168][  0]LogShaderLibrary: Display: ShaderCodeLibraryPakFileMountedCallback: pending pak file info (ChunkID:-1 Root:root:/ File:C:/EpicGames/UE_4.27/FeaturePacks/TP_ThirdPersonBP.upack)
[2022.03.08-13.27.46:168][  0]LogPakFile: OnPakFileMounted2Time == 0.000043
[2022.03.08-13.27.46:169][  0]LogPakFile: PakFile PrimaryIndexSize=183
[2022.03.08-13.27.46:169][  0]LogPakFile: PakFile PathHashIndexSize=101
[2022.03.08-13.27.46:169][  0]LogPakFile: PakFile FullDirectoryIndexSize=140
[2022.03.08-13.27.46:169][  0]LogShaderLibrary: Display: ShaderCodeLibraryPakFileMountedCallback: PakFile 'C:/EpicGames/UE_4.27/FeaturePacks/TP_TopDown.upack' (chunk index -1, root 'root:/') mounted
[2022.03.08-13.27.46:169][  0]LogShaderLibrary: Display: ShaderCodeLibraryPakFileMountedCallback: pending pak file info (ChunkID:-1 Root:root:/ File:C:/EpicGames/UE_4.27/FeaturePacks/TP_TopDown.upack)
[2022.03.08-13.27.46:169][  0]LogPakFile: OnPakFileMounted2Time == 0.000052
[2022.03.08-13.27.46:170][  0]LogPakFile: PakFile PrimaryIndexSize=185
[2022.03.08-13.27.46:170][  0]LogPakFile: PakFile PathHashIndexSize=101
[2022.03.08-13.27.46:170][  0]LogPakFile: PakFile FullDirectoryIndexSize=144
[2022.03.08-13.27.46:170][  0]LogShaderLibrary: Display: ShaderCodeLibraryPakFileMountedCallback: PakFile 'C:/EpicGames/UE_4.27/FeaturePacks/TP_TopDownBP.upack' (chunk index -1, root 'root:/') mounted
[2022.03.08-13.27.46:170][  0]LogShaderLibrary: Display: ShaderCodeLibraryPakFileMountedCallback: pending pak file info (ChunkID:-1 Root:root:/ File:C:/EpicGames/UE_4.27/FeaturePacks/TP_TopDownBP.upack)
[2022.03.08-13.27.46:170][  0]LogPakFile: OnPakFileMounted2Time == 0.000034
[2022.03.08-13.27.46:171][  0]LogPakFile: PakFile PrimaryIndexSize=185
[2022.03.08-13.27.46:171][  0]LogPakFile: PakFile PathHashIndexSize=101
[2022.03.08-13.27.46:171][  0]LogPakFile: PakFile FullDirectoryIndexSize=144
[2022.03.08-13.27.46:172][  0]LogShaderLibrary: Display: ShaderCodeLibraryPakFileMountedCallback: PakFile 'C:/EpicGames/UE_4.27/FeaturePacks/TP_TwinStick.upack' (chunk index -1, root 'root:/') mounted
[2022.03.08-13.27.46:172][  0]LogShaderLibrary: Display: ShaderCodeLibraryPakFileMountedCallback: pending pak file info (ChunkID:-1 Root:root:/ File:C:/EpicGames/UE_4.27/FeaturePacks/TP_TwinStick.upack)
[2022.03.08-13.27.46:172][  0]LogPakFile: OnPakFileMounted2Time == 0.000046
[2022.03.08-13.27.46:173][  0]LogPakFile: PakFile PrimaryIndexSize=187
[2022.03.08-13.27.46:173][  0]LogPakFile: PakFile PathHashIndexSize=101
[2022.03.08-13.27.46:173][  0]LogPakFile: PakFile FullDirectoryIndexSize=148
[2022.03.08-13.27.46:173][  0]LogShaderLibrary: Display: ShaderCodeLibraryPakFileMountedCallback: PakFile 'C:/EpicGames/UE_4.27/FeaturePacks/TP_TwinStickBP.upack' (chunk index -1, root 'root:/') mounted
[2022.03.08-13.27.46:173][  0]LogShaderLibrary: Display: ShaderCodeLibraryPakFileMountedCallback: pending pak file info (ChunkID:-1 Root:root:/ File:C:/EpicGames/UE_4.27/FeaturePacks/TP_TwinStickBP.upack)
[2022.03.08-13.27.46:173][  0]LogPakFile: OnPakFileMounted2Time == 0.000032
[2022.03.08-13.27.46:174][  0]LogPakFile: PakFile PrimaryIndexSize=183
[2022.03.08-13.27.46:174][  0]LogPakFile: PakFile PathHashIndexSize=101
[2022.03.08-13.27.46:174][  0]LogPakFile: PakFile FullDirectoryIndexSize=140
[2022.03.08-13.27.46:174][  0]LogShaderLibrary: Display: ShaderCodeLibraryPakFileMountedCallback: PakFile 'C:/EpicGames/UE_4.27/FeaturePacks/TP_Vehicle.upack' (chunk index -1, root 'root:/') mounted
[2022.03.08-13.27.46:174][  0]LogShaderLibrary: Display: ShaderCodeLibraryPakFileMountedCallback: pending pak file info (ChunkID:-1 Root:root:/ File:C:/EpicGames/UE_4.27/FeaturePacks/TP_Vehicle.upack)
[2022.03.08-13.27.46:174][  0]LogPakFile: OnPakFileMounted2Time == 0.000031
[2022.03.08-13.27.46:175][  0]LogPakFile: PakFile PrimaryIndexSize=186
[2022.03.08-13.27.46:175][  0]LogPakFile: PakFile PathHashIndexSize=101
[2022.03.08-13.27.46:175][  0]LogPakFile: PakFile FullDirectoryIndexSize=146
[2022.03.08-13.27.46:175][  0]LogShaderLibrary: Display: ShaderCodeLibraryPakFileMountedCallback: PakFile 'C:/EpicGames/UE_4.27/FeaturePacks/TP_VehicleAdv.upack' (chunk index -1, root 'root:/') mounted
[2022.03.08-13.27.46:175][  0]LogShaderLibrary: Display: ShaderCodeLibraryPakFileMountedCallback: pending pak file info (ChunkID:-1 Root:root:/ File:C:/EpicGames/UE_4.27/FeaturePacks/TP_VehicleAdv.upack)
[2022.03.08-13.27.46:175][  0]LogPakFile: OnPakFileMounted2Time == 0.000032
[2022.03.08-13.27.46:177][  0]LogPakFile: PakFile PrimaryIndexSize=188
[2022.03.08-13.27.46:177][  0]LogPakFile: PakFile PathHashIndexSize=101
[2022.03.08-13.27.46:177][  0]LogPakFile: PakFile FullDirectoryIndexSize=150
[2022.03.08-13.27.46:177][  0]LogShaderLibrary: Display: ShaderCodeLibraryPakFileMountedCallback: PakFile 'C:/EpicGames/UE_4.27/FeaturePacks/TP_VehicleAdvBP.upack' (chunk index -1, root 'root:/') mounted
[2022.03.08-13.27.46:177][  0]LogShaderLibrary: Display: ShaderCodeLibraryPakFileMountedCallback: pending pak file info (ChunkID:-1 Root:root:/ File:C:/EpicGames/UE_4.27/FeaturePacks/TP_VehicleAdvBP.upack)
[2022.03.08-13.27.46:177][  0]LogPakFile: OnPakFileMounted2Time == 0.000035
[2022.03.08-13.27.46:178][  0]LogPakFile: PakFile PrimaryIndexSize=185
[2022.03.08-13.27.46:178][  0]LogPakFile: PakFile PathHashIndexSize=101
[2022.03.08-13.27.46:178][  0]LogPakFile: PakFile FullDirectoryIndexSize=144
[2022.03.08-13.27.46:178][  0]LogShaderLibrary: Display: ShaderCodeLibraryPakFileMountedCallback: PakFile 'C:/EpicGames/UE_4.27/FeaturePacks/TP_VehicleBP.upack' (chunk index -1, root 'root:/') mounted
[2022.03.08-13.27.46:178][  0]LogShaderLibrary: Display: ShaderCodeLibraryPakFileMountedCallback: pending pak file info (ChunkID:-1 Root:root:/ File:C:/EpicGames/UE_4.27/FeaturePacks/TP_VehicleBP.upack)
[2022.03.08-13.27.46:178][  0]LogPakFile: OnPakFileMounted2Time == 0.000031
[2022.03.08-13.27.46:179][  0]LogPakFile: PakFile PrimaryIndexSize=192
[2022.03.08-13.27.46:179][  0]LogPakFile: PakFile PathHashIndexSize=101
[2022.03.08-13.27.46:179][  0]LogPakFile: PakFile FullDirectoryIndexSize=158
[2022.03.08-13.27.46:179][  0]LogShaderLibrary: Display: ShaderCodeLibraryPakFileMountedCallback: PakFile 'C:/EpicGames/UE_4.27/FeaturePacks/TP_VirtualRealityBP.upack' (chunk index -1, root 'root:/') mounted
[2022.03.08-13.27.46:179][  0]LogShaderLibrary: Display: ShaderCodeLibraryPakFileMountedCallback: pending pak file info (ChunkID:-1 Root:root:/ File:C:/EpicGames/UE_4.27/FeaturePacks/TP_VirtualRealityBP.upack)
[2022.03.08-13.27.46:179][  0]LogPakFile: OnPakFileMounted2Time == 0.000031
[2022.03.08-13.27.46:347][  0]LogNativeClassHierarchy: Verbose: Native class hierarchy updated for 'AddContentDialog' in 0.0003 seconds. Added 0 classes and 0 folders.
[2022.03.08-13.27.46:353][  0]LogNativeClassHierarchy: Verbose: Native class hierarchy updated for 'SceneOutliner' in 0.0003 seconds. Added 2 classes and 0 folders.
[2022.03.08-13.27.46:860][  0]LogSlate: Only BGRA pngs, bmps or icos are supported in by External Image Picker
[2022.03.08-13.27.46:951][  0]LogSlate: Took 0.001308 seconds to synchronously load lazily loaded font '../../../Engine/Content/Slate/Fonts/Roboto-Regular.ttf' (155K)
[2022.03.08-13.27.46:956][  0]LogSlate: Took 0.003984 seconds to synchronously load lazily loaded font '../../../Engine/Content/Editor/Slate/Fonts/NanumGothic.ttf' (4243K)
[2022.03.08-13.27.46:957][  0]LogSlate: Took 0.000710 seconds to synchronously load lazily loaded font '../../../Engine/Content/Editor/Slate/Fonts/FontAwesome.ttf' (139K)
[2022.03.08-13.27.46:962][  0]LogSlate: Took 0.004004 seconds to synchronously load lazily loaded font '../../../Engine/Content/Editor/Slate/Fonts/NanumGothicBold.ttf' (4188K)
[2022.03.08-13.27.46:963][  0]LogSlate: Took 0.000776 seconds to synchronously load lazily loaded font '../../../Engine/Content/Slate/Fonts/Roboto-Bold.ttf' (160K)
[2022.03.08-13.27.47:069][  0]LogRenderer: Reallocating scene render targets to support 940x400 Format 10 NumSamples 1 (Frame:1).
[2022.03.08-13.27.47:117][  0]LogSlate: Took 0.000889 seconds to synchronously load lazily loaded font '../../../Engine/Content/Slate/Fonts/Roboto-Light.ttf' (167K)
[2022.03.08-13.27.47:172][  0]LogNativeClassHierarchy: Verbose: Native class hierarchy updated for 'HierarchicalLODOutliner' in 0.0003 seconds. Added 0 classes and 0 folders.
[2022.03.08-13.27.47:173][  0]LogLoad: (Engine Initialization) Total time: 15.41 seconds
[2022.03.08-13.27.47:173][  0]LogLoad: (Engine Initialization) Total Blueprint compile time: 0.00 seconds
[2022.03.08-13.27.47:311][  0]LogAssetRegistry: Asset discovery search completed in 8.0634 seconds
[2022.03.08-13.27.47:321][  0]LogCollectionManager: Fixed up redirectors for 0 collections in 0.000008 seconds (updated 0 objects)
[2022.03.08-13.27.47:324][  0]LogContentStreaming: Texture pool size now 1000 MB
[2022.03.08-13.27.47:357][  1]LogRenderer: Reallocating scene render targets to support 940x416 Format 10 NumSamples 1 (Frame:2).
[2022.03.08-13.27.56:633][ 61]LogTemp: Repeating last play command: 선택된 뷰포트
[2022.03.08-13.27.56:641][ 61]LogPlayLevel: PlayLevel: No blueprints needed recompiling
[2022.03.08-13.27.56:642][ 61]PIE: New page: PIE 세션: MainLevel (2022. 3. 9. 오전 7:27:56)
[2022.03.08-13.27.56:644][ 61]LogOnline: OSS: Creating online subsystem instance for: NULL
[2022.03.08-13.27.56:645][ 61]LogOnline: OSS: TryLoadSubsystemAndSetDefault: Loaded subsystem for module [NULL]
[2022.03.08-13.27.56:646][ 61]LogPlayLevel: Creating play world package: /Game/UEDPIE_0_MainLevel
[2022.03.08-13.27.56:647][ 61]LogPlayLevel: PIE: StaticDuplicateObject took: (0.001492s)
[2022.03.08-13.27.56:648][ 61]LogAIModule: Creating AISystem for world MainLevel
[2022.03.08-13.27.56:648][ 61]LogPlayLevel: PIE: World Init took: (0.000957s)
[2022.03.08-13.27.56:648][ 61]LogPlayLevel: PIE: Created PIE world by copying editor world from /Game/MainLevel.MainLevel to /Game/UEDPIE_0_MainLevel.MainLevel (0.002810s)
[2022.03.08-13.27.56:655][ 61]LogUObjectHash: Compacting FUObjectHashTables data took   0.59ms
[2022.03.08-13.27.56:660][ 61]LogAudio: Display: Creating Audio Device:                 Id: 2, Scope: Unique, Realtime: True
[2022.03.08-13.27.56:660][ 61]LogAudioMixer: Display: Audio Mixer Platform Settings:
[2022.03.08-13.27.56:660][ 61]LogAudioMixer: Display: 	Sample Rate:						  48000
[2022.03.08-13.27.56:660][ 61]LogAudioMixer: Display: 	Callback Buffer Frame Size Requested: 1024
[2022.03.08-13.27.56:660][ 61]LogAudioMixer: Display: 	Callback Buffer Frame Size To Use:	  1024
[2022.03.08-13.27.56:660][ 61]LogAudioMixer: Display: 	Number of buffers to queue:			  2
[2022.03.08-13.27.56:660][ 61]LogAudioMixer: Display: 	Max Channels (voices):				  32
[2022.03.08-13.27.56:660][ 61]LogAudioMixer: Display: 	Number of Async Source Workers:		  0
[2022.03.08-13.27.56:660][ 61]LogAudio: Display: AudioDevice MaxSources: 32
[2022.03.08-13.27.56:660][ 61]LogAudio: Display: Audio Spatialization Plugin: None (built-in).
[2022.03.08-13.27.56:660][ 61]LogAudio: Display: Audio Reverb Plugin: None (built-in).
[2022.03.08-13.27.56:660][ 61]LogAudio: Display: Audio Occlusion Plugin: None (built-in).
[2022.03.08-13.27.56:660][ 61]LogAudioMixer: Display: Initializing audio mixer.
[2022.03.08-13.27.56:671][ 61]LogAudioMixer: Display: 0: FrontLeft
[2022.03.08-13.27.56:671][ 61]LogAudioMixer: Display: 1: FrontRight
[2022.03.08-13.27.56:699][ 61]LogAudioMixer: Display: Using Audio Device 스피커(Realtek(R) Audio)
[2022.03.08-13.27.56:700][ 61]LogAudioMixer: Display: Initializing Sound Submixes...
[2022.03.08-13.27.56:700][ 61]LogAudioMixer: Display: Creating Master Submix 'MasterSubmixDefault'
[2022.03.08-13.27.56:700][ 61]LogAudioMixer: Display: Creating Master Submix 'MasterReverbSubmixDefault'
[2022.03.08-13.27.56:700][ 61]LogAudioMixer: Display: Creating Master Submix 'MasterEQSubmixDefault'
[2022.03.08-13.27.56:700][ 61]LogAudioMixer: FMixerPlatformXAudio2::StartAudioStream() called
[2022.03.08-13.27.56:700][ 61]LogAudioMixer: Display: Output buffers initialized: Frames=1024, Channels=2, Samples=2048
[2022.03.08-13.27.56:701][ 61]LogAudioMixer: Display: Starting AudioMixerPlatformInterface::RunInternal()
[2022.03.08-13.27.56:701][ 61]LogAudioMixer: Display: FMixerPlatformXAudio2::SubmitBuffer() called for the first time
[2022.03.08-13.27.56:701][ 61]LogInit: FAudioDevice initialized.
[2022.03.08-13.27.56:701][ 61]LogAudio: Display: Audio Device (ID: 2) registered with world 'MainLevel'.
[2022.03.08-13.27.56:713][ 61]LogLoad: Game class is 'GameModeBase'
[2022.03.08-13.27.56:715][ 61]LogWorld: Bringing World /Game/UEDPIE_0_MainLevel.MainLevel up for play (max tick rate 60) at 2022.03.08-22.27.56
[2022.03.08-13.27.56:715][ 61]LogWorld: Bringing up level for play took: 0.000295
[2022.03.08-13.27.56:715][ 61]LogOnline: OSS: Creating online subsystem instance for: :Context_2
[2022.03.08-13.27.56:725][ 61]LogNativeClassHierarchy: Verbose: Native class hierarchy updated for 'MovieSceneCapture' in 0.0004 seconds. Added 20 classes and 0 folders.
[2022.03.08-13.27.56:728][ 61]LogViewport: Display: Viewport MouseLockMode Changed, LockOnCapture -> LockInFullscreen
[2022.03.08-13.27.56:728][ 61]LogViewport: Display: Viewport MouseCaptureMode Changed, CapturePermanently_IncludingInitialMouseDown -> NoCapture
[2022.03.08-13.27.56:728][ 61]LogViewport: Display: Player bShowMouseCursor Changed, False -> True
[2022.03.08-13.27.56:732][ 61]PIE: 서버가 로그인했습니다.
[2022.03.08-13.27.56:733][ 61]PIE: 에디터에서 플레이 총 시작 시간 0.095초입니다.
[2022.03.08-13.27.56:735][ 61]LogTemp: From Server: Welcome to chatting server!
Please login using Login [Username] command
[2022.03.08-13.27.58:482][ 61]LogWindows: Error: === Critical error: ===
[2022.03.08-13.27.58:482][ 61]LogWindows: Error: 
[2022.03.08-13.27.58:482][ 61]LogWindows: Error: Fatal error!
[2022.03.08-13.27.58:482][ 61]LogWindows: Error: 
[2022.03.08-13.27.58:482][ 61]LogWindows: Error: Unhandled Exception: EXCEPTION_ACCESS_VIOLATION reading address 0x0000000000000328
[2022.03.08-13.27.58:482][ 61]LogWindows: Error: 
[2022.03.08-13.27.58:482][ 61]LogWindows: Error: [Callstack] 0x00007ffc79a17592 UE4Editor-ChattingClient.dll!ULobbyWidget::ShowRoomSpecificInfo() [C:\EpicGames\ChattingClient\ChattingClient\Source\ChattingClient\Private\LobbyWidget.cpp:129]
[2022.03.08-13.27.58:482][ 61]LogWindows: Error: [Callstack] 0x00007ffc79a1d87a UE4Editor-ChattingClient.dll!AUser::CallLobbyWidgetRoomSpecificInfo() [C:\EpicGames\ChattingClient\ChattingClient\Source\ChattingClient\Private\User.cpp:123]
[2022.03.08-13.27.58:482][ 61]LogWindows: Error: [Callstack] 0x00007ffc79a1bd84 UE4Editor-ChattingClient.dll!USocketComponent::ProcessingPacket() [C:\EpicGames\ChattingClient\ChattingClient\Source\ChattingClient\Private\SocketComponent.cpp:188]
[2022.03.08-13.27.58:482][ 61]LogWindows: Error: [Callstack] 0x00007ffc79a1bfd8 UE4Editor-ChattingClient.dll!USocketComponent::ProcessingRecv() [C:\EpicGames\ChattingClient\ChattingClient\Source\ChattingClient\Private\SocketComponent.cpp:96]
[2022.03.08-13.27.58:482][ 61]LogWindows: Error: [Callstack] 0x00007ffc79a1deab UE4Editor-ChattingClient.dll!AUser::Tick() [C:\EpicGames\ChattingClient\ChattingClient\Source\ChattingClient\Private\User.cpp:81]
[2022.03.08-13.27.58:482][ 61]LogWindows: Error: [Callstack] 0x00007ffc965504da UE4Editor-Engine.dll!UnknownFunction []
[2022.03.08-13.27.58:482][ 61]LogWindows: Error: [Callstack] 0x00007ffc9651c06e UE4Editor-Engine.dll!UnknownFunction []
[2022.03.08-13.27.58:482][ 61]LogWindows: Error: [Callstack] 0x00007ffc9773410e UE4Editor-Engine.dll!UnknownFunction []
[2022.03.08-13.27.58:482][ 61]LogWindows: Error: [Callstack] 0x00007ffc9773d2e4 UE4Editor-Engine.dll!UnknownFunction []
[2022.03.08-13.27.58:482][ 61]LogWindows: Error: [Callstack] 0x00007ffc95312398 UE4Editor-Core.dll!UnknownFunction []
[2022.03.08-13.27.58:482][ 61]LogWindows: Error: [Callstack] 0x00007ffc953127ce UE4Editor-Core.dll!UnknownFunction []
[2022.03.08-13.27.58:482][ 61]LogWindows: Error: [Callstack] 0x00007ffc953240bd UE4Editor-Core.dll!UnknownFunction []
[2022.03.08-13.27.58:482][ 61]LogWindows: Error: [Callstack] 0x00007ffc977593be UE4Editor-Engine.dll!UnknownFunction []
[2022.03.08-13.27.58:482][ 61]LogWindows: Error: [Callstack] 0x00007ffc9775faba UE4Editor-Engine.dll!UnknownFunction []
[2022.03.08-13.27.58:482][ 61]LogWindows: Error: [Callstack] 0x00007ffc96e4349f UE4Editor-Engine.dll!UnknownFunction []
[2022.03.08-13.27.58:482][ 61]LogWindows: Error: [Callstack] 0x00007ffc96e4e2fc UE4Editor-Engine.dll!UnknownFunction []
[2022.03.08-13.27.58:482][ 61]LogWindows: Error: [Callstack] 0x00007ffc935714c3 UE4Editor-UnrealEd.dll!UnknownFunction []
[2022.03.08-13.27.58:482][ 61]LogWindows: Error: [Callstack] 0x00007ffc93e72ba6 UE4Editor-UnrealEd.dll!UnknownFunction []
[2022.03.08-13.27.58:482][ 61]LogWindows: Error: [Callstack] 0x00007ff6270387a0 UE4Editor.exe!UnknownFunction []
[2022.03.08-13.27.58:482][ 61]LogWindows: Error: [Callstack] 0x00007ff627050fcc UE4Editor.exe!UnknownFunction []
[2022.03.08-13.27.58:482][ 61]LogWindows: Error: [Callstack] 0x00007ff6270510ba UE4Editor.exe!UnknownFunction []
[2022.03.08-13.27.58:482][ 61]LogWindows: Error: [Callstack] 0x00007ff6270540dd UE4Editor.exe!UnknownFunction []
[2022.03.08-13.27.58:482][ 61]LogWindows: Error: [Callstack] 0x00007ff627065984 UE4Editor.exe!UnknownFunction []
[2022.03.08-13.27.58:482][ 61]LogWindows: Error: [Callstack] 0x00007ff62706853a UE4Editor.exe!UnknownFunction []
[2022.03.08-13.27.58:482][ 61]LogWindows: Error: [Callstack] 0x00007ffd20837034 KERNEL32.DLL!UnknownFunction []
[2022.03.08-13.27.58:482][ 61]LogWindows: Error: [Callstack] 0x00007ffd20a22651 ntdll.dll!UnknownFunction []
[2022.03.08-13.27.58:482][ 61]LogWindows: Error: 
[2022.03.08-13.27.58:489][ 61]LogExit: Executing StaticShutdownAfterError
[2022.03.08-13.27.58:491][ 61]LogWindows: FPlatformMisc::RequestExit(1)
[2022.03.08-13.27.58:491][ 61]LogWindows: FPlatformMisc::RequestExitWithStatus(1, 3)
[2022.03.08-13.27.58:491][ 61]LogCore: Engine exit requested (reason: Win RequestExit)
[2022.03.08-13.27.58:500][ 61]Log file closed, 03/08/22 22:27:58
