Log file open, 03/08/22 00:10:18
LogWindows: Failed to load 'aqProf.dll' (GetLastError=126)
LogWindows: File 'aqProf.dll' does not exist
LogWindows: Failed to load 'VtuneApi.dll' (GetLastError=126)
LogWindows: File 'VtuneApi.dll' does not exist
LogWindows: Failed to load 'VtuneApi32e.dll' (GetLastError=126)
LogWindows: File 'VtuneApi32e.dll' does not exist
LogConsoleResponse: Display: Failed to find resolution value strings in scalability ini. Falling back to default.
LogConsoleResponse: Display: Failed to find resolution value strings in scalability ini. Falling back to default.
LogInit: Display: Running engine for game: ChattingClient
LogPlatformFile: Not using cached read wrapper
LogTaskGraph: Started task graph with 5 named threads and 35 total threads with 3 sets of task threads.
LogStats: Stats thread started at 0.503848
LogICUInternationalization: ICU TimeZone Detection - Raw Offset: +9:00, Platform Override: ''
LogInit: Display: Loading text-based GConfig....
LogPluginManager: Mounting plugin MeshPainting
LogPluginManager: Mounting plugin XGEController
LogPluginManager: Mounting plugin Paper2D
LogPluginManager: Mounting plugin AISupport
LogPluginManager: Mounting plugin EnvironmentQueryEditor
LogPluginManager: Mounting plugin LiveLink
LogPluginManager: Mounting plugin LightPropagationVolume
LogPluginManager: Mounting plugin CameraShakePreviewer
LogPluginManager: Mounting plugin GameplayCameras
LogPluginManager: Mounting plugin CLionSourceCodeAccess
LogPluginManager: Mounting plugin AnimationSharing
LogPluginManager: Mounting plugin CodeLiteSourceCodeAccess
LogPluginManager: Mounting plugin GitSourceControl
LogPluginManager: Mounting plugin KDevelopSourceCodeAccess
LogPluginManager: Mounting plugin PerforceSourceControl
LogPluginManager: Mounting plugin NullSourceCodeAccess
LogPluginManager: Mounting plugin PixWinPlugin
LogPluginManager: Mounting plugin PlasticSourceControl
LogPluginManager: Mounting plugin PluginUtils
LogPluginManager: Mounting plugin PropertyAccessNode
LogPluginManager: Mounting plugin RiderSourceCodeAccess
LogPluginManager: Mounting plugin SubversionSourceControl
LogPluginManager: Mounting plugin TextureFormatOodle
LogPluginManager: Mounting plugin OodleData
LogPluginManager: Mounting plugin UObjectPlugin
LogPluginManager: Mounting plugin VisualStudioCodeSourceCodeAccess
LogPluginManager: Mounting plugin VisualStudioSourceCodeAccess
LogPluginManager: Mounting plugin XCodeSourceCodeAccess
LogPluginManager: Mounting plugin OodleNetwork
LogPluginManager: Mounting plugin DatasmithContent
LogPluginManager: Mounting plugin VariantManagerContent
LogPluginManager: Mounting plugin AssetManagerEditor
LogPluginManager: Mounting plugin CryptoKeys
LogPluginManager: Mounting plugin CurveEditorTools
LogPluginManager: Mounting plugin DataValidation
LogPluginManager: Mounting plugin FacialAnimation
LogPluginManager: Mounting plugin GameplayTagsEditor
LogPluginManager: Mounting plugin GeometryMode
LogPluginManager: Mounting plugin MacGraphicsSwitching
LogPluginManager: Mounting plugin MaterialAnalyzer
LogPluginManager: Mounting plugin PluginBrowser
LogPluginManager: Mounting plugin MobileLauncherProfileWizard
LogPluginManager: Mounting plugin SpeedTreeImporter
LogPluginManager: Mounting plugin Niagara
LogPluginManager: Mounting plugin AndroidMedia
LogPluginManager: Mounting plugin AvfMedia
LogPluginManager: Mounting plugin ImgMedia
LogPluginManager: Mounting plugin MediaCompositing
LogPluginManager: Mounting plugin MediaPlayerEditor
LogPluginManager: Mounting plugin WebMMedia
LogPluginManager: Mounting plugin WmfMedia
LogPluginManager: Mounting plugin LuminPlatformFeatures
LogPluginManager: Mounting plugin TcpMessaging
LogPluginManager: Mounting plugin MagicLeap
LogPluginManager: Mounting plugin UdpMessaging
LogPluginManager: Mounting plugin MagicLeapLightEstimation
LogPluginManager: Mounting plugin MagicLeapMedia
LogPluginManager: Mounting plugin MagicLeapPassableWorld
LogPluginManager: Mounting plugin MLSDK
LogPluginManager: Mounting plugin ActorSequence
LogPluginManager: Mounting plugin LevelSequenceEditor
LogPluginManager: Mounting plugin MatineeToLevelSequence
LogPluginManager: Mounting plugin TemplateSequence
LogPluginManager: Mounting plugin AlembicImporter
LogPluginManager: Mounting plugin AutomationUtils
LogPluginManager: Mounting plugin BackChannel
LogPluginManager: Mounting plugin ChaosCloth
LogPluginManager: Mounting plugin ChaosClothEditor
LogPluginManager: Mounting plugin ChaosEditor
LogPluginManager: Mounting plugin ChaosNiagara
LogPluginManager: Mounting plugin ChaosSolverPlugin
LogPluginManager: Mounting plugin CharacterAI
LogPluginManager: Mounting plugin GeometryCache
LogPluginManager: Mounting plugin GeometryCollectionPlugin
LogPluginManager: Mounting plugin LauncherChunkInstaller
LogPluginManager: Mounting plugin OnlineSubsystem
LogPluginManager: Mounting plugin OnlineSubsystemNull
LogPluginManager: Mounting plugin GeometryProcessing
LogPluginManager: Mounting plugin OnlineSubsystemUtils
LogPluginManager: Mounting plugin MotoSynth
LogPluginManager: Mounting plugin OpenImageDenoise
LogPluginManager: Mounting plugin PlatformCrypto
LogPluginManager: Mounting plugin PlanarCut
LogPluginManager: Mounting plugin ProxyLODPlugin
LogPluginManager: Mounting plugin PythonScriptPlugin
LogPluginManager: Mounting plugin SkeletalReduction
LogPluginManager: Mounting plugin ScreenshotTools
LogPluginManager: Mounting plugin ActorLayerUtilities
LogPluginManager: Mounting plugin AndroidDeviceProfileSelector
LogPluginManager: Mounting plugin AndroidMoviePlayer
LogPluginManager: Mounting plugin AndroidPermission
LogPluginManager: Mounting plugin AppleImageUtils
LogPluginManager: Mounting plugin AppleMoviePlayer
LogPluginManager: Mounting plugin ArchVisCharacter
LogPluginManager: Mounting plugin AssetTags
LogPluginManager: Mounting plugin AudioCapture
LogPluginManager: Mounting plugin AudioSynesthesia
LogPluginManager: Mounting plugin CableComponent
LogPluginManager: Mounting plugin ChunkDownloader
LogPluginManager: Mounting plugin CustomMeshComponent
LogPluginManager: Mounting plugin EditableMesh
LogPluginManager: Mounting plugin ExampleDeviceProfileSelector
LogPluginManager: Mounting plugin GoogleCloudMessaging
LogPluginManager: Mounting plugin GooglePAD
LogPluginManager: Mounting plugin IOSDeviceProfileSelector
LogPluginManager: Mounting plugin LinuxDeviceProfileSelector
LogPluginManager: Mounting plugin LocationServicesBPLibrary
LogPluginManager: Mounting plugin MobilePatchingUtils
LogPluginManager: Mounting plugin OpenXREyeTracker
LogPluginManager: Mounting plugin OpenXRHandTracking
LogPluginManager: Mounting plugin OpenXR
LogPluginManager: Mounting plugin PhysXVehicles
LogPluginManager: Mounting plugin Takes
LogPluginManager: Mounting plugin PostSplashScreen
LogPluginManager: Mounting plugin ProceduralMeshComponent
LogPluginManager: Mounting plugin PropertyAccessEditor
LogPluginManager: Mounting plugin RuntimePhysXCooking
LogPluginManager: Mounting plugin SignificanceManager
LogPluginManager: Mounting plugin SoundFields
LogPluginManager: Mounting plugin Synthesis
LogPluginManager: Mounting plugin WebMMoviePlayer
LogPluginManager: Mounting plugin WindowsMoviePlayer
LogPluginManager: Mounting plugin ContentBrowserAssetDataSource
LogPluginManager: Mounting plugin ContentBrowserClassDataSource
LogPluginManager: Mounting plugin ContentBrowserFileDataSource
LogPluginManager: Mounting plugin OnlineSubsystemGooglePlay
LogPluginManager: Mounting plugin OnlineSubsystemIOS
LogPluginManager: Mounting plugin OculusVR
LogPluginManager: Mounting plugin SteamVR
PixWinPlugin: PIX capture plugin failed to initialize! Check that the process is launched from PIX.
LogInit: Using libcurl 7.55.1-DEV
LogInit:  - built for x86_64-pc-win32
LogInit:  - supports SSL with OpenSSL/1.1.1
LogInit:  - supports HTTP deflate (compression) using libz 1.2.8
LogInit:  - other features:
LogInit:      CURL_VERSION_SSL
LogInit:      CURL_VERSION_LIBZ
LogInit:      CURL_VERSION_IPV6
LogInit:      CURL_VERSION_ASYNCHDNS
LogInit:      CURL_VERSION_LARGEFILE
LogInit:      CURL_VERSION_IDN
LogInit:  CurlRequestOptions (configurable via config and command line):
LogInit:  - bVerifyPeer = true  - Libcurl will verify peer certificate
LogInit:  - bUseHttpProxy = false  - Libcurl will NOT use HTTP proxy
LogInit:  - bDontReuseConnections = false  - Libcurl will reuse connections
LogInit:  - MaxHostConnections = 16  - Libcurl will limit the number of connections to a host
LogInit:  - LocalHostAddr = Default
LogInit:  - BufferSize = 65536
LogOnline: OSS: Creating online subsystem instance for: NULL
LogInit: WinSock: version 1.1 (2.2), MaxSocks=32767, MaxUdp=65467
LogOnline: OSS: TryLoadSubsystemAndSetDefault: Loaded subsystem for module [NULL]
LogOculusPluginWrapper: OculusPlugin initialized successfully
LogHMD: Failed initializing OVRPlugin 1.59.0
LogInit: Build: ++UE4+Release-4.27-CL-18319896
LogInit: Engine Version: 4.27.2-18319896+++UE4+Release-4.27
LogInit: Compatible Engine Version: 4.27.0-17155196+++UE4+Release-4.27
LogInit: Net CL: 17155196
LogInit: OS: Windows 10 (Release 2009) (), CPU: Intel(R) Core(TM) i7-9750HF CPU @ 2.60GHz, GPU: NVIDIA GeForce GTX 1660 Ti
LogInit: Compiled (64-bit): Nov 30 2021 07:12:08
LogInit: Compiled with Visual C++: 19.24.28315.00
LogInit: Build Configuration: Development
LogInit: Branch Name: ++UE4+Release-4.27
LogInit: Command Line: 
LogInit: Base Directory: C:/EpicGames/UE_4.27/Engine/Binaries/Win64/
LogInit: Allocator: TBB
LogInit: Installed Engine Build: 1
LogDevObjectVersion: Number of dev versions registered: 29
LogDevObjectVersion:   Dev-Blueprints (B0D832E4-1F89-4F0D-ACCF-7EB736FD4AA2): 10
LogDevObjectVersion:   Dev-Build (E1C64328-A22C-4D53-A36C-8E866417BD8C): 0
LogDevObjectVersion:   Dev-Core (375EC13C-06E4-48FB-B500-84F0262A717E): 4
LogDevObjectVersion:   Dev-Editor (E4B068ED-F494-42E9-A231-DA0B2E46BB41): 40
LogDevObjectVersion:   Dev-Framework (CFFC743F-43B0-4480-9391-14DF171D2073): 37
LogDevObjectVersion:   Dev-Mobile (B02B49B5-BB20-44E9-A304-32B752E40360): 3
LogDevObjectVersion:   Dev-Networking (A4E4105C-59A1-49B5-A7C5-40C4547EDFEE): 0
LogDevObjectVersion:   Dev-Online (39C831C9-5AE6-47DC-9A44-9C173E1C8E7C): 0
LogDevObjectVersion:   Dev-Physics (78F01B33-EBEA-4F98-B9B4-84EACCB95AA2): 14
LogDevObjectVersion:   Dev-Platform (6631380F-2D4D-43E0-8009-CF276956A95A): 0
LogDevObjectVersion:   Dev-Rendering (12F88B9F-8875-4AFC-A67C-D90C383ABD29): 45
LogDevObjectVersion:   Dev-Sequencer (7B5AE74C-D270-4C10-A958-57980B212A5A): 13
LogDevObjectVersion:   Dev-VR (D7296918-1DD6-4BDD-9DE2-64A83CC13884): 3
LogDevObjectVersion:   Dev-LoadTimes (C2A15278-BFE7-4AFE-6C17-90FF531DF755): 1
LogDevObjectVersion:   Private-Geometry (6EACA3D4-40EC-4CC1-B786-8BED09428FC5): 3
LogDevObjectVersion:   Dev-AnimPhys (29E575DD-E0A3-4627-9D10-D276232CDCEA): 17
LogDevObjectVersion:   Dev-Anim (AF43A65D-7FD3-4947-9873-3E8ED9C1BB05): 15
LogDevObjectVersion:   Dev-ReflectionCapture (6B266CEC-1EC7-4B8F-A30B-E4D90942FC07): 1
LogDevObjectVersion:   Dev-Automation (0DF73D61-A23F-47EA-B727-89E90C41499A): 1
LogDevObjectVersion:   FortniteMain (601D1886-AC64-4F84-AA16-D3DE0DEAC7D6): 47
LogDevObjectVersion:   FortniteRelease (E7086368-6B23-4C58-8439-1B7016265E91): 1
LogDevObjectVersion:   Dev-Enterprise (9DFFBCD6-494F-0158-E221-12823C92A888): 10
LogDevObjectVersion:   Dev-Niagara (F2AED0AC-9AFE-416F-8664-AA7FFA26D6FC): 1
LogDevObjectVersion:   Dev-Destruction (174F1F0B-B4C6-45A5-B13F-2EE8D0FB917D): 10
LogDevObjectVersion:   Dev-Physics-Ext (35F94A83-E258-406C-A318-09F59610247C): 41
LogDevObjectVersion:   Dev-PhysicsMaterial-Chaos (B68FC16E-8B1B-42E2-B453-215C058844FE): 1
LogDevObjectVersion:   Dev-CineCamera (B2E18506-4273-CFC2-A54E-F4BB758BBA07): 1
LogDevObjectVersion:   Dev-VirtualProduction (64F58936-FD1B-42BA-BA96-7289D5D0FA4E): 1
LogDevObjectVersion:   Dev-MediaFramework (6F0ED827-A609-4895-9C91-998D90180EA4): 2
LogInit: Presizing for max 25165824 objects, including 0 objects not considered by GC, pre-allocating 0 bytes for permanent pool.
LogConfig: Applying CVar settings from Section [/Script/Engine.StreamingSettings] File [C:/EpicGames/ChattingClient/ChattingClient/Saved/Config/Windows/Engine.ini]
LogConfig: Setting CVar [[s.MinBulkDataSizeForAsyncLoading:131072]]
LogConfig: Setting CVar [[s.AsyncLoadingThreadEnabled:0]]
LogConfig: Setting CVar [[s.EventDrivenLoaderEnabled:1]]
LogConfig: Setting CVar [[s.WarnIfTimeLimitExceeded:0]]
LogConfig: Setting CVar [[s.TimeLimitExceededMultiplier:1.5]]
LogConfig: Setting CVar [[s.TimeLimitExceededMinTime:0.005]]
LogConfig: Setting CVar [[s.UseBackgroundLevelStreaming:1]]
LogConfig: Setting CVar [[s.PriorityAsyncLoadingExtraTime:15.0]]
LogConfig: Setting CVar [[s.LevelStreamingActorsUpdateTimeLimit:5.0]]
LogConfig: Setting CVar [[s.PriorityLevelStreamingActorsUpdateExtraTime:5.0]]
LogConfig: Setting CVar [[s.LevelStreamingComponentsRegistrationGranularity:10]]
LogConfig: Setting CVar [[s.UnregisterComponentsTimeLimit:1.0]]
LogConfig: Setting CVar [[s.LevelStreamingComponentsUnregistrationGranularity:5]]
LogConfig: Setting CVar [[s.FlushStreamingOnExit:1]]
LogInit: Object subsystem initialized
LogConfig: Setting CVar [[con.DebugEarlyDefault:1]]
LogConfig: Setting CVar [[r.setres:1280x720]]
[2022.03.07-15.10.19:597][  0]LogConfig: Setting CVar [[r.VSync:0]]
[2022.03.07-15.10.19:597][  0]LogConfig: Setting CVar [[r.RHICmdBypass:0]]
[2022.03.07-15.10.19:597][  0]LogConfig: Applying CVar settings from Section [/Script/Engine.RendererSettings] File [C:/EpicGames/ChattingClient/ChattingClient/Saved/Config/Windows/Engine.ini]
[2022.03.07-15.10.19:597][  0]LogConfig: Setting CVar [[r.GPUCrashDebugging:0]]
[2022.03.07-15.10.19:597][  0]LogConfig: Applying CVar settings from Section [/Script/Engine.RendererOverrideSettings] File [C:/EpicGames/ChattingClient/ChattingClient/Saved/Config/Windows/Engine.ini]
[2022.03.07-15.10.19:597][  0]LogConfig: Applying CVar settings from Section [/Script/Engine.StreamingSettings] File [C:/EpicGames/ChattingClient/ChattingClient/Saved/Config/Windows/Engine.ini]
[2022.03.07-15.10.19:597][  0]LogConfig: Setting CVar [[s.MinBulkDataSizeForAsyncLoading:131072]]
[2022.03.07-15.10.19:597][  0]LogConfig: Setting CVar [[s.AsyncLoadingThreadEnabled:0]]
[2022.03.07-15.10.19:597][  0]LogConfig: Setting CVar [[s.EventDrivenLoaderEnabled:1]]
[2022.03.07-15.10.19:597][  0]LogConfig: Setting CVar [[s.WarnIfTimeLimitExceeded:0]]
[2022.03.07-15.10.19:597][  0]LogConfig: Setting CVar [[s.TimeLimitExceededMultiplier:1.5]]
[2022.03.07-15.10.19:597][  0]LogConfig: Setting CVar [[s.TimeLimitExceededMinTime:0.005]]
[2022.03.07-15.10.19:597][  0]LogConfig: Setting CVar [[s.UseBackgroundLevelStreaming:1]]
[2022.03.07-15.10.19:597][  0]LogConfig: Setting CVar [[s.PriorityAsyncLoadingExtraTime:15.0]]
[2022.03.07-15.10.19:597][  0]LogConfig: Setting CVar [[s.LevelStreamingActorsUpdateTimeLimit:5.0]]
[2022.03.07-15.10.19:597][  0]LogConfig: Setting CVar [[s.PriorityLevelStreamingActorsUpdateExtraTime:5.0]]
[2022.03.07-15.10.19:597][  0]LogConfig: Setting CVar [[s.LevelStreamingComponentsRegistrationGranularity:10]]
[2022.03.07-15.10.19:597][  0]LogConfig: Setting CVar [[s.UnregisterComponentsTimeLimit:1.0]]
[2022.03.07-15.10.19:597][  0]LogConfig: Setting CVar [[s.LevelStreamingComponentsUnregistrationGranularity:5]]
[2022.03.07-15.10.19:597][  0]LogConfig: Setting CVar [[s.FlushStreamingOnExit:1]]
[2022.03.07-15.10.19:597][  0]LogConfig: Applying CVar settings from Section [/Script/Engine.GarbageCollectionSettings] File [C:/EpicGames/ChattingClient/ChattingClient/Saved/Config/Windows/Engine.ini]
[2022.03.07-15.10.19:597][  0]LogConfig: Setting CVar [[gc.MaxObjectsNotConsideredByGC:1]]
[2022.03.07-15.10.19:597][  0]LogConfig: Setting CVar [[gc.SizeOfPermanentObjectPool:0]]
[2022.03.07-15.10.19:597][  0]LogConfig: Setting CVar [[gc.FlushStreamingOnGC:0]]
[2022.03.07-15.10.19:597][  0]LogConfig: Setting CVar [[gc.NumRetriesBeforeForcingGC:10]]
[2022.03.07-15.10.19:597][  0]LogConfig: Setting CVar [[gc.AllowParallelGC:1]]
[2022.03.07-15.10.19:597][  0]LogConfig: Setting CVar [[gc.TimeBetweenPurgingPendingKillObjects:61.1]]
[2022.03.07-15.10.19:597][  0]LogConfig: Setting CVar [[gc.MaxObjectsInEditor:25165824]]
[2022.03.07-15.10.19:597][  0]LogConfig: Setting CVar [[gc.IncrementalBeginDestroyEnabled:1]]
[2022.03.07-15.10.19:597][  0]LogConfig: Setting CVar [[gc.CreateGCClusters:1]]
[2022.03.07-15.10.19:597][  0]LogConfig: Setting CVar [[gc.MinGCClusterSize:5]]
[2022.03.07-15.10.19:597][  0]LogConfig: Setting CVar [[gc.ActorClusteringEnabled:0]]
[2022.03.07-15.10.19:597][  0]LogConfig: Setting CVar [[gc.BlueprintClusteringEnabled:0]]
[2022.03.07-15.10.19:597][  0]LogConfig: Setting CVar [[gc.UseDisregardForGCOnDedicatedServers:0]]
[2022.03.07-15.10.19:597][  0]LogConfig: Setting CVar [[gc.MultithreadedDestructionEnabled:1]]
[2022.03.07-15.10.19:597][  0]LogConfig: Applying CVar settings from Section [/Script/Engine.NetworkSettings] File [C:/EpicGames/ChattingClient/ChattingClient/Saved/Config/Windows/Engine.ini]
[2022.03.07-15.10.19:597][  0]LogConfig: Applying CVar settings from Section [/Script/UnrealEd.CookerSettings] File [C:/EpicGames/ChattingClient/ChattingClient/Saved/Config/Windows/Engine.ini]
[2022.03.07-15.10.19:611][  0]LogConfig: Applying CVar settings from Section [ViewDistanceQuality@3] File [C:/EpicGames/ChattingClient/ChattingClient/Saved/Config/Windows/Scalability.ini]
[2022.03.07-15.10.19:611][  0]LogConfig: Setting CVar [[r.SkeletalMeshLODBias:0]]
[2022.03.07-15.10.19:611][  0]LogConfig: Setting CVar [[r.ViewDistanceScale:1.0]]
[2022.03.07-15.10.19:611][  0]LogConfig: Applying CVar settings from Section [AntiAliasingQuality@3] File [C:/EpicGames/ChattingClient/ChattingClient/Saved/Config/Windows/Scalability.ini]
[2022.03.07-15.10.19:611][  0]LogConfig: Setting CVar [[r.PostProcessAAQuality:4]]
[2022.03.07-15.10.19:611][  0]LogConfig: Applying CVar settings from Section [ShadowQuality@3] File [C:/EpicGames/ChattingClient/ChattingClient/Saved/Config/Windows/Scalability.ini]
[2022.03.07-15.10.19:611][  0]LogConfig: Setting CVar [[r.LightFunctionQuality:1]]
[2022.03.07-15.10.19:611][  0]LogConfig: Setting CVar [[r.ShadowQuality:5]]
[2022.03.07-15.10.19:611][  0]LogConfig: Setting CVar [[r.Shadow.CSM.MaxCascades:10]]
[2022.03.07-15.10.19:611][  0]LogConfig: Setting CVar [[r.Shadow.MaxResolution:2048]]
[2022.03.07-15.10.19:611][  0]LogConfig: Setting CVar [[r.Shadow.MaxCSMResolution:2048]]
[2022.03.07-15.10.19:611][  0]LogConfig: Setting CVar [[r.Shadow.RadiusThreshold:0.01]]
[2022.03.07-15.10.19:611][  0]LogConfig: Setting CVar [[r.Shadow.DistanceScale:1.0]]
[2022.03.07-15.10.19:611][  0]LogConfig: Setting CVar [[r.Shadow.CSM.TransitionScale:1.0]]
[2022.03.07-15.10.19:611][  0]LogConfig: Setting CVar [[r.Shadow.PreShadowResolutionFactor:1.0]]
[2022.03.07-15.10.19:611][  0]LogConfig: Setting CVar [[r.DistanceFieldShadowing:1]]
[2022.03.07-15.10.19:611][  0]LogConfig: Setting CVar [[r.DistanceFieldAO:1]]
[2022.03.07-15.10.19:611][  0]LogConfig: Setting CVar [[r.AOQuality:2]]
[2022.03.07-15.10.19:611][  0]LogConfig: Setting CVar [[r.VolumetricFog:1]]
[2022.03.07-15.10.19:611][  0]LogConfig: Setting CVar [[r.VolumetricFog.GridPixelSize:8]]
[2022.03.07-15.10.19:611][  0]LogConfig: Setting CVar [[r.VolumetricFog.GridSizeZ:128]]
[2022.03.07-15.10.19:611][  0]LogConfig: Setting CVar [[r.VolumetricFog.HistoryMissSupersampleCount:4]]
[2022.03.07-15.10.19:611][  0]LogConfig: Setting CVar [[r.LightMaxDrawDistanceScale:1]]
[2022.03.07-15.10.19:611][  0]LogConfig: Setting CVar [[r.CapsuleShadows:1]]
[2022.03.07-15.10.19:611][  0]LogConfig: Applying CVar settings from Section [PostProcessQuality@3] File [C:/EpicGames/ChattingClient/ChattingClient/Saved/Config/Windows/Scalability.ini]
[2022.03.07-15.10.19:611][  0]LogConfig: Setting CVar [[r.MotionBlurQuality:4]]
[2022.03.07-15.10.19:611][  0]LogConfig: Setting CVar [[r.AmbientOcclusionMipLevelFactor:0.4]]
[2022.03.07-15.10.19:611][  0]LogConfig: Setting CVar [[r.AmbientOcclusionMaxQuality:100]]
[2022.03.07-15.10.19:611][  0]LogConfig: Setting CVar [[r.AmbientOcclusionLevels:-1]]
[2022.03.07-15.10.19:611][  0]LogConfig: Setting CVar [[r.AmbientOcclusionRadiusScale:1.0]]
[2022.03.07-15.10.19:611][  0]LogConfig: Setting CVar [[r.DepthOfFieldQuality:2]]
[2022.03.07-15.10.19:611][  0]LogConfig: Setting CVar [[r.RenderTargetPoolMin:400]]
[2022.03.07-15.10.19:611][  0]LogConfig: Setting CVar [[r.LensFlareQuality:2]]
[2022.03.07-15.10.19:611][  0]LogConfig: Setting CVar [[r.SceneColorFringeQuality:1]]
[2022.03.07-15.10.19:611][  0]LogConfig: Setting CVar [[r.EyeAdaptationQuality:2]]
[2022.03.07-15.10.19:612][  0]LogConfig: Setting CVar [[r.BloomQuality:5]]
[2022.03.07-15.10.19:612][  0]LogConfig: Setting CVar [[r.FastBlurThreshold:100]]
[2022.03.07-15.10.19:612][  0]LogConfig: Setting CVar [[r.Upscale.Quality:3]]
[2022.03.07-15.10.19:612][  0]LogConfig: Setting CVar [[r.Tonemapper.GrainQuantization:1]]
[2022.03.07-15.10.19:612][  0]LogConfig: Setting CVar [[r.LightShaftQuality:1]]
[2022.03.07-15.10.19:612][  0]LogConfig: Setting CVar [[r.Filter.SizeScale:1]]
[2022.03.07-15.10.19:612][  0]LogConfig: Setting CVar [[r.Tonemapper.Quality:5]]
[2022.03.07-15.10.19:612][  0]LogConfig: Setting CVar [[r.DOF.Gather.AccumulatorQuality:1        ; higher gathering accumulator quality]]
[2022.03.07-15.10.19:612][  0]LogConfig: Setting CVar [[r.DOF.Gather.PostfilterMethod:1          ; Median3x3 postfilering method]]
[2022.03.07-15.10.19:612][  0]LogConfig: Setting CVar [[r.DOF.Gather.EnableBokehSettings:0       ; no bokeh simulation when gathering]]
[2022.03.07-15.10.19:612][  0]LogConfig: Setting CVar [[r.DOF.Gather.RingCount:4                 ; medium number of samples when gathering]]
[2022.03.07-15.10.19:612][  0]LogConfig: Setting CVar [[r.DOF.Scatter.ForegroundCompositing:1    ; additive foreground scattering]]
[2022.03.07-15.10.19:612][  0]LogConfig: Setting CVar [[r.DOF.Scatter.BackgroundCompositing:2    ; additive background scattering]]
[2022.03.07-15.10.19:612][  0]LogConfig: Setting CVar [[r.DOF.Scatter.EnableBokehSettings:1      ; bokeh simulation when scattering]]
[2022.03.07-15.10.19:612][  0]LogConfig: Setting CVar [[r.DOF.Scatter.MaxSpriteRatio:0.1         ; only a maximum of 10% of scattered bokeh]]
[2022.03.07-15.10.19:612][  0]LogConfig: Setting CVar [[r.DOF.Recombine.Quality:1                ; cheap slight out of focus]]
[2022.03.07-15.10.19:612][  0]LogConfig: Setting CVar [[r.DOF.Recombine.EnableBokehSettings:0    ; no bokeh simulation on slight out of focus]]
[2022.03.07-15.10.19:612][  0]LogConfig: Setting CVar [[r.DOF.TemporalAAQuality:1                ; more stable temporal accumulation]]
[2022.03.07-15.10.19:612][  0]LogConfig: Setting CVar [[r.DOF.Kernel.MaxForegroundRadius:0.025]]
[2022.03.07-15.10.19:612][  0]LogConfig: Setting CVar [[r.DOF.Kernel.MaxBackgroundRadius:0.025]]
[2022.03.07-15.10.19:612][  0]LogConfig: Applying CVar settings from Section [TextureQuality@3] File [C:/EpicGames/ChattingClient/ChattingClient/Saved/Config/Windows/Scalability.ini]
[2022.03.07-15.10.19:612][  0]LogConfig: Setting CVar [[r.Streaming.MipBias:0]]
[2022.03.07-15.10.19:612][  0]LogConfig: Setting CVar [[r.Streaming.AmortizeCPUToGPUCopy:0]]
[2022.03.07-15.10.19:612][  0]LogConfig: Setting CVar [[r.Streaming.MaxNumTexturesToStreamPerFrame:0]]
[2022.03.07-15.10.19:612][  0]LogConfig: Setting CVar [[r.Streaming.Boost:1]]
[2022.03.07-15.10.19:612][  0]LogConfig: Setting CVar [[r.MaxAnisotropy:8]]
[2022.03.07-15.10.19:612][  0]LogConfig: Setting CVar [[r.VT.MaxAnisotropy:8]]
[2022.03.07-15.10.19:612][  0]LogConfig: Setting CVar [[r.Streaming.LimitPoolSizeToVRAM:0]]
[2022.03.07-15.10.19:612][  0]LogConfig: Setting CVar [[r.Streaming.PoolSize:1000]]
[2022.03.07-15.10.19:612][  0]LogConfig: Setting CVar [[r.Streaming.MaxEffectiveScreenSize:0]]
[2022.03.07-15.10.19:612][  0]LogConfig: Applying CVar settings from Section [EffectsQuality@3] File [C:/EpicGames/ChattingClient/ChattingClient/Saved/Config/Windows/Scalability.ini]
[2022.03.07-15.10.19:612][  0]LogConfig: Setting CVar [[r.TranslucencyLightingVolumeDim:64]]
[2022.03.07-15.10.19:612][  0]LogConfig: Setting CVar [[r.RefractionQuality:2]]
[2022.03.07-15.10.19:612][  0]LogConfig: Setting CVar [[r.SSR.Quality:3]]
[2022.03.07-15.10.19:612][  0]LogConfig: Setting CVar [[r.SSR.HalfResSceneColor:0]]
[2022.03.07-15.10.19:612][  0]LogConfig: Setting CVar [[r.SceneColorFormat:4]]
[2022.03.07-15.10.19:612][  0]LogConfig: Setting CVar [[r.DetailMode:2]]
[2022.03.07-15.10.19:612][  0]LogConfig: Setting CVar [[r.TranslucencyVolumeBlur:1]]
[2022.03.07-15.10.19:612][  0]LogConfig: Setting CVar [[r.MaterialQualityLevel:1 ; High quality]]
[2022.03.07-15.10.19:612][  0]LogConfig: Setting CVar [[r.AnisotropicMaterials:1]]
[2022.03.07-15.10.19:612][  0]LogConfig: Setting CVar [[r.SSS.Scale:1]]
[2022.03.07-15.10.19:612][  0]LogConfig: Setting CVar [[r.SSS.SampleSet:2]]
[2022.03.07-15.10.19:612][  0]LogConfig: Setting CVar [[r.SSS.Quality:1]]
[2022.03.07-15.10.19:612][  0]LogConfig: Setting CVar [[r.SSS.HalfRes:0]]
[2022.03.07-15.10.19:612][  0]LogConfig: Setting CVar [[r.SSGI.Quality:3]]
[2022.03.07-15.10.19:612][  0]LogConfig: Setting CVar [[r.EmitterSpawnRateScale:1.0]]
[2022.03.07-15.10.19:612][  0]LogConfig: Setting CVar [[r.ParticleLightQuality:2]]
[2022.03.07-15.10.19:612][  0]LogConfig: Setting CVar [[r.SkyAtmosphere.AerialPerspectiveLUT.FastApplyOnOpaque:1 ; Always have FastSkyLUT 1 in this case to avoid wrong sky]]
[2022.03.07-15.10.19:612][  0]LogConfig: Setting CVar [[r.SkyAtmosphere.AerialPerspectiveLUT.SampleCountMaxPerSlice:4]]
[2022.03.07-15.10.19:612][  0]LogConfig: Setting CVar [[r.SkyAtmosphere.AerialPerspectiveLUT.DepthResolution:16.0]]
[2022.03.07-15.10.19:612][  0]LogConfig: Setting CVar [[r.SkyAtmosphere.FastSkyLUT:1]]
[2022.03.07-15.10.19:612][  0]LogConfig: Setting CVar [[r.SkyAtmosphere.FastSkyLUT.SampleCountMin:4.0]]
[2022.03.07-15.10.19:612][  0]LogConfig: Setting CVar [[r.SkyAtmosphere.FastSkyLUT.SampleCountMax:128.0]]
[2022.03.07-15.10.19:612][  0]LogConfig: Setting CVar [[r.SkyAtmosphere.SampleCountMin:4.0]]
[2022.03.07-15.10.19:612][  0]LogConfig: Setting CVar [[r.SkyAtmosphere.SampleCountMax:128.0]]
[2022.03.07-15.10.19:612][  0]LogConfig: Setting CVar [[r.SkyAtmosphere.TransmittanceLUT.UseSmallFormat:0]]
[2022.03.07-15.10.19:612][  0]LogConfig: Setting CVar [[r.SkyAtmosphere.TransmittanceLUT.SampleCount:10.0]]
[2022.03.07-15.10.19:612][  0]LogConfig: Setting CVar [[r.SkyAtmosphere.MultiScatteringLUT.SampleCount:15.0]]
[2022.03.07-15.10.19:612][  0]LogConfig: Setting CVar [[r.SkyLight.RealTimeReflectionCapture:1]]
[2022.03.07-15.10.19:612][  0]LogConfig: Applying CVar settings from Section [FoliageQuality@3] File [C:/EpicGames/ChattingClient/ChattingClient/Saved/Config/Windows/Scalability.ini]
[2022.03.07-15.10.19:612][  0]LogConfig: Setting CVar [[foliage.DensityScale:1.0]]
[2022.03.07-15.10.19:612][  0]LogConfig: Setting CVar [[grass.DensityScale:1.0]]
[2022.03.07-15.10.19:612][  0]LogConfig: Applying CVar settings from Section [ShadingQuality@3] File [C:/EpicGames/ChattingClient/ChattingClient/Saved/Config/Windows/Scalability.ini]
[2022.03.07-15.10.19:612][  0]LogConfig: Setting CVar [[r.HairStrands.SkyLighting.IntegrationType:2]]
[2022.03.07-15.10.19:612][  0]LogConfig: Setting CVar [[r.HairStrands.SkyAO.SampleCount:4]]
[2022.03.07-15.10.19:612][  0]LogConfig: Setting CVar [[r.HairStrands.Visibility.MSAA.SamplePerPixel:4]]
[2022.03.07-15.10.19:612][  0]LogInit: Selected Device Profile: [Windows]
[2022.03.07-15.10.19:612][  0]LogInit: Applying CVar settings loaded from the selected device profile: [Windows]
[2022.03.07-15.10.19:612][  0]LogHAL: Display: Platform has ~ 16 GB [17096134656 / 17179869184 / 16], which maps to Larger [LargestMinGB=32, LargerMinGB=12, DefaultMinGB=8, SmallerMinGB=6, SmallestMinGB=0)
[2022.03.07-15.10.19:612][  0]LogInit: Going up to parent DeviceProfile []
[2022.03.07-15.10.19:612][  0]LogConfig: Applying CVar settings from Section [ViewDistanceQuality@3] File [C:/EpicGames/ChattingClient/ChattingClient/Saved/Config/Windows/Scalability.ini]
[2022.03.07-15.10.19:612][  0]LogConfig: Setting CVar [[r.SkeletalMeshLODBias:0]]
[2022.03.07-15.10.19:612][  0]LogConfig: Setting CVar [[r.ViewDistanceScale:1.0]]
[2022.03.07-15.10.19:612][  0]LogConfig: Applying CVar settings from Section [AntiAliasingQuality@3] File [C:/EpicGames/ChattingClient/ChattingClient/Saved/Config/Windows/Scalability.ini]
[2022.03.07-15.10.19:612][  0]LogConfig: Setting CVar [[r.PostProcessAAQuality:4]]
[2022.03.07-15.10.19:612][  0]LogConfig: Applying CVar settings from Section [ShadowQuality@3] File [C:/EpicGames/ChattingClient/ChattingClient/Saved/Config/Windows/Scalability.ini]
[2022.03.07-15.10.19:612][  0]LogConfig: Setting CVar [[r.LightFunctionQuality:1]]
[2022.03.07-15.10.19:612][  0]LogConfig: Setting CVar [[r.ShadowQuality:5]]
[2022.03.07-15.10.19:612][  0]LogConfig: Setting CVar [[r.Shadow.CSM.MaxCascades:10]]
[2022.03.07-15.10.19:612][  0]LogConfig: Setting CVar [[r.Shadow.MaxResolution:2048]]
[2022.03.07-15.10.19:612][  0]LogConfig: Setting CVar [[r.Shadow.MaxCSMResolution:2048]]
[2022.03.07-15.10.19:612][  0]LogConfig: Setting CVar [[r.Shadow.RadiusThreshold:0.01]]
[2022.03.07-15.10.19:612][  0]LogConfig: Setting CVar [[r.Shadow.DistanceScale:1.0]]
[2022.03.07-15.10.19:612][  0]LogConfig: Setting CVar [[r.Shadow.CSM.TransitionScale:1.0]]
[2022.03.07-15.10.19:612][  0]LogConfig: Setting CVar [[r.Shadow.PreShadowResolutionFactor:1.0]]
[2022.03.07-15.10.19:612][  0]LogConfig: Setting CVar [[r.DistanceFieldShadowing:1]]
[2022.03.07-15.10.19:612][  0]LogConfig: Setting CVar [[r.DistanceFieldAO:1]]
[2022.03.07-15.10.19:612][  0]LogConfig: Setting CVar [[r.AOQuality:2]]
[2022.03.07-15.10.19:612][  0]LogConfig: Setting CVar [[r.VolumetricFog:1]]
[2022.03.07-15.10.19:613][  0]LogConfig: Setting CVar [[r.VolumetricFog.GridPixelSize:8]]
[2022.03.07-15.10.19:613][  0]LogConfig: Setting CVar [[r.VolumetricFog.GridSizeZ:128]]
[2022.03.07-15.10.19:613][  0]LogConfig: Setting CVar [[r.VolumetricFog.HistoryMissSupersampleCount:4]]
[2022.03.07-15.10.19:613][  0]LogConfig: Setting CVar [[r.LightMaxDrawDistanceScale:1]]
[2022.03.07-15.10.19:613][  0]LogConfig: Setting CVar [[r.CapsuleShadows:1]]
[2022.03.07-15.10.19:613][  0]LogConfig: Applying CVar settings from Section [PostProcessQuality@3] File [C:/EpicGames/ChattingClient/ChattingClient/Saved/Config/Windows/Scalability.ini]
[2022.03.07-15.10.19:613][  0]LogConfig: Setting CVar [[r.MotionBlurQuality:4]]
[2022.03.07-15.10.19:613][  0]LogConfig: Setting CVar [[r.AmbientOcclusionMipLevelFactor:0.4]]
[2022.03.07-15.10.19:613][  0]LogConfig: Setting CVar [[r.AmbientOcclusionMaxQuality:100]]
[2022.03.07-15.10.19:613][  0]LogConfig: Setting CVar [[r.AmbientOcclusionLevels:-1]]
[2022.03.07-15.10.19:613][  0]LogConfig: Setting CVar [[r.AmbientOcclusionRadiusScale:1.0]]
[2022.03.07-15.10.19:613][  0]LogConfig: Setting CVar [[r.DepthOfFieldQuality:2]]
[2022.03.07-15.10.19:613][  0]LogConfig: Setting CVar [[r.RenderTargetPoolMin:400]]
[2022.03.07-15.10.19:613][  0]LogConfig: Setting CVar [[r.LensFlareQuality:2]]
[2022.03.07-15.10.19:613][  0]LogConfig: Setting CVar [[r.SceneColorFringeQuality:1]]
[2022.03.07-15.10.19:613][  0]LogConfig: Setting CVar [[r.EyeAdaptationQuality:2]]
[2022.03.07-15.10.19:613][  0]LogConfig: Setting CVar [[r.BloomQuality:5]]
[2022.03.07-15.10.19:613][  0]LogConfig: Setting CVar [[r.FastBlurThreshold:100]]
[2022.03.07-15.10.19:613][  0]LogConfig: Setting CVar [[r.Upscale.Quality:3]]
[2022.03.07-15.10.19:613][  0]LogConfig: Setting CVar [[r.Tonemapper.GrainQuantization:1]]
[2022.03.07-15.10.19:613][  0]LogConfig: Setting CVar [[r.LightShaftQuality:1]]
[2022.03.07-15.10.19:613][  0]LogConfig: Setting CVar [[r.Filter.SizeScale:1]]
[2022.03.07-15.10.19:613][  0]LogConfig: Setting CVar [[r.Tonemapper.Quality:5]]
[2022.03.07-15.10.19:613][  0]LogConfig: Setting CVar [[r.DOF.Gather.AccumulatorQuality:1        ; higher gathering accumulator quality]]
[2022.03.07-15.10.19:613][  0]LogConfig: Setting CVar [[r.DOF.Gather.PostfilterMethod:1          ; Median3x3 postfilering method]]
[2022.03.07-15.10.19:613][  0]LogConfig: Setting CVar [[r.DOF.Gather.EnableBokehSettings:0       ; no bokeh simulation when gathering]]
[2022.03.07-15.10.19:613][  0]LogConfig: Setting CVar [[r.DOF.Gather.RingCount:4                 ; medium number of samples when gathering]]
[2022.03.07-15.10.19:613][  0]LogConfig: Setting CVar [[r.DOF.Scatter.ForegroundCompositing:1    ; additive foreground scattering]]
[2022.03.07-15.10.19:613][  0]LogConfig: Setting CVar [[r.DOF.Scatter.BackgroundCompositing:2    ; additive background scattering]]
[2022.03.07-15.10.19:613][  0]LogConfig: Setting CVar [[r.DOF.Scatter.EnableBokehSettings:1      ; bokeh simulation when scattering]]
[2022.03.07-15.10.19:613][  0]LogConfig: Setting CVar [[r.DOF.Scatter.MaxSpriteRatio:0.1         ; only a maximum of 10% of scattered bokeh]]
[2022.03.07-15.10.19:613][  0]LogConfig: Setting CVar [[r.DOF.Recombine.Quality:1                ; cheap slight out of focus]]
[2022.03.07-15.10.19:613][  0]LogConfig: Setting CVar [[r.DOF.Recombine.EnableBokehSettings:0    ; no bokeh simulation on slight out of focus]]
[2022.03.07-15.10.19:613][  0]LogConfig: Setting CVar [[r.DOF.TemporalAAQuality:1                ; more stable temporal accumulation]]
[2022.03.07-15.10.19:613][  0]LogConfig: Setting CVar [[r.DOF.Kernel.MaxForegroundRadius:0.025]]
[2022.03.07-15.10.19:613][  0]LogConfig: Setting CVar [[r.DOF.Kernel.MaxBackgroundRadius:0.025]]
[2022.03.07-15.10.19:613][  0]LogConfig: Applying CVar settings from Section [TextureQuality@3] File [C:/EpicGames/ChattingClient/ChattingClient/Saved/Config/Windows/Scalability.ini]
[2022.03.07-15.10.19:613][  0]LogConfig: Setting CVar [[r.Streaming.MipBias:0]]
[2022.03.07-15.10.19:613][  0]LogConfig: Setting CVar [[r.Streaming.AmortizeCPUToGPUCopy:0]]
[2022.03.07-15.10.19:613][  0]LogConfig: Setting CVar [[r.Streaming.MaxNumTexturesToStreamPerFrame:0]]
[2022.03.07-15.10.19:613][  0]LogConfig: Setting CVar [[r.Streaming.Boost:1]]
[2022.03.07-15.10.19:613][  0]LogConfig: Setting CVar [[r.MaxAnisotropy:8]]
[2022.03.07-15.10.19:613][  0]LogConfig: Setting CVar [[r.VT.MaxAnisotropy:8]]
[2022.03.07-15.10.19:613][  0]LogConfig: Setting CVar [[r.Streaming.LimitPoolSizeToVRAM:0]]
[2022.03.07-15.10.19:613][  0]LogConfig: Setting CVar [[r.Streaming.PoolSize:1000]]
[2022.03.07-15.10.19:613][  0]LogConfig: Setting CVar [[r.Streaming.MaxEffectiveScreenSize:0]]
[2022.03.07-15.10.19:613][  0]LogConfig: Applying CVar settings from Section [EffectsQuality@3] File [C:/EpicGames/ChattingClient/ChattingClient/Saved/Config/Windows/Scalability.ini]
[2022.03.07-15.10.19:613][  0]LogConfig: Setting CVar [[r.TranslucencyLightingVolumeDim:64]]
[2022.03.07-15.10.19:613][  0]LogConfig: Setting CVar [[r.RefractionQuality:2]]
[2022.03.07-15.10.19:613][  0]LogConfig: Setting CVar [[r.SSR.Quality:3]]
[2022.03.07-15.10.19:613][  0]LogConfig: Setting CVar [[r.SSR.HalfResSceneColor:0]]
[2022.03.07-15.10.19:613][  0]LogConfig: Setting CVar [[r.SceneColorFormat:4]]
[2022.03.07-15.10.19:613][  0]LogConfig: Setting CVar [[r.DetailMode:2]]
[2022.03.07-15.10.19:613][  0]LogConfig: Setting CVar [[r.TranslucencyVolumeBlur:1]]
[2022.03.07-15.10.19:613][  0]LogConfig: Setting CVar [[r.MaterialQualityLevel:1 ; High quality]]
[2022.03.07-15.10.19:613][  0]LogConfig: Setting CVar [[r.AnisotropicMaterials:1]]
[2022.03.07-15.10.19:613][  0]LogConfig: Setting CVar [[r.SSS.Scale:1]]
[2022.03.07-15.10.19:613][  0]LogConfig: Setting CVar [[r.SSS.SampleSet:2]]
[2022.03.07-15.10.19:613][  0]LogConfig: Setting CVar [[r.SSS.Quality:1]]
[2022.03.07-15.10.19:613][  0]LogConfig: Setting CVar [[r.SSS.HalfRes:0]]
[2022.03.07-15.10.19:613][  0]LogConfig: Setting CVar [[r.SSGI.Quality:3]]
[2022.03.07-15.10.19:613][  0]LogConfig: Setting CVar [[r.EmitterSpawnRateScale:1.0]]
[2022.03.07-15.10.19:613][  0]LogConfig: Setting CVar [[r.ParticleLightQuality:2]]
[2022.03.07-15.10.19:613][  0]LogConfig: Setting CVar [[r.SkyAtmosphere.AerialPerspectiveLUT.FastApplyOnOpaque:1 ; Always have FastSkyLUT 1 in this case to avoid wrong sky]]
[2022.03.07-15.10.19:613][  0]LogConfig: Setting CVar [[r.SkyAtmosphere.AerialPerspectiveLUT.SampleCountMaxPerSlice:4]]
[2022.03.07-15.10.19:613][  0]LogConfig: Setting CVar [[r.SkyAtmosphere.AerialPerspectiveLUT.DepthResolution:16.0]]
[2022.03.07-15.10.19:613][  0]LogConfig: Setting CVar [[r.SkyAtmosphere.FastSkyLUT:1]]
[2022.03.07-15.10.19:613][  0]LogConfig: Setting CVar [[r.SkyAtmosphere.FastSkyLUT.SampleCountMin:4.0]]
[2022.03.07-15.10.19:613][  0]LogConfig: Setting CVar [[r.SkyAtmosphere.FastSkyLUT.SampleCountMax:128.0]]
[2022.03.07-15.10.19:613][  0]LogConfig: Setting CVar [[r.SkyAtmosphere.SampleCountMin:4.0]]
[2022.03.07-15.10.19:613][  0]LogConfig: Setting CVar [[r.SkyAtmosphere.SampleCountMax:128.0]]
[2022.03.07-15.10.19:613][  0]LogConfig: Setting CVar [[r.SkyAtmosphere.TransmittanceLUT.UseSmallFormat:0]]
[2022.03.07-15.10.19:613][  0]LogConfig: Setting CVar [[r.SkyAtmosphere.TransmittanceLUT.SampleCount:10.0]]
[2022.03.07-15.10.19:613][  0]LogConfig: Setting CVar [[r.SkyAtmosphere.MultiScatteringLUT.SampleCount:15.0]]
[2022.03.07-15.10.19:613][  0]LogConfig: Setting CVar [[r.SkyLight.RealTimeReflectionCapture:1]]
[2022.03.07-15.10.19:613][  0]LogConfig: Applying CVar settings from Section [FoliageQuality@3] File [C:/EpicGames/ChattingClient/ChattingClient/Saved/Config/Windows/Scalability.ini]
[2022.03.07-15.10.19:613][  0]LogConfig: Setting CVar [[foliage.DensityScale:1.0]]
[2022.03.07-15.10.19:613][  0]LogConfig: Setting CVar [[grass.DensityScale:1.0]]
[2022.03.07-15.10.19:613][  0]LogConfig: Applying CVar settings from Section [ShadingQuality@3] File [C:/EpicGames/ChattingClient/ChattingClient/Saved/Config/Windows/Scalability.ini]
[2022.03.07-15.10.19:613][  0]LogConfig: Setting CVar [[r.HairStrands.SkyLighting.IntegrationType:2]]
[2022.03.07-15.10.19:613][  0]LogConfig: Setting CVar [[r.HairStrands.SkyAO.SampleCount:4]]
[2022.03.07-15.10.19:613][  0]LogConfig: Setting CVar [[r.HairStrands.Visibility.MSAA.SamplePerPixel:4]]
[2022.03.07-15.10.19:613][  0]LogConfig: Applying CVar settings from Section [Startup] File [../../../Engine/Config/ConsoleVariables.ini]
[2022.03.07-15.10.19:614][  0]LogConfig: Setting CVar [[net.UseAdaptiveNetUpdateFrequency:0]]
[2022.03.07-15.10.19:614][  0]LogConfig: Setting CVar [[p.chaos.AllowCreatePhysxBodies:1]]
[2022.03.07-15.10.19:614][  0]LogConfig: Setting CVar [[fx.SkipVectorVMBackendOptimizations:1]]
[2022.03.07-15.10.19:614][  0]LogConfig: Applying CVar settings from Section [ConsoleVariables] File [C:/EpicGames/ChattingClient/ChattingClient/Saved/Config/Windows/Engine.ini]
[2022.03.07-15.10.19:614][  0]LogConfig: Applying CVar settings from Section [ConsoleVariables] File [C:/EpicGames/ChattingClient/ChattingClient/Saved/Config/Windows/Editor.ini]
[2022.03.07-15.10.19:614][  0]LogInit: Computer: DESKTOP-JG03A40
[2022.03.07-15.10.19:614][  0]LogInit: User: lenovo
[2022.03.07-15.10.19:614][  0]LogInit: CPU Page size=4096, Cores=6
[2022.03.07-15.10.19:614][  0]LogInit: High frequency timer resolution =10.000000 MHz
[2022.03.07-15.10.19:614][  0]LogMemory: Memory total: Physical=15.9GB (16GB approx)
[2022.03.07-15.10.19:614][  0]LogMemory: Platform Memory Stats for Windows
[2022.03.07-15.10.19:614][  0]LogMemory: Process Physical Memory: 146.91 MB used, 146.91 MB peak
[2022.03.07-15.10.19:614][  0]LogMemory: Process Virtual Memory: 116.38 MB used, 116.38 MB peak
[2022.03.07-15.10.19:614][  0]LogMemory: Physical Memory: 5789.96 MB used,  10514.18 MB free, 16304.14 MB total
[2022.03.07-15.10.19:614][  0]LogMemory: Virtual Memory: 134201928.00 MB used,  15797.16 MB free, 134217728.00 MB total
[2022.03.07-15.10.19:627][  0]LogWindows: WindowsPlatformFeatures enabled
[2022.03.07-15.10.19:757][  0]LogInit: Physics initialised using underlying interface: PhysX
[2022.03.07-15.10.19:757][  0]LogInit: Using OS detected language (ko-KR).
[2022.03.07-15.10.19:757][  0]LogInit: Using OS detected locale (ko-KR).
[2022.03.07-15.10.19:763][  0]LogTextLocalizationManager: No specific localization for 'ko-KR' exists, so the 'ko' localization will be used.
[2022.03.07-15.10.19:946][  0]LogInit: Setting process to per monitor DPI aware
[2022.03.07-15.10.20:014][  0]LogWindowsTextInputMethodSystem: Display: IME system deactivated.
[2022.03.07-15.10.20:040][  0]LogSlate: New Slate User Created.  User Index 0, Is Virtual User: 0
[2022.03.07-15.10.20:040][  0]LogSlate: Slate User Registered.  User Index 0, Is Virtual User: 0
[2022.03.07-15.10.20:397][  0]LogD3D11RHI: Loaded GFSDK_Aftermath_Lib.x64.dll
[2022.03.07-15.10.20:404][  0]LogHMD: Failed to initialize OpenVR with code 110
[2022.03.07-15.10.20:404][  0]LogD3D11RHI: D3D11 min allowed feature level: 11_0
[2022.03.07-15.10.20:404][  0]LogD3D11RHI: D3D11 max allowed feature level: 11_0
[2022.03.07-15.10.20:404][  0]LogD3D11RHI: D3D11 adapters:
[2022.03.07-15.10.20:548][  0]LogD3D11RHI:    0. 'NVIDIA GeForce GTX 1660 Ti' (Feature Level 11_0)
[2022.03.07-15.10.20:548][  0]LogD3D11RHI:       5991/0/8152 MB DedicatedVideo/DedicatedSystem/SharedSystem, Outputs:1, VendorId:0x10de
[2022.03.07-15.10.20:552][  0]LogD3D11RHI:    1. 'Microsoft Basic Render Driver' (Feature Level 11_0)
[2022.03.07-15.10.20:552][  0]LogD3D11RHI:       0/0/8152 MB DedicatedVideo/DedicatedSystem/SharedSystem, Outputs:0, VendorId:0x1414
[2022.03.07-15.10.20:552][  0]LogD3D11RHI: Chosen D3D11 Adapter:
[2022.03.07-15.10.20:552][  0]LogD3D11RHI:     Description : NVIDIA GeForce GTX 1660 Ti
[2022.03.07-15.10.20:552][  0]LogD3D11RHI:     VendorId    : 10de
[2022.03.07-15.10.20:552][  0]LogD3D11RHI:     DeviceId    : 2191
[2022.03.07-15.10.20:552][  0]LogD3D11RHI:     SubSysId    : 3ffc17aa
[2022.03.07-15.10.20:552][  0]LogD3D11RHI:     Revision    : 00a1
[2022.03.07-15.10.20:552][  0]LogD3D11RHI:     DedicatedVideoMemory : 6282018816 bytes
[2022.03.07-15.10.20:552][  0]LogD3D11RHI:     DedicatedSystemMemory : 0 bytes
[2022.03.07-15.10.20:552][  0]LogD3D11RHI:     SharedSystemMemory : 8548067328 bytes
[2022.03.07-15.10.20:552][  0]LogD3D11RHI:     AdapterLuid : 0 73101
[2022.03.07-15.10.20:557][  0]LogD3D11RHI: Creating new Direct3DDevice
[2022.03.07-15.10.20:557][  0]LogD3D11RHI:     GPU DeviceId: 0x2191 (for the marketing name, search the web for "GPU Device Id")
[2022.03.07-15.10.20:557][  0]LogWindows: EnumDisplayDevices:
[2022.03.07-15.10.20:557][  0]LogWindows:    0. 'NVIDIA GeForce GTX 1660 Ti' (P:1 D:1)
[2022.03.07-15.10.20:558][  0]LogWindows:    1. 'NVIDIA GeForce GTX 1660 Ti' (P:0 D:0)
[2022.03.07-15.10.20:558][  0]LogWindows:    2. 'NVIDIA GeForce GTX 1660 Ti' (P:0 D:0)
[2022.03.07-15.10.20:559][  0]LogWindows:    3. 'NVIDIA GeForce GTX 1660 Ti' (P:0 D:0)
[2022.03.07-15.10.20:560][  0]LogWindows: DebugString: FoundDriverCount:4 
[2022.03.07-15.10.20:560][  0]LogD3D11RHI:     Adapter Name: NVIDIA GeForce GTX 1660 Ti
[2022.03.07-15.10.20:560][  0]LogD3D11RHI:   Driver Version: 471.41 (internal:30.0.14.7141, unified:471.41)
[2022.03.07-15.10.20:560][  0]LogD3D11RHI:      Driver Date: 7-12-2021
[2022.03.07-15.10.20:560][  0]LogRHI: Texture pool is 4193 MB (70% of 5991 MB)
[2022.03.07-15.10.20:560][  0]LogD3D11RHI: Creating D3DDevice using adapter:
[2022.03.07-15.10.20:560][  0]LogD3D11RHI:     Description : NVIDIA GeForce GTX 1660 Ti
[2022.03.07-15.10.20:560][  0]LogD3D11RHI:     VendorId    : 10de
[2022.03.07-15.10.20:560][  0]LogD3D11RHI:     DeviceId    : 2191
[2022.03.07-15.10.20:560][  0]LogD3D11RHI:     SubSysId    : 3ffc17aa
[2022.03.07-15.10.20:560][  0]LogD3D11RHI:     Revision    : 00a1
[2022.03.07-15.10.20:560][  0]LogD3D11RHI:     DedicatedVideoMemory : 6282018816 bytes
[2022.03.07-15.10.20:560][  0]LogD3D11RHI:     DedicatedSystemMemory : 0 bytes
[2022.03.07-15.10.20:560][  0]LogD3D11RHI:     SharedSystemMemory : 8548067328 bytes
[2022.03.07-15.10.20:560][  0]LogD3D11RHI:     AdapterLuid : 0 73101
[2022.03.07-15.10.20:640][  0]LogD3D11RHI: RHI has support for 64 bit atomics
[2022.03.07-15.10.20:641][  0]LogD3D11RHI: Async texture creation enabled
[2022.03.07-15.10.20:641][  0]LogD3D11RHI: Array index from any shader is supported
[2022.03.07-15.10.20:669][  0]LogD3D11RHI: GPU Timing Frequency: 1000.000000 (Debug: 2 1)
[2022.03.07-15.10.20:766][  0]LogRHI: GeForceNow SDK initialized: 1
[2022.03.07-15.10.21:200][  0]LogTargetPlatformManager: Display: Loaded TargetPlatform 'AllDesktop'
[2022.03.07-15.10.21:222][  0]LogTargetPlatformManager: Display: Loaded TargetPlatform 'Android'
[2022.03.07-15.10.21:222][  0]LogTargetPlatformManager: Display: Loaded TargetPlatform 'Android_ASTC'
[2022.03.07-15.10.21:222][  0]LogTargetPlatformManager: Display: Loaded TargetPlatform 'Android_DXT'
[2022.03.07-15.10.21:222][  0]LogTargetPlatformManager: Display: Loaded TargetPlatform 'Android_ETC2'
[2022.03.07-15.10.21:222][  0]LogTargetPlatformManager: Display: Loaded TargetPlatform 'AndroidClient'
[2022.03.07-15.10.21:222][  0]LogTargetPlatformManager: Display: Loaded TargetPlatform 'Android_ASTCClient'
[2022.03.07-15.10.21:222][  0]LogTargetPlatformManager: Display: Loaded TargetPlatform 'Android_DXTClient'
[2022.03.07-15.10.21:222][  0]LogTargetPlatformManager: Display: Loaded TargetPlatform 'Android_ETC2Client'
[2022.03.07-15.10.21:222][  0]LogTargetPlatformManager: Display: Loaded TargetPlatform 'Android_Multi'
[2022.03.07-15.10.21:222][  0]LogTargetPlatformManager: Display: Loaded TargetPlatform 'Android_MultiClient'
[2022.03.07-15.10.21:249][  0]LogTargetPlatformManager: Display: Loaded TargetPlatform 'IOSClient'
[2022.03.07-15.10.21:249][  0]LogTargetPlatformManager: Display: Loaded TargetPlatform 'IOS'
[2022.03.07-15.10.21:262][  0]LogTargetPlatformManager: Display: Loaded TargetPlatform 'Linux'
[2022.03.07-15.10.21:269][  0]LogTargetPlatformManager: Display: Loaded TargetPlatform 'LinuxNoEditor'
[2022.03.07-15.10.21:277][  0]LogTargetPlatformManager: Display: Loaded TargetPlatform 'LinuxClient'
[2022.03.07-15.10.21:283][  0]LogTargetPlatformManager: Display: Loaded TargetPlatform 'LinuxServer'
[2022.03.07-15.10.21:296][  0]LogTargetPlatformManager: Display: Loaded TargetPlatform 'LinuxAArch64NoEditor'
[2022.03.07-15.10.21:303][  0]LogTargetPlatformManager: Display: Loaded TargetPlatform 'LinuxAArch64Client'
[2022.03.07-15.10.21:309][  0]LogTargetPlatformManager: Display: Loaded TargetPlatform 'LinuxAArch64Server'
[2022.03.07-15.10.21:336][  0]LogTargetPlatformManager: Display: Loaded TargetPlatform 'Lumin'
[2022.03.07-15.10.21:336][  0]LogTargetPlatformManager: Display: Loaded TargetPlatform 'LuminClient'
[2022.03.07-15.10.21:348][  0]LogTargetPlatformManager: Display: Loaded TargetPlatform 'MacNoEditor'
[2022.03.07-15.10.21:354][  0]LogTargetPlatformManager: Display: Loaded TargetPlatform 'Mac'
[2022.03.07-15.10.21:361][  0]LogTargetPlatformManager: Display: Loaded TargetPlatform 'MacClient'
[2022.03.07-15.10.21:367][  0]LogTargetPlatformManager: Display: Loaded TargetPlatform 'MacServer'
[2022.03.07-15.10.21:379][  0]LogTargetPlatformManager: Display: Loaded TargetPlatform 'TVOSClient'
[2022.03.07-15.10.21:379][  0]LogTargetPlatformManager: Display: Loaded TargetPlatform 'TVOS'
[2022.03.07-15.10.21:390][  0]LogTargetPlatformManager: Display: Loaded TargetPlatform 'WindowsNoEditor'
[2022.03.07-15.10.21:397][  0]LogTargetPlatformManager: Display: Loaded TargetPlatform 'Windows'
[2022.03.07-15.10.21:405][  0]LogTargetPlatformManager: Display: Loaded TargetPlatform 'WindowsClient'
[2022.03.07-15.10.21:413][  0]LogTargetPlatformManager: Display: Loaded TargetPlatform 'WindowsServer'
[2022.03.07-15.10.21:413][  0]LogTargetPlatformManager: Display: Building Assets For Windows
[2022.03.07-15.10.21:431][  0]LogAudioDebug: Display: Lib vorbis DLL was dynamically loaded.
[2022.03.07-15.10.21:498][  0]LogTextureFormatOodle: Display: Oodle Texture 2.9.0 init RDO Off
[2022.03.07-15.10.21:562][  0]LogRendererCore: Ray tracing is disabled. Reason: r.RayTracing=0.
[2022.03.07-15.10.21:562][  0]LogShaderCompilers: Guid format shader working directory is 5 characters bigger than the processId version (../../../../ChattingClient/ChattingClient/Intermediate/Shaders/WorkingDirectory/25820/).
[2022.03.07-15.10.21:562][  0]LogShaderCompilers: Cleaned the shader compiler working directory 'C:/Users/lenovo/AppData/Local/Temp/UnrealShaderWorkingDir/4609C10C4395D9515E7BE080B2C49731/'.
[2022.03.07-15.10.21:562][  0]LogXGEController: Cannot use XGE Controller as Incredibuild is not installed on this machine.
[2022.03.07-15.10.21:562][  0]LogShaderCompilers: Cannot use XGE Shader Compiler as Incredibuild is not installed on this machine.
[2022.03.07-15.10.21:563][  0]LogShaderCompilers: Display: Using Local Shader Compiler.
[2022.03.07-15.10.22:483][  0]LogDerivedDataCache: Display: Max Cache Size: 512 MB
[2022.03.07-15.10.22:674][  0]LogDerivedDataCache: Loaded boot cache 0.19s 96MB C:/Users/lenovo/AppData/Local/UnrealEngine/4.27/DerivedDataCache/Boot.ddc.
[2022.03.07-15.10.22:674][  0]LogDerivedDataCache: Display: Loaded Boot cache: C:/Users/lenovo/AppData/Local/UnrealEngine/4.27/DerivedDataCache/Boot.ddc
[2022.03.07-15.10.22:674][  0]LogDerivedDataCache: FDerivedDataBackendGraph:  Pak pak cache file ../../../../ChattingClient/ChattingClient/DerivedDataCache/DDC.ddp not found, will not use a pak cache.
[2022.03.07-15.10.22:674][  0]LogDerivedDataCache: Unable to find inner node Pak for hierarchical cache Hierarchy.
[2022.03.07-15.10.22:675][  0]LogDerivedDataCache: FDerivedDataBackendGraph:  CompressedPak pak cache file ../../../../ChattingClient/ChattingClient/DerivedDataCache/Compressed.ddp not found, will not use a pak cache.
[2022.03.07-15.10.22:675][  0]LogDerivedDataCache: Unable to find inner node CompressedPak for hierarchical cache Hierarchy.
[2022.03.07-15.10.22:694][  0]LogDerivedDataCache: Display: Pak cache opened for reading ../../../Engine/DerivedDataCache/Compressed.ddp.
[2022.03.07-15.10.22:694][  0]LogDerivedDataCache: FDerivedDataBackendGraph:  EnterprisePak pak cache file ../../../Enterprise/DerivedDataCache/Compressed.ddp not found, will not use a pak cache.
[2022.03.07-15.10.22:694][  0]LogDerivedDataCache: Unable to find inner node EnterprisePak for hierarchical cache Hierarchy.
[2022.03.07-15.10.22:764][  0]LogDerivedDataCache: Speed tests for C:/Users/lenovo/AppData/Local/UnrealEngine/Common/DerivedDataCache took 0.07 seconds
[2022.03.07-15.10.22:764][  0]LogDerivedDataCache: Display: Performance to C:/Users/lenovo/AppData/Local/UnrealEngine/Common/DerivedDataCache: Latency=0.74ms. RandomReadSpeed=21.67MBs, RandomWriteSpeed=52.90MBs. Assigned SpeedClass 'Local'
[2022.03.07-15.10.22:764][  0]LogDerivedDataCache: Using Local data cache path C:/Users/lenovo/AppData/Local/UnrealEngine/Common/DerivedDataCache: Writable
[2022.03.07-15.10.22:765][  0]LogDerivedDataCache: Shared data cache path not found in *engine.ini, will not use an Shared cache.
[2022.03.07-15.10.22:765][  0]LogDerivedDataCache: Unable to find inner node Shared for hierarchical cache Hierarchy.
[2022.03.07-15.10.22:814][  0]LogSlate: Using FreeType 2.10.0
[2022.03.07-15.10.22:822][  0]LogSlate: SlateFontServices - WITH_FREETYPE: 1, WITH_HARFBUZZ: 1
[2022.03.07-15.10.22:882][  0]LogAssetRegistry: FAssetRegistry took 0.0028 seconds to start up
[2022.03.07-15.10.23:098][  0]LogInit: Selected Device Profile: [Windows]
[2022.03.07-15.10.23:098][  0]LogInit: Active device profile: [000001FDB8D47900][000001FDB1CE4540 49] Windows
[2022.03.07-15.10.23:098][  0]LogInit: Profiles: [000001FDB8D47900][000001FDB1CE4540 49] Windows, [000001FDB8CFC900][000001FDB1CE8680 49] WindowsNoEditor, [000001FDB8D44900][000001FDB1CEC7C0 49] WindowsServer, [000001FDB8CFF100][000001FDB1CF4940 49] WindowsClient, [000001FDB8D47000][000001FDB1CF8AC0 49] IOS, [000001FDB8CFD200][000001FDB1CFCC40 49] iPadAir, [000001FDB8D45100][000001FDB1D00DC0 49] iPadAir2, [000001FDB8CA7F00][000001FDB1D09080 49] IPadPro, [000001FDB8CA7E00][000001FDB1D050C0 49] iPadAir3, [000001FDB8D46A00][000001FDB1D0D240 49] iPadAir4, [000001FDB8CA4E00][000001FDB1D113C0 49] iPadMini2, [000001FDB8D45600][000001FDB1D15540 49] iPadMini3, [000001FDB8CA6B00][000001FDB1D196C0 49] iPadMini4, [000001FDB8D46300][000001FDB1D1D840 49] iPadMini5, [000001FDB8CEF800][000001FDB74A5B00 49] iPhone6, [000001FDB8CEF900][000001FDB74A1B40 49] iPodTouch6, [000001FDB8CA5000][000001FDB74AC280 49] iPhone7, [000001FDB8CA5100][000001FDB74A82C0 49] iPodTouch7, [000001FDB8CECD00][000001FDB74B0440 49] iPhone5S, [000001FDB8CA7400][000001FDB1CF0580 49] iPhone6Plus, [000001FDB8CEEC00][000001FDB74B46C0 49] iPhone6S, [000001FDB8CA4B00][000001FDB74B8800 49] iPhone6SPlus, [000001FDB8CED500][000001FDB74BC940 49] iPhone7Plus, [000001FDB8CA5C00][000001FDB74C4AC0 49] iPhoneSE, [000001FDB8CEE400][000001FDB74C8C40 49] iPhone8, [000001FDB8CA6A00][000001FDB74CCDC0 49] iPhone8Plus, [000001FDB8CEF700][000001FDB74D0F40 49] iPhoneX, [000001FDB8CA4F00][000001FDB74D50C0 49] iPhoneXS, [000001FDB8CEC300][000001FDB74D9240 49] iPhoneXSMax, [000001FDB8CA5600][000001FDB74DD3C0 49] iPhoneXR, [000001FDB8CEE900][000001FDB74E1540 49] iPhone11, [000001FDB8CA4600][000001FDB74E56C0 49] iPhone11Pro, [000001FDB8CECC00][000001FDB74E9840 49] iPhone11ProMax, [000001FDB8CA5200][000001FDB99E39C0 49] iPhoneSE2, [000001FDB8CECE00][000001FDB99E7B40 49] iPhone12Mini, [000001FDB8CA7D00][000001FDB99EA140 49] iPhone12, [000001FDB8CED200][000001FDB99EE2C0 49] iPhone12Pro, [000001FDB8CA7600][000001FDB99F2440 49] iPhone12ProMax, [000001FDB8CEFA00][000001FDB99F65C0 49] iPadPro105, [000001FDB8CA4300][000001FDB99FA740 49] iPadPro129, [000001FDB8CEC400][000001FDB74C0880 49] iPadPro97, [000001FDB8CA6600][000001FDB99FE9C0 49] iPadPro2_129, [000001FDB8CED400][000001FDB9A02B00 49] iPad5, [000001FDB8CA5700][000001FDB9A0AC80 49] iPad6, [000001FDB8CEF100][000001FDB9A0EE00 49] iPad7, [000001FDB8CA4700][000001FDB9A12F80 49] iPad8, [000001FDB8CED900][000001FDB9A17100 49] iPadPro11, [000001FDB8CA7C00][000001FDB9A1B280 49] iPadPro2_11, [000001FDB8CED000][000001FDB9A1F400 49] iPadPro3_129, [000001FDB8CA5B00][000001FDB9A23580 49] iPadPro4_129, [000001FDB8CEE600][000001FDB9A27700 49] AppleTV, [000001FDB8CA7700][000001FDB9A2B880 49] AppleTV4K, [000001FDB8CEF000][000001FDB9A2FA00 49] TVOS, [000001FDB8CA4200][000001FDB9A33B80 49] Mac, [000001FDB8CEE200][000001FDB9A36180 49] MacClient, [000001FDB8CA6000][000001FDB9A3A300 49] MacNoEditor, [000001FDB8CEED00][000001FDB9A3E480 49] MacServer, [000001FDB8CA5500][000001FDB9A42600 49] Linux, [000001FDB8CEE700][000001FDB9A46780 49] LinuxAArch64, [000001FDB8CA6100][000001FDB9A4A900 49] LinuxNoEditor, [000001FDB8CEF200][000001FDB9A06A40 49] LinuxAArch64NoEditor, [000001FDB8CA4A00][000001FDB9A4EB80 49] LinuxClient, [000001FDB8CEDD00][000001FDB9A52CC0 49] LinuxAArch64Client, [000001FDB8CA4800][000001FDB9A5AE40 49] LinuxServer, [000001FDB8CFED00][000001FDB9A5EFC0 49] LinuxAArch64Server, [000001FDB8D89100][000001FDB9A63140 49] Android, [000001FDB8CFE300][000001FDB9A672C0 49] Android_Low, [000001FDB8D89900][000001FDB9A6B440 49] Android_Mid, [000001FDB8CFDB00][000001FDB9A6F5C0 49] Android_High, [000001FDB8D88A00][000001FDB9A73740 49] Android_Default, [000001FDB8CFF400][000001FDB9A778C0 49] Android_Adreno4xx, [000001FDB8D8A200][000001FDB9A7BA40 49] Android_Adreno5xx_Low, [000001FDB8CFCE00][000001FDB9A7FBC0 49] Android_Adreno5xx, [000001FDB8D88D00][000001FDB9A821C0 49] Android_Adreno6xx, [000001FDB8CFD700][000001FDB9A86340 49] Android_Adreno6xx_Vulkan, [000001FDB8D89F00][000001FDB9A8A4C0 49] Android_Mali_T6xx, [000001FDB8CFD000][000001FDB9A8E640 49] Android_Mali_T7xx, [000001FDB8D88200][000001FDB9A927C0 49] Android_Mali_T8xx, [000001FDB8CFD900][000001FDB9A96940 49] Android_Mali_G71, [000001FDB8D89300][000001FDB9A9AAC0 49] Android_Mali_G72, [000001FDB8CFF900][000001FDB9A56C00 49] Android_Mali_G72_Vulkan, [000001FDB8D89500][000001FDB9A9ED40 49] Android_Mali_G76, [000001FDB8CFCC00][000001FDB9AA2E80 49] Android_Mali_G76_Vulkan, [000001FDB8D88600][000001FDB9AA6FC0 49] Android_Mali_G77, [000001FDB8CFD100][000001FDB9AAF140 49] Android_Mali_G77_Vulkan, [000001FDB8D88300][000001FDB9AB32C0 49] Android_Mali_G78, [000001FDB8CFC500][000001FDB9AB7440 49] Android_Mali_G78_Vulkan, [000001FDB8D89C00][000001FDB9ABB5C0 49] Android_Mali_G710, [000001FDB8CA5400][000001FDB9ABF740 49] Android_Mali_G710_Vulkan, [000001FDB8CEF500][000001FDB9AC38C0 49] Android_Vulkan_SM5, [000001FDB8CA6800][000001FDB9AC7A40 49] Android_PowerVR_G6xxx, [000001FDB8D88800][000001FDB9ACBBC0 49] Android_PowerVR_GT7xxx, [000001FDB8CA5E00][000001FDB9ACE1C0 49] Android_PowerVR_GE8xxx, [000001FDB8D8A700][000001FDB9AD2340 49] Android_PowerVR_GM9xxx, [000001FDB8CA4400][000001FDB9AD64C0 49] Android_PowerVR_GM9xxx_Vulkan, [000001FDB8D89000][000001FDB9ADA640 49] Android_TegraK1, [000001FDB8CA6F00][000001FDB9ADE7C0 49] Android_Unknown_Vulkan, [000001FDB8D88100][000001FDB9AE2940 49] Lumin, [000001FDB8CA7000][000001FDB9AE6AC0 49] Lumin_Desktop, [000001FDB8D8A900][000001FDB9AEAC40 49] HoloLens, 
[2022.03.07-15.10.23:305][  0]LogMeshReduction: Using QuadricMeshReduction for automatic static mesh reduction
[2022.03.07-15.10.23:306][  0]LogMeshReduction: Using SimplygonMeshReduction for automatic skeletal mesh reduction
[2022.03.07-15.10.23:306][  0]LogMeshReduction: Using ProxyLODMeshReduction for automatic mesh merging
[2022.03.07-15.10.23:306][  0]LogMeshReduction: No distributed automatic mesh merging module available
[2022.03.07-15.10.23:306][  0]LogMeshMerging: No distributed automatic mesh merging module available
[2022.03.07-15.10.23:329][  0]LogNetVersion: ChattingClient 1.0.0, NetCL: 17155196, EngineNetVer: 17, GameNetVer: 0 (Checksum: 1007274363)
[2022.03.07-15.10.23:816][  0]LogTexture: Default maximum texture size for cubemaps generated from long-lat sources has been changed from 512 to unlimited. In order to preserve old behaiour for '/Engine/MapTemplates/Sky/DaylightAmbientCubemap.DaylightAmbientCubemap', its maximum texture size has been explicitly set to 512.
[2022.03.07-15.10.23:869][  0]LogHMD: PokeAHoleMaterial loaded successfully
[2022.03.07-15.10.23:874][  0]LogUObjectArray: 17178 objects as part of root set at end of initial load.
[2022.03.07-15.10.23:874][  0]LogUObjectAllocator: 4302048 out of 0 bytes used by permanent object pool.
[2022.03.07-15.10.23:874][  0]LogUObjectArray: CloseDisregardForGC: 0/0 objects in disregard for GC pool
[2022.03.07-15.10.24:335][  0]LogNiagaraDebuggerClient: Niagara Debugger Client Initialized | Session: BE2808CA4B8C396EE7EFD298DEB5C9FE | Instance: 2542F58F400FEB52F444289593213F2B (DESKTOP-JG03A40-25820).
[2022.03.07-15.10.24:397][  0]LogTcpMessaging: Initializing TcpMessaging bridge
[2022.03.07-15.10.24:533][  0]LogUdpMessaging: Initializing bridge on interface 0.0.0.0:0 to multicast group 230.0.0.1:6666.
[2022.03.07-15.10.24:561][  0]LogPython: Using Python 3.7.7
[2022.03.07-15.10.25:798][  0]SourceControl: 소스 컨트롤이 꺼졌습니다.
[2022.03.07-15.10.25:798][  0]SourceControl: 소스 컨트롤이 꺼졌습니다.
[2022.03.07-15.10.25:805][  0]SourceControl: 소스 컨트롤이 꺼졌습니다.
[2022.03.07-15.10.25:811][  0]SourceControl: 소스 컨트롤이 꺼졌습니다.
[2022.03.07-15.10.25:832][  0]SourceControl: 소스 컨트롤이 꺼졌습니다.
[2022.03.07-15.10.25:842][  0]LogUProjectInfo: Found projects:
[2022.03.07-15.10.26:255][  0]LogOpenImageDenoise: OIDN starting up
[2022.03.07-15.10.26:285][  0]LogAndroidPermission: UAndroidPermissionCallbackProxy::GetInstance
[2022.03.07-15.10.26:323][  0]LogAudioCaptureCore: Display: No Audio Capture implementations found. Audio input will be silent.
[2022.03.07-15.10.26:323][  0]LogAudioCaptureCore: Display: No Audio Capture implementations found. Audio input will be silent.
[2022.03.07-15.10.26:497][  0]LogCollectionManager: Loaded 0 collections in 0.001498 seconds
[2022.03.07-15.10.26:532][  0]LogFileCache: Scanning file cache for directory 'C:/EpicGames/ChattingClient/ChattingClient/Saved/Collections/' took 0.00s
[2022.03.07-15.10.26:532][  0]LogFileCache: Scanning file cache for directory 'C:/EpicGames/ChattingClient/ChattingClient/Content/Developers/lenovo/Collections/' took 0.00s
[2022.03.07-15.10.26:532][  0]LogFileCache: Scanning file cache for directory 'C:/EpicGames/ChattingClient/ChattingClient/Content/Collections/' took 0.00s
[2022.03.07-15.10.26:532][  0]LogOcInput: OculusInput pre-init called
[2022.03.07-15.10.26:838][  0]LogClass: Display: UInt32Property FSendBuffer::LeftPos is not initialized properly. Module:ChattingClient File:Public/SocketComponent.h
[2022.03.07-15.10.26:838][  0]LogClass: Display: UInt32Property FSendBuffer::RightPos is not initialized properly. Module:ChattingClient File:Public/SocketComponent.h
[2022.03.07-15.10.26:839][  0]LogClass: Display: 2 Uninitialized script struct members found including 0 object properties
[2022.03.07-15.10.26:839][  0]LogEngine: Initializing Engine...
[2022.03.07-15.10.26:843][  0]LogHMD: Failed to enumerate extensions. Please check that you have a valid OpenXR runtime installed.
[2022.03.07-15.10.26:844][  0]LogHMD: Failed to initialize OpenVR with code 110
[2022.03.07-15.10.26:844][  0]LogMagicLeap: Warning: VR disabled because ZI is not enabled.  To enable, in the editor, Edit -> Project Settings -> Plugins -> Magic Leap Plugin -> Enable Zero Iteration
[2022.03.07-15.10.26:844][  0]LogStats: UGameplayTagsManager::InitializeManager -  0.000 s
[2022.03.07-15.10.26:980][  0]LogInit: Initializing FReadOnlyCVARCache
[2022.03.07-15.10.26:990][  0]LogAIModule: Creating AISystem for world Untitled
[2022.03.07-15.10.26:991][  0]LogAudio: Display: Initializing Audio Device Manager...
[2022.03.07-15.10.26:996][  0]LogAudio: Display: Loading Default Audio Settings Objects...
[2022.03.07-15.10.26:997][  0]LogAudio: Display: No default SoundConcurrencyObject specified (or failed to load).
[2022.03.07-15.10.26:998][  0]LogAudio: Display: Audio Device Manager Initialized
[2022.03.07-15.10.26:998][  0]LogAudio: Display: Creating Audio Device:                 Id: 1, Scope: Shared, Realtime: True
[2022.03.07-15.10.26:998][  0]LogAudioMixer: Display: Audio Mixer Platform Settings:
[2022.03.07-15.10.26:998][  0]LogAudioMixer: Display: 	Sample Rate:						  48000
[2022.03.07-15.10.26:998][  0]LogAudioMixer: Display: 	Callback Buffer Frame Size Requested: 1024
[2022.03.07-15.10.26:998][  0]LogAudioMixer: Display: 	Callback Buffer Frame Size To Use:	  1024
[2022.03.07-15.10.26:998][  0]LogAudioMixer: Display: 	Number of buffers to queue:			  2
[2022.03.07-15.10.26:998][  0]LogAudioMixer: Display: 	Max Channels (voices):				  32
[2022.03.07-15.10.26:998][  0]LogAudioMixer: Display: 	Number of Async Source Workers:		  0
[2022.03.07-15.10.26:998][  0]LogAudio: Display: AudioDevice MaxSources: 32
[2022.03.07-15.10.26:998][  0]LogAudio: Display: Audio Spatialization Plugin: None (built-in).
[2022.03.07-15.10.26:998][  0]LogAudio: Display: Audio Reverb Plugin: None (built-in).
[2022.03.07-15.10.26:998][  0]LogAudio: Display: Audio Occlusion Plugin: None (built-in).
[2022.03.07-15.10.26:998][  0]LogAudioMixer: Display: Initializing audio mixer.
[2022.03.07-15.10.27:024][  0]LogAudioMixer: Display: 0: FrontLeft
[2022.03.07-15.10.27:024][  0]LogAudioMixer: Display: 1: FrontRight
[2022.03.07-15.10.27:073][  0]LogAudioMixer: Display: Using Audio Device 스피커(Realtek(R) Audio)
[2022.03.07-15.10.27:077][  0]LogAudioMixer: Display: Initializing Sound Submixes...
[2022.03.07-15.10.27:081][  0]LogAudioMixer: Display: Creating Master Submix 'MasterSubmixDefault'
[2022.03.07-15.10.27:081][  0]LogAudioMixer: Display: Creating Master Submix 'MasterReverbSubmixDefault'
[2022.03.07-15.10.27:082][  0]LogAudioMixer: Display: Creating Master Submix 'MasterEQSubmixDefault'
[2022.03.07-15.10.27:082][  0]LogAudioMixer: FMixerPlatformXAudio2::StartAudioStream() called
[2022.03.07-15.10.27:082][  0]LogAudioMixer: Display: Output buffers initialized: Frames=1024, Channels=2, Samples=2048
[2022.03.07-15.10.27:083][  0]LogAudioMixer: Display: Starting AudioMixerPlatformInterface::RunInternal()
[2022.03.07-15.10.27:083][  0]LogAudioMixer: Display: FMixerPlatformXAudio2::SubmitBuffer() called for the first time
[2022.03.07-15.10.27:083][  0]LogInit: FAudioDevice initialized.
[2022.03.07-15.10.27:083][  0]LogAudio: Display: Audio Device (ID: 1) registered with world 'Untitled'.
[2022.03.07-15.10.27:083][  0]LogNetVersion: Set ProjectVersion to 1.0.0.0. Version Checksum will be recalculated on next use.
[2022.03.07-15.10.27:195][  0]LogDerivedDataCache: Saved boot cache 0.11s 96MB C:/Users/lenovo/AppData/Local/UnrealEngine/4.27/DerivedDataCache/Boot.ddc.
[2022.03.07-15.10.27:195][  0]LogInit: Texture streaming: Enabled
[2022.03.07-15.10.27:219][  0]LogAnalytics: Display: [UEEditor.Rocket.Release] APIServer = https://datarouter.ol.epicgames.com/. AppVersion = 4.27.2-18319896+++UE4+Release-4.27
[2022.03.07-15.10.27:228][  0]LogEngineSessionManager: EngineSessionManager initialized
[2022.03.07-15.10.27:228][  0]LogEditorSessionSummary: Verbose: Initializing EditorSessionSummaryWriter for editor session tracking
[2022.03.07-15.10.27:234][  0]LogEditorSessionSummary: EditorSessionSummaryWriter initialized
[2022.03.07-15.10.27:270][  0]LogInit: Transaction tracking system initialized
[2022.03.07-15.10.27:313][  0]BlueprintLog: New page: 에디터 로드
[2022.03.07-15.10.27:425][  0]LocalizationService: 현지화 서비스가 비활성화되었습니다.
[2022.03.07-15.10.27:471][  0]TimingProfiler: Initialize
[2022.03.07-15.10.27:471][  0]TimingProfiler: OnSessionChanged
[2022.03.07-15.10.27:471][  0]LoadingProfiler: Initialize
[2022.03.07-15.10.27:471][  0]LoadingProfiler: OnSessionChanged
[2022.03.07-15.10.27:471][  0]NetworkingProfiler: Initialize
[2022.03.07-15.10.27:471][  0]NetworkingProfiler: OnSessionChanged
[2022.03.07-15.10.27:471][  0]MemoryProfiler: Initialize
[2022.03.07-15.10.27:471][  0]MemoryProfiler: OnSessionChanged
[2022.03.07-15.10.27:678][  0]LogCook: Display: CookSettings for Memory: MemoryMaxUsedVirtual 0MiB, MemoryMaxUsedPhysical 16384MiB, MemoryMinFreeVirtual 0MiB, MemoryMinFreePhysical 1024MiB
[2022.03.07-15.10.27:678][  0]LogCook: Display: Mobile HDR setting 1
[2022.03.07-15.10.27:968][  0]LogFileCache: Scanning file cache for directory 'C:/EpicGames/ChattingClient/ChattingClient/Content/' took 0.01s
[2022.03.07-15.10.28:210][  0]LogInit: Display: Engine is initialized. Leaving FEngineLoop::Init()
[2022.03.07-15.10.28:216][  0]SourceControl: 소스 컨트롤이 꺼졌습니다.
[2022.03.07-15.10.28:216][  0]LogUnrealEdMisc: Loading editor; pre map load, took 10.402
[2022.03.07-15.10.28:216][  0]Cmd: MAP LOAD FILE="../../../../ChattingClient/ChattingClient/Content/MainLevel.umap" TEMPLATE=0 SHOWPROGRESS=1 FEATURELEVEL=3
[2022.03.07-15.10.28:216][  0]LightingResults: New page: 라이팅 빌드
[2022.03.07-15.10.28:218][  0]LogWorld: UWorld::CleanupWorld for Untitled, bSessionEnded=true, bCleanupResources=true
[2022.03.07-15.10.28:218][  0]LogSlate: InvalidateAllWidgets triggered.  All widgets were invalidated
[2022.03.07-15.10.28:218][  0]MapCheck: New page: 맵 체크
[2022.03.07-15.10.28:218][  0]LightingResults: New page: 라이팅 빌드
[2022.03.07-15.10.28:223][  0]LogAudio: Display: Audio Device unregistered from world 'None'.
[2022.03.07-15.10.28:226][  0]LogUObjectHash: Compacting FUObjectHashTables data took   0.74ms
[2022.03.07-15.10.28:237][  0]LogAudio: Display: Audio Device (ID: 1) registered with world 'MainLevel'.
[2022.03.07-15.10.28:238][  0]LogAIModule: Creating AISystem for world MainLevel
[2022.03.07-15.10.28:238][  0]LogEditorServer: Finished looking for orphan Actors (0.000 secs)
[2022.03.07-15.10.28:245][  0]LogUObjectHash: Compacting FUObjectHashTables data took   1.81ms
[2022.03.07-15.10.28:245][  0]Cmd: MAP CHECKDEP NOCLEARLOG
[2022.03.07-15.10.28:245][  0]MapCheck: 맵 체크 완료: 오류 0 회, 경고 0 회, 소요 시간 0.145ms.
[2022.03.07-15.10.28:245][  0]LogFileHelpers: Loading map 'MainLevel' took 0.028
[2022.03.07-15.10.28:247][  0]LogUnrealEdMisc: Total Editor Startup Time, took 10.433
[2022.03.07-15.10.28:746][  0]LogSlate: Only BGRA pngs, bmps or icos are supported in by External Image Picker
[2022.03.07-15.10.28:844][  0]LogSlate: Updating window title bar state: overlay mode, drag disabled, window buttons hidden, title bar hidden
[2022.03.07-15.10.28:850][  0]LogSlate: Updating window title bar state: overlay mode, drag disabled, window buttons hidden, title bar hidden
[2022.03.07-15.10.28:857][  0]LogSlate: Updating window title bar state: overlay mode, drag disabled, window buttons hidden, title bar hidden
[2022.03.07-15.10.28:864][  0]LogSlate: Updating window title bar state: overlay mode, drag disabled, window buttons hidden, title bar hidden
[2022.03.07-15.10.28:884][  0]LogNativeClassHierarchy: Verbose: Native class hierarchy populated in 0.0116 seconds. Added 3831 classes and 931 folders.
[2022.03.07-15.10.28:889][  0]LogNativeClassHierarchy: Verbose: Native class hierarchy updated for 'WidgetCarousel' in 0.0003 seconds. Added 0 classes and 0 folders.
[2022.03.07-15.10.28:892][  0]LogPakFile: PakFile PrimaryIndexSize=187
[2022.03.07-15.10.28:892][  0]LogPakFile: PakFile PathHashIndexSize=101
[2022.03.07-15.10.28:892][  0]LogPakFile: PakFile FullDirectoryIndexSize=148
[2022.03.07-15.10.28:892][  0]LogShaderLibrary: Display: ShaderCodeLibraryPakFileMountedCallback: PakFile 'C:/EpicGames/UE_4.27/FeaturePacks/FP_FirstPerson.upack' (chunk index -1, root 'root:/') mounted
[2022.03.07-15.10.28:892][  0]LogShaderLibrary: Display: ShaderCodeLibraryPakFileMountedCallback: pending pak file info (ChunkID:-1 Root:root:/ File:C:/EpicGames/UE_4.27/FeaturePacks/FP_FirstPerson.upack)
[2022.03.07-15.10.28:892][  0]LogPakFile: OnPakFileMounted2Time == 0.000057
[2022.03.07-15.10.28:892][  0]LogPakFile: PakFile PrimaryIndexSize=189
[2022.03.07-15.10.28:892][  0]LogPakFile: PakFile PathHashIndexSize=101
[2022.03.07-15.10.28:892][  0]LogPakFile: PakFile FullDirectoryIndexSize=152
[2022.03.07-15.10.28:892][  0]LogShaderLibrary: Display: ShaderCodeLibraryPakFileMountedCallback: PakFile 'C:/EpicGames/UE_4.27/FeaturePacks/FP_FirstPersonBP.upack' (chunk index -1, root 'root:/') mounted
[2022.03.07-15.10.28:892][  0]LogShaderLibrary: Display: ShaderCodeLibraryPakFileMountedCallback: pending pak file info (ChunkID:-1 Root:root:/ File:C:/EpicGames/UE_4.27/FeaturePacks/FP_FirstPersonBP.upack)
[2022.03.07-15.10.28:892][  0]LogPakFile: OnPakFileMounted2Time == 0.000041
[2022.03.07-15.10.28:893][  0]LogPakFile: PakFile PrimaryIndexSize=191
[2022.03.07-15.10.28:894][  0]LogPakFile: PakFile PathHashIndexSize=101
[2022.03.07-15.10.28:894][  0]LogPakFile: PakFile FullDirectoryIndexSize=160
[2022.03.07-15.10.28:894][  0]LogShaderLibrary: Display: ShaderCodeLibraryPakFileMountedCallback: PakFile 'C:/EpicGames/UE_4.27/FeaturePacks/MobileStarterContent.upack' (chunk index -1, root 'root:/') mounted
[2022.03.07-15.10.28:894][  0]LogShaderLibrary: Display: ShaderCodeLibraryPakFileMountedCallback: pending pak file info (ChunkID:-1 Root:root:/ File:C:/EpicGames/UE_4.27/FeaturePacks/MobileStarterContent.upack)
[2022.03.07-15.10.28:894][  0]LogPakFile: OnPakFileMounted2Time == 0.000036
[2022.03.07-15.10.28:895][  0]LogPakFile: PakFile PrimaryIndexSize=185
[2022.03.07-15.10.28:895][  0]LogPakFile: PakFile PathHashIndexSize=101
[2022.03.07-15.10.28:895][  0]LogPakFile: PakFile FullDirectoryIndexSize=148
[2022.03.07-15.10.28:895][  0]LogShaderLibrary: Display: ShaderCodeLibraryPakFileMountedCallback: PakFile 'C:/EpicGames/UE_4.27/FeaturePacks/StarterContent.upack' (chunk index -1, root 'root:/') mounted
[2022.03.07-15.10.28:895][  0]LogShaderLibrary: Display: ShaderCodeLibraryPakFileMountedCallback: pending pak file info (ChunkID:-1 Root:root:/ File:C:/EpicGames/UE_4.27/FeaturePacks/StarterContent.upack)
[2022.03.07-15.10.28:895][  0]LogPakFile: OnPakFileMounted2Time == 0.000037
[2022.03.07-15.10.28:896][  0]LogPakFile: PakFile PrimaryIndexSize=190
[2022.03.07-15.10.28:896][  0]LogPakFile: PakFile PathHashIndexSize=101
[2022.03.07-15.10.28:896][  0]LogPakFile: PakFile FullDirectoryIndexSize=154
[2022.03.07-15.10.28:896][  0]LogShaderLibrary: Display: ShaderCodeLibraryPakFileMountedCallback: PakFile 'C:/EpicGames/UE_4.27/FeaturePacks/TP_2DSideScroller.upack' (chunk index -1, root 'root:/') mounted
[2022.03.07-15.10.28:896][  0]LogShaderLibrary: Display: ShaderCodeLibraryPakFileMountedCallback: pending pak file info (ChunkID:-1 Root:root:/ File:C:/EpicGames/UE_4.27/FeaturePacks/TP_2DSideScroller.upack)
[2022.03.07-15.10.28:896][  0]LogPakFile: OnPakFileMounted2Time == 0.000039
[2022.03.07-15.10.28:898][  0]LogPakFile: PakFile PrimaryIndexSize=192
[2022.03.07-15.10.28:898][  0]LogPakFile: PakFile PathHashIndexSize=101
[2022.03.07-15.10.28:898][  0]LogPakFile: PakFile FullDirectoryIndexSize=158
[2022.03.07-15.10.28:898][  0]LogShaderLibrary: Display: ShaderCodeLibraryPakFileMountedCallback: PakFile 'C:/EpicGames/UE_4.27/FeaturePacks/TP_2DSideScrollerBP.upack' (chunk index -1, root 'root:/') mounted
[2022.03.07-15.10.28:898][  0]LogShaderLibrary: Display: ShaderCodeLibraryPakFileMountedCallback: pending pak file info (ChunkID:-1 Root:root:/ File:C:/EpicGames/UE_4.27/FeaturePacks/TP_2DSideScrollerBP.upack)
[2022.03.07-15.10.28:898][  0]LogPakFile: OnPakFileMounted2Time == 0.000064
[2022.03.07-15.10.28:899][  0]LogPakFile: PakFile PrimaryIndexSize=182
[2022.03.07-15.10.28:899][  0]LogPakFile: PakFile PathHashIndexSize=101
[2022.03.07-15.10.28:899][  0]LogPakFile: PakFile FullDirectoryIndexSize=138
[2022.03.07-15.10.28:899][  0]LogShaderLibrary: Display: ShaderCodeLibraryPakFileMountedCallback: PakFile 'C:/EpicGames/UE_4.27/FeaturePacks/TP_Flying.upack' (chunk index -1, root 'root:/') mounted
[2022.03.07-15.10.28:899][  0]LogShaderLibrary: Display: ShaderCodeLibraryPakFileMountedCallback: pending pak file info (ChunkID:-1 Root:root:/ File:C:/EpicGames/UE_4.27/FeaturePacks/TP_Flying.upack)
[2022.03.07-15.10.28:899][  0]LogPakFile: OnPakFileMounted2Time == 0.000043
[2022.03.07-15.10.28:900][  0]LogPakFile: PakFile PrimaryIndexSize=184
[2022.03.07-15.10.28:900][  0]LogPakFile: PakFile PathHashIndexSize=101
[2022.03.07-15.10.28:900][  0]LogPakFile: PakFile FullDirectoryIndexSize=142
[2022.03.07-15.10.28:900][  0]LogShaderLibrary: Display: ShaderCodeLibraryPakFileMountedCallback: PakFile 'C:/EpicGames/UE_4.27/FeaturePacks/TP_FlyingBP.upack' (chunk index -1, root 'root:/') mounted
[2022.03.07-15.10.28:900][  0]LogShaderLibrary: Display: ShaderCodeLibraryPakFileMountedCallback: pending pak file info (ChunkID:-1 Root:root:/ File:C:/EpicGames/UE_4.27/FeaturePacks/TP_FlyingBP.upack)
[2022.03.07-15.10.28:900][  0]LogPakFile: OnPakFileMounted2Time == 0.000040
[2022.03.07-15.10.28:901][  0]LogPakFile: PakFile PrimaryIndexSize=188
[2022.03.07-15.10.28:901][  0]LogPakFile: PakFile PathHashIndexSize=101
[2022.03.07-15.10.28:901][  0]LogPakFile: PakFile FullDirectoryIndexSize=150
[2022.03.07-15.10.28:901][  0]LogShaderLibrary: Display: ShaderCodeLibraryPakFileMountedCallback: PakFile 'C:/EpicGames/UE_4.27/FeaturePacks/TP_HandheldARBP.upack' (chunk index -1, root 'root:/') mounted
[2022.03.07-15.10.28:901][  0]LogShaderLibrary: Display: ShaderCodeLibraryPakFileMountedCallback: pending pak file info (ChunkID:-1 Root:root:/ File:C:/EpicGames/UE_4.27/FeaturePacks/TP_HandheldARBP.upack)
[2022.03.07-15.10.28:901][  0]LogPakFile: OnPakFileMounted2Time == 0.000035
[2022.03.07-15.10.28:903][  0]LogPakFile: PakFile PrimaryIndexSize=182
[2022.03.07-15.10.28:903][  0]LogPakFile: PakFile PathHashIndexSize=101
[2022.03.07-15.10.28:903][  0]LogPakFile: PakFile FullDirectoryIndexSize=138
[2022.03.07-15.10.28:903][  0]LogShaderLibrary: Display: ShaderCodeLibraryPakFileMountedCallback: PakFile 'C:/EpicGames/UE_4.27/FeaturePacks/TP_Puzzle.upack' (chunk index -1, root 'root:/') mounted
[2022.03.07-15.10.28:903][  0]LogShaderLibrary: Display: ShaderCodeLibraryPakFileMountedCallback: pending pak file info (ChunkID:-1 Root:root:/ File:C:/EpicGames/UE_4.27/FeaturePacks/TP_Puzzle.upack)
[2022.03.07-15.10.28:903][  0]LogPakFile: OnPakFileMounted2Time == 0.000037
[2022.03.07-15.10.28:904][  0]LogPakFile: PakFile PrimaryIndexSize=184
[2022.03.07-15.10.28:904][  0]LogPakFile: PakFile PathHashIndexSize=101
[2022.03.07-15.10.28:904][  0]LogPakFile: PakFile FullDirectoryIndexSize=142
[2022.03.07-15.10.28:904][  0]LogShaderLibrary: Display: ShaderCodeLibraryPakFileMountedCallback: PakFile 'C:/EpicGames/UE_4.27/FeaturePacks/TP_PuzzleBP.upack' (chunk index -1, root 'root:/') mounted
[2022.03.07-15.10.28:904][  0]LogShaderLibrary: Display: ShaderCodeLibraryPakFileMountedCallback: pending pak file info (ChunkID:-1 Root:root:/ File:C:/EpicGames/UE_4.27/FeaturePacks/TP_PuzzleBP.upack)
[2022.03.07-15.10.28:904][  0]LogPakFile: OnPakFileMounted2Time == 0.000034
[2022.03.07-15.10.28:905][  0]LogPakFile: PakFile PrimaryIndexSize=183
[2022.03.07-15.10.28:905][  0]LogPakFile: PakFile PathHashIndexSize=101
[2022.03.07-15.10.28:905][  0]LogPakFile: PakFile FullDirectoryIndexSize=140
[2022.03.07-15.10.28:905][  0]LogShaderLibrary: Display: ShaderCodeLibraryPakFileMountedCallback: PakFile 'C:/EpicGames/UE_4.27/FeaturePacks/TP_Rolling.upack' (chunk index -1, root 'root:/') mounted
[2022.03.07-15.10.28:905][  0]LogShaderLibrary: Display: ShaderCodeLibraryPakFileMountedCallback: pending pak file info (ChunkID:-1 Root:root:/ File:C:/EpicGames/UE_4.27/FeaturePacks/TP_Rolling.upack)
[2022.03.07-15.10.28:905][  0]LogPakFile: OnPakFileMounted2Time == 0.000032
[2022.03.07-15.10.28:906][  0]LogPakFile: PakFile PrimaryIndexSize=185
[2022.03.07-15.10.28:906][  0]LogPakFile: PakFile PathHashIndexSize=101
[2022.03.07-15.10.28:906][  0]LogPakFile: PakFile FullDirectoryIndexSize=144
[2022.03.07-15.10.28:906][  0]LogShaderLibrary: Display: ShaderCodeLibraryPakFileMountedCallback: PakFile 'C:/EpicGames/UE_4.27/FeaturePacks/TP_RollingBP.upack' (chunk index -1, root 'root:/') mounted
[2022.03.07-15.10.28:906][  0]LogShaderLibrary: Display: ShaderCodeLibraryPakFileMountedCallback: pending pak file info (ChunkID:-1 Root:root:/ File:C:/EpicGames/UE_4.27/FeaturePacks/TP_RollingBP.upack)
[2022.03.07-15.10.28:906][  0]LogPakFile: OnPakFileMounted2Time == 0.000033
[2022.03.07-15.10.28:908][  0]LogPakFile: PakFile PrimaryIndexSize=188
[2022.03.07-15.10.28:908][  0]LogPakFile: PakFile PathHashIndexSize=101
[2022.03.07-15.10.28:908][  0]LogPakFile: PakFile FullDirectoryIndexSize=150
[2022.03.07-15.10.28:908][  0]LogShaderLibrary: Display: ShaderCodeLibraryPakFileMountedCallback: PakFile 'C:/EpicGames/UE_4.27/FeaturePacks/TP_SideScroller.upack' (chunk index -1, root 'root:/') mounted
[2022.03.07-15.10.28:908][  0]LogShaderLibrary: Display: ShaderCodeLibraryPakFileMountedCallback: pending pak file info (ChunkID:-1 Root:root:/ File:C:/EpicGames/UE_4.27/FeaturePacks/TP_SideScroller.upack)
[2022.03.07-15.10.28:908][  0]LogPakFile: OnPakFileMounted2Time == 0.000034
[2022.03.07-15.10.28:908][  0]LogPakFile: PakFile PrimaryIndexSize=190
[2022.03.07-15.10.28:908][  0]LogPakFile: PakFile PathHashIndexSize=101
[2022.03.07-15.10.28:908][  0]LogPakFile: PakFile FullDirectoryIndexSize=154
[2022.03.07-15.10.28:908][  0]LogShaderLibrary: Display: ShaderCodeLibraryPakFileMountedCallback: PakFile 'C:/EpicGames/UE_4.27/FeaturePacks/TP_SideScrollerBP.upack' (chunk index -1, root 'root:/') mounted
[2022.03.07-15.10.28:908][  0]LogShaderLibrary: Display: ShaderCodeLibraryPakFileMountedCallback: pending pak file info (ChunkID:-1 Root:root:/ File:C:/EpicGames/UE_4.27/FeaturePacks/TP_SideScrollerBP.upack)
[2022.03.07-15.10.28:908][  0]LogPakFile: OnPakFileMounted2Time == 0.000037
[2022.03.07-15.10.28:909][  0]LogPakFile: PakFile PrimaryIndexSize=187
[2022.03.07-15.10.28:909][  0]LogPakFile: PakFile PathHashIndexSize=101
[2022.03.07-15.10.28:909][  0]LogPakFile: PakFile FullDirectoryIndexSize=148
[2022.03.07-15.10.28:909][  0]LogShaderLibrary: Display: ShaderCodeLibraryPakFileMountedCallback: PakFile 'C:/EpicGames/UE_4.27/FeaturePacks/TP_ThirdPerson.upack' (chunk index -1, root 'root:/') mounted
[2022.03.07-15.10.28:909][  0]LogShaderLibrary: Display: ShaderCodeLibraryPakFileMountedCallback: pending pak file info (ChunkID:-1 Root:root:/ File:C:/EpicGames/UE_4.27/FeaturePacks/TP_ThirdPerson.upack)
[2022.03.07-15.10.28:909][  0]LogPakFile: OnPakFileMounted2Time == 0.000035
[2022.03.07-15.10.28:910][  0]LogPakFile: PakFile PrimaryIndexSize=189
[2022.03.07-15.10.28:910][  0]LogPakFile: PakFile PathHashIndexSize=101
[2022.03.07-15.10.28:910][  0]LogPakFile: PakFile FullDirectoryIndexSize=152
[2022.03.07-15.10.28:910][  0]LogShaderLibrary: Display: ShaderCodeLibraryPakFileMountedCallback: PakFile 'C:/EpicGames/UE_4.27/FeaturePacks/TP_ThirdPersonBP.upack' (chunk index -1, root 'root:/') mounted
[2022.03.07-15.10.28:910][  0]LogShaderLibrary: Display: ShaderCodeLibraryPakFileMountedCallback: pending pak file info (ChunkID:-1 Root:root:/ File:C:/EpicGames/UE_4.27/FeaturePacks/TP_ThirdPersonBP.upack)
[2022.03.07-15.10.28:910][  0]LogPakFile: OnPakFileMounted2Time == 0.000034
[2022.03.07-15.10.28:911][  0]LogPakFile: PakFile PrimaryIndexSize=183
[2022.03.07-15.10.28:911][  0]LogPakFile: PakFile PathHashIndexSize=101
[2022.03.07-15.10.28:911][  0]LogPakFile: PakFile FullDirectoryIndexSize=140
[2022.03.07-15.10.28:911][  0]LogShaderLibrary: Display: ShaderCodeLibraryPakFileMountedCallback: PakFile 'C:/EpicGames/UE_4.27/FeaturePacks/TP_TopDown.upack' (chunk index -1, root 'root:/') mounted
[2022.03.07-15.10.28:911][  0]LogShaderLibrary: Display: ShaderCodeLibraryPakFileMountedCallback: pending pak file info (ChunkID:-1 Root:root:/ File:C:/EpicGames/UE_4.27/FeaturePacks/TP_TopDown.upack)
[2022.03.07-15.10.28:911][  0]LogPakFile: OnPakFileMounted2Time == 0.000047
[2022.03.07-15.10.28:912][  0]LogPakFile: PakFile PrimaryIndexSize=185
[2022.03.07-15.10.28:912][  0]LogPakFile: PakFile PathHashIndexSize=101
[2022.03.07-15.10.28:912][  0]LogPakFile: PakFile FullDirectoryIndexSize=144
[2022.03.07-15.10.28:912][  0]LogShaderLibrary: Display: ShaderCodeLibraryPakFileMountedCallback: PakFile 'C:/EpicGames/UE_4.27/FeaturePacks/TP_TopDownBP.upack' (chunk index -1, root 'root:/') mounted
[2022.03.07-15.10.28:912][  0]LogShaderLibrary: Display: ShaderCodeLibraryPakFileMountedCallback: pending pak file info (ChunkID:-1 Root:root:/ File:C:/EpicGames/UE_4.27/FeaturePacks/TP_TopDownBP.upack)
[2022.03.07-15.10.28:912][  0]LogPakFile: OnPakFileMounted2Time == 0.000038
[2022.03.07-15.10.28:914][  0]LogPakFile: PakFile PrimaryIndexSize=185
[2022.03.07-15.10.28:914][  0]LogPakFile: PakFile PathHashIndexSize=101
[2022.03.07-15.10.28:914][  0]LogPakFile: PakFile FullDirectoryIndexSize=144
[2022.03.07-15.10.28:914][  0]LogShaderLibrary: Display: ShaderCodeLibraryPakFileMountedCallback: PakFile 'C:/EpicGames/UE_4.27/FeaturePacks/TP_TwinStick.upack' (chunk index -1, root 'root:/') mounted
[2022.03.07-15.10.28:914][  0]LogShaderLibrary: Display: ShaderCodeLibraryPakFileMountedCallback: pending pak file info (ChunkID:-1 Root:root:/ File:C:/EpicGames/UE_4.27/FeaturePacks/TP_TwinStick.upack)
[2022.03.07-15.10.28:914][  0]LogPakFile: OnPakFileMounted2Time == 0.000064
[2022.03.07-15.10.28:916][  0]LogPakFile: PakFile PrimaryIndexSize=187
[2022.03.07-15.10.28:916][  0]LogPakFile: PakFile PathHashIndexSize=101
[2022.03.07-15.10.28:916][  0]LogPakFile: PakFile FullDirectoryIndexSize=148
[2022.03.07-15.10.28:916][  0]LogShaderLibrary: Display: ShaderCodeLibraryPakFileMountedCallback: PakFile 'C:/EpicGames/UE_4.27/FeaturePacks/TP_TwinStickBP.upack' (chunk index -1, root 'root:/') mounted
[2022.03.07-15.10.28:916][  0]LogShaderLibrary: Display: ShaderCodeLibraryPakFileMountedCallback: pending pak file info (ChunkID:-1 Root:root:/ File:C:/EpicGames/UE_4.27/FeaturePacks/TP_TwinStickBP.upack)
[2022.03.07-15.10.28:916][  0]LogPakFile: OnPakFileMounted2Time == 0.000041
[2022.03.07-15.10.28:917][  0]LogPakFile: PakFile PrimaryIndexSize=183
[2022.03.07-15.10.28:917][  0]LogPakFile: PakFile PathHashIndexSize=101
[2022.03.07-15.10.28:917][  0]LogPakFile: PakFile FullDirectoryIndexSize=140
[2022.03.07-15.10.28:917][  0]LogShaderLibrary: Display: ShaderCodeLibraryPakFileMountedCallback: PakFile 'C:/EpicGames/UE_4.27/FeaturePacks/TP_Vehicle.upack' (chunk index -1, root 'root:/') mounted
[2022.03.07-15.10.28:917][  0]LogShaderLibrary: Display: ShaderCodeLibraryPakFileMountedCallback: pending pak file info (ChunkID:-1 Root:root:/ File:C:/EpicGames/UE_4.27/FeaturePacks/TP_Vehicle.upack)
[2022.03.07-15.10.28:917][  0]LogPakFile: OnPakFileMounted2Time == 0.000057
[2022.03.07-15.10.28:918][  0]LogPakFile: PakFile PrimaryIndexSize=186
[2022.03.07-15.10.28:918][  0]LogPakFile: PakFile PathHashIndexSize=101
[2022.03.07-15.10.28:918][  0]LogPakFile: PakFile FullDirectoryIndexSize=146
[2022.03.07-15.10.28:918][  0]LogShaderLibrary: Display: ShaderCodeLibraryPakFileMountedCallback: PakFile 'C:/EpicGames/UE_4.27/FeaturePacks/TP_VehicleAdv.upack' (chunk index -1, root 'root:/') mounted
[2022.03.07-15.10.28:918][  0]LogShaderLibrary: Display: ShaderCodeLibraryPakFileMountedCallback: pending pak file info (ChunkID:-1 Root:root:/ File:C:/EpicGames/UE_4.27/FeaturePacks/TP_VehicleAdv.upack)
[2022.03.07-15.10.28:918][  0]LogPakFile: OnPakFileMounted2Time == 0.000040
[2022.03.07-15.10.28:919][  0]LogPakFile: PakFile PrimaryIndexSize=188
[2022.03.07-15.10.28:919][  0]LogPakFile: PakFile PathHashIndexSize=101
[2022.03.07-15.10.28:919][  0]LogPakFile: PakFile FullDirectoryIndexSize=150
[2022.03.07-15.10.28:919][  0]LogShaderLibrary: Display: ShaderCodeLibraryPakFileMountedCallback: PakFile 'C:/EpicGames/UE_4.27/FeaturePacks/TP_VehicleAdvBP.upack' (chunk index -1, root 'root:/') mounted
[2022.03.07-15.10.28:919][  0]LogShaderLibrary: Display: ShaderCodeLibraryPakFileMountedCallback: pending pak file info (ChunkID:-1 Root:root:/ File:C:/EpicGames/UE_4.27/FeaturePacks/TP_VehicleAdvBP.upack)
[2022.03.07-15.10.28:919][  0]LogPakFile: OnPakFileMounted2Time == 0.000041
[2022.03.07-15.10.28:921][  0]LogPakFile: PakFile PrimaryIndexSize=185
[2022.03.07-15.10.28:921][  0]LogPakFile: PakFile PathHashIndexSize=101
[2022.03.07-15.10.28:921][  0]LogPakFile: PakFile FullDirectoryIndexSize=144
[2022.03.07-15.10.28:921][  0]LogShaderLibrary: Display: ShaderCodeLibraryPakFileMountedCallback: PakFile 'C:/EpicGames/UE_4.27/FeaturePacks/TP_VehicleBP.upack' (chunk index -1, root 'root:/') mounted
[2022.03.07-15.10.28:921][  0]LogShaderLibrary: Display: ShaderCodeLibraryPakFileMountedCallback: pending pak file info (ChunkID:-1 Root:root:/ File:C:/EpicGames/UE_4.27/FeaturePacks/TP_VehicleBP.upack)
[2022.03.07-15.10.28:921][  0]LogPakFile: OnPakFileMounted2Time == 0.000037
[2022.03.07-15.10.28:922][  0]LogPakFile: PakFile PrimaryIndexSize=192
[2022.03.07-15.10.28:922][  0]LogPakFile: PakFile PathHashIndexSize=101
[2022.03.07-15.10.28:922][  0]LogPakFile: PakFile FullDirectoryIndexSize=158
[2022.03.07-15.10.28:922][  0]LogShaderLibrary: Display: ShaderCodeLibraryPakFileMountedCallback: PakFile 'C:/EpicGames/UE_4.27/FeaturePacks/TP_VirtualRealityBP.upack' (chunk index -1, root 'root:/') mounted
[2022.03.07-15.10.28:922][  0]LogShaderLibrary: Display: ShaderCodeLibraryPakFileMountedCallback: pending pak file info (ChunkID:-1 Root:root:/ File:C:/EpicGames/UE_4.27/FeaturePacks/TP_VirtualRealityBP.upack)
[2022.03.07-15.10.28:922][  0]LogPakFile: OnPakFileMounted2Time == 0.000035
[2022.03.07-15.10.29:035][  0]LogNativeClassHierarchy: Verbose: Native class hierarchy updated for 'AddContentDialog' in 0.0003 seconds. Added 0 classes and 0 folders.
[2022.03.07-15.10.29:040][  0]LogNativeClassHierarchy: Verbose: Native class hierarchy updated for 'SceneOutliner' in 0.0003 seconds. Added 2 classes and 0 folders.
[2022.03.07-15.10.29:149][  0]LogSlate: Took 0.001060 seconds to synchronously load lazily loaded font '../../../Engine/Content/Slate/Fonts/Roboto-Regular.ttf' (155K)
[2022.03.07-15.10.29:153][  0]LogSlate: Took 0.004049 seconds to synchronously load lazily loaded font '../../../Engine/Content/Editor/Slate/Fonts/NanumGothic.ttf' (4243K)
[2022.03.07-15.10.29:154][  0]LogSlate: Took 0.000671 seconds to synchronously load lazily loaded font '../../../Engine/Content/Editor/Slate/Fonts/FontAwesome.ttf' (139K)
[2022.03.07-15.10.29:159][  0]LogSlate: Took 0.004049 seconds to synchronously load lazily loaded font '../../../Engine/Content/Editor/Slate/Fonts/NanumGothicBold.ttf' (4188K)
[2022.03.07-15.10.29:160][  0]LogSlate: Took 0.000916 seconds to synchronously load lazily loaded font '../../../Engine/Content/Slate/Fonts/Roboto-Bold.ttf' (160K)
[2022.03.07-15.10.29:268][  0]LogRenderer: Reallocating scene render targets to support 864x400 Format 10 NumSamples 1 (Frame:1).
[2022.03.07-15.10.29:300][  0]LogSlate: Took 0.000875 seconds to synchronously load lazily loaded font '../../../Engine/Content/Slate/Fonts/Roboto-Light.ttf' (167K)
[2022.03.07-15.10.29:339][  0]LogNativeClassHierarchy: Verbose: Native class hierarchy updated for 'HierarchicalLODOutliner' in 0.0003 seconds. Added 0 classes and 0 folders.
[2022.03.07-15.10.29:339][  0]LogLoad: (Engine Initialization) Total time: 11.53 seconds
[2022.03.07-15.10.29:339][  0]LogLoad: (Engine Initialization) Total Blueprint compile time: 0.00 seconds
[2022.03.07-15.10.29:549][  0]LogAssetRegistry: Asset discovery search completed in 6.6685 seconds
[2022.03.07-15.10.29:557][  0]LogCollectionManager: Fixed up redirectors for 0 collections in 0.000001 seconds (updated 0 objects)
[2022.03.07-15.10.29:557][  0]LogContentStreaming: Texture pool size now 1000 MB
[2022.03.07-15.10.29:591][  0]LogRenderer: Reallocating scene render targets to support 864x416 Format 10 NumSamples 1 (Frame:2).
[2022.03.07-15.18.02:154][498]LogTemp: Repeating last play command: 선택된 뷰포트
[2022.03.07-15.18.02:161][498]LogPlayLevel: PlayLevel: No blueprints needed recompiling
[2022.03.07-15.18.02:161][498]PIE: New page: PIE 세션: MainLevel (2022. 3. 8. 오전 9:18:02)
[2022.03.07-15.18.02:162][498]LogOnline: OSS: Creating online subsystem instance for: NULL
[2022.03.07-15.18.02:164][498]LogOnline: OSS: TryLoadSubsystemAndSetDefault: Loaded subsystem for module [NULL]
[2022.03.07-15.18.02:164][498]LogPlayLevel: Creating play world package: /Game/UEDPIE_0_MainLevel
[2022.03.07-15.18.02:165][498]LogPlayLevel: PIE: StaticDuplicateObject took: (0.001182s)
[2022.03.07-15.18.02:166][498]LogAIModule: Creating AISystem for world MainLevel
[2022.03.07-15.18.02:166][498]LogPlayLevel: PIE: World Init took: (0.001060s)
[2022.03.07-15.18.02:166][498]LogPlayLevel: PIE: Created PIE world by copying editor world from /Game/MainLevel.MainLevel to /Game/UEDPIE_0_MainLevel.MainLevel (0.002355s)
[2022.03.07-15.18.02:173][498]LogUObjectHash: Compacting FUObjectHashTables data took   0.70ms
[2022.03.07-15.18.02:177][498]LogAudio: Display: Creating Audio Device:                 Id: 2, Scope: Unique, Realtime: True
[2022.03.07-15.18.02:177][498]LogAudioMixer: Display: Audio Mixer Platform Settings:
[2022.03.07-15.18.02:177][498]LogAudioMixer: Display: 	Sample Rate:						  48000
[2022.03.07-15.18.02:177][498]LogAudioMixer: Display: 	Callback Buffer Frame Size Requested: 1024
[2022.03.07-15.18.02:177][498]LogAudioMixer: Display: 	Callback Buffer Frame Size To Use:	  1024
[2022.03.07-15.18.02:177][498]LogAudioMixer: Display: 	Number of buffers to queue:			  2
[2022.03.07-15.18.02:177][498]LogAudioMixer: Display: 	Max Channels (voices):				  32
[2022.03.07-15.18.02:177][498]LogAudioMixer: Display: 	Number of Async Source Workers:		  0
[2022.03.07-15.18.02:177][498]LogAudio: Display: AudioDevice MaxSources: 32
[2022.03.07-15.18.02:178][498]LogAudio: Display: Audio Spatialization Plugin: None (built-in).
[2022.03.07-15.18.02:178][498]LogAudio: Display: Audio Reverb Plugin: None (built-in).
[2022.03.07-15.18.02:178][498]LogAudio: Display: Audio Occlusion Plugin: None (built-in).
[2022.03.07-15.18.02:178][498]LogAudioMixer: Display: Initializing audio mixer.
[2022.03.07-15.18.02:190][498]LogAudioMixer: Display: 0: FrontLeft
[2022.03.07-15.18.02:190][498]LogAudioMixer: Display: 1: FrontRight
[2022.03.07-15.18.02:219][498]LogAudioMixer: Display: Using Audio Device 스피커(Realtek(R) Audio)
[2022.03.07-15.18.02:219][498]LogAudioMixer: Display: Initializing Sound Submixes...
[2022.03.07-15.18.02:219][498]LogAudioMixer: Display: Creating Master Submix 'MasterSubmixDefault'
[2022.03.07-15.18.02:219][498]LogAudioMixer: Display: Creating Master Submix 'MasterReverbSubmixDefault'
[2022.03.07-15.18.02:219][498]LogAudioMixer: Display: Creating Master Submix 'MasterEQSubmixDefault'
[2022.03.07-15.18.02:219][498]LogAudioMixer: FMixerPlatformXAudio2::StartAudioStream() called
[2022.03.07-15.18.02:219][498]LogAudioMixer: Display: Output buffers initialized: Frames=1024, Channels=2, Samples=2048
[2022.03.07-15.18.02:220][498]LogAudioMixer: Display: Starting AudioMixerPlatformInterface::RunInternal()
[2022.03.07-15.18.02:220][498]LogAudioMixer: Display: FMixerPlatformXAudio2::SubmitBuffer() called for the first time
[2022.03.07-15.18.02:220][498]LogInit: FAudioDevice initialized.
[2022.03.07-15.18.02:221][498]LogAudio: Display: Audio Device (ID: 2) registered with world 'MainLevel'.
[2022.03.07-15.18.02:233][498]LogLoad: Game class is 'GameModeBase'
[2022.03.07-15.18.02:235][498]LogWorld: Bringing World /Game/UEDPIE_0_MainLevel.MainLevel up for play (max tick rate 60) at 2022.03.08-00.18.02
[2022.03.07-15.18.02:235][498]LogWorld: Bringing up level for play took: 0.000462
[2022.03.07-15.18.02:235][498]LogOnline: OSS: Creating online subsystem instance for: :Context_2
[2022.03.07-15.18.02:246][498]LogNativeClassHierarchy: Verbose: Native class hierarchy updated for 'MovieSceneCapture' in 0.0004 seconds. Added 20 classes and 0 folders.
[2022.03.07-15.18.02:247][498]LogViewport: Display: Viewport MouseLockMode Changed, LockOnCapture -> LockInFullscreen
[2022.03.07-15.18.02:247][498]LogViewport: Display: Viewport MouseCaptureMode Changed, CapturePermanently_IncludingInitialMouseDown -> NoCapture
[2022.03.07-15.18.02:247][498]LogViewport: Display: Player bShowMouseCursor Changed, False -> True
[2022.03.07-15.18.04:045][498]LogWindows: Error: === Critical error: ===
[2022.03.07-15.18.04:045][498]LogWindows: Error: 
[2022.03.07-15.18.04:045][498]LogWindows: Error: Fatal error!
[2022.03.07-15.18.04:045][498]LogWindows: Error: 
[2022.03.07-15.18.04:045][498]LogWindows: Error: Unhandled Exception: EXCEPTION_ACCESS_VIOLATION reading address 0x0000000000000578
[2022.03.07-15.18.04:045][498]LogWindows: Error: 
[2022.03.07-15.18.04:045][498]LogWindows: Error: [Callstack] 0x00007ffa7bd3511e UE4Editor-ChattingClient-9051.dll!TArray<TScriptDelegate<FWeakObjectPtr>,TSizedDefaultAllocator<32> >::RemoveAllSwap<<lambda_91e272c2e6003ae2685cd0d06095ff3e> >() [C:\EpicGames\UE_4.27\Engine\Source\Runtime\Core\Public\Containers\Array.h:2310]
[2022.03.07-15.18.04:045][498]LogWindows: Error: [Callstack] 0x00007ffa7bd35928 UE4Editor-ChattingClient-9051.dll!TMulticastScriptDelegate<FWeakObjectPtr>::Add() [C:\EpicGames\UE_4.27\Engine\Source\Runtime\Core\Public\UObject\ScriptDelegates.h:327]
[2022.03.07-15.18.04:045][498]LogWindows: Error: [Callstack] 0x00007ffa7bd36e8f UE4Editor-ChattingClient-9051.dll!AUser::BeginPlay() [D:\Study\ChattingClient\ChattingClient\Source\ChattingClient\Private\User.cpp:52]
[2022.03.07-15.18.04:045][498]LogWindows: Error: [Callstack] 0x00007ffaac0b0c1f UE4Editor-Engine.dll!UnknownFunction []
[2022.03.07-15.18.04:045][498]LogWindows: Error: [Callstack] 0x00007ffaad4bba95 UE4Editor-Engine.dll!UnknownFunction []
[2022.03.07-15.18.04:045][498]LogWindows: Error: [Callstack] 0x00007ffaac7fca31 UE4Editor-Engine.dll!UnknownFunction []
[2022.03.07-15.18.04:045][498]LogWindows: Error: [Callstack] 0x00007ffaad45fb3e UE4Editor-Engine.dll!UnknownFunction []
[2022.03.07-15.18.04:045][498]LogWindows: Error: [Callstack] 0x00007ffaac81eb09 UE4Editor-Engine.dll!UnknownFunction []
[2022.03.07-15.18.04:045][498]LogWindows: Error: [Callstack] 0x00007ffa983a2c45 UE4Editor-UnrealEd.dll!UnknownFunction []
[2022.03.07-15.18.04:045][498]LogWindows: Error: [Callstack] 0x00007ffa983c622f UE4Editor-UnrealEd.dll!UnknownFunction []
[2022.03.07-15.18.04:045][498]LogWindows: Error: [Callstack] 0x00007ffa983a397d UE4Editor-UnrealEd.dll!UnknownFunction []
[2022.03.07-15.18.04:045][498]LogWindows: Error: [Callstack] 0x00007ffa983e3772 UE4Editor-UnrealEd.dll!UnknownFunction []
[2022.03.07-15.18.04:045][498]LogWindows: Error: [Callstack] 0x00007ffa983e6d31 UE4Editor-UnrealEd.dll!UnknownFunction []
[2022.03.07-15.18.04:045][498]LogWindows: Error: [Callstack] 0x00007ffa983e65f8 UE4Editor-UnrealEd.dll!UnknownFunction []
[2022.03.07-15.18.04:045][498]LogWindows: Error: [Callstack] 0x00007ffa97e40c8c UE4Editor-UnrealEd.dll!UnknownFunction []
[2022.03.07-15.18.04:045][498]LogWindows: Error: [Callstack] 0x00007ffa98742ba6 UE4Editor-UnrealEd.dll!UnknownFunction []
[2022.03.07-15.18.04:045][498]LogWindows: Error: [Callstack] 0x00007ff6e4c387a0 UE4Editor.exe!UnknownFunction []
[2022.03.07-15.18.04:045][498]LogWindows: Error: [Callstack] 0x00007ff6e4c50fcc UE4Editor.exe!UnknownFunction []
[2022.03.07-15.18.04:045][498]LogWindows: Error: [Callstack] 0x00007ff6e4c510ba UE4Editor.exe!UnknownFunction []
[2022.03.07-15.18.04:045][498]LogWindows: Error: [Callstack] 0x00007ff6e4c540dd UE4Editor.exe!UnknownFunction []
[2022.03.07-15.18.04:045][498]LogWindows: Error: [Callstack] 0x00007ff6e4c65984 UE4Editor.exe!UnknownFunction []
[2022.03.07-15.18.04:045][498]LogWindows: Error: [Callstack] 0x00007ff6e4c6853a UE4Editor.exe!UnknownFunction []
[2022.03.07-15.18.04:045][498]LogWindows: Error: [Callstack] 0x00007ffb0f897034 KERNEL32.DLL!UnknownFunction []
[2022.03.07-15.18.04:045][498]LogWindows: Error: [Callstack] 0x00007ffb10c22651 ntdll.dll!UnknownFunction []
[2022.03.07-15.18.04:045][498]LogWindows: Error: 
[2022.03.07-15.18.04:055][498]LogExit: Executing StaticShutdownAfterError
[2022.03.07-15.18.04:057][498]LogWindows: FPlatformMisc::RequestExit(1)
[2022.03.07-15.18.04:057][498]LogWindows: FPlatformMisc::RequestExitWithStatus(1, 3)
[2022.03.07-15.18.04:057][498]LogCore: Engine exit requested (reason: Win RequestExit)
[2022.03.07-15.18.04:065][498]Log file closed, 03/08/22 00:18:04
