Log file open, 03/08/22 16:10:55
LogWindows: Failed to load 'aqProf.dll' (GetLastError=126)
LogWindows: File 'aqProf.dll' does not exist
LogWindows: Failed to load 'VtuneApi.dll' (GetLastError=126)
LogWindows: File 'VtuneApi.dll' does not exist
LogWindows: Failed to load 'VtuneApi32e.dll' (GetLastError=126)
LogWindows: File 'VtuneApi32e.dll' does not exist
LogConsoleResponse: Display: Failed to find resolution value strings in scalability ini. Falling back to default.
LogConsoleResponse: Display: Failed to find resolution value strings in scalability ini. Falling back to default.
LogInit: Display: Running engine for game: ChattingClient
LogPlatformFile: Not using cached read wrapper
LogTaskGraph: Started task graph with 5 named threads and 35 total threads with 3 sets of task threads.
LogStats: Stats thread started at 0.413376
LogICUInternationalization: ICU TimeZone Detection - Raw Offset: +9:00, Platform Override: ''
LogInit: Display: Loading text-based GConfig....
LogPluginManager: Mounting plugin MeshPainting
LogPluginManager: Mounting plugin XGEController
LogPluginManager: Mounting plugin Paper2D
LogPluginManager: Mounting plugin AISupport
LogPluginManager: Mounting plugin EnvironmentQueryEditor
LogPluginManager: Mounting plugin LiveLink
LogPluginManager: Mounting plugin LightPropagationVolume
LogPluginManager: Mounting plugin OodleData
LogPluginManager: Mounting plugin OodleNetwork
LogPluginManager: Mounting plugin CameraShakePreviewer
LogPluginManager: Mounting plugin GameplayCameras
LogPluginManager: Mounting plugin CLionSourceCodeAccess
LogPluginManager: Mounting plugin CodeLiteSourceCodeAccess
LogPluginManager: Mounting plugin GitSourceControl
LogPluginManager: Mounting plugin KDevelopSourceCodeAccess
LogPluginManager: Mounting plugin AnimationSharing
LogPluginManager: Mounting plugin NullSourceCodeAccess
LogPluginManager: Mounting plugin PerforceSourceControl
LogPluginManager: Mounting plugin PixWinPlugin
LogPluginManager: Mounting plugin PlasticSourceControl
LogPluginManager: Mounting plugin PluginUtils
LogPluginManager: Mounting plugin RiderSourceCodeAccess
LogPluginManager: Mounting plugin PropertyAccessNode
LogPluginManager: Mounting plugin SubversionSourceControl
LogPluginManager: Mounting plugin TextureFormatOodle
LogPluginManager: Mounting plugin VisualStudioSourceCodeAccess
LogPluginManager: Mounting plugin UObjectPlugin
LogPluginManager: Mounting plugin VisualStudioCodeSourceCodeAccess
LogPluginManager: Mounting plugin DatasmithContent
LogPluginManager: Mounting plugin AssetManagerEditor
LogPluginManager: Mounting plugin AlembicImporter
LogPluginManager: Mounting plugin AutomationUtils
LogPluginManager: Mounting plugin BackChannel
LogPluginManager: Mounting plugin ChaosCloth
LogPluginManager: Mounting plugin ChaosClothEditor
LogPluginManager: Mounting plugin ChaosEditor
LogPluginManager: Mounting plugin ChaosNiagara
LogPluginManager: Mounting plugin ChaosSolverPlugin
LogPluginManager: Mounting plugin CharacterAI
LogPluginManager: Mounting plugin XCodeSourceCodeAccess
LogPluginManager: Mounting plugin GeometryCache
LogPluginManager: Mounting plugin GeometryCollectionPlugin
LogPluginManager: Mounting plugin VariantManagerContent
LogPluginManager: Mounting plugin Niagara
LogPluginManager: Mounting plugin GeometryProcessing
LogPluginManager: Mounting plugin MotoSynth
LogPluginManager: Mounting plugin PlanarCut
LogPluginManager: Mounting plugin OpenImageDenoise
LogPluginManager: Mounting plugin ProxyLODPlugin
LogPluginManager: Mounting plugin PythonScriptPlugin
LogPluginManager: Mounting plugin PlatformCrypto
LogPluginManager: Mounting plugin AvfMedia
LogPluginManager: Mounting plugin SkeletalReduction
LogPluginManager: Mounting plugin AndroidMedia
LogPluginManager: Mounting plugin MediaCompositing
LogPluginManager: Mounting plugin MediaPlayerEditor
LogPluginManager: Mounting plugin ImgMedia
LogPluginManager: Mounting plugin WebMMedia
LogPluginManager: Mounting plugin WmfMedia
LogPluginManager: Mounting plugin LuminPlatformFeatures
LogPluginManager: Mounting plugin MagicLeap
LogPluginManager: Mounting plugin MagicLeapLightEstimation
LogPluginManager: Mounting plugin MagicLeapMedia
LogPluginManager: Mounting plugin MagicLeapPassableWorld
LogPluginManager: Mounting plugin MLSDK
LogPluginManager: Mounting plugin ActorSequence
LogPluginManager: Mounting plugin LevelSequenceEditor
LogPluginManager: Mounting plugin MatineeToLevelSequence
LogPluginManager: Mounting plugin TemplateSequence
LogPluginManager: Mounting plugin TcpMessaging
LogPluginManager: Mounting plugin UdpMessaging
LogPluginManager: Mounting plugin OnlineSubsystemNull
LogPluginManager: Mounting plugin OnlineSubsystem
LogPluginManager: Mounting plugin OnlineSubsystemUtils
LogPluginManager: Mounting plugin LauncherChunkInstaller
LogPluginManager: Mounting plugin ActorLayerUtilities
LogPluginManager: Mounting plugin AndroidMoviePlayer
LogPluginManager: Mounting plugin AndroidPermission
LogPluginManager: Mounting plugin AndroidDeviceProfileSelector
LogPluginManager: Mounting plugin AppleImageUtils
LogPluginManager: Mounting plugin AppleMoviePlayer
LogPluginManager: Mounting plugin ArchVisCharacter
LogPluginManager: Mounting plugin AssetTags
LogPluginManager: Mounting plugin AudioCapture
LogPluginManager: Mounting plugin AudioSynesthesia
LogPluginManager: Mounting plugin CableComponent
LogPluginManager: Mounting plugin ChunkDownloader
LogPluginManager: Mounting plugin CustomMeshComponent
LogPluginManager: Mounting plugin EditableMesh
LogPluginManager: Mounting plugin ExampleDeviceProfileSelector
LogPluginManager: Mounting plugin GoogleCloudMessaging
LogPluginManager: Mounting plugin GooglePAD
LogPluginManager: Mounting plugin ScreenshotTools
LogPluginManager: Mounting plugin IOSDeviceProfileSelector
LogPluginManager: Mounting plugin LocationServicesBPLibrary
LogPluginManager: Mounting plugin LinuxDeviceProfileSelector
LogPluginManager: Mounting plugin MobilePatchingUtils
LogPluginManager: Mounting plugin OpenXR
LogPluginManager: Mounting plugin OpenXRHandTracking
LogPluginManager: Mounting plugin OpenXREyeTracker
LogPluginManager: Mounting plugin PhysXVehicles
LogPluginManager: Mounting plugin PostSplashScreen
LogPluginManager: Mounting plugin ProceduralMeshComponent
LogPluginManager: Mounting plugin PropertyAccessEditor
LogPluginManager: Mounting plugin SignificanceManager
LogPluginManager: Mounting plugin RuntimePhysXCooking
LogPluginManager: Mounting plugin SoundFields
LogPluginManager: Mounting plugin Synthesis
LogPluginManager: Mounting plugin WebMMoviePlayer
LogPluginManager: Mounting plugin WindowsMoviePlayer
LogPluginManager: Mounting plugin Takes
LogPluginManager: Mounting plugin CryptoKeys
LogPluginManager: Mounting plugin FacialAnimation
LogPluginManager: Mounting plugin DataValidation
LogPluginManager: Mounting plugin GameplayTagsEditor
LogPluginManager: Mounting plugin GeometryMode
LogPluginManager: Mounting plugin MacGraphicsSwitching
LogPluginManager: Mounting plugin MaterialAnalyzer
LogPluginManager: Mounting plugin MobileLauncherProfileWizard
LogPluginManager: Mounting plugin PluginBrowser
LogPluginManager: Mounting plugin SpeedTreeImporter
LogPluginManager: Mounting plugin CurveEditorTools
LogPluginManager: Mounting plugin OnlineSubsystemGooglePlay
LogPluginManager: Mounting plugin OnlineSubsystemIOS
LogPluginManager: Mounting plugin OculusVR
LogPluginManager: Mounting plugin SteamVR
LogPluginManager: Mounting plugin ContentBrowserAssetDataSource
LogPluginManager: Mounting plugin ContentBrowserClassDataSource
LogPluginManager: Mounting plugin ContentBrowserFileDataSource
PixWinPlugin: PIX capture plugin failed to initialize! Check that the process is launched from PIX.
LogInit: Using libcurl 7.55.1-DEV
LogInit:  - built for x86_64-pc-win32
LogInit:  - supports SSL with OpenSSL/1.1.1
LogInit:  - supports HTTP deflate (compression) using libz 1.2.8
LogInit:  - other features:
LogInit:      CURL_VERSION_SSL
LogInit:      CURL_VERSION_LIBZ
LogInit:      CURL_VERSION_IPV6
LogInit:      CURL_VERSION_ASYNCHDNS
LogInit:      CURL_VERSION_LARGEFILE
LogInit:      CURL_VERSION_IDN
LogInit:  CurlRequestOptions (configurable via config and command line):
LogInit:  - bVerifyPeer = true  - Libcurl will verify peer certificate
LogInit:  - bUseHttpProxy = false  - Libcurl will NOT use HTTP proxy
LogInit:  - bDontReuseConnections = false  - Libcurl will reuse connections
LogInit:  - MaxHostConnections = 16  - Libcurl will limit the number of connections to a host
LogInit:  - LocalHostAddr = Default
LogInit:  - BufferSize = 65536
LogOnline: OSS: Creating online subsystem instance for: NULL
LogInit: WinSock: version 1.1 (2.2), MaxSocks=32767, MaxUdp=65467
LogOnline: OSS: TryLoadSubsystemAndSetDefault: Loaded subsystem for module [NULL]
LogOculusPluginWrapper: OculusPlugin initialized successfully
LogHMD: Failed initializing OVRPlugin 1.59.0
LogInit: Build: ++UE4+Release-4.27-CL-18319896
LogInit: Engine Version: 4.27.2-18319896+++UE4+Release-4.27
LogInit: Compatible Engine Version: 4.27.0-17155196+++UE4+Release-4.27
LogInit: Net CL: 17155196
LogInit: OS: Windows 10 (Release 2009) (), CPU: Intel(R) Core(TM) i7-9750HF CPU @ 2.60GHz, GPU: NVIDIA GeForce GTX 1660 Ti
LogInit: Compiled (64-bit): Nov 30 2021 07:12:08
LogInit: Compiled with Visual C++: 19.24.28315.00
LogInit: Build Configuration: Development
LogInit: Branch Name: ++UE4+Release-4.27
LogInit: Command Line:  -skipcompile
LogInit: Base Directory: C:/EpicGames/UE_4.27/Engine/Binaries/Win64/
LogInit: Allocator: TBB
LogInit: Installed Engine Build: 1
LogDevObjectVersion: Number of dev versions registered: 29
LogDevObjectVersion:   Dev-Blueprints (B0D832E4-1F89-4F0D-ACCF-7EB736FD4AA2): 10
LogDevObjectVersion:   Dev-Build (E1C64328-A22C-4D53-A36C-8E866417BD8C): 0
LogDevObjectVersion:   Dev-Core (375EC13C-06E4-48FB-B500-84F0262A717E): 4
LogDevObjectVersion:   Dev-Editor (E4B068ED-F494-42E9-A231-DA0B2E46BB41): 40
LogDevObjectVersion:   Dev-Framework (CFFC743F-43B0-4480-9391-14DF171D2073): 37
LogDevObjectVersion:   Dev-Mobile (B02B49B5-BB20-44E9-A304-32B752E40360): 3
LogDevObjectVersion:   Dev-Networking (A4E4105C-59A1-49B5-A7C5-40C4547EDFEE): 0
LogDevObjectVersion:   Dev-Online (39C831C9-5AE6-47DC-9A44-9C173E1C8E7C): 0
LogDevObjectVersion:   Dev-Physics (78F01B33-EBEA-4F98-B9B4-84EACCB95AA2): 14
LogDevObjectVersion:   Dev-Platform (6631380F-2D4D-43E0-8009-CF276956A95A): 0
LogDevObjectVersion:   Dev-Rendering (12F88B9F-8875-4AFC-A67C-D90C383ABD29): 45
LogDevObjectVersion:   Dev-Sequencer (7B5AE74C-D270-4C10-A958-57980B212A5A): 13
LogDevObjectVersion:   Dev-VR (D7296918-1DD6-4BDD-9DE2-64A83CC13884): 3
LogDevObjectVersion:   Dev-LoadTimes (C2A15278-BFE7-4AFE-6C17-90FF531DF755): 1
LogDevObjectVersion:   Private-Geometry (6EACA3D4-40EC-4CC1-B786-8BED09428FC5): 3
LogDevObjectVersion:   Dev-AnimPhys (29E575DD-E0A3-4627-9D10-D276232CDCEA): 17
LogDevObjectVersion:   Dev-Anim (AF43A65D-7FD3-4947-9873-3E8ED9C1BB05): 15
LogDevObjectVersion:   Dev-ReflectionCapture (6B266CEC-1EC7-4B8F-A30B-E4D90942FC07): 1
LogDevObjectVersion:   Dev-Automation (0DF73D61-A23F-47EA-B727-89E90C41499A): 1
LogDevObjectVersion:   FortniteMain (601D1886-AC64-4F84-AA16-D3DE0DEAC7D6): 47
LogDevObjectVersion:   FortniteRelease (E7086368-6B23-4C58-8439-1B7016265E91): 1
LogDevObjectVersion:   Dev-Enterprise (9DFFBCD6-494F-0158-E221-12823C92A888): 10
LogDevObjectVersion:   Dev-Niagara (F2AED0AC-9AFE-416F-8664-AA7FFA26D6FC): 1
LogDevObjectVersion:   Dev-Destruction (174F1F0B-B4C6-45A5-B13F-2EE8D0FB917D): 10
LogDevObjectVersion:   Dev-Physics-Ext (35F94A83-E258-406C-A318-09F59610247C): 41
LogDevObjectVersion:   Dev-PhysicsMaterial-Chaos (B68FC16E-8B1B-42E2-B453-215C058844FE): 1
LogDevObjectVersion:   Dev-CineCamera (B2E18506-4273-CFC2-A54E-F4BB758BBA07): 1
LogDevObjectVersion:   Dev-VirtualProduction (64F58936-FD1B-42BA-BA96-7289D5D0FA4E): 1
LogDevObjectVersion:   Dev-MediaFramework (6F0ED827-A609-4895-9C91-998D90180EA4): 2
LogInit: Presizing for max 25165824 objects, including 0 objects not considered by GC, pre-allocating 0 bytes for permanent pool.
LogConfig: Applying CVar settings from Section [/Script/Engine.StreamingSettings] File [C:/EpicGames/ChattingClient/ChattingClient/Saved/Config/Windows/Engine.ini]
LogConfig: Setting CVar [[s.MinBulkDataSizeForAsyncLoading:131072]]
LogConfig: Setting CVar [[s.AsyncLoadingThreadEnabled:0]]
LogConfig: Setting CVar [[s.EventDrivenLoaderEnabled:1]]
LogConfig: Setting CVar [[s.WarnIfTimeLimitExceeded:0]]
LogConfig: Setting CVar [[s.TimeLimitExceededMultiplier:1.5]]
LogConfig: Setting CVar [[s.TimeLimitExceededMinTime:0.005]]
LogConfig: Setting CVar [[s.UseBackgroundLevelStreaming:1]]
LogConfig: Setting CVar [[s.PriorityAsyncLoadingExtraTime:15.0]]
LogConfig: Setting CVar [[s.LevelStreamingActorsUpdateTimeLimit:5.0]]
LogConfig: Setting CVar [[s.PriorityLevelStreamingActorsUpdateExtraTime:5.0]]
LogConfig: Setting CVar [[s.LevelStreamingComponentsRegistrationGranularity:10]]
LogConfig: Setting CVar [[s.UnregisterComponentsTimeLimit:1.0]]
LogConfig: Setting CVar [[s.LevelStreamingComponentsUnregistrationGranularity:5]]
LogConfig: Setting CVar [[s.FlushStreamingOnExit:1]]
LogInit: Object subsystem initialized
LogConfig: Setting CVar [[con.DebugEarlyDefault:1]]
LogConfig: Setting CVar [[r.setres:1280x720]]
[2022.03.08-07.10.56:774][  0]LogConfig: Setting CVar [[r.VSync:0]]
[2022.03.08-07.10.56:774][  0]LogConfig: Setting CVar [[r.RHICmdBypass:0]]
[2022.03.08-07.10.56:774][  0]LogConfig: Applying CVar settings from Section [/Script/Engine.RendererSettings] File [C:/EpicGames/ChattingClient/ChattingClient/Saved/Config/Windows/Engine.ini]
[2022.03.08-07.10.56:774][  0]LogConfig: Setting CVar [[r.GPUCrashDebugging:0]]
[2022.03.08-07.10.56:775][  0]LogConfig: Applying CVar settings from Section [/Script/Engine.RendererOverrideSettings] File [C:/EpicGames/ChattingClient/ChattingClient/Saved/Config/Windows/Engine.ini]
[2022.03.08-07.10.56:775][  0]LogConfig: Applying CVar settings from Section [/Script/Engine.StreamingSettings] File [C:/EpicGames/ChattingClient/ChattingClient/Saved/Config/Windows/Engine.ini]
[2022.03.08-07.10.56:775][  0]LogConfig: Setting CVar [[s.MinBulkDataSizeForAsyncLoading:131072]]
[2022.03.08-07.10.56:775][  0]LogConfig: Setting CVar [[s.AsyncLoadingThreadEnabled:0]]
[2022.03.08-07.10.56:775][  0]LogConfig: Setting CVar [[s.EventDrivenLoaderEnabled:1]]
[2022.03.08-07.10.56:775][  0]LogConfig: Setting CVar [[s.WarnIfTimeLimitExceeded:0]]
[2022.03.08-07.10.56:775][  0]LogConfig: Setting CVar [[s.TimeLimitExceededMultiplier:1.5]]
[2022.03.08-07.10.56:775][  0]LogConfig: Setting CVar [[s.TimeLimitExceededMinTime:0.005]]
[2022.03.08-07.10.56:775][  0]LogConfig: Setting CVar [[s.UseBackgroundLevelStreaming:1]]
[2022.03.08-07.10.56:775][  0]LogConfig: Setting CVar [[s.PriorityAsyncLoadingExtraTime:15.0]]
[2022.03.08-07.10.56:775][  0]LogConfig: Setting CVar [[s.LevelStreamingActorsUpdateTimeLimit:5.0]]
[2022.03.08-07.10.56:775][  0]LogConfig: Setting CVar [[s.PriorityLevelStreamingActorsUpdateExtraTime:5.0]]
[2022.03.08-07.10.56:775][  0]LogConfig: Setting CVar [[s.LevelStreamingComponentsRegistrationGranularity:10]]
[2022.03.08-07.10.56:775][  0]LogConfig: Setting CVar [[s.UnregisterComponentsTimeLimit:1.0]]
[2022.03.08-07.10.56:775][  0]LogConfig: Setting CVar [[s.LevelStreamingComponentsUnregistrationGranularity:5]]
[2022.03.08-07.10.56:776][  0]LogConfig: Setting CVar [[s.FlushStreamingOnExit:1]]
[2022.03.08-07.10.56:776][  0]LogConfig: Applying CVar settings from Section [/Script/Engine.GarbageCollectionSettings] File [C:/EpicGames/ChattingClient/ChattingClient/Saved/Config/Windows/Engine.ini]
[2022.03.08-07.10.56:776][  0]LogConfig: Setting CVar [[gc.MaxObjectsNotConsideredByGC:1]]
[2022.03.08-07.10.56:776][  0]LogConfig: Setting CVar [[gc.SizeOfPermanentObjectPool:0]]
[2022.03.08-07.10.56:776][  0]LogConfig: Setting CVar [[gc.FlushStreamingOnGC:0]]
[2022.03.08-07.10.56:776][  0]LogConfig: Setting CVar [[gc.NumRetriesBeforeForcingGC:10]]
[2022.03.08-07.10.56:776][  0]LogConfig: Setting CVar [[gc.AllowParallelGC:1]]
[2022.03.08-07.10.56:776][  0]LogConfig: Setting CVar [[gc.TimeBetweenPurgingPendingKillObjects:61.1]]
[2022.03.08-07.10.56:776][  0]LogConfig: Setting CVar [[gc.MaxObjectsInEditor:25165824]]
[2022.03.08-07.10.56:776][  0]LogConfig: Setting CVar [[gc.IncrementalBeginDestroyEnabled:1]]
[2022.03.08-07.10.56:776][  0]LogConfig: Setting CVar [[gc.CreateGCClusters:1]]
[2022.03.08-07.10.56:776][  0]LogConfig: Setting CVar [[gc.MinGCClusterSize:5]]
[2022.03.08-07.10.56:776][  0]LogConfig: Setting CVar [[gc.ActorClusteringEnabled:0]]
[2022.03.08-07.10.56:776][  0]LogConfig: Setting CVar [[gc.BlueprintClusteringEnabled:0]]
[2022.03.08-07.10.56:776][  0]LogConfig: Setting CVar [[gc.UseDisregardForGCOnDedicatedServers:0]]
[2022.03.08-07.10.56:776][  0]LogConfig: Setting CVar [[gc.MultithreadedDestructionEnabled:1]]
[2022.03.08-07.10.56:777][  0]LogConfig: Applying CVar settings from Section [/Script/Engine.NetworkSettings] File [C:/EpicGames/ChattingClient/ChattingClient/Saved/Config/Windows/Engine.ini]
[2022.03.08-07.10.56:777][  0]LogConfig: Applying CVar settings from Section [/Script/UnrealEd.CookerSettings] File [C:/EpicGames/ChattingClient/ChattingClient/Saved/Config/Windows/Engine.ini]
[2022.03.08-07.10.56:795][  0]LogConfig: Applying CVar settings from Section [ViewDistanceQuality@3] File [C:/EpicGames/ChattingClient/ChattingClient/Saved/Config/Windows/Scalability.ini]
[2022.03.08-07.10.56:795][  0]LogConfig: Setting CVar [[r.SkeletalMeshLODBias:0]]
[2022.03.08-07.10.56:795][  0]LogConfig: Setting CVar [[r.ViewDistanceScale:1.0]]
[2022.03.08-07.10.56:795][  0]LogConfig: Applying CVar settings from Section [AntiAliasingQuality@3] File [C:/EpicGames/ChattingClient/ChattingClient/Saved/Config/Windows/Scalability.ini]
[2022.03.08-07.10.56:795][  0]LogConfig: Setting CVar [[r.PostProcessAAQuality:4]]
[2022.03.08-07.10.56:795][  0]LogConfig: Applying CVar settings from Section [ShadowQuality@3] File [C:/EpicGames/ChattingClient/ChattingClient/Saved/Config/Windows/Scalability.ini]
[2022.03.08-07.10.56:796][  0]LogConfig: Setting CVar [[r.LightFunctionQuality:1]]
[2022.03.08-07.10.56:796][  0]LogConfig: Setting CVar [[r.ShadowQuality:5]]
[2022.03.08-07.10.56:796][  0]LogConfig: Setting CVar [[r.Shadow.CSM.MaxCascades:10]]
[2022.03.08-07.10.56:796][  0]LogConfig: Setting CVar [[r.Shadow.MaxResolution:2048]]
[2022.03.08-07.10.56:796][  0]LogConfig: Setting CVar [[r.Shadow.MaxCSMResolution:2048]]
[2022.03.08-07.10.56:796][  0]LogConfig: Setting CVar [[r.Shadow.RadiusThreshold:0.01]]
[2022.03.08-07.10.56:796][  0]LogConfig: Setting CVar [[r.Shadow.DistanceScale:1.0]]
[2022.03.08-07.10.56:796][  0]LogConfig: Setting CVar [[r.Shadow.CSM.TransitionScale:1.0]]
[2022.03.08-07.10.56:796][  0]LogConfig: Setting CVar [[r.Shadow.PreShadowResolutionFactor:1.0]]
[2022.03.08-07.10.56:796][  0]LogConfig: Setting CVar [[r.DistanceFieldShadowing:1]]
[2022.03.08-07.10.56:796][  0]LogConfig: Setting CVar [[r.DistanceFieldAO:1]]
[2022.03.08-07.10.56:796][  0]LogConfig: Setting CVar [[r.AOQuality:2]]
[2022.03.08-07.10.56:796][  0]LogConfig: Setting CVar [[r.VolumetricFog:1]]
[2022.03.08-07.10.56:796][  0]LogConfig: Setting CVar [[r.VolumetricFog.GridPixelSize:8]]
[2022.03.08-07.10.56:796][  0]LogConfig: Setting CVar [[r.VolumetricFog.GridSizeZ:128]]
[2022.03.08-07.10.56:797][  0]LogConfig: Setting CVar [[r.VolumetricFog.HistoryMissSupersampleCount:4]]
[2022.03.08-07.10.56:797][  0]LogConfig: Setting CVar [[r.LightMaxDrawDistanceScale:1]]
[2022.03.08-07.10.56:797][  0]LogConfig: Setting CVar [[r.CapsuleShadows:1]]
[2022.03.08-07.10.56:797][  0]LogConfig: Applying CVar settings from Section [PostProcessQuality@3] File [C:/EpicGames/ChattingClient/ChattingClient/Saved/Config/Windows/Scalability.ini]
[2022.03.08-07.10.56:797][  0]LogConfig: Setting CVar [[r.MotionBlurQuality:4]]
[2022.03.08-07.10.56:797][  0]LogConfig: Setting CVar [[r.AmbientOcclusionMipLevelFactor:0.4]]
[2022.03.08-07.10.56:797][  0]LogConfig: Setting CVar [[r.AmbientOcclusionMaxQuality:100]]
[2022.03.08-07.10.56:797][  0]LogConfig: Setting CVar [[r.AmbientOcclusionLevels:-1]]
[2022.03.08-07.10.56:797][  0]LogConfig: Setting CVar [[r.AmbientOcclusionRadiusScale:1.0]]
[2022.03.08-07.10.56:797][  0]LogConfig: Setting CVar [[r.DepthOfFieldQuality:2]]
[2022.03.08-07.10.56:797][  0]LogConfig: Setting CVar [[r.RenderTargetPoolMin:400]]
[2022.03.08-07.10.56:797][  0]LogConfig: Setting CVar [[r.LensFlareQuality:2]]
[2022.03.08-07.10.56:797][  0]LogConfig: Setting CVar [[r.SceneColorFringeQuality:1]]
[2022.03.08-07.10.56:797][  0]LogConfig: Setting CVar [[r.EyeAdaptationQuality:2]]
[2022.03.08-07.10.56:797][  0]LogConfig: Setting CVar [[r.BloomQuality:5]]
[2022.03.08-07.10.56:797][  0]LogConfig: Setting CVar [[r.FastBlurThreshold:100]]
[2022.03.08-07.10.56:797][  0]LogConfig: Setting CVar [[r.Upscale.Quality:3]]
[2022.03.08-07.10.56:797][  0]LogConfig: Setting CVar [[r.Tonemapper.GrainQuantization:1]]
[2022.03.08-07.10.56:798][  0]LogConfig: Setting CVar [[r.LightShaftQuality:1]]
[2022.03.08-07.10.56:798][  0]LogConfig: Setting CVar [[r.Filter.SizeScale:1]]
[2022.03.08-07.10.56:798][  0]LogConfig: Setting CVar [[r.Tonemapper.Quality:5]]
[2022.03.08-07.10.56:798][  0]LogConfig: Setting CVar [[r.DOF.Gather.AccumulatorQuality:1        ; higher gathering accumulator quality]]
[2022.03.08-07.10.56:798][  0]LogConfig: Setting CVar [[r.DOF.Gather.PostfilterMethod:1          ; Median3x3 postfilering method]]
[2022.03.08-07.10.56:798][  0]LogConfig: Setting CVar [[r.DOF.Gather.EnableBokehSettings:0       ; no bokeh simulation when gathering]]
[2022.03.08-07.10.56:798][  0]LogConfig: Setting CVar [[r.DOF.Gather.RingCount:4                 ; medium number of samples when gathering]]
[2022.03.08-07.10.56:798][  0]LogConfig: Setting CVar [[r.DOF.Scatter.ForegroundCompositing:1    ; additive foreground scattering]]
[2022.03.08-07.10.56:798][  0]LogConfig: Setting CVar [[r.DOF.Scatter.BackgroundCompositing:2    ; additive background scattering]]
[2022.03.08-07.10.56:798][  0]LogConfig: Setting CVar [[r.DOF.Scatter.EnableBokehSettings:1      ; bokeh simulation when scattering]]
[2022.03.08-07.10.56:798][  0]LogConfig: Setting CVar [[r.DOF.Scatter.MaxSpriteRatio:0.1         ; only a maximum of 10% of scattered bokeh]]
[2022.03.08-07.10.56:798][  0]LogConfig: Setting CVar [[r.DOF.Recombine.Quality:1                ; cheap slight out of focus]]
[2022.03.08-07.10.56:798][  0]LogConfig: Setting CVar [[r.DOF.Recombine.EnableBokehSettings:0    ; no bokeh simulation on slight out of focus]]
[2022.03.08-07.10.56:798][  0]LogConfig: Setting CVar [[r.DOF.TemporalAAQuality:1                ; more stable temporal accumulation]]
[2022.03.08-07.10.56:798][  0]LogConfig: Setting CVar [[r.DOF.Kernel.MaxForegroundRadius:0.025]]
[2022.03.08-07.10.56:798][  0]LogConfig: Setting CVar [[r.DOF.Kernel.MaxBackgroundRadius:0.025]]
[2022.03.08-07.10.56:798][  0]LogConfig: Applying CVar settings from Section [TextureQuality@3] File [C:/EpicGames/ChattingClient/ChattingClient/Saved/Config/Windows/Scalability.ini]
[2022.03.08-07.10.56:798][  0]LogConfig: Setting CVar [[r.Streaming.MipBias:0]]
[2022.03.08-07.10.56:799][  0]LogConfig: Setting CVar [[r.Streaming.AmortizeCPUToGPUCopy:0]]
[2022.03.08-07.10.56:799][  0]LogConfig: Setting CVar [[r.Streaming.MaxNumTexturesToStreamPerFrame:0]]
[2022.03.08-07.10.56:799][  0]LogConfig: Setting CVar [[r.Streaming.Boost:1]]
[2022.03.08-07.10.56:799][  0]LogConfig: Setting CVar [[r.MaxAnisotropy:8]]
[2022.03.08-07.10.56:799][  0]LogConfig: Setting CVar [[r.VT.MaxAnisotropy:8]]
[2022.03.08-07.10.56:799][  0]LogConfig: Setting CVar [[r.Streaming.LimitPoolSizeToVRAM:0]]
[2022.03.08-07.10.56:799][  0]LogConfig: Setting CVar [[r.Streaming.PoolSize:1000]]
[2022.03.08-07.10.56:799][  0]LogConfig: Setting CVar [[r.Streaming.MaxEffectiveScreenSize:0]]
[2022.03.08-07.10.56:799][  0]LogConfig: Applying CVar settings from Section [EffectsQuality@3] File [C:/EpicGames/ChattingClient/ChattingClient/Saved/Config/Windows/Scalability.ini]
[2022.03.08-07.10.56:799][  0]LogConfig: Setting CVar [[r.TranslucencyLightingVolumeDim:64]]
[2022.03.08-07.10.56:799][  0]LogConfig: Setting CVar [[r.RefractionQuality:2]]
[2022.03.08-07.10.56:799][  0]LogConfig: Setting CVar [[r.SSR.Quality:3]]
[2022.03.08-07.10.56:799][  0]LogConfig: Setting CVar [[r.SSR.HalfResSceneColor:0]]
[2022.03.08-07.10.56:799][  0]LogConfig: Setting CVar [[r.SceneColorFormat:4]]
[2022.03.08-07.10.56:799][  0]LogConfig: Setting CVar [[r.DetailMode:2]]
[2022.03.08-07.10.56:799][  0]LogConfig: Setting CVar [[r.TranslucencyVolumeBlur:1]]
[2022.03.08-07.10.56:799][  0]LogConfig: Setting CVar [[r.MaterialQualityLevel:1 ; High quality]]
[2022.03.08-07.10.56:799][  0]LogConfig: Setting CVar [[r.AnisotropicMaterials:1]]
[2022.03.08-07.10.56:800][  0]LogConfig: Setting CVar [[r.SSS.Scale:1]]
[2022.03.08-07.10.56:800][  0]LogConfig: Setting CVar [[r.SSS.SampleSet:2]]
[2022.03.08-07.10.56:800][  0]LogConfig: Setting CVar [[r.SSS.Quality:1]]
[2022.03.08-07.10.56:800][  0]LogConfig: Setting CVar [[r.SSS.HalfRes:0]]
[2022.03.08-07.10.56:800][  0]LogConfig: Setting CVar [[r.SSGI.Quality:3]]
[2022.03.08-07.10.56:800][  0]LogConfig: Setting CVar [[r.EmitterSpawnRateScale:1.0]]
[2022.03.08-07.10.56:800][  0]LogConfig: Setting CVar [[r.ParticleLightQuality:2]]
[2022.03.08-07.10.56:800][  0]LogConfig: Setting CVar [[r.SkyAtmosphere.AerialPerspectiveLUT.FastApplyOnOpaque:1 ; Always have FastSkyLUT 1 in this case to avoid wrong sky]]
[2022.03.08-07.10.56:800][  0]LogConfig: Setting CVar [[r.SkyAtmosphere.AerialPerspectiveLUT.SampleCountMaxPerSlice:4]]
[2022.03.08-07.10.56:800][  0]LogConfig: Setting CVar [[r.SkyAtmosphere.AerialPerspectiveLUT.DepthResolution:16.0]]
[2022.03.08-07.10.56:800][  0]LogConfig: Setting CVar [[r.SkyAtmosphere.FastSkyLUT:1]]
[2022.03.08-07.10.56:800][  0]LogConfig: Setting CVar [[r.SkyAtmosphere.FastSkyLUT.SampleCountMin:4.0]]
[2022.03.08-07.10.56:800][  0]LogConfig: Setting CVar [[r.SkyAtmosphere.FastSkyLUT.SampleCountMax:128.0]]
[2022.03.08-07.10.56:800][  0]LogConfig: Setting CVar [[r.SkyAtmosphere.SampleCountMin:4.0]]
[2022.03.08-07.10.56:800][  0]LogConfig: Setting CVar [[r.SkyAtmosphere.SampleCountMax:128.0]]
[2022.03.08-07.10.56:800][  0]LogConfig: Setting CVar [[r.SkyAtmosphere.TransmittanceLUT.UseSmallFormat:0]]
[2022.03.08-07.10.56:800][  0]LogConfig: Setting CVar [[r.SkyAtmosphere.TransmittanceLUT.SampleCount:10.0]]
[2022.03.08-07.10.56:800][  0]LogConfig: Setting CVar [[r.SkyAtmosphere.MultiScatteringLUT.SampleCount:15.0]]
[2022.03.08-07.10.56:801][  0]LogConfig: Setting CVar [[r.SkyLight.RealTimeReflectionCapture:1]]
[2022.03.08-07.10.56:801][  0]LogConfig: Applying CVar settings from Section [FoliageQuality@3] File [C:/EpicGames/ChattingClient/ChattingClient/Saved/Config/Windows/Scalability.ini]
[2022.03.08-07.10.56:801][  0]LogConfig: Setting CVar [[foliage.DensityScale:1.0]]
[2022.03.08-07.10.56:801][  0]LogConfig: Setting CVar [[grass.DensityScale:1.0]]
[2022.03.08-07.10.56:801][  0]LogConfig: Applying CVar settings from Section [ShadingQuality@3] File [C:/EpicGames/ChattingClient/ChattingClient/Saved/Config/Windows/Scalability.ini]
[2022.03.08-07.10.56:801][  0]LogConfig: Setting CVar [[r.HairStrands.SkyLighting.IntegrationType:2]]
[2022.03.08-07.10.56:801][  0]LogConfig: Setting CVar [[r.HairStrands.SkyAO.SampleCount:4]]
[2022.03.08-07.10.56:801][  0]LogConfig: Setting CVar [[r.HairStrands.Visibility.MSAA.SamplePerPixel:4]]
[2022.03.08-07.10.56:801][  0]LogInit: Selected Device Profile: [Windows]
[2022.03.08-07.10.56:801][  0]LogInit: Applying CVar settings loaded from the selected device profile: [Windows]
[2022.03.08-07.10.56:801][  0]LogHAL: Display: Platform has ~ 16 GB [17096134656 / 17179869184 / 16], which maps to Larger [LargestMinGB=32, LargerMinGB=12, DefaultMinGB=8, SmallerMinGB=6, SmallestMinGB=0)
[2022.03.08-07.10.56:801][  0]LogInit: Going up to parent DeviceProfile []
[2022.03.08-07.10.56:801][  0]LogConfig: Applying CVar settings from Section [ViewDistanceQuality@3] File [C:/EpicGames/ChattingClient/ChattingClient/Saved/Config/Windows/Scalability.ini]
[2022.03.08-07.10.56:801][  0]LogConfig: Setting CVar [[r.SkeletalMeshLODBias:0]]
[2022.03.08-07.10.56:801][  0]LogConfig: Setting CVar [[r.ViewDistanceScale:1.0]]
[2022.03.08-07.10.56:801][  0]LogConfig: Applying CVar settings from Section [AntiAliasingQuality@3] File [C:/EpicGames/ChattingClient/ChattingClient/Saved/Config/Windows/Scalability.ini]
[2022.03.08-07.10.56:802][  0]LogConfig: Setting CVar [[r.PostProcessAAQuality:4]]
[2022.03.08-07.10.56:802][  0]LogConfig: Applying CVar settings from Section [ShadowQuality@3] File [C:/EpicGames/ChattingClient/ChattingClient/Saved/Config/Windows/Scalability.ini]
[2022.03.08-07.10.56:802][  0]LogConfig: Setting CVar [[r.LightFunctionQuality:1]]
[2022.03.08-07.10.56:802][  0]LogConfig: Setting CVar [[r.ShadowQuality:5]]
[2022.03.08-07.10.56:802][  0]LogConfig: Setting CVar [[r.Shadow.CSM.MaxCascades:10]]
[2022.03.08-07.10.56:802][  0]LogConfig: Setting CVar [[r.Shadow.MaxResolution:2048]]
[2022.03.08-07.10.56:802][  0]LogConfig: Setting CVar [[r.Shadow.MaxCSMResolution:2048]]
[2022.03.08-07.10.56:802][  0]LogConfig: Setting CVar [[r.Shadow.RadiusThreshold:0.01]]
[2022.03.08-07.10.56:802][  0]LogConfig: Setting CVar [[r.Shadow.DistanceScale:1.0]]
[2022.03.08-07.10.56:802][  0]LogConfig: Setting CVar [[r.Shadow.CSM.TransitionScale:1.0]]
[2022.03.08-07.10.56:802][  0]LogConfig: Setting CVar [[r.Shadow.PreShadowResolutionFactor:1.0]]
[2022.03.08-07.10.56:802][  0]LogConfig: Setting CVar [[r.DistanceFieldShadowing:1]]
[2022.03.08-07.10.56:802][  0]LogConfig: Setting CVar [[r.DistanceFieldAO:1]]
[2022.03.08-07.10.56:802][  0]LogConfig: Setting CVar [[r.AOQuality:2]]
[2022.03.08-07.10.56:802][  0]LogConfig: Setting CVar [[r.VolumetricFog:1]]
[2022.03.08-07.10.56:802][  0]LogConfig: Setting CVar [[r.VolumetricFog.GridPixelSize:8]]
[2022.03.08-07.10.56:802][  0]LogConfig: Setting CVar [[r.VolumetricFog.GridSizeZ:128]]
[2022.03.08-07.10.56:802][  0]LogConfig: Setting CVar [[r.VolumetricFog.HistoryMissSupersampleCount:4]]
[2022.03.08-07.10.56:802][  0]LogConfig: Setting CVar [[r.LightMaxDrawDistanceScale:1]]
[2022.03.08-07.10.56:803][  0]LogConfig: Setting CVar [[r.CapsuleShadows:1]]
[2022.03.08-07.10.56:803][  0]LogConfig: Applying CVar settings from Section [PostProcessQuality@3] File [C:/EpicGames/ChattingClient/ChattingClient/Saved/Config/Windows/Scalability.ini]
[2022.03.08-07.10.56:803][  0]LogConfig: Setting CVar [[r.MotionBlurQuality:4]]
[2022.03.08-07.10.56:803][  0]LogConfig: Setting CVar [[r.AmbientOcclusionMipLevelFactor:0.4]]
[2022.03.08-07.10.56:803][  0]LogConfig: Setting CVar [[r.AmbientOcclusionMaxQuality:100]]
[2022.03.08-07.10.56:803][  0]LogConfig: Setting CVar [[r.AmbientOcclusionLevels:-1]]
[2022.03.08-07.10.56:803][  0]LogConfig: Setting CVar [[r.AmbientOcclusionRadiusScale:1.0]]
[2022.03.08-07.10.56:803][  0]LogConfig: Setting CVar [[r.DepthOfFieldQuality:2]]
[2022.03.08-07.10.56:803][  0]LogConfig: Setting CVar [[r.RenderTargetPoolMin:400]]
[2022.03.08-07.10.56:803][  0]LogConfig: Setting CVar [[r.LensFlareQuality:2]]
[2022.03.08-07.10.56:803][  0]LogConfig: Setting CVar [[r.SceneColorFringeQuality:1]]
[2022.03.08-07.10.56:803][  0]LogConfig: Setting CVar [[r.EyeAdaptationQuality:2]]
[2022.03.08-07.10.56:803][  0]LogConfig: Setting CVar [[r.BloomQuality:5]]
[2022.03.08-07.10.56:803][  0]LogConfig: Setting CVar [[r.FastBlurThreshold:100]]
[2022.03.08-07.10.56:803][  0]LogConfig: Setting CVar [[r.Upscale.Quality:3]]
[2022.03.08-07.10.56:803][  0]LogConfig: Setting CVar [[r.Tonemapper.GrainQuantization:1]]
[2022.03.08-07.10.56:803][  0]LogConfig: Setting CVar [[r.LightShaftQuality:1]]
[2022.03.08-07.10.56:804][  0]LogConfig: Setting CVar [[r.Filter.SizeScale:1]]
[2022.03.08-07.10.56:804][  0]LogConfig: Setting CVar [[r.Tonemapper.Quality:5]]
[2022.03.08-07.10.56:804][  0]LogConfig: Setting CVar [[r.DOF.Gather.AccumulatorQuality:1        ; higher gathering accumulator quality]]
[2022.03.08-07.10.56:804][  0]LogConfig: Setting CVar [[r.DOF.Gather.PostfilterMethod:1          ; Median3x3 postfilering method]]
[2022.03.08-07.10.56:804][  0]LogConfig: Setting CVar [[r.DOF.Gather.EnableBokehSettings:0       ; no bokeh simulation when gathering]]
[2022.03.08-07.10.56:804][  0]LogConfig: Setting CVar [[r.DOF.Gather.RingCount:4                 ; medium number of samples when gathering]]
[2022.03.08-07.10.56:804][  0]LogConfig: Setting CVar [[r.DOF.Scatter.ForegroundCompositing:1    ; additive foreground scattering]]
[2022.03.08-07.10.56:804][  0]LogConfig: Setting CVar [[r.DOF.Scatter.BackgroundCompositing:2    ; additive background scattering]]
[2022.03.08-07.10.56:804][  0]LogConfig: Setting CVar [[r.DOF.Scatter.EnableBokehSettings:1      ; bokeh simulation when scattering]]
[2022.03.08-07.10.56:804][  0]LogConfig: Setting CVar [[r.DOF.Scatter.MaxSpriteRatio:0.1         ; only a maximum of 10% of scattered bokeh]]
[2022.03.08-07.10.56:804][  0]LogConfig: Setting CVar [[r.DOF.Recombine.Quality:1                ; cheap slight out of focus]]
[2022.03.08-07.10.56:804][  0]LogConfig: Setting CVar [[r.DOF.Recombine.EnableBokehSettings:0    ; no bokeh simulation on slight out of focus]]
[2022.03.08-07.10.56:804][  0]LogConfig: Setting CVar [[r.DOF.TemporalAAQuality:1                ; more stable temporal accumulation]]
[2022.03.08-07.10.56:804][  0]LogConfig: Setting CVar [[r.DOF.Kernel.MaxForegroundRadius:0.025]]
[2022.03.08-07.10.56:804][  0]LogConfig: Setting CVar [[r.DOF.Kernel.MaxBackgroundRadius:0.025]]
[2022.03.08-07.10.56:804][  0]LogConfig: Applying CVar settings from Section [TextureQuality@3] File [C:/EpicGames/ChattingClient/ChattingClient/Saved/Config/Windows/Scalability.ini]
[2022.03.08-07.10.56:804][  0]LogConfig: Setting CVar [[r.Streaming.MipBias:0]]
[2022.03.08-07.10.56:804][  0]LogConfig: Setting CVar [[r.Streaming.AmortizeCPUToGPUCopy:0]]
[2022.03.08-07.10.56:804][  0]LogConfig: Setting CVar [[r.Streaming.MaxNumTexturesToStreamPerFrame:0]]
[2022.03.08-07.10.56:805][  0]LogConfig: Setting CVar [[r.Streaming.Boost:1]]
[2022.03.08-07.10.56:805][  0]LogConfig: Setting CVar [[r.MaxAnisotropy:8]]
[2022.03.08-07.10.56:805][  0]LogConfig: Setting CVar [[r.VT.MaxAnisotropy:8]]
[2022.03.08-07.10.56:805][  0]LogConfig: Setting CVar [[r.Streaming.LimitPoolSizeToVRAM:0]]
[2022.03.08-07.10.56:805][  0]LogConfig: Setting CVar [[r.Streaming.PoolSize:1000]]
[2022.03.08-07.10.56:805][  0]LogConfig: Setting CVar [[r.Streaming.MaxEffectiveScreenSize:0]]
[2022.03.08-07.10.56:805][  0]LogConfig: Applying CVar settings from Section [EffectsQuality@3] File [C:/EpicGames/ChattingClient/ChattingClient/Saved/Config/Windows/Scalability.ini]
[2022.03.08-07.10.56:805][  0]LogConfig: Setting CVar [[r.TranslucencyLightingVolumeDim:64]]
[2022.03.08-07.10.56:805][  0]LogConfig: Setting CVar [[r.RefractionQuality:2]]
[2022.03.08-07.10.56:805][  0]LogConfig: Setting CVar [[r.SSR.Quality:3]]
[2022.03.08-07.10.56:805][  0]LogConfig: Setting CVar [[r.SSR.HalfResSceneColor:0]]
[2022.03.08-07.10.56:805][  0]LogConfig: Setting CVar [[r.SceneColorFormat:4]]
[2022.03.08-07.10.56:805][  0]LogConfig: Setting CVar [[r.DetailMode:2]]
[2022.03.08-07.10.56:805][  0]LogConfig: Setting CVar [[r.TranslucencyVolumeBlur:1]]
[2022.03.08-07.10.56:805][  0]LogConfig: Setting CVar [[r.MaterialQualityLevel:1 ; High quality]]
[2022.03.08-07.10.56:805][  0]LogConfig: Setting CVar [[r.AnisotropicMaterials:1]]
[2022.03.08-07.10.56:805][  0]LogConfig: Setting CVar [[r.SSS.Scale:1]]
[2022.03.08-07.10.56:805][  0]LogConfig: Setting CVar [[r.SSS.SampleSet:2]]
[2022.03.08-07.10.56:806][  0]LogConfig: Setting CVar [[r.SSS.Quality:1]]
[2022.03.08-07.10.56:806][  0]LogConfig: Setting CVar [[r.SSS.HalfRes:0]]
[2022.03.08-07.10.56:806][  0]LogConfig: Setting CVar [[r.SSGI.Quality:3]]
[2022.03.08-07.10.56:806][  0]LogConfig: Setting CVar [[r.EmitterSpawnRateScale:1.0]]
[2022.03.08-07.10.56:806][  0]LogConfig: Setting CVar [[r.ParticleLightQuality:2]]
[2022.03.08-07.10.56:806][  0]LogConfig: Setting CVar [[r.SkyAtmosphere.AerialPerspectiveLUT.FastApplyOnOpaque:1 ; Always have FastSkyLUT 1 in this case to avoid wrong sky]]
[2022.03.08-07.10.56:806][  0]LogConfig: Setting CVar [[r.SkyAtmosphere.AerialPerspectiveLUT.SampleCountMaxPerSlice:4]]
[2022.03.08-07.10.56:806][  0]LogConfig: Setting CVar [[r.SkyAtmosphere.AerialPerspectiveLUT.DepthResolution:16.0]]
[2022.03.08-07.10.56:806][  0]LogConfig: Setting CVar [[r.SkyAtmosphere.FastSkyLUT:1]]
[2022.03.08-07.10.56:806][  0]LogConfig: Setting CVar [[r.SkyAtmosphere.FastSkyLUT.SampleCountMin:4.0]]
[2022.03.08-07.10.56:806][  0]LogConfig: Setting CVar [[r.SkyAtmosphere.FastSkyLUT.SampleCountMax:128.0]]
[2022.03.08-07.10.56:806][  0]LogConfig: Setting CVar [[r.SkyAtmosphere.SampleCountMin:4.0]]
[2022.03.08-07.10.56:806][  0]LogConfig: Setting CVar [[r.SkyAtmosphere.SampleCountMax:128.0]]
[2022.03.08-07.10.56:806][  0]LogConfig: Setting CVar [[r.SkyAtmosphere.TransmittanceLUT.UseSmallFormat:0]]
[2022.03.08-07.10.56:806][  0]LogConfig: Setting CVar [[r.SkyAtmosphere.TransmittanceLUT.SampleCount:10.0]]
[2022.03.08-07.10.56:806][  0]LogConfig: Setting CVar [[r.SkyAtmosphere.MultiScatteringLUT.SampleCount:15.0]]
[2022.03.08-07.10.56:806][  0]LogConfig: Setting CVar [[r.SkyLight.RealTimeReflectionCapture:1]]
[2022.03.08-07.10.56:807][  0]LogConfig: Applying CVar settings from Section [FoliageQuality@3] File [C:/EpicGames/ChattingClient/ChattingClient/Saved/Config/Windows/Scalability.ini]
[2022.03.08-07.10.56:807][  0]LogConfig: Setting CVar [[foliage.DensityScale:1.0]]
[2022.03.08-07.10.56:807][  0]LogConfig: Setting CVar [[grass.DensityScale:1.0]]
[2022.03.08-07.10.56:807][  0]LogConfig: Applying CVar settings from Section [ShadingQuality@3] File [C:/EpicGames/ChattingClient/ChattingClient/Saved/Config/Windows/Scalability.ini]
[2022.03.08-07.10.56:807][  0]LogConfig: Setting CVar [[r.HairStrands.SkyLighting.IntegrationType:2]]
[2022.03.08-07.10.56:807][  0]LogConfig: Setting CVar [[r.HairStrands.SkyAO.SampleCount:4]]
[2022.03.08-07.10.56:807][  0]LogConfig: Setting CVar [[r.HairStrands.Visibility.MSAA.SamplePerPixel:4]]
[2022.03.08-07.10.56:807][  0]LogConfig: Applying CVar settings from Section [Startup] File [../../../Engine/Config/ConsoleVariables.ini]
[2022.03.08-07.10.56:807][  0]LogConfig: Setting CVar [[net.UseAdaptiveNetUpdateFrequency:0]]
[2022.03.08-07.10.56:807][  0]LogConfig: Setting CVar [[p.chaos.AllowCreatePhysxBodies:1]]
[2022.03.08-07.10.56:808][  0]LogConfig: Setting CVar [[fx.SkipVectorVMBackendOptimizations:1]]
[2022.03.08-07.10.56:808][  0]LogConfig: Applying CVar settings from Section [ConsoleVariables] File [C:/EpicGames/ChattingClient/ChattingClient/Saved/Config/Windows/Engine.ini]
[2022.03.08-07.10.56:808][  0]LogConfig: Applying CVar settings from Section [ConsoleVariables] File [C:/EpicGames/ChattingClient/ChattingClient/Saved/Config/Windows/Editor.ini]
[2022.03.08-07.10.56:808][  0]LogInit: Computer: DESKTOP-JG03A40
[2022.03.08-07.10.56:808][  0]LogInit: User: lenovo
[2022.03.08-07.10.56:808][  0]LogInit: CPU Page size=4096, Cores=6
[2022.03.08-07.10.56:808][  0]LogInit: High frequency timer resolution =10.000000 MHz
[2022.03.08-07.10.56:808][  0]LogMemory: Memory total: Physical=15.9GB (16GB approx)
[2022.03.08-07.10.56:808][  0]LogMemory: Platform Memory Stats for Windows
[2022.03.08-07.10.56:808][  0]LogMemory: Process Physical Memory: 148.88 MB used, 148.88 MB peak
[2022.03.08-07.10.56:808][  0]LogMemory: Process Virtual Memory: 128.50 MB used, 128.50 MB peak
[2022.03.08-07.10.56:808][  0]LogMemory: Physical Memory: 10405.31 MB used,  5898.84 MB free, 16304.14 MB total
[2022.03.08-07.10.56:808][  0]LogMemory: Virtual Memory: 134212512.00 MB used,  5219.00 MB free, 134217728.00 MB total
[2022.03.08-07.10.56:840][  0]LogWindows: WindowsPlatformFeatures enabled
[2022.03.08-07.10.57:104][  0]LogInit: Physics initialised using underlying interface: PhysX
[2022.03.08-07.10.57:105][  0]LogInit: Using OS detected language (ko-KR).
[2022.03.08-07.10.57:105][  0]LogInit: Using OS detected locale (ko-KR).
[2022.03.08-07.10.57:110][  0]LogTextLocalizationManager: No specific localization for 'ko-KR' exists, so the 'ko' localization will be used.
[2022.03.08-07.10.57:207][  0]LogInit: Setting process to per monitor DPI aware
[2022.03.08-07.10.57:300][  0]LogWindowsTextInputMethodSystem: Display: IME system deactivated.
[2022.03.08-07.10.57:324][  0]LogSlate: New Slate User Created.  User Index 0, Is Virtual User: 0
[2022.03.08-07.10.57:324][  0]LogSlate: Slate User Registered.  User Index 0, Is Virtual User: 0
[2022.03.08-07.10.57:514][  0]LogD3D11RHI: Loaded GFSDK_Aftermath_Lib.x64.dll
[2022.03.08-07.10.57:524][  0]LogHMD: Failed to initialize OpenVR with code 110
[2022.03.08-07.10.57:524][  0]LogD3D11RHI: D3D11 min allowed feature level: 11_0
[2022.03.08-07.10.57:524][  0]LogD3D11RHI: D3D11 max allowed feature level: 11_0
[2022.03.08-07.10.57:524][  0]LogD3D11RHI: D3D11 adapters:
[2022.03.08-07.10.57:678][  0]LogD3D11RHI:    0. 'NVIDIA GeForce GTX 1660 Ti' (Feature Level 11_0)
[2022.03.08-07.10.57:678][  0]LogD3D11RHI:       5991/0/8152 MB DedicatedVideo/DedicatedSystem/SharedSystem, Outputs:1, VendorId:0x10de
[2022.03.08-07.10.57:686][  0]LogD3D11RHI:    1. 'Microsoft Basic Render Driver' (Feature Level 11_0)
[2022.03.08-07.10.57:686][  0]LogD3D11RHI:       0/0/8152 MB DedicatedVideo/DedicatedSystem/SharedSystem, Outputs:0, VendorId:0x1414
[2022.03.08-07.10.57:686][  0]LogD3D11RHI: Chosen D3D11 Adapter:
[2022.03.08-07.10.57:686][  0]LogD3D11RHI:     Description : NVIDIA GeForce GTX 1660 Ti
[2022.03.08-07.10.57:686][  0]LogD3D11RHI:     VendorId    : 10de
[2022.03.08-07.10.57:686][  0]LogD3D11RHI:     DeviceId    : 2191
[2022.03.08-07.10.57:686][  0]LogD3D11RHI:     SubSysId    : 3ffc17aa
[2022.03.08-07.10.57:686][  0]LogD3D11RHI:     Revision    : 00a1
[2022.03.08-07.10.57:687][  0]LogD3D11RHI:     DedicatedVideoMemory : 6282018816 bytes
[2022.03.08-07.10.57:687][  0]LogD3D11RHI:     DedicatedSystemMemory : 0 bytes
[2022.03.08-07.10.57:687][  0]LogD3D11RHI:     SharedSystemMemory : 8548067328 bytes
[2022.03.08-07.10.57:687][  0]LogD3D11RHI:     AdapterLuid : 0 76549
[2022.03.08-07.10.57:697][  0]LogD3D11RHI: Creating new Direct3DDevice
[2022.03.08-07.10.57:697][  0]LogD3D11RHI:     GPU DeviceId: 0x2191 (for the marketing name, search the web for "GPU Device Id")
[2022.03.08-07.10.57:697][  0]LogWindows: EnumDisplayDevices:
[2022.03.08-07.10.57:697][  0]LogWindows:    0. 'NVIDIA GeForce GTX 1660 Ti' (P:1 D:1)
[2022.03.08-07.10.57:698][  0]LogWindows:    1. 'NVIDIA GeForce GTX 1660 Ti' (P:0 D:0)
[2022.03.08-07.10.57:699][  0]LogWindows:    2. 'NVIDIA GeForce GTX 1660 Ti' (P:0 D:0)
[2022.03.08-07.10.57:700][  0]LogWindows:    3. 'NVIDIA GeForce GTX 1660 Ti' (P:0 D:0)
[2022.03.08-07.10.57:701][  0]LogWindows: DebugString: FoundDriverCount:4 
[2022.03.08-07.10.57:701][  0]LogD3D11RHI:     Adapter Name: NVIDIA GeForce GTX 1660 Ti
[2022.03.08-07.10.57:701][  0]LogD3D11RHI:   Driver Version: 471.41 (internal:30.0.14.7141, unified:471.41)
[2022.03.08-07.10.57:701][  0]LogD3D11RHI:      Driver Date: 7-12-2021
[2022.03.08-07.10.57:701][  0]LogRHI: Texture pool is 4193 MB (70% of 5991 MB)
[2022.03.08-07.10.57:701][  0]LogD3D11RHI: Creating D3DDevice using adapter:
[2022.03.08-07.10.57:701][  0]LogD3D11RHI:     Description : NVIDIA GeForce GTX 1660 Ti
[2022.03.08-07.10.57:701][  0]LogD3D11RHI:     VendorId    : 10de
[2022.03.08-07.10.57:701][  0]LogD3D11RHI:     DeviceId    : 2191
[2022.03.08-07.10.57:701][  0]LogD3D11RHI:     SubSysId    : 3ffc17aa
[2022.03.08-07.10.57:701][  0]LogD3D11RHI:     Revision    : 00a1
[2022.03.08-07.10.57:701][  0]LogD3D11RHI:     DedicatedVideoMemory : 6282018816 bytes
[2022.03.08-07.10.57:701][  0]LogD3D11RHI:     DedicatedSystemMemory : 0 bytes
[2022.03.08-07.10.57:702][  0]LogD3D11RHI:     SharedSystemMemory : 8548067328 bytes
[2022.03.08-07.10.57:702][  0]LogD3D11RHI:     AdapterLuid : 0 76549
[2022.03.08-07.10.57:795][  0]LogD3D11RHI: RHI has support for 64 bit atomics
[2022.03.08-07.10.57:795][  0]LogD3D11RHI: Async texture creation enabled
[2022.03.08-07.10.57:795][  0]LogD3D11RHI: Array index from any shader is supported
[2022.03.08-07.10.57:823][  0]LogD3D11RHI: GPU Timing Frequency: 1000.000000 (Debug: 2 1)
[2022.03.08-07.10.57:933][  0]LogRHI: GeForceNow SDK initialized: 1
[2022.03.08-07.10.58:372][  0]LogTargetPlatformManager: Display: Loaded TargetPlatform 'AllDesktop'
[2022.03.08-07.10.58:400][  0]LogTargetPlatformManager: Display: Loaded TargetPlatform 'Android'
[2022.03.08-07.10.58:400][  0]LogTargetPlatformManager: Display: Loaded TargetPlatform 'Android_ASTC'
[2022.03.08-07.10.58:401][  0]LogTargetPlatformManager: Display: Loaded TargetPlatform 'Android_DXT'
[2022.03.08-07.10.58:401][  0]LogTargetPlatformManager: Display: Loaded TargetPlatform 'Android_ETC2'
[2022.03.08-07.10.58:401][  0]LogTargetPlatformManager: Display: Loaded TargetPlatform 'AndroidClient'
[2022.03.08-07.10.58:401][  0]LogTargetPlatformManager: Display: Loaded TargetPlatform 'Android_ASTCClient'
[2022.03.08-07.10.58:401][  0]LogTargetPlatformManager: Display: Loaded TargetPlatform 'Android_DXTClient'
[2022.03.08-07.10.58:401][  0]LogTargetPlatformManager: Display: Loaded TargetPlatform 'Android_ETC2Client'
[2022.03.08-07.10.58:401][  0]LogTargetPlatformManager: Display: Loaded TargetPlatform 'Android_Multi'
[2022.03.08-07.10.58:401][  0]LogTargetPlatformManager: Display: Loaded TargetPlatform 'Android_MultiClient'
[2022.03.08-07.10.58:435][  0]LogTargetPlatformManager: Display: Loaded TargetPlatform 'IOSClient'
[2022.03.08-07.10.58:435][  0]LogTargetPlatformManager: Display: Loaded TargetPlatform 'IOS'
[2022.03.08-07.10.58:448][  0]LogTargetPlatformManager: Display: Loaded TargetPlatform 'Linux'
[2022.03.08-07.10.58:457][  0]LogTargetPlatformManager: Display: Loaded TargetPlatform 'LinuxNoEditor'
[2022.03.08-07.10.58:465][  0]LogTargetPlatformManager: Display: Loaded TargetPlatform 'LinuxClient'
[2022.03.08-07.10.58:473][  0]LogTargetPlatformManager: Display: Loaded TargetPlatform 'LinuxServer'
[2022.03.08-07.10.58:486][  0]LogTargetPlatformManager: Display: Loaded TargetPlatform 'LinuxAArch64NoEditor'
[2022.03.08-07.10.58:495][  0]LogTargetPlatformManager: Display: Loaded TargetPlatform 'LinuxAArch64Client'
[2022.03.08-07.10.58:503][  0]LogTargetPlatformManager: Display: Loaded TargetPlatform 'LinuxAArch64Server'
[2022.03.08-07.10.58:531][  0]LogTargetPlatformManager: Display: Loaded TargetPlatform 'Lumin'
[2022.03.08-07.10.58:531][  0]LogTargetPlatformManager: Display: Loaded TargetPlatform 'LuminClient'
[2022.03.08-07.10.58:543][  0]LogTargetPlatformManager: Display: Loaded TargetPlatform 'MacNoEditor'
[2022.03.08-07.10.58:552][  0]LogTargetPlatformManager: Display: Loaded TargetPlatform 'Mac'
[2022.03.08-07.10.58:560][  0]LogTargetPlatformManager: Display: Loaded TargetPlatform 'MacClient'
[2022.03.08-07.10.58:569][  0]LogTargetPlatformManager: Display: Loaded TargetPlatform 'MacServer'
[2022.03.08-07.10.58:583][  0]LogTargetPlatformManager: Display: Loaded TargetPlatform 'TVOSClient'
[2022.03.08-07.10.58:583][  0]LogTargetPlatformManager: Display: Loaded TargetPlatform 'TVOS'
[2022.03.08-07.10.58:596][  0]LogTargetPlatformManager: Display: Loaded TargetPlatform 'WindowsNoEditor'
[2022.03.08-07.10.58:604][  0]LogTargetPlatformManager: Display: Loaded TargetPlatform 'Windows'
[2022.03.08-07.10.58:612][  0]LogTargetPlatformManager: Display: Loaded TargetPlatform 'WindowsClient'
[2022.03.08-07.10.58:620][  0]LogTargetPlatformManager: Display: Loaded TargetPlatform 'WindowsServer'
[2022.03.08-07.10.58:621][  0]LogTargetPlatformManager: Display: Building Assets For Windows
[2022.03.08-07.10.58:641][  0]LogAudioDebug: Display: Lib vorbis DLL was dynamically loaded.
[2022.03.08-07.10.58:719][  0]LogTextureFormatOodle: Display: Oodle Texture 2.9.0 init RDO Off
[2022.03.08-07.10.58:809][  0]LogRendererCore: Ray tracing is disabled. Reason: r.RayTracing=0.
[2022.03.08-07.10.58:809][  0]LogShaderCompilers: Guid format shader working directory is 5 characters bigger than the processId version (../../../../ChattingClient/ChattingClient/Intermediate/Shaders/WorkingDirectory/11088/).
[2022.03.08-07.10.58:809][  0]LogShaderCompilers: Cleaned the shader compiler working directory 'C:/Users/lenovo/AppData/Local/Temp/UnrealShaderWorkingDir/741B156C4C71C3F1C959F2ABD383C1C1/'.
[2022.03.08-07.10.58:809][  0]LogXGEController: Cannot use XGE Controller as Incredibuild is not installed on this machine.
[2022.03.08-07.10.58:809][  0]LogShaderCompilers: Cannot use XGE Shader Compiler as Incredibuild is not installed on this machine.
[2022.03.08-07.10.58:810][  0]LogShaderCompilers: Display: Using Local Shader Compiler.
[2022.03.08-07.10.59:527][  0]LogDerivedDataCache: Display: Max Cache Size: 512 MB
[2022.03.08-07.10.59:582][  0]LogDerivedDataCache: Loaded boot cache 0.05s 96MB C:/Users/lenovo/AppData/Local/UnrealEngine/4.27/DerivedDataCache/Boot.ddc.
[2022.03.08-07.10.59:582][  0]LogDerivedDataCache: Display: Loaded Boot cache: C:/Users/lenovo/AppData/Local/UnrealEngine/4.27/DerivedDataCache/Boot.ddc
[2022.03.08-07.10.59:582][  0]LogDerivedDataCache: FDerivedDataBackendGraph:  Pak pak cache file ../../../../ChattingClient/ChattingClient/DerivedDataCache/DDC.ddp not found, will not use a pak cache.
[2022.03.08-07.10.59:583][  0]LogDerivedDataCache: Unable to find inner node Pak for hierarchical cache Hierarchy.
[2022.03.08-07.10.59:583][  0]LogDerivedDataCache: FDerivedDataBackendGraph:  CompressedPak pak cache file ../../../../ChattingClient/ChattingClient/DerivedDataCache/Compressed.ddp not found, will not use a pak cache.
[2022.03.08-07.10.59:583][  0]LogDerivedDataCache: Unable to find inner node CompressedPak for hierarchical cache Hierarchy.
[2022.03.08-07.10.59:598][  0]LogDerivedDataCache: Display: Pak cache opened for reading ../../../Engine/DerivedDataCache/Compressed.ddp.
[2022.03.08-07.10.59:599][  0]LogDerivedDataCache: FDerivedDataBackendGraph:  EnterprisePak pak cache file ../../../Enterprise/DerivedDataCache/Compressed.ddp not found, will not use a pak cache.
[2022.03.08-07.10.59:599][  0]LogDerivedDataCache: Unable to find inner node EnterprisePak for hierarchical cache Hierarchy.
[2022.03.08-07.10.59:616][  0]LogDerivedDataCache: Speed tests for C:/Users/lenovo/AppData/Local/UnrealEngine/Common/DerivedDataCache took 0.02 seconds
[2022.03.08-07.10.59:617][  0]LogDerivedDataCache: Display: Performance to C:/Users/lenovo/AppData/Local/UnrealEngine/Common/DerivedDataCache: Latency=0.04ms. RandomReadSpeed=735.51MBs, RandomWriteSpeed=59.55MBs. Assigned SpeedClass 'Local'
[2022.03.08-07.10.59:619][  0]LogDerivedDataCache: Using Local data cache path C:/Users/lenovo/AppData/Local/UnrealEngine/Common/DerivedDataCache: Writable
[2022.03.08-07.10.59:619][  0]LogDerivedDataCache: Shared data cache path not found in *engine.ini, will not use an Shared cache.
[2022.03.08-07.10.59:619][  0]LogDerivedDataCache: Unable to find inner node Shared for hierarchical cache Hierarchy.
[2022.03.08-07.10.59:662][  0]LogSlate: Using FreeType 2.10.0
[2022.03.08-07.10.59:663][  0]LogSlate: SlateFontServices - WITH_FREETYPE: 1, WITH_HARFBUZZ: 1
[2022.03.08-07.10.59:693][  0]LogAssetRegistry: FAssetRegistry took 0.0055 seconds to start up
[2022.03.08-07.10.59:913][  0]LogInit: Selected Device Profile: [Windows]
[2022.03.08-07.10.59:913][  0]LogInit: Active device profile: [00000217DB520E00][00000217D283CB40 49] Windows
[2022.03.08-07.10.59:913][  0]LogInit: Profiles: [00000217DB520E00][00000217D283CB40 49] Windows, [00000217DB4DA500][00000217D0150CC0 49] WindowsNoEditor, [00000217DB521D00][00000217D0154E40 49] WindowsServer, [00000217DB4DB300][00000217D0158FC0 49] WindowsClient, [00000217DB522A00][00000217DA77B140 49] IOS, [00000217DB4DB900][00000217DA77F2C0 49] iPadAir, [00000217DB521500][00000217DA783440 49] iPadAir2, [00000217DB469200][00000217DA78B700 49] IPadPro, [00000217DB469300][00000217DA787740 49] iPadAir3, [00000217DB4D8C00][00000217CFFE58C0 49] iPadAir4, [00000217DB469F00][00000217D001DA40 49] iPadMini2, [00000217DB4DB100][00000217DA7C3BC0 49] iPadMini3, [00000217DB46A900][00000217DA7C61C0 49] iPadMini4, [00000217DB4D8F00][00000217DA7CA340 49] iPadMini5, [00000217DB464C00][00000217DA5105C0 49] iPhone6, [00000217DB464D00][00000217DA7D2600 49] iPodTouch6, [00000217DB522700][00000217DA5DC840 49] iPhone7, [00000217DB522900][00000217DA7DA880 49] iPodTouch7, [00000217DB469100][00000217DA5E09C0 49] iPhone5S, [00000217DB522C00][00000217DA64CB40 49] iPhone6Plus, [00000217DB46BF00][00000217DA650CC0 49] iPhone6S, [00000217DB468100][00000217DA672E40 49] iPhone6SPlus, [00000217DB464B00][00000217DA700FC0 49] iPhone7Plus, [00000217DB46A100][00000217DA7D7140 49] iPhoneSE, [00000217DB466900][00000217DA7CF2C0 49] iPhone8, [00000217DB46A200][00000217DA705440 49] iPhone8Plus, [00000217DB467B00][00000217DA7BF5C0 49] iPhoneX, [00000217DB46A300][00000217DA5B5740 49] iPhoneXS, [00000217DB464F00][00000217DA5B98C0 49] iPhoneXSMax, [00000217DB522F00][00000217DA5BDA40 49] iPhoneXR, [00000217DB465700][00000217DA5C1BC0 49] iPhone11, [00000217DB522E00][00000217DA5C41C0 49] iPhone11Pro, [00000217DB465900][00000217DA5C8340 49] iPhone11ProMax, [00000217DB521200][00000217DA5CC4C0 49] iPhoneSE2, [00000217DB467D00][00000217DA5D0640 49] iPhone12Mini, [00000217DB520B00][00000217DA5E4780 49] iPhone12, [00000217DB465D00][00000217DA5D48C0 49] iPhone12Pro, [00000217DB521400][00000217DA5D8A00 49] iPhone12ProMax, [00000217DB467700][00000217DA708B40 49] iPadPro105, [00000217DB521B00][00000217DA710CC0 49] iPadPro129, [00000217DB464700][00000217DA714E40 49] iPadPro97, [00000217DB521300][00000217DA718FC0 49] iPadPro2_129, [00000217DB465200][00000217DA71D140 49] iPad5, [00000217DB523F00][00000217DA7212C0 49] iPad6, [00000217DB467A00][00000217DA725440 49] iPad7, [00000217DB521900][00000217DA7295C0 49] iPad8, [00000217DB465400][00000217DA72D740 49] iPadPro11, [00000217DB523500][00000217DA7318C0 49] iPadPro2_11, [00000217DB466300][00000217DA735A40 49] iPadPro3_129, [00000217DB520F00][00000217DA739BC0 49] iPadPro4_129, [00000217DB465100][00000217DA73C1C0 49] AppleTV, [00000217DB523600][00000217DA740340 49] AppleTV4K, [00000217DB464600][00000217DA7444C0 49] TVOS, [00000217DB523900][00000217DA748640 49] Mac, [00000217DB467200][00000217DA74C7C0 49] MacClient, [00000217DB523B00][00000217DA750940 49] MacNoEditor, [00000217DB465300][00000217DA70CA80 49] MacServer, [00000217DB522400][00000217DBACABC0 49] Linux, [00000217DB466000][00000217DBACED00 49] LinuxAArch64, [00000217DB523E00][00000217DBAD6E80 49] LinuxNoEditor, [00000217DB467100][00000217DBADB000 49] LinuxAArch64NoEditor, [00000217DB523200][00000217DBADF180 49] LinuxClient, [00000217DB466800][00000217DBAE3300 49] LinuxAArch64Client, [00000217DB520400][00000217DBAE7480 49] LinuxServer, [00000217DB464400][00000217DBAEB600 49] LinuxAArch64Server, [00000217DB521100][00000217DBAEF780 49] Android, [00000217DB466700][00000217DBAF3900 49] Android_Low, [00000217DB520800][00000217DBAF7A80 49] Android_Mid, [00000217DB464300][00000217DBAFBC00 49] Android_High, [00000217DB521C00][00000217DBAFE200 49] Android_Default, [00000217DB467600][00000217DBB02380 49] Android_Adreno4xx, [00000217DB522100][00000217DBB06500 49] Android_Adreno5xx_Low, [00000217DB464900][00000217DBB0A680 49] Android_Adreno5xx, [00000217DB521F00][00000217DBB0E800 49] Android_Adreno6xx, [00000217DB465B00][00000217DBB12980 49] Android_Adreno6xx_Vulkan, [00000217DB522B00][00000217DBB16B00 49] Android_Mali_T6xx, [00000217DB469900][00000217DBAD2C40 49] Android_Mali_T7xx, [00000217DB4DB200][00000217DBB1AD80 49] Android_Mali_T8xx, [00000217DB46BC00][00000217DBB1EEC0 49] Android_Mali_G71, [00000217DB4DBD00][00000217DBB27040 49] Android_Mali_G72, [00000217DB46B900][00000217DBB2B1C0 49] Android_Mali_G72_Vulkan, [00000217DB4DA300][00000217DBB2F340 49] Android_Mali_G76, [00000217DB469A00][00000217DBB334C0 49] Android_Mali_G76_Vulkan, [00000217DB4D8400][00000217DBB37640 49] Android_Mali_G77, [00000217DB46B500][00000217DBB3B7C0 49] Android_Mali_G77_Vulkan, [00000217DB4DA100][00000217DBB3F940 49] Android_Mali_G78, [00000217DB469000][00000217DBB43AC0 49] Android_Mali_G78_Vulkan, [00000217DB4DA400][00000217DBB460C0 49] Android_Mali_G710, [00000217DB469500][00000217DBB4A240 49] Android_Mali_G710_Vulkan, [00000217DB4DB600][00000217DBB4E3C0 49] Android_Vulkan_SM5, [00000217DB469800][00000217DBB52540 49] Android_PowerVR_G6xxx, [00000217DB4DB000][00000217DBB566C0 49] Android_PowerVR_GT7xxx, [00000217DB469B00][00000217DBB5A840 49] Android_PowerVR_GE8xxx, [00000217DB4DBB00][00000217DBB5E9C0 49] Android_PowerVR_GM9xxx, [00000217DB469E00][00000217DBB62B40 49] Android_PowerVR_GM9xxx_Vulkan, [00000217DB4D9700][00000217DBB66CC0 49] Android_TegraK1, [00000217DB46BB00][00000217DBB22E00 49] Android_Unknown_Vulkan, [00000217DB4D9100][00000217DBB6AF40 49] Lumin, [00000217DB468600][00000217DBB6F080 49] Lumin_Desktop, [00000217DB466200][00000217DBB731C0 49] HoloLens, 
[2022.03.08-07.11.00:089][  0]LogMeshReduction: Using QuadricMeshReduction for automatic static mesh reduction
[2022.03.08-07.11.00:089][  0]LogMeshReduction: Using SimplygonMeshReduction for automatic skeletal mesh reduction
[2022.03.08-07.11.00:089][  0]LogMeshReduction: Using ProxyLODMeshReduction for automatic mesh merging
[2022.03.08-07.11.00:089][  0]LogMeshReduction: No distributed automatic mesh merging module available
[2022.03.08-07.11.00:089][  0]LogMeshMerging: No distributed automatic mesh merging module available
[2022.03.08-07.11.00:111][  0]LogNetVersion: ChattingClient 1.0.0, NetCL: 17155196, EngineNetVer: 17, GameNetVer: 0 (Checksum: 1007274363)
[2022.03.08-07.11.00:508][  0]LogTexture: Default maximum texture size for cubemaps generated from long-lat sources has been changed from 512 to unlimited. In order to preserve old behaiour for '/Engine/MapTemplates/Sky/DaylightAmbientCubemap.DaylightAmbientCubemap', its maximum texture size has been explicitly set to 512.
[2022.03.08-07.11.00:556][  0]LogHMD: PokeAHoleMaterial loaded successfully
[2022.03.08-07.11.00:561][  0]LogUObjectArray: 17178 objects as part of root set at end of initial load.
[2022.03.08-07.11.00:561][  0]LogUObjectAllocator: 4302048 out of 0 bytes used by permanent object pool.
[2022.03.08-07.11.00:562][  0]LogUObjectArray: CloseDisregardForGC: 0/0 objects in disregard for GC pool
[2022.03.08-07.11.01:008][  0]LogNiagaraDebuggerClient: Niagara Debugger Client Initialized | Session: 792B306C444FD6C500D8EB95D2BC8398 | Instance: 2511FC7845769E9BE0A3B39EEBAB8815 (DESKTOP-JG03A40-11088).
[2022.03.08-07.11.01:062][  0]LogPython: Using Python 3.7.7
[2022.03.08-07.11.01:718][  0]LogTcpMessaging: Initializing TcpMessaging bridge
[2022.03.08-07.11.01:727][  0]LogUdpMessaging: Initializing bridge on interface 0.0.0.0:0 to multicast group 230.0.0.1:6666.
[2022.03.08-07.11.02:110][  0]SourceControl: 소스 컨트롤이 꺼졌습니다.
[2022.03.08-07.11.02:110][  0]SourceControl: 소스 컨트롤이 꺼졌습니다.
[2022.03.08-07.11.02:124][  0]SourceControl: 소스 컨트롤이 꺼졌습니다.
[2022.03.08-07.11.02:130][  0]SourceControl: 소스 컨트롤이 꺼졌습니다.
[2022.03.08-07.11.02:153][  0]SourceControl: 소스 컨트롤이 꺼졌습니다.
[2022.03.08-07.11.02:159][  0]LogUProjectInfo: Found projects:
[2022.03.08-07.11.02:451][  0]LogOpenImageDenoise: OIDN starting up
[2022.03.08-07.11.02:533][  0]LogAndroidPermission: UAndroidPermissionCallbackProxy::GetInstance
[2022.03.08-07.11.02:579][  0]LogAudioCaptureCore: Display: No Audio Capture implementations found. Audio input will be silent.
[2022.03.08-07.11.02:579][  0]LogAudioCaptureCore: Display: No Audio Capture implementations found. Audio input will be silent.
[2022.03.08-07.11.02:838][  0]LogOcInput: OculusInput pre-init called
[2022.03.08-07.11.03:086][  0]LogCollectionManager: Loaded 0 collections in 0.001477 seconds
[2022.03.08-07.11.03:173][  0]LogFileCache: Scanning file cache for directory 'C:/EpicGames/ChattingClient/ChattingClient/Saved/Collections/' took 0.00s
[2022.03.08-07.11.03:173][  0]LogFileCache: Scanning file cache for directory 'C:/EpicGames/ChattingClient/ChattingClient/Content/Developers/lenovo/Collections/' took 0.00s
[2022.03.08-07.11.03:173][  0]LogFileCache: Scanning file cache for directory 'C:/EpicGames/ChattingClient/ChattingClient/Content/Collections/' took 0.00s
[2022.03.08-07.11.03:173][  0]LogClass: Display: UInt32Property FSendBuffer::LeftPos is not initialized properly. Module:ChattingClient File:Public/SocketComponent.h
[2022.03.08-07.11.03:173][  0]LogClass: Display: UInt32Property FSendBuffer::RightPos is not initialized properly. Module:ChattingClient File:Public/SocketComponent.h
[2022.03.08-07.11.03:173][  0]LogClass: Display: 2 Uninitialized script struct members found including 0 object properties
[2022.03.08-07.11.03:174][  0]LogEngine: Initializing Engine...
[2022.03.08-07.11.03:178][  0]LogHMD: Failed to enumerate extensions. Please check that you have a valid OpenXR runtime installed.
[2022.03.08-07.11.03:178][  0]LogHMD: Failed to initialize OpenVR with code 110
[2022.03.08-07.11.03:178][  0]LogMagicLeap: Warning: VR disabled because ZI is not enabled.  To enable, in the editor, Edit -> Project Settings -> Plugins -> Magic Leap Plugin -> Enable Zero Iteration
[2022.03.08-07.11.03:179][  0]LogStats: UGameplayTagsManager::InitializeManager -  0.000 s
[2022.03.08-07.11.03:285][  0]LogInit: Initializing FReadOnlyCVARCache
[2022.03.08-07.11.03:296][  0]LogAIModule: Creating AISystem for world Untitled
[2022.03.08-07.11.03:299][  0]LogAudio: Display: Initializing Audio Device Manager...
[2022.03.08-07.11.03:306][  0]LogAudio: Display: Loading Default Audio Settings Objects...
[2022.03.08-07.11.03:307][  0]LogAudio: Display: No default SoundConcurrencyObject specified (or failed to load).
[2022.03.08-07.11.03:308][  0]LogAudio: Display: Audio Device Manager Initialized
[2022.03.08-07.11.03:308][  0]LogAudio: Display: Creating Audio Device:                 Id: 1, Scope: Shared, Realtime: True
[2022.03.08-07.11.03:308][  0]LogAudioMixer: Display: Audio Mixer Platform Settings:
[2022.03.08-07.11.03:308][  0]LogAudioMixer: Display: 	Sample Rate:						  48000
[2022.03.08-07.11.03:308][  0]LogAudioMixer: Display: 	Callback Buffer Frame Size Requested: 1024
[2022.03.08-07.11.03:309][  0]LogAudioMixer: Display: 	Callback Buffer Frame Size To Use:	  1024
[2022.03.08-07.11.03:309][  0]LogAudioMixer: Display: 	Number of buffers to queue:			  2
[2022.03.08-07.11.03:309][  0]LogAudioMixer: Display: 	Max Channels (voices):				  32
[2022.03.08-07.11.03:309][  0]LogAudioMixer: Display: 	Number of Async Source Workers:		  0
[2022.03.08-07.11.03:309][  0]LogAudio: Display: AudioDevice MaxSources: 32
[2022.03.08-07.11.03:309][  0]LogAudio: Display: Audio Spatialization Plugin: None (built-in).
[2022.03.08-07.11.03:309][  0]LogAudio: Display: Audio Reverb Plugin: None (built-in).
[2022.03.08-07.11.03:309][  0]LogAudio: Display: Audio Occlusion Plugin: None (built-in).
[2022.03.08-07.11.03:310][  0]LogAudioMixer: Display: Initializing audio mixer.
[2022.03.08-07.11.03:339][  0]LogAudioMixer: Display: 0: FrontLeft
[2022.03.08-07.11.03:339][  0]LogAudioMixer: Display: 1: FrontRight
[2022.03.08-07.11.03:591][  0]LogAudioMixer: Display: Using Audio Device 스피커(Realtek(R) Audio)
[2022.03.08-07.11.03:594][  0]LogAudioMixer: Display: Initializing Sound Submixes...
[2022.03.08-07.11.03:596][  0]LogAudioMixer: Display: Creating Master Submix 'MasterSubmixDefault'
[2022.03.08-07.11.03:597][  0]LogAudioMixer: Display: Creating Master Submix 'MasterReverbSubmixDefault'
[2022.03.08-07.11.03:597][  0]LogAudioMixer: Display: Creating Master Submix 'MasterEQSubmixDefault'
[2022.03.08-07.11.03:597][  0]LogAudioMixer: FMixerPlatformXAudio2::StartAudioStream() called
[2022.03.08-07.11.03:597][  0]LogAudioMixer: Display: Output buffers initialized: Frames=1024, Channels=2, Samples=2048
[2022.03.08-07.11.03:601][  0]LogAudioMixer: Display: Starting AudioMixerPlatformInterface::RunInternal()
[2022.03.08-07.11.03:601][  0]LogAudioMixer: Display: FMixerPlatformXAudio2::SubmitBuffer() called for the first time
[2022.03.08-07.11.03:601][  0]LogInit: FAudioDevice initialized.
[2022.03.08-07.11.03:601][  0]LogAudio: Display: Audio Device (ID: 1) registered with world 'Untitled'.
[2022.03.08-07.11.03:602][  0]LogNetVersion: Set ProjectVersion to 1.0.0.0. Version Checksum will be recalculated on next use.
[2022.03.08-07.11.03:669][  0]LogDerivedDataCache: Saved boot cache 0.07s 96MB C:/Users/lenovo/AppData/Local/UnrealEngine/4.27/DerivedDataCache/Boot.ddc.
[2022.03.08-07.11.03:670][  0]LogInit: Texture streaming: Enabled
[2022.03.08-07.11.03:693][  0]LogAnalytics: Display: [UEEditor.Rocket.Release] APIServer = https://datarouter.ol.epicgames.com/. AppVersion = 4.27.2-18319896+++UE4+Release-4.27
[2022.03.08-07.11.03:702][  0]LogEngineSessionManager: EngineSessionManager initialized
[2022.03.08-07.11.03:702][  0]LogEditorSessionSummary: Verbose: Initializing EditorSessionSummaryWriter for editor session tracking
[2022.03.08-07.11.03:708][  0]LogEditorSessionSummary: EditorSessionSummaryWriter initialized
[2022.03.08-07.11.03:738][  0]LogInit: Transaction tracking system initialized
[2022.03.08-07.11.03:780][  0]BlueprintLog: New page: 에디터 로드
[2022.03.08-07.11.03:908][  0]LocalizationService: 현지화 서비스가 비활성화되었습니다.
[2022.03.08-07.11.03:951][  0]TimingProfiler: Initialize
[2022.03.08-07.11.03:951][  0]TimingProfiler: OnSessionChanged
[2022.03.08-07.11.03:952][  0]LoadingProfiler: Initialize
[2022.03.08-07.11.03:952][  0]LoadingProfiler: OnSessionChanged
[2022.03.08-07.11.03:952][  0]NetworkingProfiler: Initialize
[2022.03.08-07.11.03:952][  0]NetworkingProfiler: OnSessionChanged
[2022.03.08-07.11.03:952][  0]MemoryProfiler: Initialize
[2022.03.08-07.11.03:952][  0]MemoryProfiler: OnSessionChanged
[2022.03.08-07.11.04:152][  0]LogCook: Display: CookSettings for Memory: MemoryMaxUsedVirtual 0MiB, MemoryMaxUsedPhysical 16384MiB, MemoryMinFreeVirtual 0MiB, MemoryMinFreePhysical 1024MiB
[2022.03.08-07.11.04:152][  0]LogCook: Display: Mobile HDR setting 1
[2022.03.08-07.11.04:222][  0]LogFileCache: Scanning file cache for directory 'C:/EpicGames/ChattingClient/ChattingClient/Content/' took 0.00s
[2022.03.08-07.11.04:678][  0]LogInit: Display: Engine is initialized. Leaving FEngineLoop::Init()
[2022.03.08-07.11.04:683][  0]SourceControl: 소스 컨트롤이 꺼졌습니다.
[2022.03.08-07.11.04:684][  0]LogUnrealEdMisc: Loading editor; pre map load, took 9.850
[2022.03.08-07.11.04:684][  0]Cmd: MAP LOAD FILE="../../../../ChattingClient/ChattingClient/Content/MainLevel.umap" TEMPLATE=0 SHOWPROGRESS=1 FEATURELEVEL=3
[2022.03.08-07.11.04:684][  0]LightingResults: New page: 라이팅 빌드
[2022.03.08-07.11.04:686][  0]LogWorld: UWorld::CleanupWorld for Untitled, bSessionEnded=true, bCleanupResources=true
[2022.03.08-07.11.04:686][  0]LogSlate: InvalidateAllWidgets triggered.  All widgets were invalidated
[2022.03.08-07.11.04:686][  0]MapCheck: New page: 맵 체크
[2022.03.08-07.11.04:686][  0]LightingResults: New page: 라이팅 빌드
[2022.03.08-07.11.04:693][  0]LogAudio: Display: Audio Device unregistered from world 'None'.
[2022.03.08-07.11.04:698][  0]LogUObjectHash: Compacting FUObjectHashTables data took   0.73ms
[2022.03.08-07.11.04:703][  0]LogAudio: Display: Audio Device (ID: 1) registered with world 'MainLevel'.
[2022.03.08-07.11.04:704][  0]LogAIModule: Creating AISystem for world MainLevel
[2022.03.08-07.11.04:705][  0]LogEditorServer: Finished looking for orphan Actors (0.000 secs)
[2022.03.08-07.11.04:716][  0]LogUObjectHash: Compacting FUObjectHashTables data took   0.56ms
[2022.03.08-07.11.04:716][  0]Cmd: MAP CHECKDEP NOCLEARLOG
[2022.03.08-07.11.04:717][  0]MapCheck: 맵 체크 완료: 오류 0 회, 경고 0 회, 소요 시간 0.224ms.
[2022.03.08-07.11.04:717][  0]LogFileHelpers: Loading map 'MainLevel' took 0.033
[2022.03.08-07.11.04:720][  0]LogUnrealEdMisc: Total Editor Startup Time, took 9.886
[2022.03.08-07.11.04:854][  0]LogSlate: Updating window title bar state: overlay mode, drag disabled, window buttons hidden, title bar hidden
[2022.03.08-07.11.04:859][  0]LogSlate: Updating window title bar state: overlay mode, drag disabled, window buttons hidden, title bar hidden
[2022.03.08-07.11.04:865][  0]LogSlate: Updating window title bar state: overlay mode, drag disabled, window buttons hidden, title bar hidden
[2022.03.08-07.11.04:871][  0]LogSlate: Updating window title bar state: overlay mode, drag disabled, window buttons hidden, title bar hidden
[2022.03.08-07.11.04:886][  0]LogNativeClassHierarchy: Verbose: Native class hierarchy populated in 0.0086 seconds. Added 3833 classes and 931 folders.
[2022.03.08-07.11.04:888][  0]LogNativeClassHierarchy: Verbose: Native class hierarchy updated for 'WidgetCarousel' in 0.0002 seconds. Added 0 classes and 0 folders.
[2022.03.08-07.11.04:890][  0]LogPakFile: PakFile PrimaryIndexSize=187
[2022.03.08-07.11.04:890][  0]LogPakFile: PakFile PathHashIndexSize=101
[2022.03.08-07.11.04:890][  0]LogPakFile: PakFile FullDirectoryIndexSize=148
[2022.03.08-07.11.04:890][  0]LogShaderLibrary: Display: ShaderCodeLibraryPakFileMountedCallback: PakFile 'C:/EpicGames/UE_4.27/FeaturePacks/FP_FirstPerson.upack' (chunk index -1, root 'root:/') mounted
[2022.03.08-07.11.04:890][  0]LogShaderLibrary: Display: ShaderCodeLibraryPakFileMountedCallback: pending pak file info (ChunkID:-1 Root:root:/ File:C:/EpicGames/UE_4.27/FeaturePacks/FP_FirstPerson.upack)
[2022.03.08-07.11.04:890][  0]LogPakFile: OnPakFileMounted2Time == 0.000222
[2022.03.08-07.11.04:891][  0]LogPakFile: PakFile PrimaryIndexSize=189
[2022.03.08-07.11.04:891][  0]LogPakFile: PakFile PathHashIndexSize=101
[2022.03.08-07.11.04:891][  0]LogPakFile: PakFile FullDirectoryIndexSize=152
[2022.03.08-07.11.04:892][  0]LogShaderLibrary: Display: ShaderCodeLibraryPakFileMountedCallback: PakFile 'C:/EpicGames/UE_4.27/FeaturePacks/FP_FirstPersonBP.upack' (chunk index -1, root 'root:/') mounted
[2022.03.08-07.11.04:892][  0]LogShaderLibrary: Display: ShaderCodeLibraryPakFileMountedCallback: pending pak file info (ChunkID:-1 Root:root:/ File:C:/EpicGames/UE_4.27/FeaturePacks/FP_FirstPersonBP.upack)
[2022.03.08-07.11.04:892][  0]LogPakFile: OnPakFileMounted2Time == 0.000197
[2022.03.08-07.11.04:893][  0]LogPakFile: PakFile PrimaryIndexSize=191
[2022.03.08-07.11.04:893][  0]LogPakFile: PakFile PathHashIndexSize=101
[2022.03.08-07.11.04:893][  0]LogPakFile: PakFile FullDirectoryIndexSize=160
[2022.03.08-07.11.04:893][  0]LogShaderLibrary: Display: ShaderCodeLibraryPakFileMountedCallback: PakFile 'C:/EpicGames/UE_4.27/FeaturePacks/MobileStarterContent.upack' (chunk index -1, root 'root:/') mounted
[2022.03.08-07.11.04:893][  0]LogShaderLibrary: Display: ShaderCodeLibraryPakFileMountedCallback: pending pak file info (ChunkID:-1 Root:root:/ File:C:/EpicGames/UE_4.27/FeaturePacks/MobileStarterContent.upack)
[2022.03.08-07.11.04:893][  0]LogPakFile: OnPakFileMounted2Time == 0.000138
[2022.03.08-07.11.04:894][  0]LogPakFile: PakFile PrimaryIndexSize=185
[2022.03.08-07.11.04:894][  0]LogPakFile: PakFile PathHashIndexSize=101
[2022.03.08-07.11.04:894][  0]LogPakFile: PakFile FullDirectoryIndexSize=148
[2022.03.08-07.11.04:894][  0]LogShaderLibrary: Display: ShaderCodeLibraryPakFileMountedCallback: PakFile 'C:/EpicGames/UE_4.27/FeaturePacks/StarterContent.upack' (chunk index -1, root 'root:/') mounted
[2022.03.08-07.11.04:894][  0]LogShaderLibrary: Display: ShaderCodeLibraryPakFileMountedCallback: pending pak file info (ChunkID:-1 Root:root:/ File:C:/EpicGames/UE_4.27/FeaturePacks/StarterContent.upack)
[2022.03.08-07.11.04:894][  0]LogPakFile: OnPakFileMounted2Time == 0.000138
[2022.03.08-07.11.04:895][  0]LogPakFile: PakFile PrimaryIndexSize=190
[2022.03.08-07.11.04:895][  0]LogPakFile: PakFile PathHashIndexSize=101
[2022.03.08-07.11.04:895][  0]LogPakFile: PakFile FullDirectoryIndexSize=154
[2022.03.08-07.11.04:895][  0]LogShaderLibrary: Display: ShaderCodeLibraryPakFileMountedCallback: PakFile 'C:/EpicGames/UE_4.27/FeaturePacks/TP_2DSideScroller.upack' (chunk index -1, root 'root:/') mounted
[2022.03.08-07.11.04:895][  0]LogShaderLibrary: Display: ShaderCodeLibraryPakFileMountedCallback: pending pak file info (ChunkID:-1 Root:root:/ File:C:/EpicGames/UE_4.27/FeaturePacks/TP_2DSideScroller.upack)
[2022.03.08-07.11.04:895][  0]LogPakFile: OnPakFileMounted2Time == 0.000136
[2022.03.08-07.11.04:896][  0]LogPakFile: PakFile PrimaryIndexSize=192
[2022.03.08-07.11.04:896][  0]LogPakFile: PakFile PathHashIndexSize=101
[2022.03.08-07.11.04:896][  0]LogPakFile: PakFile FullDirectoryIndexSize=158
[2022.03.08-07.11.04:896][  0]LogShaderLibrary: Display: ShaderCodeLibraryPakFileMountedCallback: PakFile 'C:/EpicGames/UE_4.27/FeaturePacks/TP_2DSideScrollerBP.upack' (chunk index -1, root 'root:/') mounted
[2022.03.08-07.11.04:896][  0]LogShaderLibrary: Display: ShaderCodeLibraryPakFileMountedCallback: pending pak file info (ChunkID:-1 Root:root:/ File:C:/EpicGames/UE_4.27/FeaturePacks/TP_2DSideScrollerBP.upack)
[2022.03.08-07.11.04:896][  0]LogPakFile: OnPakFileMounted2Time == 0.000127
[2022.03.08-07.11.04:897][  0]LogPakFile: PakFile PrimaryIndexSize=182
[2022.03.08-07.11.04:897][  0]LogPakFile: PakFile PathHashIndexSize=101
[2022.03.08-07.11.04:897][  0]LogPakFile: PakFile FullDirectoryIndexSize=138
[2022.03.08-07.11.04:897][  0]LogShaderLibrary: Display: ShaderCodeLibraryPakFileMountedCallback: PakFile 'C:/EpicGames/UE_4.27/FeaturePacks/TP_Flying.upack' (chunk index -1, root 'root:/') mounted
[2022.03.08-07.11.04:897][  0]LogShaderLibrary: Display: ShaderCodeLibraryPakFileMountedCallback: pending pak file info (ChunkID:-1 Root:root:/ File:C:/EpicGames/UE_4.27/FeaturePacks/TP_Flying.upack)
[2022.03.08-07.11.04:897][  0]LogPakFile: OnPakFileMounted2Time == 0.000130
[2022.03.08-07.11.04:898][  0]LogPakFile: PakFile PrimaryIndexSize=184
[2022.03.08-07.11.04:898][  0]LogPakFile: PakFile PathHashIndexSize=101
[2022.03.08-07.11.04:898][  0]LogPakFile: PakFile FullDirectoryIndexSize=142
[2022.03.08-07.11.04:898][  0]LogShaderLibrary: Display: ShaderCodeLibraryPakFileMountedCallback: PakFile 'C:/EpicGames/UE_4.27/FeaturePacks/TP_FlyingBP.upack' (chunk index -1, root 'root:/') mounted
[2022.03.08-07.11.04:898][  0]LogShaderLibrary: Display: ShaderCodeLibraryPakFileMountedCallback: pending pak file info (ChunkID:-1 Root:root:/ File:C:/EpicGames/UE_4.27/FeaturePacks/TP_FlyingBP.upack)
[2022.03.08-07.11.04:898][  0]LogPakFile: OnPakFileMounted2Time == 0.000139
[2022.03.08-07.11.04:899][  0]LogPakFile: PakFile PrimaryIndexSize=188
[2022.03.08-07.11.04:899][  0]LogPakFile: PakFile PathHashIndexSize=101
[2022.03.08-07.11.04:899][  0]LogPakFile: PakFile FullDirectoryIndexSize=150
[2022.03.08-07.11.04:899][  0]LogShaderLibrary: Display: ShaderCodeLibraryPakFileMountedCallback: PakFile 'C:/EpicGames/UE_4.27/FeaturePacks/TP_HandheldARBP.upack' (chunk index -1, root 'root:/') mounted
[2022.03.08-07.11.04:899][  0]LogShaderLibrary: Display: ShaderCodeLibraryPakFileMountedCallback: pending pak file info (ChunkID:-1 Root:root:/ File:C:/EpicGames/UE_4.27/FeaturePacks/TP_HandheldARBP.upack)
[2022.03.08-07.11.04:899][  0]LogPakFile: OnPakFileMounted2Time == 0.000128
[2022.03.08-07.11.04:900][  0]LogPakFile: PakFile PrimaryIndexSize=182
[2022.03.08-07.11.04:900][  0]LogPakFile: PakFile PathHashIndexSize=101
[2022.03.08-07.11.04:900][  0]LogPakFile: PakFile FullDirectoryIndexSize=138
[2022.03.08-07.11.04:900][  0]LogShaderLibrary: Display: ShaderCodeLibraryPakFileMountedCallback: PakFile 'C:/EpicGames/UE_4.27/FeaturePacks/TP_Puzzle.upack' (chunk index -1, root 'root:/') mounted
[2022.03.08-07.11.04:900][  0]LogShaderLibrary: Display: ShaderCodeLibraryPakFileMountedCallback: pending pak file info (ChunkID:-1 Root:root:/ File:C:/EpicGames/UE_4.27/FeaturePacks/TP_Puzzle.upack)
[2022.03.08-07.11.04:900][  0]LogPakFile: OnPakFileMounted2Time == 0.000140
[2022.03.08-07.11.04:900][  0]LogPakFile: PakFile PrimaryIndexSize=184
[2022.03.08-07.11.04:901][  0]LogPakFile: PakFile PathHashIndexSize=101
[2022.03.08-07.11.04:901][  0]LogPakFile: PakFile FullDirectoryIndexSize=142
[2022.03.08-07.11.04:901][  0]LogShaderLibrary: Display: ShaderCodeLibraryPakFileMountedCallback: PakFile 'C:/EpicGames/UE_4.27/FeaturePacks/TP_PuzzleBP.upack' (chunk index -1, root 'root:/') mounted
[2022.03.08-07.11.04:901][  0]LogShaderLibrary: Display: ShaderCodeLibraryPakFileMountedCallback: pending pak file info (ChunkID:-1 Root:root:/ File:C:/EpicGames/UE_4.27/FeaturePacks/TP_PuzzleBP.upack)
[2022.03.08-07.11.04:901][  0]LogPakFile: OnPakFileMounted2Time == 0.000153
[2022.03.08-07.11.04:901][  0]LogPakFile: PakFile PrimaryIndexSize=183
[2022.03.08-07.11.04:902][  0]LogPakFile: PakFile PathHashIndexSize=101
[2022.03.08-07.11.04:902][  0]LogPakFile: PakFile FullDirectoryIndexSize=140
[2022.03.08-07.11.04:902][  0]LogShaderLibrary: Display: ShaderCodeLibraryPakFileMountedCallback: PakFile 'C:/EpicGames/UE_4.27/FeaturePacks/TP_Rolling.upack' (chunk index -1, root 'root:/') mounted
[2022.03.08-07.11.04:902][  0]LogShaderLibrary: Display: ShaderCodeLibraryPakFileMountedCallback: pending pak file info (ChunkID:-1 Root:root:/ File:C:/EpicGames/UE_4.27/FeaturePacks/TP_Rolling.upack)
[2022.03.08-07.11.04:902][  0]LogPakFile: OnPakFileMounted2Time == 0.000137
[2022.03.08-07.11.04:902][  0]LogPakFile: PakFile PrimaryIndexSize=185
[2022.03.08-07.11.04:903][  0]LogPakFile: PakFile PathHashIndexSize=101
[2022.03.08-07.11.04:903][  0]LogPakFile: PakFile FullDirectoryIndexSize=144
[2022.03.08-07.11.04:903][  0]LogShaderLibrary: Display: ShaderCodeLibraryPakFileMountedCallback: PakFile 'C:/EpicGames/UE_4.27/FeaturePacks/TP_RollingBP.upack' (chunk index -1, root 'root:/') mounted
[2022.03.08-07.11.04:903][  0]LogShaderLibrary: Display: ShaderCodeLibraryPakFileMountedCallback: pending pak file info (ChunkID:-1 Root:root:/ File:C:/EpicGames/UE_4.27/FeaturePacks/TP_RollingBP.upack)
[2022.03.08-07.11.04:903][  0]LogPakFile: OnPakFileMounted2Time == 0.000122
[2022.03.08-07.11.04:903][  0]LogPakFile: PakFile PrimaryIndexSize=188
[2022.03.08-07.11.04:904][  0]LogPakFile: PakFile PathHashIndexSize=101
[2022.03.08-07.11.04:904][  0]LogPakFile: PakFile FullDirectoryIndexSize=150
[2022.03.08-07.11.04:904][  0]LogShaderLibrary: Display: ShaderCodeLibraryPakFileMountedCallback: PakFile 'C:/EpicGames/UE_4.27/FeaturePacks/TP_SideScroller.upack' (chunk index -1, root 'root:/') mounted
[2022.03.08-07.11.04:904][  0]LogShaderLibrary: Display: ShaderCodeLibraryPakFileMountedCallback: pending pak file info (ChunkID:-1 Root:root:/ File:C:/EpicGames/UE_4.27/FeaturePacks/TP_SideScroller.upack)
[2022.03.08-07.11.04:904][  0]LogPakFile: OnPakFileMounted2Time == 0.000127
[2022.03.08-07.11.04:904][  0]LogPakFile: PakFile PrimaryIndexSize=190
[2022.03.08-07.11.04:904][  0]LogPakFile: PakFile PathHashIndexSize=101
[2022.03.08-07.11.04:905][  0]LogPakFile: PakFile FullDirectoryIndexSize=154
[2022.03.08-07.11.04:905][  0]LogShaderLibrary: Display: ShaderCodeLibraryPakFileMountedCallback: PakFile 'C:/EpicGames/UE_4.27/FeaturePacks/TP_SideScrollerBP.upack' (chunk index -1, root 'root:/') mounted
[2022.03.08-07.11.04:905][  0]LogShaderLibrary: Display: ShaderCodeLibraryPakFileMountedCallback: pending pak file info (ChunkID:-1 Root:root:/ File:C:/EpicGames/UE_4.27/FeaturePacks/TP_SideScrollerBP.upack)
[2022.03.08-07.11.04:905][  0]LogPakFile: OnPakFileMounted2Time == 0.000129
[2022.03.08-07.11.04:905][  0]LogPakFile: PakFile PrimaryIndexSize=187
[2022.03.08-07.11.04:905][  0]LogPakFile: PakFile PathHashIndexSize=101
[2022.03.08-07.11.04:905][  0]LogPakFile: PakFile FullDirectoryIndexSize=148
[2022.03.08-07.11.04:906][  0]LogShaderLibrary: Display: ShaderCodeLibraryPakFileMountedCallback: PakFile 'C:/EpicGames/UE_4.27/FeaturePacks/TP_ThirdPerson.upack' (chunk index -1, root 'root:/') mounted
[2022.03.08-07.11.04:906][  0]LogShaderLibrary: Display: ShaderCodeLibraryPakFileMountedCallback: pending pak file info (ChunkID:-1 Root:root:/ File:C:/EpicGames/UE_4.27/FeaturePacks/TP_ThirdPerson.upack)
[2022.03.08-07.11.04:906][  0]LogPakFile: OnPakFileMounted2Time == 0.000130
[2022.03.08-07.11.04:906][  0]LogPakFile: PakFile PrimaryIndexSize=189
[2022.03.08-07.11.04:906][  0]LogPakFile: PakFile PathHashIndexSize=101
[2022.03.08-07.11.04:906][  0]LogPakFile: PakFile FullDirectoryIndexSize=152
[2022.03.08-07.11.04:907][  0]LogShaderLibrary: Display: ShaderCodeLibraryPakFileMountedCallback: PakFile 'C:/EpicGames/UE_4.27/FeaturePacks/TP_ThirdPersonBP.upack' (chunk index -1, root 'root:/') mounted
[2022.03.08-07.11.04:907][  0]LogShaderLibrary: Display: ShaderCodeLibraryPakFileMountedCallback: pending pak file info (ChunkID:-1 Root:root:/ File:C:/EpicGames/UE_4.27/FeaturePacks/TP_ThirdPersonBP.upack)
[2022.03.08-07.11.04:907][  0]LogPakFile: OnPakFileMounted2Time == 0.000132
[2022.03.08-07.11.04:907][  0]LogPakFile: PakFile PrimaryIndexSize=183
[2022.03.08-07.11.04:907][  0]LogPakFile: PakFile PathHashIndexSize=101
[2022.03.08-07.11.04:907][  0]LogPakFile: PakFile FullDirectoryIndexSize=140
[2022.03.08-07.11.04:908][  0]LogShaderLibrary: Display: ShaderCodeLibraryPakFileMountedCallback: PakFile 'C:/EpicGames/UE_4.27/FeaturePacks/TP_TopDown.upack' (chunk index -1, root 'root:/') mounted
[2022.03.08-07.11.04:908][  0]LogShaderLibrary: Display: ShaderCodeLibraryPakFileMountedCallback: pending pak file info (ChunkID:-1 Root:root:/ File:C:/EpicGames/UE_4.27/FeaturePacks/TP_TopDown.upack)
[2022.03.08-07.11.04:908][  0]LogPakFile: OnPakFileMounted2Time == 0.000137
[2022.03.08-07.11.04:908][  0]LogPakFile: PakFile PrimaryIndexSize=185
[2022.03.08-07.11.04:908][  0]LogPakFile: PakFile PathHashIndexSize=101
[2022.03.08-07.11.04:908][  0]LogPakFile: PakFile FullDirectoryIndexSize=144
[2022.03.08-07.11.04:909][  0]LogShaderLibrary: Display: ShaderCodeLibraryPakFileMountedCallback: PakFile 'C:/EpicGames/UE_4.27/FeaturePacks/TP_TopDownBP.upack' (chunk index -1, root 'root:/') mounted
[2022.03.08-07.11.04:909][  0]LogShaderLibrary: Display: ShaderCodeLibraryPakFileMountedCallback: pending pak file info (ChunkID:-1 Root:root:/ File:C:/EpicGames/UE_4.27/FeaturePacks/TP_TopDownBP.upack)
[2022.03.08-07.11.04:909][  0]LogPakFile: OnPakFileMounted2Time == 0.000130
[2022.03.08-07.11.04:909][  0]LogPakFile: PakFile PrimaryIndexSize=185
[2022.03.08-07.11.04:909][  0]LogPakFile: PakFile PathHashIndexSize=101
[2022.03.08-07.11.04:909][  0]LogPakFile: PakFile FullDirectoryIndexSize=144
[2022.03.08-07.11.04:910][  0]LogShaderLibrary: Display: ShaderCodeLibraryPakFileMountedCallback: PakFile 'C:/EpicGames/UE_4.27/FeaturePacks/TP_TwinStick.upack' (chunk index -1, root 'root:/') mounted
[2022.03.08-07.11.04:910][  0]LogShaderLibrary: Display: ShaderCodeLibraryPakFileMountedCallback: pending pak file info (ChunkID:-1 Root:root:/ File:C:/EpicGames/UE_4.27/FeaturePacks/TP_TwinStick.upack)
[2022.03.08-07.11.04:910][  0]LogPakFile: OnPakFileMounted2Time == 0.000145
[2022.03.08-07.11.04:910][  0]LogPakFile: PakFile PrimaryIndexSize=187
[2022.03.08-07.11.04:910][  0]LogPakFile: PakFile PathHashIndexSize=101
[2022.03.08-07.11.04:910][  0]LogPakFile: PakFile FullDirectoryIndexSize=148
[2022.03.08-07.11.04:911][  0]LogShaderLibrary: Display: ShaderCodeLibraryPakFileMountedCallback: PakFile 'C:/EpicGames/UE_4.27/FeaturePacks/TP_TwinStickBP.upack' (chunk index -1, root 'root:/') mounted
[2022.03.08-07.11.04:911][  0]LogShaderLibrary: Display: ShaderCodeLibraryPakFileMountedCallback: pending pak file info (ChunkID:-1 Root:root:/ File:C:/EpicGames/UE_4.27/FeaturePacks/TP_TwinStickBP.upack)
[2022.03.08-07.11.04:911][  0]LogPakFile: OnPakFileMounted2Time == 0.000168
[2022.03.08-07.11.04:911][  0]LogPakFile: PakFile PrimaryIndexSize=183
[2022.03.08-07.11.04:911][  0]LogPakFile: PakFile PathHashIndexSize=101
[2022.03.08-07.11.04:912][  0]LogPakFile: PakFile FullDirectoryIndexSize=140
[2022.03.08-07.11.04:912][  0]LogShaderLibrary: Display: ShaderCodeLibraryPakFileMountedCallback: PakFile 'C:/EpicGames/UE_4.27/FeaturePacks/TP_Vehicle.upack' (chunk index -1, root 'root:/') mounted
[2022.03.08-07.11.04:912][  0]LogShaderLibrary: Display: ShaderCodeLibraryPakFileMountedCallback: pending pak file info (ChunkID:-1 Root:root:/ File:C:/EpicGames/UE_4.27/FeaturePacks/TP_Vehicle.upack)
[2022.03.08-07.11.04:912][  0]LogPakFile: OnPakFileMounted2Time == 0.000125
[2022.03.08-07.11.04:912][  0]LogPakFile: PakFile PrimaryIndexSize=186
[2022.03.08-07.11.04:912][  0]LogPakFile: PakFile PathHashIndexSize=101
[2022.03.08-07.11.04:913][  0]LogPakFile: PakFile FullDirectoryIndexSize=146
[2022.03.08-07.11.04:913][  0]LogShaderLibrary: Display: ShaderCodeLibraryPakFileMountedCallback: PakFile 'C:/EpicGames/UE_4.27/FeaturePacks/TP_VehicleAdv.upack' (chunk index -1, root 'root:/') mounted
[2022.03.08-07.11.04:913][  0]LogShaderLibrary: Display: ShaderCodeLibraryPakFileMountedCallback: pending pak file info (ChunkID:-1 Root:root:/ File:C:/EpicGames/UE_4.27/FeaturePacks/TP_VehicleAdv.upack)
[2022.03.08-07.11.04:913][  0]LogPakFile: OnPakFileMounted2Time == 0.000137
[2022.03.08-07.11.04:913][  0]LogPakFile: PakFile PrimaryIndexSize=188
[2022.03.08-07.11.04:914][  0]LogPakFile: PakFile PathHashIndexSize=101
[2022.03.08-07.11.04:914][  0]LogPakFile: PakFile FullDirectoryIndexSize=150
[2022.03.08-07.11.04:914][  0]LogShaderLibrary: Display: ShaderCodeLibraryPakFileMountedCallback: PakFile 'C:/EpicGames/UE_4.27/FeaturePacks/TP_VehicleAdvBP.upack' (chunk index -1, root 'root:/') mounted
[2022.03.08-07.11.04:914][  0]LogShaderLibrary: Display: ShaderCodeLibraryPakFileMountedCallback: pending pak file info (ChunkID:-1 Root:root:/ File:C:/EpicGames/UE_4.27/FeaturePacks/TP_VehicleAdvBP.upack)
[2022.03.08-07.11.04:914][  0]LogPakFile: OnPakFileMounted2Time == 0.000144
[2022.03.08-07.11.04:914][  0]LogPakFile: PakFile PrimaryIndexSize=185
[2022.03.08-07.11.04:915][  0]LogPakFile: PakFile PathHashIndexSize=101
[2022.03.08-07.11.04:915][  0]LogPakFile: PakFile FullDirectoryIndexSize=144
[2022.03.08-07.11.04:915][  0]LogShaderLibrary: Display: ShaderCodeLibraryPakFileMountedCallback: PakFile 'C:/EpicGames/UE_4.27/FeaturePacks/TP_VehicleBP.upack' (chunk index -1, root 'root:/') mounted
[2022.03.08-07.11.04:915][  0]LogShaderLibrary: Display: ShaderCodeLibraryPakFileMountedCallback: pending pak file info (ChunkID:-1 Root:root:/ File:C:/EpicGames/UE_4.27/FeaturePacks/TP_VehicleBP.upack)
[2022.03.08-07.11.04:915][  0]LogPakFile: OnPakFileMounted2Time == 0.000145
[2022.03.08-07.11.04:915][  0]LogPakFile: PakFile PrimaryIndexSize=192
[2022.03.08-07.11.04:915][  0]LogPakFile: PakFile PathHashIndexSize=101
[2022.03.08-07.11.04:916][  0]LogPakFile: PakFile FullDirectoryIndexSize=158
[2022.03.08-07.11.04:916][  0]LogShaderLibrary: Display: ShaderCodeLibraryPakFileMountedCallback: PakFile 'C:/EpicGames/UE_4.27/FeaturePacks/TP_VirtualRealityBP.upack' (chunk index -1, root 'root:/') mounted
[2022.03.08-07.11.04:916][  0]LogShaderLibrary: Display: ShaderCodeLibraryPakFileMountedCallback: pending pak file info (ChunkID:-1 Root:root:/ File:C:/EpicGames/UE_4.27/FeaturePacks/TP_VirtualRealityBP.upack)
[2022.03.08-07.11.04:916][  0]LogPakFile: OnPakFileMounted2Time == 0.000149
[2022.03.08-07.11.04:967][  0]LogNativeClassHierarchy: Verbose: Native class hierarchy updated for 'AddContentDialog' in 0.0003 seconds. Added 0 classes and 0 folders.
[2022.03.08-07.11.04:971][  0]LogNativeClassHierarchy: Verbose: Native class hierarchy updated for 'SceneOutliner' in 0.0002 seconds. Added 2 classes and 0 folders.
[2022.03.08-07.11.05:296][  0]LogSlate: Only BGRA pngs, bmps or icos are supported in by External Image Picker
[2022.03.08-07.11.05:383][  0]LogSlate: Took 0.000404 seconds to synchronously load lazily loaded font '../../../Engine/Content/Slate/Fonts/Roboto-Regular.ttf' (155K)
[2022.03.08-07.11.05:386][  0]LogSlate: Took 0.001582 seconds to synchronously load lazily loaded font '../../../Engine/Content/Editor/Slate/Fonts/NanumGothic.ttf' (4243K)
[2022.03.08-07.11.05:387][  0]LogSlate: Took 0.000227 seconds to synchronously load lazily loaded font '../../../Engine/Content/Editor/Slate/Fonts/FontAwesome.ttf' (139K)
[2022.03.08-07.11.05:389][  0]LogSlate: Took 0.001670 seconds to synchronously load lazily loaded font '../../../Engine/Content/Editor/Slate/Fonts/NanumGothicBold.ttf' (4188K)
[2022.03.08-07.11.05:389][  0]LogSlate: Took 0.000220 seconds to synchronously load lazily loaded font '../../../Engine/Content/Slate/Fonts/Roboto-Bold.ttf' (160K)
[2022.03.08-07.11.05:468][  0]LogRenderer: Reallocating scene render targets to support 940x400 Format 10 NumSamples 1 (Frame:1).
[2022.03.08-07.11.05:504][  0]LogSlate: Took 0.000247 seconds to synchronously load lazily loaded font '../../../Engine/Content/Slate/Fonts/Roboto-Light.ttf' (167K)
[2022.03.08-07.11.05:592][  0]LogNativeClassHierarchy: Verbose: Native class hierarchy updated for 'HierarchicalLODOutliner' in 0.0003 seconds. Added 0 classes and 0 folders.
[2022.03.08-07.11.05:592][  0]LogLoad: (Engine Initialization) Total time: 10.76 seconds
[2022.03.08-07.11.05:592][  0]LogLoad: (Engine Initialization) Total Blueprint compile time: 0.00 seconds
[2022.03.08-07.11.05:720][  0]LogAssetRegistry: Asset discovery search completed in 6.0311 seconds
[2022.03.08-07.11.05:726][  0]LogCollectionManager: Fixed up redirectors for 0 collections in 0.000003 seconds (updated 0 objects)
[2022.03.08-07.11.05:726][  0]LogContentStreaming: Texture pool size now 1000 MB
[2022.03.08-07.11.05:761][  1]LogRenderer: Reallocating scene render targets to support 940x416 Format 10 NumSamples 1 (Frame:3).
[2022.03.08-07.12.35:479][358]LogTemp: Repeating last play command: 선택된 뷰포트
[2022.03.08-07.12.35:486][358]LogPlayLevel: PlayLevel: No blueprints needed recompiling
[2022.03.08-07.12.35:486][358]PIE: New page: PIE 세션: MainLevel (2022. 3. 9. 오전 1:12:35)
[2022.03.08-07.12.35:489][358]LogOnline: OSS: Creating online subsystem instance for: NULL
[2022.03.08-07.12.35:492][358]LogOnline: OSS: TryLoadSubsystemAndSetDefault: Loaded subsystem for module [NULL]
[2022.03.08-07.12.35:492][358]LogPlayLevel: Creating play world package: /Game/UEDPIE_0_MainLevel
[2022.03.08-07.12.35:493][358]LogPlayLevel: PIE: StaticDuplicateObject took: (0.001256s)
[2022.03.08-07.12.35:494][358]LogAIModule: Creating AISystem for world MainLevel
[2022.03.08-07.12.35:495][358]LogPlayLevel: PIE: World Init took: (0.001509s)
[2022.03.08-07.12.35:495][358]LogPlayLevel: PIE: Created PIE world by copying editor world from /Game/MainLevel.MainLevel to /Game/UEDPIE_0_MainLevel.MainLevel (0.003306s)
[2022.03.08-07.12.35:500][358]LogUObjectHash: Compacting FUObjectHashTables data took   0.54ms
[2022.03.08-07.12.35:505][358]LogAudio: Display: Creating Audio Device:                 Id: 2, Scope: Unique, Realtime: True
[2022.03.08-07.12.35:506][358]LogAudioMixer: Display: Audio Mixer Platform Settings:
[2022.03.08-07.12.35:506][358]LogAudioMixer: Display: 	Sample Rate:						  48000
[2022.03.08-07.12.35:506][358]LogAudioMixer: Display: 	Callback Buffer Frame Size Requested: 1024
[2022.03.08-07.12.35:506][358]LogAudioMixer: Display: 	Callback Buffer Frame Size To Use:	  1024
[2022.03.08-07.12.35:506][358]LogAudioMixer: Display: 	Number of buffers to queue:			  2
[2022.03.08-07.12.35:506][358]LogAudioMixer: Display: 	Max Channels (voices):				  32
[2022.03.08-07.12.35:506][358]LogAudioMixer: Display: 	Number of Async Source Workers:		  0
[2022.03.08-07.12.35:507][358]LogAudio: Display: AudioDevice MaxSources: 32
[2022.03.08-07.12.35:507][358]LogAudio: Display: Audio Spatialization Plugin: None (built-in).
[2022.03.08-07.12.35:507][358]LogAudio: Display: Audio Reverb Plugin: None (built-in).
[2022.03.08-07.12.35:507][358]LogAudio: Display: Audio Occlusion Plugin: None (built-in).
[2022.03.08-07.12.35:508][358]LogAudioMixer: Display: Initializing audio mixer.
[2022.03.08-07.12.35:518][358]LogAudioMixer: Display: 0: FrontLeft
[2022.03.08-07.12.35:519][358]LogAudioMixer: Display: 1: FrontRight
[2022.03.08-07.12.35:546][358]LogAudioMixer: Display: Using Audio Device 스피커(Realtek(R) Audio)
[2022.03.08-07.12.35:547][358]LogAudioMixer: Display: Initializing Sound Submixes...
[2022.03.08-07.12.35:547][358]LogAudioMixer: Display: Creating Master Submix 'MasterSubmixDefault'
[2022.03.08-07.12.35:547][358]LogAudioMixer: Display: Creating Master Submix 'MasterReverbSubmixDefault'
[2022.03.08-07.12.35:547][358]LogAudioMixer: Display: Creating Master Submix 'MasterEQSubmixDefault'
[2022.03.08-07.12.35:548][358]LogAudioMixer: FMixerPlatformXAudio2::StartAudioStream() called
[2022.03.08-07.12.35:548][358]LogAudioMixer: Display: Output buffers initialized: Frames=1024, Channels=2, Samples=2048
[2022.03.08-07.12.35:550][358]LogAudioMixer: Display: Starting AudioMixerPlatformInterface::RunInternal()
[2022.03.08-07.12.35:551][358]LogAudioMixer: Display: FMixerPlatformXAudio2::SubmitBuffer() called for the first time
[2022.03.08-07.12.35:551][358]LogInit: FAudioDevice initialized.
[2022.03.08-07.12.35:551][358]LogAudio: Display: Audio Device (ID: 2) registered with world 'MainLevel'.
[2022.03.08-07.12.35:564][358]LogLoad: Game class is 'GameModeBase'
[2022.03.08-07.12.35:565][358]LogWorld: Bringing World /Game/UEDPIE_0_MainLevel.MainLevel up for play (max tick rate 60) at 2022.03.08-16.12.35
[2022.03.08-07.12.35:566][358]LogWorld: Bringing up level for play took: 0.000371
[2022.03.08-07.12.35:566][358]LogOnline: OSS: Creating online subsystem instance for: :Context_2
[2022.03.08-07.12.35:571][358]LogNativeClassHierarchy: Verbose: Native class hierarchy updated for 'MovieSceneCapture' in 0.0004 seconds. Added 20 classes and 0 folders.
[2022.03.08-07.12.35:572][358]LogViewport: Display: Viewport MouseLockMode Changed, LockOnCapture -> LockInFullscreen
[2022.03.08-07.12.35:572][358]LogViewport: Display: Viewport MouseCaptureMode Changed, CapturePermanently_IncludingInitialMouseDown -> NoCapture
[2022.03.08-07.12.35:572][358]LogViewport: Display: Player bShowMouseCursor Changed, False -> True
[2022.03.08-07.12.35:573][358]PIE: 서버가 로그인했습니다.
[2022.03.08-07.12.35:574][358]PIE: 에디터에서 플레이 총 시작 시간 0.091초입니다.
[2022.03.08-07.12.35:577][358]LogTemp: From Server: Welcome to chatting server!
Please login using Login [Username] command
[2022.03.08-07.12.44:094][358]LogTemp: not Find UserInfo inst
[2022.03.08-07.12.44:105][358]LogAudioMixer: Resetting audio stream to device id 
[2022.03.08-07.12.44:118][358]LogAudioMixer: Display: 0: FrontLeft
[2022.03.08-07.12.44:119][358]LogAudioMixer: Display: 1: FrontRight
[2022.03.08-07.12.44:185][358]LogAudioMixer: Resetting audio stream to device id 
[2022.03.08-07.12.44:197][358]LogAudioMixer: Display: 0: FrontLeft
[2022.03.08-07.12.44:197][358]LogAudioMixer: Display: 1: FrontRight
[2022.03.08-07.12.47:653][506]LogTemp: SendMsg: login qwer
[2022.03.08-07.12.47:656][506]LogTemp: Send: login qwer

[2022.03.08-07.12.47:670][507]LogTemp: From Server: Now you will be called: [qwer]
Please Checking Command list using h or H
[2022.03.08-07.12.47:670][507]LogTemp: not Find UserInfo inst
[2022.03.08-07.12.57:384][728]LogTemp: SendMsg: us
[2022.03.08-07.12.57:385][728]LogTemp: Send: us

[2022.03.08-07.13.10:456][729]LogTemp: From Server: 
--------------------------UserList--------------------------
qwer 127.0.0.1:54831
[2022.03.08-07.13.37:426][729]LogTemp: not Find UserInfo inst
