Log file open, 03/09/22 12:35:16
LogWindows: Failed to load 'aqProf.dll' (GetLastError=126)
LogWindows: File 'aqProf.dll' does not exist
LogWindows: Failed to load 'VtuneApi.dll' (GetLastError=126)
LogWindows: File 'VtuneApi.dll' does not exist
LogWindows: Failed to load 'VtuneApi32e.dll' (GetLastError=126)
LogWindows: File 'VtuneApi32e.dll' does not exist
LogConsoleResponse: Display: Failed to find resolution value strings in scalability ini. Falling back to default.
LogConsoleResponse: Display: Failed to find resolution value strings in scalability ini. Falling back to default.
LogInit: Display: Running engine for game: ChattingClient
LogPlatformFile: Not using cached read wrapper
LogTaskGraph: Started task graph with 5 named threads and 35 total threads with 3 sets of task threads.
LogStats: Stats thread started at 0.615042
LogICUInternationalization: ICU TimeZone Detection - Raw Offset: +9:00, Platform Override: ''
LogInit: Display: Loading text-based GConfig....
LogPluginManager: Mounting plugin MeshPainting
LogPluginManager: Mounting plugin XGEController
LogPluginManager: Mounting plugin Paper2D
LogPluginManager: Mounting plugin LiveLink
LogPluginManager: Mounting plugin EnvironmentQueryEditor
LogPluginManager: Mounting plugin AISupport
LogPluginManager: Mounting plugin LightPropagationVolume
LogPluginManager: Mounting plugin OodleData
LogPluginManager: Mounting plugin OodleNetwork
LogPluginManager: Mounting plugin CameraShakePreviewer
LogPluginManager: Mounting plugin AssetManagerEditor
LogPluginManager: Mounting plugin GameplayCameras
LogPluginManager: Mounting plugin CurveEditorTools
LogPluginManager: Mounting plugin CryptoKeys
LogPluginManager: Mounting plugin MacGraphicsSwitching
LogPluginManager: Mounting plugin DataValidation
LogPluginManager: Mounting plugin FacialAnimation
LogPluginManager: Mounting plugin GeometryMode
LogPluginManager: Mounting plugin MaterialAnalyzer
LogPluginManager: Mounting plugin MobileLauncherProfileWizard
LogPluginManager: Mounting plugin PluginBrowser
LogPluginManager: Mounting plugin SpeedTreeImporter
LogPluginManager: Mounting plugin GameplayTagsEditor
LogPluginManager: Mounting plugin DatasmithContent
LogPluginManager: Mounting plugin AnimationSharing
LogPluginManager: Mounting plugin VariantManagerContent
LogPluginManager: Mounting plugin CodeLiteSourceCodeAccess
LogPluginManager: Mounting plugin CLionSourceCodeAccess
LogPluginManager: Mounting plugin KDevelopSourceCodeAccess
LogPluginManager: Mounting plugin GitSourceControl
LogPluginManager: Mounting plugin NullSourceCodeAccess
LogPluginManager: Mounting plugin PixWinPlugin
LogPluginManager: Mounting plugin PropertyAccessNode
LogPluginManager: Mounting plugin PlasticSourceControl
LogPluginManager: Mounting plugin PluginUtils
LogPluginManager: Mounting plugin SubversionSourceControl
LogPluginManager: Mounting plugin RiderSourceCodeAccess
LogPluginManager: Mounting plugin UObjectPlugin
LogPluginManager: Mounting plugin TextureFormatOodle
LogPluginManager: Mounting plugin VisualStudioSourceCodeAccess
LogPluginManager: Mounting plugin XCodeSourceCodeAccess
LogPluginManager: Mounting plugin Niagara
LogPluginManager: Mounting plugin AutomationUtils
LogPluginManager: Mounting plugin BackChannel
LogPluginManager: Mounting plugin ChaosEditor
LogPluginManager: Mounting plugin ChaosCloth
LogPluginManager: Mounting plugin VisualStudioCodeSourceCodeAccess
LogPluginManager: Mounting plugin ChaosNiagara
LogPluginManager: Mounting plugin ChaosSolverPlugin
LogPluginManager: Mounting plugin CharacterAI
LogPluginManager: Mounting plugin ChaosClothEditor
LogPluginManager: Mounting plugin AlembicImporter
LogPluginManager: Mounting plugin GeometryCache
LogPluginManager: Mounting plugin GeometryCollectionPlugin
LogPluginManager: Mounting plugin LuminPlatformFeatures
LogPluginManager: Mounting plugin MagicLeap
LogPluginManager: Mounting plugin MagicLeapLightEstimation
LogPluginManager: Mounting plugin MagicLeapMedia
LogPluginManager: Mounting plugin MagicLeapPassableWorld
LogPluginManager: Mounting plugin GeometryProcessing
LogPluginManager: Mounting plugin MLSDK
LogPluginManager: Mounting plugin PerforceSourceControl
LogPluginManager: Mounting plugin MotoSynth
LogPluginManager: Mounting plugin OpenImageDenoise
LogPluginManager: Mounting plugin PlanarCut
LogPluginManager: Mounting plugin PlatformCrypto
LogPluginManager: Mounting plugin ProxyLODPlugin
LogPluginManager: Mounting plugin PythonScriptPlugin
LogPluginManager: Mounting plugin SkeletalReduction
LogPluginManager: Mounting plugin AndroidMedia
LogPluginManager: Mounting plugin AvfMedia
LogPluginManager: Mounting plugin ImgMedia
LogPluginManager: Mounting plugin MediaCompositing
LogPluginManager: Mounting plugin MediaPlayerEditor
LogPluginManager: Mounting plugin WebMMedia
LogPluginManager: Mounting plugin ActorSequence
LogPluginManager: Mounting plugin WmfMedia
LogPluginManager: Mounting plugin MatineeToLevelSequence
LogPluginManager: Mounting plugin LevelSequenceEditor
LogPluginManager: Mounting plugin TemplateSequence
LogPluginManager: Mounting plugin UdpMessaging
LogPluginManager: Mounting plugin TcpMessaging
LogPluginManager: Mounting plugin OnlineSubsystem
LogPluginManager: Mounting plugin OnlineSubsystemUtils
LogPluginManager: Mounting plugin LauncherChunkInstaller
LogPluginManager: Mounting plugin ActorLayerUtilities
LogPluginManager: Mounting plugin AndroidDeviceProfileSelector
LogPluginManager: Mounting plugin AndroidMoviePlayer
LogPluginManager: Mounting plugin AndroidPermission
LogPluginManager: Mounting plugin AppleImageUtils
LogPluginManager: Mounting plugin AppleMoviePlayer
LogPluginManager: Mounting plugin ArchVisCharacter
LogPluginManager: Mounting plugin AssetTags
LogPluginManager: Mounting plugin AudioCapture
LogPluginManager: Mounting plugin CableComponent
LogPluginManager: Mounting plugin AudioSynesthesia
LogPluginManager: Mounting plugin OnlineSubsystemNull
LogPluginManager: Mounting plugin ChunkDownloader
LogPluginManager: Mounting plugin CustomMeshComponent
LogPluginManager: Mounting plugin EditableMesh
LogPluginManager: Mounting plugin GoogleCloudMessaging
LogPluginManager: Mounting plugin ExampleDeviceProfileSelector
LogPluginManager: Mounting plugin GooglePAD
LogPluginManager: Mounting plugin IOSDeviceProfileSelector
LogPluginManager: Mounting plugin LinuxDeviceProfileSelector
LogPluginManager: Mounting plugin LocationServicesBPLibrary
LogPluginManager: Mounting plugin MobilePatchingUtils
LogPluginManager: Mounting plugin OpenXR
LogPluginManager: Mounting plugin OpenXREyeTracker
LogPluginManager: Mounting plugin OpenXRHandTracking
LogPluginManager: Mounting plugin PhysXVehicles
LogPluginManager: Mounting plugin PostSplashScreen
LogPluginManager: Mounting plugin ProceduralMeshComponent
LogPluginManager: Mounting plugin PropertyAccessEditor
LogPluginManager: Mounting plugin RuntimePhysXCooking
LogPluginManager: Mounting plugin SignificanceManager
LogPluginManager: Mounting plugin SoundFields
LogPluginManager: Mounting plugin Synthesis
LogPluginManager: Mounting plugin WebMMoviePlayer
LogPluginManager: Mounting plugin WindowsMoviePlayer
LogPluginManager: Mounting plugin ScreenshotTools
LogPluginManager: Mounting plugin Takes
LogPluginManager: Mounting plugin ContentBrowserAssetDataSource
LogPluginManager: Mounting plugin ContentBrowserClassDataSource
LogPluginManager: Mounting plugin ContentBrowserFileDataSource
LogPluginManager: Mounting plugin OnlineSubsystemGooglePlay
LogPluginManager: Mounting plugin OnlineSubsystemIOS
LogPluginManager: Mounting plugin OculusVR
LogPluginManager: Mounting plugin SteamVR
PixWinPlugin: PIX capture plugin failed to initialize! Check that the process is launched from PIX.
LogInit: Using libcurl 7.55.1-DEV
LogInit:  - built for x86_64-pc-win32
LogInit:  - supports SSL with OpenSSL/1.1.1
LogInit:  - supports HTTP deflate (compression) using libz 1.2.8
LogInit:  - other features:
LogInit:      CURL_VERSION_SSL
LogInit:      CURL_VERSION_LIBZ
LogInit:      CURL_VERSION_IPV6
LogInit:      CURL_VERSION_ASYNCHDNS
LogInit:      CURL_VERSION_LARGEFILE
LogInit:      CURL_VERSION_IDN
LogInit:  CurlRequestOptions (configurable via config and command line):
LogInit:  - bVerifyPeer = true  - Libcurl will verify peer certificate
LogInit:  - bUseHttpProxy = false  - Libcurl will NOT use HTTP proxy
LogInit:  - bDontReuseConnections = false  - Libcurl will reuse connections
LogInit:  - MaxHostConnections = 16  - Libcurl will limit the number of connections to a host
LogInit:  - LocalHostAddr = Default
LogInit:  - BufferSize = 65536
LogOnline: OSS: Creating online subsystem instance for: NULL
LogInit: WinSock: version 1.1 (2.2), MaxSocks=32767, MaxUdp=65467
LogOnline: OSS: TryLoadSubsystemAndSetDefault: Loaded subsystem for module [NULL]
LogOculusPluginWrapper: OculusPlugin initialized successfully
LogHMD: Failed initializing OVRPlugin 1.59.0
LogInit: Build: ++UE4+Release-4.27-CL-18319896
LogInit: Engine Version: 4.27.2-18319896+++UE4+Release-4.27
LogInit: Compatible Engine Version: 4.27.0-17155196+++UE4+Release-4.27
LogInit: Net CL: 17155196
LogInit: OS: Windows 10 (Release 2009) (), CPU: Intel(R) Core(TM) i7-9750HF CPU @ 2.60GHz, GPU: NVIDIA GeForce GTX 1660 Ti
LogInit: Compiled (64-bit): Nov 30 2021 07:12:08
LogInit: Compiled with Visual C++: 19.24.28315.00
LogInit: Build Configuration: Development
LogInit: Branch Name: ++UE4+Release-4.27
LogInit: Command Line:  -skipcompile
LogInit: Base Directory: C:/EpicGames/UE_4.27/Engine/Binaries/Win64/
LogInit: Allocator: TBB
LogInit: Installed Engine Build: 1
LogDevObjectVersion: Number of dev versions registered: 29
LogDevObjectVersion:   Dev-Blueprints (B0D832E4-1F89-4F0D-ACCF-7EB736FD4AA2): 10
LogDevObjectVersion:   Dev-Build (E1C64328-A22C-4D53-A36C-8E866417BD8C): 0
LogDevObjectVersion:   Dev-Core (375EC13C-06E4-48FB-B500-84F0262A717E): 4
LogDevObjectVersion:   Dev-Editor (E4B068ED-F494-42E9-A231-DA0B2E46BB41): 40
LogDevObjectVersion:   Dev-Framework (CFFC743F-43B0-4480-9391-14DF171D2073): 37
LogDevObjectVersion:   Dev-Mobile (B02B49B5-BB20-44E9-A304-32B752E40360): 3
LogDevObjectVersion:   Dev-Networking (A4E4105C-59A1-49B5-A7C5-40C4547EDFEE): 0
LogDevObjectVersion:   Dev-Online (39C831C9-5AE6-47DC-9A44-9C173E1C8E7C): 0
LogDevObjectVersion:   Dev-Physics (78F01B33-EBEA-4F98-B9B4-84EACCB95AA2): 14
LogDevObjectVersion:   Dev-Platform (6631380F-2D4D-43E0-8009-CF276956A95A): 0
LogDevObjectVersion:   Dev-Rendering (12F88B9F-8875-4AFC-A67C-D90C383ABD29): 45
LogDevObjectVersion:   Dev-Sequencer (7B5AE74C-D270-4C10-A958-57980B212A5A): 13
LogDevObjectVersion:   Dev-VR (D7296918-1DD6-4BDD-9DE2-64A83CC13884): 3
LogDevObjectVersion:   Dev-LoadTimes (C2A15278-BFE7-4AFE-6C17-90FF531DF755): 1
LogDevObjectVersion:   Private-Geometry (6EACA3D4-40EC-4CC1-B786-8BED09428FC5): 3
LogDevObjectVersion:   Dev-AnimPhys (29E575DD-E0A3-4627-9D10-D276232CDCEA): 17
LogDevObjectVersion:   Dev-Anim (AF43A65D-7FD3-4947-9873-3E8ED9C1BB05): 15
LogDevObjectVersion:   Dev-ReflectionCapture (6B266CEC-1EC7-4B8F-A30B-E4D90942FC07): 1
LogDevObjectVersion:   Dev-Automation (0DF73D61-A23F-47EA-B727-89E90C41499A): 1
LogDevObjectVersion:   FortniteMain (601D1886-AC64-4F84-AA16-D3DE0DEAC7D6): 47
LogDevObjectVersion:   FortniteRelease (E7086368-6B23-4C58-8439-1B7016265E91): 1
LogDevObjectVersion:   Dev-Enterprise (9DFFBCD6-494F-0158-E221-12823C92A888): 10
LogDevObjectVersion:   Dev-Niagara (F2AED0AC-9AFE-416F-8664-AA7FFA26D6FC): 1
LogDevObjectVersion:   Dev-Destruction (174F1F0B-B4C6-45A5-B13F-2EE8D0FB917D): 10
LogDevObjectVersion:   Dev-Physics-Ext (35F94A83-E258-406C-A318-09F59610247C): 41
LogDevObjectVersion:   Dev-PhysicsMaterial-Chaos (B68FC16E-8B1B-42E2-B453-215C058844FE): 1
LogDevObjectVersion:   Dev-CineCamera (B2E18506-4273-CFC2-A54E-F4BB758BBA07): 1
LogDevObjectVersion:   Dev-VirtualProduction (64F58936-FD1B-42BA-BA96-7289D5D0FA4E): 1
LogDevObjectVersion:   Dev-MediaFramework (6F0ED827-A609-4895-9C91-998D90180EA4): 2
LogInit: Presizing for max 25165824 objects, including 0 objects not considered by GC, pre-allocating 0 bytes for permanent pool.
LogConfig: Applying CVar settings from Section [/Script/Engine.StreamingSettings] File [C:/EpicGames/ChattingClient/ChattingClient/Saved/Config/Windows/Engine.ini]
LogConfig: Setting CVar [[s.MinBulkDataSizeForAsyncLoading:131072]]
LogConfig: Setting CVar [[s.AsyncLoadingThreadEnabled:0]]
LogConfig: Setting CVar [[s.EventDrivenLoaderEnabled:1]]
LogConfig: Setting CVar [[s.WarnIfTimeLimitExceeded:0]]
LogConfig: Setting CVar [[s.TimeLimitExceededMultiplier:1.5]]
LogConfig: Setting CVar [[s.TimeLimitExceededMinTime:0.005]]
LogConfig: Setting CVar [[s.UseBackgroundLevelStreaming:1]]
LogConfig: Setting CVar [[s.PriorityAsyncLoadingExtraTime:15.0]]
LogConfig: Setting CVar [[s.LevelStreamingActorsUpdateTimeLimit:5.0]]
LogConfig: Setting CVar [[s.PriorityLevelStreamingActorsUpdateExtraTime:5.0]]
LogConfig: Setting CVar [[s.LevelStreamingComponentsRegistrationGranularity:10]]
LogConfig: Setting CVar [[s.UnregisterComponentsTimeLimit:1.0]]
LogConfig: Setting CVar [[s.LevelStreamingComponentsUnregistrationGranularity:5]]
LogConfig: Setting CVar [[s.FlushStreamingOnExit:1]]
LogInit: Object subsystem initialized
LogConfig: Setting CVar [[con.DebugEarlyDefault:1]]
LogConfig: Setting CVar [[r.setres:1280x720]]
[2022.03.09-03.35.19:374][  0]LogConfig: Setting CVar [[r.VSync:0]]
[2022.03.09-03.35.19:374][  0]LogConfig: Setting CVar [[r.RHICmdBypass:0]]
[2022.03.09-03.35.19:374][  0]LogConfig: Applying CVar settings from Section [/Script/Engine.RendererSettings] File [C:/EpicGames/ChattingClient/ChattingClient/Saved/Config/Windows/Engine.ini]
[2022.03.09-03.35.19:374][  0]LogConfig: Setting CVar [[r.GPUCrashDebugging:0]]
[2022.03.09-03.35.19:374][  0]LogConfig: Applying CVar settings from Section [/Script/Engine.RendererOverrideSettings] File [C:/EpicGames/ChattingClient/ChattingClient/Saved/Config/Windows/Engine.ini]
[2022.03.09-03.35.19:374][  0]LogConfig: Applying CVar settings from Section [/Script/Engine.StreamingSettings] File [C:/EpicGames/ChattingClient/ChattingClient/Saved/Config/Windows/Engine.ini]
[2022.03.09-03.35.19:374][  0]LogConfig: Setting CVar [[s.MinBulkDataSizeForAsyncLoading:131072]]
[2022.03.09-03.35.19:374][  0]LogConfig: Setting CVar [[s.AsyncLoadingThreadEnabled:0]]
[2022.03.09-03.35.19:374][  0]LogConfig: Setting CVar [[s.EventDrivenLoaderEnabled:1]]
[2022.03.09-03.35.19:374][  0]LogConfig: Setting CVar [[s.WarnIfTimeLimitExceeded:0]]
[2022.03.09-03.35.19:375][  0]LogConfig: Setting CVar [[s.TimeLimitExceededMultiplier:1.5]]
[2022.03.09-03.35.19:375][  0]LogConfig: Setting CVar [[s.TimeLimitExceededMinTime:0.005]]
[2022.03.09-03.35.19:375][  0]LogConfig: Setting CVar [[s.UseBackgroundLevelStreaming:1]]
[2022.03.09-03.35.19:375][  0]LogConfig: Setting CVar [[s.PriorityAsyncLoadingExtraTime:15.0]]
[2022.03.09-03.35.19:375][  0]LogConfig: Setting CVar [[s.LevelStreamingActorsUpdateTimeLimit:5.0]]
[2022.03.09-03.35.19:375][  0]LogConfig: Setting CVar [[s.PriorityLevelStreamingActorsUpdateExtraTime:5.0]]
[2022.03.09-03.35.19:375][  0]LogConfig: Setting CVar [[s.LevelStreamingComponentsRegistrationGranularity:10]]
[2022.03.09-03.35.19:375][  0]LogConfig: Setting CVar [[s.UnregisterComponentsTimeLimit:1.0]]
[2022.03.09-03.35.19:375][  0]LogConfig: Setting CVar [[s.LevelStreamingComponentsUnregistrationGranularity:5]]
[2022.03.09-03.35.19:375][  0]LogConfig: Setting CVar [[s.FlushStreamingOnExit:1]]
[2022.03.09-03.35.19:375][  0]LogConfig: Applying CVar settings from Section [/Script/Engine.GarbageCollectionSettings] File [C:/EpicGames/ChattingClient/ChattingClient/Saved/Config/Windows/Engine.ini]
[2022.03.09-03.35.19:375][  0]LogConfig: Setting CVar [[gc.MaxObjectsNotConsideredByGC:1]]
[2022.03.09-03.35.19:375][  0]LogConfig: Setting CVar [[gc.SizeOfPermanentObjectPool:0]]
[2022.03.09-03.35.19:375][  0]LogConfig: Setting CVar [[gc.FlushStreamingOnGC:0]]
[2022.03.09-03.35.19:375][  0]LogConfig: Setting CVar [[gc.NumRetriesBeforeForcingGC:10]]
[2022.03.09-03.35.19:375][  0]LogConfig: Setting CVar [[gc.AllowParallelGC:1]]
[2022.03.09-03.35.19:375][  0]LogConfig: Setting CVar [[gc.TimeBetweenPurgingPendingKillObjects:61.1]]
[2022.03.09-03.35.19:376][  0]LogConfig: Setting CVar [[gc.MaxObjectsInEditor:25165824]]
[2022.03.09-03.35.19:376][  0]LogConfig: Setting CVar [[gc.IncrementalBeginDestroyEnabled:1]]
[2022.03.09-03.35.19:376][  0]LogConfig: Setting CVar [[gc.CreateGCClusters:1]]
[2022.03.09-03.35.19:377][  0]LogConfig: Setting CVar [[gc.MinGCClusterSize:5]]
[2022.03.09-03.35.19:377][  0]LogConfig: Setting CVar [[gc.ActorClusteringEnabled:0]]
[2022.03.09-03.35.19:377][  0]LogConfig: Setting CVar [[gc.BlueprintClusteringEnabled:0]]
[2022.03.09-03.35.19:377][  0]LogConfig: Setting CVar [[gc.UseDisregardForGCOnDedicatedServers:0]]
[2022.03.09-03.35.19:377][  0]LogConfig: Setting CVar [[gc.MultithreadedDestructionEnabled:1]]
[2022.03.09-03.35.19:377][  0]LogConfig: Applying CVar settings from Section [/Script/Engine.NetworkSettings] File [C:/EpicGames/ChattingClient/ChattingClient/Saved/Config/Windows/Engine.ini]
[2022.03.09-03.35.19:377][  0]LogConfig: Applying CVar settings from Section [/Script/UnrealEd.CookerSettings] File [C:/EpicGames/ChattingClient/ChattingClient/Saved/Config/Windows/Engine.ini]
[2022.03.09-03.35.19:398][  0]LogConfig: Applying CVar settings from Section [ViewDistanceQuality@3] File [C:/EpicGames/ChattingClient/ChattingClient/Saved/Config/Windows/Scalability.ini]
[2022.03.09-03.35.19:398][  0]LogConfig: Setting CVar [[r.SkeletalMeshLODBias:0]]
[2022.03.09-03.35.19:399][  0]LogConfig: Setting CVar [[r.ViewDistanceScale:1.0]]
[2022.03.09-03.35.19:399][  0]LogConfig: Applying CVar settings from Section [AntiAliasingQuality@3] File [C:/EpicGames/ChattingClient/ChattingClient/Saved/Config/Windows/Scalability.ini]
[2022.03.09-03.35.19:399][  0]LogConfig: Setting CVar [[r.PostProcessAAQuality:4]]
[2022.03.09-03.35.19:399][  0]LogConfig: Applying CVar settings from Section [ShadowQuality@3] File [C:/EpicGames/ChattingClient/ChattingClient/Saved/Config/Windows/Scalability.ini]
[2022.03.09-03.35.19:399][  0]LogConfig: Setting CVar [[r.LightFunctionQuality:1]]
[2022.03.09-03.35.19:399][  0]LogConfig: Setting CVar [[r.ShadowQuality:5]]
[2022.03.09-03.35.19:399][  0]LogConfig: Setting CVar [[r.Shadow.CSM.MaxCascades:10]]
[2022.03.09-03.35.19:399][  0]LogConfig: Setting CVar [[r.Shadow.MaxResolution:2048]]
[2022.03.09-03.35.19:399][  0]LogConfig: Setting CVar [[r.Shadow.MaxCSMResolution:2048]]
[2022.03.09-03.35.19:399][  0]LogConfig: Setting CVar [[r.Shadow.RadiusThreshold:0.01]]
[2022.03.09-03.35.19:399][  0]LogConfig: Setting CVar [[r.Shadow.DistanceScale:1.0]]
[2022.03.09-03.35.19:399][  0]LogConfig: Setting CVar [[r.Shadow.CSM.TransitionScale:1.0]]
[2022.03.09-03.35.19:399][  0]LogConfig: Setting CVar [[r.Shadow.PreShadowResolutionFactor:1.0]]
[2022.03.09-03.35.19:399][  0]LogConfig: Setting CVar [[r.DistanceFieldShadowing:1]]
[2022.03.09-03.35.19:399][  0]LogConfig: Setting CVar [[r.DistanceFieldAO:1]]
[2022.03.09-03.35.19:399][  0]LogConfig: Setting CVar [[r.AOQuality:2]]
[2022.03.09-03.35.19:400][  0]LogConfig: Setting CVar [[r.VolumetricFog:1]]
[2022.03.09-03.35.19:400][  0]LogConfig: Setting CVar [[r.VolumetricFog.GridPixelSize:8]]
[2022.03.09-03.35.19:400][  0]LogConfig: Setting CVar [[r.VolumetricFog.GridSizeZ:128]]
[2022.03.09-03.35.19:401][  0]LogConfig: Setting CVar [[r.VolumetricFog.HistoryMissSupersampleCount:4]]
[2022.03.09-03.35.19:401][  0]LogConfig: Setting CVar [[r.LightMaxDrawDistanceScale:1]]
[2022.03.09-03.35.19:401][  0]LogConfig: Setting CVar [[r.CapsuleShadows:1]]
[2022.03.09-03.35.19:401][  0]LogConfig: Applying CVar settings from Section [PostProcessQuality@3] File [C:/EpicGames/ChattingClient/ChattingClient/Saved/Config/Windows/Scalability.ini]
[2022.03.09-03.35.19:401][  0]LogConfig: Setting CVar [[r.MotionBlurQuality:4]]
[2022.03.09-03.35.19:401][  0]LogConfig: Setting CVar [[r.AmbientOcclusionMipLevelFactor:0.4]]
[2022.03.09-03.35.19:401][  0]LogConfig: Setting CVar [[r.AmbientOcclusionMaxQuality:100]]
[2022.03.09-03.35.19:401][  0]LogConfig: Setting CVar [[r.AmbientOcclusionLevels:-1]]
[2022.03.09-03.35.19:401][  0]LogConfig: Setting CVar [[r.AmbientOcclusionRadiusScale:1.0]]
[2022.03.09-03.35.19:401][  0]LogConfig: Setting CVar [[r.DepthOfFieldQuality:2]]
[2022.03.09-03.35.19:401][  0]LogConfig: Setting CVar [[r.RenderTargetPoolMin:400]]
[2022.03.09-03.35.19:401][  0]LogConfig: Setting CVar [[r.LensFlareQuality:2]]
[2022.03.09-03.35.19:401][  0]LogConfig: Setting CVar [[r.SceneColorFringeQuality:1]]
[2022.03.09-03.35.19:401][  0]LogConfig: Setting CVar [[r.EyeAdaptationQuality:2]]
[2022.03.09-03.35.19:401][  0]LogConfig: Setting CVar [[r.BloomQuality:5]]
[2022.03.09-03.35.19:401][  0]LogConfig: Setting CVar [[r.FastBlurThreshold:100]]
[2022.03.09-03.35.19:401][  0]LogConfig: Setting CVar [[r.Upscale.Quality:3]]
[2022.03.09-03.35.19:401][  0]LogConfig: Setting CVar [[r.Tonemapper.GrainQuantization:1]]
[2022.03.09-03.35.19:401][  0]LogConfig: Setting CVar [[r.LightShaftQuality:1]]
[2022.03.09-03.35.19:402][  0]LogConfig: Setting CVar [[r.Filter.SizeScale:1]]
[2022.03.09-03.35.19:402][  0]LogConfig: Setting CVar [[r.Tonemapper.Quality:5]]
[2022.03.09-03.35.19:402][  0]LogConfig: Setting CVar [[r.DOF.Gather.AccumulatorQuality:1        ; higher gathering accumulator quality]]
[2022.03.09-03.35.19:402][  0]LogConfig: Setting CVar [[r.DOF.Gather.PostfilterMethod:1          ; Median3x3 postfilering method]]
[2022.03.09-03.35.19:402][  0]LogConfig: Setting CVar [[r.DOF.Gather.EnableBokehSettings:0       ; no bokeh simulation when gathering]]
[2022.03.09-03.35.19:402][  0]LogConfig: Setting CVar [[r.DOF.Gather.RingCount:4                 ; medium number of samples when gathering]]
[2022.03.09-03.35.19:402][  0]LogConfig: Setting CVar [[r.DOF.Scatter.ForegroundCompositing:1    ; additive foreground scattering]]
[2022.03.09-03.35.19:402][  0]LogConfig: Setting CVar [[r.DOF.Scatter.BackgroundCompositing:2    ; additive background scattering]]
[2022.03.09-03.35.19:402][  0]LogConfig: Setting CVar [[r.DOF.Scatter.EnableBokehSettings:1      ; bokeh simulation when scattering]]
[2022.03.09-03.35.19:402][  0]LogConfig: Setting CVar [[r.DOF.Scatter.MaxSpriteRatio:0.1         ; only a maximum of 10% of scattered bokeh]]
[2022.03.09-03.35.19:402][  0]LogConfig: Setting CVar [[r.DOF.Recombine.Quality:1                ; cheap slight out of focus]]
[2022.03.09-03.35.19:402][  0]LogConfig: Setting CVar [[r.DOF.Recombine.EnableBokehSettings:0    ; no bokeh simulation on slight out of focus]]
[2022.03.09-03.35.19:402][  0]LogConfig: Setting CVar [[r.DOF.TemporalAAQuality:1                ; more stable temporal accumulation]]
[2022.03.09-03.35.19:402][  0]LogConfig: Setting CVar [[r.DOF.Kernel.MaxForegroundRadius:0.025]]
[2022.03.09-03.35.19:402][  0]LogConfig: Setting CVar [[r.DOF.Kernel.MaxBackgroundRadius:0.025]]
[2022.03.09-03.35.19:403][  0]LogConfig: Applying CVar settings from Section [TextureQuality@3] File [C:/EpicGames/ChattingClient/ChattingClient/Saved/Config/Windows/Scalability.ini]
[2022.03.09-03.35.19:403][  0]LogConfig: Setting CVar [[r.Streaming.MipBias:0]]
[2022.03.09-03.35.19:403][  0]LogConfig: Setting CVar [[r.Streaming.AmortizeCPUToGPUCopy:0]]
[2022.03.09-03.35.19:403][  0]LogConfig: Setting CVar [[r.Streaming.MaxNumTexturesToStreamPerFrame:0]]
[2022.03.09-03.35.19:403][  0]LogConfig: Setting CVar [[r.Streaming.Boost:1]]
[2022.03.09-03.35.19:403][  0]LogConfig: Setting CVar [[r.MaxAnisotropy:8]]
[2022.03.09-03.35.19:403][  0]LogConfig: Setting CVar [[r.VT.MaxAnisotropy:8]]
[2022.03.09-03.35.19:403][  0]LogConfig: Setting CVar [[r.Streaming.LimitPoolSizeToVRAM:0]]
[2022.03.09-03.35.19:403][  0]LogConfig: Setting CVar [[r.Streaming.PoolSize:1000]]
[2022.03.09-03.35.19:403][  0]LogConfig: Setting CVar [[r.Streaming.MaxEffectiveScreenSize:0]]
[2022.03.09-03.35.19:403][  0]LogConfig: Applying CVar settings from Section [EffectsQuality@3] File [C:/EpicGames/ChattingClient/ChattingClient/Saved/Config/Windows/Scalability.ini]
[2022.03.09-03.35.19:403][  0]LogConfig: Setting CVar [[r.TranslucencyLightingVolumeDim:64]]
[2022.03.09-03.35.19:403][  0]LogConfig: Setting CVar [[r.RefractionQuality:2]]
[2022.03.09-03.35.19:403][  0]LogConfig: Setting CVar [[r.SSR.Quality:3]]
[2022.03.09-03.35.19:403][  0]LogConfig: Setting CVar [[r.SSR.HalfResSceneColor:0]]
[2022.03.09-03.35.19:403][  0]LogConfig: Setting CVar [[r.SceneColorFormat:4]]
[2022.03.09-03.35.19:403][  0]LogConfig: Setting CVar [[r.DetailMode:2]]
[2022.03.09-03.35.19:404][  0]LogConfig: Setting CVar [[r.TranslucencyVolumeBlur:1]]
[2022.03.09-03.35.19:404][  0]LogConfig: Setting CVar [[r.MaterialQualityLevel:1 ; High quality]]
[2022.03.09-03.35.19:404][  0]LogConfig: Setting CVar [[r.AnisotropicMaterials:1]]
[2022.03.09-03.35.19:404][  0]LogConfig: Setting CVar [[r.SSS.Scale:1]]
[2022.03.09-03.35.19:404][  0]LogConfig: Setting CVar [[r.SSS.SampleSet:2]]
[2022.03.09-03.35.19:404][  0]LogConfig: Setting CVar [[r.SSS.Quality:1]]
[2022.03.09-03.35.19:404][  0]LogConfig: Setting CVar [[r.SSS.HalfRes:0]]
[2022.03.09-03.35.19:404][  0]LogConfig: Setting CVar [[r.SSGI.Quality:3]]
[2022.03.09-03.35.19:404][  0]LogConfig: Setting CVar [[r.EmitterSpawnRateScale:1.0]]
[2022.03.09-03.35.19:405][  0]LogConfig: Setting CVar [[r.ParticleLightQuality:2]]
[2022.03.09-03.35.19:405][  0]LogConfig: Setting CVar [[r.SkyAtmosphere.AerialPerspectiveLUT.FastApplyOnOpaque:1 ; Always have FastSkyLUT 1 in this case to avoid wrong sky]]
[2022.03.09-03.35.19:405][  0]LogConfig: Setting CVar [[r.SkyAtmosphere.AerialPerspectiveLUT.SampleCountMaxPerSlice:4]]
[2022.03.09-03.35.19:405][  0]LogConfig: Setting CVar [[r.SkyAtmosphere.AerialPerspectiveLUT.DepthResolution:16.0]]
[2022.03.09-03.35.19:405][  0]LogConfig: Setting CVar [[r.SkyAtmosphere.FastSkyLUT:1]]
[2022.03.09-03.35.19:405][  0]LogConfig: Setting CVar [[r.SkyAtmosphere.FastSkyLUT.SampleCountMin:4.0]]
[2022.03.09-03.35.19:405][  0]LogConfig: Setting CVar [[r.SkyAtmosphere.FastSkyLUT.SampleCountMax:128.0]]
[2022.03.09-03.35.19:405][  0]LogConfig: Setting CVar [[r.SkyAtmosphere.SampleCountMin:4.0]]
[2022.03.09-03.35.19:405][  0]LogConfig: Setting CVar [[r.SkyAtmosphere.SampleCountMax:128.0]]
[2022.03.09-03.35.19:405][  0]LogConfig: Setting CVar [[r.SkyAtmosphere.TransmittanceLUT.UseSmallFormat:0]]
[2022.03.09-03.35.19:405][  0]LogConfig: Setting CVar [[r.SkyAtmosphere.TransmittanceLUT.SampleCount:10.0]]
[2022.03.09-03.35.19:405][  0]LogConfig: Setting CVar [[r.SkyAtmosphere.MultiScatteringLUT.SampleCount:15.0]]
[2022.03.09-03.35.19:405][  0]LogConfig: Setting CVar [[r.SkyLight.RealTimeReflectionCapture:1]]
[2022.03.09-03.35.19:405][  0]LogConfig: Applying CVar settings from Section [FoliageQuality@3] File [C:/EpicGames/ChattingClient/ChattingClient/Saved/Config/Windows/Scalability.ini]
[2022.03.09-03.35.19:405][  0]LogConfig: Setting CVar [[foliage.DensityScale:1.0]]
[2022.03.09-03.35.19:405][  0]LogConfig: Setting CVar [[grass.DensityScale:1.0]]
[2022.03.09-03.35.19:405][  0]LogConfig: Applying CVar settings from Section [ShadingQuality@3] File [C:/EpicGames/ChattingClient/ChattingClient/Saved/Config/Windows/Scalability.ini]
[2022.03.09-03.35.19:405][  0]LogConfig: Setting CVar [[r.HairStrands.SkyLighting.IntegrationType:2]]
[2022.03.09-03.35.19:405][  0]LogConfig: Setting CVar [[r.HairStrands.SkyAO.SampleCount:4]]
[2022.03.09-03.35.19:405][  0]LogConfig: Setting CVar [[r.HairStrands.Visibility.MSAA.SamplePerPixel:4]]
[2022.03.09-03.35.19:405][  0]LogInit: Selected Device Profile: [Windows]
[2022.03.09-03.35.19:405][  0]LogInit: Applying CVar settings loaded from the selected device profile: [Windows]
[2022.03.09-03.35.19:405][  0]LogHAL: Display: Platform has ~ 16 GB [17096134656 / 17179869184 / 16], which maps to Larger [LargestMinGB=32, LargerMinGB=12, DefaultMinGB=8, SmallerMinGB=6, SmallestMinGB=0)
[2022.03.09-03.35.19:406][  0]LogInit: Going up to parent DeviceProfile []
[2022.03.09-03.35.19:406][  0]LogConfig: Applying CVar settings from Section [ViewDistanceQuality@3] File [C:/EpicGames/ChattingClient/ChattingClient/Saved/Config/Windows/Scalability.ini]
[2022.03.09-03.35.19:406][  0]LogConfig: Setting CVar [[r.SkeletalMeshLODBias:0]]
[2022.03.09-03.35.19:406][  0]LogConfig: Setting CVar [[r.ViewDistanceScale:1.0]]
[2022.03.09-03.35.19:406][  0]LogConfig: Applying CVar settings from Section [AntiAliasingQuality@3] File [C:/EpicGames/ChattingClient/ChattingClient/Saved/Config/Windows/Scalability.ini]
[2022.03.09-03.35.19:406][  0]LogConfig: Setting CVar [[r.PostProcessAAQuality:4]]
[2022.03.09-03.35.19:406][  0]LogConfig: Applying CVar settings from Section [ShadowQuality@3] File [C:/EpicGames/ChattingClient/ChattingClient/Saved/Config/Windows/Scalability.ini]
[2022.03.09-03.35.19:406][  0]LogConfig: Setting CVar [[r.LightFunctionQuality:1]]
[2022.03.09-03.35.19:406][  0]LogConfig: Setting CVar [[r.ShadowQuality:5]]
[2022.03.09-03.35.19:406][  0]LogConfig: Setting CVar [[r.Shadow.CSM.MaxCascades:10]]
[2022.03.09-03.35.19:406][  0]LogConfig: Setting CVar [[r.Shadow.MaxResolution:2048]]
[2022.03.09-03.35.19:406][  0]LogConfig: Setting CVar [[r.Shadow.MaxCSMResolution:2048]]
[2022.03.09-03.35.19:406][  0]LogConfig: Setting CVar [[r.Shadow.RadiusThreshold:0.01]]
[2022.03.09-03.35.19:406][  0]LogConfig: Setting CVar [[r.Shadow.DistanceScale:1.0]]
[2022.03.09-03.35.19:407][  0]LogConfig: Setting CVar [[r.Shadow.CSM.TransitionScale:1.0]]
[2022.03.09-03.35.19:407][  0]LogConfig: Setting CVar [[r.Shadow.PreShadowResolutionFactor:1.0]]
[2022.03.09-03.35.19:407][  0]LogConfig: Setting CVar [[r.DistanceFieldShadowing:1]]
[2022.03.09-03.35.19:407][  0]LogConfig: Setting CVar [[r.DistanceFieldAO:1]]
[2022.03.09-03.35.19:407][  0]LogConfig: Setting CVar [[r.AOQuality:2]]
[2022.03.09-03.35.19:407][  0]LogConfig: Setting CVar [[r.VolumetricFog:1]]
[2022.03.09-03.35.19:407][  0]LogConfig: Setting CVar [[r.VolumetricFog.GridPixelSize:8]]
[2022.03.09-03.35.19:407][  0]LogConfig: Setting CVar [[r.VolumetricFog.GridSizeZ:128]]
[2022.03.09-03.35.19:407][  0]LogConfig: Setting CVar [[r.VolumetricFog.HistoryMissSupersampleCount:4]]
[2022.03.09-03.35.19:407][  0]LogConfig: Setting CVar [[r.LightMaxDrawDistanceScale:1]]
[2022.03.09-03.35.19:407][  0]LogConfig: Setting CVar [[r.CapsuleShadows:1]]
[2022.03.09-03.35.19:407][  0]LogConfig: Applying CVar settings from Section [PostProcessQuality@3] File [C:/EpicGames/ChattingClient/ChattingClient/Saved/Config/Windows/Scalability.ini]
[2022.03.09-03.35.19:407][  0]LogConfig: Setting CVar [[r.MotionBlurQuality:4]]
[2022.03.09-03.35.19:407][  0]LogConfig: Setting CVar [[r.AmbientOcclusionMipLevelFactor:0.4]]
[2022.03.09-03.35.19:407][  0]LogConfig: Setting CVar [[r.AmbientOcclusionMaxQuality:100]]
[2022.03.09-03.35.19:407][  0]LogConfig: Setting CVar [[r.AmbientOcclusionLevels:-1]]
[2022.03.09-03.35.19:408][  0]LogConfig: Setting CVar [[r.AmbientOcclusionRadiusScale:1.0]]
[2022.03.09-03.35.19:408][  0]LogConfig: Setting CVar [[r.DepthOfFieldQuality:2]]
[2022.03.09-03.35.19:408][  0]LogConfig: Setting CVar [[r.RenderTargetPoolMin:400]]
[2022.03.09-03.35.19:408][  0]LogConfig: Setting CVar [[r.LensFlareQuality:2]]
[2022.03.09-03.35.19:408][  0]LogConfig: Setting CVar [[r.SceneColorFringeQuality:1]]
[2022.03.09-03.35.19:408][  0]LogConfig: Setting CVar [[r.EyeAdaptationQuality:2]]
[2022.03.09-03.35.19:408][  0]LogConfig: Setting CVar [[r.BloomQuality:5]]
[2022.03.09-03.35.19:408][  0]LogConfig: Setting CVar [[r.FastBlurThreshold:100]]
[2022.03.09-03.35.19:408][  0]LogConfig: Setting CVar [[r.Upscale.Quality:3]]
[2022.03.09-03.35.19:408][  0]LogConfig: Setting CVar [[r.Tonemapper.GrainQuantization:1]]
[2022.03.09-03.35.19:408][  0]LogConfig: Setting CVar [[r.LightShaftQuality:1]]
[2022.03.09-03.35.19:408][  0]LogConfig: Setting CVar [[r.Filter.SizeScale:1]]
[2022.03.09-03.35.19:408][  0]LogConfig: Setting CVar [[r.Tonemapper.Quality:5]]
[2022.03.09-03.35.19:408][  0]LogConfig: Setting CVar [[r.DOF.Gather.AccumulatorQuality:1        ; higher gathering accumulator quality]]
[2022.03.09-03.35.19:408][  0]LogConfig: Setting CVar [[r.DOF.Gather.PostfilterMethod:1          ; Median3x3 postfilering method]]
[2022.03.09-03.35.19:408][  0]LogConfig: Setting CVar [[r.DOF.Gather.EnableBokehSettings:0       ; no bokeh simulation when gathering]]
[2022.03.09-03.35.19:409][  0]LogConfig: Setting CVar [[r.DOF.Gather.RingCount:4                 ; medium number of samples when gathering]]
[2022.03.09-03.35.19:409][  0]LogConfig: Setting CVar [[r.DOF.Scatter.ForegroundCompositing:1    ; additive foreground scattering]]
[2022.03.09-03.35.19:409][  0]LogConfig: Setting CVar [[r.DOF.Scatter.BackgroundCompositing:2    ; additive background scattering]]
[2022.03.09-03.35.19:409][  0]LogConfig: Setting CVar [[r.DOF.Scatter.EnableBokehSettings:1      ; bokeh simulation when scattering]]
[2022.03.09-03.35.19:409][  0]LogConfig: Setting CVar [[r.DOF.Scatter.MaxSpriteRatio:0.1         ; only a maximum of 10% of scattered bokeh]]
[2022.03.09-03.35.19:409][  0]LogConfig: Setting CVar [[r.DOF.Recombine.Quality:1                ; cheap slight out of focus]]
[2022.03.09-03.35.19:409][  0]LogConfig: Setting CVar [[r.DOF.Recombine.EnableBokehSettings:0    ; no bokeh simulation on slight out of focus]]
[2022.03.09-03.35.19:409][  0]LogConfig: Setting CVar [[r.DOF.TemporalAAQuality:1                ; more stable temporal accumulation]]
[2022.03.09-03.35.19:409][  0]LogConfig: Setting CVar [[r.DOF.Kernel.MaxForegroundRadius:0.025]]
[2022.03.09-03.35.19:409][  0]LogConfig: Setting CVar [[r.DOF.Kernel.MaxBackgroundRadius:0.025]]
[2022.03.09-03.35.19:409][  0]LogConfig: Applying CVar settings from Section [TextureQuality@3] File [C:/EpicGames/ChattingClient/ChattingClient/Saved/Config/Windows/Scalability.ini]
[2022.03.09-03.35.19:409][  0]LogConfig: Setting CVar [[r.Streaming.MipBias:0]]
[2022.03.09-03.35.19:409][  0]LogConfig: Setting CVar [[r.Streaming.AmortizeCPUToGPUCopy:0]]
[2022.03.09-03.35.19:409][  0]LogConfig: Setting CVar [[r.Streaming.MaxNumTexturesToStreamPerFrame:0]]
[2022.03.09-03.35.19:409][  0]LogConfig: Setting CVar [[r.Streaming.Boost:1]]
[2022.03.09-03.35.19:410][  0]LogConfig: Setting CVar [[r.MaxAnisotropy:8]]
[2022.03.09-03.35.19:410][  0]LogConfig: Setting CVar [[r.VT.MaxAnisotropy:8]]
[2022.03.09-03.35.19:410][  0]LogConfig: Setting CVar [[r.Streaming.LimitPoolSizeToVRAM:0]]
[2022.03.09-03.35.19:410][  0]LogConfig: Setting CVar [[r.Streaming.PoolSize:1000]]
[2022.03.09-03.35.19:410][  0]LogConfig: Setting CVar [[r.Streaming.MaxEffectiveScreenSize:0]]
[2022.03.09-03.35.19:410][  0]LogConfig: Applying CVar settings from Section [EffectsQuality@3] File [C:/EpicGames/ChattingClient/ChattingClient/Saved/Config/Windows/Scalability.ini]
[2022.03.09-03.35.19:410][  0]LogConfig: Setting CVar [[r.TranslucencyLightingVolumeDim:64]]
[2022.03.09-03.35.19:410][  0]LogConfig: Setting CVar [[r.RefractionQuality:2]]
[2022.03.09-03.35.19:410][  0]LogConfig: Setting CVar [[r.SSR.Quality:3]]
[2022.03.09-03.35.19:410][  0]LogConfig: Setting CVar [[r.SSR.HalfResSceneColor:0]]
[2022.03.09-03.35.19:410][  0]LogConfig: Setting CVar [[r.SceneColorFormat:4]]
[2022.03.09-03.35.19:410][  0]LogConfig: Setting CVar [[r.DetailMode:2]]
[2022.03.09-03.35.19:410][  0]LogConfig: Setting CVar [[r.TranslucencyVolumeBlur:1]]
[2022.03.09-03.35.19:411][  0]LogConfig: Setting CVar [[r.MaterialQualityLevel:1 ; High quality]]
[2022.03.09-03.35.19:411][  0]LogConfig: Setting CVar [[r.AnisotropicMaterials:1]]
[2022.03.09-03.35.19:411][  0]LogConfig: Setting CVar [[r.SSS.Scale:1]]
[2022.03.09-03.35.19:411][  0]LogConfig: Setting CVar [[r.SSS.SampleSet:2]]
[2022.03.09-03.35.19:411][  0]LogConfig: Setting CVar [[r.SSS.Quality:1]]
[2022.03.09-03.35.19:411][  0]LogConfig: Setting CVar [[r.SSS.HalfRes:0]]
[2022.03.09-03.35.19:411][  0]LogConfig: Setting CVar [[r.SSGI.Quality:3]]
[2022.03.09-03.35.19:411][  0]LogConfig: Setting CVar [[r.EmitterSpawnRateScale:1.0]]
[2022.03.09-03.35.19:411][  0]LogConfig: Setting CVar [[r.ParticleLightQuality:2]]
[2022.03.09-03.35.19:411][  0]LogConfig: Setting CVar [[r.SkyAtmosphere.AerialPerspectiveLUT.FastApplyOnOpaque:1 ; Always have FastSkyLUT 1 in this case to avoid wrong sky]]
[2022.03.09-03.35.19:411][  0]LogConfig: Setting CVar [[r.SkyAtmosphere.AerialPerspectiveLUT.SampleCountMaxPerSlice:4]]
[2022.03.09-03.35.19:411][  0]LogConfig: Setting CVar [[r.SkyAtmosphere.AerialPerspectiveLUT.DepthResolution:16.0]]
[2022.03.09-03.35.19:411][  0]LogConfig: Setting CVar [[r.SkyAtmosphere.FastSkyLUT:1]]
[2022.03.09-03.35.19:411][  0]LogConfig: Setting CVar [[r.SkyAtmosphere.FastSkyLUT.SampleCountMin:4.0]]
[2022.03.09-03.35.19:411][  0]LogConfig: Setting CVar [[r.SkyAtmosphere.FastSkyLUT.SampleCountMax:128.0]]
[2022.03.09-03.35.19:411][  0]LogConfig: Setting CVar [[r.SkyAtmosphere.SampleCountMin:4.0]]
[2022.03.09-03.35.19:411][  0]LogConfig: Setting CVar [[r.SkyAtmosphere.SampleCountMax:128.0]]
[2022.03.09-03.35.19:412][  0]LogConfig: Setting CVar [[r.SkyAtmosphere.TransmittanceLUT.UseSmallFormat:0]]
[2022.03.09-03.35.19:412][  0]LogConfig: Setting CVar [[r.SkyAtmosphere.TransmittanceLUT.SampleCount:10.0]]
[2022.03.09-03.35.19:412][  0]LogConfig: Setting CVar [[r.SkyAtmosphere.MultiScatteringLUT.SampleCount:15.0]]
[2022.03.09-03.35.19:412][  0]LogConfig: Setting CVar [[r.SkyLight.RealTimeReflectionCapture:1]]
[2022.03.09-03.35.19:412][  0]LogConfig: Applying CVar settings from Section [FoliageQuality@3] File [C:/EpicGames/ChattingClient/ChattingClient/Saved/Config/Windows/Scalability.ini]
[2022.03.09-03.35.19:412][  0]LogConfig: Setting CVar [[foliage.DensityScale:1.0]]
[2022.03.09-03.35.19:412][  0]LogConfig: Setting CVar [[grass.DensityScale:1.0]]
[2022.03.09-03.35.19:412][  0]LogConfig: Applying CVar settings from Section [ShadingQuality@3] File [C:/EpicGames/ChattingClient/ChattingClient/Saved/Config/Windows/Scalability.ini]
[2022.03.09-03.35.19:412][  0]LogConfig: Setting CVar [[r.HairStrands.SkyLighting.IntegrationType:2]]
[2022.03.09-03.35.19:412][  0]LogConfig: Setting CVar [[r.HairStrands.SkyAO.SampleCount:4]]
[2022.03.09-03.35.19:412][  0]LogConfig: Setting CVar [[r.HairStrands.Visibility.MSAA.SamplePerPixel:4]]
[2022.03.09-03.35.19:413][  0]LogConfig: Applying CVar settings from Section [Startup] File [../../../Engine/Config/ConsoleVariables.ini]
[2022.03.09-03.35.19:418][  0]LogConfig: Setting CVar [[net.UseAdaptiveNetUpdateFrequency:0]]
[2022.03.09-03.35.19:418][  0]LogConfig: Setting CVar [[p.chaos.AllowCreatePhysxBodies:1]]
[2022.03.09-03.35.19:418][  0]LogConfig: Setting CVar [[fx.SkipVectorVMBackendOptimizations:1]]
[2022.03.09-03.35.19:419][  0]LogConfig: Applying CVar settings from Section [ConsoleVariables] File [C:/EpicGames/ChattingClient/ChattingClient/Saved/Config/Windows/Engine.ini]
[2022.03.09-03.35.19:419][  0]LogConfig: Applying CVar settings from Section [ConsoleVariables] File [C:/EpicGames/ChattingClient/ChattingClient/Saved/Config/Windows/Editor.ini]
[2022.03.09-03.35.19:419][  0]LogInit: Computer: DESKTOP-JG03A40
[2022.03.09-03.35.19:419][  0]LogInit: User: lenovo
[2022.03.09-03.35.19:419][  0]LogInit: CPU Page size=4096, Cores=6
[2022.03.09-03.35.19:419][  0]LogInit: High frequency timer resolution =10.000000 MHz
[2022.03.09-03.35.19:419][  0]LogMemory: Memory total: Physical=15.9GB (16GB approx)
[2022.03.09-03.35.19:419][  0]LogMemory: Platform Memory Stats for Windows
[2022.03.09-03.35.19:419][  0]LogMemory: Process Physical Memory: 147.79 MB used, 147.79 MB peak
[2022.03.09-03.35.19:419][  0]LogMemory: Process Virtual Memory: 126.37 MB used, 126.37 MB peak
[2022.03.09-03.35.19:419][  0]LogMemory: Physical Memory: 12407.44 MB used,  3896.71 MB free, 16304.14 MB total
[2022.03.09-03.35.19:419][  0]LogMemory: Virtual Memory: 134207504.00 MB used,  10226.34 MB free, 134217728.00 MB total
[2022.03.09-03.35.19:448][  0]LogWindows: WindowsPlatformFeatures enabled
[2022.03.09-03.35.19:911][  0]LogInit: Physics initialised using underlying interface: PhysX
[2022.03.09-03.35.19:913][  0]LogInit: Using OS detected language (ko-KR).
[2022.03.09-03.35.19:913][  0]LogInit: Using OS detected locale (ko-KR).
[2022.03.09-03.35.19:918][  0]LogTextLocalizationManager: No specific localization for 'ko-KR' exists, so the 'ko' localization will be used.
[2022.03.09-03.35.20:222][  0]LogInit: Setting process to per monitor DPI aware
[2022.03.09-03.35.20:335][  0]LogWindowsTextInputMethodSystem: Display: IME system deactivated.
[2022.03.09-03.35.20:440][  0]LogSlate: New Slate User Created.  User Index 0, Is Virtual User: 0
[2022.03.09-03.35.20:440][  0]LogSlate: Slate User Registered.  User Index 0, Is Virtual User: 0
[2022.03.09-03.35.22:936][  0]LogD3D11RHI: Loaded GFSDK_Aftermath_Lib.x64.dll
[2022.03.09-03.35.22:945][  0]LogHMD: Failed to initialize OpenVR with code 110
[2022.03.09-03.35.22:945][  0]LogD3D11RHI: D3D11 min allowed feature level: 11_0
[2022.03.09-03.35.22:945][  0]LogD3D11RHI: D3D11 max allowed feature level: 11_0
[2022.03.09-03.35.22:945][  0]LogD3D11RHI: D3D11 adapters:
[2022.03.09-03.35.23:138][  0]LogD3D11RHI:    0. 'NVIDIA GeForce GTX 1660 Ti' (Feature Level 11_0)
[2022.03.09-03.35.23:138][  0]LogD3D11RHI:       5991/0/8152 MB DedicatedVideo/DedicatedSystem/SharedSystem, Outputs:1, VendorId:0x10de
[2022.03.09-03.35.23:146][  0]LogD3D11RHI:    1. 'Microsoft Basic Render Driver' (Feature Level 11_0)
[2022.03.09-03.35.23:146][  0]LogD3D11RHI:       0/0/8152 MB DedicatedVideo/DedicatedSystem/SharedSystem, Outputs:0, VendorId:0x1414
[2022.03.09-03.35.23:146][  0]LogD3D11RHI: Chosen D3D11 Adapter:
[2022.03.09-03.35.23:146][  0]LogD3D11RHI:     Description : NVIDIA GeForce GTX 1660 Ti
[2022.03.09-03.35.23:146][  0]LogD3D11RHI:     VendorId    : 10de
[2022.03.09-03.35.23:146][  0]LogD3D11RHI:     DeviceId    : 2191
[2022.03.09-03.35.23:146][  0]LogD3D11RHI:     SubSysId    : 3ffc17aa
[2022.03.09-03.35.23:146][  0]LogD3D11RHI:     Revision    : 00a1
[2022.03.09-03.35.23:146][  0]LogD3D11RHI:     DedicatedVideoMemory : 6282018816 bytes
[2022.03.09-03.35.23:146][  0]LogD3D11RHI:     DedicatedSystemMemory : 0 bytes
[2022.03.09-03.35.23:147][  0]LogD3D11RHI:     SharedSystemMemory : 8548067328 bytes
[2022.03.09-03.35.23:147][  0]LogD3D11RHI:     AdapterLuid : 0 77498
[2022.03.09-03.35.23:158][  0]LogD3D11RHI: Creating new Direct3DDevice
[2022.03.09-03.35.23:158][  0]LogD3D11RHI:     GPU DeviceId: 0x2191 (for the marketing name, search the web for "GPU Device Id")
[2022.03.09-03.35.23:158][  0]LogWindows: EnumDisplayDevices:
[2022.03.09-03.35.23:159][  0]LogWindows:    0. 'NVIDIA GeForce GTX 1660 Ti' (P:1 D:1)
[2022.03.09-03.35.23:160][  0]LogWindows:    1. 'NVIDIA GeForce GTX 1660 Ti' (P:0 D:0)
[2022.03.09-03.35.23:161][  0]LogWindows:    2. 'NVIDIA GeForce GTX 1660 Ti' (P:0 D:0)
[2022.03.09-03.35.23:162][  0]LogWindows:    3. 'NVIDIA GeForce GTX 1660 Ti' (P:0 D:0)
[2022.03.09-03.35.23:163][  0]LogWindows: DebugString: FoundDriverCount:4 
[2022.03.09-03.35.23:163][  0]LogD3D11RHI:     Adapter Name: NVIDIA GeForce GTX 1660 Ti
[2022.03.09-03.35.23:164][  0]LogD3D11RHI:   Driver Version: 471.41 (internal:30.0.14.7141, unified:471.41)
[2022.03.09-03.35.23:164][  0]LogD3D11RHI:      Driver Date: 7-12-2021
[2022.03.09-03.35.23:164][  0]LogRHI: Texture pool is 4193 MB (70% of 5991 MB)
[2022.03.09-03.35.23:164][  0]LogD3D11RHI: Creating D3DDevice using adapter:
[2022.03.09-03.35.23:164][  0]LogD3D11RHI:     Description : NVIDIA GeForce GTX 1660 Ti
[2022.03.09-03.35.23:164][  0]LogD3D11RHI:     VendorId    : 10de
[2022.03.09-03.35.23:164][  0]LogD3D11RHI:     DeviceId    : 2191
[2022.03.09-03.35.23:164][  0]LogD3D11RHI:     SubSysId    : 3ffc17aa
[2022.03.09-03.35.23:164][  0]LogD3D11RHI:     Revision    : 00a1
[2022.03.09-03.35.23:164][  0]LogD3D11RHI:     DedicatedVideoMemory : 6282018816 bytes
[2022.03.09-03.35.23:164][  0]LogD3D11RHI:     DedicatedSystemMemory : 0 bytes
[2022.03.09-03.35.23:164][  0]LogD3D11RHI:     SharedSystemMemory : 8548067328 bytes
[2022.03.09-03.35.23:164][  0]LogD3D11RHI:     AdapterLuid : 0 77498
[2022.03.09-03.35.23:271][  0]LogD3D11RHI: RHI has support for 64 bit atomics
[2022.03.09-03.35.23:271][  0]LogD3D11RHI: Async texture creation enabled
[2022.03.09-03.35.23:271][  0]LogD3D11RHI: Array index from any shader is supported
[2022.03.09-03.35.23:305][  0]LogD3D11RHI: GPU Timing Frequency: 1000.000000 (Debug: 2 1)
[2022.03.09-03.35.23:465][  0]LogRHI: GeForceNow SDK initialized: 1
[2022.03.09-03.35.23:951][  0]LogTargetPlatformManager: Display: Loaded TargetPlatform 'AllDesktop'
[2022.03.09-03.35.23:991][  0]LogTargetPlatformManager: Display: Loaded TargetPlatform 'Android'
[2022.03.09-03.35.23:991][  0]LogTargetPlatformManager: Display: Loaded TargetPlatform 'Android_ASTC'
[2022.03.09-03.35.23:991][  0]LogTargetPlatformManager: Display: Loaded TargetPlatform 'Android_DXT'
[2022.03.09-03.35.23:991][  0]LogTargetPlatformManager: Display: Loaded TargetPlatform 'Android_ETC2'
[2022.03.09-03.35.23:991][  0]LogTargetPlatformManager: Display: Loaded TargetPlatform 'AndroidClient'
[2022.03.09-03.35.23:991][  0]LogTargetPlatformManager: Display: Loaded TargetPlatform 'Android_ASTCClient'
[2022.03.09-03.35.23:991][  0]LogTargetPlatformManager: Display: Loaded TargetPlatform 'Android_DXTClient'
[2022.03.09-03.35.23:992][  0]LogTargetPlatformManager: Display: Loaded TargetPlatform 'Android_ETC2Client'
[2022.03.09-03.35.23:992][  0]LogTargetPlatformManager: Display: Loaded TargetPlatform 'Android_Multi'
[2022.03.09-03.35.23:992][  0]LogTargetPlatformManager: Display: Loaded TargetPlatform 'Android_MultiClient'
[2022.03.09-03.35.24:066][  0]LogTargetPlatformManager: Display: Loaded TargetPlatform 'IOSClient'
[2022.03.09-03.35.24:067][  0]LogTargetPlatformManager: Display: Loaded TargetPlatform 'IOS'
[2022.03.09-03.35.24:102][  0]LogTargetPlatformManager: Display: Loaded TargetPlatform 'Linux'
[2022.03.09-03.35.24:124][  0]LogTargetPlatformManager: Display: Loaded TargetPlatform 'LinuxNoEditor'
[2022.03.09-03.35.24:152][  0]LogTargetPlatformManager: Display: Loaded TargetPlatform 'LinuxClient'
[2022.03.09-03.35.24:173][  0]LogTargetPlatformManager: Display: Loaded TargetPlatform 'LinuxServer'
[2022.03.09-03.35.24:207][  0]LogTargetPlatformManager: Display: Loaded TargetPlatform 'LinuxAArch64NoEditor'
[2022.03.09-03.35.24:232][  0]LogTargetPlatformManager: Display: Loaded TargetPlatform 'LinuxAArch64Client'
[2022.03.09-03.35.24:256][  0]LogTargetPlatformManager: Display: Loaded TargetPlatform 'LinuxAArch64Server'
[2022.03.09-03.35.24:308][  0]LogTargetPlatformManager: Display: Loaded TargetPlatform 'Lumin'
[2022.03.09-03.35.24:308][  0]LogTargetPlatformManager: Display: Loaded TargetPlatform 'LuminClient'
[2022.03.09-03.35.24:345][  0]LogTargetPlatformManager: Display: Loaded TargetPlatform 'MacNoEditor'
[2022.03.09-03.35.24:375][  0]LogTargetPlatformManager: Display: Loaded TargetPlatform 'Mac'
[2022.03.09-03.35.24:398][  0]LogTargetPlatformManager: Display: Loaded TargetPlatform 'MacClient'
[2022.03.09-03.35.24:419][  0]LogTargetPlatformManager: Display: Loaded TargetPlatform 'MacServer'
[2022.03.09-03.35.24:446][  0]LogTargetPlatformManager: Display: Loaded TargetPlatform 'TVOSClient'
[2022.03.09-03.35.24:446][  0]LogTargetPlatformManager: Display: Loaded TargetPlatform 'TVOS'
[2022.03.09-03.35.24:472][  0]LogTargetPlatformManager: Display: Loaded TargetPlatform 'WindowsNoEditor'
[2022.03.09-03.35.24:496][  0]LogTargetPlatformManager: Display: Loaded TargetPlatform 'Windows'
[2022.03.09-03.35.24:519][  0]LogTargetPlatformManager: Display: Loaded TargetPlatform 'WindowsClient'
[2022.03.09-03.35.24:542][  0]LogTargetPlatformManager: Display: Loaded TargetPlatform 'WindowsServer'
[2022.03.09-03.35.24:542][  0]LogTargetPlatformManager: Display: Building Assets For Windows
[2022.03.09-03.35.24:628][  0]LogAudioDebug: Display: Lib vorbis DLL was dynamically loaded.
[2022.03.09-03.35.24:872][  0]LogTextureFormatOodle: Display: Oodle Texture 2.9.0 init RDO Off
[2022.03.09-03.35.25:174][  0]LogRendererCore: Ray tracing is disabled. Reason: r.RayTracing=0.
[2022.03.09-03.35.25:175][  0]LogShaderCompilers: Guid format shader working directory is 5 characters bigger than the processId version (../../../../ChattingClient/ChattingClient/Intermediate/Shaders/WorkingDirectory/23964/).
[2022.03.09-03.35.25:175][  0]LogShaderCompilers: Cleaned the shader compiler working directory 'C:/Users/lenovo/AppData/Local/Temp/UnrealShaderWorkingDir/FC757B7942256E742B919DAF753B634E/'.
[2022.03.09-03.35.25:175][  0]LogXGEController: Cannot use XGE Controller as Incredibuild is not installed on this machine.
[2022.03.09-03.35.25:176][  0]LogShaderCompilers: Cannot use XGE Shader Compiler as Incredibuild is not installed on this machine.
[2022.03.09-03.35.25:176][  0]LogShaderCompilers: Display: Using Local Shader Compiler.
[2022.03.09-03.35.27:881][  0]LogDerivedDataCache: Display: Max Cache Size: 512 MB
[2022.03.09-03.35.27:985][  0]LogDerivedDataCache: Loaded boot cache 0.10s 96MB C:/Users/lenovo/AppData/Local/UnrealEngine/4.27/DerivedDataCache/Boot.ddc.
[2022.03.09-03.35.27:986][  0]LogDerivedDataCache: Display: Loaded Boot cache: C:/Users/lenovo/AppData/Local/UnrealEngine/4.27/DerivedDataCache/Boot.ddc
[2022.03.09-03.35.27:986][  0]LogDerivedDataCache: FDerivedDataBackendGraph:  Pak pak cache file ../../../../ChattingClient/ChattingClient/DerivedDataCache/DDC.ddp not found, will not use a pak cache.
[2022.03.09-03.35.27:986][  0]LogDerivedDataCache: Unable to find inner node Pak for hierarchical cache Hierarchy.
[2022.03.09-03.35.27:986][  0]LogDerivedDataCache: FDerivedDataBackendGraph:  CompressedPak pak cache file ../../../../ChattingClient/ChattingClient/DerivedDataCache/Compressed.ddp not found, will not use a pak cache.
[2022.03.09-03.35.27:987][  0]LogDerivedDataCache: Unable to find inner node CompressedPak for hierarchical cache Hierarchy.
[2022.03.09-03.35.28:009][  0]LogDerivedDataCache: Display: Pak cache opened for reading ../../../Engine/DerivedDataCache/Compressed.ddp.
[2022.03.09-03.35.28:010][  0]LogDerivedDataCache: FDerivedDataBackendGraph:  EnterprisePak pak cache file ../../../Enterprise/DerivedDataCache/Compressed.ddp not found, will not use a pak cache.
[2022.03.09-03.35.28:010][  0]LogDerivedDataCache: Unable to find inner node EnterprisePak for hierarchical cache Hierarchy.
[2022.03.09-03.35.28:070][  0]LogDerivedDataCache: Speed tests for C:/Users/lenovo/AppData/Local/UnrealEngine/Common/DerivedDataCache took 0.06 seconds
[2022.03.09-03.35.28:072][  0]LogDerivedDataCache: Display: Performance to C:/Users/lenovo/AppData/Local/UnrealEngine/Common/DerivedDataCache: Latency=0.09ms. RandomReadSpeed=18.91MBs, RandomWriteSpeed=95.80MBs. Assigned SpeedClass 'Local'
[2022.03.09-03.35.28:075][  0]LogDerivedDataCache: Using Local data cache path C:/Users/lenovo/AppData/Local/UnrealEngine/Common/DerivedDataCache: Writable
[2022.03.09-03.35.28:075][  0]LogDerivedDataCache: Shared data cache path not found in *engine.ini, will not use an Shared cache.
[2022.03.09-03.35.28:075][  0]LogDerivedDataCache: Unable to find inner node Shared for hierarchical cache Hierarchy.
[2022.03.09-03.35.28:125][  0]LogSlate: Using FreeType 2.10.0
[2022.03.09-03.35.28:133][  0]LogSlate: SlateFontServices - WITH_FREETYPE: 1, WITH_HARFBUZZ: 1
[2022.03.09-03.35.28:187][  0]LogAssetRegistry: FAssetRegistry took 0.0049 seconds to start up
[2022.03.09-03.35.28:419][  0]LogInit: Selected Device Profile: [Windows]
[2022.03.09-03.35.28:419][  0]LogInit: Active device profile: [0000016163098E00][00000161621EC9C0 49] Windows
[2022.03.09-03.35.28:420][  0]LogInit: Profiles: [0000016163098E00][00000161621EC9C0 49] Windows, [000001616305A500][00000161621F4B40 49] WindowsNoEditor, [0000016163099D00][00000161621F8CC0 49] WindowsServer, [000001616305B300][00000161621FCE40 49] WindowsClient, [000001616309AA00][0000016162200FC0 49] IOS, [000001616305B900][0000016162205140 49] iPadAir, [0000016163099500][00000161622092C0 49] iPadAir2, [0000016163009200][0000016162211580 49] IPadPro, [0000016163009300][000001616220D5C0 49] iPadAir3, [0000016163058C00][0000016162215740 49] iPadAir4, [0000016163009F00][00000161622198C0 49] iPadMini2, [000001616305B100][000001616221DA40 49] iPadMini3, [000001616300A900][0000016163483BC0 49] iPadMini4, [0000016163058F00][00000161634861C0 49] iPadMini5, [0000016163048C00][000001616348E480 49] iPhone6, [0000016163048D00][000001616348A4C0 49] iPodTouch6, [000001616309A700][0000016163492700 49] iPhone7, [000001616309A900][00000161621F0740 49] iPodTouch7, [0000016163009100][0000016163496880 49] iPhone5S, [000001616309AC00][000001616349A9C0 49] iPhone6Plus, [000001616300BF00][00000161634A2B40 49] iPhone6S, [0000016163008100][00000161634A6CC0 49] iPhone6SPlus, [0000016163048B00][00000161634AAE40 49] iPhone7Plus, [000001616300A100][00000161634AEFC0 49] iPhoneSE, [000001616304A900][00000161634B3140 49] iPhone8, [000001616300A200][00000161634B72C0 49] iPhone8Plus, [000001616304BB00][00000161634BB440 49] iPhoneX, [000001616300A300][00000161634BF5C0 49] iPhoneXS, [0000016163048F00][00000161634C3740 49] iPhoneXSMax, [000001616309AF00][00000161634C78C0 49] iPhoneXR, [0000016163049700][00000161634CBA40 49] iPhone11, [000001616309AE00][00000161634CFBC0 49] iPhone11Pro, [0000016163049900][00000161634D21C0 49] iPhone11ProMax, [0000016163099200][00000161634D6340 49] iPhoneSE2, [000001616304BD00][00000161634DA4C0 49] iPhone12Mini, [0000016163098B00][00000161634DE640 49] iPhone12, [0000016163049D00][000001616349E780 49] iPhone12Pro, [0000016163099400][00000161634E28C0 49] iPhone12ProMax, [000001616304B700][00000161634E6A00 49] iPadPro105, [0000016163099B00][00000161634EAB40 49] iPadPro129, [0000016163048700][00000161634F2CC0 49] iPadPro97, [0000016163099300][00000161634F6E40 49] iPadPro2_129, [0000016163049200][00000161634FAFC0 49] iPad5, [000001616309BF00][00000161634FF140 49] iPad6, [000001616304BA00][00000161635032C0 49] iPad7, [0000016163099900][0000016163507440 49] iPad8, [0000016163049400][000001616350B5C0 49] iPadPro11, [000001616309B500][000001616350F740 49] iPadPro2_11, [000001616304A300][00000161635138C0 49] iPadPro3_129, [0000016163098F00][0000016163517A40 49] iPadPro4_129, [0000016163049100][000001616351BBC0 49] AppleTV, [000001616309B600][000001616351E1C0 49] AppleTV4K, [0000016163048600][0000016163522340 49] TVOS, [000001616309B900][00000161635264C0 49] Mac, [000001616304B200][000001616352A640 49] MacClient, [000001616309BB00][000001616352E7C0 49] MacNoEditor, [0000016163049300][0000016163532940 49] MacServer, [000001616309A400][00000161634EEA80 49] Linux, [000001616304A000][0000016163536BC0 49] LinuxAArch64, [000001616309BE00][000001616353AD00 49] LinuxNoEditor, [000001616304B100][0000016163542E80 49] LinuxAArch64NoEditor, [000001616309B200][0000016163547000 49] LinuxClient, [000001616304A800][000001616354B180 49] LinuxAArch64Client, [0000016163098400][000001616354F300 49] LinuxServer, [0000016163048400][0000016163553480 49] LinuxAArch64Server, [0000016163099100][0000016163557600 49] Android, [000001616304A700][000001616355B780 49] Android_Low, [0000016163098800][000001616355F900 49] Android_Mid, [0000016163048300][0000016163563A80 49] Android_High, [0000016163099C00][0000016163567C00 49] Android_Default, [000001616304B600][000001616356A200 49] Android_Adreno4xx, [000001616309A100][000001616356E380 49] Android_Adreno5xx_Low, [0000016163048900][0000016163572500 49] Android_Adreno5xx, [0000016163099F00][0000016163576680 49] Android_Adreno6xx, [0000016163049B00][000001616357A800 49] Android_Adreno6xx_Vulkan, [000001616309AB00][000001616357E980 49] Android_Mali_T6xx, [0000016163009900][0000016163582B00 49] Android_Mali_T7xx, [000001616305B200][000001616353EC40 49] Android_Mali_T8xx, [000001616300BC00][0000016163586D80 49] Android_Mali_G71, [000001616305BD00][000001616358AEC0 49] Android_Mali_G72, [000001616300B900][0000016163593040 49] Android_Mali_G72_Vulkan, [000001616305A300][00000161635971C0 49] Android_Mali_G76, [0000016163009A00][000001616359B340 49] Android_Mali_G76_Vulkan, [0000016163058400][000001616359F4C0 49] Android_Mali_G77, [000001616300B500][00000161635A3640 49] Android_Mali_G77_Vulkan, [000001616305A100][00000161635A77C0 49] Android_Mali_G78, [0000016163009000][00000161635AB940 49] Android_Mali_G78_Vulkan, [000001616305A400][00000161635AFAC0 49] Android_Mali_G710, [0000016163009500][00000161635B20C0 49] Android_Mali_G710_Vulkan, [000001616305B600][00000161635B6240 49] Android_Vulkan_SM5, [0000016163009800][00000161635BA3C0 49] Android_PowerVR_G6xxx, [000001616305B000][00000161635BE540 49] Android_PowerVR_GT7xxx, [0000016163009B00][00000161635C26C0 49] Android_PowerVR_GE8xxx, [000001616305BB00][00000161635C6840 49] Android_PowerVR_GM9xxx, [0000016163009E00][00000161635CA9C0 49] Android_PowerVR_GM9xxx_Vulkan, [0000016163059700][00000161635CEB40 49] Android_TegraK1, [000001616300BB00][00000161635D2CC0 49] Android_Unknown_Vulkan, [0000016163059100][000001616358EE00 49] Lumin, [0000016163008600][00000161635D6F40 49] Lumin_Desktop, [000001616304A200][00000161635DB080 49] HoloLens, 
[2022.03.09-03.35.28:877][  0]LogMeshReduction: Using QuadricMeshReduction for automatic static mesh reduction
[2022.03.09-03.35.28:878][  0]LogMeshReduction: Using SimplygonMeshReduction for automatic skeletal mesh reduction
[2022.03.09-03.35.28:878][  0]LogMeshReduction: Using ProxyLODMeshReduction for automatic mesh merging
[2022.03.09-03.35.28:878][  0]LogMeshReduction: No distributed automatic mesh merging module available
[2022.03.09-03.35.28:878][  0]LogMeshMerging: No distributed automatic mesh merging module available
[2022.03.09-03.35.28:936][  0]LogNetVersion: ChattingClient 1.0.0, NetCL: 17155196, EngineNetVer: 17, GameNetVer: 0 (Checksum: 1007274363)
[2022.03.09-03.35.30:001][  0]LogTexture: Default maximum texture size for cubemaps generated from long-lat sources has been changed from 512 to unlimited. In order to preserve old behaiour for '/Engine/MapTemplates/Sky/DaylightAmbientCubemap.DaylightAmbientCubemap', its maximum texture size has been explicitly set to 512.
[2022.03.09-03.35.30:124][  0]LogHMD: PokeAHoleMaterial loaded successfully
[2022.03.09-03.35.30:131][  0]LogUObjectArray: 17178 objects as part of root set at end of initial load.
[2022.03.09-03.35.30:131][  0]LogUObjectAllocator: 4302048 out of 0 bytes used by permanent object pool.
[2022.03.09-03.35.30:131][  0]LogUObjectArray: CloseDisregardForGC: 0/0 objects in disregard for GC pool
[2022.03.09-03.35.31:758][  0]LogNiagaraDebuggerClient: Niagara Debugger Client Initialized | Session: 369A6DE5443C7AD176A5849946537E95 | Instance: 68F330334E4FF4E6C0020FA56E4429DE (DESKTOP-JG03A40-23964).
[2022.03.09-03.35.32:277][  0]LogPython: Using Python 3.7.7
[2022.03.09-03.35.33:076][  0]LogUdpMessaging: Initializing bridge on interface 0.0.0.0:0 to multicast group 230.0.0.1:6666.
[2022.03.09-03.35.33:114][  0]LogTcpMessaging: Initializing TcpMessaging bridge
[2022.03.09-03.35.34:505][  0]SourceControl: 소스 컨트롤이 꺼졌습니다.
[2022.03.09-03.35.34:505][  0]SourceControl: 소스 컨트롤이 꺼졌습니다.
[2022.03.09-03.35.34:530][  0]SourceControl: 소스 컨트롤이 꺼졌습니다.
[2022.03.09-03.35.34:555][  0]SourceControl: 소스 컨트롤이 꺼졌습니다.
[2022.03.09-03.35.34:630][  0]LogUProjectInfo: Found projects:
[2022.03.09-03.35.35:491][  0]SourceControl: 소스 컨트롤이 꺼졌습니다.
[2022.03.09-03.35.35:556][  0]LogOpenImageDenoise: OIDN starting up
[2022.03.09-03.35.35:746][  0]LogAndroidPermission: UAndroidPermissionCallbackProxy::GetInstance
[2022.03.09-03.35.35:885][  0]LogAudioCaptureCore: Display: No Audio Capture implementations found. Audio input will be silent.
[2022.03.09-03.35.35:886][  0]LogAudioCaptureCore: Display: No Audio Capture implementations found. Audio input will be silent.
[2022.03.09-03.35.36:501][  0]LogCollectionManager: Loaded 0 collections in 0.001479 seconds
[2022.03.09-03.35.36:595][  0]LogFileCache: Scanning file cache for directory 'C:/EpicGames/ChattingClient/ChattingClient/Saved/Collections/' took 0.00s
[2022.03.09-03.35.36:595][  0]LogFileCache: Scanning file cache for directory 'C:/EpicGames/ChattingClient/ChattingClient/Content/Developers/lenovo/Collections/' took 0.00s
[2022.03.09-03.35.36:596][  0]LogFileCache: Scanning file cache for directory 'C:/EpicGames/ChattingClient/ChattingClient/Content/Collections/' took 0.00s
[2022.03.09-03.35.36:607][  0]LogOcInput: OculusInput pre-init called
[2022.03.09-03.35.37:091][  0]LogClass: Display: UInt32Property FSendBuffer::LeftPos is not initialized properly. Module:ChattingClient File:Public/SocketComponent.h
[2022.03.09-03.35.37:091][  0]LogClass: Display: UInt32Property FSendBuffer::RightPos is not initialized properly. Module:ChattingClient File:Public/SocketComponent.h
[2022.03.09-03.35.37:092][  0]LogClass: Display: 2 Uninitialized script struct members found including 0 object properties
[2022.03.09-03.35.37:092][  0]LogEngine: Initializing Engine...
[2022.03.09-03.35.37:133][  0]LogHMD: Failed to enumerate extensions. Please check that you have a valid OpenXR runtime installed.
[2022.03.09-03.35.37:133][  0]LogHMD: Failed to initialize OpenVR with code 110
[2022.03.09-03.35.37:134][  0]LogMagicLeap: Warning: VR disabled because ZI is not enabled.  To enable, in the editor, Edit -> Project Settings -> Plugins -> Magic Leap Plugin -> Enable Zero Iteration
[2022.03.09-03.35.37:134][  0]LogStats: UGameplayTagsManager::InitializeManager -  0.000 s
[2022.03.09-03.35.37:432][  0]LogInit: Initializing FReadOnlyCVARCache
[2022.03.09-03.35.37:461][  0]LogAIModule: Creating AISystem for world Untitled
[2022.03.09-03.35.37:463][  0]LogAudio: Display: Initializing Audio Device Manager...
[2022.03.09-03.35.37:484][  0]LogAudio: Display: Loading Default Audio Settings Objects...
[2022.03.09-03.35.37:489][  0]LogAudio: Display: No default SoundConcurrencyObject specified (or failed to load).
[2022.03.09-03.35.37:489][  0]LogAudio: Display: Audio Device Manager Initialized
[2022.03.09-03.35.37:490][  0]LogAudio: Display: Creating Audio Device:                 Id: 1, Scope: Shared, Realtime: True
[2022.03.09-03.35.37:490][  0]LogAudioMixer: Display: Audio Mixer Platform Settings:
[2022.03.09-03.35.37:490][  0]LogAudioMixer: Display: 	Sample Rate:						  48000
[2022.03.09-03.35.37:491][  0]LogAudioMixer: Display: 	Callback Buffer Frame Size Requested: 1024
[2022.03.09-03.35.37:491][  0]LogAudioMixer: Display: 	Callback Buffer Frame Size To Use:	  1024
[2022.03.09-03.35.37:491][  0]LogAudioMixer: Display: 	Number of buffers to queue:			  2
[2022.03.09-03.35.37:491][  0]LogAudioMixer: Display: 	Max Channels (voices):				  32
[2022.03.09-03.35.37:491][  0]LogAudioMixer: Display: 	Number of Async Source Workers:		  0
[2022.03.09-03.35.37:491][  0]LogAudio: Display: AudioDevice MaxSources: 32
[2022.03.09-03.35.37:491][  0]LogAudio: Display: Audio Spatialization Plugin: None (built-in).
[2022.03.09-03.35.37:491][  0]LogAudio: Display: Audio Reverb Plugin: None (built-in).
[2022.03.09-03.35.37:491][  0]LogAudio: Display: Audio Occlusion Plugin: None (built-in).
[2022.03.09-03.35.37:491][  0]LogAudioMixer: Display: Initializing audio mixer.
[2022.03.09-03.35.37:552][  0]LogAudioMixer: Display: 0: FrontLeft
[2022.03.09-03.35.37:552][  0]LogAudioMixer: Display: 1: FrontRight
[2022.03.09-03.35.37:820][  0]LogAudioMixer: Display: Using Audio Device 스피커(Realtek(R) Audio)
[2022.03.09-03.35.37:820][  0]LogAudioMixer: Display: Initializing Sound Submixes...
[2022.03.09-03.35.37:848][  0]LogAudioMixer: Display: Creating Master Submix 'MasterSubmixDefault'
[2022.03.09-03.35.37:849][  0]LogAudioMixer: Display: Creating Master Submix 'MasterReverbSubmixDefault'
[2022.03.09-03.35.37:849][  0]LogAudioMixer: Display: Creating Master Submix 'MasterEQSubmixDefault'
[2022.03.09-03.35.37:849][  0]LogAudioMixer: FMixerPlatformXAudio2::StartAudioStream() called
[2022.03.09-03.35.37:849][  0]LogAudioMixer: Display: Output buffers initialized: Frames=1024, Channels=2, Samples=2048
[2022.03.09-03.35.37:852][  0]LogAudioMixer: Display: Starting AudioMixerPlatformInterface::RunInternal()
[2022.03.09-03.35.37:852][  0]LogAudioMixer: Display: FMixerPlatformXAudio2::SubmitBuffer() called for the first time
[2022.03.09-03.35.37:852][  0]LogInit: FAudioDevice initialized.
[2022.03.09-03.35.37:853][  0]LogAudio: Display: Audio Device (ID: 1) registered with world 'Untitled'.
[2022.03.09-03.35.37:853][  0]LogNetVersion: Set ProjectVersion to 1.0.0.0. Version Checksum will be recalculated on next use.
[2022.03.09-03.35.37:973][  0]LogDerivedDataCache: Saved boot cache 0.12s 96MB C:/Users/lenovo/AppData/Local/UnrealEngine/4.27/DerivedDataCache/Boot.ddc.
[2022.03.09-03.35.37:974][  0]LogInit: Texture streaming: Enabled
[2022.03.09-03.35.38:072][  0]LogAnalytics: Display: [UEEditor.Rocket.Release] APIServer = https://datarouter.ol.epicgames.com/. AppVersion = 4.27.2-18319896+++UE4+Release-4.27
[2022.03.09-03.35.38:099][  0]LogEngineSessionManager: EngineSessionManager initialized
[2022.03.09-03.35.38:099][  0]LogEditorSessionSummary: Verbose: Initializing EditorSessionSummaryWriter for editor session tracking
[2022.03.09-03.35.38:106][  0]LogEditorSessionSummary: EditorSessionSummaryWriter initialized
[2022.03.09-03.35.38:221][  0]LogInit: Transaction tracking system initialized
[2022.03.09-03.35.38:425][  0]BlueprintLog: New page: 에디터 로드
[2022.03.09-03.35.38:816][  0]LocalizationService: 현지화 서비스가 비활성화되었습니다.
[2022.03.09-03.35.38:972][  0]TimingProfiler: Initialize
[2022.03.09-03.35.38:972][  0]TimingProfiler: OnSessionChanged
[2022.03.09-03.35.38:972][  0]LoadingProfiler: Initialize
[2022.03.09-03.35.38:972][  0]LoadingProfiler: OnSessionChanged
[2022.03.09-03.35.38:972][  0]NetworkingProfiler: Initialize
[2022.03.09-03.35.38:972][  0]NetworkingProfiler: OnSessionChanged
[2022.03.09-03.35.38:973][  0]MemoryProfiler: Initialize
[2022.03.09-03.35.38:973][  0]MemoryProfiler: OnSessionChanged
[2022.03.09-03.35.39:592][  0]LogCook: Display: CookSettings for Memory: MemoryMaxUsedVirtual 0MiB, MemoryMaxUsedPhysical 16384MiB, MemoryMinFreeVirtual 0MiB, MemoryMinFreePhysical 1024MiB
[2022.03.09-03.35.39:592][  0]LogCook: Display: Mobile HDR setting 1
[2022.03.09-03.35.40:037][  0]LogFileCache: Scanning file cache for directory 'C:/EpicGames/ChattingClient/ChattingClient/Content/' took 0.01s
[2022.03.09-03.35.40:782][  0]LogInit: Display: Engine is initialized. Leaving FEngineLoop::Init()
[2022.03.09-03.35.40:789][  0]SourceControl: 소스 컨트롤이 꺼졌습니다.
[2022.03.09-03.35.40:789][  0]LogUnrealEdMisc: Loading editor; pre map load, took 25.753
[2022.03.09-03.35.40:790][  0]Cmd: MAP LOAD FILE="../../../../ChattingClient/ChattingClient/Content/MainLevel.umap" TEMPLATE=0 SHOWPROGRESS=1 FEATURELEVEL=3
[2022.03.09-03.35.40:794][  0]LightingResults: New page: 라이팅 빌드
[2022.03.09-03.35.40:797][  0]LogWorld: UWorld::CleanupWorld for Untitled, bSessionEnded=true, bCleanupResources=true
[2022.03.09-03.35.40:798][  0]LogSlate: InvalidateAllWidgets triggered.  All widgets were invalidated
[2022.03.09-03.35.40:798][  0]MapCheck: New page: 맵 체크
[2022.03.09-03.35.40:798][  0]LightingResults: New page: 라이팅 빌드
[2022.03.09-03.35.40:803][  0]LogAudio: Display: Audio Device unregistered from world 'None'.
[2022.03.09-03.35.40:807][  0]LogUObjectHash: Compacting FUObjectHashTables data took   0.74ms
[2022.03.09-03.35.40:826][  0]LogAudio: Display: Audio Device (ID: 1) registered with world 'MainLevel'.
[2022.03.09-03.35.40:828][  0]LogAIModule: Creating AISystem for world MainLevel
[2022.03.09-03.35.40:828][  0]LogEditorServer: Finished looking for orphan Actors (0.000 secs)
[2022.03.09-03.35.40:838][  0]LogUObjectHash: Compacting FUObjectHashTables data took   0.57ms
[2022.03.09-03.35.40:839][  0]Cmd: MAP CHECKDEP NOCLEARLOG
[2022.03.09-03.35.40:839][  0]MapCheck: 맵 체크 완료: 오류 0 회, 경고 0 회, 소요 시간 0.199ms.
[2022.03.09-03.35.40:839][  0]LogFileHelpers: Loading map 'MainLevel' took 0.050
[2022.03.09-03.35.40:844][  0]LogUnrealEdMisc: Total Editor Startup Time, took 25.807
[2022.03.09-03.35.41:366][  0]LogSlate: Only BGRA pngs, bmps or icos are supported in by External Image Picker
[2022.03.09-03.35.41:470][  0]LogSlate: Updating window title bar state: overlay mode, drag disabled, window buttons hidden, title bar hidden
[2022.03.09-03.35.41:476][  0]LogSlate: Updating window title bar state: overlay mode, drag disabled, window buttons hidden, title bar hidden
[2022.03.09-03.35.41:481][  0]LogSlate: Updating window title bar state: overlay mode, drag disabled, window buttons hidden, title bar hidden
[2022.03.09-03.35.41:488][  0]LogSlate: Updating window title bar state: overlay mode, drag disabled, window buttons hidden, title bar hidden
[2022.03.09-03.35.41:511][  0]LogNativeClassHierarchy: Verbose: Native class hierarchy populated in 0.0088 seconds. Added 3835 classes and 931 folders.
[2022.03.09-03.35.41:516][  0]LogNativeClassHierarchy: Verbose: Native class hierarchy updated for 'WidgetCarousel' in 0.0003 seconds. Added 0 classes and 0 folders.
[2022.03.09-03.35.41:525][  0]LogPakFile: PakFile PrimaryIndexSize=187
[2022.03.09-03.35.41:526][  0]LogPakFile: PakFile PathHashIndexSize=101
[2022.03.09-03.35.41:526][  0]LogPakFile: PakFile FullDirectoryIndexSize=148
[2022.03.09-03.35.41:526][  0]LogShaderLibrary: Display: ShaderCodeLibraryPakFileMountedCallback: PakFile 'C:/EpicGames/UE_4.27/FeaturePacks/FP_FirstPerson.upack' (chunk index -1, root 'root:/') mounted
[2022.03.09-03.35.41:526][  0]LogShaderLibrary: Display: ShaderCodeLibraryPakFileMountedCallback: pending pak file info (ChunkID:-1 Root:root:/ File:C:/EpicGames/UE_4.27/FeaturePacks/FP_FirstPerson.upack)
[2022.03.09-03.35.41:526][  0]LogPakFile: OnPakFileMounted2Time == 0.000286
[2022.03.09-03.35.41:533][  0]LogPakFile: PakFile PrimaryIndexSize=189
[2022.03.09-03.35.41:534][  0]LogPakFile: PakFile PathHashIndexSize=101
[2022.03.09-03.35.41:534][  0]LogPakFile: PakFile FullDirectoryIndexSize=152
[2022.03.09-03.35.41:534][  0]LogShaderLibrary: Display: ShaderCodeLibraryPakFileMountedCallback: PakFile 'C:/EpicGames/UE_4.27/FeaturePacks/FP_FirstPersonBP.upack' (chunk index -1, root 'root:/') mounted
[2022.03.09-03.35.41:534][  0]LogShaderLibrary: Display: ShaderCodeLibraryPakFileMountedCallback: pending pak file info (ChunkID:-1 Root:root:/ File:C:/EpicGames/UE_4.27/FeaturePacks/FP_FirstPersonBP.upack)
[2022.03.09-03.35.41:534][  0]LogPakFile: OnPakFileMounted2Time == 0.000171
[2022.03.09-03.35.41:539][  0]LogPakFile: PakFile PrimaryIndexSize=191
[2022.03.09-03.35.41:539][  0]LogPakFile: PakFile PathHashIndexSize=101
[2022.03.09-03.35.41:539][  0]LogPakFile: PakFile FullDirectoryIndexSize=160
[2022.03.09-03.35.41:539][  0]LogShaderLibrary: Display: ShaderCodeLibraryPakFileMountedCallback: PakFile 'C:/EpicGames/UE_4.27/FeaturePacks/MobileStarterContent.upack' (chunk index -1, root 'root:/') mounted
[2022.03.09-03.35.41:539][  0]LogShaderLibrary: Display: ShaderCodeLibraryPakFileMountedCallback: pending pak file info (ChunkID:-1 Root:root:/ File:C:/EpicGames/UE_4.27/FeaturePacks/MobileStarterContent.upack)
[2022.03.09-03.35.41:540][  0]LogPakFile: OnPakFileMounted2Time == 0.000269
[2022.03.09-03.35.41:545][  0]LogPakFile: PakFile PrimaryIndexSize=185
[2022.03.09-03.35.41:545][  0]LogPakFile: PakFile PathHashIndexSize=101
[2022.03.09-03.35.41:545][  0]LogPakFile: PakFile FullDirectoryIndexSize=148
[2022.03.09-03.35.41:545][  0]LogShaderLibrary: Display: ShaderCodeLibraryPakFileMountedCallback: PakFile 'C:/EpicGames/UE_4.27/FeaturePacks/StarterContent.upack' (chunk index -1, root 'root:/') mounted
[2022.03.09-03.35.41:545][  0]LogShaderLibrary: Display: ShaderCodeLibraryPakFileMountedCallback: pending pak file info (ChunkID:-1 Root:root:/ File:C:/EpicGames/UE_4.27/FeaturePacks/StarterContent.upack)
[2022.03.09-03.35.41:546][  0]LogPakFile: OnPakFileMounted2Time == 0.000272
[2022.03.09-03.35.41:552][  0]LogPakFile: PakFile PrimaryIndexSize=190
[2022.03.09-03.35.41:552][  0]LogPakFile: PakFile PathHashIndexSize=101
[2022.03.09-03.35.41:552][  0]LogPakFile: PakFile FullDirectoryIndexSize=154
[2022.03.09-03.35.41:552][  0]LogShaderLibrary: Display: ShaderCodeLibraryPakFileMountedCallback: PakFile 'C:/EpicGames/UE_4.27/FeaturePacks/TP_2DSideScroller.upack' (chunk index -1, root 'root:/') mounted
[2022.03.09-03.35.41:552][  0]LogShaderLibrary: Display: ShaderCodeLibraryPakFileMountedCallback: pending pak file info (ChunkID:-1 Root:root:/ File:C:/EpicGames/UE_4.27/FeaturePacks/TP_2DSideScroller.upack)
[2022.03.09-03.35.41:552][  0]LogPakFile: OnPakFileMounted2Time == 0.000160
[2022.03.09-03.35.41:557][  0]LogPakFile: PakFile PrimaryIndexSize=192
[2022.03.09-03.35.41:557][  0]LogPakFile: PakFile PathHashIndexSize=101
[2022.03.09-03.35.41:557][  0]LogPakFile: PakFile FullDirectoryIndexSize=158
[2022.03.09-03.35.41:557][  0]LogShaderLibrary: Display: ShaderCodeLibraryPakFileMountedCallback: PakFile 'C:/EpicGames/UE_4.27/FeaturePacks/TP_2DSideScrollerBP.upack' (chunk index -1, root 'root:/') mounted
[2022.03.09-03.35.41:557][  0]LogShaderLibrary: Display: ShaderCodeLibraryPakFileMountedCallback: pending pak file info (ChunkID:-1 Root:root:/ File:C:/EpicGames/UE_4.27/FeaturePacks/TP_2DSideScrollerBP.upack)
[2022.03.09-03.35.41:558][  0]LogPakFile: OnPakFileMounted2Time == 0.000308
[2022.03.09-03.35.41:563][  0]LogPakFile: PakFile PrimaryIndexSize=182
[2022.03.09-03.35.41:563][  0]LogPakFile: PakFile PathHashIndexSize=101
[2022.03.09-03.35.41:563][  0]LogPakFile: PakFile FullDirectoryIndexSize=138
[2022.03.09-03.35.41:563][  0]LogShaderLibrary: Display: ShaderCodeLibraryPakFileMountedCallback: PakFile 'C:/EpicGames/UE_4.27/FeaturePacks/TP_Flying.upack' (chunk index -1, root 'root:/') mounted
[2022.03.09-03.35.41:563][  0]LogShaderLibrary: Display: ShaderCodeLibraryPakFileMountedCallback: pending pak file info (ChunkID:-1 Root:root:/ File:C:/EpicGames/UE_4.27/FeaturePacks/TP_Flying.upack)
[2022.03.09-03.35.41:563][  0]LogPakFile: OnPakFileMounted2Time == 0.000217
[2022.03.09-03.35.41:570][  0]LogPakFile: PakFile PrimaryIndexSize=184
[2022.03.09-03.35.41:570][  0]LogPakFile: PakFile PathHashIndexSize=101
[2022.03.09-03.35.41:570][  0]LogPakFile: PakFile FullDirectoryIndexSize=142
[2022.03.09-03.35.41:570][  0]LogShaderLibrary: Display: ShaderCodeLibraryPakFileMountedCallback: PakFile 'C:/EpicGames/UE_4.27/FeaturePacks/TP_FlyingBP.upack' (chunk index -1, root 'root:/') mounted
[2022.03.09-03.35.41:570][  0]LogShaderLibrary: Display: ShaderCodeLibraryPakFileMountedCallback: pending pak file info (ChunkID:-1 Root:root:/ File:C:/EpicGames/UE_4.27/FeaturePacks/TP_FlyingBP.upack)
[2022.03.09-03.35.41:570][  0]LogPakFile: OnPakFileMounted2Time == 0.000210
[2022.03.09-03.35.41:576][  0]LogPakFile: PakFile PrimaryIndexSize=188
[2022.03.09-03.35.41:576][  0]LogPakFile: PakFile PathHashIndexSize=101
[2022.03.09-03.35.41:576][  0]LogPakFile: PakFile FullDirectoryIndexSize=150
[2022.03.09-03.35.41:576][  0]LogShaderLibrary: Display: ShaderCodeLibraryPakFileMountedCallback: PakFile 'C:/EpicGames/UE_4.27/FeaturePacks/TP_HandheldARBP.upack' (chunk index -1, root 'root:/') mounted
[2022.03.09-03.35.41:576][  0]LogShaderLibrary: Display: ShaderCodeLibraryPakFileMountedCallback: pending pak file info (ChunkID:-1 Root:root:/ File:C:/EpicGames/UE_4.27/FeaturePacks/TP_HandheldARBP.upack)
[2022.03.09-03.35.41:576][  0]LogPakFile: OnPakFileMounted2Time == 0.000294
[2022.03.09-03.35.41:583][  0]LogPakFile: PakFile PrimaryIndexSize=182
[2022.03.09-03.35.41:583][  0]LogPakFile: PakFile PathHashIndexSize=101
[2022.03.09-03.35.41:583][  0]LogPakFile: PakFile FullDirectoryIndexSize=138
[2022.03.09-03.35.41:583][  0]LogShaderLibrary: Display: ShaderCodeLibraryPakFileMountedCallback: PakFile 'C:/EpicGames/UE_4.27/FeaturePacks/TP_Puzzle.upack' (chunk index -1, root 'root:/') mounted
[2022.03.09-03.35.41:584][  0]LogShaderLibrary: Display: ShaderCodeLibraryPakFileMountedCallback: pending pak file info (ChunkID:-1 Root:root:/ File:C:/EpicGames/UE_4.27/FeaturePacks/TP_Puzzle.upack)
[2022.03.09-03.35.41:584][  0]LogPakFile: OnPakFileMounted2Time == 0.000302
[2022.03.09-03.35.41:588][  0]LogPakFile: PakFile PrimaryIndexSize=184
[2022.03.09-03.35.41:589][  0]LogPakFile: PakFile PathHashIndexSize=101
[2022.03.09-03.35.41:589][  0]LogPakFile: PakFile FullDirectoryIndexSize=142
[2022.03.09-03.35.41:589][  0]LogShaderLibrary: Display: ShaderCodeLibraryPakFileMountedCallback: PakFile 'C:/EpicGames/UE_4.27/FeaturePacks/TP_PuzzleBP.upack' (chunk index -1, root 'root:/') mounted
[2022.03.09-03.35.41:589][  0]LogShaderLibrary: Display: ShaderCodeLibraryPakFileMountedCallback: pending pak file info (ChunkID:-1 Root:root:/ File:C:/EpicGames/UE_4.27/FeaturePacks/TP_PuzzleBP.upack)
[2022.03.09-03.35.41:589][  0]LogPakFile: OnPakFileMounted2Time == 0.000238
[2022.03.09-03.35.41:595][  0]LogPakFile: PakFile PrimaryIndexSize=183
[2022.03.09-03.35.41:595][  0]LogPakFile: PakFile PathHashIndexSize=101
[2022.03.09-03.35.41:595][  0]LogPakFile: PakFile FullDirectoryIndexSize=140
[2022.03.09-03.35.41:595][  0]LogShaderLibrary: Display: ShaderCodeLibraryPakFileMountedCallback: PakFile 'C:/EpicGames/UE_4.27/FeaturePacks/TP_Rolling.upack' (chunk index -1, root 'root:/') mounted
[2022.03.09-03.35.41:596][  0]LogShaderLibrary: Display: ShaderCodeLibraryPakFileMountedCallback: pending pak file info (ChunkID:-1 Root:root:/ File:C:/EpicGames/UE_4.27/FeaturePacks/TP_Rolling.upack)
[2022.03.09-03.35.41:596][  0]LogPakFile: OnPakFileMounted2Time == 0.000201
[2022.03.09-03.35.41:600][  0]LogPakFile: PakFile PrimaryIndexSize=185
[2022.03.09-03.35.41:601][  0]LogPakFile: PakFile PathHashIndexSize=101
[2022.03.09-03.35.41:601][  0]LogPakFile: PakFile FullDirectoryIndexSize=144
[2022.03.09-03.35.41:601][  0]LogShaderLibrary: Display: ShaderCodeLibraryPakFileMountedCallback: PakFile 'C:/EpicGames/UE_4.27/FeaturePacks/TP_RollingBP.upack' (chunk index -1, root 'root:/') mounted
[2022.03.09-03.35.41:601][  0]LogShaderLibrary: Display: ShaderCodeLibraryPakFileMountedCallback: pending pak file info (ChunkID:-1 Root:root:/ File:C:/EpicGames/UE_4.27/FeaturePacks/TP_RollingBP.upack)
[2022.03.09-03.35.41:601][  0]LogPakFile: OnPakFileMounted2Time == 0.000244
[2022.03.09-03.35.41:606][  0]LogPakFile: PakFile PrimaryIndexSize=188
[2022.03.09-03.35.41:606][  0]LogPakFile: PakFile PathHashIndexSize=101
[2022.03.09-03.35.41:606][  0]LogPakFile: PakFile FullDirectoryIndexSize=150
[2022.03.09-03.35.41:606][  0]LogShaderLibrary: Display: ShaderCodeLibraryPakFileMountedCallback: PakFile 'C:/EpicGames/UE_4.27/FeaturePacks/TP_SideScroller.upack' (chunk index -1, root 'root:/') mounted
[2022.03.09-03.35.41:606][  0]LogShaderLibrary: Display: ShaderCodeLibraryPakFileMountedCallback: pending pak file info (ChunkID:-1 Root:root:/ File:C:/EpicGames/UE_4.27/FeaturePacks/TP_SideScroller.upack)
[2022.03.09-03.35.41:607][  0]LogPakFile: OnPakFileMounted2Time == 0.000318
[2022.03.09-03.35.41:612][  0]LogPakFile: PakFile PrimaryIndexSize=190
[2022.03.09-03.35.41:612][  0]LogPakFile: PakFile PathHashIndexSize=101
[2022.03.09-03.35.41:613][  0]LogPakFile: PakFile FullDirectoryIndexSize=154
[2022.03.09-03.35.41:613][  0]LogShaderLibrary: Display: ShaderCodeLibraryPakFileMountedCallback: PakFile 'C:/EpicGames/UE_4.27/FeaturePacks/TP_SideScrollerBP.upack' (chunk index -1, root 'root:/') mounted
[2022.03.09-03.35.41:613][  0]LogShaderLibrary: Display: ShaderCodeLibraryPakFileMountedCallback: pending pak file info (ChunkID:-1 Root:root:/ File:C:/EpicGames/UE_4.27/FeaturePacks/TP_SideScrollerBP.upack)
[2022.03.09-03.35.41:613][  0]LogPakFile: OnPakFileMounted2Time == 0.000267
[2022.03.09-03.35.41:618][  0]LogPakFile: PakFile PrimaryIndexSize=187
[2022.03.09-03.35.41:618][  0]LogPakFile: PakFile PathHashIndexSize=101
[2022.03.09-03.35.41:618][  0]LogPakFile: PakFile FullDirectoryIndexSize=148
[2022.03.09-03.35.41:619][  0]LogShaderLibrary: Display: ShaderCodeLibraryPakFileMountedCallback: PakFile 'C:/EpicGames/UE_4.27/FeaturePacks/TP_ThirdPerson.upack' (chunk index -1, root 'root:/') mounted
[2022.03.09-03.35.41:619][  0]LogShaderLibrary: Display: ShaderCodeLibraryPakFileMountedCallback: pending pak file info (ChunkID:-1 Root:root:/ File:C:/EpicGames/UE_4.27/FeaturePacks/TP_ThirdPerson.upack)
[2022.03.09-03.35.41:619][  0]LogPakFile: OnPakFileMounted2Time == 0.000168
[2022.03.09-03.35.41:624][  0]LogPakFile: PakFile PrimaryIndexSize=189
[2022.03.09-03.35.41:624][  0]LogPakFile: PakFile PathHashIndexSize=101
[2022.03.09-03.35.41:624][  0]LogPakFile: PakFile FullDirectoryIndexSize=152
[2022.03.09-03.35.41:624][  0]LogShaderLibrary: Display: ShaderCodeLibraryPakFileMountedCallback: PakFile 'C:/EpicGames/UE_4.27/FeaturePacks/TP_ThirdPersonBP.upack' (chunk index -1, root 'root:/') mounted
[2022.03.09-03.35.41:625][  0]LogShaderLibrary: Display: ShaderCodeLibraryPakFileMountedCallback: pending pak file info (ChunkID:-1 Root:root:/ File:C:/EpicGames/UE_4.27/FeaturePacks/TP_ThirdPersonBP.upack)
[2022.03.09-03.35.41:625][  0]LogPakFile: OnPakFileMounted2Time == 0.000246
[2022.03.09-03.35.41:630][  0]LogPakFile: PakFile PrimaryIndexSize=183
[2022.03.09-03.35.41:630][  0]LogPakFile: PakFile PathHashIndexSize=101
[2022.03.09-03.35.41:630][  0]LogPakFile: PakFile FullDirectoryIndexSize=140
[2022.03.09-03.35.41:630][  0]LogShaderLibrary: Display: ShaderCodeLibraryPakFileMountedCallback: PakFile 'C:/EpicGames/UE_4.27/FeaturePacks/TP_TopDown.upack' (chunk index -1, root 'root:/') mounted
[2022.03.09-03.35.41:630][  0]LogShaderLibrary: Display: ShaderCodeLibraryPakFileMountedCallback: pending pak file info (ChunkID:-1 Root:root:/ File:C:/EpicGames/UE_4.27/FeaturePacks/TP_TopDown.upack)
[2022.03.09-03.35.41:630][  0]LogPakFile: OnPakFileMounted2Time == 0.000153
[2022.03.09-03.35.41:635][  0]LogPakFile: PakFile PrimaryIndexSize=185
[2022.03.09-03.35.41:635][  0]LogPakFile: PakFile PathHashIndexSize=101
[2022.03.09-03.35.41:635][  0]LogPakFile: PakFile FullDirectoryIndexSize=144
[2022.03.09-03.35.41:636][  0]LogShaderLibrary: Display: ShaderCodeLibraryPakFileMountedCallback: PakFile 'C:/EpicGames/UE_4.27/FeaturePacks/TP_TopDownBP.upack' (chunk index -1, root 'root:/') mounted
[2022.03.09-03.35.41:636][  0]LogShaderLibrary: Display: ShaderCodeLibraryPakFileMountedCallback: pending pak file info (ChunkID:-1 Root:root:/ File:C:/EpicGames/UE_4.27/FeaturePacks/TP_TopDownBP.upack)
[2022.03.09-03.35.41:636][  0]LogPakFile: OnPakFileMounted2Time == 0.000261
[2022.03.09-03.35.41:645][  0]LogPakFile: PakFile PrimaryIndexSize=185
[2022.03.09-03.35.41:645][  0]LogPakFile: PakFile PathHashIndexSize=101
[2022.03.09-03.35.41:645][  0]LogPakFile: PakFile FullDirectoryIndexSize=144
[2022.03.09-03.35.41:645][  0]LogShaderLibrary: Display: ShaderCodeLibraryPakFileMountedCallback: PakFile 'C:/EpicGames/UE_4.27/FeaturePacks/TP_TwinStick.upack' (chunk index -1, root 'root:/') mounted
[2022.03.09-03.35.41:645][  0]LogShaderLibrary: Display: ShaderCodeLibraryPakFileMountedCallback: pending pak file info (ChunkID:-1 Root:root:/ File:C:/EpicGames/UE_4.27/FeaturePacks/TP_TwinStick.upack)
[2022.03.09-03.35.41:645][  0]LogPakFile: OnPakFileMounted2Time == 0.000222
[2022.03.09-03.35.41:650][  0]LogPakFile: PakFile PrimaryIndexSize=187
[2022.03.09-03.35.41:650][  0]LogPakFile: PakFile PathHashIndexSize=101
[2022.03.09-03.35.41:651][  0]LogPakFile: PakFile FullDirectoryIndexSize=148
[2022.03.09-03.35.41:651][  0]LogShaderLibrary: Display: ShaderCodeLibraryPakFileMountedCallback: PakFile 'C:/EpicGames/UE_4.27/FeaturePacks/TP_TwinStickBP.upack' (chunk index -1, root 'root:/') mounted
[2022.03.09-03.35.41:651][  0]LogShaderLibrary: Display: ShaderCodeLibraryPakFileMountedCallback: pending pak file info (ChunkID:-1 Root:root:/ File:C:/EpicGames/UE_4.27/FeaturePacks/TP_TwinStickBP.upack)
[2022.03.09-03.35.41:651][  0]LogPakFile: OnPakFileMounted2Time == 0.000264
[2022.03.09-03.35.41:656][  0]LogPakFile: PakFile PrimaryIndexSize=183
[2022.03.09-03.35.41:656][  0]LogPakFile: PakFile PathHashIndexSize=101
[2022.03.09-03.35.41:656][  0]LogPakFile: PakFile FullDirectoryIndexSize=140
[2022.03.09-03.35.41:656][  0]LogShaderLibrary: Display: ShaderCodeLibraryPakFileMountedCallback: PakFile 'C:/EpicGames/UE_4.27/FeaturePacks/TP_Vehicle.upack' (chunk index -1, root 'root:/') mounted
[2022.03.09-03.35.41:656][  0]LogShaderLibrary: Display: ShaderCodeLibraryPakFileMountedCallback: pending pak file info (ChunkID:-1 Root:root:/ File:C:/EpicGames/UE_4.27/FeaturePacks/TP_Vehicle.upack)
[2022.03.09-03.35.41:656][  0]LogPakFile: OnPakFileMounted2Time == 0.000236
[2022.03.09-03.35.41:661][  0]LogPakFile: PakFile PrimaryIndexSize=186
[2022.03.09-03.35.41:661][  0]LogPakFile: PakFile PathHashIndexSize=101
[2022.03.09-03.35.41:661][  0]LogPakFile: PakFile FullDirectoryIndexSize=146
[2022.03.09-03.35.41:662][  0]LogShaderLibrary: Display: ShaderCodeLibraryPakFileMountedCallback: PakFile 'C:/EpicGames/UE_4.27/FeaturePacks/TP_VehicleAdv.upack' (chunk index -1, root 'root:/') mounted
[2022.03.09-03.35.41:662][  0]LogShaderLibrary: Display: ShaderCodeLibraryPakFileMountedCallback: pending pak file info (ChunkID:-1 Root:root:/ File:C:/EpicGames/UE_4.27/FeaturePacks/TP_VehicleAdv.upack)
[2022.03.09-03.35.41:662][  0]LogPakFile: OnPakFileMounted2Time == 0.000246
[2022.03.09-03.35.41:667][  0]LogPakFile: PakFile PrimaryIndexSize=188
[2022.03.09-03.35.41:667][  0]LogPakFile: PakFile PathHashIndexSize=101
[2022.03.09-03.35.41:667][  0]LogPakFile: PakFile FullDirectoryIndexSize=150
[2022.03.09-03.35.41:667][  0]LogShaderLibrary: Display: ShaderCodeLibraryPakFileMountedCallback: PakFile 'C:/EpicGames/UE_4.27/FeaturePacks/TP_VehicleAdvBP.upack' (chunk index -1, root 'root:/') mounted
[2022.03.09-03.35.41:668][  0]LogShaderLibrary: Display: ShaderCodeLibraryPakFileMountedCallback: pending pak file info (ChunkID:-1 Root:root:/ File:C:/EpicGames/UE_4.27/FeaturePacks/TP_VehicleAdvBP.upack)
[2022.03.09-03.35.41:668][  0]LogPakFile: OnPakFileMounted2Time == 0.000256
[2022.03.09-03.35.41:674][  0]LogPakFile: PakFile PrimaryIndexSize=185
[2022.03.09-03.35.41:674][  0]LogPakFile: PakFile PathHashIndexSize=101
[2022.03.09-03.35.41:674][  0]LogPakFile: PakFile FullDirectoryIndexSize=144
[2022.03.09-03.35.41:674][  0]LogShaderLibrary: Display: ShaderCodeLibraryPakFileMountedCallback: PakFile 'C:/EpicGames/UE_4.27/FeaturePacks/TP_VehicleBP.upack' (chunk index -1, root 'root:/') mounted
[2022.03.09-03.35.41:674][  0]LogShaderLibrary: Display: ShaderCodeLibraryPakFileMountedCallback: pending pak file info (ChunkID:-1 Root:root:/ File:C:/EpicGames/UE_4.27/FeaturePacks/TP_VehicleBP.upack)
[2022.03.09-03.35.41:674][  0]LogPakFile: OnPakFileMounted2Time == 0.000286
[2022.03.09-03.35.41:679][  0]LogPakFile: PakFile PrimaryIndexSize=192
[2022.03.09-03.35.41:680][  0]LogPakFile: PakFile PathHashIndexSize=101
[2022.03.09-03.35.41:680][  0]LogPakFile: PakFile FullDirectoryIndexSize=158
[2022.03.09-03.35.41:680][  0]LogShaderLibrary: Display: ShaderCodeLibraryPakFileMountedCallback: PakFile 'C:/EpicGames/UE_4.27/FeaturePacks/TP_VirtualRealityBP.upack' (chunk index -1, root 'root:/') mounted
[2022.03.09-03.35.41:680][  0]LogShaderLibrary: Display: ShaderCodeLibraryPakFileMountedCallback: pending pak file info (ChunkID:-1 Root:root:/ File:C:/EpicGames/UE_4.27/FeaturePacks/TP_VirtualRealityBP.upack)
[2022.03.09-03.35.41:680][  0]LogPakFile: OnPakFileMounted2Time == 0.000278
[2022.03.09-03.35.41:879][  0]LogNativeClassHierarchy: Verbose: Native class hierarchy updated for 'AddContentDialog' in 0.0003 seconds. Added 0 classes and 0 folders.
[2022.03.09-03.35.41:883][  0]LogNativeClassHierarchy: Verbose: Native class hierarchy updated for 'SceneOutliner' in 0.0002 seconds. Added 2 classes and 0 folders.
[2022.03.09-03.35.41:999][  0]LogSlate: Took 0.004594 seconds to synchronously load lazily loaded font '../../../Engine/Content/Slate/Fonts/Roboto-Regular.ttf' (155K)
[2022.03.09-03.35.42:008][  0]LogSlate: Took 0.008009 seconds to synchronously load lazily loaded font '../../../Engine/Content/Editor/Slate/Fonts/NanumGothic.ttf' (4243K)
[2022.03.09-03.35.42:014][  0]LogSlate: Took 0.005497 seconds to synchronously load lazily loaded font '../../../Engine/Content/Editor/Slate/Fonts/FontAwesome.ttf' (139K)
[2022.03.09-03.35.42:023][  0]LogSlate: Took 0.008014 seconds to synchronously load lazily loaded font '../../../Engine/Content/Editor/Slate/Fonts/NanumGothicBold.ttf' (4188K)
[2022.03.09-03.35.42:028][  0]LogSlate: Took 0.004838 seconds to synchronously load lazily loaded font '../../../Engine/Content/Slate/Fonts/Roboto-Bold.ttf' (160K)
[2022.03.09-03.35.42:200][  0]LogRenderer: Reallocating scene render targets to support 940x400 Format 10 NumSamples 1 (Frame:1).
[2022.03.09-03.35.42:244][  0]LogSlate: Took 0.004705 seconds to synchronously load lazily loaded font '../../../Engine/Content/Slate/Fonts/Roboto-Light.ttf' (167K)
[2022.03.09-03.35.42:312][  0]LogNativeClassHierarchy: Verbose: Native class hierarchy updated for 'HierarchicalLODOutliner' in 0.0002 seconds. Added 0 classes and 0 folders.
[2022.03.09-03.35.42:312][  0]LogLoad: (Engine Initialization) Total time: 27.28 seconds
[2022.03.09-03.35.42:312][  0]LogLoad: (Engine Initialization) Total Blueprint compile time: 0.00 seconds
[2022.03.09-03.35.42:474][  0]LogAssetRegistry: Asset discovery search completed in 14.2904 seconds
[2022.03.09-03.35.42:498][  0]LogCollectionManager: Fixed up redirectors for 0 collections in 0.000003 seconds (updated 0 objects)
[2022.03.09-03.35.42:499][  0]LogContentStreaming: Texture pool size now 1000 MB
[2022.03.09-03.35.42:552][  1]LogRenderer: Reallocating scene render targets to support 940x416 Format 10 NumSamples 1 (Frame:2).
[2022.03.09-03.35.44:477][105]LogTemp: Repeating last play command: 선택된 뷰포트
[2022.03.09-03.35.44:485][105]LogPlayLevel: PlayLevel: No blueprints needed recompiling
[2022.03.09-03.35.44:485][105]PIE: New page: PIE 세션: MainLevel (2022. 3. 9. 오후 9:35:44)
[2022.03.09-03.35.44:488][105]LogOnline: OSS: Creating online subsystem instance for: NULL
[2022.03.09-03.35.44:491][105]LogOnline: OSS: TryLoadSubsystemAndSetDefault: Loaded subsystem for module [NULL]
[2022.03.09-03.35.44:492][105]LogPlayLevel: Creating play world package: /Game/UEDPIE_0_MainLevel
[2022.03.09-03.35.44:493][105]LogPlayLevel: PIE: StaticDuplicateObject took: (0.001234s)
[2022.03.09-03.35.44:494][105]LogAIModule: Creating AISystem for world MainLevel
[2022.03.09-03.35.44:495][105]LogPlayLevel: PIE: World Init took: (0.001464s)
[2022.03.09-03.35.44:495][105]LogPlayLevel: PIE: Created PIE world by copying editor world from /Game/MainLevel.MainLevel to /Game/UEDPIE_0_MainLevel.MainLevel (0.003255s)
[2022.03.09-03.35.44:500][105]LogUObjectHash: Compacting FUObjectHashTables data took   0.53ms
[2022.03.09-03.35.44:504][105]LogAudio: Display: Creating Audio Device:                 Id: 2, Scope: Unique, Realtime: True
[2022.03.09-03.35.44:505][105]LogAudioMixer: Display: Audio Mixer Platform Settings:
[2022.03.09-03.35.44:505][105]LogAudioMixer: Display: 	Sample Rate:						  48000
[2022.03.09-03.35.44:505][105]LogAudioMixer: Display: 	Callback Buffer Frame Size Requested: 1024
[2022.03.09-03.35.44:505][105]LogAudioMixer: Display: 	Callback Buffer Frame Size To Use:	  1024
[2022.03.09-03.35.44:505][105]LogAudioMixer: Display: 	Number of buffers to queue:			  2
[2022.03.09-03.35.44:505][105]LogAudioMixer: Display: 	Max Channels (voices):				  32
[2022.03.09-03.35.44:505][105]LogAudioMixer: Display: 	Number of Async Source Workers:		  0
[2022.03.09-03.35.44:506][105]LogAudio: Display: AudioDevice MaxSources: 32
[2022.03.09-03.35.44:506][105]LogAudio: Display: Audio Spatialization Plugin: None (built-in).
[2022.03.09-03.35.44:506][105]LogAudio: Display: Audio Reverb Plugin: None (built-in).
[2022.03.09-03.35.44:507][105]LogAudio: Display: Audio Occlusion Plugin: None (built-in).
[2022.03.09-03.35.44:507][105]LogAudioMixer: Display: Initializing audio mixer.
[2022.03.09-03.35.44:518][105]LogAudioMixer: Display: 0: FrontLeft
[2022.03.09-03.35.44:518][105]LogAudioMixer: Display: 1: FrontRight
[2022.03.09-03.35.44:548][105]LogAudioMixer: Display: Using Audio Device 스피커(Realtek(R) Audio)
[2022.03.09-03.35.44:548][105]LogAudioMixer: Display: Initializing Sound Submixes...
[2022.03.09-03.35.44:549][105]LogAudioMixer: Display: Creating Master Submix 'MasterSubmixDefault'
[2022.03.09-03.35.44:549][105]LogAudioMixer: Display: Creating Master Submix 'MasterReverbSubmixDefault'
[2022.03.09-03.35.44:549][105]LogAudioMixer: Display: Creating Master Submix 'MasterEQSubmixDefault'
[2022.03.09-03.35.44:549][105]LogAudioMixer: FMixerPlatformXAudio2::StartAudioStream() called
[2022.03.09-03.35.44:549][105]LogAudioMixer: Display: Output buffers initialized: Frames=1024, Channels=2, Samples=2048
[2022.03.09-03.35.44:551][105]LogAudioMixer: Display: Starting AudioMixerPlatformInterface::RunInternal()
[2022.03.09-03.35.44:552][105]LogAudioMixer: Display: FMixerPlatformXAudio2::SubmitBuffer() called for the first time
[2022.03.09-03.35.44:552][105]LogInit: FAudioDevice initialized.
[2022.03.09-03.35.44:552][105]LogAudio: Display: Audio Device (ID: 2) registered with world 'MainLevel'.
[2022.03.09-03.35.44:560][105]LogLoad: Game class is 'GameModeBase'
[2022.03.09-03.35.44:560][105]LogWorld: Bringing World /Game/UEDPIE_0_MainLevel.MainLevel up for play (max tick rate 60) at 2022.03.09-12.35.44
[2022.03.09-03.35.44:561][105]LogWorld: Bringing up level for play took: 0.000321
[2022.03.09-03.35.44:561][105]LogOnline: OSS: Creating online subsystem instance for: :Context_2
[2022.03.09-03.35.44:573][105]LogNativeClassHierarchy: Verbose: Native class hierarchy updated for 'MovieSceneCapture' in 0.0003 seconds. Added 20 classes and 0 folders.
[2022.03.09-03.35.44:576][105]LogViewport: Display: Viewport MouseLockMode Changed, LockOnCapture -> LockInFullscreen
[2022.03.09-03.35.44:576][105]LogViewport: Display: Viewport MouseCaptureMode Changed, CapturePermanently_IncludingInitialMouseDown -> NoCapture
[2022.03.09-03.35.44:576][105]LogViewport: Display: Player bShowMouseCursor Changed, False -> True
[2022.03.09-03.35.44:577][105]PIE: 서버가 로그인했습니다.
[2022.03.09-03.35.44:578][105]PIE: 에디터에서 플레이 총 시작 시간 0.097초입니다.
[2022.03.09-03.35.44:581][105]LogTemp: From Server: Welcome to chatting server!
Please login using Login [Username] command
[2022.03.09-03.35.46:742][235]LogTemp: SendMsg: login kkk
[2022.03.09-03.35.46:745][235]LogTemp: Send: login kkk

[2022.03.09-03.35.46:759][236]LogTemp: From Server: Now you will be called: [kkk]
Please Checking Command list using h or H
[2022.03.09-03.35.47:992][310]LogTemp: SendMsg: lt
[2022.03.09-03.35.47:994][310]LogTemp: Send: lt

[2022.03.09-03.35.48:009][311]LogTemp: From Server: --------------------------RoomList--------------------------
[0] aaa 12:31
[2022.03.09-03.35.48:009][311]LogTemp: Find RoomList inst
[2022.03.09-03.35.50:559][464]LogTemp: SendMsg: j 0
[2022.03.09-03.35.50:561][464]LogTemp: Send: j 0

[2022.03.09-03.35.59:880][581]LogTemp: From Server: kkk: hello from the other side
	
[2022.03.09-03.36.16:901][581]PIE: Error: CreateWidget 이 공백 클래스와 함께 호출되었습니다.
[2022.03.09-03.36.22:923][581]LogTemp: Find RoomInfo inst
[2022.03.09-03.36.22:923][581]LogTemp: From Server: kkk: hello from the other side
	
[2022.03.09-03.36.32:165][581]PIE: Error: CreateWidget 이 공백 클래스와 함께 호출되었습니다.
[2022.03.09-03.36.32:417][581]LogTemp: Find RoomInfo inst
[2022.03.09-03.36.32:423][582]LogAudioMixer: Display: Audio Buffer Underrun (starvation) detected.
[2022.03.09-03.36.32:423][582]LogAudioMixer: Display: Audio Buffer Underrun (starvation) detected.
