Log file open, 03/08/22 15:42:42
LogWindows: Failed to load 'aqProf.dll' (GetLastError=126)
LogWindows: File 'aqProf.dll' does not exist
LogWindows: Failed to load 'VtuneApi.dll' (GetLastError=126)
LogWindows: File 'VtuneApi.dll' does not exist
LogWindows: Failed to load 'VtuneApi32e.dll' (GetLastError=126)
LogWindows: File 'VtuneApi32e.dll' does not exist
LogConsoleResponse: Display: Failed to find resolution value strings in scalability ini. Falling back to default.
LogConsoleResponse: Display: Failed to find resolution value strings in scalability ini. Falling back to default.
LogInit: Display: Running engine for game: ChattingClient
LogPlatformFile: Not using cached read wrapper
LogTaskGraph: Started task graph with 5 named threads and 35 total threads with 3 sets of task threads.
LogStats: Stats thread started at 0.449650
LogICUInternationalization: ICU TimeZone Detection - Raw Offset: +9:00, Platform Override: ''
LogInit: Display: Loading text-based GConfig....
LogPluginManager: Mounting plugin MeshPainting
LogPluginManager: Mounting plugin XGEController
LogPluginManager: Mounting plugin Paper2D
LogPluginManager: Mounting plugin AISupport
LogPluginManager: Mounting plugin EnvironmentQueryEditor
LogPluginManager: Mounting plugin LiveLink
LogPluginManager: Mounting plugin LightPropagationVolume
LogPluginManager: Mounting plugin CameraShakePreviewer
LogPluginManager: Mounting plugin GameplayCameras
LogPluginManager: Mounting plugin OodleData
LogPluginManager: Mounting plugin OodleNetwork
LogPluginManager: Mounting plugin AnimationSharing
LogPluginManager: Mounting plugin CLionSourceCodeAccess
LogPluginManager: Mounting plugin GitSourceControl
LogPluginManager: Mounting plugin CodeLiteSourceCodeAccess
LogPluginManager: Mounting plugin AssetManagerEditor
LogPluginManager: Mounting plugin KDevelopSourceCodeAccess
LogPluginManager: Mounting plugin NullSourceCodeAccess
LogPluginManager: Mounting plugin PerforceSourceControl
LogPluginManager: Mounting plugin PixWinPlugin
LogPluginManager: Mounting plugin PlasticSourceControl
LogPluginManager: Mounting plugin PropertyAccessNode
LogPluginManager: Mounting plugin PluginUtils
LogPluginManager: Mounting plugin RiderSourceCodeAccess
LogPluginManager: Mounting plugin SubversionSourceControl
LogPluginManager: Mounting plugin TextureFormatOodle
LogPluginManager: Mounting plugin UObjectPlugin
LogPluginManager: Mounting plugin VisualStudioCodeSourceCodeAccess
LogPluginManager: Mounting plugin VisualStudioSourceCodeAccess
LogPluginManager: Mounting plugin XCodeSourceCodeAccess
LogPluginManager: Mounting plugin CryptoKeys
LogPluginManager: Mounting plugin CurveEditorTools
LogPluginManager: Mounting plugin DataValidation
LogPluginManager: Mounting plugin FacialAnimation
LogPluginManager: Mounting plugin GameplayTagsEditor
LogPluginManager: Mounting plugin GeometryMode
LogPluginManager: Mounting plugin MacGraphicsSwitching
LogPluginManager: Mounting plugin MaterialAnalyzer
LogPluginManager: Mounting plugin MobileLauncherProfileWizard
LogPluginManager: Mounting plugin PluginBrowser
LogPluginManager: Mounting plugin SpeedTreeImporter
LogPluginManager: Mounting plugin AlembicImporter
LogPluginManager: Mounting plugin AutomationUtils
LogPluginManager: Mounting plugin BackChannel
LogPluginManager: Mounting plugin ChaosClothEditor
LogPluginManager: Mounting plugin ChaosCloth
LogPluginManager: Mounting plugin ChaosEditor
LogPluginManager: Mounting plugin ChaosNiagara
LogPluginManager: Mounting plugin ChaosSolverPlugin
LogPluginManager: Mounting plugin CharacterAI
LogPluginManager: Mounting plugin GeometryCache
LogPluginManager: Mounting plugin GeometryCollectionPlugin
LogPluginManager: Mounting plugin Niagara
LogPluginManager: Mounting plugin DatasmithContent
LogPluginManager: Mounting plugin GeometryProcessing
LogPluginManager: Mounting plugin MotoSynth
LogPluginManager: Mounting plugin OpenImageDenoise
LogPluginManager: Mounting plugin PlanarCut
LogPluginManager: Mounting plugin LuminPlatformFeatures
LogPluginManager: Mounting plugin PlatformCrypto
LogPluginManager: Mounting plugin MagicLeap
LogPluginManager: Mounting plugin ProxyLODPlugin
LogPluginManager: Mounting plugin PythonScriptPlugin
LogPluginManager: Mounting plugin MagicLeapLightEstimation
LogPluginManager: Mounting plugin MagicLeapMedia
LogPluginManager: Mounting plugin SkeletalReduction
LogPluginManager: Mounting plugin MagicLeapPassableWorld
LogPluginManager: Mounting plugin MLSDK
LogPluginManager: Mounting plugin VariantManagerContent
LogPluginManager: Mounting plugin AndroidMedia
LogPluginManager: Mounting plugin AvfMedia
LogPluginManager: Mounting plugin ImgMedia
LogPluginManager: Mounting plugin MediaCompositing
LogPluginManager: Mounting plugin MediaPlayerEditor
LogPluginManager: Mounting plugin WmfMedia
LogPluginManager: Mounting plugin WebMMedia
LogPluginManager: Mounting plugin TcpMessaging
LogPluginManager: Mounting plugin UdpMessaging
LogPluginManager: Mounting plugin OnlineSubsystem
LogPluginManager: Mounting plugin OnlineSubsystemNull
LogPluginManager: Mounting plugin OnlineSubsystemUtils
LogPluginManager: Mounting plugin LauncherChunkInstaller
LogPluginManager: Mounting plugin ActorSequence
LogPluginManager: Mounting plugin LevelSequenceEditor
LogPluginManager: Mounting plugin MatineeToLevelSequence
LogPluginManager: Mounting plugin TemplateSequence
LogPluginManager: Mounting plugin ActorLayerUtilities
LogPluginManager: Mounting plugin AndroidDeviceProfileSelector
LogPluginManager: Mounting plugin AndroidMoviePlayer
LogPluginManager: Mounting plugin AndroidPermission
LogPluginManager: Mounting plugin AppleImageUtils
LogPluginManager: Mounting plugin AppleMoviePlayer
LogPluginManager: Mounting plugin ArchVisCharacter
LogPluginManager: Mounting plugin AssetTags
LogPluginManager: Mounting plugin AudioCapture
LogPluginManager: Mounting plugin AudioSynesthesia
LogPluginManager: Mounting plugin CableComponent
LogPluginManager: Mounting plugin ChunkDownloader
LogPluginManager: Mounting plugin CustomMeshComponent
LogPluginManager: Mounting plugin ExampleDeviceProfileSelector
LogPluginManager: Mounting plugin GoogleCloudMessaging
LogPluginManager: Mounting plugin GooglePAD
LogPluginManager: Mounting plugin EditableMesh
LogPluginManager: Mounting plugin ScreenshotTools
LogPluginManager: Mounting plugin LinuxDeviceProfileSelector
LogPluginManager: Mounting plugin IOSDeviceProfileSelector
LogPluginManager: Mounting plugin MobilePatchingUtils
LogPluginManager: Mounting plugin LocationServicesBPLibrary
LogPluginManager: Mounting plugin OpenXR
LogPluginManager: Mounting plugin OpenXREyeTracker
LogPluginManager: Mounting plugin OpenXRHandTracking
LogPluginManager: Mounting plugin PhysXVehicles
LogPluginManager: Mounting plugin Takes
LogPluginManager: Mounting plugin PostSplashScreen
LogPluginManager: Mounting plugin ProceduralMeshComponent
LogPluginManager: Mounting plugin PropertyAccessEditor
LogPluginManager: Mounting plugin RuntimePhysXCooking
LogPluginManager: Mounting plugin SignificanceManager
LogPluginManager: Mounting plugin SoundFields
LogPluginManager: Mounting plugin Synthesis
LogPluginManager: Mounting plugin WebMMoviePlayer
LogPluginManager: Mounting plugin WindowsMoviePlayer
LogPluginManager: Mounting plugin ContentBrowserAssetDataSource
LogPluginManager: Mounting plugin ContentBrowserClassDataSource
LogPluginManager: Mounting plugin ContentBrowserFileDataSource
LogPluginManager: Mounting plugin OnlineSubsystemGooglePlay
LogPluginManager: Mounting plugin OnlineSubsystemIOS
LogPluginManager: Mounting plugin OculusVR
LogPluginManager: Mounting plugin SteamVR
PixWinPlugin: PIX capture plugin failed to initialize! Check that the process is launched from PIX.
LogInit: Using libcurl 7.55.1-DEV
LogInit:  - built for x86_64-pc-win32
LogInit:  - supports SSL with OpenSSL/1.1.1
LogInit:  - supports HTTP deflate (compression) using libz 1.2.8
LogInit:  - other features:
LogInit:      CURL_VERSION_SSL
LogInit:      CURL_VERSION_LIBZ
LogInit:      CURL_VERSION_IPV6
LogInit:      CURL_VERSION_ASYNCHDNS
LogInit:      CURL_VERSION_LARGEFILE
LogInit:      CURL_VERSION_IDN
LogInit:  CurlRequestOptions (configurable via config and command line):
LogInit:  - bVerifyPeer = true  - Libcurl will verify peer certificate
LogInit:  - bUseHttpProxy = false  - Libcurl will NOT use HTTP proxy
LogInit:  - bDontReuseConnections = false  - Libcurl will reuse connections
LogInit:  - MaxHostConnections = 16  - Libcurl will limit the number of connections to a host
LogInit:  - LocalHostAddr = Default
LogInit:  - BufferSize = 65536
LogOnline: OSS: Creating online subsystem instance for: NULL
LogInit: WinSock: version 1.1 (2.2), MaxSocks=32767, MaxUdp=65467
LogOnline: OSS: TryLoadSubsystemAndSetDefault: Loaded subsystem for module [NULL]
LogOculusPluginWrapper: OculusPlugin initialized successfully
LogHMD: Failed initializing OVRPlugin 1.59.0
LogInit: Build: ++UE4+Release-4.27-CL-18319896
LogInit: Engine Version: 4.27.2-18319896+++UE4+Release-4.27
LogInit: Compatible Engine Version: 4.27.0-17155196+++UE4+Release-4.27
LogInit: Net CL: 17155196
LogInit: OS: Windows 10 (Release 2009) (), CPU: Intel(R) Core(TM) i7-9750HF CPU @ 2.60GHz, GPU: NVIDIA GeForce GTX 1660 Ti
LogInit: Compiled (64-bit): Nov 30 2021 07:12:08
LogInit: Compiled with Visual C++: 19.24.28315.00
LogInit: Build Configuration: Development
LogInit: Branch Name: ++UE4+Release-4.27
LogInit: Command Line:  -skipcompile
LogInit: Base Directory: C:/EpicGames/UE_4.27/Engine/Binaries/Win64/
LogInit: Allocator: TBB
LogInit: Installed Engine Build: 1
LogDevObjectVersion: Number of dev versions registered: 29
LogDevObjectVersion:   Dev-Blueprints (B0D832E4-1F89-4F0D-ACCF-7EB736FD4AA2): 10
LogDevObjectVersion:   Dev-Build (E1C64328-A22C-4D53-A36C-8E866417BD8C): 0
LogDevObjectVersion:   Dev-Core (375EC13C-06E4-48FB-B500-84F0262A717E): 4
LogDevObjectVersion:   Dev-Editor (E4B068ED-F494-42E9-A231-DA0B2E46BB41): 40
LogDevObjectVersion:   Dev-Framework (CFFC743F-43B0-4480-9391-14DF171D2073): 37
LogDevObjectVersion:   Dev-Mobile (B02B49B5-BB20-44E9-A304-32B752E40360): 3
LogDevObjectVersion:   Dev-Networking (A4E4105C-59A1-49B5-A7C5-40C4547EDFEE): 0
LogDevObjectVersion:   Dev-Online (39C831C9-5AE6-47DC-9A44-9C173E1C8E7C): 0
LogDevObjectVersion:   Dev-Physics (78F01B33-EBEA-4F98-B9B4-84EACCB95AA2): 14
LogDevObjectVersion:   Dev-Platform (6631380F-2D4D-43E0-8009-CF276956A95A): 0
LogDevObjectVersion:   Dev-Rendering (12F88B9F-8875-4AFC-A67C-D90C383ABD29): 45
LogDevObjectVersion:   Dev-Sequencer (7B5AE74C-D270-4C10-A958-57980B212A5A): 13
LogDevObjectVersion:   Dev-VR (D7296918-1DD6-4BDD-9DE2-64A83CC13884): 3
LogDevObjectVersion:   Dev-LoadTimes (C2A15278-BFE7-4AFE-6C17-90FF531DF755): 1
LogDevObjectVersion:   Private-Geometry (6EACA3D4-40EC-4CC1-B786-8BED09428FC5): 3
LogDevObjectVersion:   Dev-AnimPhys (29E575DD-E0A3-4627-9D10-D276232CDCEA): 17
LogDevObjectVersion:   Dev-Anim (AF43A65D-7FD3-4947-9873-3E8ED9C1BB05): 15
LogDevObjectVersion:   Dev-ReflectionCapture (6B266CEC-1EC7-4B8F-A30B-E4D90942FC07): 1
LogDevObjectVersion:   Dev-Automation (0DF73D61-A23F-47EA-B727-89E90C41499A): 1
LogDevObjectVersion:   FortniteMain (601D1886-AC64-4F84-AA16-D3DE0DEAC7D6): 47
LogDevObjectVersion:   FortniteRelease (E7086368-6B23-4C58-8439-1B7016265E91): 1
LogDevObjectVersion:   Dev-Enterprise (9DFFBCD6-494F-0158-E221-12823C92A888): 10
LogDevObjectVersion:   Dev-Niagara (F2AED0AC-9AFE-416F-8664-AA7FFA26D6FC): 1
LogDevObjectVersion:   Dev-Destruction (174F1F0B-B4C6-45A5-B13F-2EE8D0FB917D): 10
LogDevObjectVersion:   Dev-Physics-Ext (35F94A83-E258-406C-A318-09F59610247C): 41
LogDevObjectVersion:   Dev-PhysicsMaterial-Chaos (B68FC16E-8B1B-42E2-B453-215C058844FE): 1
LogDevObjectVersion:   Dev-CineCamera (B2E18506-4273-CFC2-A54E-F4BB758BBA07): 1
LogDevObjectVersion:   Dev-VirtualProduction (64F58936-FD1B-42BA-BA96-7289D5D0FA4E): 1
LogDevObjectVersion:   Dev-MediaFramework (6F0ED827-A609-4895-9C91-998D90180EA4): 2
LogInit: Presizing for max 25165824 objects, including 0 objects not considered by GC, pre-allocating 0 bytes for permanent pool.
LogConfig: Applying CVar settings from Section [/Script/Engine.StreamingSettings] File [C:/EpicGames/ChattingClient/ChattingClient/Saved/Config/Windows/Engine.ini]
LogConfig: Setting CVar [[s.MinBulkDataSizeForAsyncLoading:131072]]
LogConfig: Setting CVar [[s.AsyncLoadingThreadEnabled:0]]
LogConfig: Setting CVar [[s.EventDrivenLoaderEnabled:1]]
LogConfig: Setting CVar [[s.WarnIfTimeLimitExceeded:0]]
LogConfig: Setting CVar [[s.TimeLimitExceededMultiplier:1.5]]
LogConfig: Setting CVar [[s.TimeLimitExceededMinTime:0.005]]
LogConfig: Setting CVar [[s.UseBackgroundLevelStreaming:1]]
LogConfig: Setting CVar [[s.PriorityAsyncLoadingExtraTime:15.0]]
LogConfig: Setting CVar [[s.LevelStreamingActorsUpdateTimeLimit:5.0]]
LogConfig: Setting CVar [[s.PriorityLevelStreamingActorsUpdateExtraTime:5.0]]
LogConfig: Setting CVar [[s.LevelStreamingComponentsRegistrationGranularity:10]]
LogConfig: Setting CVar [[s.UnregisterComponentsTimeLimit:1.0]]
LogConfig: Setting CVar [[s.LevelStreamingComponentsUnregistrationGranularity:5]]
LogConfig: Setting CVar [[s.FlushStreamingOnExit:1]]
LogInit: Object subsystem initialized
LogConfig: Setting CVar [[con.DebugEarlyDefault:1]]
LogConfig: Setting CVar [[r.setres:1280x720]]
[2022.03.08-06.42.43:840][  0]LogConfig: Setting CVar [[r.VSync:0]]
[2022.03.08-06.42.43:840][  0]LogConfig: Setting CVar [[r.RHICmdBypass:0]]
[2022.03.08-06.42.43:840][  0]LogConfig: Applying CVar settings from Section [/Script/Engine.RendererSettings] File [C:/EpicGames/ChattingClient/ChattingClient/Saved/Config/Windows/Engine.ini]
[2022.03.08-06.42.43:840][  0]LogConfig: Setting CVar [[r.GPUCrashDebugging:0]]
[2022.03.08-06.42.43:840][  0]LogConfig: Applying CVar settings from Section [/Script/Engine.RendererOverrideSettings] File [C:/EpicGames/ChattingClient/ChattingClient/Saved/Config/Windows/Engine.ini]
[2022.03.08-06.42.43:840][  0]LogConfig: Applying CVar settings from Section [/Script/Engine.StreamingSettings] File [C:/EpicGames/ChattingClient/ChattingClient/Saved/Config/Windows/Engine.ini]
[2022.03.08-06.42.43:840][  0]LogConfig: Setting CVar [[s.MinBulkDataSizeForAsyncLoading:131072]]
[2022.03.08-06.42.43:840][  0]LogConfig: Setting CVar [[s.AsyncLoadingThreadEnabled:0]]
[2022.03.08-06.42.43:840][  0]LogConfig: Setting CVar [[s.EventDrivenLoaderEnabled:1]]
[2022.03.08-06.42.43:840][  0]LogConfig: Setting CVar [[s.WarnIfTimeLimitExceeded:0]]
[2022.03.08-06.42.43:840][  0]LogConfig: Setting CVar [[s.TimeLimitExceededMultiplier:1.5]]
[2022.03.08-06.42.43:840][  0]LogConfig: Setting CVar [[s.TimeLimitExceededMinTime:0.005]]
[2022.03.08-06.42.43:841][  0]LogConfig: Setting CVar [[s.UseBackgroundLevelStreaming:1]]
[2022.03.08-06.42.43:841][  0]LogConfig: Setting CVar [[s.PriorityAsyncLoadingExtraTime:15.0]]
[2022.03.08-06.42.43:841][  0]LogConfig: Setting CVar [[s.LevelStreamingActorsUpdateTimeLimit:5.0]]
[2022.03.08-06.42.43:841][  0]LogConfig: Setting CVar [[s.PriorityLevelStreamingActorsUpdateExtraTime:5.0]]
[2022.03.08-06.42.43:841][  0]LogConfig: Setting CVar [[s.LevelStreamingComponentsRegistrationGranularity:10]]
[2022.03.08-06.42.43:841][  0]LogConfig: Setting CVar [[s.UnregisterComponentsTimeLimit:1.0]]
[2022.03.08-06.42.43:841][  0]LogConfig: Setting CVar [[s.LevelStreamingComponentsUnregistrationGranularity:5]]
[2022.03.08-06.42.43:841][  0]LogConfig: Setting CVar [[s.FlushStreamingOnExit:1]]
[2022.03.08-06.42.43:841][  0]LogConfig: Applying CVar settings from Section [/Script/Engine.GarbageCollectionSettings] File [C:/EpicGames/ChattingClient/ChattingClient/Saved/Config/Windows/Engine.ini]
[2022.03.08-06.42.43:841][  0]LogConfig: Setting CVar [[gc.MaxObjectsNotConsideredByGC:1]]
[2022.03.08-06.42.43:841][  0]LogConfig: Setting CVar [[gc.SizeOfPermanentObjectPool:0]]
[2022.03.08-06.42.43:841][  0]LogConfig: Setting CVar [[gc.FlushStreamingOnGC:0]]
[2022.03.08-06.42.43:841][  0]LogConfig: Setting CVar [[gc.NumRetriesBeforeForcingGC:10]]
[2022.03.08-06.42.43:841][  0]LogConfig: Setting CVar [[gc.AllowParallelGC:1]]
[2022.03.08-06.42.43:841][  0]LogConfig: Setting CVar [[gc.TimeBetweenPurgingPendingKillObjects:61.1]]
[2022.03.08-06.42.43:841][  0]LogConfig: Setting CVar [[gc.MaxObjectsInEditor:25165824]]
[2022.03.08-06.42.43:841][  0]LogConfig: Setting CVar [[gc.IncrementalBeginDestroyEnabled:1]]
[2022.03.08-06.42.43:841][  0]LogConfig: Setting CVar [[gc.CreateGCClusters:1]]
[2022.03.08-06.42.43:841][  0]LogConfig: Setting CVar [[gc.MinGCClusterSize:5]]
[2022.03.08-06.42.43:842][  0]LogConfig: Setting CVar [[gc.ActorClusteringEnabled:0]]
[2022.03.08-06.42.43:842][  0]LogConfig: Setting CVar [[gc.BlueprintClusteringEnabled:0]]
[2022.03.08-06.42.43:842][  0]LogConfig: Setting CVar [[gc.UseDisregardForGCOnDedicatedServers:0]]
[2022.03.08-06.42.43:842][  0]LogConfig: Setting CVar [[gc.MultithreadedDestructionEnabled:1]]
[2022.03.08-06.42.43:842][  0]LogConfig: Applying CVar settings from Section [/Script/Engine.NetworkSettings] File [C:/EpicGames/ChattingClient/ChattingClient/Saved/Config/Windows/Engine.ini]
[2022.03.08-06.42.43:842][  0]LogConfig: Applying CVar settings from Section [/Script/UnrealEd.CookerSettings] File [C:/EpicGames/ChattingClient/ChattingClient/Saved/Config/Windows/Engine.ini]
[2022.03.08-06.42.43:871][  0]LogConfig: Applying CVar settings from Section [ViewDistanceQuality@3] File [C:/EpicGames/ChattingClient/ChattingClient/Saved/Config/Windows/Scalability.ini]
[2022.03.08-06.42.43:871][  0]LogConfig: Setting CVar [[r.SkeletalMeshLODBias:0]]
[2022.03.08-06.42.43:871][  0]LogConfig: Setting CVar [[r.ViewDistanceScale:1.0]]
[2022.03.08-06.42.43:871][  0]LogConfig: Applying CVar settings from Section [AntiAliasingQuality@3] File [C:/EpicGames/ChattingClient/ChattingClient/Saved/Config/Windows/Scalability.ini]
[2022.03.08-06.42.43:871][  0]LogConfig: Setting CVar [[r.PostProcessAAQuality:4]]
[2022.03.08-06.42.43:871][  0]LogConfig: Applying CVar settings from Section [ShadowQuality@3] File [C:/EpicGames/ChattingClient/ChattingClient/Saved/Config/Windows/Scalability.ini]
[2022.03.08-06.42.43:871][  0]LogConfig: Setting CVar [[r.LightFunctionQuality:1]]
[2022.03.08-06.42.43:871][  0]LogConfig: Setting CVar [[r.ShadowQuality:5]]
[2022.03.08-06.42.43:871][  0]LogConfig: Setting CVar [[r.Shadow.CSM.MaxCascades:10]]
[2022.03.08-06.42.43:871][  0]LogConfig: Setting CVar [[r.Shadow.MaxResolution:2048]]
[2022.03.08-06.42.43:872][  0]LogConfig: Setting CVar [[r.Shadow.MaxCSMResolution:2048]]
[2022.03.08-06.42.43:872][  0]LogConfig: Setting CVar [[r.Shadow.RadiusThreshold:0.01]]
[2022.03.08-06.42.43:872][  0]LogConfig: Setting CVar [[r.Shadow.DistanceScale:1.0]]
[2022.03.08-06.42.43:872][  0]LogConfig: Setting CVar [[r.Shadow.CSM.TransitionScale:1.0]]
[2022.03.08-06.42.43:872][  0]LogConfig: Setting CVar [[r.Shadow.PreShadowResolutionFactor:1.0]]
[2022.03.08-06.42.43:872][  0]LogConfig: Setting CVar [[r.DistanceFieldShadowing:1]]
[2022.03.08-06.42.43:872][  0]LogConfig: Setting CVar [[r.DistanceFieldAO:1]]
[2022.03.08-06.42.43:872][  0]LogConfig: Setting CVar [[r.AOQuality:2]]
[2022.03.08-06.42.43:872][  0]LogConfig: Setting CVar [[r.VolumetricFog:1]]
[2022.03.08-06.42.43:872][  0]LogConfig: Setting CVar [[r.VolumetricFog.GridPixelSize:8]]
[2022.03.08-06.42.43:872][  0]LogConfig: Setting CVar [[r.VolumetricFog.GridSizeZ:128]]
[2022.03.08-06.42.43:872][  0]LogConfig: Setting CVar [[r.VolumetricFog.HistoryMissSupersampleCount:4]]
[2022.03.08-06.42.43:872][  0]LogConfig: Setting CVar [[r.LightMaxDrawDistanceScale:1]]
[2022.03.08-06.42.43:872][  0]LogConfig: Setting CVar [[r.CapsuleShadows:1]]
[2022.03.08-06.42.43:872][  0]LogConfig: Applying CVar settings from Section [PostProcessQuality@3] File [C:/EpicGames/ChattingClient/ChattingClient/Saved/Config/Windows/Scalability.ini]
[2022.03.08-06.42.43:872][  0]LogConfig: Setting CVar [[r.MotionBlurQuality:4]]
[2022.03.08-06.42.43:872][  0]LogConfig: Setting CVar [[r.AmbientOcclusionMipLevelFactor:0.4]]
[2022.03.08-06.42.43:872][  0]LogConfig: Setting CVar [[r.AmbientOcclusionMaxQuality:100]]
[2022.03.08-06.42.43:873][  0]LogConfig: Setting CVar [[r.AmbientOcclusionLevels:-1]]
[2022.03.08-06.42.43:873][  0]LogConfig: Setting CVar [[r.AmbientOcclusionRadiusScale:1.0]]
[2022.03.08-06.42.43:873][  0]LogConfig: Setting CVar [[r.DepthOfFieldQuality:2]]
[2022.03.08-06.42.43:873][  0]LogConfig: Setting CVar [[r.RenderTargetPoolMin:400]]
[2022.03.08-06.42.43:873][  0]LogConfig: Setting CVar [[r.LensFlareQuality:2]]
[2022.03.08-06.42.43:873][  0]LogConfig: Setting CVar [[r.SceneColorFringeQuality:1]]
[2022.03.08-06.42.43:873][  0]LogConfig: Setting CVar [[r.EyeAdaptationQuality:2]]
[2022.03.08-06.42.43:873][  0]LogConfig: Setting CVar [[r.BloomQuality:5]]
[2022.03.08-06.42.43:873][  0]LogConfig: Setting CVar [[r.FastBlurThreshold:100]]
[2022.03.08-06.42.43:873][  0]LogConfig: Setting CVar [[r.Upscale.Quality:3]]
[2022.03.08-06.42.43:873][  0]LogConfig: Setting CVar [[r.Tonemapper.GrainQuantization:1]]
[2022.03.08-06.42.43:873][  0]LogConfig: Setting CVar [[r.LightShaftQuality:1]]
[2022.03.08-06.42.43:873][  0]LogConfig: Setting CVar [[r.Filter.SizeScale:1]]
[2022.03.08-06.42.43:873][  0]LogConfig: Setting CVar [[r.Tonemapper.Quality:5]]
[2022.03.08-06.42.43:873][  0]LogConfig: Setting CVar [[r.DOF.Gather.AccumulatorQuality:1        ; higher gathering accumulator quality]]
[2022.03.08-06.42.43:873][  0]LogConfig: Setting CVar [[r.DOF.Gather.PostfilterMethod:1          ; Median3x3 postfilering method]]
[2022.03.08-06.42.43:873][  0]LogConfig: Setting CVar [[r.DOF.Gather.EnableBokehSettings:0       ; no bokeh simulation when gathering]]
[2022.03.08-06.42.43:873][  0]LogConfig: Setting CVar [[r.DOF.Gather.RingCount:4                 ; medium number of samples when gathering]]
[2022.03.08-06.42.43:874][  0]LogConfig: Setting CVar [[r.DOF.Scatter.ForegroundCompositing:1    ; additive foreground scattering]]
[2022.03.08-06.42.43:874][  0]LogConfig: Setting CVar [[r.DOF.Scatter.BackgroundCompositing:2    ; additive background scattering]]
[2022.03.08-06.42.43:874][  0]LogConfig: Setting CVar [[r.DOF.Scatter.EnableBokehSettings:1      ; bokeh simulation when scattering]]
[2022.03.08-06.42.43:874][  0]LogConfig: Setting CVar [[r.DOF.Scatter.MaxSpriteRatio:0.1         ; only a maximum of 10% of scattered bokeh]]
[2022.03.08-06.42.43:874][  0]LogConfig: Setting CVar [[r.DOF.Recombine.Quality:1                ; cheap slight out of focus]]
[2022.03.08-06.42.43:874][  0]LogConfig: Setting CVar [[r.DOF.Recombine.EnableBokehSettings:0    ; no bokeh simulation on slight out of focus]]
[2022.03.08-06.42.43:874][  0]LogConfig: Setting CVar [[r.DOF.TemporalAAQuality:1                ; more stable temporal accumulation]]
[2022.03.08-06.42.43:874][  0]LogConfig: Setting CVar [[r.DOF.Kernel.MaxForegroundRadius:0.025]]
[2022.03.08-06.42.43:874][  0]LogConfig: Setting CVar [[r.DOF.Kernel.MaxBackgroundRadius:0.025]]
[2022.03.08-06.42.43:874][  0]LogConfig: Applying CVar settings from Section [TextureQuality@3] File [C:/EpicGames/ChattingClient/ChattingClient/Saved/Config/Windows/Scalability.ini]
[2022.03.08-06.42.43:874][  0]LogConfig: Setting CVar [[r.Streaming.MipBias:0]]
[2022.03.08-06.42.43:874][  0]LogConfig: Setting CVar [[r.Streaming.AmortizeCPUToGPUCopy:0]]
[2022.03.08-06.42.43:874][  0]LogConfig: Setting CVar [[r.Streaming.MaxNumTexturesToStreamPerFrame:0]]
[2022.03.08-06.42.43:874][  0]LogConfig: Setting CVar [[r.Streaming.Boost:1]]
[2022.03.08-06.42.43:874][  0]LogConfig: Setting CVar [[r.MaxAnisotropy:8]]
[2022.03.08-06.42.43:874][  0]LogConfig: Setting CVar [[r.VT.MaxAnisotropy:8]]
[2022.03.08-06.42.43:874][  0]LogConfig: Setting CVar [[r.Streaming.LimitPoolSizeToVRAM:0]]
[2022.03.08-06.42.43:875][  0]LogConfig: Setting CVar [[r.Streaming.PoolSize:1000]]
[2022.03.08-06.42.43:875][  0]LogConfig: Setting CVar [[r.Streaming.MaxEffectiveScreenSize:0]]
[2022.03.08-06.42.43:875][  0]LogConfig: Applying CVar settings from Section [EffectsQuality@3] File [C:/EpicGames/ChattingClient/ChattingClient/Saved/Config/Windows/Scalability.ini]
[2022.03.08-06.42.43:875][  0]LogConfig: Setting CVar [[r.TranslucencyLightingVolumeDim:64]]
[2022.03.08-06.42.43:875][  0]LogConfig: Setting CVar [[r.RefractionQuality:2]]
[2022.03.08-06.42.43:875][  0]LogConfig: Setting CVar [[r.SSR.Quality:3]]
[2022.03.08-06.42.43:875][  0]LogConfig: Setting CVar [[r.SSR.HalfResSceneColor:0]]
[2022.03.08-06.42.43:875][  0]LogConfig: Setting CVar [[r.SceneColorFormat:4]]
[2022.03.08-06.42.43:875][  0]LogConfig: Setting CVar [[r.DetailMode:2]]
[2022.03.08-06.42.43:875][  0]LogConfig: Setting CVar [[r.TranslucencyVolumeBlur:1]]
[2022.03.08-06.42.43:875][  0]LogConfig: Setting CVar [[r.MaterialQualityLevel:1 ; High quality]]
[2022.03.08-06.42.43:875][  0]LogConfig: Setting CVar [[r.AnisotropicMaterials:1]]
[2022.03.08-06.42.43:875][  0]LogConfig: Setting CVar [[r.SSS.Scale:1]]
[2022.03.08-06.42.43:875][  0]LogConfig: Setting CVar [[r.SSS.SampleSet:2]]
[2022.03.08-06.42.43:875][  0]LogConfig: Setting CVar [[r.SSS.Quality:1]]
[2022.03.08-06.42.43:875][  0]LogConfig: Setting CVar [[r.SSS.HalfRes:0]]
[2022.03.08-06.42.43:876][  0]LogConfig: Setting CVar [[r.SSGI.Quality:3]]
[2022.03.08-06.42.43:876][  0]LogConfig: Setting CVar [[r.EmitterSpawnRateScale:1.0]]
[2022.03.08-06.42.43:876][  0]LogConfig: Setting CVar [[r.ParticleLightQuality:2]]
[2022.03.08-06.42.43:876][  0]LogConfig: Setting CVar [[r.SkyAtmosphere.AerialPerspectiveLUT.FastApplyOnOpaque:1 ; Always have FastSkyLUT 1 in this case to avoid wrong sky]]
[2022.03.08-06.42.43:876][  0]LogConfig: Setting CVar [[r.SkyAtmosphere.AerialPerspectiveLUT.SampleCountMaxPerSlice:4]]
[2022.03.08-06.42.43:876][  0]LogConfig: Setting CVar [[r.SkyAtmosphere.AerialPerspectiveLUT.DepthResolution:16.0]]
[2022.03.08-06.42.43:876][  0]LogConfig: Setting CVar [[r.SkyAtmosphere.FastSkyLUT:1]]
[2022.03.08-06.42.43:876][  0]LogConfig: Setting CVar [[r.SkyAtmosphere.FastSkyLUT.SampleCountMin:4.0]]
[2022.03.08-06.42.43:876][  0]LogConfig: Setting CVar [[r.SkyAtmosphere.FastSkyLUT.SampleCountMax:128.0]]
[2022.03.08-06.42.43:876][  0]LogConfig: Setting CVar [[r.SkyAtmosphere.SampleCountMin:4.0]]
[2022.03.08-06.42.43:876][  0]LogConfig: Setting CVar [[r.SkyAtmosphere.SampleCountMax:128.0]]
[2022.03.08-06.42.43:876][  0]LogConfig: Setting CVar [[r.SkyAtmosphere.TransmittanceLUT.UseSmallFormat:0]]
[2022.03.08-06.42.43:876][  0]LogConfig: Setting CVar [[r.SkyAtmosphere.TransmittanceLUT.SampleCount:10.0]]
[2022.03.08-06.42.43:876][  0]LogConfig: Setting CVar [[r.SkyAtmosphere.MultiScatteringLUT.SampleCount:15.0]]
[2022.03.08-06.42.43:876][  0]LogConfig: Setting CVar [[r.SkyLight.RealTimeReflectionCapture:1]]
[2022.03.08-06.42.43:877][  0]LogConfig: Applying CVar settings from Section [FoliageQuality@3] File [C:/EpicGames/ChattingClient/ChattingClient/Saved/Config/Windows/Scalability.ini]
[2022.03.08-06.42.43:877][  0]LogConfig: Setting CVar [[foliage.DensityScale:1.0]]
[2022.03.08-06.42.43:877][  0]LogConfig: Setting CVar [[grass.DensityScale:1.0]]
[2022.03.08-06.42.43:877][  0]LogConfig: Applying CVar settings from Section [ShadingQuality@3] File [C:/EpicGames/ChattingClient/ChattingClient/Saved/Config/Windows/Scalability.ini]
[2022.03.08-06.42.43:877][  0]LogConfig: Setting CVar [[r.HairStrands.SkyLighting.IntegrationType:2]]
[2022.03.08-06.42.43:877][  0]LogConfig: Setting CVar [[r.HairStrands.SkyAO.SampleCount:4]]
[2022.03.08-06.42.43:877][  0]LogConfig: Setting CVar [[r.HairStrands.Visibility.MSAA.SamplePerPixel:4]]
[2022.03.08-06.42.43:877][  0]LogInit: Selected Device Profile: [Windows]
[2022.03.08-06.42.43:877][  0]LogInit: Applying CVar settings loaded from the selected device profile: [Windows]
[2022.03.08-06.42.43:878][  0]LogHAL: Display: Platform has ~ 16 GB [17096134656 / 17179869184 / 16], which maps to Larger [LargestMinGB=32, LargerMinGB=12, DefaultMinGB=8, SmallerMinGB=6, SmallestMinGB=0)
[2022.03.08-06.42.43:878][  0]LogInit: Going up to parent DeviceProfile []
[2022.03.08-06.42.43:878][  0]LogConfig: Applying CVar settings from Section [ViewDistanceQuality@3] File [C:/EpicGames/ChattingClient/ChattingClient/Saved/Config/Windows/Scalability.ini]
[2022.03.08-06.42.43:878][  0]LogConfig: Setting CVar [[r.SkeletalMeshLODBias:0]]
[2022.03.08-06.42.43:878][  0]LogConfig: Setting CVar [[r.ViewDistanceScale:1.0]]
[2022.03.08-06.42.43:878][  0]LogConfig: Applying CVar settings from Section [AntiAliasingQuality@3] File [C:/EpicGames/ChattingClient/ChattingClient/Saved/Config/Windows/Scalability.ini]
[2022.03.08-06.42.43:878][  0]LogConfig: Setting CVar [[r.PostProcessAAQuality:4]]
[2022.03.08-06.42.43:878][  0]LogConfig: Applying CVar settings from Section [ShadowQuality@3] File [C:/EpicGames/ChattingClient/ChattingClient/Saved/Config/Windows/Scalability.ini]
[2022.03.08-06.42.43:878][  0]LogConfig: Setting CVar [[r.LightFunctionQuality:1]]
[2022.03.08-06.42.43:878][  0]LogConfig: Setting CVar [[r.ShadowQuality:5]]
[2022.03.08-06.42.43:878][  0]LogConfig: Setting CVar [[r.Shadow.CSM.MaxCascades:10]]
[2022.03.08-06.42.43:878][  0]LogConfig: Setting CVar [[r.Shadow.MaxResolution:2048]]
[2022.03.08-06.42.43:879][  0]LogConfig: Setting CVar [[r.Shadow.MaxCSMResolution:2048]]
[2022.03.08-06.42.43:879][  0]LogConfig: Setting CVar [[r.Shadow.RadiusThreshold:0.01]]
[2022.03.08-06.42.43:879][  0]LogConfig: Setting CVar [[r.Shadow.DistanceScale:1.0]]
[2022.03.08-06.42.43:879][  0]LogConfig: Setting CVar [[r.Shadow.CSM.TransitionScale:1.0]]
[2022.03.08-06.42.43:879][  0]LogConfig: Setting CVar [[r.Shadow.PreShadowResolutionFactor:1.0]]
[2022.03.08-06.42.43:879][  0]LogConfig: Setting CVar [[r.DistanceFieldShadowing:1]]
[2022.03.08-06.42.43:879][  0]LogConfig: Setting CVar [[r.DistanceFieldAO:1]]
[2022.03.08-06.42.43:879][  0]LogConfig: Setting CVar [[r.AOQuality:2]]
[2022.03.08-06.42.43:879][  0]LogConfig: Setting CVar [[r.VolumetricFog:1]]
[2022.03.08-06.42.43:879][  0]LogConfig: Setting CVar [[r.VolumetricFog.GridPixelSize:8]]
[2022.03.08-06.42.43:879][  0]LogConfig: Setting CVar [[r.VolumetricFog.GridSizeZ:128]]
[2022.03.08-06.42.43:879][  0]LogConfig: Setting CVar [[r.VolumetricFog.HistoryMissSupersampleCount:4]]
[2022.03.08-06.42.43:879][  0]LogConfig: Setting CVar [[r.LightMaxDrawDistanceScale:1]]
[2022.03.08-06.42.43:879][  0]LogConfig: Setting CVar [[r.CapsuleShadows:1]]
[2022.03.08-06.42.43:879][  0]LogConfig: Applying CVar settings from Section [PostProcessQuality@3] File [C:/EpicGames/ChattingClient/ChattingClient/Saved/Config/Windows/Scalability.ini]
[2022.03.08-06.42.43:879][  0]LogConfig: Setting CVar [[r.MotionBlurQuality:4]]
[2022.03.08-06.42.43:880][  0]LogConfig: Setting CVar [[r.AmbientOcclusionMipLevelFactor:0.4]]
[2022.03.08-06.42.43:880][  0]LogConfig: Setting CVar [[r.AmbientOcclusionMaxQuality:100]]
[2022.03.08-06.42.43:880][  0]LogConfig: Setting CVar [[r.AmbientOcclusionLevels:-1]]
[2022.03.08-06.42.43:880][  0]LogConfig: Setting CVar [[r.AmbientOcclusionRadiusScale:1.0]]
[2022.03.08-06.42.43:880][  0]LogConfig: Setting CVar [[r.DepthOfFieldQuality:2]]
[2022.03.08-06.42.43:880][  0]LogConfig: Setting CVar [[r.RenderTargetPoolMin:400]]
[2022.03.08-06.42.43:880][  0]LogConfig: Setting CVar [[r.LensFlareQuality:2]]
[2022.03.08-06.42.43:880][  0]LogConfig: Setting CVar [[r.SceneColorFringeQuality:1]]
[2022.03.08-06.42.43:880][  0]LogConfig: Setting CVar [[r.EyeAdaptationQuality:2]]
[2022.03.08-06.42.43:880][  0]LogConfig: Setting CVar [[r.BloomQuality:5]]
[2022.03.08-06.42.43:880][  0]LogConfig: Setting CVar [[r.FastBlurThreshold:100]]
[2022.03.08-06.42.43:880][  0]LogConfig: Setting CVar [[r.Upscale.Quality:3]]
[2022.03.08-06.42.43:880][  0]LogConfig: Setting CVar [[r.Tonemapper.GrainQuantization:1]]
[2022.03.08-06.42.43:881][  0]LogConfig: Setting CVar [[r.LightShaftQuality:1]]
[2022.03.08-06.42.43:881][  0]LogConfig: Setting CVar [[r.Filter.SizeScale:1]]
[2022.03.08-06.42.43:881][  0]LogConfig: Setting CVar [[r.Tonemapper.Quality:5]]
[2022.03.08-06.42.43:881][  0]LogConfig: Setting CVar [[r.DOF.Gather.AccumulatorQuality:1        ; higher gathering accumulator quality]]
[2022.03.08-06.42.43:881][  0]LogConfig: Setting CVar [[r.DOF.Gather.PostfilterMethod:1          ; Median3x3 postfilering method]]
[2022.03.08-06.42.43:881][  0]LogConfig: Setting CVar [[r.DOF.Gather.EnableBokehSettings:0       ; no bokeh simulation when gathering]]
[2022.03.08-06.42.43:881][  0]LogConfig: Setting CVar [[r.DOF.Gather.RingCount:4                 ; medium number of samples when gathering]]
[2022.03.08-06.42.43:881][  0]LogConfig: Setting CVar [[r.DOF.Scatter.ForegroundCompositing:1    ; additive foreground scattering]]
[2022.03.08-06.42.43:881][  0]LogConfig: Setting CVar [[r.DOF.Scatter.BackgroundCompositing:2    ; additive background scattering]]
[2022.03.08-06.42.43:881][  0]LogConfig: Setting CVar [[r.DOF.Scatter.EnableBokehSettings:1      ; bokeh simulation when scattering]]
[2022.03.08-06.42.43:881][  0]LogConfig: Setting CVar [[r.DOF.Scatter.MaxSpriteRatio:0.1         ; only a maximum of 10% of scattered bokeh]]
[2022.03.08-06.42.43:881][  0]LogConfig: Setting CVar [[r.DOF.Recombine.Quality:1                ; cheap slight out of focus]]
[2022.03.08-06.42.43:881][  0]LogConfig: Setting CVar [[r.DOF.Recombine.EnableBokehSettings:0    ; no bokeh simulation on slight out of focus]]
[2022.03.08-06.42.43:882][  0]LogConfig: Setting CVar [[r.DOF.TemporalAAQuality:1                ; more stable temporal accumulation]]
[2022.03.08-06.42.43:882][  0]LogConfig: Setting CVar [[r.DOF.Kernel.MaxForegroundRadius:0.025]]
[2022.03.08-06.42.43:882][  0]LogConfig: Setting CVar [[r.DOF.Kernel.MaxBackgroundRadius:0.025]]
[2022.03.08-06.42.43:882][  0]LogConfig: Applying CVar settings from Section [TextureQuality@3] File [C:/EpicGames/ChattingClient/ChattingClient/Saved/Config/Windows/Scalability.ini]
[2022.03.08-06.42.43:882][  0]LogConfig: Setting CVar [[r.Streaming.MipBias:0]]
[2022.03.08-06.42.43:882][  0]LogConfig: Setting CVar [[r.Streaming.AmortizeCPUToGPUCopy:0]]
[2022.03.08-06.42.43:882][  0]LogConfig: Setting CVar [[r.Streaming.MaxNumTexturesToStreamPerFrame:0]]
[2022.03.08-06.42.43:882][  0]LogConfig: Setting CVar [[r.Streaming.Boost:1]]
[2022.03.08-06.42.43:882][  0]LogConfig: Setting CVar [[r.MaxAnisotropy:8]]
[2022.03.08-06.42.43:882][  0]LogConfig: Setting CVar [[r.VT.MaxAnisotropy:8]]
[2022.03.08-06.42.43:882][  0]LogConfig: Setting CVar [[r.Streaming.LimitPoolSizeToVRAM:0]]
[2022.03.08-06.42.43:882][  0]LogConfig: Setting CVar [[r.Streaming.PoolSize:1000]]
[2022.03.08-06.42.43:882][  0]LogConfig: Setting CVar [[r.Streaming.MaxEffectiveScreenSize:0]]
[2022.03.08-06.42.43:882][  0]LogConfig: Applying CVar settings from Section [EffectsQuality@3] File [C:/EpicGames/ChattingClient/ChattingClient/Saved/Config/Windows/Scalability.ini]
[2022.03.08-06.42.43:883][  0]LogConfig: Setting CVar [[r.TranslucencyLightingVolumeDim:64]]
[2022.03.08-06.42.43:883][  0]LogConfig: Setting CVar [[r.RefractionQuality:2]]
[2022.03.08-06.42.43:883][  0]LogConfig: Setting CVar [[r.SSR.Quality:3]]
[2022.03.08-06.42.43:883][  0]LogConfig: Setting CVar [[r.SSR.HalfResSceneColor:0]]
[2022.03.08-06.42.43:883][  0]LogConfig: Setting CVar [[r.SceneColorFormat:4]]
[2022.03.08-06.42.43:883][  0]LogConfig: Setting CVar [[r.DetailMode:2]]
[2022.03.08-06.42.43:883][  0]LogConfig: Setting CVar [[r.TranslucencyVolumeBlur:1]]
[2022.03.08-06.42.43:883][  0]LogConfig: Setting CVar [[r.MaterialQualityLevel:1 ; High quality]]
[2022.03.08-06.42.43:883][  0]LogConfig: Setting CVar [[r.AnisotropicMaterials:1]]
[2022.03.08-06.42.43:883][  0]LogConfig: Setting CVar [[r.SSS.Scale:1]]
[2022.03.08-06.42.43:883][  0]LogConfig: Setting CVar [[r.SSS.SampleSet:2]]
[2022.03.08-06.42.43:883][  0]LogConfig: Setting CVar [[r.SSS.Quality:1]]
[2022.03.08-06.42.43:884][  0]LogConfig: Setting CVar [[r.SSS.HalfRes:0]]
[2022.03.08-06.42.43:884][  0]LogConfig: Setting CVar [[r.SSGI.Quality:3]]
[2022.03.08-06.42.43:884][  0]LogConfig: Setting CVar [[r.EmitterSpawnRateScale:1.0]]
[2022.03.08-06.42.43:884][  0]LogConfig: Setting CVar [[r.ParticleLightQuality:2]]
[2022.03.08-06.42.43:884][  0]LogConfig: Setting CVar [[r.SkyAtmosphere.AerialPerspectiveLUT.FastApplyOnOpaque:1 ; Always have FastSkyLUT 1 in this case to avoid wrong sky]]
[2022.03.08-06.42.43:884][  0]LogConfig: Setting CVar [[r.SkyAtmosphere.AerialPerspectiveLUT.SampleCountMaxPerSlice:4]]
[2022.03.08-06.42.43:884][  0]LogConfig: Setting CVar [[r.SkyAtmosphere.AerialPerspectiveLUT.DepthResolution:16.0]]
[2022.03.08-06.42.43:884][  0]LogConfig: Setting CVar [[r.SkyAtmosphere.FastSkyLUT:1]]
[2022.03.08-06.42.43:884][  0]LogConfig: Setting CVar [[r.SkyAtmosphere.FastSkyLUT.SampleCountMin:4.0]]
[2022.03.08-06.42.43:884][  0]LogConfig: Setting CVar [[r.SkyAtmosphere.FastSkyLUT.SampleCountMax:128.0]]
[2022.03.08-06.42.43:884][  0]LogConfig: Setting CVar [[r.SkyAtmosphere.SampleCountMin:4.0]]
[2022.03.08-06.42.43:884][  0]LogConfig: Setting CVar [[r.SkyAtmosphere.SampleCountMax:128.0]]
[2022.03.08-06.42.43:884][  0]LogConfig: Setting CVar [[r.SkyAtmosphere.TransmittanceLUT.UseSmallFormat:0]]
[2022.03.08-06.42.43:884][  0]LogConfig: Setting CVar [[r.SkyAtmosphere.TransmittanceLUT.SampleCount:10.0]]
[2022.03.08-06.42.43:885][  0]LogConfig: Setting CVar [[r.SkyAtmosphere.MultiScatteringLUT.SampleCount:15.0]]
[2022.03.08-06.42.43:885][  0]LogConfig: Setting CVar [[r.SkyLight.RealTimeReflectionCapture:1]]
[2022.03.08-06.42.43:885][  0]LogConfig: Applying CVar settings from Section [FoliageQuality@3] File [C:/EpicGames/ChattingClient/ChattingClient/Saved/Config/Windows/Scalability.ini]
[2022.03.08-06.42.43:885][  0]LogConfig: Setting CVar [[foliage.DensityScale:1.0]]
[2022.03.08-06.42.43:885][  0]LogConfig: Setting CVar [[grass.DensityScale:1.0]]
[2022.03.08-06.42.43:885][  0]LogConfig: Applying CVar settings from Section [ShadingQuality@3] File [C:/EpicGames/ChattingClient/ChattingClient/Saved/Config/Windows/Scalability.ini]
[2022.03.08-06.42.43:885][  0]LogConfig: Setting CVar [[r.HairStrands.SkyLighting.IntegrationType:2]]
[2022.03.08-06.42.43:885][  0]LogConfig: Setting CVar [[r.HairStrands.SkyAO.SampleCount:4]]
[2022.03.08-06.42.43:885][  0]LogConfig: Setting CVar [[r.HairStrands.Visibility.MSAA.SamplePerPixel:4]]
[2022.03.08-06.42.43:885][  0]LogConfig: Applying CVar settings from Section [Startup] File [../../../Engine/Config/ConsoleVariables.ini]
[2022.03.08-06.42.43:886][  0]LogConfig: Setting CVar [[net.UseAdaptiveNetUpdateFrequency:0]]
[2022.03.08-06.42.43:886][  0]LogConfig: Setting CVar [[p.chaos.AllowCreatePhysxBodies:1]]
[2022.03.08-06.42.43:886][  0]LogConfig: Setting CVar [[fx.SkipVectorVMBackendOptimizations:1]]
[2022.03.08-06.42.43:886][  0]LogConfig: Applying CVar settings from Section [ConsoleVariables] File [C:/EpicGames/ChattingClient/ChattingClient/Saved/Config/Windows/Engine.ini]
[2022.03.08-06.42.43:886][  0]LogConfig: Applying CVar settings from Section [ConsoleVariables] File [C:/EpicGames/ChattingClient/ChattingClient/Saved/Config/Windows/Editor.ini]
[2022.03.08-06.42.43:887][  0]LogInit: Computer: DESKTOP-JG03A40
[2022.03.08-06.42.43:887][  0]LogInit: User: lenovo
[2022.03.08-06.42.43:887][  0]LogInit: CPU Page size=4096, Cores=6
[2022.03.08-06.42.43:887][  0]LogInit: High frequency timer resolution =10.000000 MHz
[2022.03.08-06.42.43:887][  0]LogMemory: Memory total: Physical=15.9GB (16GB approx)
[2022.03.08-06.42.43:887][  0]LogMemory: Platform Memory Stats for Windows
[2022.03.08-06.42.43:887][  0]LogMemory: Process Physical Memory: 148.90 MB used, 148.90 MB peak
[2022.03.08-06.42.43:887][  0]LogMemory: Process Virtual Memory: 128.46 MB used, 128.46 MB peak
[2022.03.08-06.42.43:887][  0]LogMemory: Physical Memory: 10240.49 MB used,  6063.65 MB free, 16304.14 MB total
[2022.03.08-06.42.43:888][  0]LogMemory: Virtual Memory: 134211992.00 MB used,  5737.75 MB free, 134217728.00 MB total
[2022.03.08-06.42.43:931][  0]LogWindows: WindowsPlatformFeatures enabled
[2022.03.08-06.42.44:354][  0]LogInit: Physics initialised using underlying interface: PhysX
[2022.03.08-06.42.44:355][  0]LogInit: Using OS detected language (ko-KR).
[2022.03.08-06.42.44:355][  0]LogInit: Using OS detected locale (ko-KR).
[2022.03.08-06.42.44:360][  0]LogTextLocalizationManager: No specific localization for 'ko-KR' exists, so the 'ko' localization will be used.
[2022.03.08-06.42.44:476][  0]LogInit: Setting process to per monitor DPI aware
[2022.03.08-06.42.44:566][  0]LogWindowsTextInputMethodSystem: Display: IME system deactivated.
[2022.03.08-06.42.44:588][  0]LogSlate: New Slate User Created.  User Index 0, Is Virtual User: 0
[2022.03.08-06.42.44:588][  0]LogSlate: Slate User Registered.  User Index 0, Is Virtual User: 0
[2022.03.08-06.42.44:787][  0]LogD3D11RHI: Loaded GFSDK_Aftermath_Lib.x64.dll
[2022.03.08-06.42.44:797][  0]LogHMD: Failed to initialize OpenVR with code 110
[2022.03.08-06.42.44:797][  0]LogD3D11RHI: D3D11 min allowed feature level: 11_0
[2022.03.08-06.42.44:797][  0]LogD3D11RHI: D3D11 max allowed feature level: 11_0
[2022.03.08-06.42.44:797][  0]LogD3D11RHI: D3D11 adapters:
[2022.03.08-06.42.44:944][  0]LogD3D11RHI:    0. 'NVIDIA GeForce GTX 1660 Ti' (Feature Level 11_0)
[2022.03.08-06.42.44:944][  0]LogD3D11RHI:       5991/0/8152 MB DedicatedVideo/DedicatedSystem/SharedSystem, Outputs:1, VendorId:0x10de
[2022.03.08-06.42.44:953][  0]LogD3D11RHI:    1. 'Microsoft Basic Render Driver' (Feature Level 11_0)
[2022.03.08-06.42.44:953][  0]LogD3D11RHI:       0/0/8152 MB DedicatedVideo/DedicatedSystem/SharedSystem, Outputs:0, VendorId:0x1414
[2022.03.08-06.42.44:954][  0]LogD3D11RHI: Chosen D3D11 Adapter:
[2022.03.08-06.42.44:954][  0]LogD3D11RHI:     Description : NVIDIA GeForce GTX 1660 Ti
[2022.03.08-06.42.44:954][  0]LogD3D11RHI:     VendorId    : 10de
[2022.03.08-06.42.44:954][  0]LogD3D11RHI:     DeviceId    : 2191
[2022.03.08-06.42.44:954][  0]LogD3D11RHI:     SubSysId    : 3ffc17aa
[2022.03.08-06.42.44:954][  0]LogD3D11RHI:     Revision    : 00a1
[2022.03.08-06.42.44:954][  0]LogD3D11RHI:     DedicatedVideoMemory : 6282018816 bytes
[2022.03.08-06.42.44:954][  0]LogD3D11RHI:     DedicatedSystemMemory : 0 bytes
[2022.03.08-06.42.44:954][  0]LogD3D11RHI:     SharedSystemMemory : 8548067328 bytes
[2022.03.08-06.42.44:954][  0]LogD3D11RHI:     AdapterLuid : 0 76549
[2022.03.08-06.42.44:963][  0]LogD3D11RHI: Creating new Direct3DDevice
[2022.03.08-06.42.44:963][  0]LogD3D11RHI:     GPU DeviceId: 0x2191 (for the marketing name, search the web for "GPU Device Id")
[2022.03.08-06.42.44:963][  0]LogWindows: EnumDisplayDevices:
[2022.03.08-06.42.44:963][  0]LogWindows:    0. 'NVIDIA GeForce GTX 1660 Ti' (P:1 D:1)
[2022.03.08-06.42.44:964][  0]LogWindows:    1. 'NVIDIA GeForce GTX 1660 Ti' (P:0 D:0)
[2022.03.08-06.42.44:965][  0]LogWindows:    2. 'NVIDIA GeForce GTX 1660 Ti' (P:0 D:0)
[2022.03.08-06.42.44:966][  0]LogWindows:    3. 'NVIDIA GeForce GTX 1660 Ti' (P:0 D:0)
[2022.03.08-06.42.44:967][  0]LogWindows: DebugString: FoundDriverCount:4 
[2022.03.08-06.42.44:967][  0]LogD3D11RHI:     Adapter Name: NVIDIA GeForce GTX 1660 Ti
[2022.03.08-06.42.44:967][  0]LogD3D11RHI:   Driver Version: 471.41 (internal:30.0.14.7141, unified:471.41)
[2022.03.08-06.42.44:967][  0]LogD3D11RHI:      Driver Date: 7-12-2021
[2022.03.08-06.42.44:967][  0]LogRHI: Texture pool is 4193 MB (70% of 5991 MB)
[2022.03.08-06.42.44:967][  0]LogD3D11RHI: Creating D3DDevice using adapter:
[2022.03.08-06.42.44:967][  0]LogD3D11RHI:     Description : NVIDIA GeForce GTX 1660 Ti
[2022.03.08-06.42.44:967][  0]LogD3D11RHI:     VendorId    : 10de
[2022.03.08-06.42.44:967][  0]LogD3D11RHI:     DeviceId    : 2191
[2022.03.08-06.42.44:967][  0]LogD3D11RHI:     SubSysId    : 3ffc17aa
[2022.03.08-06.42.44:967][  0]LogD3D11RHI:     Revision    : 00a1
[2022.03.08-06.42.44:967][  0]LogD3D11RHI:     DedicatedVideoMemory : 6282018816 bytes
[2022.03.08-06.42.44:967][  0]LogD3D11RHI:     DedicatedSystemMemory : 0 bytes
[2022.03.08-06.42.44:968][  0]LogD3D11RHI:     SharedSystemMemory : 8548067328 bytes
[2022.03.08-06.42.44:968][  0]LogD3D11RHI:     AdapterLuid : 0 76549
[2022.03.08-06.42.45:064][  0]LogD3D11RHI: RHI has support for 64 bit atomics
[2022.03.08-06.42.45:064][  0]LogD3D11RHI: Async texture creation enabled
[2022.03.08-06.42.45:064][  0]LogD3D11RHI: Array index from any shader is supported
[2022.03.08-06.42.45:093][  0]LogD3D11RHI: GPU Timing Frequency: 1000.000000 (Debug: 2 1)
[2022.03.08-06.42.45:203][  0]LogRHI: GeForceNow SDK initialized: 1
[2022.03.08-06.42.45:675][  0]LogTargetPlatformManager: Display: Loaded TargetPlatform 'AllDesktop'
[2022.03.08-06.42.45:699][  0]LogTargetPlatformManager: Display: Loaded TargetPlatform 'Android'
[2022.03.08-06.42.45:699][  0]LogTargetPlatformManager: Display: Loaded TargetPlatform 'Android_ASTC'
[2022.03.08-06.42.45:699][  0]LogTargetPlatformManager: Display: Loaded TargetPlatform 'Android_DXT'
[2022.03.08-06.42.45:699][  0]LogTargetPlatformManager: Display: Loaded TargetPlatform 'Android_ETC2'
[2022.03.08-06.42.45:699][  0]LogTargetPlatformManager: Display: Loaded TargetPlatform 'AndroidClient'
[2022.03.08-06.42.45:699][  0]LogTargetPlatformManager: Display: Loaded TargetPlatform 'Android_ASTCClient'
[2022.03.08-06.42.45:699][  0]LogTargetPlatformManager: Display: Loaded TargetPlatform 'Android_DXTClient'
[2022.03.08-06.42.45:700][  0]LogTargetPlatformManager: Display: Loaded TargetPlatform 'Android_ETC2Client'
[2022.03.08-06.42.45:700][  0]LogTargetPlatformManager: Display: Loaded TargetPlatform 'Android_Multi'
[2022.03.08-06.42.45:700][  0]LogTargetPlatformManager: Display: Loaded TargetPlatform 'Android_MultiClient'
[2022.03.08-06.42.45:732][  0]LogTargetPlatformManager: Display: Loaded TargetPlatform 'IOSClient'
[2022.03.08-06.42.45:732][  0]LogTargetPlatformManager: Display: Loaded TargetPlatform 'IOS'
[2022.03.08-06.42.45:745][  0]LogTargetPlatformManager: Display: Loaded TargetPlatform 'Linux'
[2022.03.08-06.42.45:753][  0]LogTargetPlatformManager: Display: Loaded TargetPlatform 'LinuxNoEditor'
[2022.03.08-06.42.45:761][  0]LogTargetPlatformManager: Display: Loaded TargetPlatform 'LinuxClient'
[2022.03.08-06.42.45:770][  0]LogTargetPlatformManager: Display: Loaded TargetPlatform 'LinuxServer'
[2022.03.08-06.42.45:783][  0]LogTargetPlatformManager: Display: Loaded TargetPlatform 'LinuxAArch64NoEditor'
[2022.03.08-06.42.45:791][  0]LogTargetPlatformManager: Display: Loaded TargetPlatform 'LinuxAArch64Client'
[2022.03.08-06.42.45:799][  0]LogTargetPlatformManager: Display: Loaded TargetPlatform 'LinuxAArch64Server'
[2022.03.08-06.42.45:827][  0]LogTargetPlatformManager: Display: Loaded TargetPlatform 'Lumin'
[2022.03.08-06.42.45:827][  0]LogTargetPlatformManager: Display: Loaded TargetPlatform 'LuminClient'
[2022.03.08-06.42.45:839][  0]LogTargetPlatformManager: Display: Loaded TargetPlatform 'MacNoEditor'
[2022.03.08-06.42.45:847][  0]LogTargetPlatformManager: Display: Loaded TargetPlatform 'Mac'
[2022.03.08-06.42.45:855][  0]LogTargetPlatformManager: Display: Loaded TargetPlatform 'MacClient'
[2022.03.08-06.42.45:862][  0]LogTargetPlatformManager: Display: Loaded TargetPlatform 'MacServer'
[2022.03.08-06.42.45:876][  0]LogTargetPlatformManager: Display: Loaded TargetPlatform 'TVOSClient'
[2022.03.08-06.42.45:876][  0]LogTargetPlatformManager: Display: Loaded TargetPlatform 'TVOS'
[2022.03.08-06.42.45:890][  0]LogTargetPlatformManager: Display: Loaded TargetPlatform 'WindowsNoEditor'
[2022.03.08-06.42.45:899][  0]LogTargetPlatformManager: Display: Loaded TargetPlatform 'Windows'
[2022.03.08-06.42.45:907][  0]LogTargetPlatformManager: Display: Loaded TargetPlatform 'WindowsClient'
[2022.03.08-06.42.45:916][  0]LogTargetPlatformManager: Display: Loaded TargetPlatform 'WindowsServer'
[2022.03.08-06.42.45:916][  0]LogTargetPlatformManager: Display: Building Assets For Windows
[2022.03.08-06.42.45:936][  0]LogAudioDebug: Display: Lib vorbis DLL was dynamically loaded.
[2022.03.08-06.42.46:017][  0]LogTextureFormatOodle: Display: Oodle Texture 2.9.0 init RDO Off
[2022.03.08-06.42.46:105][  0]LogRendererCore: Ray tracing is disabled. Reason: r.RayTracing=0.
[2022.03.08-06.42.46:105][  0]LogShaderCompilers: Guid format shader working directory is 6 characters bigger than the processId version (../../../../ChattingClient/ChattingClient/Intermediate/Shaders/WorkingDirectory/7840/).
[2022.03.08-06.42.46:106][  0]LogShaderCompilers: Cleaned the shader compiler working directory 'C:/Users/lenovo/AppData/Local/Temp/UnrealShaderWorkingDir/C8ED75164492A6FB7769CDBF8E33D2F5/'.
[2022.03.08-06.42.46:106][  0]LogXGEController: Cannot use XGE Controller as Incredibuild is not installed on this machine.
[2022.03.08-06.42.46:106][  0]LogShaderCompilers: Cannot use XGE Shader Compiler as Incredibuild is not installed on this machine.
[2022.03.08-06.42.46:106][  0]LogShaderCompilers: Display: Using Local Shader Compiler.
[2022.03.08-06.42.46:862][  0]LogDerivedDataCache: Display: Max Cache Size: 512 MB
[2022.03.08-06.42.46:910][  0]LogDerivedDataCache: Loaded boot cache 0.05s 96MB C:/Users/lenovo/AppData/Local/UnrealEngine/4.27/DerivedDataCache/Boot.ddc.
[2022.03.08-06.42.46:911][  0]LogDerivedDataCache: Display: Loaded Boot cache: C:/Users/lenovo/AppData/Local/UnrealEngine/4.27/DerivedDataCache/Boot.ddc
[2022.03.08-06.42.46:911][  0]LogDerivedDataCache: FDerivedDataBackendGraph:  Pak pak cache file ../../../../ChattingClient/ChattingClient/DerivedDataCache/DDC.ddp not found, will not use a pak cache.
[2022.03.08-06.42.46:911][  0]LogDerivedDataCache: Unable to find inner node Pak for hierarchical cache Hierarchy.
[2022.03.08-06.42.46:911][  0]LogDerivedDataCache: FDerivedDataBackendGraph:  CompressedPak pak cache file ../../../../ChattingClient/ChattingClient/DerivedDataCache/Compressed.ddp not found, will not use a pak cache.
[2022.03.08-06.42.46:911][  0]LogDerivedDataCache: Unable to find inner node CompressedPak for hierarchical cache Hierarchy.
[2022.03.08-06.42.46:927][  0]LogDerivedDataCache: Display: Pak cache opened for reading ../../../Engine/DerivedDataCache/Compressed.ddp.
[2022.03.08-06.42.46:927][  0]LogDerivedDataCache: FDerivedDataBackendGraph:  EnterprisePak pak cache file ../../../Enterprise/DerivedDataCache/Compressed.ddp not found, will not use a pak cache.
[2022.03.08-06.42.46:927][  0]LogDerivedDataCache: Unable to find inner node EnterprisePak for hierarchical cache Hierarchy.
[2022.03.08-06.42.46:939][  0]LogDerivedDataCache: Speed tests for C:/Users/lenovo/AppData/Local/UnrealEngine/Common/DerivedDataCache took 0.01 seconds
[2022.03.08-06.42.46:939][  0]LogDerivedDataCache: Display: Performance to C:/Users/lenovo/AppData/Local/UnrealEngine/Common/DerivedDataCache: Latency=0.04ms. RandomReadSpeed=713.55MBs, RandomWriteSpeed=92.33MBs. Assigned SpeedClass 'Local'
[2022.03.08-06.42.46:942][  0]LogDerivedDataCache: Using Local data cache path C:/Users/lenovo/AppData/Local/UnrealEngine/Common/DerivedDataCache: Writable
[2022.03.08-06.42.46:942][  0]LogDerivedDataCache: Shared data cache path not found in *engine.ini, will not use an Shared cache.
[2022.03.08-06.42.46:942][  0]LogDerivedDataCache: Unable to find inner node Shared for hierarchical cache Hierarchy.
[2022.03.08-06.42.46:984][  0]LogSlate: Using FreeType 2.10.0
[2022.03.08-06.42.46:985][  0]LogSlate: SlateFontServices - WITH_FREETYPE: 1, WITH_HARFBUZZ: 1
[2022.03.08-06.42.47:017][  0]LogAssetRegistry: FAssetRegistry took 0.0054 seconds to start up
[2022.03.08-06.42.47:249][  0]LogInit: Selected Device Profile: [Windows]
[2022.03.08-06.42.47:250][  0]LogInit: Active device profile: [00000292AB18CE00][00000292A6D12EC0 49] Windows
[2022.03.08-06.42.47:250][  0]LogInit: Profiles: [00000292AB18CE00][00000292A6D12EC0 49] Windows, [00000292AB156500][00000292A9063040 49] WindowsNoEditor, [00000292AB18DD00][00000292A6D1B1C0 49] WindowsServer, [00000292AB157300][00000292A6D1F340 49] WindowsClient, [00000292AB18EA00][00000292A075D4C0 49] IOS, [00000292AB157900][00000292AA4DB640 49] iPadAir, [00000292AB18D500][00000292A90517C0 49] iPadAir2, [00000292AB105200][00000292A3223A80 49] IPadPro, [00000292AB105300][00000292A9055AC0 49] iPadAir3, [00000292AB154C00][00000292A32260C0 49] iPadAir4, [00000292AB105F00][00000292AA4B6240 49] iPadMini2, [00000292AB157100][00000292AA4BA3C0 49] iPadMini3, [00000292AB106900][00000292AA4BE540 49] iPadMini4, [00000292AB154F00][00000292A6D16680 49] iPadMini5, [00000292AB144C00][00000292AA3628C0 49] iPhone6, [00000292AB144D00][00000292AA35E900 49] iPodTouch6, [00000292AB18E700][00000292A8F04BC0 49] iPhone7, [00000292AB18E900][00000292A8F00C00 49] iPodTouch7, [00000292AB105100][00000292A8F08D80 49] iPhone5S, [00000292AB18EC00][00000292A8F0CF00 49] iPhone6Plus, [00000292AB107F00][00000292A8F11080 49] iPhone6S, [00000292AB104100][00000292A8F15200 49] iPhone6SPlus, [00000292AB144B00][00000292A8F19380 49] iPhone7Plus, [00000292AB106100][00000292A8F1D500 49] iPhoneSE, [00000292AB146900][00000292AA2CB680 49] iPhone8, [00000292AB106200][00000292AA2CF800 49] iPhone8Plus, [00000292AB147B00][00000292AA2D3980 49] iPhoneX, [00000292AB106300][00000292AA2D7B00 49] iPhoneXS, [00000292AB144F00][00000292AA2DA100 49] iPhoneXSMax, [00000292AB18EF00][00000292AA2DE280 49] iPhoneXR, [00000292AB145700][00000292AA2E2400 49] iPhone11, [00000292AB18EE00][00000292AA2E6580 49] iPhone11Pro, [00000292AB145900][00000292AA2EA700 49] iPhone11ProMax, [00000292AB18D200][00000292AA366840 49] iPhoneSE2, [00000292AB147D00][00000292AA2EE980 49] iPhone12Mini, [00000292AB18CB00][00000292AA32CAC0 49] iPhone12, [00000292AB145D00][00000292AA334C40 49] iPhone12Pro, [00000292AB18D400][00000292AA338DC0 49] iPhone12ProMax, [00000292AB147700][00000292AA33CF40 49] iPadPro105, [00000292AB18DB00][00000292AA3410C0 49] iPadPro129, [00000292AB144700][00000292AA345240 49] iPadPro97, [00000292AB18D300][00000292AA3493C0 49] iPadPro2_129, [00000292AB145200][00000292AA34D540 49] iPad5, [00000292AB18FF00][00000292AA3516C0 49] iPad6, [00000292AB147A00][00000292ABA51840 49] iPad7, [00000292AB18D900][00000292ABA559C0 49] iPad8, [00000292AB145400][00000292ABA59B40 49] iPadPro11, [00000292AB18F500][00000292ABA5C140 49] iPadPro2_11, [00000292AB146300][00000292ABA602C0 49] iPadPro3_129, [00000292AB18CF00][00000292ABA64440 49] iPadPro4_129, [00000292AB145100][00000292ABA685C0 49] AppleTV, [00000292AB18F600][00000292ABA6C740 49] AppleTV4K, [00000292AB144600][00000292ABA708C0 49] TVOS, [00000292AB18F900][00000292AA330A00 49] Mac, [00000292AB147200][00000292ABA74B40 49] MacClient, [00000292AB18FB00][00000292ABA78C80 49] MacNoEditor, [00000292AB145300][00000292ABA7CDC0 49] MacServer, [00000292AB18E400][0000029290B4CF40 49] Linux, [00000292AB146000][0000029290B510C0 49] LinuxAArch64, [00000292AB18FE00][0000029290B55240 49] LinuxNoEditor, [00000292AB147100][0000029290B593C0 49] LinuxAArch64NoEditor, [00000292AB18F200][0000029290B5D540 49] LinuxClient, [00000292AB146800][0000029290B616C0 49] LinuxAArch64Client, [00000292AB18C400][0000029290B65840 49] LinuxServer, [00000292AB144400][0000029290B699C0 49] LinuxAArch64Server, [00000292AB18D100][0000029290B6DB40 49] Android, [00000292AB146700][0000029290B70140 49] Android_Low, [00000292AB18C800][0000029290B742C0 49] Android_Mid, [00000292AB144300][00000292A6C96440 49] Android_High, [00000292AB18DC00][00000292A6C9A5C0 49] Android_Default, [00000292AB147600][00000292A6C9E740 49] Android_Adreno4xx, [00000292AB18E100][00000292A6CA28C0 49] Android_Adreno5xx_Low, [00000292AB144900][00000292A6CA6A40 49] Android_Adreno5xx, [00000292AB18DF00][0000029290B48B80 49] Android_Adreno6xx, [00000292AB145B00][00000292A6CAACC0 49] Android_Adreno6xx_Vulkan, [00000292AB18EB00][00000292A6CAEE00 49] Android_Mali_T6xx, [00000292AB105900][00000292A6CB2F40 49] Android_Mali_T7xx, [00000292AB157200][00000292A6CBB0C0 49] Android_Mali_T8xx, [00000292AB107C00][00000292A6CBF240 49] Android_Mali_G71, [00000292AB157D00][00000292A6CC33C0 49] Android_Mali_G72, [00000292AB107900][00000292A6CC7540 49] Android_Mali_G72_Vulkan, [00000292AB156300][00000292A6CCB6C0 49] Android_Mali_G76, [00000292AB105A00][00000292A6CCF840 49] Android_Mali_G76_Vulkan, [00000292AB154400][00000292A8EAD9C0 49] Android_Mali_G77, [00000292AB107500][00000292A8EB1B40 49] Android_Mali_G77_Vulkan, [00000292AB156100][00000292A8EB4140 49] Android_Mali_G78, [00000292AB105000][00000292A8EB82C0 49] Android_Mali_G78_Vulkan, [00000292AB156400][00000292A8EBC440 49] Android_Mali_G710, [00000292AB105500][00000292A8EC05C0 49] Android_Mali_G710_Vulkan, [00000292AB157600][00000292A8EC4740 49] Android_Vulkan_SM5, [00000292AB105800][00000292A8EC88C0 49] Android_PowerVR_G6xxx, [00000292AB157000][00000292A8ECCA40 49] Android_PowerVR_GT7xxx, [00000292AB105B00][00000292A8ED0BC0 49] Android_PowerVR_GE8xxx, [00000292AB157B00][00000292A8ED4D40 49] Android_PowerVR_GM9xxx, [00000292AB105E00][00000292A6CB6E80 49] Android_PowerVR_GM9xxx_Vulkan, [00000292AB155700][00000292A8ED8FC0 49] Android_TegraK1, [00000292AB107B00][00000292A8EDD100 49] Android_Unknown_Vulkan, [00000292AB155100][00000292A8EE5280 49] Lumin, [00000292AB104600][00000292A8EE9400 49] Lumin_Desktop, [00000292AB146200][00000292A8EED580 49] HoloLens, 
[2022.03.08-06.42.47:428][  0]LogMeshReduction: Using QuadricMeshReduction for automatic static mesh reduction
[2022.03.08-06.42.47:429][  0]LogMeshReduction: Using SimplygonMeshReduction for automatic skeletal mesh reduction
[2022.03.08-06.42.47:429][  0]LogMeshReduction: Using ProxyLODMeshReduction for automatic mesh merging
[2022.03.08-06.42.47:429][  0]LogMeshReduction: No distributed automatic mesh merging module available
[2022.03.08-06.42.47:429][  0]LogMeshMerging: No distributed automatic mesh merging module available
[2022.03.08-06.42.47:450][  0]LogNetVersion: ChattingClient 1.0.0, NetCL: 17155196, EngineNetVer: 17, GameNetVer: 0 (Checksum: 1007274363)
[2022.03.08-06.42.47:861][  0]LogTexture: Default maximum texture size for cubemaps generated from long-lat sources has been changed from 512 to unlimited. In order to preserve old behaiour for '/Engine/MapTemplates/Sky/DaylightAmbientCubemap.DaylightAmbientCubemap', its maximum texture size has been explicitly set to 512.
[2022.03.08-06.42.47:909][  0]LogHMD: PokeAHoleMaterial loaded successfully
[2022.03.08-06.42.47:914][  0]LogUObjectArray: 17178 objects as part of root set at end of initial load.
[2022.03.08-06.42.47:915][  0]LogUObjectAllocator: 4302048 out of 0 bytes used by permanent object pool.
[2022.03.08-06.42.47:915][  0]LogUObjectArray: CloseDisregardForGC: 0/0 objects in disregard for GC pool
[2022.03.08-06.42.48:414][  0]LogNiagaraDebuggerClient: Niagara Debugger Client Initialized | Session: 9E08C6A94D4644AC723420A54CA8546A | Instance: 2B9D91524CBE4D3A57B914A885A3D714 (DESKTOP-JG03A40-7840).
[2022.03.08-06.42.48:599][  0]LogPython: Using Python 3.7.7
[2022.03.08-06.42.49:132][  0]LogTcpMessaging: Initializing TcpMessaging bridge
[2022.03.08-06.42.49:145][  0]LogUdpMessaging: Initializing bridge on interface 0.0.0.0:0 to multicast group 230.0.0.1:6666.
[2022.03.08-06.42.49:498][  0]SourceControl: 소스 컨트롤이 꺼졌습니다.
[2022.03.08-06.42.49:499][  0]SourceControl: 소스 컨트롤이 꺼졌습니다.
[2022.03.08-06.42.49:505][  0]SourceControl: 소스 컨트롤이 꺼졌습니다.
[2022.03.08-06.42.49:511][  0]SourceControl: 소스 컨트롤이 꺼졌습니다.
[2022.03.08-06.42.49:534][  0]SourceControl: 소스 컨트롤이 꺼졌습니다.
[2022.03.08-06.42.49:548][  0]LogUProjectInfo: Found projects:
[2022.03.08-06.42.49:898][  0]LogOpenImageDenoise: OIDN starting up
[2022.03.08-06.42.49:995][  0]LogAndroidPermission: UAndroidPermissionCallbackProxy::GetInstance
[2022.03.08-06.42.50:038][  0]LogAudioCaptureCore: Display: No Audio Capture implementations found. Audio input will be silent.
[2022.03.08-06.42.50:038][  0]LogAudioCaptureCore: Display: No Audio Capture implementations found. Audio input will be silent.
[2022.03.08-06.42.50:214][  0]LogCollectionManager: Loaded 0 collections in 0.001476 seconds
[2022.03.08-06.42.50:256][  0]LogFileCache: Scanning file cache for directory 'C:/EpicGames/ChattingClient/ChattingClient/Saved/Collections/' took 0.00s
[2022.03.08-06.42.50:256][  0]LogFileCache: Scanning file cache for directory 'C:/EpicGames/ChattingClient/ChattingClient/Content/Developers/lenovo/Collections/' took 0.00s
[2022.03.08-06.42.50:256][  0]LogFileCache: Scanning file cache for directory 'C:/EpicGames/ChattingClient/ChattingClient/Content/Collections/' took 0.00s
[2022.03.08-06.42.50:256][  0]LogOcInput: OculusInput pre-init called
[2022.03.08-06.42.50:560][  0]LogClass: Display: UInt32Property FSendBuffer::LeftPos is not initialized properly. Module:ChattingClient File:Public/SocketComponent.h
[2022.03.08-06.42.50:560][  0]LogClass: Display: UInt32Property FSendBuffer::RightPos is not initialized properly. Module:ChattingClient File:Public/SocketComponent.h
[2022.03.08-06.42.50:560][  0]LogClass: Display: 2 Uninitialized script struct members found including 0 object properties
[2022.03.08-06.42.50:561][  0]LogEngine: Initializing Engine...
[2022.03.08-06.42.50:566][  0]LogHMD: Failed to enumerate extensions. Please check that you have a valid OpenXR runtime installed.
[2022.03.08-06.42.50:566][  0]LogHMD: Failed to initialize OpenVR with code 110
[2022.03.08-06.42.50:566][  0]LogMagicLeap: Warning: VR disabled because ZI is not enabled.  To enable, in the editor, Edit -> Project Settings -> Plugins -> Magic Leap Plugin -> Enable Zero Iteration
[2022.03.08-06.42.50:567][  0]LogStats: UGameplayTagsManager::InitializeManager -  0.000 s
[2022.03.08-06.42.50:686][  0]LogInit: Initializing FReadOnlyCVARCache
[2022.03.08-06.42.50:697][  0]LogAIModule: Creating AISystem for world Untitled
[2022.03.08-06.42.50:698][  0]LogAudio: Display: Initializing Audio Device Manager...
[2022.03.08-06.42.50:705][  0]LogAudio: Display: Loading Default Audio Settings Objects...
[2022.03.08-06.42.50:706][  0]LogAudio: Display: No default SoundConcurrencyObject specified (or failed to load).
[2022.03.08-06.42.50:706][  0]LogAudio: Display: Audio Device Manager Initialized
[2022.03.08-06.42.50:707][  0]LogAudio: Display: Creating Audio Device:                 Id: 1, Scope: Shared, Realtime: True
[2022.03.08-06.42.50:707][  0]LogAudioMixer: Display: Audio Mixer Platform Settings:
[2022.03.08-06.42.50:707][  0]LogAudioMixer: Display: 	Sample Rate:						  48000
[2022.03.08-06.42.50:707][  0]LogAudioMixer: Display: 	Callback Buffer Frame Size Requested: 1024
[2022.03.08-06.42.50:707][  0]LogAudioMixer: Display: 	Callback Buffer Frame Size To Use:	  1024
[2022.03.08-06.42.50:707][  0]LogAudioMixer: Display: 	Number of buffers to queue:			  2
[2022.03.08-06.42.50:707][  0]LogAudioMixer: Display: 	Max Channels (voices):				  32
[2022.03.08-06.42.50:707][  0]LogAudioMixer: Display: 	Number of Async Source Workers:		  0
[2022.03.08-06.42.50:708][  0]LogAudio: Display: AudioDevice MaxSources: 32
[2022.03.08-06.42.50:708][  0]LogAudio: Display: Audio Spatialization Plugin: None (built-in).
[2022.03.08-06.42.50:708][  0]LogAudio: Display: Audio Reverb Plugin: None (built-in).
[2022.03.08-06.42.50:708][  0]LogAudio: Display: Audio Occlusion Plugin: None (built-in).
[2022.03.08-06.42.50:708][  0]LogAudioMixer: Display: Initializing audio mixer.
[2022.03.08-06.42.50:736][  0]LogAudioMixer: Display: 0: FrontLeft
[2022.03.08-06.42.50:737][  0]LogAudioMixer: Display: 1: FrontRight
[2022.03.08-06.42.50:964][  0]LogAudioMixer: Display: Using Audio Device 스피커(Realtek(R) Audio)
[2022.03.08-06.42.50:967][  0]LogAudioMixer: Display: Initializing Sound Submixes...
[2022.03.08-06.42.50:970][  0]LogAudioMixer: Display: Creating Master Submix 'MasterSubmixDefault'
[2022.03.08-06.42.50:970][  0]LogAudioMixer: Display: Creating Master Submix 'MasterReverbSubmixDefault'
[2022.03.08-06.42.50:971][  0]LogAudioMixer: Display: Creating Master Submix 'MasterEQSubmixDefault'
[2022.03.08-06.42.50:971][  0]LogAudioMixer: FMixerPlatformXAudio2::StartAudioStream() called
[2022.03.08-06.42.50:971][  0]LogAudioMixer: Display: Output buffers initialized: Frames=1024, Channels=2, Samples=2048
[2022.03.08-06.42.50:974][  0]LogAudioMixer: Display: Starting AudioMixerPlatformInterface::RunInternal()
[2022.03.08-06.42.50:974][  0]LogAudioMixer: Display: FMixerPlatformXAudio2::SubmitBuffer() called for the first time
[2022.03.08-06.42.50:974][  0]LogInit: FAudioDevice initialized.
[2022.03.08-06.42.50:974][  0]LogAudio: Display: Audio Device (ID: 1) registered with world 'Untitled'.
[2022.03.08-06.42.50:974][  0]LogNetVersion: Set ProjectVersion to 1.0.0.0. Version Checksum will be recalculated on next use.
[2022.03.08-06.42.51:029][  0]LogDerivedDataCache: Saved boot cache 0.05s 96MB C:/Users/lenovo/AppData/Local/UnrealEngine/4.27/DerivedDataCache/Boot.ddc.
[2022.03.08-06.42.51:030][  0]LogInit: Texture streaming: Enabled
[2022.03.08-06.42.51:054][  0]LogAnalytics: Display: [UEEditor.Rocket.Release] APIServer = https://datarouter.ol.epicgames.com/. AppVersion = 4.27.2-18319896+++UE4+Release-4.27
[2022.03.08-06.42.51:066][  0]LogEngineSessionManager: EngineSessionManager initialized
[2022.03.08-06.42.51:066][  0]LogEngineSessionManager: EngineSessionManager sent abnormal shutdown report. Type=Crashed, SessionId={0E16C0DE-471F-2890-76B6-969E1005B2F9}
[2022.03.08-06.42.51:067][  0]LogEditorSessionSummary: Verbose: Initializing EditorSessionSummaryWriter for editor session tracking
[2022.03.08-06.42.51:073][  0]LogEditorSessionSummary: EditorSessionSummaryWriter initialized
[2022.03.08-06.42.51:103][  0]LogInit: Transaction tracking system initialized
[2022.03.08-06.42.51:145][  0]BlueprintLog: New page: 에디터 로드
[2022.03.08-06.42.51:261][  0]LocalizationService: 현지화 서비스가 비활성화되었습니다.
[2022.03.08-06.42.51:305][  0]TimingProfiler: Initialize
[2022.03.08-06.42.51:305][  0]TimingProfiler: OnSessionChanged
[2022.03.08-06.42.51:305][  0]LoadingProfiler: Initialize
[2022.03.08-06.42.51:306][  0]LoadingProfiler: OnSessionChanged
[2022.03.08-06.42.51:306][  0]NetworkingProfiler: Initialize
[2022.03.08-06.42.51:306][  0]NetworkingProfiler: OnSessionChanged
[2022.03.08-06.42.51:306][  0]MemoryProfiler: Initialize
[2022.03.08-06.42.51:306][  0]MemoryProfiler: OnSessionChanged
[2022.03.08-06.42.51:502][  0]LogCook: Display: CookSettings for Memory: MemoryMaxUsedVirtual 0MiB, MemoryMaxUsedPhysical 16384MiB, MemoryMinFreeVirtual 0MiB, MemoryMinFreePhysical 1024MiB
[2022.03.08-06.42.51:502][  0]LogCook: Display: Mobile HDR setting 1
[2022.03.08-06.42.51:574][  0]LogFileCache: Scanning file cache for directory 'C:/EpicGames/ChattingClient/ChattingClient/Content/' took 0.00s
[2022.03.08-06.42.52:053][  0]LogInit: Display: Engine is initialized. Leaving FEngineLoop::Init()
[2022.03.08-06.42.52:058][  0]SourceControl: 소스 컨트롤이 꺼졌습니다.
[2022.03.08-06.42.52:059][  0]LogUnrealEdMisc: Loading editor; pre map load, took 10.235
[2022.03.08-06.42.52:059][  0]Cmd: MAP LOAD FILE="../../../../ChattingClient/ChattingClient/Content/MainLevel.umap" TEMPLATE=0 SHOWPROGRESS=1 FEATURELEVEL=3
[2022.03.08-06.42.52:060][  0]LightingResults: New page: 라이팅 빌드
[2022.03.08-06.42.52:062][  0]LogWorld: UWorld::CleanupWorld for Untitled, bSessionEnded=true, bCleanupResources=true
[2022.03.08-06.42.52:062][  0]LogSlate: InvalidateAllWidgets triggered.  All widgets were invalidated
[2022.03.08-06.42.52:062][  0]MapCheck: New page: 맵 체크
[2022.03.08-06.42.52:062][  0]LightingResults: New page: 라이팅 빌드
[2022.03.08-06.42.52:067][  0]LogAudio: Display: Audio Device unregistered from world 'None'.
[2022.03.08-06.42.52:072][  0]LogUObjectHash: Compacting FUObjectHashTables data took   0.78ms
[2022.03.08-06.42.52:077][  0]LogAudio: Display: Audio Device (ID: 1) registered with world 'MainLevel'.
[2022.03.08-06.42.52:078][  0]LogAIModule: Creating AISystem for world MainLevel
[2022.03.08-06.42.52:079][  0]LogEditorServer: Finished looking for orphan Actors (0.000 secs)
[2022.03.08-06.42.52:091][  0]LogUObjectHash: Compacting FUObjectHashTables data took   0.98ms
[2022.03.08-06.42.52:091][  0]Cmd: MAP CHECKDEP NOCLEARLOG
[2022.03.08-06.42.52:091][  0]MapCheck: 맵 체크 완료: 오류 0 회, 경고 0 회, 소요 시간 0.245ms.
[2022.03.08-06.42.52:092][  0]LogFileHelpers: Loading map 'MainLevel' took 0.033
[2022.03.08-06.42.52:094][  0]LogUnrealEdMisc: Total Editor Startup Time, took 10.271
[2022.03.08-06.42.52:245][  0]LogSlate: Updating window title bar state: overlay mode, drag disabled, window buttons hidden, title bar hidden
[2022.03.08-06.42.52:251][  0]LogSlate: Updating window title bar state: overlay mode, drag disabled, window buttons hidden, title bar hidden
[2022.03.08-06.42.52:256][  0]LogSlate: Updating window title bar state: overlay mode, drag disabled, window buttons hidden, title bar hidden
[2022.03.08-06.42.52:262][  0]LogSlate: Updating window title bar state: overlay mode, drag disabled, window buttons hidden, title bar hidden
[2022.03.08-06.42.52:277][  0]LogNativeClassHierarchy: Verbose: Native class hierarchy populated in 0.0086 seconds. Added 3833 classes and 931 folders.
[2022.03.08-06.42.52:279][  0]LogNativeClassHierarchy: Verbose: Native class hierarchy updated for 'WidgetCarousel' in 0.0002 seconds. Added 0 classes and 0 folders.
[2022.03.08-06.42.52:281][  0]LogPakFile: PakFile PrimaryIndexSize=187
[2022.03.08-06.42.52:281][  0]LogPakFile: PakFile PathHashIndexSize=101
[2022.03.08-06.42.52:281][  0]LogPakFile: PakFile FullDirectoryIndexSize=148
[2022.03.08-06.42.52:281][  0]LogShaderLibrary: Display: ShaderCodeLibraryPakFileMountedCallback: PakFile 'C:/EpicGames/UE_4.27/FeaturePacks/FP_FirstPerson.upack' (chunk index -1, root 'root:/') mounted
[2022.03.08-06.42.52:281][  0]LogShaderLibrary: Display: ShaderCodeLibraryPakFileMountedCallback: pending pak file info (ChunkID:-1 Root:root:/ File:C:/EpicGames/UE_4.27/FeaturePacks/FP_FirstPerson.upack)
[2022.03.08-06.42.52:281][  0]LogPakFile: OnPakFileMounted2Time == 0.000328
[2022.03.08-06.42.52:282][  0]LogPakFile: PakFile PrimaryIndexSize=189
[2022.03.08-06.42.52:282][  0]LogPakFile: PakFile PathHashIndexSize=101
[2022.03.08-06.42.52:282][  0]LogPakFile: PakFile FullDirectoryIndexSize=152
[2022.03.08-06.42.52:283][  0]LogShaderLibrary: Display: ShaderCodeLibraryPakFileMountedCallback: PakFile 'C:/EpicGames/UE_4.27/FeaturePacks/FP_FirstPersonBP.upack' (chunk index -1, root 'root:/') mounted
[2022.03.08-06.42.52:283][  0]LogShaderLibrary: Display: ShaderCodeLibraryPakFileMountedCallback: pending pak file info (ChunkID:-1 Root:root:/ File:C:/EpicGames/UE_4.27/FeaturePacks/FP_FirstPersonBP.upack)
[2022.03.08-06.42.52:283][  0]LogPakFile: OnPakFileMounted2Time == 0.000252
[2022.03.08-06.42.52:284][  0]LogPakFile: PakFile PrimaryIndexSize=191
[2022.03.08-06.42.52:284][  0]LogPakFile: PakFile PathHashIndexSize=101
[2022.03.08-06.42.52:284][  0]LogPakFile: PakFile FullDirectoryIndexSize=160
[2022.03.08-06.42.52:284][  0]LogShaderLibrary: Display: ShaderCodeLibraryPakFileMountedCallback: PakFile 'C:/EpicGames/UE_4.27/FeaturePacks/MobileStarterContent.upack' (chunk index -1, root 'root:/') mounted
[2022.03.08-06.42.52:284][  0]LogShaderLibrary: Display: ShaderCodeLibraryPakFileMountedCallback: pending pak file info (ChunkID:-1 Root:root:/ File:C:/EpicGames/UE_4.27/FeaturePacks/MobileStarterContent.upack)
[2022.03.08-06.42.52:284][  0]LogPakFile: OnPakFileMounted2Time == 0.000144
[2022.03.08-06.42.52:285][  0]LogPakFile: PakFile PrimaryIndexSize=185
[2022.03.08-06.42.52:285][  0]LogPakFile: PakFile PathHashIndexSize=101
[2022.03.08-06.42.52:285][  0]LogPakFile: PakFile FullDirectoryIndexSize=148
[2022.03.08-06.42.52:285][  0]LogShaderLibrary: Display: ShaderCodeLibraryPakFileMountedCallback: PakFile 'C:/EpicGames/UE_4.27/FeaturePacks/StarterContent.upack' (chunk index -1, root 'root:/') mounted
[2022.03.08-06.42.52:285][  0]LogShaderLibrary: Display: ShaderCodeLibraryPakFileMountedCallback: pending pak file info (ChunkID:-1 Root:root:/ File:C:/EpicGames/UE_4.27/FeaturePacks/StarterContent.upack)
[2022.03.08-06.42.52:285][  0]LogPakFile: OnPakFileMounted2Time == 0.000136
[2022.03.08-06.42.52:286][  0]LogPakFile: PakFile PrimaryIndexSize=190
[2022.03.08-06.42.52:286][  0]LogPakFile: PakFile PathHashIndexSize=101
[2022.03.08-06.42.52:286][  0]LogPakFile: PakFile FullDirectoryIndexSize=154
[2022.03.08-06.42.52:286][  0]LogShaderLibrary: Display: ShaderCodeLibraryPakFileMountedCallback: PakFile 'C:/EpicGames/UE_4.27/FeaturePacks/TP_2DSideScroller.upack' (chunk index -1, root 'root:/') mounted
[2022.03.08-06.42.52:286][  0]LogShaderLibrary: Display: ShaderCodeLibraryPakFileMountedCallback: pending pak file info (ChunkID:-1 Root:root:/ File:C:/EpicGames/UE_4.27/FeaturePacks/TP_2DSideScroller.upack)
[2022.03.08-06.42.52:286][  0]LogPakFile: OnPakFileMounted2Time == 0.000147
[2022.03.08-06.42.52:287][  0]LogPakFile: PakFile PrimaryIndexSize=192
[2022.03.08-06.42.52:287][  0]LogPakFile: PakFile PathHashIndexSize=101
[2022.03.08-06.42.52:287][  0]LogPakFile: PakFile FullDirectoryIndexSize=158
[2022.03.08-06.42.52:287][  0]LogShaderLibrary: Display: ShaderCodeLibraryPakFileMountedCallback: PakFile 'C:/EpicGames/UE_4.27/FeaturePacks/TP_2DSideScrollerBP.upack' (chunk index -1, root 'root:/') mounted
[2022.03.08-06.42.52:287][  0]LogShaderLibrary: Display: ShaderCodeLibraryPakFileMountedCallback: pending pak file info (ChunkID:-1 Root:root:/ File:C:/EpicGames/UE_4.27/FeaturePacks/TP_2DSideScrollerBP.upack)
[2022.03.08-06.42.52:287][  0]LogPakFile: OnPakFileMounted2Time == 0.000122
[2022.03.08-06.42.52:288][  0]LogPakFile: PakFile PrimaryIndexSize=182
[2022.03.08-06.42.52:288][  0]LogPakFile: PakFile PathHashIndexSize=101
[2022.03.08-06.42.52:288][  0]LogPakFile: PakFile FullDirectoryIndexSize=138
[2022.03.08-06.42.52:288][  0]LogShaderLibrary: Display: ShaderCodeLibraryPakFileMountedCallback: PakFile 'C:/EpicGames/UE_4.27/FeaturePacks/TP_Flying.upack' (chunk index -1, root 'root:/') mounted
[2022.03.08-06.42.52:288][  0]LogShaderLibrary: Display: ShaderCodeLibraryPakFileMountedCallback: pending pak file info (ChunkID:-1 Root:root:/ File:C:/EpicGames/UE_4.27/FeaturePacks/TP_Flying.upack)
[2022.03.08-06.42.52:288][  0]LogPakFile: OnPakFileMounted2Time == 0.000133
[2022.03.08-06.42.52:289][  0]LogPakFile: PakFile PrimaryIndexSize=184
[2022.03.08-06.42.52:289][  0]LogPakFile: PakFile PathHashIndexSize=101
[2022.03.08-06.42.52:289][  0]LogPakFile: PakFile FullDirectoryIndexSize=142
[2022.03.08-06.42.52:289][  0]LogShaderLibrary: Display: ShaderCodeLibraryPakFileMountedCallback: PakFile 'C:/EpicGames/UE_4.27/FeaturePacks/TP_FlyingBP.upack' (chunk index -1, root 'root:/') mounted
[2022.03.08-06.42.52:289][  0]LogShaderLibrary: Display: ShaderCodeLibraryPakFileMountedCallback: pending pak file info (ChunkID:-1 Root:root:/ File:C:/EpicGames/UE_4.27/FeaturePacks/TP_FlyingBP.upack)
[2022.03.08-06.42.52:289][  0]LogPakFile: OnPakFileMounted2Time == 0.000146
[2022.03.08-06.42.52:290][  0]LogPakFile: PakFile PrimaryIndexSize=188
[2022.03.08-06.42.52:290][  0]LogPakFile: PakFile PathHashIndexSize=101
[2022.03.08-06.42.52:290][  0]LogPakFile: PakFile FullDirectoryIndexSize=150
[2022.03.08-06.42.52:290][  0]LogShaderLibrary: Display: ShaderCodeLibraryPakFileMountedCallback: PakFile 'C:/EpicGames/UE_4.27/FeaturePacks/TP_HandheldARBP.upack' (chunk index -1, root 'root:/') mounted
[2022.03.08-06.42.52:290][  0]LogShaderLibrary: Display: ShaderCodeLibraryPakFileMountedCallback: pending pak file info (ChunkID:-1 Root:root:/ File:C:/EpicGames/UE_4.27/FeaturePacks/TP_HandheldARBP.upack)
[2022.03.08-06.42.52:290][  0]LogPakFile: OnPakFileMounted2Time == 0.000155
[2022.03.08-06.42.52:291][  0]LogPakFile: PakFile PrimaryIndexSize=182
[2022.03.08-06.42.52:291][  0]LogPakFile: PakFile PathHashIndexSize=101
[2022.03.08-06.42.52:291][  0]LogPakFile: PakFile FullDirectoryIndexSize=138
[2022.03.08-06.42.52:291][  0]LogShaderLibrary: Display: ShaderCodeLibraryPakFileMountedCallback: PakFile 'C:/EpicGames/UE_4.27/FeaturePacks/TP_Puzzle.upack' (chunk index -1, root 'root:/') mounted
[2022.03.08-06.42.52:291][  0]LogShaderLibrary: Display: ShaderCodeLibraryPakFileMountedCallback: pending pak file info (ChunkID:-1 Root:root:/ File:C:/EpicGames/UE_4.27/FeaturePacks/TP_Puzzle.upack)
[2022.03.08-06.42.52:292][  0]LogPakFile: OnPakFileMounted2Time == 0.000161
[2022.03.08-06.42.52:292][  0]LogPakFile: PakFile PrimaryIndexSize=184
[2022.03.08-06.42.52:292][  0]LogPakFile: PakFile PathHashIndexSize=101
[2022.03.08-06.42.52:293][  0]LogPakFile: PakFile FullDirectoryIndexSize=142
[2022.03.08-06.42.52:293][  0]LogShaderLibrary: Display: ShaderCodeLibraryPakFileMountedCallback: PakFile 'C:/EpicGames/UE_4.27/FeaturePacks/TP_PuzzleBP.upack' (chunk index -1, root 'root:/') mounted
[2022.03.08-06.42.52:293][  0]LogShaderLibrary: Display: ShaderCodeLibraryPakFileMountedCallback: pending pak file info (ChunkID:-1 Root:root:/ File:C:/EpicGames/UE_4.27/FeaturePacks/TP_PuzzleBP.upack)
[2022.03.08-06.42.52:293][  0]LogPakFile: OnPakFileMounted2Time == 0.000151
[2022.03.08-06.42.52:294][  0]LogPakFile: PakFile PrimaryIndexSize=183
[2022.03.08-06.42.52:294][  0]LogPakFile: PakFile PathHashIndexSize=101
[2022.03.08-06.42.52:294][  0]LogPakFile: PakFile FullDirectoryIndexSize=140
[2022.03.08-06.42.52:294][  0]LogShaderLibrary: Display: ShaderCodeLibraryPakFileMountedCallback: PakFile 'C:/EpicGames/UE_4.27/FeaturePacks/TP_Rolling.upack' (chunk index -1, root 'root:/') mounted
[2022.03.08-06.42.52:294][  0]LogShaderLibrary: Display: ShaderCodeLibraryPakFileMountedCallback: pending pak file info (ChunkID:-1 Root:root:/ File:C:/EpicGames/UE_4.27/FeaturePacks/TP_Rolling.upack)
[2022.03.08-06.42.52:294][  0]LogPakFile: OnPakFileMounted2Time == 0.000158
[2022.03.08-06.42.52:295][  0]LogPakFile: PakFile PrimaryIndexSize=185
[2022.03.08-06.42.52:295][  0]LogPakFile: PakFile PathHashIndexSize=101
[2022.03.08-06.42.52:295][  0]LogPakFile: PakFile FullDirectoryIndexSize=144
[2022.03.08-06.42.52:295][  0]LogShaderLibrary: Display: ShaderCodeLibraryPakFileMountedCallback: PakFile 'C:/EpicGames/UE_4.27/FeaturePacks/TP_RollingBP.upack' (chunk index -1, root 'root:/') mounted
[2022.03.08-06.42.52:295][  0]LogShaderLibrary: Display: ShaderCodeLibraryPakFileMountedCallback: pending pak file info (ChunkID:-1 Root:root:/ File:C:/EpicGames/UE_4.27/FeaturePacks/TP_RollingBP.upack)
[2022.03.08-06.42.52:295][  0]LogPakFile: OnPakFileMounted2Time == 0.000158
[2022.03.08-06.42.52:296][  0]LogPakFile: PakFile PrimaryIndexSize=188
[2022.03.08-06.42.52:296][  0]LogPakFile: PakFile PathHashIndexSize=101
[2022.03.08-06.42.52:296][  0]LogPakFile: PakFile FullDirectoryIndexSize=150
[2022.03.08-06.42.52:296][  0]LogShaderLibrary: Display: ShaderCodeLibraryPakFileMountedCallback: PakFile 'C:/EpicGames/UE_4.27/FeaturePacks/TP_SideScroller.upack' (chunk index -1, root 'root:/') mounted
[2022.03.08-06.42.52:296][  0]LogShaderLibrary: Display: ShaderCodeLibraryPakFileMountedCallback: pending pak file info (ChunkID:-1 Root:root:/ File:C:/EpicGames/UE_4.27/FeaturePacks/TP_SideScroller.upack)
[2022.03.08-06.42.52:296][  0]LogPakFile: OnPakFileMounted2Time == 0.000142
[2022.03.08-06.42.52:297][  0]LogPakFile: PakFile PrimaryIndexSize=190
[2022.03.08-06.42.52:297][  0]LogPakFile: PakFile PathHashIndexSize=101
[2022.03.08-06.42.52:297][  0]LogPakFile: PakFile FullDirectoryIndexSize=154
[2022.03.08-06.42.52:297][  0]LogShaderLibrary: Display: ShaderCodeLibraryPakFileMountedCallback: PakFile 'C:/EpicGames/UE_4.27/FeaturePacks/TP_SideScrollerBP.upack' (chunk index -1, root 'root:/') mounted
[2022.03.08-06.42.52:297][  0]LogShaderLibrary: Display: ShaderCodeLibraryPakFileMountedCallback: pending pak file info (ChunkID:-1 Root:root:/ File:C:/EpicGames/UE_4.27/FeaturePacks/TP_SideScrollerBP.upack)
[2022.03.08-06.42.52:297][  0]LogPakFile: OnPakFileMounted2Time == 0.000144
[2022.03.08-06.42.52:298][  0]LogPakFile: PakFile PrimaryIndexSize=187
[2022.03.08-06.42.52:298][  0]LogPakFile: PakFile PathHashIndexSize=101
[2022.03.08-06.42.52:298][  0]LogPakFile: PakFile FullDirectoryIndexSize=148
[2022.03.08-06.42.52:298][  0]LogShaderLibrary: Display: ShaderCodeLibraryPakFileMountedCallback: PakFile 'C:/EpicGames/UE_4.27/FeaturePacks/TP_ThirdPerson.upack' (chunk index -1, root 'root:/') mounted
[2022.03.08-06.42.52:298][  0]LogShaderLibrary: Display: ShaderCodeLibraryPakFileMountedCallback: pending pak file info (ChunkID:-1 Root:root:/ File:C:/EpicGames/UE_4.27/FeaturePacks/TP_ThirdPerson.upack)
[2022.03.08-06.42.52:298][  0]LogPakFile: OnPakFileMounted2Time == 0.000152
[2022.03.08-06.42.52:299][  0]LogPakFile: PakFile PrimaryIndexSize=189
[2022.03.08-06.42.52:299][  0]LogPakFile: PakFile PathHashIndexSize=101
[2022.03.08-06.42.52:299][  0]LogPakFile: PakFile FullDirectoryIndexSize=152
[2022.03.08-06.42.52:299][  0]LogShaderLibrary: Display: ShaderCodeLibraryPakFileMountedCallback: PakFile 'C:/EpicGames/UE_4.27/FeaturePacks/TP_ThirdPersonBP.upack' (chunk index -1, root 'root:/') mounted
[2022.03.08-06.42.52:299][  0]LogShaderLibrary: Display: ShaderCodeLibraryPakFileMountedCallback: pending pak file info (ChunkID:-1 Root:root:/ File:C:/EpicGames/UE_4.27/FeaturePacks/TP_ThirdPersonBP.upack)
[2022.03.08-06.42.52:299][  0]LogPakFile: OnPakFileMounted2Time == 0.000127
[2022.03.08-06.42.52:300][  0]LogPakFile: PakFile PrimaryIndexSize=183
[2022.03.08-06.42.52:300][  0]LogPakFile: PakFile PathHashIndexSize=101
[2022.03.08-06.42.52:300][  0]LogPakFile: PakFile FullDirectoryIndexSize=140
[2022.03.08-06.42.52:300][  0]LogShaderLibrary: Display: ShaderCodeLibraryPakFileMountedCallback: PakFile 'C:/EpicGames/UE_4.27/FeaturePacks/TP_TopDown.upack' (chunk index -1, root 'root:/') mounted
[2022.03.08-06.42.52:300][  0]LogShaderLibrary: Display: ShaderCodeLibraryPakFileMountedCallback: pending pak file info (ChunkID:-1 Root:root:/ File:C:/EpicGames/UE_4.27/FeaturePacks/TP_TopDown.upack)
[2022.03.08-06.42.52:300][  0]LogPakFile: OnPakFileMounted2Time == 0.000147
[2022.03.08-06.42.52:301][  0]LogPakFile: PakFile PrimaryIndexSize=185
[2022.03.08-06.42.52:301][  0]LogPakFile: PakFile PathHashIndexSize=101
[2022.03.08-06.42.52:301][  0]LogPakFile: PakFile FullDirectoryIndexSize=144
[2022.03.08-06.42.52:301][  0]LogShaderLibrary: Display: ShaderCodeLibraryPakFileMountedCallback: PakFile 'C:/EpicGames/UE_4.27/FeaturePacks/TP_TopDownBP.upack' (chunk index -1, root 'root:/') mounted
[2022.03.08-06.42.52:301][  0]LogShaderLibrary: Display: ShaderCodeLibraryPakFileMountedCallback: pending pak file info (ChunkID:-1 Root:root:/ File:C:/EpicGames/UE_4.27/FeaturePacks/TP_TopDownBP.upack)
[2022.03.08-06.42.52:301][  0]LogPakFile: OnPakFileMounted2Time == 0.000136
[2022.03.08-06.42.52:302][  0]LogPakFile: PakFile PrimaryIndexSize=185
[2022.03.08-06.42.52:302][  0]LogPakFile: PakFile PathHashIndexSize=101
[2022.03.08-06.42.52:302][  0]LogPakFile: PakFile FullDirectoryIndexSize=144
[2022.03.08-06.42.52:302][  0]LogShaderLibrary: Display: ShaderCodeLibraryPakFileMountedCallback: PakFile 'C:/EpicGames/UE_4.27/FeaturePacks/TP_TwinStick.upack' (chunk index -1, root 'root:/') mounted
[2022.03.08-06.42.52:302][  0]LogShaderLibrary: Display: ShaderCodeLibraryPakFileMountedCallback: pending pak file info (ChunkID:-1 Root:root:/ File:C:/EpicGames/UE_4.27/FeaturePacks/TP_TwinStick.upack)
[2022.03.08-06.42.52:302][  0]LogPakFile: OnPakFileMounted2Time == 0.000127
[2022.03.08-06.42.52:303][  0]LogPakFile: PakFile PrimaryIndexSize=187
[2022.03.08-06.42.52:303][  0]LogPakFile: PakFile PathHashIndexSize=101
[2022.03.08-06.42.52:303][  0]LogPakFile: PakFile FullDirectoryIndexSize=148
[2022.03.08-06.42.52:303][  0]LogShaderLibrary: Display: ShaderCodeLibraryPakFileMountedCallback: PakFile 'C:/EpicGames/UE_4.27/FeaturePacks/TP_TwinStickBP.upack' (chunk index -1, root 'root:/') mounted
[2022.03.08-06.42.52:303][  0]LogShaderLibrary: Display: ShaderCodeLibraryPakFileMountedCallback: pending pak file info (ChunkID:-1 Root:root:/ File:C:/EpicGames/UE_4.27/FeaturePacks/TP_TwinStickBP.upack)
[2022.03.08-06.42.52:303][  0]LogPakFile: OnPakFileMounted2Time == 0.000132
[2022.03.08-06.42.52:304][  0]LogPakFile: PakFile PrimaryIndexSize=183
[2022.03.08-06.42.52:304][  0]LogPakFile: PakFile PathHashIndexSize=101
[2022.03.08-06.42.52:304][  0]LogPakFile: PakFile FullDirectoryIndexSize=140
[2022.03.08-06.42.52:304][  0]LogShaderLibrary: Display: ShaderCodeLibraryPakFileMountedCallback: PakFile 'C:/EpicGames/UE_4.27/FeaturePacks/TP_Vehicle.upack' (chunk index -1, root 'root:/') mounted
[2022.03.08-06.42.52:304][  0]LogShaderLibrary: Display: ShaderCodeLibraryPakFileMountedCallback: pending pak file info (ChunkID:-1 Root:root:/ File:C:/EpicGames/UE_4.27/FeaturePacks/TP_Vehicle.upack)
[2022.03.08-06.42.52:304][  0]LogPakFile: OnPakFileMounted2Time == 0.000135
[2022.03.08-06.42.52:305][  0]LogPakFile: PakFile PrimaryIndexSize=186
[2022.03.08-06.42.52:305][  0]LogPakFile: PakFile PathHashIndexSize=101
[2022.03.08-06.42.52:305][  0]LogPakFile: PakFile FullDirectoryIndexSize=146
[2022.03.08-06.42.52:305][  0]LogShaderLibrary: Display: ShaderCodeLibraryPakFileMountedCallback: PakFile 'C:/EpicGames/UE_4.27/FeaturePacks/TP_VehicleAdv.upack' (chunk index -1, root 'root:/') mounted
[2022.03.08-06.42.52:305][  0]LogShaderLibrary: Display: ShaderCodeLibraryPakFileMountedCallback: pending pak file info (ChunkID:-1 Root:root:/ File:C:/EpicGames/UE_4.27/FeaturePacks/TP_VehicleAdv.upack)
[2022.03.08-06.42.52:305][  0]LogPakFile: OnPakFileMounted2Time == 0.000147
[2022.03.08-06.42.52:306][  0]LogPakFile: PakFile PrimaryIndexSize=188
[2022.03.08-06.42.52:306][  0]LogPakFile: PakFile PathHashIndexSize=101
[2022.03.08-06.42.52:306][  0]LogPakFile: PakFile FullDirectoryIndexSize=150
[2022.03.08-06.42.52:306][  0]LogShaderLibrary: Display: ShaderCodeLibraryPakFileMountedCallback: PakFile 'C:/EpicGames/UE_4.27/FeaturePacks/TP_VehicleAdvBP.upack' (chunk index -1, root 'root:/') mounted
[2022.03.08-06.42.52:306][  0]LogShaderLibrary: Display: ShaderCodeLibraryPakFileMountedCallback: pending pak file info (ChunkID:-1 Root:root:/ File:C:/EpicGames/UE_4.27/FeaturePacks/TP_VehicleAdvBP.upack)
[2022.03.08-06.42.52:306][  0]LogPakFile: OnPakFileMounted2Time == 0.000147
[2022.03.08-06.42.52:307][  0]LogPakFile: PakFile PrimaryIndexSize=185
[2022.03.08-06.42.52:307][  0]LogPakFile: PakFile PathHashIndexSize=101
[2022.03.08-06.42.52:307][  0]LogPakFile: PakFile FullDirectoryIndexSize=144
[2022.03.08-06.42.52:307][  0]LogShaderLibrary: Display: ShaderCodeLibraryPakFileMountedCallback: PakFile 'C:/EpicGames/UE_4.27/FeaturePacks/TP_VehicleBP.upack' (chunk index -1, root 'root:/') mounted
[2022.03.08-06.42.52:307][  0]LogShaderLibrary: Display: ShaderCodeLibraryPakFileMountedCallback: pending pak file info (ChunkID:-1 Root:root:/ File:C:/EpicGames/UE_4.27/FeaturePacks/TP_VehicleBP.upack)
[2022.03.08-06.42.52:307][  0]LogPakFile: OnPakFileMounted2Time == 0.000144
[2022.03.08-06.42.52:308][  0]LogPakFile: PakFile PrimaryIndexSize=192
[2022.03.08-06.42.52:308][  0]LogPakFile: PakFile PathHashIndexSize=101
[2022.03.08-06.42.52:308][  0]LogPakFile: PakFile FullDirectoryIndexSize=158
[2022.03.08-06.42.52:308][  0]LogShaderLibrary: Display: ShaderCodeLibraryPakFileMountedCallback: PakFile 'C:/EpicGames/UE_4.27/FeaturePacks/TP_VirtualRealityBP.upack' (chunk index -1, root 'root:/') mounted
[2022.03.08-06.42.52:308][  0]LogShaderLibrary: Display: ShaderCodeLibraryPakFileMountedCallback: pending pak file info (ChunkID:-1 Root:root:/ File:C:/EpicGames/UE_4.27/FeaturePacks/TP_VirtualRealityBP.upack)
[2022.03.08-06.42.52:308][  0]LogPakFile: OnPakFileMounted2Time == 0.000129
[2022.03.08-06.42.52:360][  0]LogNativeClassHierarchy: Verbose: Native class hierarchy updated for 'AddContentDialog' in 0.0002 seconds. Added 0 classes and 0 folders.
[2022.03.08-06.42.52:364][  0]LogNativeClassHierarchy: Verbose: Native class hierarchy updated for 'SceneOutliner' in 0.0002 seconds. Added 2 classes and 0 folders.
[2022.03.08-06.42.52:697][  0]LogSlate: Only BGRA pngs, bmps or icos are supported in by External Image Picker
[2022.03.08-06.42.52:775][  0]LogSlate: Took 0.000290 seconds to synchronously load lazily loaded font '../../../Engine/Content/Slate/Fonts/Roboto-Regular.ttf' (155K)
[2022.03.08-06.42.52:778][  0]LogSlate: Took 0.001650 seconds to synchronously load lazily loaded font '../../../Engine/Content/Editor/Slate/Fonts/NanumGothic.ttf' (4243K)
[2022.03.08-06.42.52:778][  0]LogSlate: Took 0.000191 seconds to synchronously load lazily loaded font '../../../Engine/Content/Editor/Slate/Fonts/FontAwesome.ttf' (139K)
[2022.03.08-06.42.52:780][  0]LogSlate: Took 0.001437 seconds to synchronously load lazily loaded font '../../../Engine/Content/Editor/Slate/Fonts/NanumGothicBold.ttf' (4188K)
[2022.03.08-06.42.52:781][  0]LogSlate: Took 0.000160 seconds to synchronously load lazily loaded font '../../../Engine/Content/Slate/Fonts/Roboto-Bold.ttf' (160K)
[2022.03.08-06.42.52:858][  0]LogRenderer: Reallocating scene render targets to support 940x400 Format 10 NumSamples 1 (Frame:1).
[2022.03.08-06.42.52:894][  0]LogSlate: Took 0.000249 seconds to synchronously load lazily loaded font '../../../Engine/Content/Slate/Fonts/Roboto-Light.ttf' (167K)
[2022.03.08-06.42.52:969][  0]LogNativeClassHierarchy: Verbose: Native class hierarchy updated for 'HierarchicalLODOutliner' in 0.0002 seconds. Added 0 classes and 0 folders.
[2022.03.08-06.42.52:969][  0]LogLoad: (Engine Initialization) Total time: 11.15 seconds
[2022.03.08-06.42.52:970][  0]LogLoad: (Engine Initialization) Total Blueprint compile time: 0.00 seconds
[2022.03.08-06.42.53:118][  0]LogAssetRegistry: Asset discovery search completed in 6.1043 seconds
[2022.03.08-06.42.53:124][  0]LogCollectionManager: Fixed up redirectors for 0 collections in 0.000003 seconds (updated 0 objects)
[2022.03.08-06.42.53:126][  0]LogContentStreaming: Texture pool size now 1000 MB
[2022.03.08-06.42.53:160][  1]LogRenderer: Reallocating scene render targets to support 940x416 Format 10 NumSamples 1 (Frame:3).
[2022.03.08-06.43.02:479][ 65]LogTemp: Repeating last play command: 선택된 뷰포트
[2022.03.08-06.43.02:486][ 65]LogPlayLevel: PlayLevel: No blueprints needed recompiling
[2022.03.08-06.43.02:487][ 65]PIE: New page: PIE 세션: MainLevel (2022. 3. 9. 오전 12:43:02)
[2022.03.08-06.43.02:490][ 65]LogOnline: OSS: Creating online subsystem instance for: NULL
[2022.03.08-06.43.02:493][ 65]LogOnline: OSS: TryLoadSubsystemAndSetDefault: Loaded subsystem for module [NULL]
[2022.03.08-06.43.02:493][ 65]LogPlayLevel: Creating play world package: /Game/UEDPIE_0_MainLevel
[2022.03.08-06.43.02:494][ 65]LogPlayLevel: PIE: StaticDuplicateObject took: (0.000982s)
[2022.03.08-06.43.02:495][ 65]LogAIModule: Creating AISystem for world MainLevel
[2022.03.08-06.43.02:495][ 65]LogPlayLevel: PIE: World Init took: (0.001158s)
[2022.03.08-06.43.02:496][ 65]LogPlayLevel: PIE: Created PIE world by copying editor world from /Game/MainLevel.MainLevel to /Game/UEDPIE_0_MainLevel.MainLevel (0.002560s)
[2022.03.08-06.43.02:502][ 65]LogUObjectHash: Compacting FUObjectHashTables data took   0.60ms
[2022.03.08-06.43.02:506][ 65]LogAudio: Display: Creating Audio Device:                 Id: 2, Scope: Unique, Realtime: True
[2022.03.08-06.43.02:507][ 65]LogAudioMixer: Display: Audio Mixer Platform Settings:
[2022.03.08-06.43.02:507][ 65]LogAudioMixer: Display: 	Sample Rate:						  48000
[2022.03.08-06.43.02:507][ 65]LogAudioMixer: Display: 	Callback Buffer Frame Size Requested: 1024
[2022.03.08-06.43.02:507][ 65]LogAudioMixer: Display: 	Callback Buffer Frame Size To Use:	  1024
[2022.03.08-06.43.02:507][ 65]LogAudioMixer: Display: 	Number of buffers to queue:			  2
[2022.03.08-06.43.02:507][ 65]LogAudioMixer: Display: 	Max Channels (voices):				  32
[2022.03.08-06.43.02:507][ 65]LogAudioMixer: Display: 	Number of Async Source Workers:		  0
[2022.03.08-06.43.02:508][ 65]LogAudio: Display: AudioDevice MaxSources: 32
[2022.03.08-06.43.02:508][ 65]LogAudio: Display: Audio Spatialization Plugin: None (built-in).
[2022.03.08-06.43.02:508][ 65]LogAudio: Display: Audio Reverb Plugin: None (built-in).
[2022.03.08-06.43.02:508][ 65]LogAudio: Display: Audio Occlusion Plugin: None (built-in).
[2022.03.08-06.43.02:508][ 65]LogAudioMixer: Display: Initializing audio mixer.
[2022.03.08-06.43.02:519][ 65]LogAudioMixer: Display: 0: FrontLeft
[2022.03.08-06.43.02:519][ 65]LogAudioMixer: Display: 1: FrontRight
[2022.03.08-06.43.02:547][ 65]LogAudioMixer: Display: Using Audio Device 스피커(Realtek(R) Audio)
[2022.03.08-06.43.02:547][ 65]LogAudioMixer: Display: Initializing Sound Submixes...
[2022.03.08-06.43.02:547][ 65]LogAudioMixer: Display: Creating Master Submix 'MasterSubmixDefault'
[2022.03.08-06.43.02:548][ 65]LogAudioMixer: Display: Creating Master Submix 'MasterReverbSubmixDefault'
[2022.03.08-06.43.02:548][ 65]LogAudioMixer: Display: Creating Master Submix 'MasterEQSubmixDefault'
[2022.03.08-06.43.02:548][ 65]LogAudioMixer: FMixerPlatformXAudio2::StartAudioStream() called
[2022.03.08-06.43.02:548][ 65]LogAudioMixer: Display: Output buffers initialized: Frames=1024, Channels=2, Samples=2048
[2022.03.08-06.43.02:551][ 65]LogAudioMixer: Display: Starting AudioMixerPlatformInterface::RunInternal()
[2022.03.08-06.43.02:551][ 65]LogAudioMixer: Display: FMixerPlatformXAudio2::SubmitBuffer() called for the first time
[2022.03.08-06.43.02:551][ 65]LogInit: FAudioDevice initialized.
[2022.03.08-06.43.02:551][ 65]LogAudio: Display: Audio Device (ID: 2) registered with world 'MainLevel'.
[2022.03.08-06.43.02:566][ 65]LogLoad: Game class is 'GameModeBase'
[2022.03.08-06.43.02:567][ 65]LogWorld: Bringing World /Game/UEDPIE_0_MainLevel.MainLevel up for play (max tick rate 60) at 2022.03.08-15.43.02
[2022.03.08-06.43.02:567][ 65]LogWorld: Bringing up level for play took: 0.000420
[2022.03.08-06.43.02:568][ 65]LogOnline: OSS: Creating online subsystem instance for: :Context_2
[2022.03.08-06.43.02:574][ 65]LogNativeClassHierarchy: Verbose: Native class hierarchy updated for 'MovieSceneCapture' in 0.0003 seconds. Added 20 classes and 0 folders.
[2022.03.08-06.43.02:576][ 65]LogViewport: Display: Viewport MouseLockMode Changed, LockOnCapture -> LockInFullscreen
[2022.03.08-06.43.02:576][ 65]LogViewport: Display: Viewport MouseCaptureMode Changed, CapturePermanently_IncludingInitialMouseDown -> NoCapture
[2022.03.08-06.43.02:576][ 65]LogViewport: Display: Player bShowMouseCursor Changed, False -> True
[2022.03.08-06.43.02:577][ 65]PIE: 서버가 로그인했습니다.
[2022.03.08-06.43.02:579][ 65]PIE: 에디터에서 플레이 총 시작 시간 0.095초입니다.
[2022.03.08-06.43.02:581][ 65]LogTemp: From Server: Welcome to chatting server!
Please login using Login [Username] command
[2022.03.08-06.43.02:582][ 65]LogTemp: failed Find UserInfo inst
[2022.03.08-06.43.07:277][347]LogTemp: SendMsg: login qqqq
